[2025-01-14T00:00:07.953+0000] {processor.py:161} INFO - Started process (PID=10564) to work on /home/airflow/.local/lib/python3.8/site-packages/airflow/example_dags/example_branch_operator.py
[2025-01-14T00:00:07.954+0000] {processor.py:830} INFO - Processing file /home/airflow/.local/lib/python3.8/site-packages/airflow/example_dags/example_branch_operator.py for tasks to queue
[2025-01-14T00:00:07.954+0000] {logging_mixin.py:188} INFO - [2025-01-14T00:00:07.954+0000] {dagbag.py:538} INFO - Filling up the DagBag from /home/airflow/.local/lib/python3.8/site-packages/airflow/example_dags/example_branch_operator.py
[2025-01-14T00:00:07.965+0000] {processor.py:840} INFO - DAG(s) 'example_branch_operator' retrieved from /home/airflow/.local/lib/python3.8/site-packages/airflow/example_dags/example_branch_operator.py
[2025-01-14T00:00:07.983+0000] {logging_mixin.py:188} INFO - [2025-01-14T00:00:07.982+0000] {dag.py:3036} INFO - Sync 1 DAGs
[2025-01-14T00:00:07.998+0000] {logging_mixin.py:188} INFO - [2025-01-14T00:00:07.998+0000] {dag.py:3823} INFO - Setting next_dagrun for example_branch_operator to 2025-01-13 00:00:00+00:00, run_after=2025-01-14 00:00:00+00:00
[2025-01-14T00:00:08.011+0000] {processor.py:183} INFO - Processing /home/airflow/.local/lib/python3.8/site-packages/airflow/example_dags/example_branch_operator.py took 0.060 seconds
[2025-01-14T00:00:38.202+0000] {processor.py:161} INFO - Started process (PID=10625) to work on /home/airflow/.local/lib/python3.8/site-packages/airflow/example_dags/example_branch_operator.py
[2025-01-14T00:00:38.203+0000] {processor.py:830} INFO - Processing file /home/airflow/.local/lib/python3.8/site-packages/airflow/example_dags/example_branch_operator.py for tasks to queue
[2025-01-14T00:00:38.204+0000] {logging_mixin.py:188} INFO - [2025-01-14T00:00:38.204+0000] {dagbag.py:538} INFO - Filling up the DagBag from /home/airflow/.local/lib/python3.8/site-packages/airflow/example_dags/example_branch_operator.py
[2025-01-14T00:00:38.215+0000] {processor.py:840} INFO - DAG(s) 'example_branch_operator' retrieved from /home/airflow/.local/lib/python3.8/site-packages/airflow/example_dags/example_branch_operator.py
[2025-01-14T00:00:38.232+0000] {logging_mixin.py:188} INFO - [2025-01-14T00:00:38.232+0000] {dag.py:3036} INFO - Sync 1 DAGs
[2025-01-14T00:00:38.248+0000] {logging_mixin.py:188} INFO - [2025-01-14T00:00:38.247+0000] {dag.py:3823} INFO - Setting next_dagrun for example_branch_operator to 2025-01-13 00:00:00+00:00, run_after=2025-01-14 00:00:00+00:00
[2025-01-14T00:00:38.261+0000] {processor.py:183} INFO - Processing /home/airflow/.local/lib/python3.8/site-packages/airflow/example_dags/example_branch_operator.py took 0.061 seconds
[2025-01-14T00:01:08.299+0000] {processor.py:161} INFO - Started process (PID=10684) to work on /home/airflow/.local/lib/python3.8/site-packages/airflow/example_dags/example_branch_operator.py
[2025-01-14T00:01:08.300+0000] {processor.py:830} INFO - Processing file /home/airflow/.local/lib/python3.8/site-packages/airflow/example_dags/example_branch_operator.py for tasks to queue
[2025-01-14T00:01:08.301+0000] {logging_mixin.py:188} INFO - [2025-01-14T00:01:08.301+0000] {dagbag.py:538} INFO - Filling up the DagBag from /home/airflow/.local/lib/python3.8/site-packages/airflow/example_dags/example_branch_operator.py
[2025-01-14T00:01:08.313+0000] {processor.py:840} INFO - DAG(s) 'example_branch_operator' retrieved from /home/airflow/.local/lib/python3.8/site-packages/airflow/example_dags/example_branch_operator.py
[2025-01-14T00:01:08.332+0000] {logging_mixin.py:188} INFO - [2025-01-14T00:01:08.331+0000] {dag.py:3036} INFO - Sync 1 DAGs
[2025-01-14T00:01:08.347+0000] {logging_mixin.py:188} INFO - [2025-01-14T00:01:08.347+0000] {dag.py:3823} INFO - Setting next_dagrun for example_branch_operator to 2025-01-13 00:00:00+00:00, run_after=2025-01-14 00:00:00+00:00
[2025-01-14T00:01:08.360+0000] {processor.py:183} INFO - Processing /home/airflow/.local/lib/python3.8/site-packages/airflow/example_dags/example_branch_operator.py took 0.063 seconds
[2025-01-14T00:01:38.378+0000] {processor.py:161} INFO - Started process (PID=10743) to work on /home/airflow/.local/lib/python3.8/site-packages/airflow/example_dags/example_branch_operator.py
[2025-01-14T00:01:38.379+0000] {processor.py:830} INFO - Processing file /home/airflow/.local/lib/python3.8/site-packages/airflow/example_dags/example_branch_operator.py for tasks to queue
[2025-01-14T00:01:38.379+0000] {logging_mixin.py:188} INFO - [2025-01-14T00:01:38.379+0000] {dagbag.py:538} INFO - Filling up the DagBag from /home/airflow/.local/lib/python3.8/site-packages/airflow/example_dags/example_branch_operator.py
[2025-01-14T00:01:38.391+0000] {processor.py:840} INFO - DAG(s) 'example_branch_operator' retrieved from /home/airflow/.local/lib/python3.8/site-packages/airflow/example_dags/example_branch_operator.py
[2025-01-14T00:01:38.408+0000] {logging_mixin.py:188} INFO - [2025-01-14T00:01:38.408+0000] {dag.py:3036} INFO - Sync 1 DAGs
[2025-01-14T00:01:38.422+0000] {logging_mixin.py:188} INFO - [2025-01-14T00:01:38.422+0000] {dag.py:3823} INFO - Setting next_dagrun for example_branch_operator to 2025-01-13 00:00:00+00:00, run_after=2025-01-14 00:00:00+00:00
[2025-01-14T00:01:38.435+0000] {processor.py:183} INFO - Processing /home/airflow/.local/lib/python3.8/site-packages/airflow/example_dags/example_branch_operator.py took 0.059 seconds
[2025-01-14T00:02:09.232+0000] {processor.py:161} INFO - Started process (PID=10802) to work on /home/airflow/.local/lib/python3.8/site-packages/airflow/example_dags/example_branch_operator.py
[2025-01-14T00:02:09.233+0000] {processor.py:830} INFO - Processing file /home/airflow/.local/lib/python3.8/site-packages/airflow/example_dags/example_branch_operator.py for tasks to queue
[2025-01-14T00:02:09.234+0000] {logging_mixin.py:188} INFO - [2025-01-14T00:02:09.233+0000] {dagbag.py:538} INFO - Filling up the DagBag from /home/airflow/.local/lib/python3.8/site-packages/airflow/example_dags/example_branch_operator.py
[2025-01-14T00:02:09.245+0000] {processor.py:840} INFO - DAG(s) 'example_branch_operator' retrieved from /home/airflow/.local/lib/python3.8/site-packages/airflow/example_dags/example_branch_operator.py
[2025-01-14T00:02:09.262+0000] {logging_mixin.py:188} INFO - [2025-01-14T00:02:09.262+0000] {dag.py:3036} INFO - Sync 1 DAGs
[2025-01-14T00:02:09.276+0000] {logging_mixin.py:188} INFO - [2025-01-14T00:02:09.276+0000] {dag.py:3823} INFO - Setting next_dagrun for example_branch_operator to 2025-01-13 00:00:00+00:00, run_after=2025-01-14 00:00:00+00:00
[2025-01-14T00:02:09.290+0000] {processor.py:183} INFO - Processing /home/airflow/.local/lib/python3.8/site-packages/airflow/example_dags/example_branch_operator.py took 0.060 seconds
[2025-01-14T00:02:40.187+0000] {processor.py:161} INFO - Started process (PID=10861) to work on /home/airflow/.local/lib/python3.8/site-packages/airflow/example_dags/example_branch_operator.py
[2025-01-14T00:02:40.188+0000] {processor.py:830} INFO - Processing file /home/airflow/.local/lib/python3.8/site-packages/airflow/example_dags/example_branch_operator.py for tasks to queue
[2025-01-14T00:02:40.188+0000] {logging_mixin.py:188} INFO - [2025-01-14T00:02:40.188+0000] {dagbag.py:538} INFO - Filling up the DagBag from /home/airflow/.local/lib/python3.8/site-packages/airflow/example_dags/example_branch_operator.py
[2025-01-14T00:02:40.199+0000] {processor.py:840} INFO - DAG(s) 'example_branch_operator' retrieved from /home/airflow/.local/lib/python3.8/site-packages/airflow/example_dags/example_branch_operator.py
[2025-01-14T00:02:40.216+0000] {logging_mixin.py:188} INFO - [2025-01-14T00:02:40.216+0000] {dag.py:3036} INFO - Sync 1 DAGs
[2025-01-14T00:02:40.230+0000] {logging_mixin.py:188} INFO - [2025-01-14T00:02:40.230+0000] {dag.py:3823} INFO - Setting next_dagrun for example_branch_operator to 2025-01-13 00:00:00+00:00, run_after=2025-01-14 00:00:00+00:00
[2025-01-14T00:02:40.243+0000] {processor.py:183} INFO - Processing /home/airflow/.local/lib/python3.8/site-packages/airflow/example_dags/example_branch_operator.py took 0.058 seconds
[2025-01-14T00:03:10.422+0000] {processor.py:161} INFO - Started process (PID=10920) to work on /home/airflow/.local/lib/python3.8/site-packages/airflow/example_dags/example_branch_operator.py
[2025-01-14T00:03:10.423+0000] {processor.py:830} INFO - Processing file /home/airflow/.local/lib/python3.8/site-packages/airflow/example_dags/example_branch_operator.py for tasks to queue
[2025-01-14T00:03:10.424+0000] {logging_mixin.py:188} INFO - [2025-01-14T00:03:10.423+0000] {dagbag.py:538} INFO - Filling up the DagBag from /home/airflow/.local/lib/python3.8/site-packages/airflow/example_dags/example_branch_operator.py
[2025-01-14T00:03:10.435+0000] {processor.py:840} INFO - DAG(s) 'example_branch_operator' retrieved from /home/airflow/.local/lib/python3.8/site-packages/airflow/example_dags/example_branch_operator.py
[2025-01-14T00:03:10.452+0000] {logging_mixin.py:188} INFO - [2025-01-14T00:03:10.452+0000] {dag.py:3036} INFO - Sync 1 DAGs
[2025-01-14T00:03:10.466+0000] {logging_mixin.py:188} INFO - [2025-01-14T00:03:10.465+0000] {dag.py:3823} INFO - Setting next_dagrun for example_branch_operator to 2025-01-13 00:00:00+00:00, run_after=2025-01-14 00:00:00+00:00
[2025-01-14T00:03:10.479+0000] {processor.py:183} INFO - Processing /home/airflow/.local/lib/python3.8/site-packages/airflow/example_dags/example_branch_operator.py took 0.059 seconds
[2025-01-14T00:03:40.575+0000] {processor.py:161} INFO - Started process (PID=10979) to work on /home/airflow/.local/lib/python3.8/site-packages/airflow/example_dags/example_branch_operator.py
[2025-01-14T00:03:40.575+0000] {processor.py:830} INFO - Processing file /home/airflow/.local/lib/python3.8/site-packages/airflow/example_dags/example_branch_operator.py for tasks to queue
[2025-01-14T00:03:40.576+0000] {logging_mixin.py:188} INFO - [2025-01-14T00:03:40.576+0000] {dagbag.py:538} INFO - Filling up the DagBag from /home/airflow/.local/lib/python3.8/site-packages/airflow/example_dags/example_branch_operator.py
[2025-01-14T00:03:40.587+0000] {processor.py:840} INFO - DAG(s) 'example_branch_operator' retrieved from /home/airflow/.local/lib/python3.8/site-packages/airflow/example_dags/example_branch_operator.py
[2025-01-14T00:03:40.604+0000] {logging_mixin.py:188} INFO - [2025-01-14T00:03:40.604+0000] {dag.py:3036} INFO - Sync 1 DAGs
[2025-01-14T00:03:40.617+0000] {logging_mixin.py:188} INFO - [2025-01-14T00:03:40.617+0000] {dag.py:3823} INFO - Setting next_dagrun for example_branch_operator to 2025-01-13 00:00:00+00:00, run_after=2025-01-14 00:00:00+00:00
[2025-01-14T00:03:40.629+0000] {processor.py:183} INFO - Processing /home/airflow/.local/lib/python3.8/site-packages/airflow/example_dags/example_branch_operator.py took 0.056 seconds
[2025-01-14T00:04:11.490+0000] {processor.py:161} INFO - Started process (PID=11038) to work on /home/airflow/.local/lib/python3.8/site-packages/airflow/example_dags/example_branch_operator.py
[2025-01-14T00:04:11.491+0000] {processor.py:830} INFO - Processing file /home/airflow/.local/lib/python3.8/site-packages/airflow/example_dags/example_branch_operator.py for tasks to queue
[2025-01-14T00:04:11.491+0000] {logging_mixin.py:188} INFO - [2025-01-14T00:04:11.491+0000] {dagbag.py:538} INFO - Filling up the DagBag from /home/airflow/.local/lib/python3.8/site-packages/airflow/example_dags/example_branch_operator.py
[2025-01-14T00:04:11.504+0000] {processor.py:840} INFO - DAG(s) 'example_branch_operator' retrieved from /home/airflow/.local/lib/python3.8/site-packages/airflow/example_dags/example_branch_operator.py
[2025-01-14T00:04:11.525+0000] {logging_mixin.py:188} INFO - [2025-01-14T00:04:11.525+0000] {dag.py:3036} INFO - Sync 1 DAGs
[2025-01-14T00:04:11.541+0000] {logging_mixin.py:188} INFO - [2025-01-14T00:04:11.541+0000] {dag.py:3823} INFO - Setting next_dagrun for example_branch_operator to 2025-01-13 00:00:00+00:00, run_after=2025-01-14 00:00:00+00:00
[2025-01-14T00:04:11.555+0000] {processor.py:183} INFO - Processing /home/airflow/.local/lib/python3.8/site-packages/airflow/example_dags/example_branch_operator.py took 0.068 seconds
[2025-01-14T00:04:41.898+0000] {processor.py:161} INFO - Started process (PID=11097) to work on /home/airflow/.local/lib/python3.8/site-packages/airflow/example_dags/example_branch_operator.py
[2025-01-14T00:04:41.899+0000] {processor.py:830} INFO - Processing file /home/airflow/.local/lib/python3.8/site-packages/airflow/example_dags/example_branch_operator.py for tasks to queue
[2025-01-14T00:04:41.899+0000] {logging_mixin.py:188} INFO - [2025-01-14T00:04:41.899+0000] {dagbag.py:538} INFO - Filling up the DagBag from /home/airflow/.local/lib/python3.8/site-packages/airflow/example_dags/example_branch_operator.py
[2025-01-14T00:04:41.911+0000] {processor.py:840} INFO - DAG(s) 'example_branch_operator' retrieved from /home/airflow/.local/lib/python3.8/site-packages/airflow/example_dags/example_branch_operator.py
[2025-01-14T00:04:41.930+0000] {logging_mixin.py:188} INFO - [2025-01-14T00:04:41.929+0000] {dag.py:3036} INFO - Sync 1 DAGs
[2025-01-14T00:04:41.944+0000] {logging_mixin.py:188} INFO - [2025-01-14T00:04:41.944+0000] {dag.py:3823} INFO - Setting next_dagrun for example_branch_operator to 2025-01-13 00:00:00+00:00, run_after=2025-01-14 00:00:00+00:00
[2025-01-14T00:04:41.958+0000] {processor.py:183} INFO - Processing /home/airflow/.local/lib/python3.8/site-packages/airflow/example_dags/example_branch_operator.py took 0.061 seconds
[2025-01-14T00:05:12.900+0000] {processor.py:161} INFO - Started process (PID=11156) to work on /home/airflow/.local/lib/python3.8/site-packages/airflow/example_dags/example_branch_operator.py
[2025-01-14T00:05:12.900+0000] {processor.py:830} INFO - Processing file /home/airflow/.local/lib/python3.8/site-packages/airflow/example_dags/example_branch_operator.py for tasks to queue
[2025-01-14T00:05:12.901+0000] {logging_mixin.py:188} INFO - [2025-01-14T00:05:12.901+0000] {dagbag.py:538} INFO - Filling up the DagBag from /home/airflow/.local/lib/python3.8/site-packages/airflow/example_dags/example_branch_operator.py
[2025-01-14T00:05:12.912+0000] {processor.py:840} INFO - DAG(s) 'example_branch_operator' retrieved from /home/airflow/.local/lib/python3.8/site-packages/airflow/example_dags/example_branch_operator.py
[2025-01-14T00:05:12.932+0000] {logging_mixin.py:188} INFO - [2025-01-14T00:05:12.931+0000] {dag.py:3036} INFO - Sync 1 DAGs
[2025-01-14T00:05:12.947+0000] {logging_mixin.py:188} INFO - [2025-01-14T00:05:12.947+0000] {dag.py:3823} INFO - Setting next_dagrun for example_branch_operator to 2025-01-13 00:00:00+00:00, run_after=2025-01-14 00:00:00+00:00
[2025-01-14T00:05:12.960+0000] {processor.py:183} INFO - Processing /home/airflow/.local/lib/python3.8/site-packages/airflow/example_dags/example_branch_operator.py took 0.062 seconds
[2025-01-14T00:06:25.420+0000] {processor.py:161} INFO - Started process (PID=90) to work on /home/airflow/.local/lib/python3.8/site-packages/airflow/example_dags/example_branch_operator.py
[2025-01-14T00:06:25.420+0000] {processor.py:830} INFO - Processing file /home/airflow/.local/lib/python3.8/site-packages/airflow/example_dags/example_branch_operator.py for tasks to queue
[2025-01-14T00:06:25.422+0000] {logging_mixin.py:188} INFO - [2025-01-14T00:06:25.422+0000] {dagbag.py:538} INFO - Filling up the DagBag from /home/airflow/.local/lib/python3.8/site-packages/airflow/example_dags/example_branch_operator.py
[2025-01-14T00:06:25.440+0000] {processor.py:840} INFO - DAG(s) 'example_branch_operator' retrieved from /home/airflow/.local/lib/python3.8/site-packages/airflow/example_dags/example_branch_operator.py
[2025-01-14T00:06:25.448+0000] {logging_mixin.py:188} INFO - [2025-01-14T00:06:25.448+0000] {dag.py:3036} INFO - Sync 1 DAGs
[2025-01-14T00:06:25.468+0000] {logging_mixin.py:188} INFO - [2025-01-14T00:06:25.468+0000] {dag.py:3823} INFO - Setting next_dagrun for example_branch_operator to 2025-01-13 00:00:00+00:00, run_after=2025-01-14 00:00:00+00:00
[2025-01-14T00:06:25.482+0000] {processor.py:183} INFO - Processing /home/airflow/.local/lib/python3.8/site-packages/airflow/example_dags/example_branch_operator.py took 0.065 seconds
[2025-01-14T00:06:56.644+0000] {processor.py:161} INFO - Started process (PID=149) to work on /home/airflow/.local/lib/python3.8/site-packages/airflow/example_dags/example_branch_operator.py
[2025-01-14T00:06:56.645+0000] {processor.py:830} INFO - Processing file /home/airflow/.local/lib/python3.8/site-packages/airflow/example_dags/example_branch_operator.py for tasks to queue
[2025-01-14T00:06:56.646+0000] {logging_mixin.py:188} INFO - [2025-01-14T00:06:56.646+0000] {dagbag.py:538} INFO - Filling up the DagBag from /home/airflow/.local/lib/python3.8/site-packages/airflow/example_dags/example_branch_operator.py
[2025-01-14T00:06:56.658+0000] {processor.py:840} INFO - DAG(s) 'example_branch_operator' retrieved from /home/airflow/.local/lib/python3.8/site-packages/airflow/example_dags/example_branch_operator.py
[2025-01-14T00:06:56.727+0000] {logging_mixin.py:188} INFO - [2025-01-14T00:06:56.726+0000] {dag.py:3036} INFO - Sync 1 DAGs
[2025-01-14T00:06:56.741+0000] {logging_mixin.py:188} INFO - [2025-01-14T00:06:56.741+0000] {dag.py:3823} INFO - Setting next_dagrun for example_branch_operator to 2025-01-13 00:00:00+00:00, run_after=2025-01-14 00:00:00+00:00
[2025-01-14T00:06:56.758+0000] {processor.py:183} INFO - Processing /home/airflow/.local/lib/python3.8/site-packages/airflow/example_dags/example_branch_operator.py took 0.116 seconds
[2025-01-14T00:07:26.997+0000] {processor.py:161} INFO - Started process (PID=208) to work on /home/airflow/.local/lib/python3.8/site-packages/airflow/example_dags/example_branch_operator.py
[2025-01-14T00:07:26.998+0000] {processor.py:830} INFO - Processing file /home/airflow/.local/lib/python3.8/site-packages/airflow/example_dags/example_branch_operator.py for tasks to queue
[2025-01-14T00:07:26.999+0000] {logging_mixin.py:188} INFO - [2025-01-14T00:07:26.999+0000] {dagbag.py:538} INFO - Filling up the DagBag from /home/airflow/.local/lib/python3.8/site-packages/airflow/example_dags/example_branch_operator.py
[2025-01-14T00:07:27.010+0000] {processor.py:840} INFO - DAG(s) 'example_branch_operator' retrieved from /home/airflow/.local/lib/python3.8/site-packages/airflow/example_dags/example_branch_operator.py
[2025-01-14T00:07:27.029+0000] {logging_mixin.py:188} INFO - [2025-01-14T00:07:27.029+0000] {dag.py:3036} INFO - Sync 1 DAGs
[2025-01-14T00:07:27.045+0000] {logging_mixin.py:188} INFO - [2025-01-14T00:07:27.045+0000] {dag.py:3823} INFO - Setting next_dagrun for example_branch_operator to 2025-01-13 00:00:00+00:00, run_after=2025-01-14 00:00:00+00:00
[2025-01-14T00:07:27.059+0000] {processor.py:183} INFO - Processing /home/airflow/.local/lib/python3.8/site-packages/airflow/example_dags/example_branch_operator.py took 0.063 seconds
[2025-01-14T00:07:57.282+0000] {processor.py:161} INFO - Started process (PID=267) to work on /home/airflow/.local/lib/python3.8/site-packages/airflow/example_dags/example_branch_operator.py
[2025-01-14T00:07:57.282+0000] {processor.py:830} INFO - Processing file /home/airflow/.local/lib/python3.8/site-packages/airflow/example_dags/example_branch_operator.py for tasks to queue
[2025-01-14T00:07:57.284+0000] {logging_mixin.py:188} INFO - [2025-01-14T00:07:57.283+0000] {dagbag.py:538} INFO - Filling up the DagBag from /home/airflow/.local/lib/python3.8/site-packages/airflow/example_dags/example_branch_operator.py
[2025-01-14T00:07:57.294+0000] {processor.py:840} INFO - DAG(s) 'example_branch_operator' retrieved from /home/airflow/.local/lib/python3.8/site-packages/airflow/example_dags/example_branch_operator.py
[2025-01-14T00:07:57.312+0000] {logging_mixin.py:188} INFO - [2025-01-14T00:07:57.312+0000] {dag.py:3036} INFO - Sync 1 DAGs
[2025-01-14T00:07:57.328+0000] {logging_mixin.py:188} INFO - [2025-01-14T00:07:57.328+0000] {dag.py:3823} INFO - Setting next_dagrun for example_branch_operator to 2025-01-13 00:00:00+00:00, run_after=2025-01-14 00:00:00+00:00
[2025-01-14T00:07:57.342+0000] {processor.py:183} INFO - Processing /home/airflow/.local/lib/python3.8/site-packages/airflow/example_dags/example_branch_operator.py took 0.062 seconds
[2025-01-14T00:08:27.584+0000] {processor.py:161} INFO - Started process (PID=327) to work on /home/airflow/.local/lib/python3.8/site-packages/airflow/example_dags/example_branch_operator.py
[2025-01-14T00:08:27.588+0000] {processor.py:830} INFO - Processing file /home/airflow/.local/lib/python3.8/site-packages/airflow/example_dags/example_branch_operator.py for tasks to queue
[2025-01-14T00:08:27.589+0000] {logging_mixin.py:188} INFO - [2025-01-14T00:08:27.589+0000] {dagbag.py:538} INFO - Filling up the DagBag from /home/airflow/.local/lib/python3.8/site-packages/airflow/example_dags/example_branch_operator.py
[2025-01-14T00:08:27.601+0000] {processor.py:840} INFO - DAG(s) 'example_branch_operator' retrieved from /home/airflow/.local/lib/python3.8/site-packages/airflow/example_dags/example_branch_operator.py
[2025-01-14T00:08:27.619+0000] {logging_mixin.py:188} INFO - [2025-01-14T00:08:27.619+0000] {dag.py:3036} INFO - Sync 1 DAGs
[2025-01-14T00:08:27.634+0000] {logging_mixin.py:188} INFO - [2025-01-14T00:08:27.634+0000] {dag.py:3823} INFO - Setting next_dagrun for example_branch_operator to 2025-01-13 00:00:00+00:00, run_after=2025-01-14 00:00:00+00:00
[2025-01-14T00:08:27.647+0000] {processor.py:183} INFO - Processing /home/airflow/.local/lib/python3.8/site-packages/airflow/example_dags/example_branch_operator.py took 0.065 seconds
[2025-01-14T00:08:57.893+0000] {processor.py:161} INFO - Started process (PID=385) to work on /home/airflow/.local/lib/python3.8/site-packages/airflow/example_dags/example_branch_operator.py
[2025-01-14T00:08:57.894+0000] {processor.py:830} INFO - Processing file /home/airflow/.local/lib/python3.8/site-packages/airflow/example_dags/example_branch_operator.py for tasks to queue
[2025-01-14T00:08:57.896+0000] {logging_mixin.py:188} INFO - [2025-01-14T00:08:57.896+0000] {dagbag.py:538} INFO - Filling up the DagBag from /home/airflow/.local/lib/python3.8/site-packages/airflow/example_dags/example_branch_operator.py
[2025-01-14T00:08:57.912+0000] {processor.py:840} INFO - DAG(s) 'example_branch_operator' retrieved from /home/airflow/.local/lib/python3.8/site-packages/airflow/example_dags/example_branch_operator.py
[2025-01-14T00:08:57.932+0000] {logging_mixin.py:188} INFO - [2025-01-14T00:08:57.932+0000] {dag.py:3036} INFO - Sync 1 DAGs
[2025-01-14T00:08:57.951+0000] {logging_mixin.py:188} INFO - [2025-01-14T00:08:57.950+0000] {dag.py:3823} INFO - Setting next_dagrun for example_branch_operator to 2025-01-13 00:00:00+00:00, run_after=2025-01-14 00:00:00+00:00
[2025-01-14T00:08:57.968+0000] {processor.py:183} INFO - Processing /home/airflow/.local/lib/python3.8/site-packages/airflow/example_dags/example_branch_operator.py took 0.077 seconds
[2025-01-14T00:09:28.148+0000] {processor.py:161} INFO - Started process (PID=446) to work on /home/airflow/.local/lib/python3.8/site-packages/airflow/example_dags/example_branch_operator.py
[2025-01-14T00:09:28.149+0000] {processor.py:830} INFO - Processing file /home/airflow/.local/lib/python3.8/site-packages/airflow/example_dags/example_branch_operator.py for tasks to queue
[2025-01-14T00:09:28.150+0000] {logging_mixin.py:188} INFO - [2025-01-14T00:09:28.150+0000] {dagbag.py:538} INFO - Filling up the DagBag from /home/airflow/.local/lib/python3.8/site-packages/airflow/example_dags/example_branch_operator.py
[2025-01-14T00:09:28.161+0000] {processor.py:840} INFO - DAG(s) 'example_branch_operator' retrieved from /home/airflow/.local/lib/python3.8/site-packages/airflow/example_dags/example_branch_operator.py
[2025-01-14T00:09:28.181+0000] {logging_mixin.py:188} INFO - [2025-01-14T00:09:28.180+0000] {dag.py:3036} INFO - Sync 1 DAGs
[2025-01-14T00:09:28.196+0000] {logging_mixin.py:188} INFO - [2025-01-14T00:09:28.195+0000] {dag.py:3823} INFO - Setting next_dagrun for example_branch_operator to 2025-01-13 00:00:00+00:00, run_after=2025-01-14 00:00:00+00:00
[2025-01-14T00:09:28.208+0000] {processor.py:183} INFO - Processing /home/airflow/.local/lib/python3.8/site-packages/airflow/example_dags/example_branch_operator.py took 0.062 seconds
[2025-01-14T00:09:59.150+0000] {processor.py:161} INFO - Started process (PID=503) to work on /home/airflow/.local/lib/python3.8/site-packages/airflow/example_dags/example_branch_operator.py
[2025-01-14T00:09:59.151+0000] {processor.py:830} INFO - Processing file /home/airflow/.local/lib/python3.8/site-packages/airflow/example_dags/example_branch_operator.py for tasks to queue
[2025-01-14T00:09:59.152+0000] {logging_mixin.py:188} INFO - [2025-01-14T00:09:59.152+0000] {dagbag.py:538} INFO - Filling up the DagBag from /home/airflow/.local/lib/python3.8/site-packages/airflow/example_dags/example_branch_operator.py
[2025-01-14T00:09:59.162+0000] {processor.py:840} INFO - DAG(s) 'example_branch_operator' retrieved from /home/airflow/.local/lib/python3.8/site-packages/airflow/example_dags/example_branch_operator.py
[2025-01-14T00:09:59.179+0000] {logging_mixin.py:188} INFO - [2025-01-14T00:09:59.179+0000] {dag.py:3036} INFO - Sync 1 DAGs
[2025-01-14T00:09:59.193+0000] {logging_mixin.py:188} INFO - [2025-01-14T00:09:59.193+0000] {dag.py:3823} INFO - Setting next_dagrun for example_branch_operator to 2025-01-13 00:00:00+00:00, run_after=2025-01-14 00:00:00+00:00
[2025-01-14T00:09:59.207+0000] {processor.py:183} INFO - Processing /home/airflow/.local/lib/python3.8/site-packages/airflow/example_dags/example_branch_operator.py took 0.058 seconds
[2025-01-14T00:10:30.471+0000] {processor.py:161} INFO - Started process (PID=562) to work on /home/airflow/.local/lib/python3.8/site-packages/airflow/example_dags/example_branch_operator.py
[2025-01-14T00:10:30.471+0000] {processor.py:830} INFO - Processing file /home/airflow/.local/lib/python3.8/site-packages/airflow/example_dags/example_branch_operator.py for tasks to queue
[2025-01-14T00:10:30.472+0000] {logging_mixin.py:188} INFO - [2025-01-14T00:10:30.472+0000] {dagbag.py:538} INFO - Filling up the DagBag from /home/airflow/.local/lib/python3.8/site-packages/airflow/example_dags/example_branch_operator.py
[2025-01-14T00:10:30.487+0000] {processor.py:840} INFO - DAG(s) 'example_branch_operator' retrieved from /home/airflow/.local/lib/python3.8/site-packages/airflow/example_dags/example_branch_operator.py
[2025-01-14T00:10:30.507+0000] {logging_mixin.py:188} INFO - [2025-01-14T00:10:30.507+0000] {dag.py:3036} INFO - Sync 1 DAGs
[2025-01-14T00:10:30.521+0000] {logging_mixin.py:188} INFO - [2025-01-14T00:10:30.521+0000] {dag.py:3823} INFO - Setting next_dagrun for example_branch_operator to 2025-01-13 00:00:00+00:00, run_after=2025-01-14 00:00:00+00:00
[2025-01-14T00:10:30.536+0000] {processor.py:183} INFO - Processing /home/airflow/.local/lib/python3.8/site-packages/airflow/example_dags/example_branch_operator.py took 0.067 seconds
[2025-01-14T00:11:01.756+0000] {processor.py:161} INFO - Started process (PID=621) to work on /home/airflow/.local/lib/python3.8/site-packages/airflow/example_dags/example_branch_operator.py
[2025-01-14T00:11:01.757+0000] {processor.py:830} INFO - Processing file /home/airflow/.local/lib/python3.8/site-packages/airflow/example_dags/example_branch_operator.py for tasks to queue
[2025-01-14T00:11:01.758+0000] {logging_mixin.py:188} INFO - [2025-01-14T00:11:01.757+0000] {dagbag.py:538} INFO - Filling up the DagBag from /home/airflow/.local/lib/python3.8/site-packages/airflow/example_dags/example_branch_operator.py
[2025-01-14T00:11:01.769+0000] {processor.py:840} INFO - DAG(s) 'example_branch_operator' retrieved from /home/airflow/.local/lib/python3.8/site-packages/airflow/example_dags/example_branch_operator.py
[2025-01-14T00:11:01.786+0000] {logging_mixin.py:188} INFO - [2025-01-14T00:11:01.786+0000] {dag.py:3036} INFO - Sync 1 DAGs
[2025-01-14T00:11:01.801+0000] {logging_mixin.py:188} INFO - [2025-01-14T00:11:01.801+0000] {dag.py:3823} INFO - Setting next_dagrun for example_branch_operator to 2025-01-13 00:00:00+00:00, run_after=2025-01-14 00:00:00+00:00
[2025-01-14T00:11:01.814+0000] {processor.py:183} INFO - Processing /home/airflow/.local/lib/python3.8/site-packages/airflow/example_dags/example_branch_operator.py took 0.060 seconds
[2025-01-14T00:11:32.756+0000] {processor.py:161} INFO - Started process (PID=680) to work on /home/airflow/.local/lib/python3.8/site-packages/airflow/example_dags/example_branch_operator.py
[2025-01-14T00:11:32.757+0000] {processor.py:830} INFO - Processing file /home/airflow/.local/lib/python3.8/site-packages/airflow/example_dags/example_branch_operator.py for tasks to queue
[2025-01-14T00:11:32.758+0000] {logging_mixin.py:188} INFO - [2025-01-14T00:11:32.757+0000] {dagbag.py:538} INFO - Filling up the DagBag from /home/airflow/.local/lib/python3.8/site-packages/airflow/example_dags/example_branch_operator.py
[2025-01-14T00:11:32.768+0000] {processor.py:840} INFO - DAG(s) 'example_branch_operator' retrieved from /home/airflow/.local/lib/python3.8/site-packages/airflow/example_dags/example_branch_operator.py
[2025-01-14T00:11:32.785+0000] {logging_mixin.py:188} INFO - [2025-01-14T00:11:32.785+0000] {dag.py:3036} INFO - Sync 1 DAGs
[2025-01-14T00:11:32.799+0000] {logging_mixin.py:188} INFO - [2025-01-14T00:11:32.798+0000] {dag.py:3823} INFO - Setting next_dagrun for example_branch_operator to 2025-01-13 00:00:00+00:00, run_after=2025-01-14 00:00:00+00:00
[2025-01-14T00:11:32.811+0000] {processor.py:183} INFO - Processing /home/airflow/.local/lib/python3.8/site-packages/airflow/example_dags/example_branch_operator.py took 0.057 seconds
[2025-01-14T00:12:04.241+0000] {processor.py:161} INFO - Started process (PID=739) to work on /home/airflow/.local/lib/python3.8/site-packages/airflow/example_dags/example_branch_operator.py
[2025-01-14T00:12:04.242+0000] {processor.py:830} INFO - Processing file /home/airflow/.local/lib/python3.8/site-packages/airflow/example_dags/example_branch_operator.py for tasks to queue
[2025-01-14T00:12:04.243+0000] {logging_mixin.py:188} INFO - [2025-01-14T00:12:04.243+0000] {dagbag.py:538} INFO - Filling up the DagBag from /home/airflow/.local/lib/python3.8/site-packages/airflow/example_dags/example_branch_operator.py
[2025-01-14T00:12:04.256+0000] {processor.py:840} INFO - DAG(s) 'example_branch_operator' retrieved from /home/airflow/.local/lib/python3.8/site-packages/airflow/example_dags/example_branch_operator.py
[2025-01-14T00:12:04.273+0000] {logging_mixin.py:188} INFO - [2025-01-14T00:12:04.273+0000] {dag.py:3036} INFO - Sync 1 DAGs
[2025-01-14T00:12:04.287+0000] {logging_mixin.py:188} INFO - [2025-01-14T00:12:04.287+0000] {dag.py:3823} INFO - Setting next_dagrun for example_branch_operator to 2025-01-13 00:00:00+00:00, run_after=2025-01-14 00:00:00+00:00
[2025-01-14T00:12:04.299+0000] {processor.py:183} INFO - Processing /home/airflow/.local/lib/python3.8/site-packages/airflow/example_dags/example_branch_operator.py took 0.060 seconds
[2025-01-14T00:12:35.304+0000] {processor.py:161} INFO - Started process (PID=798) to work on /home/airflow/.local/lib/python3.8/site-packages/airflow/example_dags/example_branch_operator.py
[2025-01-14T00:12:35.305+0000] {processor.py:830} INFO - Processing file /home/airflow/.local/lib/python3.8/site-packages/airflow/example_dags/example_branch_operator.py for tasks to queue
[2025-01-14T00:12:35.306+0000] {logging_mixin.py:188} INFO - [2025-01-14T00:12:35.306+0000] {dagbag.py:538} INFO - Filling up the DagBag from /home/airflow/.local/lib/python3.8/site-packages/airflow/example_dags/example_branch_operator.py
[2025-01-14T00:12:35.318+0000] {processor.py:840} INFO - DAG(s) 'example_branch_operator' retrieved from /home/airflow/.local/lib/python3.8/site-packages/airflow/example_dags/example_branch_operator.py
[2025-01-14T00:12:35.337+0000] {logging_mixin.py:188} INFO - [2025-01-14T00:12:35.337+0000] {dag.py:3036} INFO - Sync 1 DAGs
[2025-01-14T00:12:35.358+0000] {logging_mixin.py:188} INFO - [2025-01-14T00:12:35.358+0000] {dag.py:3823} INFO - Setting next_dagrun for example_branch_operator to 2025-01-13 00:00:00+00:00, run_after=2025-01-14 00:00:00+00:00
[2025-01-14T00:12:35.375+0000] {processor.py:183} INFO - Processing /home/airflow/.local/lib/python3.8/site-packages/airflow/example_dags/example_branch_operator.py took 0.073 seconds
[2025-01-14T00:13:06.408+0000] {processor.py:161} INFO - Started process (PID=857) to work on /home/airflow/.local/lib/python3.8/site-packages/airflow/example_dags/example_branch_operator.py
[2025-01-14T00:13:06.409+0000] {processor.py:830} INFO - Processing file /home/airflow/.local/lib/python3.8/site-packages/airflow/example_dags/example_branch_operator.py for tasks to queue
[2025-01-14T00:13:06.410+0000] {logging_mixin.py:188} INFO - [2025-01-14T00:13:06.410+0000] {dagbag.py:538} INFO - Filling up the DagBag from /home/airflow/.local/lib/python3.8/site-packages/airflow/example_dags/example_branch_operator.py
[2025-01-14T00:13:06.421+0000] {processor.py:840} INFO - DAG(s) 'example_branch_operator' retrieved from /home/airflow/.local/lib/python3.8/site-packages/airflow/example_dags/example_branch_operator.py
[2025-01-14T00:13:06.438+0000] {logging_mixin.py:188} INFO - [2025-01-14T00:13:06.437+0000] {dag.py:3036} INFO - Sync 1 DAGs
[2025-01-14T00:13:06.454+0000] {logging_mixin.py:188} INFO - [2025-01-14T00:13:06.454+0000] {dag.py:3823} INFO - Setting next_dagrun for example_branch_operator to 2025-01-13 00:00:00+00:00, run_after=2025-01-14 00:00:00+00:00
[2025-01-14T00:13:06.469+0000] {processor.py:183} INFO - Processing /home/airflow/.local/lib/python3.8/site-packages/airflow/example_dags/example_branch_operator.py took 0.062 seconds
[2025-01-14T00:13:37.743+0000] {processor.py:161} INFO - Started process (PID=916) to work on /home/airflow/.local/lib/python3.8/site-packages/airflow/example_dags/example_branch_operator.py
[2025-01-14T00:13:37.744+0000] {processor.py:830} INFO - Processing file /home/airflow/.local/lib/python3.8/site-packages/airflow/example_dags/example_branch_operator.py for tasks to queue
[2025-01-14T00:13:37.745+0000] {logging_mixin.py:188} INFO - [2025-01-14T00:13:37.745+0000] {dagbag.py:538} INFO - Filling up the DagBag from /home/airflow/.local/lib/python3.8/site-packages/airflow/example_dags/example_branch_operator.py
[2025-01-14T00:13:37.758+0000] {processor.py:840} INFO - DAG(s) 'example_branch_operator' retrieved from /home/airflow/.local/lib/python3.8/site-packages/airflow/example_dags/example_branch_operator.py
[2025-01-14T00:13:37.775+0000] {logging_mixin.py:188} INFO - [2025-01-14T00:13:37.775+0000] {dag.py:3036} INFO - Sync 1 DAGs
[2025-01-14T00:13:37.791+0000] {logging_mixin.py:188} INFO - [2025-01-14T00:13:37.790+0000] {dag.py:3823} INFO - Setting next_dagrun for example_branch_operator to 2025-01-13 00:00:00+00:00, run_after=2025-01-14 00:00:00+00:00
[2025-01-14T00:13:37.803+0000] {processor.py:183} INFO - Processing /home/airflow/.local/lib/python3.8/site-packages/airflow/example_dags/example_branch_operator.py took 0.062 seconds
[2025-01-14T00:14:08.042+0000] {processor.py:161} INFO - Started process (PID=975) to work on /home/airflow/.local/lib/python3.8/site-packages/airflow/example_dags/example_branch_operator.py
[2025-01-14T00:14:08.042+0000] {processor.py:830} INFO - Processing file /home/airflow/.local/lib/python3.8/site-packages/airflow/example_dags/example_branch_operator.py for tasks to queue
[2025-01-14T00:14:08.043+0000] {logging_mixin.py:188} INFO - [2025-01-14T00:14:08.043+0000] {dagbag.py:538} INFO - Filling up the DagBag from /home/airflow/.local/lib/python3.8/site-packages/airflow/example_dags/example_branch_operator.py
[2025-01-14T00:14:08.055+0000] {processor.py:840} INFO - DAG(s) 'example_branch_operator' retrieved from /home/airflow/.local/lib/python3.8/site-packages/airflow/example_dags/example_branch_operator.py
[2025-01-14T00:14:08.073+0000] {logging_mixin.py:188} INFO - [2025-01-14T00:14:08.073+0000] {dag.py:3036} INFO - Sync 1 DAGs
[2025-01-14T00:14:08.089+0000] {logging_mixin.py:188} INFO - [2025-01-14T00:14:08.089+0000] {dag.py:3823} INFO - Setting next_dagrun for example_branch_operator to 2025-01-13 00:00:00+00:00, run_after=2025-01-14 00:00:00+00:00
[2025-01-14T00:14:08.103+0000] {processor.py:183} INFO - Processing /home/airflow/.local/lib/python3.8/site-packages/airflow/example_dags/example_branch_operator.py took 0.064 seconds
[2025-01-14T00:14:39.255+0000] {processor.py:161} INFO - Started process (PID=1034) to work on /home/airflow/.local/lib/python3.8/site-packages/airflow/example_dags/example_branch_operator.py
[2025-01-14T00:14:39.255+0000] {processor.py:830} INFO - Processing file /home/airflow/.local/lib/python3.8/site-packages/airflow/example_dags/example_branch_operator.py for tasks to queue
[2025-01-14T00:14:39.256+0000] {logging_mixin.py:188} INFO - [2025-01-14T00:14:39.256+0000] {dagbag.py:538} INFO - Filling up the DagBag from /home/airflow/.local/lib/python3.8/site-packages/airflow/example_dags/example_branch_operator.py
[2025-01-14T00:14:39.267+0000] {processor.py:840} INFO - DAG(s) 'example_branch_operator' retrieved from /home/airflow/.local/lib/python3.8/site-packages/airflow/example_dags/example_branch_operator.py
[2025-01-14T00:14:39.283+0000] {logging_mixin.py:188} INFO - [2025-01-14T00:14:39.283+0000] {dag.py:3036} INFO - Sync 1 DAGs
[2025-01-14T00:14:39.297+0000] {logging_mixin.py:188} INFO - [2025-01-14T00:14:39.297+0000] {dag.py:3823} INFO - Setting next_dagrun for example_branch_operator to 2025-01-13 00:00:00+00:00, run_after=2025-01-14 00:00:00+00:00
[2025-01-14T00:14:39.310+0000] {processor.py:183} INFO - Processing /home/airflow/.local/lib/python3.8/site-packages/airflow/example_dags/example_branch_operator.py took 0.058 seconds
[2025-01-14T00:15:10.217+0000] {processor.py:161} INFO - Started process (PID=1093) to work on /home/airflow/.local/lib/python3.8/site-packages/airflow/example_dags/example_branch_operator.py
[2025-01-14T00:15:10.217+0000] {processor.py:830} INFO - Processing file /home/airflow/.local/lib/python3.8/site-packages/airflow/example_dags/example_branch_operator.py for tasks to queue
[2025-01-14T00:15:10.218+0000] {logging_mixin.py:188} INFO - [2025-01-14T00:15:10.218+0000] {dagbag.py:538} INFO - Filling up the DagBag from /home/airflow/.local/lib/python3.8/site-packages/airflow/example_dags/example_branch_operator.py
[2025-01-14T00:15:10.229+0000] {processor.py:840} INFO - DAG(s) 'example_branch_operator' retrieved from /home/airflow/.local/lib/python3.8/site-packages/airflow/example_dags/example_branch_operator.py
[2025-01-14T00:15:10.246+0000] {logging_mixin.py:188} INFO - [2025-01-14T00:15:10.246+0000] {dag.py:3036} INFO - Sync 1 DAGs
[2025-01-14T00:15:10.260+0000] {logging_mixin.py:188} INFO - [2025-01-14T00:15:10.260+0000] {dag.py:3823} INFO - Setting next_dagrun for example_branch_operator to 2025-01-13 00:00:00+00:00, run_after=2025-01-14 00:00:00+00:00
[2025-01-14T00:15:10.272+0000] {processor.py:183} INFO - Processing /home/airflow/.local/lib/python3.8/site-packages/airflow/example_dags/example_branch_operator.py took 0.057 seconds
[2025-01-14T00:15:41.485+0000] {processor.py:161} INFO - Started process (PID=1152) to work on /home/airflow/.local/lib/python3.8/site-packages/airflow/example_dags/example_branch_operator.py
[2025-01-14T00:15:41.485+0000] {processor.py:830} INFO - Processing file /home/airflow/.local/lib/python3.8/site-packages/airflow/example_dags/example_branch_operator.py for tasks to queue
[2025-01-14T00:15:41.486+0000] {logging_mixin.py:188} INFO - [2025-01-14T00:15:41.486+0000] {dagbag.py:538} INFO - Filling up the DagBag from /home/airflow/.local/lib/python3.8/site-packages/airflow/example_dags/example_branch_operator.py
[2025-01-14T00:15:41.497+0000] {processor.py:840} INFO - DAG(s) 'example_branch_operator' retrieved from /home/airflow/.local/lib/python3.8/site-packages/airflow/example_dags/example_branch_operator.py
[2025-01-14T00:15:41.514+0000] {logging_mixin.py:188} INFO - [2025-01-14T00:15:41.513+0000] {dag.py:3036} INFO - Sync 1 DAGs
[2025-01-14T00:15:41.528+0000] {logging_mixin.py:188} INFO - [2025-01-14T00:15:41.527+0000] {dag.py:3823} INFO - Setting next_dagrun for example_branch_operator to 2025-01-13 00:00:00+00:00, run_after=2025-01-14 00:00:00+00:00
[2025-01-14T00:15:41.541+0000] {processor.py:183} INFO - Processing /home/airflow/.local/lib/python3.8/site-packages/airflow/example_dags/example_branch_operator.py took 0.058 seconds
[2025-01-14T00:16:12.961+0000] {processor.py:161} INFO - Started process (PID=1217) to work on /home/airflow/.local/lib/python3.8/site-packages/airflow/example_dags/example_branch_operator.py
[2025-01-14T00:16:12.962+0000] {processor.py:830} INFO - Processing file /home/airflow/.local/lib/python3.8/site-packages/airflow/example_dags/example_branch_operator.py for tasks to queue
[2025-01-14T00:16:12.963+0000] {logging_mixin.py:188} INFO - [2025-01-14T00:16:12.963+0000] {dagbag.py:538} INFO - Filling up the DagBag from /home/airflow/.local/lib/python3.8/site-packages/airflow/example_dags/example_branch_operator.py
[2025-01-14T00:16:12.974+0000] {processor.py:840} INFO - DAG(s) 'example_branch_operator' retrieved from /home/airflow/.local/lib/python3.8/site-packages/airflow/example_dags/example_branch_operator.py
[2025-01-14T00:16:12.991+0000] {logging_mixin.py:188} INFO - [2025-01-14T00:16:12.991+0000] {dag.py:3036} INFO - Sync 1 DAGs
[2025-01-14T00:16:13.004+0000] {logging_mixin.py:188} INFO - [2025-01-14T00:16:13.004+0000] {dag.py:3823} INFO - Setting next_dagrun for example_branch_operator to 2025-01-13 00:00:00+00:00, run_after=2025-01-14 00:00:00+00:00
[2025-01-14T00:16:13.017+0000] {processor.py:183} INFO - Processing /home/airflow/.local/lib/python3.8/site-packages/airflow/example_dags/example_branch_operator.py took 0.057 seconds
[2025-01-14T00:16:44.152+0000] {processor.py:161} INFO - Started process (PID=1276) to work on /home/airflow/.local/lib/python3.8/site-packages/airflow/example_dags/example_branch_operator.py
[2025-01-14T00:16:44.153+0000] {processor.py:830} INFO - Processing file /home/airflow/.local/lib/python3.8/site-packages/airflow/example_dags/example_branch_operator.py for tasks to queue
[2025-01-14T00:16:44.154+0000] {logging_mixin.py:188} INFO - [2025-01-14T00:16:44.154+0000] {dagbag.py:538} INFO - Filling up the DagBag from /home/airflow/.local/lib/python3.8/site-packages/airflow/example_dags/example_branch_operator.py
[2025-01-14T00:16:44.164+0000] {processor.py:840} INFO - DAG(s) 'example_branch_operator' retrieved from /home/airflow/.local/lib/python3.8/site-packages/airflow/example_dags/example_branch_operator.py
[2025-01-14T00:16:44.182+0000] {logging_mixin.py:188} INFO - [2025-01-14T00:16:44.182+0000] {dag.py:3036} INFO - Sync 1 DAGs
[2025-01-14T00:16:44.196+0000] {logging_mixin.py:188} INFO - [2025-01-14T00:16:44.196+0000] {dag.py:3823} INFO - Setting next_dagrun for example_branch_operator to 2025-01-13 00:00:00+00:00, run_after=2025-01-14 00:00:00+00:00
[2025-01-14T00:16:44.209+0000] {processor.py:183} INFO - Processing /home/airflow/.local/lib/python3.8/site-packages/airflow/example_dags/example_branch_operator.py took 0.059 seconds
[2025-01-14T00:17:15.282+0000] {processor.py:161} INFO - Started process (PID=1335) to work on /home/airflow/.local/lib/python3.8/site-packages/airflow/example_dags/example_branch_operator.py
[2025-01-14T00:17:15.283+0000] {processor.py:830} INFO - Processing file /home/airflow/.local/lib/python3.8/site-packages/airflow/example_dags/example_branch_operator.py for tasks to queue
[2025-01-14T00:17:15.284+0000] {logging_mixin.py:188} INFO - [2025-01-14T00:17:15.283+0000] {dagbag.py:538} INFO - Filling up the DagBag from /home/airflow/.local/lib/python3.8/site-packages/airflow/example_dags/example_branch_operator.py
[2025-01-14T00:17:15.294+0000] {processor.py:840} INFO - DAG(s) 'example_branch_operator' retrieved from /home/airflow/.local/lib/python3.8/site-packages/airflow/example_dags/example_branch_operator.py
[2025-01-14T00:17:15.311+0000] {logging_mixin.py:188} INFO - [2025-01-14T00:17:15.311+0000] {dag.py:3036} INFO - Sync 1 DAGs
[2025-01-14T00:17:15.325+0000] {logging_mixin.py:188} INFO - [2025-01-14T00:17:15.325+0000] {dag.py:3823} INFO - Setting next_dagrun for example_branch_operator to 2025-01-13 00:00:00+00:00, run_after=2025-01-14 00:00:00+00:00
[2025-01-14T00:17:15.337+0000] {processor.py:183} INFO - Processing /home/airflow/.local/lib/python3.8/site-packages/airflow/example_dags/example_branch_operator.py took 0.057 seconds
[2025-01-14T00:17:46.325+0000] {processor.py:161} INFO - Started process (PID=1394) to work on /home/airflow/.local/lib/python3.8/site-packages/airflow/example_dags/example_branch_operator.py
[2025-01-14T00:17:46.326+0000] {processor.py:830} INFO - Processing file /home/airflow/.local/lib/python3.8/site-packages/airflow/example_dags/example_branch_operator.py for tasks to queue
[2025-01-14T00:17:46.327+0000] {logging_mixin.py:188} INFO - [2025-01-14T00:17:46.326+0000] {dagbag.py:538} INFO - Filling up the DagBag from /home/airflow/.local/lib/python3.8/site-packages/airflow/example_dags/example_branch_operator.py
[2025-01-14T00:17:46.337+0000] {processor.py:840} INFO - DAG(s) 'example_branch_operator' retrieved from /home/airflow/.local/lib/python3.8/site-packages/airflow/example_dags/example_branch_operator.py
[2025-01-14T00:17:46.354+0000] {logging_mixin.py:188} INFO - [2025-01-14T00:17:46.354+0000] {dag.py:3036} INFO - Sync 1 DAGs
[2025-01-14T00:17:46.368+0000] {logging_mixin.py:188} INFO - [2025-01-14T00:17:46.368+0000] {dag.py:3823} INFO - Setting next_dagrun for example_branch_operator to 2025-01-13 00:00:00+00:00, run_after=2025-01-14 00:00:00+00:00
[2025-01-14T00:17:46.380+0000] {processor.py:183} INFO - Processing /home/airflow/.local/lib/python3.8/site-packages/airflow/example_dags/example_branch_operator.py took 0.057 seconds
[2025-01-14T00:18:16.863+0000] {processor.py:161} INFO - Started process (PID=1454) to work on /home/airflow/.local/lib/python3.8/site-packages/airflow/example_dags/example_branch_operator.py
[2025-01-14T00:18:16.864+0000] {processor.py:830} INFO - Processing file /home/airflow/.local/lib/python3.8/site-packages/airflow/example_dags/example_branch_operator.py for tasks to queue
[2025-01-14T00:18:16.865+0000] {logging_mixin.py:188} INFO - [2025-01-14T00:18:16.865+0000] {dagbag.py:538} INFO - Filling up the DagBag from /home/airflow/.local/lib/python3.8/site-packages/airflow/example_dags/example_branch_operator.py
[2025-01-14T00:18:16.875+0000] {processor.py:840} INFO - DAG(s) 'example_branch_operator' retrieved from /home/airflow/.local/lib/python3.8/site-packages/airflow/example_dags/example_branch_operator.py
[2025-01-14T00:18:16.892+0000] {logging_mixin.py:188} INFO - [2025-01-14T00:18:16.892+0000] {dag.py:3036} INFO - Sync 1 DAGs
[2025-01-14T00:18:16.905+0000] {logging_mixin.py:188} INFO - [2025-01-14T00:18:16.905+0000] {dag.py:3823} INFO - Setting next_dagrun for example_branch_operator to 2025-01-13 00:00:00+00:00, run_after=2025-01-14 00:00:00+00:00
[2025-01-14T00:18:16.918+0000] {processor.py:183} INFO - Processing /home/airflow/.local/lib/python3.8/site-packages/airflow/example_dags/example_branch_operator.py took 0.057 seconds
[2025-01-14T00:18:48.050+0000] {processor.py:161} INFO - Started process (PID=1512) to work on /home/airflow/.local/lib/python3.8/site-packages/airflow/example_dags/example_branch_operator.py
[2025-01-14T00:18:48.054+0000] {processor.py:830} INFO - Processing file /home/airflow/.local/lib/python3.8/site-packages/airflow/example_dags/example_branch_operator.py for tasks to queue
[2025-01-14T00:18:48.055+0000] {logging_mixin.py:188} INFO - [2025-01-14T00:18:48.055+0000] {dagbag.py:538} INFO - Filling up the DagBag from /home/airflow/.local/lib/python3.8/site-packages/airflow/example_dags/example_branch_operator.py
[2025-01-14T00:18:48.066+0000] {processor.py:840} INFO - DAG(s) 'example_branch_operator' retrieved from /home/airflow/.local/lib/python3.8/site-packages/airflow/example_dags/example_branch_operator.py
[2025-01-14T00:18:48.087+0000] {logging_mixin.py:188} INFO - [2025-01-14T00:18:48.087+0000] {dag.py:3036} INFO - Sync 1 DAGs
[2025-01-14T00:18:48.104+0000] {logging_mixin.py:188} INFO - [2025-01-14T00:18:48.104+0000] {dag.py:3823} INFO - Setting next_dagrun for example_branch_operator to 2025-01-13 00:00:00+00:00, run_after=2025-01-14 00:00:00+00:00
[2025-01-14T00:18:48.119+0000] {processor.py:183} INFO - Processing /home/airflow/.local/lib/python3.8/site-packages/airflow/example_dags/example_branch_operator.py took 0.071 seconds
[2025-01-14T00:19:19.252+0000] {processor.py:161} INFO - Started process (PID=1571) to work on /home/airflow/.local/lib/python3.8/site-packages/airflow/example_dags/example_branch_operator.py
[2025-01-14T00:19:19.252+0000] {processor.py:830} INFO - Processing file /home/airflow/.local/lib/python3.8/site-packages/airflow/example_dags/example_branch_operator.py for tasks to queue
[2025-01-14T00:19:19.253+0000] {logging_mixin.py:188} INFO - [2025-01-14T00:19:19.253+0000] {dagbag.py:538} INFO - Filling up the DagBag from /home/airflow/.local/lib/python3.8/site-packages/airflow/example_dags/example_branch_operator.py
[2025-01-14T00:19:19.264+0000] {processor.py:840} INFO - DAG(s) 'example_branch_operator' retrieved from /home/airflow/.local/lib/python3.8/site-packages/airflow/example_dags/example_branch_operator.py
[2025-01-14T00:19:19.282+0000] {logging_mixin.py:188} INFO - [2025-01-14T00:19:19.282+0000] {dag.py:3036} INFO - Sync 1 DAGs
[2025-01-14T00:19:19.298+0000] {logging_mixin.py:188} INFO - [2025-01-14T00:19:19.298+0000] {dag.py:3823} INFO - Setting next_dagrun for example_branch_operator to 2025-01-13 00:00:00+00:00, run_after=2025-01-14 00:00:00+00:00
[2025-01-14T00:19:19.311+0000] {processor.py:183} INFO - Processing /home/airflow/.local/lib/python3.8/site-packages/airflow/example_dags/example_branch_operator.py took 0.062 seconds
[2025-01-14T00:19:50.535+0000] {processor.py:161} INFO - Started process (PID=1630) to work on /home/airflow/.local/lib/python3.8/site-packages/airflow/example_dags/example_branch_operator.py
[2025-01-14T00:19:50.535+0000] {processor.py:830} INFO - Processing file /home/airflow/.local/lib/python3.8/site-packages/airflow/example_dags/example_branch_operator.py for tasks to queue
[2025-01-14T00:19:50.536+0000] {logging_mixin.py:188} INFO - [2025-01-14T00:19:50.536+0000] {dagbag.py:538} INFO - Filling up the DagBag from /home/airflow/.local/lib/python3.8/site-packages/airflow/example_dags/example_branch_operator.py
[2025-01-14T00:19:50.549+0000] {processor.py:840} INFO - DAG(s) 'example_branch_operator' retrieved from /home/airflow/.local/lib/python3.8/site-packages/airflow/example_dags/example_branch_operator.py
[2025-01-14T00:19:50.567+0000] {logging_mixin.py:188} INFO - [2025-01-14T00:19:50.567+0000] {dag.py:3036} INFO - Sync 1 DAGs
[2025-01-14T00:19:50.582+0000] {logging_mixin.py:188} INFO - [2025-01-14T00:19:50.582+0000] {dag.py:3823} INFO - Setting next_dagrun for example_branch_operator to 2025-01-13 00:00:00+00:00, run_after=2025-01-14 00:00:00+00:00
[2025-01-14T00:19:50.595+0000] {processor.py:183} INFO - Processing /home/airflow/.local/lib/python3.8/site-packages/airflow/example_dags/example_branch_operator.py took 0.063 seconds
[2025-01-14T00:20:22.249+0000] {processor.py:161} INFO - Started process (PID=1689) to work on /home/airflow/.local/lib/python3.8/site-packages/airflow/example_dags/example_branch_operator.py
[2025-01-14T00:20:22.250+0000] {processor.py:830} INFO - Processing file /home/airflow/.local/lib/python3.8/site-packages/airflow/example_dags/example_branch_operator.py for tasks to queue
[2025-01-14T00:20:22.251+0000] {logging_mixin.py:188} INFO - [2025-01-14T00:20:22.250+0000] {dagbag.py:538} INFO - Filling up the DagBag from /home/airflow/.local/lib/python3.8/site-packages/airflow/example_dags/example_branch_operator.py
[2025-01-14T00:20:22.261+0000] {processor.py:840} INFO - DAG(s) 'example_branch_operator' retrieved from /home/airflow/.local/lib/python3.8/site-packages/airflow/example_dags/example_branch_operator.py
[2025-01-14T00:20:22.280+0000] {logging_mixin.py:188} INFO - [2025-01-14T00:20:22.280+0000] {dag.py:3036} INFO - Sync 1 DAGs
[2025-01-14T00:20:22.294+0000] {logging_mixin.py:188} INFO - [2025-01-14T00:20:22.294+0000] {dag.py:3823} INFO - Setting next_dagrun for example_branch_operator to 2025-01-13 00:00:00+00:00, run_after=2025-01-14 00:00:00+00:00
[2025-01-14T00:20:22.307+0000] {processor.py:183} INFO - Processing /home/airflow/.local/lib/python3.8/site-packages/airflow/example_dags/example_branch_operator.py took 0.060 seconds
[2025-01-14T00:20:52.376+0000] {processor.py:161} INFO - Started process (PID=1749) to work on /home/airflow/.local/lib/python3.8/site-packages/airflow/example_dags/example_branch_operator.py
[2025-01-14T00:20:52.377+0000] {processor.py:830} INFO - Processing file /home/airflow/.local/lib/python3.8/site-packages/airflow/example_dags/example_branch_operator.py for tasks to queue
[2025-01-14T00:20:52.378+0000] {logging_mixin.py:188} INFO - [2025-01-14T00:20:52.378+0000] {dagbag.py:538} INFO - Filling up the DagBag from /home/airflow/.local/lib/python3.8/site-packages/airflow/example_dags/example_branch_operator.py
[2025-01-14T00:20:52.389+0000] {processor.py:840} INFO - DAG(s) 'example_branch_operator' retrieved from /home/airflow/.local/lib/python3.8/site-packages/airflow/example_dags/example_branch_operator.py
[2025-01-14T00:20:52.406+0000] {logging_mixin.py:188} INFO - [2025-01-14T00:20:52.406+0000] {dag.py:3036} INFO - Sync 1 DAGs
[2025-01-14T00:20:52.423+0000] {logging_mixin.py:188} INFO - [2025-01-14T00:20:52.423+0000] {dag.py:3823} INFO - Setting next_dagrun for example_branch_operator to 2025-01-13 00:00:00+00:00, run_after=2025-01-14 00:00:00+00:00
[2025-01-14T00:20:52.436+0000] {processor.py:183} INFO - Processing /home/airflow/.local/lib/python3.8/site-packages/airflow/example_dags/example_branch_operator.py took 0.062 seconds
[2025-01-14T00:21:23.273+0000] {processor.py:161} INFO - Started process (PID=1807) to work on /home/airflow/.local/lib/python3.8/site-packages/airflow/example_dags/example_branch_operator.py
[2025-01-14T00:21:23.273+0000] {processor.py:830} INFO - Processing file /home/airflow/.local/lib/python3.8/site-packages/airflow/example_dags/example_branch_operator.py for tasks to queue
[2025-01-14T00:21:23.274+0000] {logging_mixin.py:188} INFO - [2025-01-14T00:21:23.274+0000] {dagbag.py:538} INFO - Filling up the DagBag from /home/airflow/.local/lib/python3.8/site-packages/airflow/example_dags/example_branch_operator.py
[2025-01-14T00:21:23.285+0000] {processor.py:840} INFO - DAG(s) 'example_branch_operator' retrieved from /home/airflow/.local/lib/python3.8/site-packages/airflow/example_dags/example_branch_operator.py
[2025-01-14T00:21:23.303+0000] {logging_mixin.py:188} INFO - [2025-01-14T00:21:23.302+0000] {dag.py:3036} INFO - Sync 1 DAGs
[2025-01-14T00:21:23.317+0000] {logging_mixin.py:188} INFO - [2025-01-14T00:21:23.317+0000] {dag.py:3823} INFO - Setting next_dagrun for example_branch_operator to 2025-01-13 00:00:00+00:00, run_after=2025-01-14 00:00:00+00:00
[2025-01-14T00:21:23.330+0000] {processor.py:183} INFO - Processing /home/airflow/.local/lib/python3.8/site-packages/airflow/example_dags/example_branch_operator.py took 0.059 seconds
[2025-01-14T00:21:54.696+0000] {processor.py:161} INFO - Started process (PID=1866) to work on /home/airflow/.local/lib/python3.8/site-packages/airflow/example_dags/example_branch_operator.py
[2025-01-14T00:21:54.697+0000] {processor.py:830} INFO - Processing file /home/airflow/.local/lib/python3.8/site-packages/airflow/example_dags/example_branch_operator.py for tasks to queue
[2025-01-14T00:21:54.698+0000] {logging_mixin.py:188} INFO - [2025-01-14T00:21:54.698+0000] {dagbag.py:538} INFO - Filling up the DagBag from /home/airflow/.local/lib/python3.8/site-packages/airflow/example_dags/example_branch_operator.py
[2025-01-14T00:21:54.710+0000] {processor.py:840} INFO - DAG(s) 'example_branch_operator' retrieved from /home/airflow/.local/lib/python3.8/site-packages/airflow/example_dags/example_branch_operator.py
[2025-01-14T00:21:54.728+0000] {logging_mixin.py:188} INFO - [2025-01-14T00:21:54.728+0000] {dag.py:3036} INFO - Sync 1 DAGs
[2025-01-14T00:21:54.742+0000] {logging_mixin.py:188} INFO - [2025-01-14T00:21:54.741+0000] {dag.py:3823} INFO - Setting next_dagrun for example_branch_operator to 2025-01-13 00:00:00+00:00, run_after=2025-01-14 00:00:00+00:00
[2025-01-14T00:21:54.755+0000] {processor.py:183} INFO - Processing /home/airflow/.local/lib/python3.8/site-packages/airflow/example_dags/example_branch_operator.py took 0.061 seconds
[2025-01-14T00:22:25.940+0000] {processor.py:161} INFO - Started process (PID=1925) to work on /home/airflow/.local/lib/python3.8/site-packages/airflow/example_dags/example_branch_operator.py
[2025-01-14T00:22:25.941+0000] {processor.py:830} INFO - Processing file /home/airflow/.local/lib/python3.8/site-packages/airflow/example_dags/example_branch_operator.py for tasks to queue
[2025-01-14T00:22:25.942+0000] {logging_mixin.py:188} INFO - [2025-01-14T00:22:25.942+0000] {dagbag.py:538} INFO - Filling up the DagBag from /home/airflow/.local/lib/python3.8/site-packages/airflow/example_dags/example_branch_operator.py
[2025-01-14T00:22:25.953+0000] {processor.py:840} INFO - DAG(s) 'example_branch_operator' retrieved from /home/airflow/.local/lib/python3.8/site-packages/airflow/example_dags/example_branch_operator.py
[2025-01-14T00:22:25.969+0000] {logging_mixin.py:188} INFO - [2025-01-14T00:22:25.969+0000] {dag.py:3036} INFO - Sync 1 DAGs
[2025-01-14T00:22:25.983+0000] {logging_mixin.py:188} INFO - [2025-01-14T00:22:25.983+0000] {dag.py:3823} INFO - Setting next_dagrun for example_branch_operator to 2025-01-13 00:00:00+00:00, run_after=2025-01-14 00:00:00+00:00
[2025-01-14T00:22:25.995+0000] {processor.py:183} INFO - Processing /home/airflow/.local/lib/python3.8/site-packages/airflow/example_dags/example_branch_operator.py took 0.057 seconds
[2025-01-14T00:22:57.047+0000] {processor.py:161} INFO - Started process (PID=1984) to work on /home/airflow/.local/lib/python3.8/site-packages/airflow/example_dags/example_branch_operator.py
[2025-01-14T00:22:57.047+0000] {processor.py:830} INFO - Processing file /home/airflow/.local/lib/python3.8/site-packages/airflow/example_dags/example_branch_operator.py for tasks to queue
[2025-01-14T00:22:57.048+0000] {logging_mixin.py:188} INFO - [2025-01-14T00:22:57.048+0000] {dagbag.py:538} INFO - Filling up the DagBag from /home/airflow/.local/lib/python3.8/site-packages/airflow/example_dags/example_branch_operator.py
[2025-01-14T00:22:57.059+0000] {processor.py:840} INFO - DAG(s) 'example_branch_operator' retrieved from /home/airflow/.local/lib/python3.8/site-packages/airflow/example_dags/example_branch_operator.py
[2025-01-14T00:22:57.076+0000] {logging_mixin.py:188} INFO - [2025-01-14T00:22:57.076+0000] {dag.py:3036} INFO - Sync 1 DAGs
[2025-01-14T00:22:57.092+0000] {logging_mixin.py:188} INFO - [2025-01-14T00:22:57.092+0000] {dag.py:3823} INFO - Setting next_dagrun for example_branch_operator to 2025-01-13 00:00:00+00:00, run_after=2025-01-14 00:00:00+00:00
[2025-01-14T00:22:57.107+0000] {processor.py:183} INFO - Processing /home/airflow/.local/lib/python3.8/site-packages/airflow/example_dags/example_branch_operator.py took 0.062 seconds
[2025-01-14T00:23:28.241+0000] {processor.py:161} INFO - Started process (PID=2043) to work on /home/airflow/.local/lib/python3.8/site-packages/airflow/example_dags/example_branch_operator.py
[2025-01-14T00:23:28.241+0000] {processor.py:830} INFO - Processing file /home/airflow/.local/lib/python3.8/site-packages/airflow/example_dags/example_branch_operator.py for tasks to queue
[2025-01-14T00:23:28.242+0000] {logging_mixin.py:188} INFO - [2025-01-14T00:23:28.242+0000] {dagbag.py:538} INFO - Filling up the DagBag from /home/airflow/.local/lib/python3.8/site-packages/airflow/example_dags/example_branch_operator.py
[2025-01-14T00:23:28.253+0000] {processor.py:840} INFO - DAG(s) 'example_branch_operator' retrieved from /home/airflow/.local/lib/python3.8/site-packages/airflow/example_dags/example_branch_operator.py
[2025-01-14T00:23:28.270+0000] {logging_mixin.py:188} INFO - [2025-01-14T00:23:28.270+0000] {dag.py:3036} INFO - Sync 1 DAGs
[2025-01-14T00:23:28.284+0000] {logging_mixin.py:188} INFO - [2025-01-14T00:23:28.284+0000] {dag.py:3823} INFO - Setting next_dagrun for example_branch_operator to 2025-01-13 00:00:00+00:00, run_after=2025-01-14 00:00:00+00:00
[2025-01-14T00:23:28.297+0000] {processor.py:183} INFO - Processing /home/airflow/.local/lib/python3.8/site-packages/airflow/example_dags/example_branch_operator.py took 0.059 seconds
[2025-01-14T00:23:59.350+0000] {processor.py:161} INFO - Started process (PID=2102) to work on /home/airflow/.local/lib/python3.8/site-packages/airflow/example_dags/example_branch_operator.py
[2025-01-14T00:23:59.351+0000] {processor.py:830} INFO - Processing file /home/airflow/.local/lib/python3.8/site-packages/airflow/example_dags/example_branch_operator.py for tasks to queue
[2025-01-14T00:23:59.352+0000] {logging_mixin.py:188} INFO - [2025-01-14T00:23:59.351+0000] {dagbag.py:538} INFO - Filling up the DagBag from /home/airflow/.local/lib/python3.8/site-packages/airflow/example_dags/example_branch_operator.py
[2025-01-14T00:23:59.362+0000] {processor.py:840} INFO - DAG(s) 'example_branch_operator' retrieved from /home/airflow/.local/lib/python3.8/site-packages/airflow/example_dags/example_branch_operator.py
[2025-01-14T00:23:59.379+0000] {logging_mixin.py:188} INFO - [2025-01-14T00:23:59.379+0000] {dag.py:3036} INFO - Sync 1 DAGs
[2025-01-14T00:23:59.394+0000] {logging_mixin.py:188} INFO - [2025-01-14T00:23:59.393+0000] {dag.py:3823} INFO - Setting next_dagrun for example_branch_operator to 2025-01-13 00:00:00+00:00, run_after=2025-01-14 00:00:00+00:00
[2025-01-14T00:23:59.407+0000] {processor.py:183} INFO - Processing /home/airflow/.local/lib/python3.8/site-packages/airflow/example_dags/example_branch_operator.py took 0.058 seconds
[2025-01-14T00:24:30.395+0000] {processor.py:161} INFO - Started process (PID=2161) to work on /home/airflow/.local/lib/python3.8/site-packages/airflow/example_dags/example_branch_operator.py
[2025-01-14T00:24:30.396+0000] {processor.py:830} INFO - Processing file /home/airflow/.local/lib/python3.8/site-packages/airflow/example_dags/example_branch_operator.py for tasks to queue
[2025-01-14T00:24:30.397+0000] {logging_mixin.py:188} INFO - [2025-01-14T00:24:30.397+0000] {dagbag.py:538} INFO - Filling up the DagBag from /home/airflow/.local/lib/python3.8/site-packages/airflow/example_dags/example_branch_operator.py
[2025-01-14T00:24:30.408+0000] {processor.py:840} INFO - DAG(s) 'example_branch_operator' retrieved from /home/airflow/.local/lib/python3.8/site-packages/airflow/example_dags/example_branch_operator.py
[2025-01-14T00:24:30.425+0000] {logging_mixin.py:188} INFO - [2025-01-14T00:24:30.425+0000] {dag.py:3036} INFO - Sync 1 DAGs
[2025-01-14T00:24:30.441+0000] {logging_mixin.py:188} INFO - [2025-01-14T00:24:30.441+0000] {dag.py:3823} INFO - Setting next_dagrun for example_branch_operator to 2025-01-13 00:00:00+00:00, run_after=2025-01-14 00:00:00+00:00
[2025-01-14T00:24:30.454+0000] {processor.py:183} INFO - Processing /home/airflow/.local/lib/python3.8/site-packages/airflow/example_dags/example_branch_operator.py took 0.061 seconds
[2025-01-14T00:25:00.729+0000] {processor.py:161} INFO - Started process (PID=2220) to work on /home/airflow/.local/lib/python3.8/site-packages/airflow/example_dags/example_branch_operator.py
[2025-01-14T00:25:00.729+0000] {processor.py:830} INFO - Processing file /home/airflow/.local/lib/python3.8/site-packages/airflow/example_dags/example_branch_operator.py for tasks to queue
[2025-01-14T00:25:00.730+0000] {logging_mixin.py:188} INFO - [2025-01-14T00:25:00.730+0000] {dagbag.py:538} INFO - Filling up the DagBag from /home/airflow/.local/lib/python3.8/site-packages/airflow/example_dags/example_branch_operator.py
[2025-01-14T00:25:00.741+0000] {processor.py:840} INFO - DAG(s) 'example_branch_operator' retrieved from /home/airflow/.local/lib/python3.8/site-packages/airflow/example_dags/example_branch_operator.py
[2025-01-14T00:25:00.759+0000] {logging_mixin.py:188} INFO - [2025-01-14T00:25:00.759+0000] {dag.py:3036} INFO - Sync 1 DAGs
[2025-01-14T00:25:00.774+0000] {logging_mixin.py:188} INFO - [2025-01-14T00:25:00.774+0000] {dag.py:3823} INFO - Setting next_dagrun for example_branch_operator to 2025-01-13 00:00:00+00:00, run_after=2025-01-14 00:00:00+00:00
[2025-01-14T00:25:00.790+0000] {processor.py:183} INFO - Processing /home/airflow/.local/lib/python3.8/site-packages/airflow/example_dags/example_branch_operator.py took 0.063 seconds
[2025-01-14T00:25:31.713+0000] {processor.py:161} INFO - Started process (PID=2279) to work on /home/airflow/.local/lib/python3.8/site-packages/airflow/example_dags/example_branch_operator.py
[2025-01-14T00:25:31.714+0000] {processor.py:830} INFO - Processing file /home/airflow/.local/lib/python3.8/site-packages/airflow/example_dags/example_branch_operator.py for tasks to queue
[2025-01-14T00:25:31.715+0000] {logging_mixin.py:188} INFO - [2025-01-14T00:25:31.715+0000] {dagbag.py:538} INFO - Filling up the DagBag from /home/airflow/.local/lib/python3.8/site-packages/airflow/example_dags/example_branch_operator.py
[2025-01-14T00:25:31.726+0000] {processor.py:840} INFO - DAG(s) 'example_branch_operator' retrieved from /home/airflow/.local/lib/python3.8/site-packages/airflow/example_dags/example_branch_operator.py
[2025-01-14T00:25:31.744+0000] {logging_mixin.py:188} INFO - [2025-01-14T00:25:31.744+0000] {dag.py:3036} INFO - Sync 1 DAGs
[2025-01-14T00:25:31.759+0000] {logging_mixin.py:188} INFO - [2025-01-14T00:25:31.759+0000] {dag.py:3823} INFO - Setting next_dagrun for example_branch_operator to 2025-01-13 00:00:00+00:00, run_after=2025-01-14 00:00:00+00:00
[2025-01-14T00:25:31.776+0000] {processor.py:183} INFO - Processing /home/airflow/.local/lib/python3.8/site-packages/airflow/example_dags/example_branch_operator.py took 0.065 seconds
[2025-01-14T00:26:03.328+0000] {processor.py:161} INFO - Started process (PID=2340) to work on /home/airflow/.local/lib/python3.8/site-packages/airflow/example_dags/example_branch_operator.py
[2025-01-14T00:26:03.329+0000] {processor.py:830} INFO - Processing file /home/airflow/.local/lib/python3.8/site-packages/airflow/example_dags/example_branch_operator.py for tasks to queue
[2025-01-14T00:26:03.330+0000] {logging_mixin.py:188} INFO - [2025-01-14T00:26:03.330+0000] {dagbag.py:538} INFO - Filling up the DagBag from /home/airflow/.local/lib/python3.8/site-packages/airflow/example_dags/example_branch_operator.py
[2025-01-14T00:26:03.340+0000] {processor.py:840} INFO - DAG(s) 'example_branch_operator' retrieved from /home/airflow/.local/lib/python3.8/site-packages/airflow/example_dags/example_branch_operator.py
[2025-01-14T00:26:03.357+0000] {logging_mixin.py:188} INFO - [2025-01-14T00:26:03.357+0000] {dag.py:3036} INFO - Sync 1 DAGs
[2025-01-14T00:26:03.371+0000] {logging_mixin.py:188} INFO - [2025-01-14T00:26:03.371+0000] {dag.py:3823} INFO - Setting next_dagrun for example_branch_operator to 2025-01-13 00:00:00+00:00, run_after=2025-01-14 00:00:00+00:00
[2025-01-14T00:26:03.384+0000] {processor.py:183} INFO - Processing /home/airflow/.local/lib/python3.8/site-packages/airflow/example_dags/example_branch_operator.py took 0.058 seconds
[2025-01-14T00:26:34.417+0000] {processor.py:161} INFO - Started process (PID=2399) to work on /home/airflow/.local/lib/python3.8/site-packages/airflow/example_dags/example_branch_operator.py
[2025-01-14T00:26:34.417+0000] {processor.py:830} INFO - Processing file /home/airflow/.local/lib/python3.8/site-packages/airflow/example_dags/example_branch_operator.py for tasks to queue
[2025-01-14T00:26:34.419+0000] {logging_mixin.py:188} INFO - [2025-01-14T00:26:34.418+0000] {dagbag.py:538} INFO - Filling up the DagBag from /home/airflow/.local/lib/python3.8/site-packages/airflow/example_dags/example_branch_operator.py
[2025-01-14T00:26:34.430+0000] {processor.py:840} INFO - DAG(s) 'example_branch_operator' retrieved from /home/airflow/.local/lib/python3.8/site-packages/airflow/example_dags/example_branch_operator.py
[2025-01-14T00:26:34.448+0000] {logging_mixin.py:188} INFO - [2025-01-14T00:26:34.447+0000] {dag.py:3036} INFO - Sync 1 DAGs
[2025-01-14T00:26:34.462+0000] {logging_mixin.py:188} INFO - [2025-01-14T00:26:34.462+0000] {dag.py:3823} INFO - Setting next_dagrun for example_branch_operator to 2025-01-13 00:00:00+00:00, run_after=2025-01-14 00:00:00+00:00
[2025-01-14T00:26:34.474+0000] {processor.py:183} INFO - Processing /home/airflow/.local/lib/python3.8/site-packages/airflow/example_dags/example_branch_operator.py took 0.059 seconds
[2025-01-14T00:27:05.155+0000] {processor.py:161} INFO - Started process (PID=2458) to work on /home/airflow/.local/lib/python3.8/site-packages/airflow/example_dags/example_branch_operator.py
[2025-01-14T00:27:05.156+0000] {processor.py:830} INFO - Processing file /home/airflow/.local/lib/python3.8/site-packages/airflow/example_dags/example_branch_operator.py for tasks to queue
[2025-01-14T00:27:05.157+0000] {logging_mixin.py:188} INFO - [2025-01-14T00:27:05.157+0000] {dagbag.py:538} INFO - Filling up the DagBag from /home/airflow/.local/lib/python3.8/site-packages/airflow/example_dags/example_branch_operator.py
[2025-01-14T00:27:05.171+0000] {processor.py:840} INFO - DAG(s) 'example_branch_operator' retrieved from /home/airflow/.local/lib/python3.8/site-packages/airflow/example_dags/example_branch_operator.py
[2025-01-14T00:27:05.193+0000] {logging_mixin.py:188} INFO - [2025-01-14T00:27:05.193+0000] {dag.py:3036} INFO - Sync 1 DAGs
[2025-01-14T00:27:05.340+0000] {logging_mixin.py:188} INFO - [2025-01-14T00:27:05.340+0000] {dag.py:3823} INFO - Setting next_dagrun for example_branch_operator to 2025-01-13 00:00:00+00:00, run_after=2025-01-14 00:00:00+00:00
[2025-01-14T00:27:05.355+0000] {processor.py:183} INFO - Processing /home/airflow/.local/lib/python3.8/site-packages/airflow/example_dags/example_branch_operator.py took 0.202 seconds
[2025-01-14T00:27:35.657+0000] {processor.py:161} INFO - Started process (PID=2517) to work on /home/airflow/.local/lib/python3.8/site-packages/airflow/example_dags/example_branch_operator.py
[2025-01-14T00:27:35.657+0000] {processor.py:830} INFO - Processing file /home/airflow/.local/lib/python3.8/site-packages/airflow/example_dags/example_branch_operator.py for tasks to queue
[2025-01-14T00:27:35.659+0000] {logging_mixin.py:188} INFO - [2025-01-14T00:27:35.659+0000] {dagbag.py:538} INFO - Filling up the DagBag from /home/airflow/.local/lib/python3.8/site-packages/airflow/example_dags/example_branch_operator.py
[2025-01-14T00:27:35.670+0000] {processor.py:840} INFO - DAG(s) 'example_branch_operator' retrieved from /home/airflow/.local/lib/python3.8/site-packages/airflow/example_dags/example_branch_operator.py
[2025-01-14T00:27:35.691+0000] {logging_mixin.py:188} INFO - [2025-01-14T00:27:35.691+0000] {dag.py:3036} INFO - Sync 1 DAGs
[2025-01-14T00:27:35.810+0000] {logging_mixin.py:188} INFO - [2025-01-14T00:27:35.810+0000] {dag.py:3823} INFO - Setting next_dagrun for example_branch_operator to 2025-01-13 00:00:00+00:00, run_after=2025-01-14 00:00:00+00:00
[2025-01-14T00:27:35.825+0000] {processor.py:183} INFO - Processing /home/airflow/.local/lib/python3.8/site-packages/airflow/example_dags/example_branch_operator.py took 0.171 seconds
