[2025-01-14T00:00:06.339+0000] {processor.py:161} INFO - Started process (PID=10545) to work on /home/airflow/.local/lib/python3.8/site-packages/airflow/example_dags/example_python_decorator.py
[2025-01-14T00:00:06.340+0000] {processor.py:830} INFO - Processing file /home/airflow/.local/lib/python3.8/site-packages/airflow/example_dags/example_python_decorator.py for tasks to queue
[2025-01-14T00:00:06.340+0000] {logging_mixin.py:188} INFO - [2025-01-14T00:00:06.340+0000] {dagbag.py:538} INFO - Filling up the DagBag from /home/airflow/.local/lib/python3.8/site-packages/airflow/example_dags/example_python_decorator.py
[2025-01-14T00:00:06.349+0000] {processor.py:840} INFO - DAG(s) 'example_python_decorator' retrieved from /home/airflow/.local/lib/python3.8/site-packages/airflow/example_dags/example_python_decorator.py
[2025-01-14T00:00:06.364+0000] {logging_mixin.py:188} INFO - [2025-01-14T00:00:06.364+0000] {dag.py:3036} INFO - Sync 1 DAGs
[2025-01-14T00:00:06.374+0000] {logging_mixin.py:188} INFO - [2025-01-14T00:00:06.373+0000] {dag.py:3823} INFO - Setting next_dagrun for example_python_decorator to None, run_after=None
[2025-01-14T00:00:06.387+0000] {processor.py:183} INFO - Processing /home/airflow/.local/lib/python3.8/site-packages/airflow/example_dags/example_python_decorator.py took 0.050 seconds
[2025-01-14T00:00:36.405+0000] {processor.py:161} INFO - Started process (PID=10606) to work on /home/airflow/.local/lib/python3.8/site-packages/airflow/example_dags/example_python_decorator.py
[2025-01-14T00:00:36.406+0000] {processor.py:830} INFO - Processing file /home/airflow/.local/lib/python3.8/site-packages/airflow/example_dags/example_python_decorator.py for tasks to queue
[2025-01-14T00:00:36.407+0000] {logging_mixin.py:188} INFO - [2025-01-14T00:00:36.407+0000] {dagbag.py:538} INFO - Filling up the DagBag from /home/airflow/.local/lib/python3.8/site-packages/airflow/example_dags/example_python_decorator.py
[2025-01-14T00:00:36.415+0000] {processor.py:840} INFO - DAG(s) 'example_python_decorator' retrieved from /home/airflow/.local/lib/python3.8/site-packages/airflow/example_dags/example_python_decorator.py
[2025-01-14T00:00:36.429+0000] {logging_mixin.py:188} INFO - [2025-01-14T00:00:36.429+0000] {dag.py:3036} INFO - Sync 1 DAGs
[2025-01-14T00:00:36.437+0000] {logging_mixin.py:188} INFO - [2025-01-14T00:00:36.437+0000] {dag.py:3823} INFO - Setting next_dagrun for example_python_decorator to None, run_after=None
[2025-01-14T00:00:36.449+0000] {processor.py:183} INFO - Processing /home/airflow/.local/lib/python3.8/site-packages/airflow/example_dags/example_python_decorator.py took 0.045 seconds
[2025-01-14T00:01:06.511+0000] {processor.py:161} INFO - Started process (PID=10665) to work on /home/airflow/.local/lib/python3.8/site-packages/airflow/example_dags/example_python_decorator.py
[2025-01-14T00:01:06.511+0000] {processor.py:830} INFO - Processing file /home/airflow/.local/lib/python3.8/site-packages/airflow/example_dags/example_python_decorator.py for tasks to queue
[2025-01-14T00:01:06.512+0000] {logging_mixin.py:188} INFO - [2025-01-14T00:01:06.512+0000] {dagbag.py:538} INFO - Filling up the DagBag from /home/airflow/.local/lib/python3.8/site-packages/airflow/example_dags/example_python_decorator.py
[2025-01-14T00:01:06.520+0000] {processor.py:840} INFO - DAG(s) 'example_python_decorator' retrieved from /home/airflow/.local/lib/python3.8/site-packages/airflow/example_dags/example_python_decorator.py
[2025-01-14T00:01:06.535+0000] {logging_mixin.py:188} INFO - [2025-01-14T00:01:06.535+0000] {dag.py:3036} INFO - Sync 1 DAGs
[2025-01-14T00:01:06.543+0000] {logging_mixin.py:188} INFO - [2025-01-14T00:01:06.543+0000] {dag.py:3823} INFO - Setting next_dagrun for example_python_decorator to None, run_after=None
[2025-01-14T00:01:06.556+0000] {processor.py:183} INFO - Processing /home/airflow/.local/lib/python3.8/site-packages/airflow/example_dags/example_python_decorator.py took 0.048 seconds
[2025-01-14T00:01:36.619+0000] {processor.py:161} INFO - Started process (PID=10724) to work on /home/airflow/.local/lib/python3.8/site-packages/airflow/example_dags/example_python_decorator.py
[2025-01-14T00:01:36.620+0000] {processor.py:830} INFO - Processing file /home/airflow/.local/lib/python3.8/site-packages/airflow/example_dags/example_python_decorator.py for tasks to queue
[2025-01-14T00:01:36.620+0000] {logging_mixin.py:188} INFO - [2025-01-14T00:01:36.620+0000] {dagbag.py:538} INFO - Filling up the DagBag from /home/airflow/.local/lib/python3.8/site-packages/airflow/example_dags/example_python_decorator.py
[2025-01-14T00:01:36.628+0000] {processor.py:840} INFO - DAG(s) 'example_python_decorator' retrieved from /home/airflow/.local/lib/python3.8/site-packages/airflow/example_dags/example_python_decorator.py
[2025-01-14T00:01:36.643+0000] {logging_mixin.py:188} INFO - [2025-01-14T00:01:36.643+0000] {dag.py:3036} INFO - Sync 1 DAGs
[2025-01-14T00:01:36.650+0000] {logging_mixin.py:188} INFO - [2025-01-14T00:01:36.650+0000] {dag.py:3823} INFO - Setting next_dagrun for example_python_decorator to None, run_after=None
[2025-01-14T00:01:36.662+0000] {processor.py:183} INFO - Processing /home/airflow/.local/lib/python3.8/site-packages/airflow/example_dags/example_python_decorator.py took 0.045 seconds
[2025-01-14T00:02:07.650+0000] {processor.py:161} INFO - Started process (PID=10783) to work on /home/airflow/.local/lib/python3.8/site-packages/airflow/example_dags/example_python_decorator.py
[2025-01-14T00:02:07.650+0000] {processor.py:830} INFO - Processing file /home/airflow/.local/lib/python3.8/site-packages/airflow/example_dags/example_python_decorator.py for tasks to queue
[2025-01-14T00:02:07.651+0000] {logging_mixin.py:188} INFO - [2025-01-14T00:02:07.651+0000] {dagbag.py:538} INFO - Filling up the DagBag from /home/airflow/.local/lib/python3.8/site-packages/airflow/example_dags/example_python_decorator.py
[2025-01-14T00:02:07.659+0000] {processor.py:840} INFO - DAG(s) 'example_python_decorator' retrieved from /home/airflow/.local/lib/python3.8/site-packages/airflow/example_dags/example_python_decorator.py
[2025-01-14T00:02:07.673+0000] {logging_mixin.py:188} INFO - [2025-01-14T00:02:07.673+0000] {dag.py:3036} INFO - Sync 1 DAGs
[2025-01-14T00:02:07.680+0000] {logging_mixin.py:188} INFO - [2025-01-14T00:02:07.680+0000] {dag.py:3823} INFO - Setting next_dagrun for example_python_decorator to None, run_after=None
[2025-01-14T00:02:07.692+0000] {processor.py:183} INFO - Processing /home/airflow/.local/lib/python3.8/site-packages/airflow/example_dags/example_python_decorator.py took 0.044 seconds
[2025-01-14T00:02:38.498+0000] {processor.py:161} INFO - Started process (PID=10842) to work on /home/airflow/.local/lib/python3.8/site-packages/airflow/example_dags/example_python_decorator.py
[2025-01-14T00:02:38.499+0000] {processor.py:830} INFO - Processing file /home/airflow/.local/lib/python3.8/site-packages/airflow/example_dags/example_python_decorator.py for tasks to queue
[2025-01-14T00:02:38.500+0000] {logging_mixin.py:188} INFO - [2025-01-14T00:02:38.500+0000] {dagbag.py:538} INFO - Filling up the DagBag from /home/airflow/.local/lib/python3.8/site-packages/airflow/example_dags/example_python_decorator.py
[2025-01-14T00:02:38.508+0000] {processor.py:840} INFO - DAG(s) 'example_python_decorator' retrieved from /home/airflow/.local/lib/python3.8/site-packages/airflow/example_dags/example_python_decorator.py
[2025-01-14T00:02:38.523+0000] {logging_mixin.py:188} INFO - [2025-01-14T00:02:38.523+0000] {dag.py:3036} INFO - Sync 1 DAGs
[2025-01-14T00:02:38.530+0000] {logging_mixin.py:188} INFO - [2025-01-14T00:02:38.530+0000] {dag.py:3823} INFO - Setting next_dagrun for example_python_decorator to None, run_after=None
[2025-01-14T00:02:38.543+0000] {processor.py:183} INFO - Processing /home/airflow/.local/lib/python3.8/site-packages/airflow/example_dags/example_python_decorator.py took 0.047 seconds
[2025-01-14T00:03:08.747+0000] {processor.py:161} INFO - Started process (PID=10901) to work on /home/airflow/.local/lib/python3.8/site-packages/airflow/example_dags/example_python_decorator.py
[2025-01-14T00:03:08.747+0000] {processor.py:830} INFO - Processing file /home/airflow/.local/lib/python3.8/site-packages/airflow/example_dags/example_python_decorator.py for tasks to queue
[2025-01-14T00:03:08.748+0000] {logging_mixin.py:188} INFO - [2025-01-14T00:03:08.748+0000] {dagbag.py:538} INFO - Filling up the DagBag from /home/airflow/.local/lib/python3.8/site-packages/airflow/example_dags/example_python_decorator.py
[2025-01-14T00:03:08.756+0000] {processor.py:840} INFO - DAG(s) 'example_python_decorator' retrieved from /home/airflow/.local/lib/python3.8/site-packages/airflow/example_dags/example_python_decorator.py
[2025-01-14T00:03:08.771+0000] {logging_mixin.py:188} INFO - [2025-01-14T00:03:08.771+0000] {dag.py:3036} INFO - Sync 1 DAGs
[2025-01-14T00:03:08.779+0000] {logging_mixin.py:188} INFO - [2025-01-14T00:03:08.779+0000] {dag.py:3823} INFO - Setting next_dagrun for example_python_decorator to None, run_after=None
[2025-01-14T00:03:08.791+0000] {processor.py:183} INFO - Processing /home/airflow/.local/lib/python3.8/site-packages/airflow/example_dags/example_python_decorator.py took 0.046 seconds
[2025-01-14T00:03:38.881+0000] {processor.py:161} INFO - Started process (PID=10960) to work on /home/airflow/.local/lib/python3.8/site-packages/airflow/example_dags/example_python_decorator.py
[2025-01-14T00:03:38.882+0000] {processor.py:830} INFO - Processing file /home/airflow/.local/lib/python3.8/site-packages/airflow/example_dags/example_python_decorator.py for tasks to queue
[2025-01-14T00:03:38.882+0000] {logging_mixin.py:188} INFO - [2025-01-14T00:03:38.882+0000] {dagbag.py:538} INFO - Filling up the DagBag from /home/airflow/.local/lib/python3.8/site-packages/airflow/example_dags/example_python_decorator.py
[2025-01-14T00:03:38.890+0000] {processor.py:840} INFO - DAG(s) 'example_python_decorator' retrieved from /home/airflow/.local/lib/python3.8/site-packages/airflow/example_dags/example_python_decorator.py
[2025-01-14T00:03:38.905+0000] {logging_mixin.py:188} INFO - [2025-01-14T00:03:38.904+0000] {dag.py:3036} INFO - Sync 1 DAGs
[2025-01-14T00:03:38.912+0000] {logging_mixin.py:188} INFO - [2025-01-14T00:03:38.912+0000] {dag.py:3823} INFO - Setting next_dagrun for example_python_decorator to None, run_after=None
[2025-01-14T00:03:38.924+0000] {processor.py:183} INFO - Processing /home/airflow/.local/lib/python3.8/site-packages/airflow/example_dags/example_python_decorator.py took 0.045 seconds
[2025-01-14T00:04:09.870+0000] {processor.py:161} INFO - Started process (PID=11019) to work on /home/airflow/.local/lib/python3.8/site-packages/airflow/example_dags/example_python_decorator.py
[2025-01-14T00:04:09.871+0000] {processor.py:830} INFO - Processing file /home/airflow/.local/lib/python3.8/site-packages/airflow/example_dags/example_python_decorator.py for tasks to queue
[2025-01-14T00:04:09.872+0000] {logging_mixin.py:188} INFO - [2025-01-14T00:04:09.872+0000] {dagbag.py:538} INFO - Filling up the DagBag from /home/airflow/.local/lib/python3.8/site-packages/airflow/example_dags/example_python_decorator.py
[2025-01-14T00:04:09.880+0000] {processor.py:840} INFO - DAG(s) 'example_python_decorator' retrieved from /home/airflow/.local/lib/python3.8/site-packages/airflow/example_dags/example_python_decorator.py
[2025-01-14T00:04:09.895+0000] {logging_mixin.py:188} INFO - [2025-01-14T00:04:09.895+0000] {dag.py:3036} INFO - Sync 1 DAGs
[2025-01-14T00:04:09.903+0000] {logging_mixin.py:188} INFO - [2025-01-14T00:04:09.903+0000] {dag.py:3823} INFO - Setting next_dagrun for example_python_decorator to None, run_after=None
[2025-01-14T00:04:09.915+0000] {processor.py:183} INFO - Processing /home/airflow/.local/lib/python3.8/site-packages/airflow/example_dags/example_python_decorator.py took 0.047 seconds
[2025-01-14T00:04:40.953+0000] {processor.py:161} INFO - Started process (PID=11078) to work on /home/airflow/.local/lib/python3.8/site-packages/airflow/example_dags/example_python_decorator.py
[2025-01-14T00:04:40.953+0000] {processor.py:830} INFO - Processing file /home/airflow/.local/lib/python3.8/site-packages/airflow/example_dags/example_python_decorator.py for tasks to queue
[2025-01-14T00:04:40.954+0000] {logging_mixin.py:188} INFO - [2025-01-14T00:04:40.954+0000] {dagbag.py:538} INFO - Filling up the DagBag from /home/airflow/.local/lib/python3.8/site-packages/airflow/example_dags/example_python_decorator.py
[2025-01-14T00:04:40.963+0000] {processor.py:840} INFO - DAG(s) 'example_python_decorator' retrieved from /home/airflow/.local/lib/python3.8/site-packages/airflow/example_dags/example_python_decorator.py
[2025-01-14T00:04:40.979+0000] {logging_mixin.py:188} INFO - [2025-01-14T00:04:40.979+0000] {dag.py:3036} INFO - Sync 1 DAGs
[2025-01-14T00:04:40.987+0000] {logging_mixin.py:188} INFO - [2025-01-14T00:04:40.987+0000] {dag.py:3823} INFO - Setting next_dagrun for example_python_decorator to None, run_after=None
[2025-01-14T00:04:40.999+0000] {processor.py:183} INFO - Processing /home/airflow/.local/lib/python3.8/site-packages/airflow/example_dags/example_python_decorator.py took 0.049 seconds
[2025-01-14T00:05:11.202+0000] {processor.py:161} INFO - Started process (PID=11137) to work on /home/airflow/.local/lib/python3.8/site-packages/airflow/example_dags/example_python_decorator.py
[2025-01-14T00:05:11.202+0000] {processor.py:830} INFO - Processing file /home/airflow/.local/lib/python3.8/site-packages/airflow/example_dags/example_python_decorator.py for tasks to queue
[2025-01-14T00:05:11.203+0000] {logging_mixin.py:188} INFO - [2025-01-14T00:05:11.203+0000] {dagbag.py:538} INFO - Filling up the DagBag from /home/airflow/.local/lib/python3.8/site-packages/airflow/example_dags/example_python_decorator.py
[2025-01-14T00:05:11.210+0000] {processor.py:840} INFO - DAG(s) 'example_python_decorator' retrieved from /home/airflow/.local/lib/python3.8/site-packages/airflow/example_dags/example_python_decorator.py
[2025-01-14T00:05:11.225+0000] {logging_mixin.py:188} INFO - [2025-01-14T00:05:11.224+0000] {dag.py:3036} INFO - Sync 1 DAGs
[2025-01-14T00:05:11.232+0000] {logging_mixin.py:188} INFO - [2025-01-14T00:05:11.232+0000] {dag.py:3823} INFO - Setting next_dagrun for example_python_decorator to None, run_after=None
[2025-01-14T00:05:11.243+0000] {processor.py:183} INFO - Processing /home/airflow/.local/lib/python3.8/site-packages/airflow/example_dags/example_python_decorator.py took 0.044 seconds
[2025-01-14T00:06:24.807+0000] {processor.py:161} INFO - Started process (PID=71) to work on /home/airflow/.local/lib/python3.8/site-packages/airflow/example_dags/example_python_decorator.py
[2025-01-14T00:06:24.808+0000] {processor.py:830} INFO - Processing file /home/airflow/.local/lib/python3.8/site-packages/airflow/example_dags/example_python_decorator.py for tasks to queue
[2025-01-14T00:06:24.809+0000] {logging_mixin.py:188} INFO - [2025-01-14T00:06:24.809+0000] {dagbag.py:538} INFO - Filling up the DagBag from /home/airflow/.local/lib/python3.8/site-packages/airflow/example_dags/example_python_decorator.py
[2025-01-14T00:06:24.821+0000] {processor.py:840} INFO - DAG(s) 'example_python_decorator' retrieved from /home/airflow/.local/lib/python3.8/site-packages/airflow/example_dags/example_python_decorator.py
[2025-01-14T00:06:24.833+0000] {logging_mixin.py:188} INFO - [2025-01-14T00:06:24.833+0000] {dag.py:3036} INFO - Sync 1 DAGs
[2025-01-14T00:06:24.843+0000] {logging_mixin.py:188} INFO - [2025-01-14T00:06:24.843+0000] {dag.py:3823} INFO - Setting next_dagrun for example_python_decorator to None, run_after=None
[2025-01-14T00:06:24.858+0000] {processor.py:183} INFO - Processing /home/airflow/.local/lib/python3.8/site-packages/airflow/example_dags/example_python_decorator.py took 0.053 seconds
[2025-01-14T00:06:55.584+0000] {processor.py:161} INFO - Started process (PID=130) to work on /home/airflow/.local/lib/python3.8/site-packages/airflow/example_dags/example_python_decorator.py
[2025-01-14T00:06:55.585+0000] {processor.py:830} INFO - Processing file /home/airflow/.local/lib/python3.8/site-packages/airflow/example_dags/example_python_decorator.py for tasks to queue
[2025-01-14T00:06:55.586+0000] {logging_mixin.py:188} INFO - [2025-01-14T00:06:55.586+0000] {dagbag.py:538} INFO - Filling up the DagBag from /home/airflow/.local/lib/python3.8/site-packages/airflow/example_dags/example_python_decorator.py
[2025-01-14T00:06:55.594+0000] {processor.py:840} INFO - DAG(s) 'example_python_decorator' retrieved from /home/airflow/.local/lib/python3.8/site-packages/airflow/example_dags/example_python_decorator.py
[2025-01-14T00:06:55.656+0000] {logging_mixin.py:188} INFO - [2025-01-14T00:06:55.656+0000] {dag.py:3036} INFO - Sync 1 DAGs
[2025-01-14T00:06:55.662+0000] {logging_mixin.py:188} INFO - [2025-01-14T00:06:55.662+0000] {dag.py:3823} INFO - Setting next_dagrun for example_python_decorator to None, run_after=None
[2025-01-14T00:06:55.675+0000] {processor.py:183} INFO - Processing /home/airflow/.local/lib/python3.8/site-packages/airflow/example_dags/example_python_decorator.py took 0.092 seconds
[2025-01-14T00:07:26.241+0000] {processor.py:161} INFO - Started process (PID=189) to work on /home/airflow/.local/lib/python3.8/site-packages/airflow/example_dags/example_python_decorator.py
[2025-01-14T00:07:26.242+0000] {processor.py:830} INFO - Processing file /home/airflow/.local/lib/python3.8/site-packages/airflow/example_dags/example_python_decorator.py for tasks to queue
[2025-01-14T00:07:26.243+0000] {logging_mixin.py:188} INFO - [2025-01-14T00:07:26.243+0000] {dagbag.py:538} INFO - Filling up the DagBag from /home/airflow/.local/lib/python3.8/site-packages/airflow/example_dags/example_python_decorator.py
[2025-01-14T00:07:26.251+0000] {processor.py:840} INFO - DAG(s) 'example_python_decorator' retrieved from /home/airflow/.local/lib/python3.8/site-packages/airflow/example_dags/example_python_decorator.py
[2025-01-14T00:07:26.266+0000] {logging_mixin.py:188} INFO - [2025-01-14T00:07:26.266+0000] {dag.py:3036} INFO - Sync 1 DAGs
[2025-01-14T00:07:26.274+0000] {logging_mixin.py:188} INFO - [2025-01-14T00:07:26.274+0000] {dag.py:3823} INFO - Setting next_dagrun for example_python_decorator to None, run_after=None
[2025-01-14T00:07:26.286+0000] {processor.py:183} INFO - Processing /home/airflow/.local/lib/python3.8/site-packages/airflow/example_dags/example_python_decorator.py took 0.046 seconds
[2025-01-14T00:07:56.494+0000] {processor.py:161} INFO - Started process (PID=248) to work on /home/airflow/.local/lib/python3.8/site-packages/airflow/example_dags/example_python_decorator.py
[2025-01-14T00:07:56.494+0000] {processor.py:830} INFO - Processing file /home/airflow/.local/lib/python3.8/site-packages/airflow/example_dags/example_python_decorator.py for tasks to queue
[2025-01-14T00:07:56.495+0000] {logging_mixin.py:188} INFO - [2025-01-14T00:07:56.495+0000] {dagbag.py:538} INFO - Filling up the DagBag from /home/airflow/.local/lib/python3.8/site-packages/airflow/example_dags/example_python_decorator.py
[2025-01-14T00:07:56.503+0000] {processor.py:840} INFO - DAG(s) 'example_python_decorator' retrieved from /home/airflow/.local/lib/python3.8/site-packages/airflow/example_dags/example_python_decorator.py
[2025-01-14T00:07:56.517+0000] {logging_mixin.py:188} INFO - [2025-01-14T00:07:56.517+0000] {dag.py:3036} INFO - Sync 1 DAGs
[2025-01-14T00:07:56.525+0000] {logging_mixin.py:188} INFO - [2025-01-14T00:07:56.525+0000] {dag.py:3823} INFO - Setting next_dagrun for example_python_decorator to None, run_after=None
[2025-01-14T00:07:56.537+0000] {processor.py:183} INFO - Processing /home/airflow/.local/lib/python3.8/site-packages/airflow/example_dags/example_python_decorator.py took 0.045 seconds
[2025-01-14T00:08:26.829+0000] {processor.py:161} INFO - Started process (PID=307) to work on /home/airflow/.local/lib/python3.8/site-packages/airflow/example_dags/example_python_decorator.py
[2025-01-14T00:08:26.830+0000] {processor.py:830} INFO - Processing file /home/airflow/.local/lib/python3.8/site-packages/airflow/example_dags/example_python_decorator.py for tasks to queue
[2025-01-14T00:08:26.831+0000] {logging_mixin.py:188} INFO - [2025-01-14T00:08:26.831+0000] {dagbag.py:538} INFO - Filling up the DagBag from /home/airflow/.local/lib/python3.8/site-packages/airflow/example_dags/example_python_decorator.py
[2025-01-14T00:08:26.840+0000] {processor.py:840} INFO - DAG(s) 'example_python_decorator' retrieved from /home/airflow/.local/lib/python3.8/site-packages/airflow/example_dags/example_python_decorator.py
[2025-01-14T00:08:26.859+0000] {logging_mixin.py:188} INFO - [2025-01-14T00:08:26.859+0000] {dag.py:3036} INFO - Sync 1 DAGs
[2025-01-14T00:08:26.870+0000] {logging_mixin.py:188} INFO - [2025-01-14T00:08:26.869+0000] {dag.py:3823} INFO - Setting next_dagrun for example_python_decorator to None, run_after=None
[2025-01-14T00:08:26.887+0000] {processor.py:183} INFO - Processing /home/airflow/.local/lib/python3.8/site-packages/airflow/example_dags/example_python_decorator.py took 0.060 seconds
[2025-01-14T00:08:57.030+0000] {processor.py:161} INFO - Started process (PID=366) to work on /home/airflow/.local/lib/python3.8/site-packages/airflow/example_dags/example_python_decorator.py
[2025-01-14T00:08:57.031+0000] {processor.py:830} INFO - Processing file /home/airflow/.local/lib/python3.8/site-packages/airflow/example_dags/example_python_decorator.py for tasks to queue
[2025-01-14T00:08:57.032+0000] {logging_mixin.py:188} INFO - [2025-01-14T00:08:57.032+0000] {dagbag.py:538} INFO - Filling up the DagBag from /home/airflow/.local/lib/python3.8/site-packages/airflow/example_dags/example_python_decorator.py
[2025-01-14T00:08:57.040+0000] {processor.py:840} INFO - DAG(s) 'example_python_decorator' retrieved from /home/airflow/.local/lib/python3.8/site-packages/airflow/example_dags/example_python_decorator.py
[2025-01-14T00:08:57.059+0000] {logging_mixin.py:188} INFO - [2025-01-14T00:08:57.058+0000] {dag.py:3036} INFO - Sync 1 DAGs
[2025-01-14T00:08:57.069+0000] {logging_mixin.py:188} INFO - [2025-01-14T00:08:57.068+0000] {dag.py:3823} INFO - Setting next_dagrun for example_python_decorator to None, run_after=None
[2025-01-14T00:08:57.083+0000] {processor.py:183} INFO - Processing /home/airflow/.local/lib/python3.8/site-packages/airflow/example_dags/example_python_decorator.py took 0.055 seconds
[2025-01-14T00:09:27.425+0000] {processor.py:161} INFO - Started process (PID=425) to work on /home/airflow/.local/lib/python3.8/site-packages/airflow/example_dags/example_python_decorator.py
[2025-01-14T00:09:27.425+0000] {processor.py:830} INFO - Processing file /home/airflow/.local/lib/python3.8/site-packages/airflow/example_dags/example_python_decorator.py for tasks to queue
[2025-01-14T00:09:27.426+0000] {logging_mixin.py:188} INFO - [2025-01-14T00:09:27.426+0000] {dagbag.py:538} INFO - Filling up the DagBag from /home/airflow/.local/lib/python3.8/site-packages/airflow/example_dags/example_python_decorator.py
[2025-01-14T00:09:27.435+0000] {processor.py:840} INFO - DAG(s) 'example_python_decorator' retrieved from /home/airflow/.local/lib/python3.8/site-packages/airflow/example_dags/example_python_decorator.py
[2025-01-14T00:09:27.450+0000] {logging_mixin.py:188} INFO - [2025-01-14T00:09:27.450+0000] {dag.py:3036} INFO - Sync 1 DAGs
[2025-01-14T00:09:27.458+0000] {logging_mixin.py:188} INFO - [2025-01-14T00:09:27.458+0000] {dag.py:3823} INFO - Setting next_dagrun for example_python_decorator to None, run_after=None
[2025-01-14T00:09:27.472+0000] {processor.py:183} INFO - Processing /home/airflow/.local/lib/python3.8/site-packages/airflow/example_dags/example_python_decorator.py took 0.050 seconds
[2025-01-14T00:09:58.464+0000] {processor.py:161} INFO - Started process (PID=484) to work on /home/airflow/.local/lib/python3.8/site-packages/airflow/example_dags/example_python_decorator.py
[2025-01-14T00:09:58.465+0000] {processor.py:830} INFO - Processing file /home/airflow/.local/lib/python3.8/site-packages/airflow/example_dags/example_python_decorator.py for tasks to queue
[2025-01-14T00:09:58.466+0000] {logging_mixin.py:188} INFO - [2025-01-14T00:09:58.466+0000] {dagbag.py:538} INFO - Filling up the DagBag from /home/airflow/.local/lib/python3.8/site-packages/airflow/example_dags/example_python_decorator.py
[2025-01-14T00:09:58.474+0000] {processor.py:840} INFO - DAG(s) 'example_python_decorator' retrieved from /home/airflow/.local/lib/python3.8/site-packages/airflow/example_dags/example_python_decorator.py
[2025-01-14T00:09:58.489+0000] {logging_mixin.py:188} INFO - [2025-01-14T00:09:58.489+0000] {dag.py:3036} INFO - Sync 1 DAGs
[2025-01-14T00:09:58.497+0000] {logging_mixin.py:188} INFO - [2025-01-14T00:09:58.497+0000] {dag.py:3823} INFO - Setting next_dagrun for example_python_decorator to None, run_after=None
[2025-01-14T00:09:58.512+0000] {processor.py:183} INFO - Processing /home/airflow/.local/lib/python3.8/site-packages/airflow/example_dags/example_python_decorator.py took 0.050 seconds
[2025-01-14T00:10:29.809+0000] {processor.py:161} INFO - Started process (PID=543) to work on /home/airflow/.local/lib/python3.8/site-packages/airflow/example_dags/example_python_decorator.py
[2025-01-14T00:10:29.810+0000] {processor.py:830} INFO - Processing file /home/airflow/.local/lib/python3.8/site-packages/airflow/example_dags/example_python_decorator.py for tasks to queue
[2025-01-14T00:10:29.811+0000] {logging_mixin.py:188} INFO - [2025-01-14T00:10:29.811+0000] {dagbag.py:538} INFO - Filling up the DagBag from /home/airflow/.local/lib/python3.8/site-packages/airflow/example_dags/example_python_decorator.py
[2025-01-14T00:10:29.821+0000] {processor.py:840} INFO - DAG(s) 'example_python_decorator' retrieved from /home/airflow/.local/lib/python3.8/site-packages/airflow/example_dags/example_python_decorator.py
[2025-01-14T00:10:29.836+0000] {logging_mixin.py:188} INFO - [2025-01-14T00:10:29.836+0000] {dag.py:3036} INFO - Sync 1 DAGs
[2025-01-14T00:10:29.843+0000] {logging_mixin.py:188} INFO - [2025-01-14T00:10:29.843+0000] {dag.py:3823} INFO - Setting next_dagrun for example_python_decorator to None, run_after=None
[2025-01-14T00:10:29.856+0000] {processor.py:183} INFO - Processing /home/airflow/.local/lib/python3.8/site-packages/airflow/example_dags/example_python_decorator.py took 0.048 seconds
[2025-01-14T00:11:00.890+0000] {processor.py:161} INFO - Started process (PID=602) to work on /home/airflow/.local/lib/python3.8/site-packages/airflow/example_dags/example_python_decorator.py
[2025-01-14T00:11:00.891+0000] {processor.py:830} INFO - Processing file /home/airflow/.local/lib/python3.8/site-packages/airflow/example_dags/example_python_decorator.py for tasks to queue
[2025-01-14T00:11:00.892+0000] {logging_mixin.py:188} INFO - [2025-01-14T00:11:00.892+0000] {dagbag.py:538} INFO - Filling up the DagBag from /home/airflow/.local/lib/python3.8/site-packages/airflow/example_dags/example_python_decorator.py
[2025-01-14T00:11:00.900+0000] {processor.py:840} INFO - DAG(s) 'example_python_decorator' retrieved from /home/airflow/.local/lib/python3.8/site-packages/airflow/example_dags/example_python_decorator.py
[2025-01-14T00:11:00.917+0000] {logging_mixin.py:188} INFO - [2025-01-14T00:11:00.917+0000] {dag.py:3036} INFO - Sync 1 DAGs
[2025-01-14T00:11:00.925+0000] {logging_mixin.py:188} INFO - [2025-01-14T00:11:00.925+0000] {dag.py:3823} INFO - Setting next_dagrun for example_python_decorator to None, run_after=None
[2025-01-14T00:11:00.939+0000] {processor.py:183} INFO - Processing /home/airflow/.local/lib/python3.8/site-packages/airflow/example_dags/example_python_decorator.py took 0.050 seconds
[2025-01-14T00:11:32.152+0000] {processor.py:161} INFO - Started process (PID=661) to work on /home/airflow/.local/lib/python3.8/site-packages/airflow/example_dags/example_python_decorator.py
[2025-01-14T00:11:32.153+0000] {processor.py:830} INFO - Processing file /home/airflow/.local/lib/python3.8/site-packages/airflow/example_dags/example_python_decorator.py for tasks to queue
[2025-01-14T00:11:32.154+0000] {logging_mixin.py:188} INFO - [2025-01-14T00:11:32.154+0000] {dagbag.py:538} INFO - Filling up the DagBag from /home/airflow/.local/lib/python3.8/site-packages/airflow/example_dags/example_python_decorator.py
[2025-01-14T00:11:32.162+0000] {processor.py:840} INFO - DAG(s) 'example_python_decorator' retrieved from /home/airflow/.local/lib/python3.8/site-packages/airflow/example_dags/example_python_decorator.py
[2025-01-14T00:11:32.176+0000] {logging_mixin.py:188} INFO - [2025-01-14T00:11:32.176+0000] {dag.py:3036} INFO - Sync 1 DAGs
[2025-01-14T00:11:32.183+0000] {logging_mixin.py:188} INFO - [2025-01-14T00:11:32.183+0000] {dag.py:3823} INFO - Setting next_dagrun for example_python_decorator to None, run_after=None
[2025-01-14T00:11:32.195+0000] {processor.py:183} INFO - Processing /home/airflow/.local/lib/python3.8/site-packages/airflow/example_dags/example_python_decorator.py took 0.045 seconds
[2025-01-14T00:12:03.454+0000] {processor.py:161} INFO - Started process (PID=720) to work on /home/airflow/.local/lib/python3.8/site-packages/airflow/example_dags/example_python_decorator.py
[2025-01-14T00:12:03.455+0000] {processor.py:830} INFO - Processing file /home/airflow/.local/lib/python3.8/site-packages/airflow/example_dags/example_python_decorator.py for tasks to queue
[2025-01-14T00:12:03.456+0000] {logging_mixin.py:188} INFO - [2025-01-14T00:12:03.456+0000] {dagbag.py:538} INFO - Filling up the DagBag from /home/airflow/.local/lib/python3.8/site-packages/airflow/example_dags/example_python_decorator.py
[2025-01-14T00:12:03.464+0000] {processor.py:840} INFO - DAG(s) 'example_python_decorator' retrieved from /home/airflow/.local/lib/python3.8/site-packages/airflow/example_dags/example_python_decorator.py
[2025-01-14T00:12:03.479+0000] {logging_mixin.py:188} INFO - [2025-01-14T00:12:03.478+0000] {dag.py:3036} INFO - Sync 1 DAGs
[2025-01-14T00:12:03.487+0000] {logging_mixin.py:188} INFO - [2025-01-14T00:12:03.486+0000] {dag.py:3823} INFO - Setting next_dagrun for example_python_decorator to None, run_after=None
[2025-01-14T00:12:03.500+0000] {processor.py:183} INFO - Processing /home/airflow/.local/lib/python3.8/site-packages/airflow/example_dags/example_python_decorator.py took 0.047 seconds
[2025-01-14T00:12:34.636+0000] {processor.py:161} INFO - Started process (PID=779) to work on /home/airflow/.local/lib/python3.8/site-packages/airflow/example_dags/example_python_decorator.py
[2025-01-14T00:12:34.637+0000] {processor.py:830} INFO - Processing file /home/airflow/.local/lib/python3.8/site-packages/airflow/example_dags/example_python_decorator.py for tasks to queue
[2025-01-14T00:12:34.638+0000] {logging_mixin.py:188} INFO - [2025-01-14T00:12:34.638+0000] {dagbag.py:538} INFO - Filling up the DagBag from /home/airflow/.local/lib/python3.8/site-packages/airflow/example_dags/example_python_decorator.py
[2025-01-14T00:12:34.646+0000] {processor.py:840} INFO - DAG(s) 'example_python_decorator' retrieved from /home/airflow/.local/lib/python3.8/site-packages/airflow/example_dags/example_python_decorator.py
[2025-01-14T00:12:34.659+0000] {logging_mixin.py:188} INFO - [2025-01-14T00:12:34.659+0000] {dag.py:3036} INFO - Sync 1 DAGs
[2025-01-14T00:12:34.668+0000] {logging_mixin.py:188} INFO - [2025-01-14T00:12:34.667+0000] {dag.py:3823} INFO - Setting next_dagrun for example_python_decorator to None, run_after=None
[2025-01-14T00:12:34.680+0000] {processor.py:183} INFO - Processing /home/airflow/.local/lib/python3.8/site-packages/airflow/example_dags/example_python_decorator.py took 0.046 seconds
[2025-01-14T00:13:05.731+0000] {processor.py:161} INFO - Started process (PID=838) to work on /home/airflow/.local/lib/python3.8/site-packages/airflow/example_dags/example_python_decorator.py
[2025-01-14T00:13:05.732+0000] {processor.py:830} INFO - Processing file /home/airflow/.local/lib/python3.8/site-packages/airflow/example_dags/example_python_decorator.py for tasks to queue
[2025-01-14T00:13:05.733+0000] {logging_mixin.py:188} INFO - [2025-01-14T00:13:05.733+0000] {dagbag.py:538} INFO - Filling up the DagBag from /home/airflow/.local/lib/python3.8/site-packages/airflow/example_dags/example_python_decorator.py
[2025-01-14T00:13:05.745+0000] {processor.py:840} INFO - DAG(s) 'example_python_decorator' retrieved from /home/airflow/.local/lib/python3.8/site-packages/airflow/example_dags/example_python_decorator.py
[2025-01-14T00:13:05.760+0000] {logging_mixin.py:188} INFO - [2025-01-14T00:13:05.760+0000] {dag.py:3036} INFO - Sync 1 DAGs
[2025-01-14T00:13:05.768+0000] {logging_mixin.py:188} INFO - [2025-01-14T00:13:05.768+0000] {dag.py:3823} INFO - Setting next_dagrun for example_python_decorator to None, run_after=None
[2025-01-14T00:13:05.782+0000] {processor.py:183} INFO - Processing /home/airflow/.local/lib/python3.8/site-packages/airflow/example_dags/example_python_decorator.py took 0.053 seconds
[2025-01-14T00:13:36.843+0000] {processor.py:161} INFO - Started process (PID=897) to work on /home/airflow/.local/lib/python3.8/site-packages/airflow/example_dags/example_python_decorator.py
[2025-01-14T00:13:36.844+0000] {processor.py:830} INFO - Processing file /home/airflow/.local/lib/python3.8/site-packages/airflow/example_dags/example_python_decorator.py for tasks to queue
[2025-01-14T00:13:36.845+0000] {logging_mixin.py:188} INFO - [2025-01-14T00:13:36.845+0000] {dagbag.py:538} INFO - Filling up the DagBag from /home/airflow/.local/lib/python3.8/site-packages/airflow/example_dags/example_python_decorator.py
[2025-01-14T00:13:36.853+0000] {processor.py:840} INFO - DAG(s) 'example_python_decorator' retrieved from /home/airflow/.local/lib/python3.8/site-packages/airflow/example_dags/example_python_decorator.py
[2025-01-14T00:13:36.869+0000] {logging_mixin.py:188} INFO - [2025-01-14T00:13:36.869+0000] {dag.py:3036} INFO - Sync 1 DAGs
[2025-01-14T00:13:36.877+0000] {logging_mixin.py:188} INFO - [2025-01-14T00:13:36.876+0000] {dag.py:3823} INFO - Setting next_dagrun for example_python_decorator to None, run_after=None
[2025-01-14T00:13:36.890+0000] {processor.py:183} INFO - Processing /home/airflow/.local/lib/python3.8/site-packages/airflow/example_dags/example_python_decorator.py took 0.049 seconds
[2025-01-14T00:14:07.158+0000] {processor.py:161} INFO - Started process (PID=956) to work on /home/airflow/.local/lib/python3.8/site-packages/airflow/example_dags/example_python_decorator.py
[2025-01-14T00:14:07.159+0000] {processor.py:830} INFO - Processing file /home/airflow/.local/lib/python3.8/site-packages/airflow/example_dags/example_python_decorator.py for tasks to queue
[2025-01-14T00:14:07.160+0000] {logging_mixin.py:188} INFO - [2025-01-14T00:14:07.160+0000] {dagbag.py:538} INFO - Filling up the DagBag from /home/airflow/.local/lib/python3.8/site-packages/airflow/example_dags/example_python_decorator.py
[2025-01-14T00:14:07.169+0000] {processor.py:840} INFO - DAG(s) 'example_python_decorator' retrieved from /home/airflow/.local/lib/python3.8/site-packages/airflow/example_dags/example_python_decorator.py
[2025-01-14T00:14:07.184+0000] {logging_mixin.py:188} INFO - [2025-01-14T00:14:07.183+0000] {dag.py:3036} INFO - Sync 1 DAGs
[2025-01-14T00:14:07.192+0000] {logging_mixin.py:188} INFO - [2025-01-14T00:14:07.192+0000] {dag.py:3823} INFO - Setting next_dagrun for example_python_decorator to None, run_after=None
[2025-01-14T00:14:07.207+0000] {processor.py:183} INFO - Processing /home/airflow/.local/lib/python3.8/site-packages/airflow/example_dags/example_python_decorator.py took 0.052 seconds
[2025-01-14T00:14:38.466+0000] {processor.py:161} INFO - Started process (PID=1015) to work on /home/airflow/.local/lib/python3.8/site-packages/airflow/example_dags/example_python_decorator.py
[2025-01-14T00:14:38.467+0000] {processor.py:830} INFO - Processing file /home/airflow/.local/lib/python3.8/site-packages/airflow/example_dags/example_python_decorator.py for tasks to queue
[2025-01-14T00:14:38.468+0000] {logging_mixin.py:188} INFO - [2025-01-14T00:14:38.468+0000] {dagbag.py:538} INFO - Filling up the DagBag from /home/airflow/.local/lib/python3.8/site-packages/airflow/example_dags/example_python_decorator.py
[2025-01-14T00:14:38.476+0000] {processor.py:840} INFO - DAG(s) 'example_python_decorator' retrieved from /home/airflow/.local/lib/python3.8/site-packages/airflow/example_dags/example_python_decorator.py
[2025-01-14T00:14:38.492+0000] {logging_mixin.py:188} INFO - [2025-01-14T00:14:38.492+0000] {dag.py:3036} INFO - Sync 1 DAGs
[2025-01-14T00:14:38.500+0000] {logging_mixin.py:188} INFO - [2025-01-14T00:14:38.500+0000] {dag.py:3823} INFO - Setting next_dagrun for example_python_decorator to None, run_after=None
[2025-01-14T00:14:38.516+0000] {processor.py:183} INFO - Processing /home/airflow/.local/lib/python3.8/site-packages/airflow/example_dags/example_python_decorator.py took 0.052 seconds
[2025-01-14T00:15:09.592+0000] {processor.py:161} INFO - Started process (PID=1074) to work on /home/airflow/.local/lib/python3.8/site-packages/airflow/example_dags/example_python_decorator.py
[2025-01-14T00:15:09.593+0000] {processor.py:830} INFO - Processing file /home/airflow/.local/lib/python3.8/site-packages/airflow/example_dags/example_python_decorator.py for tasks to queue
[2025-01-14T00:15:09.594+0000] {logging_mixin.py:188} INFO - [2025-01-14T00:15:09.594+0000] {dagbag.py:538} INFO - Filling up the DagBag from /home/airflow/.local/lib/python3.8/site-packages/airflow/example_dags/example_python_decorator.py
[2025-01-14T00:15:09.602+0000] {processor.py:840} INFO - DAG(s) 'example_python_decorator' retrieved from /home/airflow/.local/lib/python3.8/site-packages/airflow/example_dags/example_python_decorator.py
[2025-01-14T00:15:09.616+0000] {logging_mixin.py:188} INFO - [2025-01-14T00:15:09.616+0000] {dag.py:3036} INFO - Sync 1 DAGs
[2025-01-14T00:15:09.623+0000] {logging_mixin.py:188} INFO - [2025-01-14T00:15:09.623+0000] {dag.py:3823} INFO - Setting next_dagrun for example_python_decorator to None, run_after=None
[2025-01-14T00:15:09.636+0000] {processor.py:183} INFO - Processing /home/airflow/.local/lib/python3.8/site-packages/airflow/example_dags/example_python_decorator.py took 0.045 seconds
[2025-01-14T00:15:40.852+0000] {processor.py:161} INFO - Started process (PID=1133) to work on /home/airflow/.local/lib/python3.8/site-packages/airflow/example_dags/example_python_decorator.py
[2025-01-14T00:15:40.852+0000] {processor.py:830} INFO - Processing file /home/airflow/.local/lib/python3.8/site-packages/airflow/example_dags/example_python_decorator.py for tasks to queue
[2025-01-14T00:15:40.853+0000] {logging_mixin.py:188} INFO - [2025-01-14T00:15:40.853+0000] {dagbag.py:538} INFO - Filling up the DagBag from /home/airflow/.local/lib/python3.8/site-packages/airflow/example_dags/example_python_decorator.py
[2025-01-14T00:15:40.861+0000] {processor.py:840} INFO - DAG(s) 'example_python_decorator' retrieved from /home/airflow/.local/lib/python3.8/site-packages/airflow/example_dags/example_python_decorator.py
[2025-01-14T00:15:40.874+0000] {logging_mixin.py:188} INFO - [2025-01-14T00:15:40.874+0000] {dag.py:3036} INFO - Sync 1 DAGs
[2025-01-14T00:15:40.883+0000] {logging_mixin.py:188} INFO - [2025-01-14T00:15:40.883+0000] {dag.py:3823} INFO - Setting next_dagrun for example_python_decorator to None, run_after=None
[2025-01-14T00:15:40.898+0000] {processor.py:183} INFO - Processing /home/airflow/.local/lib/python3.8/site-packages/airflow/example_dags/example_python_decorator.py took 0.048 seconds
[2025-01-14T00:16:12.199+0000] {processor.py:161} INFO - Started process (PID=1192) to work on /home/airflow/.local/lib/python3.8/site-packages/airflow/example_dags/example_python_decorator.py
[2025-01-14T00:16:12.200+0000] {processor.py:830} INFO - Processing file /home/airflow/.local/lib/python3.8/site-packages/airflow/example_dags/example_python_decorator.py for tasks to queue
[2025-01-14T00:16:12.201+0000] {logging_mixin.py:188} INFO - [2025-01-14T00:16:12.201+0000] {dagbag.py:538} INFO - Filling up the DagBag from /home/airflow/.local/lib/python3.8/site-packages/airflow/example_dags/example_python_decorator.py
[2025-01-14T00:16:12.208+0000] {processor.py:840} INFO - DAG(s) 'example_python_decorator' retrieved from /home/airflow/.local/lib/python3.8/site-packages/airflow/example_dags/example_python_decorator.py
[2025-01-14T00:16:12.223+0000] {logging_mixin.py:188} INFO - [2025-01-14T00:16:12.222+0000] {dag.py:3036} INFO - Sync 1 DAGs
[2025-01-14T00:16:12.230+0000] {logging_mixin.py:188} INFO - [2025-01-14T00:16:12.230+0000] {dag.py:3823} INFO - Setting next_dagrun for example_python_decorator to None, run_after=None
[2025-01-14T00:16:12.242+0000] {processor.py:183} INFO - Processing /home/airflow/.local/lib/python3.8/site-packages/airflow/example_dags/example_python_decorator.py took 0.045 seconds
[2025-01-14T00:16:43.385+0000] {processor.py:161} INFO - Started process (PID=1257) to work on /home/airflow/.local/lib/python3.8/site-packages/airflow/example_dags/example_python_decorator.py
[2025-01-14T00:16:43.386+0000] {processor.py:830} INFO - Processing file /home/airflow/.local/lib/python3.8/site-packages/airflow/example_dags/example_python_decorator.py for tasks to queue
[2025-01-14T00:16:43.387+0000] {logging_mixin.py:188} INFO - [2025-01-14T00:16:43.387+0000] {dagbag.py:538} INFO - Filling up the DagBag from /home/airflow/.local/lib/python3.8/site-packages/airflow/example_dags/example_python_decorator.py
[2025-01-14T00:16:43.396+0000] {processor.py:840} INFO - DAG(s) 'example_python_decorator' retrieved from /home/airflow/.local/lib/python3.8/site-packages/airflow/example_dags/example_python_decorator.py
[2025-01-14T00:16:43.411+0000] {logging_mixin.py:188} INFO - [2025-01-14T00:16:43.411+0000] {dag.py:3036} INFO - Sync 1 DAGs
[2025-01-14T00:16:43.419+0000] {logging_mixin.py:188} INFO - [2025-01-14T00:16:43.419+0000] {dag.py:3823} INFO - Setting next_dagrun for example_python_decorator to None, run_after=None
[2025-01-14T00:16:43.432+0000] {processor.py:183} INFO - Processing /home/airflow/.local/lib/python3.8/site-packages/airflow/example_dags/example_python_decorator.py took 0.049 seconds
[2025-01-14T00:17:14.527+0000] {processor.py:161} INFO - Started process (PID=1316) to work on /home/airflow/.local/lib/python3.8/site-packages/airflow/example_dags/example_python_decorator.py
[2025-01-14T00:17:14.528+0000] {processor.py:830} INFO - Processing file /home/airflow/.local/lib/python3.8/site-packages/airflow/example_dags/example_python_decorator.py for tasks to queue
[2025-01-14T00:17:14.529+0000] {logging_mixin.py:188} INFO - [2025-01-14T00:17:14.528+0000] {dagbag.py:538} INFO - Filling up the DagBag from /home/airflow/.local/lib/python3.8/site-packages/airflow/example_dags/example_python_decorator.py
[2025-01-14T00:17:14.537+0000] {processor.py:840} INFO - DAG(s) 'example_python_decorator' retrieved from /home/airflow/.local/lib/python3.8/site-packages/airflow/example_dags/example_python_decorator.py
[2025-01-14T00:17:14.550+0000] {logging_mixin.py:188} INFO - [2025-01-14T00:17:14.550+0000] {dag.py:3036} INFO - Sync 1 DAGs
[2025-01-14T00:17:14.557+0000] {logging_mixin.py:188} INFO - [2025-01-14T00:17:14.557+0000] {dag.py:3823} INFO - Setting next_dagrun for example_python_decorator to None, run_after=None
[2025-01-14T00:17:14.570+0000] {processor.py:183} INFO - Processing /home/airflow/.local/lib/python3.8/site-packages/airflow/example_dags/example_python_decorator.py took 0.045 seconds
[2025-01-14T00:17:45.642+0000] {processor.py:161} INFO - Started process (PID=1375) to work on /home/airflow/.local/lib/python3.8/site-packages/airflow/example_dags/example_python_decorator.py
[2025-01-14T00:17:45.642+0000] {processor.py:830} INFO - Processing file /home/airflow/.local/lib/python3.8/site-packages/airflow/example_dags/example_python_decorator.py for tasks to queue
[2025-01-14T00:17:45.643+0000] {logging_mixin.py:188} INFO - [2025-01-14T00:17:45.643+0000] {dagbag.py:538} INFO - Filling up the DagBag from /home/airflow/.local/lib/python3.8/site-packages/airflow/example_dags/example_python_decorator.py
[2025-01-14T00:17:45.651+0000] {processor.py:840} INFO - DAG(s) 'example_python_decorator' retrieved from /home/airflow/.local/lib/python3.8/site-packages/airflow/example_dags/example_python_decorator.py
[2025-01-14T00:17:45.665+0000] {logging_mixin.py:188} INFO - [2025-01-14T00:17:45.664+0000] {dag.py:3036} INFO - Sync 1 DAGs
[2025-01-14T00:17:45.672+0000] {logging_mixin.py:188} INFO - [2025-01-14T00:17:45.672+0000] {dag.py:3823} INFO - Setting next_dagrun for example_python_decorator to None, run_after=None
[2025-01-14T00:17:45.684+0000] {processor.py:183} INFO - Processing /home/airflow/.local/lib/python3.8/site-packages/airflow/example_dags/example_python_decorator.py took 0.044 seconds
[2025-01-14T00:18:16.068+0000] {processor.py:161} INFO - Started process (PID=1434) to work on /home/airflow/.local/lib/python3.8/site-packages/airflow/example_dags/example_python_decorator.py
[2025-01-14T00:18:16.068+0000] {processor.py:830} INFO - Processing file /home/airflow/.local/lib/python3.8/site-packages/airflow/example_dags/example_python_decorator.py for tasks to queue
[2025-01-14T00:18:16.070+0000] {logging_mixin.py:188} INFO - [2025-01-14T00:18:16.069+0000] {dagbag.py:538} INFO - Filling up the DagBag from /home/airflow/.local/lib/python3.8/site-packages/airflow/example_dags/example_python_decorator.py
[2025-01-14T00:18:16.078+0000] {processor.py:840} INFO - DAG(s) 'example_python_decorator' retrieved from /home/airflow/.local/lib/python3.8/site-packages/airflow/example_dags/example_python_decorator.py
[2025-01-14T00:18:16.092+0000] {logging_mixin.py:188} INFO - [2025-01-14T00:18:16.092+0000] {dag.py:3036} INFO - Sync 1 DAGs
[2025-01-14T00:18:16.102+0000] {logging_mixin.py:188} INFO - [2025-01-14T00:18:16.101+0000] {dag.py:3823} INFO - Setting next_dagrun for example_python_decorator to None, run_after=None
[2025-01-14T00:18:16.115+0000] {processor.py:183} INFO - Processing /home/airflow/.local/lib/python3.8/site-packages/airflow/example_dags/example_python_decorator.py took 0.049 seconds
[2025-01-14T00:18:47.247+0000] {processor.py:161} INFO - Started process (PID=1493) to work on /home/airflow/.local/lib/python3.8/site-packages/airflow/example_dags/example_python_decorator.py
[2025-01-14T00:18:47.248+0000] {processor.py:830} INFO - Processing file /home/airflow/.local/lib/python3.8/site-packages/airflow/example_dags/example_python_decorator.py for tasks to queue
[2025-01-14T00:18:47.249+0000] {logging_mixin.py:188} INFO - [2025-01-14T00:18:47.249+0000] {dagbag.py:538} INFO - Filling up the DagBag from /home/airflow/.local/lib/python3.8/site-packages/airflow/example_dags/example_python_decorator.py
[2025-01-14T00:18:47.257+0000] {processor.py:840} INFO - DAG(s) 'example_python_decorator' retrieved from /home/airflow/.local/lib/python3.8/site-packages/airflow/example_dags/example_python_decorator.py
[2025-01-14T00:18:47.271+0000] {logging_mixin.py:188} INFO - [2025-01-14T00:18:47.271+0000] {dag.py:3036} INFO - Sync 1 DAGs
[2025-01-14T00:18:47.280+0000] {logging_mixin.py:188} INFO - [2025-01-14T00:18:47.279+0000] {dag.py:3823} INFO - Setting next_dagrun for example_python_decorator to None, run_after=None
[2025-01-14T00:18:47.294+0000] {processor.py:183} INFO - Processing /home/airflow/.local/lib/python3.8/site-packages/airflow/example_dags/example_python_decorator.py took 0.049 seconds
[2025-01-14T00:19:18.325+0000] {processor.py:161} INFO - Started process (PID=1552) to work on /home/airflow/.local/lib/python3.8/site-packages/airflow/example_dags/example_python_decorator.py
[2025-01-14T00:19:18.326+0000] {processor.py:830} INFO - Processing file /home/airflow/.local/lib/python3.8/site-packages/airflow/example_dags/example_python_decorator.py for tasks to queue
[2025-01-14T00:19:18.327+0000] {logging_mixin.py:188} INFO - [2025-01-14T00:19:18.327+0000] {dagbag.py:538} INFO - Filling up the DagBag from /home/airflow/.local/lib/python3.8/site-packages/airflow/example_dags/example_python_decorator.py
[2025-01-14T00:19:18.335+0000] {processor.py:840} INFO - DAG(s) 'example_python_decorator' retrieved from /home/airflow/.local/lib/python3.8/site-packages/airflow/example_dags/example_python_decorator.py
[2025-01-14T00:19:18.350+0000] {logging_mixin.py:188} INFO - [2025-01-14T00:19:18.350+0000] {dag.py:3036} INFO - Sync 1 DAGs
[2025-01-14T00:19:18.358+0000] {logging_mixin.py:188} INFO - [2025-01-14T00:19:18.358+0000] {dag.py:3823} INFO - Setting next_dagrun for example_python_decorator to None, run_after=None
[2025-01-14T00:19:18.372+0000] {processor.py:183} INFO - Processing /home/airflow/.local/lib/python3.8/site-packages/airflow/example_dags/example_python_decorator.py took 0.049 seconds
[2025-01-14T00:19:49.814+0000] {processor.py:161} INFO - Started process (PID=1611) to work on /home/airflow/.local/lib/python3.8/site-packages/airflow/example_dags/example_python_decorator.py
[2025-01-14T00:19:49.814+0000] {processor.py:830} INFO - Processing file /home/airflow/.local/lib/python3.8/site-packages/airflow/example_dags/example_python_decorator.py for tasks to queue
[2025-01-14T00:19:49.816+0000] {logging_mixin.py:188} INFO - [2025-01-14T00:19:49.815+0000] {dagbag.py:538} INFO - Filling up the DagBag from /home/airflow/.local/lib/python3.8/site-packages/airflow/example_dags/example_python_decorator.py
[2025-01-14T00:19:49.823+0000] {processor.py:840} INFO - DAG(s) 'example_python_decorator' retrieved from /home/airflow/.local/lib/python3.8/site-packages/airflow/example_dags/example_python_decorator.py
[2025-01-14T00:19:49.838+0000] {logging_mixin.py:188} INFO - [2025-01-14T00:19:49.838+0000] {dag.py:3036} INFO - Sync 1 DAGs
[2025-01-14T00:19:49.846+0000] {logging_mixin.py:188} INFO - [2025-01-14T00:19:49.845+0000] {dag.py:3823} INFO - Setting next_dagrun for example_python_decorator to None, run_after=None
[2025-01-14T00:19:49.859+0000] {processor.py:183} INFO - Processing /home/airflow/.local/lib/python3.8/site-packages/airflow/example_dags/example_python_decorator.py took 0.047 seconds
[2025-01-14T00:20:21.374+0000] {processor.py:161} INFO - Started process (PID=1670) to work on /home/airflow/.local/lib/python3.8/site-packages/airflow/example_dags/example_python_decorator.py
[2025-01-14T00:20:21.374+0000] {processor.py:830} INFO - Processing file /home/airflow/.local/lib/python3.8/site-packages/airflow/example_dags/example_python_decorator.py for tasks to queue
[2025-01-14T00:20:21.376+0000] {logging_mixin.py:188} INFO - [2025-01-14T00:20:21.376+0000] {dagbag.py:538} INFO - Filling up the DagBag from /home/airflow/.local/lib/python3.8/site-packages/airflow/example_dags/example_python_decorator.py
[2025-01-14T00:20:21.388+0000] {processor.py:840} INFO - DAG(s) 'example_python_decorator' retrieved from /home/airflow/.local/lib/python3.8/site-packages/airflow/example_dags/example_python_decorator.py
[2025-01-14T00:20:21.407+0000] {logging_mixin.py:188} INFO - [2025-01-14T00:20:21.407+0000] {dag.py:3036} INFO - Sync 1 DAGs
[2025-01-14T00:20:21.416+0000] {logging_mixin.py:188} INFO - [2025-01-14T00:20:21.416+0000] {dag.py:3823} INFO - Setting next_dagrun for example_python_decorator to None, run_after=None
[2025-01-14T00:20:21.433+0000] {processor.py:183} INFO - Processing /home/airflow/.local/lib/python3.8/site-packages/airflow/example_dags/example_python_decorator.py took 0.062 seconds
[2025-01-14T00:20:51.588+0000] {processor.py:161} INFO - Started process (PID=1729) to work on /home/airflow/.local/lib/python3.8/site-packages/airflow/example_dags/example_python_decorator.py
[2025-01-14T00:20:51.588+0000] {processor.py:830} INFO - Processing file /home/airflow/.local/lib/python3.8/site-packages/airflow/example_dags/example_python_decorator.py for tasks to queue
[2025-01-14T00:20:51.590+0000] {logging_mixin.py:188} INFO - [2025-01-14T00:20:51.589+0000] {dagbag.py:538} INFO - Filling up the DagBag from /home/airflow/.local/lib/python3.8/site-packages/airflow/example_dags/example_python_decorator.py
[2025-01-14T00:20:51.598+0000] {processor.py:840} INFO - DAG(s) 'example_python_decorator' retrieved from /home/airflow/.local/lib/python3.8/site-packages/airflow/example_dags/example_python_decorator.py
[2025-01-14T00:20:51.616+0000] {logging_mixin.py:188} INFO - [2025-01-14T00:20:51.615+0000] {dag.py:3036} INFO - Sync 1 DAGs
[2025-01-14T00:20:51.625+0000] {logging_mixin.py:188} INFO - [2025-01-14T00:20:51.624+0000] {dag.py:3823} INFO - Setting next_dagrun for example_python_decorator to None, run_after=None
[2025-01-14T00:20:51.639+0000] {processor.py:183} INFO - Processing /home/airflow/.local/lib/python3.8/site-packages/airflow/example_dags/example_python_decorator.py took 0.054 seconds
[2025-01-14T00:21:22.613+0000] {processor.py:161} INFO - Started process (PID=1788) to work on /home/airflow/.local/lib/python3.8/site-packages/airflow/example_dags/example_python_decorator.py
[2025-01-14T00:21:22.613+0000] {processor.py:830} INFO - Processing file /home/airflow/.local/lib/python3.8/site-packages/airflow/example_dags/example_python_decorator.py for tasks to queue
[2025-01-14T00:21:22.614+0000] {logging_mixin.py:188} INFO - [2025-01-14T00:21:22.614+0000] {dagbag.py:538} INFO - Filling up the DagBag from /home/airflow/.local/lib/python3.8/site-packages/airflow/example_dags/example_python_decorator.py
[2025-01-14T00:21:22.622+0000] {processor.py:840} INFO - DAG(s) 'example_python_decorator' retrieved from /home/airflow/.local/lib/python3.8/site-packages/airflow/example_dags/example_python_decorator.py
[2025-01-14T00:21:22.636+0000] {logging_mixin.py:188} INFO - [2025-01-14T00:21:22.636+0000] {dag.py:3036} INFO - Sync 1 DAGs
[2025-01-14T00:21:22.643+0000] {logging_mixin.py:188} INFO - [2025-01-14T00:21:22.643+0000] {dag.py:3823} INFO - Setting next_dagrun for example_python_decorator to None, run_after=None
[2025-01-14T00:21:22.656+0000] {processor.py:183} INFO - Processing /home/airflow/.local/lib/python3.8/site-packages/airflow/example_dags/example_python_decorator.py took 0.045 seconds
[2025-01-14T00:21:54.016+0000] {processor.py:161} INFO - Started process (PID=1847) to work on /home/airflow/.local/lib/python3.8/site-packages/airflow/example_dags/example_python_decorator.py
[2025-01-14T00:21:54.017+0000] {processor.py:830} INFO - Processing file /home/airflow/.local/lib/python3.8/site-packages/airflow/example_dags/example_python_decorator.py for tasks to queue
[2025-01-14T00:21:54.018+0000] {logging_mixin.py:188} INFO - [2025-01-14T00:21:54.018+0000] {dagbag.py:538} INFO - Filling up the DagBag from /home/airflow/.local/lib/python3.8/site-packages/airflow/example_dags/example_python_decorator.py
[2025-01-14T00:21:54.026+0000] {processor.py:840} INFO - DAG(s) 'example_python_decorator' retrieved from /home/airflow/.local/lib/python3.8/site-packages/airflow/example_dags/example_python_decorator.py
[2025-01-14T00:21:54.041+0000] {logging_mixin.py:188} INFO - [2025-01-14T00:21:54.041+0000] {dag.py:3036} INFO - Sync 1 DAGs
[2025-01-14T00:21:54.049+0000] {logging_mixin.py:188} INFO - [2025-01-14T00:21:54.049+0000] {dag.py:3823} INFO - Setting next_dagrun for example_python_decorator to None, run_after=None
[2025-01-14T00:21:54.061+0000] {processor.py:183} INFO - Processing /home/airflow/.local/lib/python3.8/site-packages/airflow/example_dags/example_python_decorator.py took 0.047 seconds
[2025-01-14T00:22:25.175+0000] {processor.py:161} INFO - Started process (PID=1906) to work on /home/airflow/.local/lib/python3.8/site-packages/airflow/example_dags/example_python_decorator.py
[2025-01-14T00:22:25.176+0000] {processor.py:830} INFO - Processing file /home/airflow/.local/lib/python3.8/site-packages/airflow/example_dags/example_python_decorator.py for tasks to queue
[2025-01-14T00:22:25.177+0000] {logging_mixin.py:188} INFO - [2025-01-14T00:22:25.177+0000] {dagbag.py:538} INFO - Filling up the DagBag from /home/airflow/.local/lib/python3.8/site-packages/airflow/example_dags/example_python_decorator.py
[2025-01-14T00:22:25.186+0000] {processor.py:840} INFO - DAG(s) 'example_python_decorator' retrieved from /home/airflow/.local/lib/python3.8/site-packages/airflow/example_dags/example_python_decorator.py
[2025-01-14T00:22:25.200+0000] {logging_mixin.py:188} INFO - [2025-01-14T00:22:25.200+0000] {dag.py:3036} INFO - Sync 1 DAGs
[2025-01-14T00:22:25.208+0000] {logging_mixin.py:188} INFO - [2025-01-14T00:22:25.207+0000] {dag.py:3823} INFO - Setting next_dagrun for example_python_decorator to None, run_after=None
[2025-01-14T00:22:25.220+0000] {processor.py:183} INFO - Processing /home/airflow/.local/lib/python3.8/site-packages/airflow/example_dags/example_python_decorator.py took 0.047 seconds
[2025-01-14T00:22:56.279+0000] {processor.py:161} INFO - Started process (PID=1965) to work on /home/airflow/.local/lib/python3.8/site-packages/airflow/example_dags/example_python_decorator.py
[2025-01-14T00:22:56.279+0000] {processor.py:830} INFO - Processing file /home/airflow/.local/lib/python3.8/site-packages/airflow/example_dags/example_python_decorator.py for tasks to queue
[2025-01-14T00:22:56.280+0000] {logging_mixin.py:188} INFO - [2025-01-14T00:22:56.280+0000] {dagbag.py:538} INFO - Filling up the DagBag from /home/airflow/.local/lib/python3.8/site-packages/airflow/example_dags/example_python_decorator.py
[2025-01-14T00:22:56.288+0000] {processor.py:840} INFO - DAG(s) 'example_python_decorator' retrieved from /home/airflow/.local/lib/python3.8/site-packages/airflow/example_dags/example_python_decorator.py
[2025-01-14T00:22:56.302+0000] {logging_mixin.py:188} INFO - [2025-01-14T00:22:56.302+0000] {dag.py:3036} INFO - Sync 1 DAGs
[2025-01-14T00:22:56.310+0000] {logging_mixin.py:188} INFO - [2025-01-14T00:22:56.310+0000] {dag.py:3823} INFO - Setting next_dagrun for example_python_decorator to None, run_after=None
[2025-01-14T00:22:56.323+0000] {processor.py:183} INFO - Processing /home/airflow/.local/lib/python3.8/site-packages/airflow/example_dags/example_python_decorator.py took 0.046 seconds
[2025-01-14T00:23:27.485+0000] {processor.py:161} INFO - Started process (PID=2024) to work on /home/airflow/.local/lib/python3.8/site-packages/airflow/example_dags/example_python_decorator.py
[2025-01-14T00:23:27.485+0000] {processor.py:830} INFO - Processing file /home/airflow/.local/lib/python3.8/site-packages/airflow/example_dags/example_python_decorator.py for tasks to queue
[2025-01-14T00:23:27.486+0000] {logging_mixin.py:188} INFO - [2025-01-14T00:23:27.486+0000] {dagbag.py:538} INFO - Filling up the DagBag from /home/airflow/.local/lib/python3.8/site-packages/airflow/example_dags/example_python_decorator.py
[2025-01-14T00:23:27.494+0000] {processor.py:840} INFO - DAG(s) 'example_python_decorator' retrieved from /home/airflow/.local/lib/python3.8/site-packages/airflow/example_dags/example_python_decorator.py
[2025-01-14T00:23:27.507+0000] {logging_mixin.py:188} INFO - [2025-01-14T00:23:27.507+0000] {dag.py:3036} INFO - Sync 1 DAGs
[2025-01-14T00:23:27.515+0000] {logging_mixin.py:188} INFO - [2025-01-14T00:23:27.515+0000] {dag.py:3823} INFO - Setting next_dagrun for example_python_decorator to None, run_after=None
[2025-01-14T00:23:27.527+0000] {processor.py:183} INFO - Processing /home/airflow/.local/lib/python3.8/site-packages/airflow/example_dags/example_python_decorator.py took 0.044 seconds
[2025-01-14T00:23:58.555+0000] {processor.py:161} INFO - Started process (PID=2083) to work on /home/airflow/.local/lib/python3.8/site-packages/airflow/example_dags/example_python_decorator.py
[2025-01-14T00:23:58.555+0000] {processor.py:830} INFO - Processing file /home/airflow/.local/lib/python3.8/site-packages/airflow/example_dags/example_python_decorator.py for tasks to queue
[2025-01-14T00:23:58.556+0000] {logging_mixin.py:188} INFO - [2025-01-14T00:23:58.556+0000] {dagbag.py:538} INFO - Filling up the DagBag from /home/airflow/.local/lib/python3.8/site-packages/airflow/example_dags/example_python_decorator.py
[2025-01-14T00:23:58.564+0000] {processor.py:840} INFO - DAG(s) 'example_python_decorator' retrieved from /home/airflow/.local/lib/python3.8/site-packages/airflow/example_dags/example_python_decorator.py
[2025-01-14T00:23:58.579+0000] {logging_mixin.py:188} INFO - [2025-01-14T00:23:58.579+0000] {dag.py:3036} INFO - Sync 1 DAGs
[2025-01-14T00:23:58.586+0000] {logging_mixin.py:188} INFO - [2025-01-14T00:23:58.586+0000] {dag.py:3823} INFO - Setting next_dagrun for example_python_decorator to None, run_after=None
[2025-01-14T00:23:58.599+0000] {processor.py:183} INFO - Processing /home/airflow/.local/lib/python3.8/site-packages/airflow/example_dags/example_python_decorator.py took 0.046 seconds
[2025-01-14T00:24:29.745+0000] {processor.py:161} INFO - Started process (PID=2142) to work on /home/airflow/.local/lib/python3.8/site-packages/airflow/example_dags/example_python_decorator.py
[2025-01-14T00:24:29.746+0000] {processor.py:830} INFO - Processing file /home/airflow/.local/lib/python3.8/site-packages/airflow/example_dags/example_python_decorator.py for tasks to queue
[2025-01-14T00:24:29.747+0000] {logging_mixin.py:188} INFO - [2025-01-14T00:24:29.747+0000] {dagbag.py:538} INFO - Filling up the DagBag from /home/airflow/.local/lib/python3.8/site-packages/airflow/example_dags/example_python_decorator.py
[2025-01-14T00:24:29.755+0000] {processor.py:840} INFO - DAG(s) 'example_python_decorator' retrieved from /home/airflow/.local/lib/python3.8/site-packages/airflow/example_dags/example_python_decorator.py
[2025-01-14T00:24:29.769+0000] {logging_mixin.py:188} INFO - [2025-01-14T00:24:29.769+0000] {dag.py:3036} INFO - Sync 1 DAGs
[2025-01-14T00:24:29.777+0000] {logging_mixin.py:188} INFO - [2025-01-14T00:24:29.777+0000] {dag.py:3823} INFO - Setting next_dagrun for example_python_decorator to None, run_after=None
[2025-01-14T00:24:29.789+0000] {processor.py:183} INFO - Processing /home/airflow/.local/lib/python3.8/site-packages/airflow/example_dags/example_python_decorator.py took 0.045 seconds
[2025-01-14T00:25:00.045+0000] {processor.py:161} INFO - Started process (PID=2201) to work on /home/airflow/.local/lib/python3.8/site-packages/airflow/example_dags/example_python_decorator.py
[2025-01-14T00:25:00.046+0000] {processor.py:830} INFO - Processing file /home/airflow/.local/lib/python3.8/site-packages/airflow/example_dags/example_python_decorator.py for tasks to queue
[2025-01-14T00:25:00.047+0000] {logging_mixin.py:188} INFO - [2025-01-14T00:25:00.047+0000] {dagbag.py:538} INFO - Filling up the DagBag from /home/airflow/.local/lib/python3.8/site-packages/airflow/example_dags/example_python_decorator.py
[2025-01-14T00:25:00.055+0000] {processor.py:840} INFO - DAG(s) 'example_python_decorator' retrieved from /home/airflow/.local/lib/python3.8/site-packages/airflow/example_dags/example_python_decorator.py
[2025-01-14T00:25:00.069+0000] {logging_mixin.py:188} INFO - [2025-01-14T00:25:00.068+0000] {dag.py:3036} INFO - Sync 1 DAGs
[2025-01-14T00:25:00.076+0000] {logging_mixin.py:188} INFO - [2025-01-14T00:25:00.076+0000] {dag.py:3823} INFO - Setting next_dagrun for example_python_decorator to None, run_after=None
[2025-01-14T00:25:00.090+0000] {processor.py:183} INFO - Processing /home/airflow/.local/lib/python3.8/site-packages/airflow/example_dags/example_python_decorator.py took 0.046 seconds
[2025-01-14T00:25:31.113+0000] {processor.py:161} INFO - Started process (PID=2260) to work on /home/airflow/.local/lib/python3.8/site-packages/airflow/example_dags/example_python_decorator.py
[2025-01-14T00:25:31.114+0000] {processor.py:830} INFO - Processing file /home/airflow/.local/lib/python3.8/site-packages/airflow/example_dags/example_python_decorator.py for tasks to queue
[2025-01-14T00:25:31.115+0000] {logging_mixin.py:188} INFO - [2025-01-14T00:25:31.115+0000] {dagbag.py:538} INFO - Filling up the DagBag from /home/airflow/.local/lib/python3.8/site-packages/airflow/example_dags/example_python_decorator.py
[2025-01-14T00:25:31.123+0000] {processor.py:840} INFO - DAG(s) 'example_python_decorator' retrieved from /home/airflow/.local/lib/python3.8/site-packages/airflow/example_dags/example_python_decorator.py
[2025-01-14T00:25:31.140+0000] {logging_mixin.py:188} INFO - [2025-01-14T00:25:31.140+0000] {dag.py:3036} INFO - Sync 1 DAGs
[2025-01-14T00:25:31.151+0000] {logging_mixin.py:188} INFO - [2025-01-14T00:25:31.151+0000] {dag.py:3823} INFO - Setting next_dagrun for example_python_decorator to None, run_after=None
[2025-01-14T00:25:31.165+0000] {processor.py:183} INFO - Processing /home/airflow/.local/lib/python3.8/site-packages/airflow/example_dags/example_python_decorator.py took 0.054 seconds
[2025-01-14T00:26:02.365+0000] {processor.py:161} INFO - Started process (PID=2319) to work on /home/airflow/.local/lib/python3.8/site-packages/airflow/example_dags/example_python_decorator.py
[2025-01-14T00:26:02.366+0000] {processor.py:830} INFO - Processing file /home/airflow/.local/lib/python3.8/site-packages/airflow/example_dags/example_python_decorator.py for tasks to queue
[2025-01-14T00:26:02.367+0000] {logging_mixin.py:188} INFO - [2025-01-14T00:26:02.367+0000] {dagbag.py:538} INFO - Filling up the DagBag from /home/airflow/.local/lib/python3.8/site-packages/airflow/example_dags/example_python_decorator.py
[2025-01-14T00:26:02.374+0000] {processor.py:840} INFO - DAG(s) 'example_python_decorator' retrieved from /home/airflow/.local/lib/python3.8/site-packages/airflow/example_dags/example_python_decorator.py
[2025-01-14T00:26:02.388+0000] {logging_mixin.py:188} INFO - [2025-01-14T00:26:02.388+0000] {dag.py:3036} INFO - Sync 1 DAGs
[2025-01-14T00:26:02.396+0000] {logging_mixin.py:188} INFO - [2025-01-14T00:26:02.395+0000] {dag.py:3823} INFO - Setting next_dagrun for example_python_decorator to None, run_after=None
[2025-01-14T00:26:02.408+0000] {processor.py:183} INFO - Processing /home/airflow/.local/lib/python3.8/site-packages/airflow/example_dags/example_python_decorator.py took 0.045 seconds
[2025-01-14T00:26:33.025+0000] {processor.py:161} INFO - Started process (PID=2380) to work on /home/airflow/.local/lib/python3.8/site-packages/airflow/example_dags/example_python_decorator.py
[2025-01-14T00:26:33.025+0000] {processor.py:830} INFO - Processing file /home/airflow/.local/lib/python3.8/site-packages/airflow/example_dags/example_python_decorator.py for tasks to queue
[2025-01-14T00:26:33.027+0000] {logging_mixin.py:188} INFO - [2025-01-14T00:26:33.026+0000] {dagbag.py:538} INFO - Filling up the DagBag from /home/airflow/.local/lib/python3.8/site-packages/airflow/example_dags/example_python_decorator.py
[2025-01-14T00:26:33.034+0000] {processor.py:840} INFO - DAG(s) 'example_python_decorator' retrieved from /home/airflow/.local/lib/python3.8/site-packages/airflow/example_dags/example_python_decorator.py
[2025-01-14T00:26:33.049+0000] {logging_mixin.py:188} INFO - [2025-01-14T00:26:33.049+0000] {dag.py:3036} INFO - Sync 1 DAGs
[2025-01-14T00:26:33.059+0000] {logging_mixin.py:188} INFO - [2025-01-14T00:26:33.058+0000] {dag.py:3823} INFO - Setting next_dagrun for example_python_decorator to None, run_after=None
[2025-01-14T00:26:33.073+0000] {processor.py:183} INFO - Processing /home/airflow/.local/lib/python3.8/site-packages/airflow/example_dags/example_python_decorator.py took 0.050 seconds
[2025-01-14T00:27:03.954+0000] {processor.py:161} INFO - Started process (PID=2439) to work on /home/airflow/.local/lib/python3.8/site-packages/airflow/example_dags/example_python_decorator.py
[2025-01-14T00:27:03.955+0000] {processor.py:830} INFO - Processing file /home/airflow/.local/lib/python3.8/site-packages/airflow/example_dags/example_python_decorator.py for tasks to queue
[2025-01-14T00:27:03.956+0000] {logging_mixin.py:188} INFO - [2025-01-14T00:27:03.956+0000] {dagbag.py:538} INFO - Filling up the DagBag from /home/airflow/.local/lib/python3.8/site-packages/airflow/example_dags/example_python_decorator.py
[2025-01-14T00:27:03.965+0000] {processor.py:840} INFO - DAG(s) 'example_python_decorator' retrieved from /home/airflow/.local/lib/python3.8/site-packages/airflow/example_dags/example_python_decorator.py
[2025-01-14T00:27:03.980+0000] {logging_mixin.py:188} INFO - [2025-01-14T00:27:03.979+0000] {dag.py:3036} INFO - Sync 1 DAGs
[2025-01-14T00:27:03.987+0000] {logging_mixin.py:188} INFO - [2025-01-14T00:27:03.987+0000] {dag.py:3823} INFO - Setting next_dagrun for example_python_decorator to None, run_after=None
[2025-01-14T00:27:03.999+0000] {processor.py:183} INFO - Processing /home/airflow/.local/lib/python3.8/site-packages/airflow/example_dags/example_python_decorator.py took 0.047 seconds
[2025-01-14T00:27:34.845+0000] {processor.py:161} INFO - Started process (PID=2498) to work on /home/airflow/.local/lib/python3.8/site-packages/airflow/example_dags/example_python_decorator.py
[2025-01-14T00:27:34.846+0000] {processor.py:830} INFO - Processing file /home/airflow/.local/lib/python3.8/site-packages/airflow/example_dags/example_python_decorator.py for tasks to queue
[2025-01-14T00:27:34.847+0000] {logging_mixin.py:188} INFO - [2025-01-14T00:27:34.847+0000] {dagbag.py:538} INFO - Filling up the DagBag from /home/airflow/.local/lib/python3.8/site-packages/airflow/example_dags/example_python_decorator.py
[2025-01-14T00:27:34.857+0000] {processor.py:840} INFO - DAG(s) 'example_python_decorator' retrieved from /home/airflow/.local/lib/python3.8/site-packages/airflow/example_dags/example_python_decorator.py
[2025-01-14T00:27:34.871+0000] {logging_mixin.py:188} INFO - [2025-01-14T00:27:34.871+0000] {dag.py:3036} INFO - Sync 1 DAGs
[2025-01-14T00:27:34.880+0000] {logging_mixin.py:188} INFO - [2025-01-14T00:27:34.880+0000] {dag.py:3823} INFO - Setting next_dagrun for example_python_decorator to None, run_after=None
[2025-01-14T00:27:34.894+0000] {processor.py:183} INFO - Processing /home/airflow/.local/lib/python3.8/site-packages/airflow/example_dags/example_python_decorator.py took 0.050 seconds
