[2025-01-14T00:00:07.735+0000] {processor.py:161} INFO - Started process (PID=10557) to work on /home/airflow/.local/lib/python3.8/site-packages/airflow/example_dags/example_xcom.py
[2025-01-14T00:00:07.736+0000] {processor.py:830} INFO - Processing file /home/airflow/.local/lib/python3.8/site-packages/airflow/example_dags/example_xcom.py for tasks to queue
[2025-01-14T00:00:07.737+0000] {logging_mixin.py:188} INFO - [2025-01-14T00:00:07.736+0000] {dagbag.py:538} INFO - Filling up the DagBag from /home/airflow/.local/lib/python3.8/site-packages/airflow/example_dags/example_xcom.py
[2025-01-14T00:00:07.742+0000] {processor.py:840} INFO - DAG(s) 'example_xcom' retrieved from /home/airflow/.local/lib/python3.8/site-packages/airflow/example_dags/example_xcom.py
[2025-01-14T00:00:07.758+0000] {logging_mixin.py:188} INFO - [2025-01-14T00:00:07.758+0000] {dag.py:3036} INFO - Sync 1 DAGs
[2025-01-14T00:00:07.774+0000] {logging_mixin.py:188} INFO - [2025-01-14T00:00:07.774+0000] {dag.py:3823} INFO - Setting next_dagrun for example_xcom to 2021-01-01 00:00:00+00:00, run_after=2021-01-01 00:00:00+00:00
[2025-01-14T00:00:07.788+0000] {processor.py:183} INFO - Processing /home/airflow/.local/lib/python3.8/site-packages/airflow/example_dags/example_xcom.py took 0.055 seconds
[2025-01-14T00:00:37.902+0000] {processor.py:161} INFO - Started process (PID=10618) to work on /home/airflow/.local/lib/python3.8/site-packages/airflow/example_dags/example_xcom.py
[2025-01-14T00:00:37.902+0000] {processor.py:830} INFO - Processing file /home/airflow/.local/lib/python3.8/site-packages/airflow/example_dags/example_xcom.py for tasks to queue
[2025-01-14T00:00:37.903+0000] {logging_mixin.py:188} INFO - [2025-01-14T00:00:37.903+0000] {dagbag.py:538} INFO - Filling up the DagBag from /home/airflow/.local/lib/python3.8/site-packages/airflow/example_dags/example_xcom.py
[2025-01-14T00:00:37.907+0000] {processor.py:840} INFO - DAG(s) 'example_xcom' retrieved from /home/airflow/.local/lib/python3.8/site-packages/airflow/example_dags/example_xcom.py
[2025-01-14T00:00:37.921+0000] {logging_mixin.py:188} INFO - [2025-01-14T00:00:37.921+0000] {dag.py:3036} INFO - Sync 1 DAGs
[2025-01-14T00:00:37.934+0000] {logging_mixin.py:188} INFO - [2025-01-14T00:00:37.934+0000] {dag.py:3823} INFO - Setting next_dagrun for example_xcom to 2021-01-01 00:00:00+00:00, run_after=2021-01-01 00:00:00+00:00
[2025-01-14T00:00:37.947+0000] {processor.py:183} INFO - Processing /home/airflow/.local/lib/python3.8/site-packages/airflow/example_dags/example_xcom.py took 0.047 seconds
[2025-01-14T00:01:08.009+0000] {processor.py:161} INFO - Started process (PID=10677) to work on /home/airflow/.local/lib/python3.8/site-packages/airflow/example_dags/example_xcom.py
[2025-01-14T00:01:08.010+0000] {processor.py:830} INFO - Processing file /home/airflow/.local/lib/python3.8/site-packages/airflow/example_dags/example_xcom.py for tasks to queue
[2025-01-14T00:01:08.010+0000] {logging_mixin.py:188} INFO - [2025-01-14T00:01:08.010+0000] {dagbag.py:538} INFO - Filling up the DagBag from /home/airflow/.local/lib/python3.8/site-packages/airflow/example_dags/example_xcom.py
[2025-01-14T00:01:08.015+0000] {processor.py:840} INFO - DAG(s) 'example_xcom' retrieved from /home/airflow/.local/lib/python3.8/site-packages/airflow/example_dags/example_xcom.py
[2025-01-14T00:01:08.028+0000] {logging_mixin.py:188} INFO - [2025-01-14T00:01:08.028+0000] {dag.py:3036} INFO - Sync 1 DAGs
[2025-01-14T00:01:08.040+0000] {logging_mixin.py:188} INFO - [2025-01-14T00:01:08.040+0000] {dag.py:3823} INFO - Setting next_dagrun for example_xcom to 2021-01-01 00:00:00+00:00, run_after=2021-01-01 00:00:00+00:00
[2025-01-14T00:01:08.053+0000] {processor.py:183} INFO - Processing /home/airflow/.local/lib/python3.8/site-packages/airflow/example_dags/example_xcom.py took 0.046 seconds
[2025-01-14T00:01:38.097+0000] {processor.py:161} INFO - Started process (PID=10736) to work on /home/airflow/.local/lib/python3.8/site-packages/airflow/example_dags/example_xcom.py
[2025-01-14T00:01:38.098+0000] {processor.py:830} INFO - Processing file /home/airflow/.local/lib/python3.8/site-packages/airflow/example_dags/example_xcom.py for tasks to queue
[2025-01-14T00:01:38.098+0000] {logging_mixin.py:188} INFO - [2025-01-14T00:01:38.098+0000] {dagbag.py:538} INFO - Filling up the DagBag from /home/airflow/.local/lib/python3.8/site-packages/airflow/example_dags/example_xcom.py
[2025-01-14T00:01:38.103+0000] {processor.py:840} INFO - DAG(s) 'example_xcom' retrieved from /home/airflow/.local/lib/python3.8/site-packages/airflow/example_dags/example_xcom.py
[2025-01-14T00:01:38.118+0000] {logging_mixin.py:188} INFO - [2025-01-14T00:01:38.117+0000] {dag.py:3036} INFO - Sync 1 DAGs
[2025-01-14T00:01:38.130+0000] {logging_mixin.py:188} INFO - [2025-01-14T00:01:38.130+0000] {dag.py:3823} INFO - Setting next_dagrun for example_xcom to 2021-01-01 00:00:00+00:00, run_after=2021-01-01 00:00:00+00:00
[2025-01-14T00:01:38.142+0000] {processor.py:183} INFO - Processing /home/airflow/.local/lib/python3.8/site-packages/airflow/example_dags/example_xcom.py took 0.047 seconds
[2025-01-14T00:02:09.029+0000] {processor.py:161} INFO - Started process (PID=10795) to work on /home/airflow/.local/lib/python3.8/site-packages/airflow/example_dags/example_xcom.py
[2025-01-14T00:02:09.029+0000] {processor.py:830} INFO - Processing file /home/airflow/.local/lib/python3.8/site-packages/airflow/example_dags/example_xcom.py for tasks to queue
[2025-01-14T00:02:09.030+0000] {logging_mixin.py:188} INFO - [2025-01-14T00:02:09.030+0000] {dagbag.py:538} INFO - Filling up the DagBag from /home/airflow/.local/lib/python3.8/site-packages/airflow/example_dags/example_xcom.py
[2025-01-14T00:02:09.035+0000] {processor.py:840} INFO - DAG(s) 'example_xcom' retrieved from /home/airflow/.local/lib/python3.8/site-packages/airflow/example_dags/example_xcom.py
[2025-01-14T00:02:09.049+0000] {logging_mixin.py:188} INFO - [2025-01-14T00:02:09.049+0000] {dag.py:3036} INFO - Sync 1 DAGs
[2025-01-14T00:02:09.063+0000] {logging_mixin.py:188} INFO - [2025-01-14T00:02:09.062+0000] {dag.py:3823} INFO - Setting next_dagrun for example_xcom to 2021-01-01 00:00:00+00:00, run_after=2021-01-01 00:00:00+00:00
[2025-01-14T00:02:09.075+0000] {processor.py:183} INFO - Processing /home/airflow/.local/lib/python3.8/site-packages/airflow/example_dags/example_xcom.py took 0.049 seconds
[2025-01-14T00:02:39.908+0000] {processor.py:161} INFO - Started process (PID=10854) to work on /home/airflow/.local/lib/python3.8/site-packages/airflow/example_dags/example_xcom.py
[2025-01-14T00:02:39.909+0000] {processor.py:830} INFO - Processing file /home/airflow/.local/lib/python3.8/site-packages/airflow/example_dags/example_xcom.py for tasks to queue
[2025-01-14T00:02:39.909+0000] {logging_mixin.py:188} INFO - [2025-01-14T00:02:39.909+0000] {dagbag.py:538} INFO - Filling up the DagBag from /home/airflow/.local/lib/python3.8/site-packages/airflow/example_dags/example_xcom.py
[2025-01-14T00:02:39.914+0000] {processor.py:840} INFO - DAG(s) 'example_xcom' retrieved from /home/airflow/.local/lib/python3.8/site-packages/airflow/example_dags/example_xcom.py
[2025-01-14T00:02:39.927+0000] {logging_mixin.py:188} INFO - [2025-01-14T00:02:39.927+0000] {dag.py:3036} INFO - Sync 1 DAGs
[2025-01-14T00:02:39.940+0000] {logging_mixin.py:188} INFO - [2025-01-14T00:02:39.940+0000] {dag.py:3823} INFO - Setting next_dagrun for example_xcom to 2021-01-01 00:00:00+00:00, run_after=2021-01-01 00:00:00+00:00
[2025-01-14T00:02:39.953+0000] {processor.py:183} INFO - Processing /home/airflow/.local/lib/python3.8/site-packages/airflow/example_dags/example_xcom.py took 0.047 seconds
[2025-01-14T00:03:10.139+0000] {processor.py:161} INFO - Started process (PID=10913) to work on /home/airflow/.local/lib/python3.8/site-packages/airflow/example_dags/example_xcom.py
[2025-01-14T00:03:10.140+0000] {processor.py:830} INFO - Processing file /home/airflow/.local/lib/python3.8/site-packages/airflow/example_dags/example_xcom.py for tasks to queue
[2025-01-14T00:03:10.141+0000] {logging_mixin.py:188} INFO - [2025-01-14T00:03:10.141+0000] {dagbag.py:538} INFO - Filling up the DagBag from /home/airflow/.local/lib/python3.8/site-packages/airflow/example_dags/example_xcom.py
[2025-01-14T00:03:10.146+0000] {processor.py:840} INFO - DAG(s) 'example_xcom' retrieved from /home/airflow/.local/lib/python3.8/site-packages/airflow/example_dags/example_xcom.py
[2025-01-14T00:03:10.160+0000] {logging_mixin.py:188} INFO - [2025-01-14T00:03:10.160+0000] {dag.py:3036} INFO - Sync 1 DAGs
[2025-01-14T00:03:10.173+0000] {logging_mixin.py:188} INFO - [2025-01-14T00:03:10.173+0000] {dag.py:3823} INFO - Setting next_dagrun for example_xcom to 2021-01-01 00:00:00+00:00, run_after=2021-01-01 00:00:00+00:00
[2025-01-14T00:03:10.185+0000] {processor.py:183} INFO - Processing /home/airflow/.local/lib/python3.8/site-packages/airflow/example_dags/example_xcom.py took 0.047 seconds
[2025-01-14T00:03:40.295+0000] {processor.py:161} INFO - Started process (PID=10972) to work on /home/airflow/.local/lib/python3.8/site-packages/airflow/example_dags/example_xcom.py
[2025-01-14T00:03:40.296+0000] {processor.py:830} INFO - Processing file /home/airflow/.local/lib/python3.8/site-packages/airflow/example_dags/example_xcom.py for tasks to queue
[2025-01-14T00:03:40.296+0000] {logging_mixin.py:188} INFO - [2025-01-14T00:03:40.296+0000] {dagbag.py:538} INFO - Filling up the DagBag from /home/airflow/.local/lib/python3.8/site-packages/airflow/example_dags/example_xcom.py
[2025-01-14T00:03:40.301+0000] {processor.py:840} INFO - DAG(s) 'example_xcom' retrieved from /home/airflow/.local/lib/python3.8/site-packages/airflow/example_dags/example_xcom.py
[2025-01-14T00:03:40.314+0000] {logging_mixin.py:188} INFO - [2025-01-14T00:03:40.314+0000] {dag.py:3036} INFO - Sync 1 DAGs
[2025-01-14T00:03:40.327+0000] {logging_mixin.py:188} INFO - [2025-01-14T00:03:40.327+0000] {dag.py:3823} INFO - Setting next_dagrun for example_xcom to 2021-01-01 00:00:00+00:00, run_after=2021-01-01 00:00:00+00:00
[2025-01-14T00:03:40.338+0000] {processor.py:183} INFO - Processing /home/airflow/.local/lib/python3.8/site-packages/airflow/example_dags/example_xcom.py took 0.045 seconds
[2025-01-14T00:04:11.274+0000] {processor.py:161} INFO - Started process (PID=11031) to work on /home/airflow/.local/lib/python3.8/site-packages/airflow/example_dags/example_xcom.py
[2025-01-14T00:04:11.275+0000] {processor.py:830} INFO - Processing file /home/airflow/.local/lib/python3.8/site-packages/airflow/example_dags/example_xcom.py for tasks to queue
[2025-01-14T00:04:11.275+0000] {logging_mixin.py:188} INFO - [2025-01-14T00:04:11.275+0000] {dagbag.py:538} INFO - Filling up the DagBag from /home/airflow/.local/lib/python3.8/site-packages/airflow/example_dags/example_xcom.py
[2025-01-14T00:04:11.280+0000] {processor.py:840} INFO - DAG(s) 'example_xcom' retrieved from /home/airflow/.local/lib/python3.8/site-packages/airflow/example_dags/example_xcom.py
[2025-01-14T00:04:11.295+0000] {logging_mixin.py:188} INFO - [2025-01-14T00:04:11.294+0000] {dag.py:3036} INFO - Sync 1 DAGs
[2025-01-14T00:04:11.308+0000] {logging_mixin.py:188} INFO - [2025-01-14T00:04:11.308+0000] {dag.py:3823} INFO - Setting next_dagrun for example_xcom to 2021-01-01 00:00:00+00:00, run_after=2021-01-01 00:00:00+00:00
[2025-01-14T00:04:11.321+0000] {processor.py:183} INFO - Processing /home/airflow/.local/lib/python3.8/site-packages/airflow/example_dags/example_xcom.py took 0.049 seconds
[2025-01-14T00:04:41.573+0000] {processor.py:161} INFO - Started process (PID=11090) to work on /home/airflow/.local/lib/python3.8/site-packages/airflow/example_dags/example_xcom.py
[2025-01-14T00:04:41.574+0000] {processor.py:830} INFO - Processing file /home/airflow/.local/lib/python3.8/site-packages/airflow/example_dags/example_xcom.py for tasks to queue
[2025-01-14T00:04:41.574+0000] {logging_mixin.py:188} INFO - [2025-01-14T00:04:41.574+0000] {dagbag.py:538} INFO - Filling up the DagBag from /home/airflow/.local/lib/python3.8/site-packages/airflow/example_dags/example_xcom.py
[2025-01-14T00:04:41.579+0000] {processor.py:840} INFO - DAG(s) 'example_xcom' retrieved from /home/airflow/.local/lib/python3.8/site-packages/airflow/example_dags/example_xcom.py
[2025-01-14T00:04:41.598+0000] {logging_mixin.py:188} INFO - [2025-01-14T00:04:41.597+0000] {dag.py:3036} INFO - Sync 1 DAGs
[2025-01-14T00:04:41.615+0000] {logging_mixin.py:188} INFO - [2025-01-14T00:04:41.614+0000] {dag.py:3823} INFO - Setting next_dagrun for example_xcom to 2021-01-01 00:00:00+00:00, run_after=2021-01-01 00:00:00+00:00
[2025-01-14T00:04:41.629+0000] {processor.py:183} INFO - Processing /home/airflow/.local/lib/python3.8/site-packages/airflow/example_dags/example_xcom.py took 0.059 seconds
[2025-01-14T00:05:12.615+0000] {processor.py:161} INFO - Started process (PID=11149) to work on /home/airflow/.local/lib/python3.8/site-packages/airflow/example_dags/example_xcom.py
[2025-01-14T00:05:12.616+0000] {processor.py:830} INFO - Processing file /home/airflow/.local/lib/python3.8/site-packages/airflow/example_dags/example_xcom.py for tasks to queue
[2025-01-14T00:05:12.616+0000] {logging_mixin.py:188} INFO - [2025-01-14T00:05:12.616+0000] {dagbag.py:538} INFO - Filling up the DagBag from /home/airflow/.local/lib/python3.8/site-packages/airflow/example_dags/example_xcom.py
[2025-01-14T00:05:12.621+0000] {processor.py:840} INFO - DAG(s) 'example_xcom' retrieved from /home/airflow/.local/lib/python3.8/site-packages/airflow/example_dags/example_xcom.py
[2025-01-14T00:05:12.634+0000] {logging_mixin.py:188} INFO - [2025-01-14T00:05:12.634+0000] {dag.py:3036} INFO - Sync 1 DAGs
[2025-01-14T00:05:12.646+0000] {logging_mixin.py:188} INFO - [2025-01-14T00:05:12.646+0000] {dag.py:3823} INFO - Setting next_dagrun for example_xcom to 2021-01-01 00:00:00+00:00, run_after=2021-01-01 00:00:00+00:00
[2025-01-14T00:05:12.659+0000] {processor.py:183} INFO - Processing /home/airflow/.local/lib/python3.8/site-packages/airflow/example_dags/example_xcom.py took 0.046 seconds
[2025-01-14T00:06:25.215+0000] {processor.py:161} INFO - Started process (PID=83) to work on /home/airflow/.local/lib/python3.8/site-packages/airflow/example_dags/example_xcom.py
[2025-01-14T00:06:25.217+0000] {processor.py:830} INFO - Processing file /home/airflow/.local/lib/python3.8/site-packages/airflow/example_dags/example_xcom.py for tasks to queue
[2025-01-14T00:06:25.220+0000] {logging_mixin.py:188} INFO - [2025-01-14T00:06:25.220+0000] {dagbag.py:538} INFO - Filling up the DagBag from /home/airflow/.local/lib/python3.8/site-packages/airflow/example_dags/example_xcom.py
[2025-01-14T00:06:25.229+0000] {processor.py:840} INFO - DAG(s) 'example_xcom' retrieved from /home/airflow/.local/lib/python3.8/site-packages/airflow/example_dags/example_xcom.py
[2025-01-14T00:06:25.241+0000] {logging_mixin.py:188} INFO - [2025-01-14T00:06:25.241+0000] {dag.py:3036} INFO - Sync 1 DAGs
[2025-01-14T00:06:25.255+0000] {logging_mixin.py:188} INFO - [2025-01-14T00:06:25.255+0000] {dag.py:3823} INFO - Setting next_dagrun for example_xcom to 2021-01-01 00:00:00+00:00, run_after=2021-01-01 00:00:00+00:00
[2025-01-14T00:06:25.267+0000] {processor.py:183} INFO - Processing /home/airflow/.local/lib/python3.8/site-packages/airflow/example_dags/example_xcom.py took 0.055 seconds
[2025-01-14T00:06:56.264+0000] {processor.py:161} INFO - Started process (PID=142) to work on /home/airflow/.local/lib/python3.8/site-packages/airflow/example_dags/example_xcom.py
[2025-01-14T00:06:56.265+0000] {processor.py:830} INFO - Processing file /home/airflow/.local/lib/python3.8/site-packages/airflow/example_dags/example_xcom.py for tasks to queue
[2025-01-14T00:06:56.266+0000] {logging_mixin.py:188} INFO - [2025-01-14T00:06:56.266+0000] {dagbag.py:538} INFO - Filling up the DagBag from /home/airflow/.local/lib/python3.8/site-packages/airflow/example_dags/example_xcom.py
[2025-01-14T00:06:56.271+0000] {processor.py:840} INFO - DAG(s) 'example_xcom' retrieved from /home/airflow/.local/lib/python3.8/site-packages/airflow/example_dags/example_xcom.py
[2025-01-14T00:06:56.333+0000] {logging_mixin.py:188} INFO - [2025-01-14T00:06:56.333+0000] {dag.py:3036} INFO - Sync 1 DAGs
[2025-01-14T00:06:56.344+0000] {logging_mixin.py:188} INFO - [2025-01-14T00:06:56.344+0000] {dag.py:3823} INFO - Setting next_dagrun for example_xcom to 2021-01-01 00:00:00+00:00, run_after=2021-01-01 00:00:00+00:00
[2025-01-14T00:06:56.357+0000] {processor.py:183} INFO - Processing /home/airflow/.local/lib/python3.8/site-packages/airflow/example_dags/example_xcom.py took 0.095 seconds
[2025-01-14T00:07:26.710+0000] {processor.py:161} INFO - Started process (PID=201) to work on /home/airflow/.local/lib/python3.8/site-packages/airflow/example_dags/example_xcom.py
[2025-01-14T00:07:26.710+0000] {processor.py:830} INFO - Processing file /home/airflow/.local/lib/python3.8/site-packages/airflow/example_dags/example_xcom.py for tasks to queue
[2025-01-14T00:07:26.711+0000] {logging_mixin.py:188} INFO - [2025-01-14T00:07:26.711+0000] {dagbag.py:538} INFO - Filling up the DagBag from /home/airflow/.local/lib/python3.8/site-packages/airflow/example_dags/example_xcom.py
[2025-01-14T00:07:26.716+0000] {processor.py:840} INFO - DAG(s) 'example_xcom' retrieved from /home/airflow/.local/lib/python3.8/site-packages/airflow/example_dags/example_xcom.py
[2025-01-14T00:07:26.729+0000] {logging_mixin.py:188} INFO - [2025-01-14T00:07:26.729+0000] {dag.py:3036} INFO - Sync 1 DAGs
[2025-01-14T00:07:26.741+0000] {logging_mixin.py:188} INFO - [2025-01-14T00:07:26.741+0000] {dag.py:3823} INFO - Setting next_dagrun for example_xcom to 2021-01-01 00:00:00+00:00, run_after=2021-01-01 00:00:00+00:00
[2025-01-14T00:07:26.754+0000] {processor.py:183} INFO - Processing /home/airflow/.local/lib/python3.8/site-packages/airflow/example_dags/example_xcom.py took 0.046 seconds
[2025-01-14T00:07:56.982+0000] {processor.py:161} INFO - Started process (PID=260) to work on /home/airflow/.local/lib/python3.8/site-packages/airflow/example_dags/example_xcom.py
[2025-01-14T00:07:56.983+0000] {processor.py:830} INFO - Processing file /home/airflow/.local/lib/python3.8/site-packages/airflow/example_dags/example_xcom.py for tasks to queue
[2025-01-14T00:07:56.984+0000] {logging_mixin.py:188} INFO - [2025-01-14T00:07:56.984+0000] {dagbag.py:538} INFO - Filling up the DagBag from /home/airflow/.local/lib/python3.8/site-packages/airflow/example_dags/example_xcom.py
[2025-01-14T00:07:56.989+0000] {processor.py:840} INFO - DAG(s) 'example_xcom' retrieved from /home/airflow/.local/lib/python3.8/site-packages/airflow/example_dags/example_xcom.py
[2025-01-14T00:07:57.002+0000] {logging_mixin.py:188} INFO - [2025-01-14T00:07:57.002+0000] {dag.py:3036} INFO - Sync 1 DAGs
[2025-01-14T00:07:57.015+0000] {logging_mixin.py:188} INFO - [2025-01-14T00:07:57.015+0000] {dag.py:3823} INFO - Setting next_dagrun for example_xcom to 2021-01-01 00:00:00+00:00, run_after=2021-01-01 00:00:00+00:00
[2025-01-14T00:07:57.027+0000] {processor.py:183} INFO - Processing /home/airflow/.local/lib/python3.8/site-packages/airflow/example_dags/example_xcom.py took 0.047 seconds
[2025-01-14T00:08:27.268+0000] {processor.py:161} INFO - Started process (PID=319) to work on /home/airflow/.local/lib/python3.8/site-packages/airflow/example_dags/example_xcom.py
[2025-01-14T00:08:27.268+0000] {processor.py:830} INFO - Processing file /home/airflow/.local/lib/python3.8/site-packages/airflow/example_dags/example_xcom.py for tasks to queue
[2025-01-14T00:08:27.269+0000] {logging_mixin.py:188} INFO - [2025-01-14T00:08:27.269+0000] {dagbag.py:538} INFO - Filling up the DagBag from /home/airflow/.local/lib/python3.8/site-packages/airflow/example_dags/example_xcom.py
[2025-01-14T00:08:27.274+0000] {processor.py:840} INFO - DAG(s) 'example_xcom' retrieved from /home/airflow/.local/lib/python3.8/site-packages/airflow/example_dags/example_xcom.py
[2025-01-14T00:08:27.287+0000] {logging_mixin.py:188} INFO - [2025-01-14T00:08:27.286+0000] {dag.py:3036} INFO - Sync 1 DAGs
[2025-01-14T00:08:27.299+0000] {logging_mixin.py:188} INFO - [2025-01-14T00:08:27.299+0000] {dag.py:3823} INFO - Setting next_dagrun for example_xcom to 2021-01-01 00:00:00+00:00, run_after=2021-01-01 00:00:00+00:00
[2025-01-14T00:08:27.312+0000] {processor.py:183} INFO - Processing /home/airflow/.local/lib/python3.8/site-packages/airflow/example_dags/example_xcom.py took 0.047 seconds
[2025-01-14T00:08:57.505+0000] {processor.py:161} INFO - Started process (PID=378) to work on /home/airflow/.local/lib/python3.8/site-packages/airflow/example_dags/example_xcom.py
[2025-01-14T00:08:57.506+0000] {processor.py:830} INFO - Processing file /home/airflow/.local/lib/python3.8/site-packages/airflow/example_dags/example_xcom.py for tasks to queue
[2025-01-14T00:08:57.508+0000] {logging_mixin.py:188} INFO - [2025-01-14T00:08:57.507+0000] {dagbag.py:538} INFO - Filling up the DagBag from /home/airflow/.local/lib/python3.8/site-packages/airflow/example_dags/example_xcom.py
[2025-01-14T00:08:57.513+0000] {processor.py:840} INFO - DAG(s) 'example_xcom' retrieved from /home/airflow/.local/lib/python3.8/site-packages/airflow/example_dags/example_xcom.py
[2025-01-14T00:08:57.528+0000] {logging_mixin.py:188} INFO - [2025-01-14T00:08:57.528+0000] {dag.py:3036} INFO - Sync 1 DAGs
[2025-01-14T00:08:57.543+0000] {logging_mixin.py:188} INFO - [2025-01-14T00:08:57.543+0000] {dag.py:3823} INFO - Setting next_dagrun for example_xcom to 2021-01-01 00:00:00+00:00, run_after=2021-01-01 00:00:00+00:00
[2025-01-14T00:08:57.559+0000] {processor.py:183} INFO - Processing /home/airflow/.local/lib/python3.8/site-packages/airflow/example_dags/example_xcom.py took 0.056 seconds
[2025-01-14T00:09:27.812+0000] {processor.py:161} INFO - Started process (PID=437) to work on /home/airflow/.local/lib/python3.8/site-packages/airflow/example_dags/example_xcom.py
[2025-01-14T00:09:27.813+0000] {processor.py:830} INFO - Processing file /home/airflow/.local/lib/python3.8/site-packages/airflow/example_dags/example_xcom.py for tasks to queue
[2025-01-14T00:09:27.814+0000] {logging_mixin.py:188} INFO - [2025-01-14T00:09:27.814+0000] {dagbag.py:538} INFO - Filling up the DagBag from /home/airflow/.local/lib/python3.8/site-packages/airflow/example_dags/example_xcom.py
[2025-01-14T00:09:27.819+0000] {processor.py:840} INFO - DAG(s) 'example_xcom' retrieved from /home/airflow/.local/lib/python3.8/site-packages/airflow/example_dags/example_xcom.py
[2025-01-14T00:09:27.833+0000] {logging_mixin.py:188} INFO - [2025-01-14T00:09:27.833+0000] {dag.py:3036} INFO - Sync 1 DAGs
[2025-01-14T00:09:27.847+0000] {logging_mixin.py:188} INFO - [2025-01-14T00:09:27.847+0000] {dag.py:3823} INFO - Setting next_dagrun for example_xcom to 2021-01-01 00:00:00+00:00, run_after=2021-01-01 00:00:00+00:00
[2025-01-14T00:09:27.860+0000] {processor.py:183} INFO - Processing /home/airflow/.local/lib/python3.8/site-packages/airflow/example_dags/example_xcom.py took 0.050 seconds
[2025-01-14T00:09:58.840+0000] {processor.py:161} INFO - Started process (PID=496) to work on /home/airflow/.local/lib/python3.8/site-packages/airflow/example_dags/example_xcom.py
[2025-01-14T00:09:58.841+0000] {processor.py:830} INFO - Processing file /home/airflow/.local/lib/python3.8/site-packages/airflow/example_dags/example_xcom.py for tasks to queue
[2025-01-14T00:09:58.842+0000] {logging_mixin.py:188} INFO - [2025-01-14T00:09:58.841+0000] {dagbag.py:538} INFO - Filling up the DagBag from /home/airflow/.local/lib/python3.8/site-packages/airflow/example_dags/example_xcom.py
[2025-01-14T00:09:58.846+0000] {processor.py:840} INFO - DAG(s) 'example_xcom' retrieved from /home/airflow/.local/lib/python3.8/site-packages/airflow/example_dags/example_xcom.py
[2025-01-14T00:09:58.860+0000] {logging_mixin.py:188} INFO - [2025-01-14T00:09:58.860+0000] {dag.py:3036} INFO - Sync 1 DAGs
[2025-01-14T00:09:58.875+0000] {logging_mixin.py:188} INFO - [2025-01-14T00:09:58.875+0000] {dag.py:3823} INFO - Setting next_dagrun for example_xcom to 2021-01-01 00:00:00+00:00, run_after=2021-01-01 00:00:00+00:00
[2025-01-14T00:09:58.888+0000] {processor.py:183} INFO - Processing /home/airflow/.local/lib/python3.8/site-packages/airflow/example_dags/example_xcom.py took 0.050 seconds
[2025-01-14T00:10:30.280+0000] {processor.py:161} INFO - Started process (PID=555) to work on /home/airflow/.local/lib/python3.8/site-packages/airflow/example_dags/example_xcom.py
[2025-01-14T00:10:30.281+0000] {processor.py:830} INFO - Processing file /home/airflow/.local/lib/python3.8/site-packages/airflow/example_dags/example_xcom.py for tasks to queue
[2025-01-14T00:10:30.282+0000] {logging_mixin.py:188} INFO - [2025-01-14T00:10:30.282+0000] {dagbag.py:538} INFO - Filling up the DagBag from /home/airflow/.local/lib/python3.8/site-packages/airflow/example_dags/example_xcom.py
[2025-01-14T00:10:30.287+0000] {processor.py:840} INFO - DAG(s) 'example_xcom' retrieved from /home/airflow/.local/lib/python3.8/site-packages/airflow/example_dags/example_xcom.py
[2025-01-14T00:10:30.299+0000] {logging_mixin.py:188} INFO - [2025-01-14T00:10:30.299+0000] {dag.py:3036} INFO - Sync 1 DAGs
[2025-01-14T00:10:30.313+0000] {logging_mixin.py:188} INFO - [2025-01-14T00:10:30.313+0000] {dag.py:3823} INFO - Setting next_dagrun for example_xcom to 2021-01-01 00:00:00+00:00, run_after=2021-01-01 00:00:00+00:00
[2025-01-14T00:10:30.325+0000] {processor.py:183} INFO - Processing /home/airflow/.local/lib/python3.8/site-packages/airflow/example_dags/example_xcom.py took 0.047 seconds
[2025-01-14T00:11:01.427+0000] {processor.py:161} INFO - Started process (PID=614) to work on /home/airflow/.local/lib/python3.8/site-packages/airflow/example_dags/example_xcom.py
[2025-01-14T00:11:01.428+0000] {processor.py:830} INFO - Processing file /home/airflow/.local/lib/python3.8/site-packages/airflow/example_dags/example_xcom.py for tasks to queue
[2025-01-14T00:11:01.429+0000] {logging_mixin.py:188} INFO - [2025-01-14T00:11:01.428+0000] {dagbag.py:538} INFO - Filling up the DagBag from /home/airflow/.local/lib/python3.8/site-packages/airflow/example_dags/example_xcom.py
[2025-01-14T00:11:01.433+0000] {processor.py:840} INFO - DAG(s) 'example_xcom' retrieved from /home/airflow/.local/lib/python3.8/site-packages/airflow/example_dags/example_xcom.py
[2025-01-14T00:11:01.446+0000] {logging_mixin.py:188} INFO - [2025-01-14T00:11:01.446+0000] {dag.py:3036} INFO - Sync 1 DAGs
[2025-01-14T00:11:01.458+0000] {logging_mixin.py:188} INFO - [2025-01-14T00:11:01.458+0000] {dag.py:3823} INFO - Setting next_dagrun for example_xcom to 2021-01-01 00:00:00+00:00, run_after=2021-01-01 00:00:00+00:00
[2025-01-14T00:11:01.486+0000] {processor.py:183} INFO - Processing /home/airflow/.local/lib/python3.8/site-packages/airflow/example_dags/example_xcom.py took 0.061 seconds
[2025-01-14T00:11:32.546+0000] {processor.py:161} INFO - Started process (PID=673) to work on /home/airflow/.local/lib/python3.8/site-packages/airflow/example_dags/example_xcom.py
[2025-01-14T00:11:32.547+0000] {processor.py:830} INFO - Processing file /home/airflow/.local/lib/python3.8/site-packages/airflow/example_dags/example_xcom.py for tasks to queue
[2025-01-14T00:11:32.548+0000] {logging_mixin.py:188} INFO - [2025-01-14T00:11:32.548+0000] {dagbag.py:538} INFO - Filling up the DagBag from /home/airflow/.local/lib/python3.8/site-packages/airflow/example_dags/example_xcom.py
[2025-01-14T00:11:32.553+0000] {processor.py:840} INFO - DAG(s) 'example_xcom' retrieved from /home/airflow/.local/lib/python3.8/site-packages/airflow/example_dags/example_xcom.py
[2025-01-14T00:11:32.566+0000] {logging_mixin.py:188} INFO - [2025-01-14T00:11:32.566+0000] {dag.py:3036} INFO - Sync 1 DAGs
[2025-01-14T00:11:32.578+0000] {logging_mixin.py:188} INFO - [2025-01-14T00:11:32.578+0000] {dag.py:3823} INFO - Setting next_dagrun for example_xcom to 2021-01-01 00:00:00+00:00, run_after=2021-01-01 00:00:00+00:00
[2025-01-14T00:11:32.590+0000] {processor.py:183} INFO - Processing /home/airflow/.local/lib/python3.8/site-packages/airflow/example_dags/example_xcom.py took 0.046 seconds
[2025-01-14T00:12:03.958+0000] {processor.py:161} INFO - Started process (PID=732) to work on /home/airflow/.local/lib/python3.8/site-packages/airflow/example_dags/example_xcom.py
[2025-01-14T00:12:03.959+0000] {processor.py:830} INFO - Processing file /home/airflow/.local/lib/python3.8/site-packages/airflow/example_dags/example_xcom.py for tasks to queue
[2025-01-14T00:12:03.960+0000] {logging_mixin.py:188} INFO - [2025-01-14T00:12:03.959+0000] {dagbag.py:538} INFO - Filling up the DagBag from /home/airflow/.local/lib/python3.8/site-packages/airflow/example_dags/example_xcom.py
[2025-01-14T00:12:03.964+0000] {processor.py:840} INFO - DAG(s) 'example_xcom' retrieved from /home/airflow/.local/lib/python3.8/site-packages/airflow/example_dags/example_xcom.py
[2025-01-14T00:12:03.978+0000] {logging_mixin.py:188} INFO - [2025-01-14T00:12:03.978+0000] {dag.py:3036} INFO - Sync 1 DAGs
[2025-01-14T00:12:03.991+0000] {logging_mixin.py:188} INFO - [2025-01-14T00:12:03.991+0000] {dag.py:3823} INFO - Setting next_dagrun for example_xcom to 2021-01-01 00:00:00+00:00, run_after=2021-01-01 00:00:00+00:00
[2025-01-14T00:12:04.003+0000] {processor.py:183} INFO - Processing /home/airflow/.local/lib/python3.8/site-packages/airflow/example_dags/example_xcom.py took 0.047 seconds
[2025-01-14T00:12:35.066+0000] {processor.py:161} INFO - Started process (PID=791) to work on /home/airflow/.local/lib/python3.8/site-packages/airflow/example_dags/example_xcom.py
[2025-01-14T00:12:35.067+0000] {processor.py:830} INFO - Processing file /home/airflow/.local/lib/python3.8/site-packages/airflow/example_dags/example_xcom.py for tasks to queue
[2025-01-14T00:12:35.069+0000] {logging_mixin.py:188} INFO - [2025-01-14T00:12:35.068+0000] {dagbag.py:538} INFO - Filling up the DagBag from /home/airflow/.local/lib/python3.8/site-packages/airflow/example_dags/example_xcom.py
[2025-01-14T00:12:35.074+0000] {processor.py:840} INFO - DAG(s) 'example_xcom' retrieved from /home/airflow/.local/lib/python3.8/site-packages/airflow/example_dags/example_xcom.py
[2025-01-14T00:12:35.091+0000] {logging_mixin.py:188} INFO - [2025-01-14T00:12:35.091+0000] {dag.py:3036} INFO - Sync 1 DAGs
[2025-01-14T00:12:35.105+0000] {logging_mixin.py:188} INFO - [2025-01-14T00:12:35.105+0000] {dag.py:3823} INFO - Setting next_dagrun for example_xcom to 2021-01-01 00:00:00+00:00, run_after=2021-01-01 00:00:00+00:00
[2025-01-14T00:12:35.119+0000] {processor.py:183} INFO - Processing /home/airflow/.local/lib/python3.8/site-packages/airflow/example_dags/example_xcom.py took 0.055 seconds
[2025-01-14T00:13:06.114+0000] {processor.py:161} INFO - Started process (PID=850) to work on /home/airflow/.local/lib/python3.8/site-packages/airflow/example_dags/example_xcom.py
[2025-01-14T00:13:06.115+0000] {processor.py:830} INFO - Processing file /home/airflow/.local/lib/python3.8/site-packages/airflow/example_dags/example_xcom.py for tasks to queue
[2025-01-14T00:13:06.116+0000] {logging_mixin.py:188} INFO - [2025-01-14T00:13:06.116+0000] {dagbag.py:538} INFO - Filling up the DagBag from /home/airflow/.local/lib/python3.8/site-packages/airflow/example_dags/example_xcom.py
[2025-01-14T00:13:06.122+0000] {processor.py:840} INFO - DAG(s) 'example_xcom' retrieved from /home/airflow/.local/lib/python3.8/site-packages/airflow/example_dags/example_xcom.py
[2025-01-14T00:13:06.135+0000] {logging_mixin.py:188} INFO - [2025-01-14T00:13:06.135+0000] {dag.py:3036} INFO - Sync 1 DAGs
[2025-01-14T00:13:06.148+0000] {logging_mixin.py:188} INFO - [2025-01-14T00:13:06.148+0000] {dag.py:3823} INFO - Setting next_dagrun for example_xcom to 2021-01-01 00:00:00+00:00, run_after=2021-01-01 00:00:00+00:00
[2025-01-14T00:13:06.160+0000] {processor.py:183} INFO - Processing /home/airflow/.local/lib/python3.8/site-packages/airflow/example_dags/example_xcom.py took 0.047 seconds
[2025-01-14T00:13:37.491+0000] {processor.py:161} INFO - Started process (PID=909) to work on /home/airflow/.local/lib/python3.8/site-packages/airflow/example_dags/example_xcom.py
[2025-01-14T00:13:37.491+0000] {processor.py:830} INFO - Processing file /home/airflow/.local/lib/python3.8/site-packages/airflow/example_dags/example_xcom.py for tasks to queue
[2025-01-14T00:13:37.493+0000] {logging_mixin.py:188} INFO - [2025-01-14T00:13:37.492+0000] {dagbag.py:538} INFO - Filling up the DagBag from /home/airflow/.local/lib/python3.8/site-packages/airflow/example_dags/example_xcom.py
[2025-01-14T00:13:37.498+0000] {processor.py:840} INFO - DAG(s) 'example_xcom' retrieved from /home/airflow/.local/lib/python3.8/site-packages/airflow/example_dags/example_xcom.py
[2025-01-14T00:13:37.513+0000] {logging_mixin.py:188} INFO - [2025-01-14T00:13:37.513+0000] {dag.py:3036} INFO - Sync 1 DAGs
[2025-01-14T00:13:37.527+0000] {logging_mixin.py:188} INFO - [2025-01-14T00:13:37.527+0000] {dag.py:3823} INFO - Setting next_dagrun for example_xcom to 2021-01-01 00:00:00+00:00, run_after=2021-01-01 00:00:00+00:00
[2025-01-14T00:13:37.541+0000] {processor.py:183} INFO - Processing /home/airflow/.local/lib/python3.8/site-packages/airflow/example_dags/example_xcom.py took 0.053 seconds
[2025-01-14T00:14:07.754+0000] {processor.py:161} INFO - Started process (PID=968) to work on /home/airflow/.local/lib/python3.8/site-packages/airflow/example_dags/example_xcom.py
[2025-01-14T00:14:07.755+0000] {processor.py:830} INFO - Processing file /home/airflow/.local/lib/python3.8/site-packages/airflow/example_dags/example_xcom.py for tasks to queue
[2025-01-14T00:14:07.756+0000] {logging_mixin.py:188} INFO - [2025-01-14T00:14:07.756+0000] {dagbag.py:538} INFO - Filling up the DagBag from /home/airflow/.local/lib/python3.8/site-packages/airflow/example_dags/example_xcom.py
[2025-01-14T00:14:07.760+0000] {processor.py:840} INFO - DAG(s) 'example_xcom' retrieved from /home/airflow/.local/lib/python3.8/site-packages/airflow/example_dags/example_xcom.py
[2025-01-14T00:14:07.774+0000] {logging_mixin.py:188} INFO - [2025-01-14T00:14:07.774+0000] {dag.py:3036} INFO - Sync 1 DAGs
[2025-01-14T00:14:07.787+0000] {logging_mixin.py:188} INFO - [2025-01-14T00:14:07.787+0000] {dag.py:3823} INFO - Setting next_dagrun for example_xcom to 2021-01-01 00:00:00+00:00, run_after=2021-01-01 00:00:00+00:00
[2025-01-14T00:14:07.800+0000] {processor.py:183} INFO - Processing /home/airflow/.local/lib/python3.8/site-packages/airflow/example_dags/example_xcom.py took 0.047 seconds
[2025-01-14T00:14:38.960+0000] {processor.py:161} INFO - Started process (PID=1027) to work on /home/airflow/.local/lib/python3.8/site-packages/airflow/example_dags/example_xcom.py
[2025-01-14T00:14:38.961+0000] {processor.py:830} INFO - Processing file /home/airflow/.local/lib/python3.8/site-packages/airflow/example_dags/example_xcom.py for tasks to queue
[2025-01-14T00:14:38.962+0000] {logging_mixin.py:188} INFO - [2025-01-14T00:14:38.962+0000] {dagbag.py:538} INFO - Filling up the DagBag from /home/airflow/.local/lib/python3.8/site-packages/airflow/example_dags/example_xcom.py
[2025-01-14T00:14:38.967+0000] {processor.py:840} INFO - DAG(s) 'example_xcom' retrieved from /home/airflow/.local/lib/python3.8/site-packages/airflow/example_dags/example_xcom.py
[2025-01-14T00:14:38.981+0000] {logging_mixin.py:188} INFO - [2025-01-14T00:14:38.981+0000] {dag.py:3036} INFO - Sync 1 DAGs
[2025-01-14T00:14:38.993+0000] {logging_mixin.py:188} INFO - [2025-01-14T00:14:38.993+0000] {dag.py:3823} INFO - Setting next_dagrun for example_xcom to 2021-01-01 00:00:00+00:00, run_after=2021-01-01 00:00:00+00:00
[2025-01-14T00:14:39.005+0000] {processor.py:183} INFO - Processing /home/airflow/.local/lib/python3.8/site-packages/airflow/example_dags/example_xcom.py took 0.047 seconds
[2025-01-14T00:15:09.997+0000] {processor.py:161} INFO - Started process (PID=1086) to work on /home/airflow/.local/lib/python3.8/site-packages/airflow/example_dags/example_xcom.py
[2025-01-14T00:15:09.998+0000] {processor.py:830} INFO - Processing file /home/airflow/.local/lib/python3.8/site-packages/airflow/example_dags/example_xcom.py for tasks to queue
[2025-01-14T00:15:09.999+0000] {logging_mixin.py:188} INFO - [2025-01-14T00:15:09.999+0000] {dagbag.py:538} INFO - Filling up the DagBag from /home/airflow/.local/lib/python3.8/site-packages/airflow/example_dags/example_xcom.py
[2025-01-14T00:15:10.004+0000] {processor.py:840} INFO - DAG(s) 'example_xcom' retrieved from /home/airflow/.local/lib/python3.8/site-packages/airflow/example_dags/example_xcom.py
[2025-01-14T00:15:10.017+0000] {logging_mixin.py:188} INFO - [2025-01-14T00:15:10.017+0000] {dag.py:3036} INFO - Sync 1 DAGs
[2025-01-14T00:15:10.032+0000] {logging_mixin.py:188} INFO - [2025-01-14T00:15:10.032+0000] {dag.py:3823} INFO - Setting next_dagrun for example_xcom to 2021-01-01 00:00:00+00:00, run_after=2021-01-01 00:00:00+00:00
[2025-01-14T00:15:10.046+0000] {processor.py:183} INFO - Processing /home/airflow/.local/lib/python3.8/site-packages/airflow/example_dags/example_xcom.py took 0.050 seconds
[2025-01-14T00:15:41.244+0000] {processor.py:161} INFO - Started process (PID=1145) to work on /home/airflow/.local/lib/python3.8/site-packages/airflow/example_dags/example_xcom.py
[2025-01-14T00:15:41.245+0000] {processor.py:830} INFO - Processing file /home/airflow/.local/lib/python3.8/site-packages/airflow/example_dags/example_xcom.py for tasks to queue
[2025-01-14T00:15:41.246+0000] {logging_mixin.py:188} INFO - [2025-01-14T00:15:41.246+0000] {dagbag.py:538} INFO - Filling up the DagBag from /home/airflow/.local/lib/python3.8/site-packages/airflow/example_dags/example_xcom.py
[2025-01-14T00:15:41.251+0000] {processor.py:840} INFO - DAG(s) 'example_xcom' retrieved from /home/airflow/.local/lib/python3.8/site-packages/airflow/example_dags/example_xcom.py
[2025-01-14T00:15:41.265+0000] {logging_mixin.py:188} INFO - [2025-01-14T00:15:41.265+0000] {dag.py:3036} INFO - Sync 1 DAGs
[2025-01-14T00:15:41.280+0000] {logging_mixin.py:188} INFO - [2025-01-14T00:15:41.280+0000] {dag.py:3823} INFO - Setting next_dagrun for example_xcom to 2021-01-01 00:00:00+00:00, run_after=2021-01-01 00:00:00+00:00
[2025-01-14T00:15:41.292+0000] {processor.py:183} INFO - Processing /home/airflow/.local/lib/python3.8/site-packages/airflow/example_dags/example_xcom.py took 0.051 seconds
[2025-01-14T00:16:12.674+0000] {processor.py:161} INFO - Started process (PID=1204) to work on /home/airflow/.local/lib/python3.8/site-packages/airflow/example_dags/example_xcom.py
[2025-01-14T00:16:12.675+0000] {processor.py:830} INFO - Processing file /home/airflow/.local/lib/python3.8/site-packages/airflow/example_dags/example_xcom.py for tasks to queue
[2025-01-14T00:16:12.676+0000] {logging_mixin.py:188} INFO - [2025-01-14T00:16:12.676+0000] {dagbag.py:538} INFO - Filling up the DagBag from /home/airflow/.local/lib/python3.8/site-packages/airflow/example_dags/example_xcom.py
[2025-01-14T00:16:12.681+0000] {processor.py:840} INFO - DAG(s) 'example_xcom' retrieved from /home/airflow/.local/lib/python3.8/site-packages/airflow/example_dags/example_xcom.py
[2025-01-14T00:16:12.694+0000] {logging_mixin.py:188} INFO - [2025-01-14T00:16:12.693+0000] {dag.py:3036} INFO - Sync 1 DAGs
[2025-01-14T00:16:12.706+0000] {logging_mixin.py:188} INFO - [2025-01-14T00:16:12.706+0000] {dag.py:3823} INFO - Setting next_dagrun for example_xcom to 2021-01-01 00:00:00+00:00, run_after=2021-01-01 00:00:00+00:00
[2025-01-14T00:16:12.718+0000] {processor.py:183} INFO - Processing /home/airflow/.local/lib/python3.8/site-packages/airflow/example_dags/example_xcom.py took 0.045 seconds
[2025-01-14T00:16:43.866+0000] {processor.py:161} INFO - Started process (PID=1269) to work on /home/airflow/.local/lib/python3.8/site-packages/airflow/example_dags/example_xcom.py
[2025-01-14T00:16:43.867+0000] {processor.py:830} INFO - Processing file /home/airflow/.local/lib/python3.8/site-packages/airflow/example_dags/example_xcom.py for tasks to queue
[2025-01-14T00:16:43.868+0000] {logging_mixin.py:188} INFO - [2025-01-14T00:16:43.868+0000] {dagbag.py:538} INFO - Filling up the DagBag from /home/airflow/.local/lib/python3.8/site-packages/airflow/example_dags/example_xcom.py
[2025-01-14T00:16:43.872+0000] {processor.py:840} INFO - DAG(s) 'example_xcom' retrieved from /home/airflow/.local/lib/python3.8/site-packages/airflow/example_dags/example_xcom.py
[2025-01-14T00:16:43.886+0000] {logging_mixin.py:188} INFO - [2025-01-14T00:16:43.886+0000] {dag.py:3036} INFO - Sync 1 DAGs
[2025-01-14T00:16:43.899+0000] {logging_mixin.py:188} INFO - [2025-01-14T00:16:43.899+0000] {dag.py:3823} INFO - Setting next_dagrun for example_xcom to 2021-01-01 00:00:00+00:00, run_after=2021-01-01 00:00:00+00:00
[2025-01-14T00:16:43.911+0000] {processor.py:183} INFO - Processing /home/airflow/.local/lib/python3.8/site-packages/airflow/example_dags/example_xcom.py took 0.047 seconds
[2025-01-14T00:17:15.005+0000] {processor.py:161} INFO - Started process (PID=1328) to work on /home/airflow/.local/lib/python3.8/site-packages/airflow/example_dags/example_xcom.py
[2025-01-14T00:17:15.006+0000] {processor.py:830} INFO - Processing file /home/airflow/.local/lib/python3.8/site-packages/airflow/example_dags/example_xcom.py for tasks to queue
[2025-01-14T00:17:15.007+0000] {logging_mixin.py:188} INFO - [2025-01-14T00:17:15.006+0000] {dagbag.py:538} INFO - Filling up the DagBag from /home/airflow/.local/lib/python3.8/site-packages/airflow/example_dags/example_xcom.py
[2025-01-14T00:17:15.011+0000] {processor.py:840} INFO - DAG(s) 'example_xcom' retrieved from /home/airflow/.local/lib/python3.8/site-packages/airflow/example_dags/example_xcom.py
[2025-01-14T00:17:15.024+0000] {logging_mixin.py:188} INFO - [2025-01-14T00:17:15.023+0000] {dag.py:3036} INFO - Sync 1 DAGs
[2025-01-14T00:17:15.036+0000] {logging_mixin.py:188} INFO - [2025-01-14T00:17:15.035+0000] {dag.py:3823} INFO - Setting next_dagrun for example_xcom to 2021-01-01 00:00:00+00:00, run_after=2021-01-01 00:00:00+00:00
[2025-01-14T00:17:15.047+0000] {processor.py:183} INFO - Processing /home/airflow/.local/lib/python3.8/site-packages/airflow/example_dags/example_xcom.py took 0.044 seconds
[2025-01-14T00:17:46.109+0000] {processor.py:161} INFO - Started process (PID=1387) to work on /home/airflow/.local/lib/python3.8/site-packages/airflow/example_dags/example_xcom.py
[2025-01-14T00:17:46.110+0000] {processor.py:830} INFO - Processing file /home/airflow/.local/lib/python3.8/site-packages/airflow/example_dags/example_xcom.py for tasks to queue
[2025-01-14T00:17:46.111+0000] {logging_mixin.py:188} INFO - [2025-01-14T00:17:46.111+0000] {dagbag.py:538} INFO - Filling up the DagBag from /home/airflow/.local/lib/python3.8/site-packages/airflow/example_dags/example_xcom.py
[2025-01-14T00:17:46.115+0000] {processor.py:840} INFO - DAG(s) 'example_xcom' retrieved from /home/airflow/.local/lib/python3.8/site-packages/airflow/example_dags/example_xcom.py
[2025-01-14T00:17:46.128+0000] {logging_mixin.py:188} INFO - [2025-01-14T00:17:46.128+0000] {dag.py:3036} INFO - Sync 1 DAGs
[2025-01-14T00:17:46.140+0000] {logging_mixin.py:188} INFO - [2025-01-14T00:17:46.140+0000] {dag.py:3823} INFO - Setting next_dagrun for example_xcom to 2021-01-01 00:00:00+00:00, run_after=2021-01-01 00:00:00+00:00
[2025-01-14T00:17:46.153+0000] {processor.py:183} INFO - Processing /home/airflow/.local/lib/python3.8/site-packages/airflow/example_dags/example_xcom.py took 0.046 seconds
[2025-01-14T00:18:16.554+0000] {processor.py:161} INFO - Started process (PID=1446) to work on /home/airflow/.local/lib/python3.8/site-packages/airflow/example_dags/example_xcom.py
[2025-01-14T00:18:16.555+0000] {processor.py:830} INFO - Processing file /home/airflow/.local/lib/python3.8/site-packages/airflow/example_dags/example_xcom.py for tasks to queue
[2025-01-14T00:18:16.556+0000] {logging_mixin.py:188} INFO - [2025-01-14T00:18:16.556+0000] {dagbag.py:538} INFO - Filling up the DagBag from /home/airflow/.local/lib/python3.8/site-packages/airflow/example_dags/example_xcom.py
[2025-01-14T00:18:16.560+0000] {processor.py:840} INFO - DAG(s) 'example_xcom' retrieved from /home/airflow/.local/lib/python3.8/site-packages/airflow/example_dags/example_xcom.py
[2025-01-14T00:18:16.573+0000] {logging_mixin.py:188} INFO - [2025-01-14T00:18:16.573+0000] {dag.py:3036} INFO - Sync 1 DAGs
[2025-01-14T00:18:16.586+0000] {logging_mixin.py:188} INFO - [2025-01-14T00:18:16.586+0000] {dag.py:3823} INFO - Setting next_dagrun for example_xcom to 2021-01-01 00:00:00+00:00, run_after=2021-01-01 00:00:00+00:00
[2025-01-14T00:18:16.598+0000] {processor.py:183} INFO - Processing /home/airflow/.local/lib/python3.8/site-packages/airflow/example_dags/example_xcom.py took 0.045 seconds
[2025-01-14T00:18:47.756+0000] {processor.py:161} INFO - Started process (PID=1505) to work on /home/airflow/.local/lib/python3.8/site-packages/airflow/example_dags/example_xcom.py
[2025-01-14T00:18:47.757+0000] {processor.py:830} INFO - Processing file /home/airflow/.local/lib/python3.8/site-packages/airflow/example_dags/example_xcom.py for tasks to queue
[2025-01-14T00:18:47.758+0000] {logging_mixin.py:188} INFO - [2025-01-14T00:18:47.758+0000] {dagbag.py:538} INFO - Filling up the DagBag from /home/airflow/.local/lib/python3.8/site-packages/airflow/example_dags/example_xcom.py
[2025-01-14T00:18:47.763+0000] {processor.py:840} INFO - DAG(s) 'example_xcom' retrieved from /home/airflow/.local/lib/python3.8/site-packages/airflow/example_dags/example_xcom.py
[2025-01-14T00:18:47.776+0000] {logging_mixin.py:188} INFO - [2025-01-14T00:18:47.776+0000] {dag.py:3036} INFO - Sync 1 DAGs
[2025-01-14T00:18:47.789+0000] {logging_mixin.py:188} INFO - [2025-01-14T00:18:47.789+0000] {dag.py:3823} INFO - Setting next_dagrun for example_xcom to 2021-01-01 00:00:00+00:00, run_after=2021-01-01 00:00:00+00:00
[2025-01-14T00:18:47.802+0000] {processor.py:183} INFO - Processing /home/airflow/.local/lib/python3.8/site-packages/airflow/example_dags/example_xcom.py took 0.048 seconds
[2025-01-14T00:19:18.929+0000] {processor.py:161} INFO - Started process (PID=1564) to work on /home/airflow/.local/lib/python3.8/site-packages/airflow/example_dags/example_xcom.py
[2025-01-14T00:19:18.930+0000] {processor.py:830} INFO - Processing file /home/airflow/.local/lib/python3.8/site-packages/airflow/example_dags/example_xcom.py for tasks to queue
[2025-01-14T00:19:18.931+0000] {logging_mixin.py:188} INFO - [2025-01-14T00:19:18.931+0000] {dagbag.py:538} INFO - Filling up the DagBag from /home/airflow/.local/lib/python3.8/site-packages/airflow/example_dags/example_xcom.py
[2025-01-14T00:19:18.936+0000] {processor.py:840} INFO - DAG(s) 'example_xcom' retrieved from /home/airflow/.local/lib/python3.8/site-packages/airflow/example_dags/example_xcom.py
[2025-01-14T00:19:18.950+0000] {logging_mixin.py:188} INFO - [2025-01-14T00:19:18.950+0000] {dag.py:3036} INFO - Sync 1 DAGs
[2025-01-14T00:19:18.964+0000] {logging_mixin.py:188} INFO - [2025-01-14T00:19:18.964+0000] {dag.py:3823} INFO - Setting next_dagrun for example_xcom to 2021-01-01 00:00:00+00:00, run_after=2021-01-01 00:00:00+00:00
[2025-01-14T00:19:18.978+0000] {processor.py:183} INFO - Processing /home/airflow/.local/lib/python3.8/site-packages/airflow/example_dags/example_xcom.py took 0.051 seconds
[2025-01-14T00:19:50.313+0000] {processor.py:161} INFO - Started process (PID=1623) to work on /home/airflow/.local/lib/python3.8/site-packages/airflow/example_dags/example_xcom.py
[2025-01-14T00:19:50.314+0000] {processor.py:830} INFO - Processing file /home/airflow/.local/lib/python3.8/site-packages/airflow/example_dags/example_xcom.py for tasks to queue
[2025-01-14T00:19:50.315+0000] {logging_mixin.py:188} INFO - [2025-01-14T00:19:50.315+0000] {dagbag.py:538} INFO - Filling up the DagBag from /home/airflow/.local/lib/python3.8/site-packages/airflow/example_dags/example_xcom.py
[2025-01-14T00:19:50.320+0000] {processor.py:840} INFO - DAG(s) 'example_xcom' retrieved from /home/airflow/.local/lib/python3.8/site-packages/airflow/example_dags/example_xcom.py
[2025-01-14T00:19:50.333+0000] {logging_mixin.py:188} INFO - [2025-01-14T00:19:50.333+0000] {dag.py:3036} INFO - Sync 1 DAGs
[2025-01-14T00:19:50.345+0000] {logging_mixin.py:188} INFO - [2025-01-14T00:19:50.345+0000] {dag.py:3823} INFO - Setting next_dagrun for example_xcom to 2021-01-01 00:00:00+00:00, run_after=2021-01-01 00:00:00+00:00
[2025-01-14T00:19:50.358+0000] {processor.py:183} INFO - Processing /home/airflow/.local/lib/python3.8/site-packages/airflow/example_dags/example_xcom.py took 0.047 seconds
[2025-01-14T00:20:22.009+0000] {processor.py:161} INFO - Started process (PID=1682) to work on /home/airflow/.local/lib/python3.8/site-packages/airflow/example_dags/example_xcom.py
[2025-01-14T00:20:22.010+0000] {processor.py:830} INFO - Processing file /home/airflow/.local/lib/python3.8/site-packages/airflow/example_dags/example_xcom.py for tasks to queue
[2025-01-14T00:20:22.011+0000] {logging_mixin.py:188} INFO - [2025-01-14T00:20:22.011+0000] {dagbag.py:538} INFO - Filling up the DagBag from /home/airflow/.local/lib/python3.8/site-packages/airflow/example_dags/example_xcom.py
[2025-01-14T00:20:22.016+0000] {processor.py:840} INFO - DAG(s) 'example_xcom' retrieved from /home/airflow/.local/lib/python3.8/site-packages/airflow/example_dags/example_xcom.py
[2025-01-14T00:20:22.030+0000] {logging_mixin.py:188} INFO - [2025-01-14T00:20:22.030+0000] {dag.py:3036} INFO - Sync 1 DAGs
[2025-01-14T00:20:22.043+0000] {logging_mixin.py:188} INFO - [2025-01-14T00:20:22.043+0000] {dag.py:3823} INFO - Setting next_dagrun for example_xcom to 2021-01-01 00:00:00+00:00, run_after=2021-01-01 00:00:00+00:00
[2025-01-14T00:20:22.057+0000] {processor.py:183} INFO - Processing /home/airflow/.local/lib/python3.8/site-packages/airflow/example_dags/example_xcom.py took 0.049 seconds
[2025-01-14T00:20:52.073+0000] {processor.py:161} INFO - Started process (PID=1741) to work on /home/airflow/.local/lib/python3.8/site-packages/airflow/example_dags/example_xcom.py
[2025-01-14T00:20:52.073+0000] {processor.py:830} INFO - Processing file /home/airflow/.local/lib/python3.8/site-packages/airflow/example_dags/example_xcom.py for tasks to queue
[2025-01-14T00:20:52.074+0000] {logging_mixin.py:188} INFO - [2025-01-14T00:20:52.074+0000] {dagbag.py:538} INFO - Filling up the DagBag from /home/airflow/.local/lib/python3.8/site-packages/airflow/example_dags/example_xcom.py
[2025-01-14T00:20:52.079+0000] {processor.py:840} INFO - DAG(s) 'example_xcom' retrieved from /home/airflow/.local/lib/python3.8/site-packages/airflow/example_dags/example_xcom.py
[2025-01-14T00:20:52.094+0000] {logging_mixin.py:188} INFO - [2025-01-14T00:20:52.094+0000] {dag.py:3036} INFO - Sync 1 DAGs
[2025-01-14T00:20:52.109+0000] {logging_mixin.py:188} INFO - [2025-01-14T00:20:52.109+0000] {dag.py:3823} INFO - Setting next_dagrun for example_xcom to 2021-01-01 00:00:00+00:00, run_after=2021-01-01 00:00:00+00:00
[2025-01-14T00:20:52.122+0000] {processor.py:183} INFO - Processing /home/airflow/.local/lib/python3.8/site-packages/airflow/example_dags/example_xcom.py took 0.052 seconds
[2025-01-14T00:21:23.024+0000] {processor.py:161} INFO - Started process (PID=1800) to work on /home/airflow/.local/lib/python3.8/site-packages/airflow/example_dags/example_xcom.py
[2025-01-14T00:21:23.025+0000] {processor.py:830} INFO - Processing file /home/airflow/.local/lib/python3.8/site-packages/airflow/example_dags/example_xcom.py for tasks to queue
[2025-01-14T00:21:23.026+0000] {logging_mixin.py:188} INFO - [2025-01-14T00:21:23.025+0000] {dagbag.py:538} INFO - Filling up the DagBag from /home/airflow/.local/lib/python3.8/site-packages/airflow/example_dags/example_xcom.py
[2025-01-14T00:21:23.030+0000] {processor.py:840} INFO - DAG(s) 'example_xcom' retrieved from /home/airflow/.local/lib/python3.8/site-packages/airflow/example_dags/example_xcom.py
[2025-01-14T00:21:23.043+0000] {logging_mixin.py:188} INFO - [2025-01-14T00:21:23.043+0000] {dag.py:3036} INFO - Sync 1 DAGs
[2025-01-14T00:21:23.056+0000] {logging_mixin.py:188} INFO - [2025-01-14T00:21:23.056+0000] {dag.py:3823} INFO - Setting next_dagrun for example_xcom to 2021-01-01 00:00:00+00:00, run_after=2021-01-01 00:00:00+00:00
[2025-01-14T00:21:23.070+0000] {processor.py:183} INFO - Processing /home/airflow/.local/lib/python3.8/site-packages/airflow/example_dags/example_xcom.py took 0.049 seconds
[2025-01-14T00:21:54.504+0000] {processor.py:161} INFO - Started process (PID=1859) to work on /home/airflow/.local/lib/python3.8/site-packages/airflow/example_dags/example_xcom.py
[2025-01-14T00:21:54.504+0000] {processor.py:830} INFO - Processing file /home/airflow/.local/lib/python3.8/site-packages/airflow/example_dags/example_xcom.py for tasks to queue
[2025-01-14T00:21:54.505+0000] {logging_mixin.py:188} INFO - [2025-01-14T00:21:54.505+0000] {dagbag.py:538} INFO - Filling up the DagBag from /home/airflow/.local/lib/python3.8/site-packages/airflow/example_dags/example_xcom.py
[2025-01-14T00:21:54.510+0000] {processor.py:840} INFO - DAG(s) 'example_xcom' retrieved from /home/airflow/.local/lib/python3.8/site-packages/airflow/example_dags/example_xcom.py
[2025-01-14T00:21:54.523+0000] {logging_mixin.py:188} INFO - [2025-01-14T00:21:54.523+0000] {dag.py:3036} INFO - Sync 1 DAGs
[2025-01-14T00:21:54.536+0000] {logging_mixin.py:188} INFO - [2025-01-14T00:21:54.536+0000] {dag.py:3823} INFO - Setting next_dagrun for example_xcom to 2021-01-01 00:00:00+00:00, run_after=2021-01-01 00:00:00+00:00
[2025-01-14T00:21:54.550+0000] {processor.py:183} INFO - Processing /home/airflow/.local/lib/python3.8/site-packages/airflow/example_dags/example_xcom.py took 0.048 seconds
[2025-01-14T00:22:25.657+0000] {processor.py:161} INFO - Started process (PID=1918) to work on /home/airflow/.local/lib/python3.8/site-packages/airflow/example_dags/example_xcom.py
[2025-01-14T00:22:25.658+0000] {processor.py:830} INFO - Processing file /home/airflow/.local/lib/python3.8/site-packages/airflow/example_dags/example_xcom.py for tasks to queue
[2025-01-14T00:22:25.659+0000] {logging_mixin.py:188} INFO - [2025-01-14T00:22:25.659+0000] {dagbag.py:538} INFO - Filling up the DagBag from /home/airflow/.local/lib/python3.8/site-packages/airflow/example_dags/example_xcom.py
[2025-01-14T00:22:25.663+0000] {processor.py:840} INFO - DAG(s) 'example_xcom' retrieved from /home/airflow/.local/lib/python3.8/site-packages/airflow/example_dags/example_xcom.py
[2025-01-14T00:22:25.676+0000] {logging_mixin.py:188} INFO - [2025-01-14T00:22:25.676+0000] {dag.py:3036} INFO - Sync 1 DAGs
[2025-01-14T00:22:25.689+0000] {logging_mixin.py:188} INFO - [2025-01-14T00:22:25.689+0000] {dag.py:3823} INFO - Setting next_dagrun for example_xcom to 2021-01-01 00:00:00+00:00, run_after=2021-01-01 00:00:00+00:00
[2025-01-14T00:22:25.700+0000] {processor.py:183} INFO - Processing /home/airflow/.local/lib/python3.8/site-packages/airflow/example_dags/example_xcom.py took 0.045 seconds
[2025-01-14T00:22:56.766+0000] {processor.py:161} INFO - Started process (PID=1977) to work on /home/airflow/.local/lib/python3.8/site-packages/airflow/example_dags/example_xcom.py
[2025-01-14T00:22:56.766+0000] {processor.py:830} INFO - Processing file /home/airflow/.local/lib/python3.8/site-packages/airflow/example_dags/example_xcom.py for tasks to queue
[2025-01-14T00:22:56.767+0000] {logging_mixin.py:188} INFO - [2025-01-14T00:22:56.767+0000] {dagbag.py:538} INFO - Filling up the DagBag from /home/airflow/.local/lib/python3.8/site-packages/airflow/example_dags/example_xcom.py
[2025-01-14T00:22:56.772+0000] {processor.py:840} INFO - DAG(s) 'example_xcom' retrieved from /home/airflow/.local/lib/python3.8/site-packages/airflow/example_dags/example_xcom.py
[2025-01-14T00:22:56.785+0000] {logging_mixin.py:188} INFO - [2025-01-14T00:22:56.785+0000] {dag.py:3036} INFO - Sync 1 DAGs
[2025-01-14T00:22:56.797+0000] {logging_mixin.py:188} INFO - [2025-01-14T00:22:56.797+0000] {dag.py:3823} INFO - Setting next_dagrun for example_xcom to 2021-01-01 00:00:00+00:00, run_after=2021-01-01 00:00:00+00:00
[2025-01-14T00:22:56.810+0000] {processor.py:183} INFO - Processing /home/airflow/.local/lib/python3.8/site-packages/airflow/example_dags/example_xcom.py took 0.046 seconds
[2025-01-14T00:23:27.951+0000] {processor.py:161} INFO - Started process (PID=2036) to work on /home/airflow/.local/lib/python3.8/site-packages/airflow/example_dags/example_xcom.py
[2025-01-14T00:23:27.951+0000] {processor.py:830} INFO - Processing file /home/airflow/.local/lib/python3.8/site-packages/airflow/example_dags/example_xcom.py for tasks to queue
[2025-01-14T00:23:27.952+0000] {logging_mixin.py:188} INFO - [2025-01-14T00:23:27.952+0000] {dagbag.py:538} INFO - Filling up the DagBag from /home/airflow/.local/lib/python3.8/site-packages/airflow/example_dags/example_xcom.py
[2025-01-14T00:23:27.957+0000] {processor.py:840} INFO - DAG(s) 'example_xcom' retrieved from /home/airflow/.local/lib/python3.8/site-packages/airflow/example_dags/example_xcom.py
[2025-01-14T00:23:27.969+0000] {logging_mixin.py:188} INFO - [2025-01-14T00:23:27.969+0000] {dag.py:3036} INFO - Sync 1 DAGs
[2025-01-14T00:23:27.981+0000] {logging_mixin.py:188} INFO - [2025-01-14T00:23:27.981+0000] {dag.py:3823} INFO - Setting next_dagrun for example_xcom to 2021-01-01 00:00:00+00:00, run_after=2021-01-01 00:00:00+00:00
[2025-01-14T00:23:27.994+0000] {processor.py:183} INFO - Processing /home/airflow/.local/lib/python3.8/site-packages/airflow/example_dags/example_xcom.py took 0.045 seconds
[2025-01-14T00:23:59.061+0000] {processor.py:161} INFO - Started process (PID=2095) to work on /home/airflow/.local/lib/python3.8/site-packages/airflow/example_dags/example_xcom.py
[2025-01-14T00:23:59.062+0000] {processor.py:830} INFO - Processing file /home/airflow/.local/lib/python3.8/site-packages/airflow/example_dags/example_xcom.py for tasks to queue
[2025-01-14T00:23:59.063+0000] {logging_mixin.py:188} INFO - [2025-01-14T00:23:59.063+0000] {dagbag.py:538} INFO - Filling up the DagBag from /home/airflow/.local/lib/python3.8/site-packages/airflow/example_dags/example_xcom.py
[2025-01-14T00:23:59.068+0000] {processor.py:840} INFO - DAG(s) 'example_xcom' retrieved from /home/airflow/.local/lib/python3.8/site-packages/airflow/example_dags/example_xcom.py
[2025-01-14T00:23:59.081+0000] {logging_mixin.py:188} INFO - [2025-01-14T00:23:59.081+0000] {dag.py:3036} INFO - Sync 1 DAGs
[2025-01-14T00:23:59.094+0000] {logging_mixin.py:188} INFO - [2025-01-14T00:23:59.094+0000] {dag.py:3823} INFO - Setting next_dagrun for example_xcom to 2021-01-01 00:00:00+00:00, run_after=2021-01-01 00:00:00+00:00
[2025-01-14T00:23:59.107+0000] {processor.py:183} INFO - Processing /home/airflow/.local/lib/python3.8/site-packages/airflow/example_dags/example_xcom.py took 0.048 seconds
[2025-01-14T00:24:30.116+0000] {processor.py:161} INFO - Started process (PID=2154) to work on /home/airflow/.local/lib/python3.8/site-packages/airflow/example_dags/example_xcom.py
[2025-01-14T00:24:30.116+0000] {processor.py:830} INFO - Processing file /home/airflow/.local/lib/python3.8/site-packages/airflow/example_dags/example_xcom.py for tasks to queue
[2025-01-14T00:24:30.117+0000] {logging_mixin.py:188} INFO - [2025-01-14T00:24:30.117+0000] {dagbag.py:538} INFO - Filling up the DagBag from /home/airflow/.local/lib/python3.8/site-packages/airflow/example_dags/example_xcom.py
[2025-01-14T00:24:30.122+0000] {processor.py:840} INFO - DAG(s) 'example_xcom' retrieved from /home/airflow/.local/lib/python3.8/site-packages/airflow/example_dags/example_xcom.py
[2025-01-14T00:24:30.135+0000] {logging_mixin.py:188} INFO - [2025-01-14T00:24:30.135+0000] {dag.py:3036} INFO - Sync 1 DAGs
[2025-01-14T00:24:30.147+0000] {logging_mixin.py:188} INFO - [2025-01-14T00:24:30.147+0000] {dag.py:3823} INFO - Setting next_dagrun for example_xcom to 2021-01-01 00:00:00+00:00, run_after=2021-01-01 00:00:00+00:00
[2025-01-14T00:24:30.159+0000] {processor.py:183} INFO - Processing /home/airflow/.local/lib/python3.8/site-packages/airflow/example_dags/example_xcom.py took 0.045 seconds
[2025-01-14T00:25:00.533+0000] {processor.py:161} INFO - Started process (PID=2213) to work on /home/airflow/.local/lib/python3.8/site-packages/airflow/example_dags/example_xcom.py
[2025-01-14T00:25:00.533+0000] {processor.py:830} INFO - Processing file /home/airflow/.local/lib/python3.8/site-packages/airflow/example_dags/example_xcom.py for tasks to queue
[2025-01-14T00:25:00.534+0000] {logging_mixin.py:188} INFO - [2025-01-14T00:25:00.534+0000] {dagbag.py:538} INFO - Filling up the DagBag from /home/airflow/.local/lib/python3.8/site-packages/airflow/example_dags/example_xcom.py
[2025-01-14T00:25:00.539+0000] {processor.py:840} INFO - DAG(s) 'example_xcom' retrieved from /home/airflow/.local/lib/python3.8/site-packages/airflow/example_dags/example_xcom.py
[2025-01-14T00:25:00.553+0000] {logging_mixin.py:188} INFO - [2025-01-14T00:25:00.553+0000] {dag.py:3036} INFO - Sync 1 DAGs
[2025-01-14T00:25:00.568+0000] {logging_mixin.py:188} INFO - [2025-01-14T00:25:00.567+0000] {dag.py:3823} INFO - Setting next_dagrun for example_xcom to 2021-01-01 00:00:00+00:00, run_after=2021-01-01 00:00:00+00:00
[2025-01-14T00:25:00.580+0000] {processor.py:183} INFO - Processing /home/airflow/.local/lib/python3.8/site-packages/airflow/example_dags/example_xcom.py took 0.049 seconds
[2025-01-14T00:25:31.491+0000] {processor.py:161} INFO - Started process (PID=2272) to work on /home/airflow/.local/lib/python3.8/site-packages/airflow/example_dags/example_xcom.py
[2025-01-14T00:25:31.492+0000] {processor.py:830} INFO - Processing file /home/airflow/.local/lib/python3.8/site-packages/airflow/example_dags/example_xcom.py for tasks to queue
[2025-01-14T00:25:31.493+0000] {logging_mixin.py:188} INFO - [2025-01-14T00:25:31.493+0000] {dagbag.py:538} INFO - Filling up the DagBag from /home/airflow/.local/lib/python3.8/site-packages/airflow/example_dags/example_xcom.py
[2025-01-14T00:25:31.498+0000] {processor.py:840} INFO - DAG(s) 'example_xcom' retrieved from /home/airflow/.local/lib/python3.8/site-packages/airflow/example_dags/example_xcom.py
[2025-01-14T00:25:31.511+0000] {logging_mixin.py:188} INFO - [2025-01-14T00:25:31.511+0000] {dag.py:3036} INFO - Sync 1 DAGs
[2025-01-14T00:25:31.526+0000] {logging_mixin.py:188} INFO - [2025-01-14T00:25:31.526+0000] {dag.py:3823} INFO - Setting next_dagrun for example_xcom to 2021-01-01 00:00:00+00:00, run_after=2021-01-01 00:00:00+00:00
[2025-01-14T00:25:31.539+0000] {processor.py:183} INFO - Processing /home/airflow/.local/lib/python3.8/site-packages/airflow/example_dags/example_xcom.py took 0.050 seconds
[2025-01-14T00:26:03.112+0000] {processor.py:161} INFO - Started process (PID=2333) to work on /home/airflow/.local/lib/python3.8/site-packages/airflow/example_dags/example_xcom.py
[2025-01-14T00:26:03.113+0000] {processor.py:830} INFO - Processing file /home/airflow/.local/lib/python3.8/site-packages/airflow/example_dags/example_xcom.py for tasks to queue
[2025-01-14T00:26:03.114+0000] {logging_mixin.py:188} INFO - [2025-01-14T00:26:03.113+0000] {dagbag.py:538} INFO - Filling up the DagBag from /home/airflow/.local/lib/python3.8/site-packages/airflow/example_dags/example_xcom.py
[2025-01-14T00:26:03.119+0000] {processor.py:840} INFO - DAG(s) 'example_xcom' retrieved from /home/airflow/.local/lib/python3.8/site-packages/airflow/example_dags/example_xcom.py
[2025-01-14T00:26:03.132+0000] {logging_mixin.py:188} INFO - [2025-01-14T00:26:03.132+0000] {dag.py:3036} INFO - Sync 1 DAGs
[2025-01-14T00:26:03.145+0000] {logging_mixin.py:188} INFO - [2025-01-14T00:26:03.145+0000] {dag.py:3823} INFO - Setting next_dagrun for example_xcom to 2021-01-01 00:00:00+00:00, run_after=2021-01-01 00:00:00+00:00
[2025-01-14T00:26:03.159+0000] {processor.py:183} INFO - Processing /home/airflow/.local/lib/python3.8/site-packages/airflow/example_dags/example_xcom.py took 0.049 seconds
[2025-01-14T00:26:33.899+0000] {processor.py:161} INFO - Started process (PID=2392) to work on /home/airflow/.local/lib/python3.8/site-packages/airflow/example_dags/example_xcom.py
[2025-01-14T00:26:33.900+0000] {processor.py:830} INFO - Processing file /home/airflow/.local/lib/python3.8/site-packages/airflow/example_dags/example_xcom.py for tasks to queue
[2025-01-14T00:26:33.901+0000] {logging_mixin.py:188} INFO - [2025-01-14T00:26:33.901+0000] {dagbag.py:538} INFO - Filling up the DagBag from /home/airflow/.local/lib/python3.8/site-packages/airflow/example_dags/example_xcom.py
[2025-01-14T00:26:33.907+0000] {processor.py:840} INFO - DAG(s) 'example_xcom' retrieved from /home/airflow/.local/lib/python3.8/site-packages/airflow/example_dags/example_xcom.py
[2025-01-14T00:26:33.922+0000] {logging_mixin.py:188} INFO - [2025-01-14T00:26:33.921+0000] {dag.py:3036} INFO - Sync 1 DAGs
[2025-01-14T00:26:33.936+0000] {logging_mixin.py:188} INFO - [2025-01-14T00:26:33.936+0000] {dag.py:3823} INFO - Setting next_dagrun for example_xcom to 2021-01-01 00:00:00+00:00, run_after=2021-01-01 00:00:00+00:00
[2025-01-14T00:26:34.047+0000] {processor.py:183} INFO - Processing /home/airflow/.local/lib/python3.8/site-packages/airflow/example_dags/example_xcom.py took 0.150 seconds
[2025-01-14T00:27:04.560+0000] {processor.py:161} INFO - Started process (PID=2451) to work on /home/airflow/.local/lib/python3.8/site-packages/airflow/example_dags/example_xcom.py
[2025-01-14T00:27:04.560+0000] {processor.py:830} INFO - Processing file /home/airflow/.local/lib/python3.8/site-packages/airflow/example_dags/example_xcom.py for tasks to queue
[2025-01-14T00:27:04.562+0000] {logging_mixin.py:188} INFO - [2025-01-14T00:27:04.561+0000] {dagbag.py:538} INFO - Filling up the DagBag from /home/airflow/.local/lib/python3.8/site-packages/airflow/example_dags/example_xcom.py
[2025-01-14T00:27:04.566+0000] {processor.py:840} INFO - DAG(s) 'example_xcom' retrieved from /home/airflow/.local/lib/python3.8/site-packages/airflow/example_dags/example_xcom.py
[2025-01-14T00:27:04.579+0000] {logging_mixin.py:188} INFO - [2025-01-14T00:27:04.579+0000] {dag.py:3036} INFO - Sync 1 DAGs
[2025-01-14T00:27:04.591+0000] {logging_mixin.py:188} INFO - [2025-01-14T00:27:04.591+0000] {dag.py:3823} INFO - Setting next_dagrun for example_xcom to 2021-01-01 00:00:00+00:00, run_after=2021-01-01 00:00:00+00:00
[2025-01-14T00:27:04.693+0000] {processor.py:183} INFO - Processing /home/airflow/.local/lib/python3.8/site-packages/airflow/example_dags/example_xcom.py took 0.135 seconds
[2025-01-14T00:27:35.391+0000] {processor.py:161} INFO - Started process (PID=2510) to work on /home/airflow/.local/lib/python3.8/site-packages/airflow/example_dags/example_xcom.py
[2025-01-14T00:27:35.391+0000] {processor.py:830} INFO - Processing file /home/airflow/.local/lib/python3.8/site-packages/airflow/example_dags/example_xcom.py for tasks to queue
[2025-01-14T00:27:35.392+0000] {logging_mixin.py:188} INFO - [2025-01-14T00:27:35.392+0000] {dagbag.py:538} INFO - Filling up the DagBag from /home/airflow/.local/lib/python3.8/site-packages/airflow/example_dags/example_xcom.py
[2025-01-14T00:27:35.397+0000] {processor.py:840} INFO - DAG(s) 'example_xcom' retrieved from /home/airflow/.local/lib/python3.8/site-packages/airflow/example_dags/example_xcom.py
[2025-01-14T00:27:35.411+0000] {logging_mixin.py:188} INFO - [2025-01-14T00:27:35.411+0000] {dag.py:3036} INFO - Sync 1 DAGs
[2025-01-14T00:27:35.428+0000] {logging_mixin.py:188} INFO - [2025-01-14T00:27:35.428+0000] {dag.py:3823} INFO - Setting next_dagrun for example_xcom to 2021-01-01 00:00:00+00:00, run_after=2021-01-01 00:00:00+00:00
[2025-01-14T00:27:35.442+0000] {processor.py:183} INFO - Processing /home/airflow/.local/lib/python3.8/site-packages/airflow/example_dags/example_xcom.py took 0.053 seconds
