[2025-01-14T00:00:07.864+0000] {processor.py:161} INFO - Started process (PID=10561) to work on /home/airflow/.local/lib/python3.8/site-packages/airflow/example_dags/example_setup_teardown.py
[2025-01-14T00:00:07.864+0000] {processor.py:830} INFO - Processing file /home/airflow/.local/lib/python3.8/site-packages/airflow/example_dags/example_setup_teardown.py for tasks to queue
[2025-01-14T00:00:07.865+0000] {logging_mixin.py:188} INFO - [2025-01-14T00:00:07.865+0000] {dagbag.py:538} INFO - Filling up the DagBag from /home/airflow/.local/lib/python3.8/site-packages/airflow/example_dags/example_setup_teardown.py
[2025-01-14T00:00:07.870+0000] {processor.py:840} INFO - DAG(s) 'example_setup_teardown' retrieved from /home/airflow/.local/lib/python3.8/site-packages/airflow/example_dags/example_setup_teardown.py
[2025-01-14T00:00:07.885+0000] {logging_mixin.py:188} INFO - [2025-01-14T00:00:07.885+0000] {dag.py:3036} INFO - Sync 1 DAGs
[2025-01-14T00:00:07.899+0000] {logging_mixin.py:188} INFO - [2025-01-14T00:00:07.899+0000] {dag.py:3823} INFO - Setting next_dagrun for example_setup_teardown to 2025-01-13 00:00:00+00:00, run_after=2025-01-14 00:00:00+00:00
[2025-01-14T00:00:07.911+0000] {processor.py:183} INFO - Processing /home/airflow/.local/lib/python3.8/site-packages/airflow/example_dags/example_setup_teardown.py took 0.050 seconds
[2025-01-14T00:00:38.075+0000] {processor.py:161} INFO - Started process (PID=10622) to work on /home/airflow/.local/lib/python3.8/site-packages/airflow/example_dags/example_setup_teardown.py
[2025-01-14T00:00:38.076+0000] {processor.py:830} INFO - Processing file /home/airflow/.local/lib/python3.8/site-packages/airflow/example_dags/example_setup_teardown.py for tasks to queue
[2025-01-14T00:00:38.077+0000] {logging_mixin.py:188} INFO - [2025-01-14T00:00:38.077+0000] {dagbag.py:538} INFO - Filling up the DagBag from /home/airflow/.local/lib/python3.8/site-packages/airflow/example_dags/example_setup_teardown.py
[2025-01-14T00:00:38.081+0000] {processor.py:840} INFO - DAG(s) 'example_setup_teardown' retrieved from /home/airflow/.local/lib/python3.8/site-packages/airflow/example_dags/example_setup_teardown.py
[2025-01-14T00:00:38.097+0000] {logging_mixin.py:188} INFO - [2025-01-14T00:00:38.097+0000] {dag.py:3036} INFO - Sync 1 DAGs
[2025-01-14T00:00:38.112+0000] {logging_mixin.py:188} INFO - [2025-01-14T00:00:38.111+0000] {dag.py:3823} INFO - Setting next_dagrun for example_setup_teardown to 2025-01-13 00:00:00+00:00, run_after=2025-01-14 00:00:00+00:00
[2025-01-14T00:00:38.125+0000] {processor.py:183} INFO - Processing /home/airflow/.local/lib/python3.8/site-packages/airflow/example_dags/example_setup_teardown.py took 0.052 seconds
[2025-01-14T00:01:08.171+0000] {processor.py:161} INFO - Started process (PID=10681) to work on /home/airflow/.local/lib/python3.8/site-packages/airflow/example_dags/example_setup_teardown.py
[2025-01-14T00:01:08.172+0000] {processor.py:830} INFO - Processing file /home/airflow/.local/lib/python3.8/site-packages/airflow/example_dags/example_setup_teardown.py for tasks to queue
[2025-01-14T00:01:08.173+0000] {logging_mixin.py:188} INFO - [2025-01-14T00:01:08.172+0000] {dagbag.py:538} INFO - Filling up the DagBag from /home/airflow/.local/lib/python3.8/site-packages/airflow/example_dags/example_setup_teardown.py
[2025-01-14T00:01:08.177+0000] {processor.py:840} INFO - DAG(s) 'example_setup_teardown' retrieved from /home/airflow/.local/lib/python3.8/site-packages/airflow/example_dags/example_setup_teardown.py
[2025-01-14T00:01:08.191+0000] {logging_mixin.py:188} INFO - [2025-01-14T00:01:08.190+0000] {dag.py:3036} INFO - Sync 1 DAGs
[2025-01-14T00:01:08.205+0000] {logging_mixin.py:188} INFO - [2025-01-14T00:01:08.205+0000] {dag.py:3823} INFO - Setting next_dagrun for example_setup_teardown to 2025-01-13 00:00:00+00:00, run_after=2025-01-14 00:00:00+00:00
[2025-01-14T00:01:08.219+0000] {processor.py:183} INFO - Processing /home/airflow/.local/lib/python3.8/site-packages/airflow/example_dags/example_setup_teardown.py took 0.050 seconds
[2025-01-14T00:01:38.257+0000] {processor.py:161} INFO - Started process (PID=10740) to work on /home/airflow/.local/lib/python3.8/site-packages/airflow/example_dags/example_setup_teardown.py
[2025-01-14T00:01:38.258+0000] {processor.py:830} INFO - Processing file /home/airflow/.local/lib/python3.8/site-packages/airflow/example_dags/example_setup_teardown.py for tasks to queue
[2025-01-14T00:01:38.258+0000] {logging_mixin.py:188} INFO - [2025-01-14T00:01:38.258+0000] {dagbag.py:538} INFO - Filling up the DagBag from /home/airflow/.local/lib/python3.8/site-packages/airflow/example_dags/example_setup_teardown.py
[2025-01-14T00:01:38.263+0000] {processor.py:840} INFO - DAG(s) 'example_setup_teardown' retrieved from /home/airflow/.local/lib/python3.8/site-packages/airflow/example_dags/example_setup_teardown.py
[2025-01-14T00:01:38.276+0000] {logging_mixin.py:188} INFO - [2025-01-14T00:01:38.276+0000] {dag.py:3036} INFO - Sync 1 DAGs
[2025-01-14T00:01:38.290+0000] {logging_mixin.py:188} INFO - [2025-01-14T00:01:38.289+0000] {dag.py:3823} INFO - Setting next_dagrun for example_setup_teardown to 2025-01-13 00:00:00+00:00, run_after=2025-01-14 00:00:00+00:00
[2025-01-14T00:01:38.302+0000] {processor.py:183} INFO - Processing /home/airflow/.local/lib/python3.8/site-packages/airflow/example_dags/example_setup_teardown.py took 0.047 seconds
[2025-01-14T00:02:09.144+0000] {processor.py:161} INFO - Started process (PID=10799) to work on /home/airflow/.local/lib/python3.8/site-packages/airflow/example_dags/example_setup_teardown.py
[2025-01-14T00:02:09.145+0000] {processor.py:830} INFO - Processing file /home/airflow/.local/lib/python3.8/site-packages/airflow/example_dags/example_setup_teardown.py for tasks to queue
[2025-01-14T00:02:09.145+0000] {logging_mixin.py:188} INFO - [2025-01-14T00:02:09.145+0000] {dagbag.py:538} INFO - Filling up the DagBag from /home/airflow/.local/lib/python3.8/site-packages/airflow/example_dags/example_setup_teardown.py
[2025-01-14T00:02:09.150+0000] {processor.py:840} INFO - DAG(s) 'example_setup_teardown' retrieved from /home/airflow/.local/lib/python3.8/site-packages/airflow/example_dags/example_setup_teardown.py
[2025-01-14T00:02:09.163+0000] {logging_mixin.py:188} INFO - [2025-01-14T00:02:09.163+0000] {dag.py:3036} INFO - Sync 1 DAGs
[2025-01-14T00:02:09.178+0000] {logging_mixin.py:188} INFO - [2025-01-14T00:02:09.177+0000] {dag.py:3823} INFO - Setting next_dagrun for example_setup_teardown to 2025-01-13 00:00:00+00:00, run_after=2025-01-14 00:00:00+00:00
[2025-01-14T00:02:09.190+0000] {processor.py:183} INFO - Processing /home/airflow/.local/lib/python3.8/site-packages/airflow/example_dags/example_setup_teardown.py took 0.048 seconds
[2025-01-14T00:02:40.068+0000] {processor.py:161} INFO - Started process (PID=10858) to work on /home/airflow/.local/lib/python3.8/site-packages/airflow/example_dags/example_setup_teardown.py
[2025-01-14T00:02:40.069+0000] {processor.py:830} INFO - Processing file /home/airflow/.local/lib/python3.8/site-packages/airflow/example_dags/example_setup_teardown.py for tasks to queue
[2025-01-14T00:02:40.069+0000] {logging_mixin.py:188} INFO - [2025-01-14T00:02:40.069+0000] {dagbag.py:538} INFO - Filling up the DagBag from /home/airflow/.local/lib/python3.8/site-packages/airflow/example_dags/example_setup_teardown.py
[2025-01-14T00:02:40.074+0000] {processor.py:840} INFO - DAG(s) 'example_setup_teardown' retrieved from /home/airflow/.local/lib/python3.8/site-packages/airflow/example_dags/example_setup_teardown.py
[2025-01-14T00:02:40.087+0000] {logging_mixin.py:188} INFO - [2025-01-14T00:02:40.087+0000] {dag.py:3036} INFO - Sync 1 DAGs
[2025-01-14T00:02:40.100+0000] {logging_mixin.py:188} INFO - [2025-01-14T00:02:40.100+0000] {dag.py:3823} INFO - Setting next_dagrun for example_setup_teardown to 2025-01-13 00:00:00+00:00, run_after=2025-01-14 00:00:00+00:00
[2025-01-14T00:02:40.111+0000] {processor.py:183} INFO - Processing /home/airflow/.local/lib/python3.8/site-packages/airflow/example_dags/example_setup_teardown.py took 0.045 seconds
[2025-01-14T00:03:10.299+0000] {processor.py:161} INFO - Started process (PID=10917) to work on /home/airflow/.local/lib/python3.8/site-packages/airflow/example_dags/example_setup_teardown.py
[2025-01-14T00:03:10.300+0000] {processor.py:830} INFO - Processing file /home/airflow/.local/lib/python3.8/site-packages/airflow/example_dags/example_setup_teardown.py for tasks to queue
[2025-01-14T00:03:10.300+0000] {logging_mixin.py:188} INFO - [2025-01-14T00:03:10.300+0000] {dagbag.py:538} INFO - Filling up the DagBag from /home/airflow/.local/lib/python3.8/site-packages/airflow/example_dags/example_setup_teardown.py
[2025-01-14T00:03:10.305+0000] {processor.py:840} INFO - DAG(s) 'example_setup_teardown' retrieved from /home/airflow/.local/lib/python3.8/site-packages/airflow/example_dags/example_setup_teardown.py
[2025-01-14T00:03:10.319+0000] {logging_mixin.py:188} INFO - [2025-01-14T00:03:10.319+0000] {dag.py:3036} INFO - Sync 1 DAGs
[2025-01-14T00:03:10.332+0000] {logging_mixin.py:188} INFO - [2025-01-14T00:03:10.332+0000] {dag.py:3823} INFO - Setting next_dagrun for example_setup_teardown to 2025-01-13 00:00:00+00:00, run_after=2025-01-14 00:00:00+00:00
[2025-01-14T00:03:10.345+0000] {processor.py:183} INFO - Processing /home/airflow/.local/lib/python3.8/site-packages/airflow/example_dags/example_setup_teardown.py took 0.048 seconds
[2025-01-14T00:03:40.452+0000] {processor.py:161} INFO - Started process (PID=10976) to work on /home/airflow/.local/lib/python3.8/site-packages/airflow/example_dags/example_setup_teardown.py
[2025-01-14T00:03:40.453+0000] {processor.py:830} INFO - Processing file /home/airflow/.local/lib/python3.8/site-packages/airflow/example_dags/example_setup_teardown.py for tasks to queue
[2025-01-14T00:03:40.454+0000] {logging_mixin.py:188} INFO - [2025-01-14T00:03:40.453+0000] {dagbag.py:538} INFO - Filling up the DagBag from /home/airflow/.local/lib/python3.8/site-packages/airflow/example_dags/example_setup_teardown.py
[2025-01-14T00:03:40.458+0000] {processor.py:840} INFO - DAG(s) 'example_setup_teardown' retrieved from /home/airflow/.local/lib/python3.8/site-packages/airflow/example_dags/example_setup_teardown.py
[2025-01-14T00:03:40.471+0000] {logging_mixin.py:188} INFO - [2025-01-14T00:03:40.471+0000] {dag.py:3036} INFO - Sync 1 DAGs
[2025-01-14T00:03:40.484+0000] {logging_mixin.py:188} INFO - [2025-01-14T00:03:40.483+0000] {dag.py:3823} INFO - Setting next_dagrun for example_setup_teardown to 2025-01-13 00:00:00+00:00, run_after=2025-01-14 00:00:00+00:00
[2025-01-14T00:03:40.495+0000] {processor.py:183} INFO - Processing /home/airflow/.local/lib/python3.8/site-packages/airflow/example_dags/example_setup_teardown.py took 0.045 seconds
[2025-01-14T00:04:11.391+0000] {processor.py:161} INFO - Started process (PID=11035) to work on /home/airflow/.local/lib/python3.8/site-packages/airflow/example_dags/example_setup_teardown.py
[2025-01-14T00:04:11.392+0000] {processor.py:830} INFO - Processing file /home/airflow/.local/lib/python3.8/site-packages/airflow/example_dags/example_setup_teardown.py for tasks to queue
[2025-01-14T00:04:11.392+0000] {logging_mixin.py:188} INFO - [2025-01-14T00:04:11.392+0000] {dagbag.py:538} INFO - Filling up the DagBag from /home/airflow/.local/lib/python3.8/site-packages/airflow/example_dags/example_setup_teardown.py
[2025-01-14T00:04:11.397+0000] {processor.py:840} INFO - DAG(s) 'example_setup_teardown' retrieved from /home/airflow/.local/lib/python3.8/site-packages/airflow/example_dags/example_setup_teardown.py
[2025-01-14T00:04:11.411+0000] {logging_mixin.py:188} INFO - [2025-01-14T00:04:11.411+0000] {dag.py:3036} INFO - Sync 1 DAGs
[2025-01-14T00:04:11.429+0000] {logging_mixin.py:188} INFO - [2025-01-14T00:04:11.429+0000] {dag.py:3823} INFO - Setting next_dagrun for example_setup_teardown to 2025-01-13 00:00:00+00:00, run_after=2025-01-14 00:00:00+00:00
[2025-01-14T00:04:11.443+0000] {processor.py:183} INFO - Processing /home/airflow/.local/lib/python3.8/site-packages/airflow/example_dags/example_setup_teardown.py took 0.054 seconds
[2025-01-14T00:04:41.768+0000] {processor.py:161} INFO - Started process (PID=11094) to work on /home/airflow/.local/lib/python3.8/site-packages/airflow/example_dags/example_setup_teardown.py
[2025-01-14T00:04:41.769+0000] {processor.py:830} INFO - Processing file /home/airflow/.local/lib/python3.8/site-packages/airflow/example_dags/example_setup_teardown.py for tasks to queue
[2025-01-14T00:04:41.770+0000] {logging_mixin.py:188} INFO - [2025-01-14T00:04:41.769+0000] {dagbag.py:538} INFO - Filling up the DagBag from /home/airflow/.local/lib/python3.8/site-packages/airflow/example_dags/example_setup_teardown.py
[2025-01-14T00:04:41.774+0000] {processor.py:840} INFO - DAG(s) 'example_setup_teardown' retrieved from /home/airflow/.local/lib/python3.8/site-packages/airflow/example_dags/example_setup_teardown.py
[2025-01-14T00:04:41.788+0000] {logging_mixin.py:188} INFO - [2025-01-14T00:04:41.787+0000] {dag.py:3036} INFO - Sync 1 DAGs
[2025-01-14T00:04:41.801+0000] {logging_mixin.py:188} INFO - [2025-01-14T00:04:41.801+0000] {dag.py:3823} INFO - Setting next_dagrun for example_setup_teardown to 2025-01-13 00:00:00+00:00, run_after=2025-01-14 00:00:00+00:00
[2025-01-14T00:04:41.813+0000] {processor.py:183} INFO - Processing /home/airflow/.local/lib/python3.8/site-packages/airflow/example_dags/example_setup_teardown.py took 0.047 seconds
[2025-01-14T00:05:12.778+0000] {processor.py:161} INFO - Started process (PID=11153) to work on /home/airflow/.local/lib/python3.8/site-packages/airflow/example_dags/example_setup_teardown.py
[2025-01-14T00:05:12.779+0000] {processor.py:830} INFO - Processing file /home/airflow/.local/lib/python3.8/site-packages/airflow/example_dags/example_setup_teardown.py for tasks to queue
[2025-01-14T00:05:12.779+0000] {logging_mixin.py:188} INFO - [2025-01-14T00:05:12.779+0000] {dagbag.py:538} INFO - Filling up the DagBag from /home/airflow/.local/lib/python3.8/site-packages/airflow/example_dags/example_setup_teardown.py
[2025-01-14T00:05:12.784+0000] {processor.py:840} INFO - DAG(s) 'example_setup_teardown' retrieved from /home/airflow/.local/lib/python3.8/site-packages/airflow/example_dags/example_setup_teardown.py
[2025-01-14T00:05:12.797+0000] {logging_mixin.py:188} INFO - [2025-01-14T00:05:12.797+0000] {dag.py:3036} INFO - Sync 1 DAGs
[2025-01-14T00:05:12.810+0000] {logging_mixin.py:188} INFO - [2025-01-14T00:05:12.810+0000] {dag.py:3823} INFO - Setting next_dagrun for example_setup_teardown to 2025-01-13 00:00:00+00:00, run_after=2025-01-14 00:00:00+00:00
[2025-01-14T00:05:12.823+0000] {processor.py:183} INFO - Processing /home/airflow/.local/lib/python3.8/site-packages/airflow/example_dags/example_setup_teardown.py took 0.046 seconds
[2025-01-14T00:06:25.332+0000] {processor.py:161} INFO - Started process (PID=87) to work on /home/airflow/.local/lib/python3.8/site-packages/airflow/example_dags/example_setup_teardown.py
[2025-01-14T00:06:25.333+0000] {processor.py:830} INFO - Processing file /home/airflow/.local/lib/python3.8/site-packages/airflow/example_dags/example_setup_teardown.py for tasks to queue
[2025-01-14T00:06:25.334+0000] {logging_mixin.py:188} INFO - [2025-01-14T00:06:25.334+0000] {dagbag.py:538} INFO - Filling up the DagBag from /home/airflow/.local/lib/python3.8/site-packages/airflow/example_dags/example_setup_teardown.py
[2025-01-14T00:06:25.338+0000] {processor.py:840} INFO - DAG(s) 'example_setup_teardown' retrieved from /home/airflow/.local/lib/python3.8/site-packages/airflow/example_dags/example_setup_teardown.py
[2025-01-14T00:06:25.346+0000] {logging_mixin.py:188} INFO - [2025-01-14T00:06:25.346+0000] {dag.py:3036} INFO - Sync 1 DAGs
[2025-01-14T00:06:25.360+0000] {logging_mixin.py:188} INFO - [2025-01-14T00:06:25.360+0000] {dag.py:3823} INFO - Setting next_dagrun for example_setup_teardown to 2025-01-13 00:00:00+00:00, run_after=2025-01-14 00:00:00+00:00
[2025-01-14T00:06:25.374+0000] {processor.py:183} INFO - Processing /home/airflow/.local/lib/python3.8/site-packages/airflow/example_dags/example_setup_teardown.py took 0.044 seconds
[2025-01-14T00:06:56.469+0000] {processor.py:161} INFO - Started process (PID=146) to work on /home/airflow/.local/lib/python3.8/site-packages/airflow/example_dags/example_setup_teardown.py
[2025-01-14T00:06:56.470+0000] {processor.py:830} INFO - Processing file /home/airflow/.local/lib/python3.8/site-packages/airflow/example_dags/example_setup_teardown.py for tasks to queue
[2025-01-14T00:06:56.471+0000] {logging_mixin.py:188} INFO - [2025-01-14T00:06:56.471+0000] {dagbag.py:538} INFO - Filling up the DagBag from /home/airflow/.local/lib/python3.8/site-packages/airflow/example_dags/example_setup_teardown.py
[2025-01-14T00:06:56.475+0000] {processor.py:840} INFO - DAG(s) 'example_setup_teardown' retrieved from /home/airflow/.local/lib/python3.8/site-packages/airflow/example_dags/example_setup_teardown.py
[2025-01-14T00:06:56.535+0000] {logging_mixin.py:188} INFO - [2025-01-14T00:06:56.535+0000] {dag.py:3036} INFO - Sync 1 DAGs
[2025-01-14T00:06:56.547+0000] {logging_mixin.py:188} INFO - [2025-01-14T00:06:56.547+0000] {dag.py:3823} INFO - Setting next_dagrun for example_setup_teardown to 2025-01-13 00:00:00+00:00, run_after=2025-01-14 00:00:00+00:00
[2025-01-14T00:06:56.560+0000] {processor.py:183} INFO - Processing /home/airflow/.local/lib/python3.8/site-packages/airflow/example_dags/example_setup_teardown.py took 0.093 seconds
[2025-01-14T00:07:26.867+0000] {processor.py:161} INFO - Started process (PID=205) to work on /home/airflow/.local/lib/python3.8/site-packages/airflow/example_dags/example_setup_teardown.py
[2025-01-14T00:07:26.867+0000] {processor.py:830} INFO - Processing file /home/airflow/.local/lib/python3.8/site-packages/airflow/example_dags/example_setup_teardown.py for tasks to queue
[2025-01-14T00:07:26.868+0000] {logging_mixin.py:188} INFO - [2025-01-14T00:07:26.868+0000] {dagbag.py:538} INFO - Filling up the DagBag from /home/airflow/.local/lib/python3.8/site-packages/airflow/example_dags/example_setup_teardown.py
[2025-01-14T00:07:26.872+0000] {processor.py:840} INFO - DAG(s) 'example_setup_teardown' retrieved from /home/airflow/.local/lib/python3.8/site-packages/airflow/example_dags/example_setup_teardown.py
[2025-01-14T00:07:26.885+0000] {logging_mixin.py:188} INFO - [2025-01-14T00:07:26.885+0000] {dag.py:3036} INFO - Sync 1 DAGs
[2025-01-14T00:07:26.898+0000] {logging_mixin.py:188} INFO - [2025-01-14T00:07:26.898+0000] {dag.py:3823} INFO - Setting next_dagrun for example_setup_teardown to 2025-01-13 00:00:00+00:00, run_after=2025-01-14 00:00:00+00:00
[2025-01-14T00:07:26.911+0000] {processor.py:183} INFO - Processing /home/airflow/.local/lib/python3.8/site-packages/airflow/example_dags/example_setup_teardown.py took 0.046 seconds
[2025-01-14T00:07:57.149+0000] {processor.py:161} INFO - Started process (PID=264) to work on /home/airflow/.local/lib/python3.8/site-packages/airflow/example_dags/example_setup_teardown.py
[2025-01-14T00:07:57.150+0000] {processor.py:830} INFO - Processing file /home/airflow/.local/lib/python3.8/site-packages/airflow/example_dags/example_setup_teardown.py for tasks to queue
[2025-01-14T00:07:57.151+0000] {logging_mixin.py:188} INFO - [2025-01-14T00:07:57.151+0000] {dagbag.py:538} INFO - Filling up the DagBag from /home/airflow/.local/lib/python3.8/site-packages/airflow/example_dags/example_setup_teardown.py
[2025-01-14T00:07:57.156+0000] {processor.py:840} INFO - DAG(s) 'example_setup_teardown' retrieved from /home/airflow/.local/lib/python3.8/site-packages/airflow/example_dags/example_setup_teardown.py
[2025-01-14T00:07:57.170+0000] {logging_mixin.py:188} INFO - [2025-01-14T00:07:57.170+0000] {dag.py:3036} INFO - Sync 1 DAGs
[2025-01-14T00:07:57.185+0000] {logging_mixin.py:188} INFO - [2025-01-14T00:07:57.185+0000] {dag.py:3823} INFO - Setting next_dagrun for example_setup_teardown to 2025-01-13 00:00:00+00:00, run_after=2025-01-14 00:00:00+00:00
[2025-01-14T00:07:57.197+0000] {processor.py:183} INFO - Processing /home/airflow/.local/lib/python3.8/site-packages/airflow/example_dags/example_setup_teardown.py took 0.050 seconds
[2025-01-14T00:08:27.425+0000] {processor.py:161} INFO - Started process (PID=323) to work on /home/airflow/.local/lib/python3.8/site-packages/airflow/example_dags/example_setup_teardown.py
[2025-01-14T00:08:27.425+0000] {processor.py:830} INFO - Processing file /home/airflow/.local/lib/python3.8/site-packages/airflow/example_dags/example_setup_teardown.py for tasks to queue
[2025-01-14T00:08:27.427+0000] {logging_mixin.py:188} INFO - [2025-01-14T00:08:27.427+0000] {dagbag.py:538} INFO - Filling up the DagBag from /home/airflow/.local/lib/python3.8/site-packages/airflow/example_dags/example_setup_teardown.py
[2025-01-14T00:08:27.432+0000] {processor.py:840} INFO - DAG(s) 'example_setup_teardown' retrieved from /home/airflow/.local/lib/python3.8/site-packages/airflow/example_dags/example_setup_teardown.py
[2025-01-14T00:08:27.446+0000] {logging_mixin.py:188} INFO - [2025-01-14T00:08:27.446+0000] {dag.py:3036} INFO - Sync 1 DAGs
[2025-01-14T00:08:27.461+0000] {logging_mixin.py:188} INFO - [2025-01-14T00:08:27.461+0000] {dag.py:3823} INFO - Setting next_dagrun for example_setup_teardown to 2025-01-13 00:00:00+00:00, run_after=2025-01-14 00:00:00+00:00
[2025-01-14T00:08:27.473+0000] {processor.py:183} INFO - Processing /home/airflow/.local/lib/python3.8/site-packages/airflow/example_dags/example_setup_teardown.py took 0.051 seconds
[2025-01-14T00:08:57.716+0000] {processor.py:161} INFO - Started process (PID=382) to work on /home/airflow/.local/lib/python3.8/site-packages/airflow/example_dags/example_setup_teardown.py
[2025-01-14T00:08:57.718+0000] {processor.py:830} INFO - Processing file /home/airflow/.local/lib/python3.8/site-packages/airflow/example_dags/example_setup_teardown.py for tasks to queue
[2025-01-14T00:08:57.719+0000] {logging_mixin.py:188} INFO - [2025-01-14T00:08:57.719+0000] {dagbag.py:538} INFO - Filling up the DagBag from /home/airflow/.local/lib/python3.8/site-packages/airflow/example_dags/example_setup_teardown.py
[2025-01-14T00:08:57.726+0000] {processor.py:840} INFO - DAG(s) 'example_setup_teardown' retrieved from /home/airflow/.local/lib/python3.8/site-packages/airflow/example_dags/example_setup_teardown.py
[2025-01-14T00:08:57.745+0000] {logging_mixin.py:188} INFO - [2025-01-14T00:08:57.745+0000] {dag.py:3036} INFO - Sync 1 DAGs
[2025-01-14T00:08:57.768+0000] {logging_mixin.py:188} INFO - [2025-01-14T00:08:57.768+0000] {dag.py:3823} INFO - Setting next_dagrun for example_setup_teardown to 2025-01-13 00:00:00+00:00, run_after=2025-01-14 00:00:00+00:00
[2025-01-14T00:08:57.787+0000] {processor.py:183} INFO - Processing /home/airflow/.local/lib/python3.8/site-packages/airflow/example_dags/example_setup_teardown.py took 0.073 seconds
[2025-01-14T00:09:27.981+0000] {processor.py:161} INFO - Started process (PID=441) to work on /home/airflow/.local/lib/python3.8/site-packages/airflow/example_dags/example_setup_teardown.py
[2025-01-14T00:09:27.982+0000] {processor.py:830} INFO - Processing file /home/airflow/.local/lib/python3.8/site-packages/airflow/example_dags/example_setup_teardown.py for tasks to queue
[2025-01-14T00:09:27.983+0000] {logging_mixin.py:188} INFO - [2025-01-14T00:09:27.983+0000] {dagbag.py:538} INFO - Filling up the DagBag from /home/airflow/.local/lib/python3.8/site-packages/airflow/example_dags/example_setup_teardown.py
[2025-01-14T00:09:27.988+0000] {processor.py:840} INFO - DAG(s) 'example_setup_teardown' retrieved from /home/airflow/.local/lib/python3.8/site-packages/airflow/example_dags/example_setup_teardown.py
[2025-01-14T00:09:28.004+0000] {logging_mixin.py:188} INFO - [2025-01-14T00:09:28.004+0000] {dag.py:3036} INFO - Sync 1 DAGs
[2025-01-14T00:09:28.020+0000] {logging_mixin.py:188} INFO - [2025-01-14T00:09:28.019+0000] {dag.py:3823} INFO - Setting next_dagrun for example_setup_teardown to 2025-01-13 00:00:00+00:00, run_after=2025-01-14 00:00:00+00:00
[2025-01-14T00:09:28.034+0000] {processor.py:183} INFO - Processing /home/airflow/.local/lib/python3.8/site-packages/airflow/example_dags/example_setup_teardown.py took 0.055 seconds
[2025-01-14T00:09:59.022+0000] {processor.py:161} INFO - Started process (PID=500) to work on /home/airflow/.local/lib/python3.8/site-packages/airflow/example_dags/example_setup_teardown.py
[2025-01-14T00:09:59.022+0000] {processor.py:830} INFO - Processing file /home/airflow/.local/lib/python3.8/site-packages/airflow/example_dags/example_setup_teardown.py for tasks to queue
[2025-01-14T00:09:59.023+0000] {logging_mixin.py:188} INFO - [2025-01-14T00:09:59.023+0000] {dagbag.py:538} INFO - Filling up the DagBag from /home/airflow/.local/lib/python3.8/site-packages/airflow/example_dags/example_setup_teardown.py
[2025-01-14T00:09:59.028+0000] {processor.py:840} INFO - DAG(s) 'example_setup_teardown' retrieved from /home/airflow/.local/lib/python3.8/site-packages/airflow/example_dags/example_setup_teardown.py
[2025-01-14T00:09:59.042+0000] {logging_mixin.py:188} INFO - [2025-01-14T00:09:59.041+0000] {dag.py:3036} INFO - Sync 1 DAGs
[2025-01-14T00:09:59.055+0000] {logging_mixin.py:188} INFO - [2025-01-14T00:09:59.055+0000] {dag.py:3823} INFO - Setting next_dagrun for example_setup_teardown to 2025-01-13 00:00:00+00:00, run_after=2025-01-14 00:00:00+00:00
[2025-01-14T00:09:59.069+0000] {processor.py:183} INFO - Processing /home/airflow/.local/lib/python3.8/site-packages/airflow/example_dags/example_setup_teardown.py took 0.049 seconds
[2025-01-14T00:10:30.390+0000] {processor.py:161} INFO - Started process (PID=559) to work on /home/airflow/.local/lib/python3.8/site-packages/airflow/example_dags/example_setup_teardown.py
[2025-01-14T00:10:30.391+0000] {processor.py:830} INFO - Processing file /home/airflow/.local/lib/python3.8/site-packages/airflow/example_dags/example_setup_teardown.py for tasks to queue
[2025-01-14T00:10:30.392+0000] {logging_mixin.py:188} INFO - [2025-01-14T00:10:30.392+0000] {dagbag.py:538} INFO - Filling up the DagBag from /home/airflow/.local/lib/python3.8/site-packages/airflow/example_dags/example_setup_teardown.py
[2025-01-14T00:10:30.396+0000] {processor.py:840} INFO - DAG(s) 'example_setup_teardown' retrieved from /home/airflow/.local/lib/python3.8/site-packages/airflow/example_dags/example_setup_teardown.py
[2025-01-14T00:10:30.409+0000] {logging_mixin.py:188} INFO - [2025-01-14T00:10:30.409+0000] {dag.py:3036} INFO - Sync 1 DAGs
[2025-01-14T00:10:30.422+0000] {logging_mixin.py:188} INFO - [2025-01-14T00:10:30.422+0000] {dag.py:3823} INFO - Setting next_dagrun for example_setup_teardown to 2025-01-13 00:00:00+00:00, run_after=2025-01-14 00:00:00+00:00
[2025-01-14T00:10:30.438+0000] {processor.py:183} INFO - Processing /home/airflow/.local/lib/python3.8/site-packages/airflow/example_dags/example_setup_teardown.py took 0.049 seconds
[2025-01-14T00:11:01.611+0000] {processor.py:161} INFO - Started process (PID=618) to work on /home/airflow/.local/lib/python3.8/site-packages/airflow/example_dags/example_setup_teardown.py
[2025-01-14T00:11:01.612+0000] {processor.py:830} INFO - Processing file /home/airflow/.local/lib/python3.8/site-packages/airflow/example_dags/example_setup_teardown.py for tasks to queue
[2025-01-14T00:11:01.613+0000] {logging_mixin.py:188} INFO - [2025-01-14T00:11:01.613+0000] {dagbag.py:538} INFO - Filling up the DagBag from /home/airflow/.local/lib/python3.8/site-packages/airflow/example_dags/example_setup_teardown.py
[2025-01-14T00:11:01.617+0000] {processor.py:840} INFO - DAG(s) 'example_setup_teardown' retrieved from /home/airflow/.local/lib/python3.8/site-packages/airflow/example_dags/example_setup_teardown.py
[2025-01-14T00:11:01.632+0000] {logging_mixin.py:188} INFO - [2025-01-14T00:11:01.631+0000] {dag.py:3036} INFO - Sync 1 DAGs
[2025-01-14T00:11:01.646+0000] {logging_mixin.py:188} INFO - [2025-01-14T00:11:01.645+0000] {dag.py:3823} INFO - Setting next_dagrun for example_setup_teardown to 2025-01-13 00:00:00+00:00, run_after=2025-01-14 00:00:00+00:00
[2025-01-14T00:11:01.658+0000] {processor.py:183} INFO - Processing /home/airflow/.local/lib/python3.8/site-packages/airflow/example_dags/example_setup_teardown.py took 0.050 seconds
[2025-01-14T00:11:32.654+0000] {processor.py:161} INFO - Started process (PID=677) to work on /home/airflow/.local/lib/python3.8/site-packages/airflow/example_dags/example_setup_teardown.py
[2025-01-14T00:11:32.655+0000] {processor.py:830} INFO - Processing file /home/airflow/.local/lib/python3.8/site-packages/airflow/example_dags/example_setup_teardown.py for tasks to queue
[2025-01-14T00:11:32.656+0000] {logging_mixin.py:188} INFO - [2025-01-14T00:11:32.656+0000] {dagbag.py:538} INFO - Filling up the DagBag from /home/airflow/.local/lib/python3.8/site-packages/airflow/example_dags/example_setup_teardown.py
[2025-01-14T00:11:32.661+0000] {processor.py:840} INFO - DAG(s) 'example_setup_teardown' retrieved from /home/airflow/.local/lib/python3.8/site-packages/airflow/example_dags/example_setup_teardown.py
[2025-01-14T00:11:32.674+0000] {logging_mixin.py:188} INFO - [2025-01-14T00:11:32.674+0000] {dag.py:3036} INFO - Sync 1 DAGs
[2025-01-14T00:11:32.687+0000] {logging_mixin.py:188} INFO - [2025-01-14T00:11:32.687+0000] {dag.py:3823} INFO - Setting next_dagrun for example_setup_teardown to 2025-01-13 00:00:00+00:00, run_after=2025-01-14 00:00:00+00:00
[2025-01-14T00:11:32.699+0000] {processor.py:183} INFO - Processing /home/airflow/.local/lib/python3.8/site-packages/airflow/example_dags/example_setup_teardown.py took 0.047 seconds
[2025-01-14T00:12:04.117+0000] {processor.py:161} INFO - Started process (PID=736) to work on /home/airflow/.local/lib/python3.8/site-packages/airflow/example_dags/example_setup_teardown.py
[2025-01-14T00:12:04.117+0000] {processor.py:830} INFO - Processing file /home/airflow/.local/lib/python3.8/site-packages/airflow/example_dags/example_setup_teardown.py for tasks to queue
[2025-01-14T00:12:04.118+0000] {logging_mixin.py:188} INFO - [2025-01-14T00:12:04.118+0000] {dagbag.py:538} INFO - Filling up the DagBag from /home/airflow/.local/lib/python3.8/site-packages/airflow/example_dags/example_setup_teardown.py
[2025-01-14T00:12:04.122+0000] {processor.py:840} INFO - DAG(s) 'example_setup_teardown' retrieved from /home/airflow/.local/lib/python3.8/site-packages/airflow/example_dags/example_setup_teardown.py
[2025-01-14T00:12:04.135+0000] {logging_mixin.py:188} INFO - [2025-01-14T00:12:04.135+0000] {dag.py:3036} INFO - Sync 1 DAGs
[2025-01-14T00:12:04.148+0000] {logging_mixin.py:188} INFO - [2025-01-14T00:12:04.148+0000] {dag.py:3823} INFO - Setting next_dagrun for example_setup_teardown to 2025-01-13 00:00:00+00:00, run_after=2025-01-14 00:00:00+00:00
[2025-01-14T00:12:04.160+0000] {processor.py:183} INFO - Processing /home/airflow/.local/lib/python3.8/site-packages/airflow/example_dags/example_setup_teardown.py took 0.045 seconds
[2025-01-14T00:12:35.190+0000] {processor.py:161} INFO - Started process (PID=795) to work on /home/airflow/.local/lib/python3.8/site-packages/airflow/example_dags/example_setup_teardown.py
[2025-01-14T00:12:35.191+0000] {processor.py:830} INFO - Processing file /home/airflow/.local/lib/python3.8/site-packages/airflow/example_dags/example_setup_teardown.py for tasks to queue
[2025-01-14T00:12:35.192+0000] {logging_mixin.py:188} INFO - [2025-01-14T00:12:35.192+0000] {dagbag.py:538} INFO - Filling up the DagBag from /home/airflow/.local/lib/python3.8/site-packages/airflow/example_dags/example_setup_teardown.py
[2025-01-14T00:12:35.196+0000] {processor.py:840} INFO - DAG(s) 'example_setup_teardown' retrieved from /home/airflow/.local/lib/python3.8/site-packages/airflow/example_dags/example_setup_teardown.py
[2025-01-14T00:12:35.209+0000] {logging_mixin.py:188} INFO - [2025-01-14T00:12:35.209+0000] {dag.py:3036} INFO - Sync 1 DAGs
[2025-01-14T00:12:35.223+0000] {logging_mixin.py:188} INFO - [2025-01-14T00:12:35.223+0000] {dag.py:3823} INFO - Setting next_dagrun for example_setup_teardown to 2025-01-13 00:00:00+00:00, run_after=2025-01-14 00:00:00+00:00
[2025-01-14T00:12:35.236+0000] {processor.py:183} INFO - Processing /home/airflow/.local/lib/python3.8/site-packages/airflow/example_dags/example_setup_teardown.py took 0.048 seconds
[2025-01-14T00:13:06.276+0000] {processor.py:161} INFO - Started process (PID=854) to work on /home/airflow/.local/lib/python3.8/site-packages/airflow/example_dags/example_setup_teardown.py
[2025-01-14T00:13:06.277+0000] {processor.py:830} INFO - Processing file /home/airflow/.local/lib/python3.8/site-packages/airflow/example_dags/example_setup_teardown.py for tasks to queue
[2025-01-14T00:13:06.278+0000] {logging_mixin.py:188} INFO - [2025-01-14T00:13:06.278+0000] {dagbag.py:538} INFO - Filling up the DagBag from /home/airflow/.local/lib/python3.8/site-packages/airflow/example_dags/example_setup_teardown.py
[2025-01-14T00:13:06.282+0000] {processor.py:840} INFO - DAG(s) 'example_setup_teardown' retrieved from /home/airflow/.local/lib/python3.8/site-packages/airflow/example_dags/example_setup_teardown.py
[2025-01-14T00:13:06.295+0000] {logging_mixin.py:188} INFO - [2025-01-14T00:13:06.295+0000] {dag.py:3036} INFO - Sync 1 DAGs
[2025-01-14T00:13:06.309+0000] {logging_mixin.py:188} INFO - [2025-01-14T00:13:06.309+0000] {dag.py:3823} INFO - Setting next_dagrun for example_setup_teardown to 2025-01-13 00:00:00+00:00, run_after=2025-01-14 00:00:00+00:00
[2025-01-14T00:13:06.322+0000] {processor.py:183} INFO - Processing /home/airflow/.local/lib/python3.8/site-packages/airflow/example_dags/example_setup_teardown.py took 0.048 seconds
[2025-01-14T00:13:37.618+0000] {processor.py:161} INFO - Started process (PID=913) to work on /home/airflow/.local/lib/python3.8/site-packages/airflow/example_dags/example_setup_teardown.py
[2025-01-14T00:13:37.619+0000] {processor.py:830} INFO - Processing file /home/airflow/.local/lib/python3.8/site-packages/airflow/example_dags/example_setup_teardown.py for tasks to queue
[2025-01-14T00:13:37.620+0000] {logging_mixin.py:188} INFO - [2025-01-14T00:13:37.620+0000] {dagbag.py:538} INFO - Filling up the DagBag from /home/airflow/.local/lib/python3.8/site-packages/airflow/example_dags/example_setup_teardown.py
[2025-01-14T00:13:37.625+0000] {processor.py:840} INFO - DAG(s) 'example_setup_teardown' retrieved from /home/airflow/.local/lib/python3.8/site-packages/airflow/example_dags/example_setup_teardown.py
[2025-01-14T00:13:37.639+0000] {logging_mixin.py:188} INFO - [2025-01-14T00:13:37.639+0000] {dag.py:3036} INFO - Sync 1 DAGs
[2025-01-14T00:13:37.654+0000] {logging_mixin.py:188} INFO - [2025-01-14T00:13:37.654+0000] {dag.py:3823} INFO - Setting next_dagrun for example_setup_teardown to 2025-01-13 00:00:00+00:00, run_after=2025-01-14 00:00:00+00:00
[2025-01-14T00:13:37.668+0000] {processor.py:183} INFO - Processing /home/airflow/.local/lib/python3.8/site-packages/airflow/example_dags/example_setup_teardown.py took 0.053 seconds
[2025-01-14T00:14:07.920+0000] {processor.py:161} INFO - Started process (PID=972) to work on /home/airflow/.local/lib/python3.8/site-packages/airflow/example_dags/example_setup_teardown.py
[2025-01-14T00:14:07.921+0000] {processor.py:830} INFO - Processing file /home/airflow/.local/lib/python3.8/site-packages/airflow/example_dags/example_setup_teardown.py for tasks to queue
[2025-01-14T00:14:07.922+0000] {logging_mixin.py:188} INFO - [2025-01-14T00:14:07.922+0000] {dagbag.py:538} INFO - Filling up the DagBag from /home/airflow/.local/lib/python3.8/site-packages/airflow/example_dags/example_setup_teardown.py
[2025-01-14T00:14:07.926+0000] {processor.py:840} INFO - DAG(s) 'example_setup_teardown' retrieved from /home/airflow/.local/lib/python3.8/site-packages/airflow/example_dags/example_setup_teardown.py
[2025-01-14T00:14:07.938+0000] {logging_mixin.py:188} INFO - [2025-01-14T00:14:07.938+0000] {dag.py:3036} INFO - Sync 1 DAGs
[2025-01-14T00:14:07.952+0000] {logging_mixin.py:188} INFO - [2025-01-14T00:14:07.952+0000] {dag.py:3823} INFO - Setting next_dagrun for example_setup_teardown to 2025-01-13 00:00:00+00:00, run_after=2025-01-14 00:00:00+00:00
[2025-01-14T00:14:07.965+0000] {processor.py:183} INFO - Processing /home/airflow/.local/lib/python3.8/site-packages/airflow/example_dags/example_setup_teardown.py took 0.047 seconds
[2025-01-14T00:14:39.125+0000] {processor.py:161} INFO - Started process (PID=1031) to work on /home/airflow/.local/lib/python3.8/site-packages/airflow/example_dags/example_setup_teardown.py
[2025-01-14T00:14:39.126+0000] {processor.py:830} INFO - Processing file /home/airflow/.local/lib/python3.8/site-packages/airflow/example_dags/example_setup_teardown.py for tasks to queue
[2025-01-14T00:14:39.127+0000] {logging_mixin.py:188} INFO - [2025-01-14T00:14:39.127+0000] {dagbag.py:538} INFO - Filling up the DagBag from /home/airflow/.local/lib/python3.8/site-packages/airflow/example_dags/example_setup_teardown.py
[2025-01-14T00:14:39.131+0000] {processor.py:840} INFO - DAG(s) 'example_setup_teardown' retrieved from /home/airflow/.local/lib/python3.8/site-packages/airflow/example_dags/example_setup_teardown.py
[2025-01-14T00:14:39.145+0000] {logging_mixin.py:188} INFO - [2025-01-14T00:14:39.145+0000] {dag.py:3036} INFO - Sync 1 DAGs
[2025-01-14T00:14:39.160+0000] {logging_mixin.py:188} INFO - [2025-01-14T00:14:39.159+0000] {dag.py:3823} INFO - Setting next_dagrun for example_setup_teardown to 2025-01-13 00:00:00+00:00, run_after=2025-01-14 00:00:00+00:00
[2025-01-14T00:14:39.172+0000] {processor.py:183} INFO - Processing /home/airflow/.local/lib/python3.8/site-packages/airflow/example_dags/example_setup_teardown.py took 0.050 seconds
[2025-01-14T00:15:10.113+0000] {processor.py:161} INFO - Started process (PID=1090) to work on /home/airflow/.local/lib/python3.8/site-packages/airflow/example_dags/example_setup_teardown.py
[2025-01-14T00:15:10.114+0000] {processor.py:830} INFO - Processing file /home/airflow/.local/lib/python3.8/site-packages/airflow/example_dags/example_setup_teardown.py for tasks to queue
[2025-01-14T00:15:10.115+0000] {logging_mixin.py:188} INFO - [2025-01-14T00:15:10.115+0000] {dagbag.py:538} INFO - Filling up the DagBag from /home/airflow/.local/lib/python3.8/site-packages/airflow/example_dags/example_setup_teardown.py
[2025-01-14T00:15:10.119+0000] {processor.py:840} INFO - DAG(s) 'example_setup_teardown' retrieved from /home/airflow/.local/lib/python3.8/site-packages/airflow/example_dags/example_setup_teardown.py
[2025-01-14T00:15:10.131+0000] {logging_mixin.py:188} INFO - [2025-01-14T00:15:10.131+0000] {dag.py:3036} INFO - Sync 1 DAGs
[2025-01-14T00:15:10.147+0000] {logging_mixin.py:188} INFO - [2025-01-14T00:15:10.147+0000] {dag.py:3823} INFO - Setting next_dagrun for example_setup_teardown to 2025-01-13 00:00:00+00:00, run_after=2025-01-14 00:00:00+00:00
[2025-01-14T00:15:10.159+0000] {processor.py:183} INFO - Processing /home/airflow/.local/lib/python3.8/site-packages/airflow/example_dags/example_setup_teardown.py took 0.049 seconds
[2025-01-14T00:15:41.379+0000] {processor.py:161} INFO - Started process (PID=1149) to work on /home/airflow/.local/lib/python3.8/site-packages/airflow/example_dags/example_setup_teardown.py
[2025-01-14T00:15:41.380+0000] {processor.py:830} INFO - Processing file /home/airflow/.local/lib/python3.8/site-packages/airflow/example_dags/example_setup_teardown.py for tasks to queue
[2025-01-14T00:15:41.381+0000] {logging_mixin.py:188} INFO - [2025-01-14T00:15:41.381+0000] {dagbag.py:538} INFO - Filling up the DagBag from /home/airflow/.local/lib/python3.8/site-packages/airflow/example_dags/example_setup_teardown.py
[2025-01-14T00:15:41.385+0000] {processor.py:840} INFO - DAG(s) 'example_setup_teardown' retrieved from /home/airflow/.local/lib/python3.8/site-packages/airflow/example_dags/example_setup_teardown.py
[2025-01-14T00:15:41.400+0000] {logging_mixin.py:188} INFO - [2025-01-14T00:15:41.400+0000] {dag.py:3036} INFO - Sync 1 DAGs
[2025-01-14T00:15:41.416+0000] {logging_mixin.py:188} INFO - [2025-01-14T00:15:41.416+0000] {dag.py:3823} INFO - Setting next_dagrun for example_setup_teardown to 2025-01-13 00:00:00+00:00, run_after=2025-01-14 00:00:00+00:00
[2025-01-14T00:15:41.430+0000] {processor.py:183} INFO - Processing /home/airflow/.local/lib/python3.8/site-packages/airflow/example_dags/example_setup_teardown.py took 0.053 seconds
[2025-01-14T00:16:12.831+0000] {processor.py:161} INFO - Started process (PID=1208) to work on /home/airflow/.local/lib/python3.8/site-packages/airflow/example_dags/example_setup_teardown.py
[2025-01-14T00:16:12.832+0000] {processor.py:830} INFO - Processing file /home/airflow/.local/lib/python3.8/site-packages/airflow/example_dags/example_setup_teardown.py for tasks to queue
[2025-01-14T00:16:12.833+0000] {logging_mixin.py:188} INFO - [2025-01-14T00:16:12.832+0000] {dagbag.py:538} INFO - Filling up the DagBag from /home/airflow/.local/lib/python3.8/site-packages/airflow/example_dags/example_setup_teardown.py
[2025-01-14T00:16:12.837+0000] {processor.py:840} INFO - DAG(s) 'example_setup_teardown' retrieved from /home/airflow/.local/lib/python3.8/site-packages/airflow/example_dags/example_setup_teardown.py
[2025-01-14T00:16:12.850+0000] {logging_mixin.py:188} INFO - [2025-01-14T00:16:12.850+0000] {dag.py:3036} INFO - Sync 1 DAGs
[2025-01-14T00:16:12.864+0000] {logging_mixin.py:188} INFO - [2025-01-14T00:16:12.864+0000] {dag.py:3823} INFO - Setting next_dagrun for example_setup_teardown to 2025-01-13 00:00:00+00:00, run_after=2025-01-14 00:00:00+00:00
[2025-01-14T00:16:12.877+0000] {processor.py:183} INFO - Processing /home/airflow/.local/lib/python3.8/site-packages/airflow/example_dags/example_setup_teardown.py took 0.048 seconds
[2025-01-14T00:16:44.027+0000] {processor.py:161} INFO - Started process (PID=1273) to work on /home/airflow/.local/lib/python3.8/site-packages/airflow/example_dags/example_setup_teardown.py
[2025-01-14T00:16:44.028+0000] {processor.py:830} INFO - Processing file /home/airflow/.local/lib/python3.8/site-packages/airflow/example_dags/example_setup_teardown.py for tasks to queue
[2025-01-14T00:16:44.029+0000] {logging_mixin.py:188} INFO - [2025-01-14T00:16:44.028+0000] {dagbag.py:538} INFO - Filling up the DagBag from /home/airflow/.local/lib/python3.8/site-packages/airflow/example_dags/example_setup_teardown.py
[2025-01-14T00:16:44.033+0000] {processor.py:840} INFO - DAG(s) 'example_setup_teardown' retrieved from /home/airflow/.local/lib/python3.8/site-packages/airflow/example_dags/example_setup_teardown.py
[2025-01-14T00:16:44.046+0000] {logging_mixin.py:188} INFO - [2025-01-14T00:16:44.046+0000] {dag.py:3036} INFO - Sync 1 DAGs
[2025-01-14T00:16:44.059+0000] {logging_mixin.py:188} INFO - [2025-01-14T00:16:44.059+0000] {dag.py:3823} INFO - Setting next_dagrun for example_setup_teardown to 2025-01-13 00:00:00+00:00, run_after=2025-01-14 00:00:00+00:00
[2025-01-14T00:16:44.071+0000] {processor.py:183} INFO - Processing /home/airflow/.local/lib/python3.8/site-packages/airflow/example_dags/example_setup_teardown.py took 0.046 seconds
[2025-01-14T00:17:15.161+0000] {processor.py:161} INFO - Started process (PID=1332) to work on /home/airflow/.local/lib/python3.8/site-packages/airflow/example_dags/example_setup_teardown.py
[2025-01-14T00:17:15.161+0000] {processor.py:830} INFO - Processing file /home/airflow/.local/lib/python3.8/site-packages/airflow/example_dags/example_setup_teardown.py for tasks to queue
[2025-01-14T00:17:15.162+0000] {logging_mixin.py:188} INFO - [2025-01-14T00:17:15.162+0000] {dagbag.py:538} INFO - Filling up the DagBag from /home/airflow/.local/lib/python3.8/site-packages/airflow/example_dags/example_setup_teardown.py
[2025-01-14T00:17:15.166+0000] {processor.py:840} INFO - DAG(s) 'example_setup_teardown' retrieved from /home/airflow/.local/lib/python3.8/site-packages/airflow/example_dags/example_setup_teardown.py
[2025-01-14T00:17:15.179+0000] {logging_mixin.py:188} INFO - [2025-01-14T00:17:15.179+0000] {dag.py:3036} INFO - Sync 1 DAGs
[2025-01-14T00:17:15.192+0000] {logging_mixin.py:188} INFO - [2025-01-14T00:17:15.192+0000] {dag.py:3823} INFO - Setting next_dagrun for example_setup_teardown to 2025-01-13 00:00:00+00:00, run_after=2025-01-14 00:00:00+00:00
[2025-01-14T00:17:15.204+0000] {processor.py:183} INFO - Processing /home/airflow/.local/lib/python3.8/site-packages/airflow/example_dags/example_setup_teardown.py took 0.045 seconds
[2025-01-14T00:17:46.216+0000] {processor.py:161} INFO - Started process (PID=1391) to work on /home/airflow/.local/lib/python3.8/site-packages/airflow/example_dags/example_setup_teardown.py
[2025-01-14T00:17:46.217+0000] {processor.py:830} INFO - Processing file /home/airflow/.local/lib/python3.8/site-packages/airflow/example_dags/example_setup_teardown.py for tasks to queue
[2025-01-14T00:17:46.218+0000] {logging_mixin.py:188} INFO - [2025-01-14T00:17:46.218+0000] {dagbag.py:538} INFO - Filling up the DagBag from /home/airflow/.local/lib/python3.8/site-packages/airflow/example_dags/example_setup_teardown.py
[2025-01-14T00:17:46.222+0000] {processor.py:840} INFO - DAG(s) 'example_setup_teardown' retrieved from /home/airflow/.local/lib/python3.8/site-packages/airflow/example_dags/example_setup_teardown.py
[2025-01-14T00:17:46.233+0000] {logging_mixin.py:188} INFO - [2025-01-14T00:17:46.233+0000] {dag.py:3036} INFO - Sync 1 DAGs
[2025-01-14T00:17:46.246+0000] {logging_mixin.py:188} INFO - [2025-01-14T00:17:46.246+0000] {dag.py:3823} INFO - Setting next_dagrun for example_setup_teardown to 2025-01-13 00:00:00+00:00, run_after=2025-01-14 00:00:00+00:00
[2025-01-14T00:17:46.259+0000] {processor.py:183} INFO - Processing /home/airflow/.local/lib/python3.8/site-packages/airflow/example_dags/example_setup_teardown.py took 0.045 seconds
[2025-01-14T00:18:16.713+0000] {processor.py:161} INFO - Started process (PID=1450) to work on /home/airflow/.local/lib/python3.8/site-packages/airflow/example_dags/example_setup_teardown.py
[2025-01-14T00:18:16.714+0000] {processor.py:830} INFO - Processing file /home/airflow/.local/lib/python3.8/site-packages/airflow/example_dags/example_setup_teardown.py for tasks to queue
[2025-01-14T00:18:16.715+0000] {logging_mixin.py:188} INFO - [2025-01-14T00:18:16.715+0000] {dagbag.py:538} INFO - Filling up the DagBag from /home/airflow/.local/lib/python3.8/site-packages/airflow/example_dags/example_setup_teardown.py
[2025-01-14T00:18:16.719+0000] {processor.py:840} INFO - DAG(s) 'example_setup_teardown' retrieved from /home/airflow/.local/lib/python3.8/site-packages/airflow/example_dags/example_setup_teardown.py
[2025-01-14T00:18:16.732+0000] {logging_mixin.py:188} INFO - [2025-01-14T00:18:16.732+0000] {dag.py:3036} INFO - Sync 1 DAGs
[2025-01-14T00:18:16.745+0000] {logging_mixin.py:188} INFO - [2025-01-14T00:18:16.745+0000] {dag.py:3823} INFO - Setting next_dagrun for example_setup_teardown to 2025-01-13 00:00:00+00:00, run_after=2025-01-14 00:00:00+00:00
[2025-01-14T00:18:16.757+0000] {processor.py:183} INFO - Processing /home/airflow/.local/lib/python3.8/site-packages/airflow/example_dags/example_setup_teardown.py took 0.045 seconds
[2025-01-14T00:18:47.920+0000] {processor.py:161} INFO - Started process (PID=1509) to work on /home/airflow/.local/lib/python3.8/site-packages/airflow/example_dags/example_setup_teardown.py
[2025-01-14T00:18:47.921+0000] {processor.py:830} INFO - Processing file /home/airflow/.local/lib/python3.8/site-packages/airflow/example_dags/example_setup_teardown.py for tasks to queue
[2025-01-14T00:18:47.922+0000] {logging_mixin.py:188} INFO - [2025-01-14T00:18:47.922+0000] {dagbag.py:538} INFO - Filling up the DagBag from /home/airflow/.local/lib/python3.8/site-packages/airflow/example_dags/example_setup_teardown.py
[2025-01-14T00:18:47.926+0000] {processor.py:840} INFO - DAG(s) 'example_setup_teardown' retrieved from /home/airflow/.local/lib/python3.8/site-packages/airflow/example_dags/example_setup_teardown.py
[2025-01-14T00:18:47.939+0000] {logging_mixin.py:188} INFO - [2025-01-14T00:18:47.939+0000] {dag.py:3036} INFO - Sync 1 DAGs
[2025-01-14T00:18:47.952+0000] {logging_mixin.py:188} INFO - [2025-01-14T00:18:47.952+0000] {dag.py:3823} INFO - Setting next_dagrun for example_setup_teardown to 2025-01-13 00:00:00+00:00, run_after=2025-01-14 00:00:00+00:00
[2025-01-14T00:18:47.965+0000] {processor.py:183} INFO - Processing /home/airflow/.local/lib/python3.8/site-packages/airflow/example_dags/example_setup_teardown.py took 0.046 seconds
[2025-01-14T00:19:19.109+0000] {processor.py:161} INFO - Started process (PID=1568) to work on /home/airflow/.local/lib/python3.8/site-packages/airflow/example_dags/example_setup_teardown.py
[2025-01-14T00:19:19.110+0000] {processor.py:830} INFO - Processing file /home/airflow/.local/lib/python3.8/site-packages/airflow/example_dags/example_setup_teardown.py for tasks to queue
[2025-01-14T00:19:19.111+0000] {logging_mixin.py:188} INFO - [2025-01-14T00:19:19.110+0000] {dagbag.py:538} INFO - Filling up the DagBag from /home/airflow/.local/lib/python3.8/site-packages/airflow/example_dags/example_setup_teardown.py
[2025-01-14T00:19:19.115+0000] {processor.py:840} INFO - DAG(s) 'example_setup_teardown' retrieved from /home/airflow/.local/lib/python3.8/site-packages/airflow/example_dags/example_setup_teardown.py
[2025-01-14T00:19:19.130+0000] {logging_mixin.py:188} INFO - [2025-01-14T00:19:19.129+0000] {dag.py:3036} INFO - Sync 1 DAGs
[2025-01-14T00:19:19.145+0000] {logging_mixin.py:188} INFO - [2025-01-14T00:19:19.145+0000] {dag.py:3823} INFO - Setting next_dagrun for example_setup_teardown to 2025-01-13 00:00:00+00:00, run_after=2025-01-14 00:00:00+00:00
[2025-01-14T00:19:19.159+0000] {processor.py:183} INFO - Processing /home/airflow/.local/lib/python3.8/site-packages/airflow/example_dags/example_setup_teardown.py took 0.052 seconds
[2025-01-14T00:19:50.425+0000] {processor.py:161} INFO - Started process (PID=1627) to work on /home/airflow/.local/lib/python3.8/site-packages/airflow/example_dags/example_setup_teardown.py
[2025-01-14T00:19:50.425+0000] {processor.py:830} INFO - Processing file /home/airflow/.local/lib/python3.8/site-packages/airflow/example_dags/example_setup_teardown.py for tasks to queue
[2025-01-14T00:19:50.426+0000] {logging_mixin.py:188} INFO - [2025-01-14T00:19:50.426+0000] {dagbag.py:538} INFO - Filling up the DagBag from /home/airflow/.local/lib/python3.8/site-packages/airflow/example_dags/example_setup_teardown.py
[2025-01-14T00:19:50.430+0000] {processor.py:840} INFO - DAG(s) 'example_setup_teardown' retrieved from /home/airflow/.local/lib/python3.8/site-packages/airflow/example_dags/example_setup_teardown.py
[2025-01-14T00:19:50.443+0000] {logging_mixin.py:188} INFO - [2025-01-14T00:19:50.443+0000] {dag.py:3036} INFO - Sync 1 DAGs
[2025-01-14T00:19:50.456+0000] {logging_mixin.py:188} INFO - [2025-01-14T00:19:50.456+0000] {dag.py:3823} INFO - Setting next_dagrun for example_setup_teardown to 2025-01-13 00:00:00+00:00, run_after=2025-01-14 00:00:00+00:00
[2025-01-14T00:19:50.469+0000] {processor.py:183} INFO - Processing /home/airflow/.local/lib/python3.8/site-packages/airflow/example_dags/example_setup_teardown.py took 0.046 seconds
[2025-01-14T00:20:22.132+0000] {processor.py:161} INFO - Started process (PID=1686) to work on /home/airflow/.local/lib/python3.8/site-packages/airflow/example_dags/example_setup_teardown.py
[2025-01-14T00:20:22.132+0000] {processor.py:830} INFO - Processing file /home/airflow/.local/lib/python3.8/site-packages/airflow/example_dags/example_setup_teardown.py for tasks to queue
[2025-01-14T00:20:22.133+0000] {logging_mixin.py:188} INFO - [2025-01-14T00:20:22.133+0000] {dagbag.py:538} INFO - Filling up the DagBag from /home/airflow/.local/lib/python3.8/site-packages/airflow/example_dags/example_setup_teardown.py
[2025-01-14T00:20:22.137+0000] {processor.py:840} INFO - DAG(s) 'example_setup_teardown' retrieved from /home/airflow/.local/lib/python3.8/site-packages/airflow/example_dags/example_setup_teardown.py
[2025-01-14T00:20:22.153+0000] {logging_mixin.py:188} INFO - [2025-01-14T00:20:22.152+0000] {dag.py:3036} INFO - Sync 1 DAGs
[2025-01-14T00:20:22.168+0000] {logging_mixin.py:188} INFO - [2025-01-14T00:20:22.168+0000] {dag.py:3823} INFO - Setting next_dagrun for example_setup_teardown to 2025-01-13 00:00:00+00:00, run_after=2025-01-14 00:00:00+00:00
[2025-01-14T00:20:22.182+0000] {processor.py:183} INFO - Processing /home/airflow/.local/lib/python3.8/site-packages/airflow/example_dags/example_setup_teardown.py took 0.052 seconds
[2025-01-14T00:20:52.240+0000] {processor.py:161} INFO - Started process (PID=1745) to work on /home/airflow/.local/lib/python3.8/site-packages/airflow/example_dags/example_setup_teardown.py
[2025-01-14T00:20:52.241+0000] {processor.py:830} INFO - Processing file /home/airflow/.local/lib/python3.8/site-packages/airflow/example_dags/example_setup_teardown.py for tasks to queue
[2025-01-14T00:20:52.241+0000] {logging_mixin.py:188} INFO - [2025-01-14T00:20:52.241+0000] {dagbag.py:538} INFO - Filling up the DagBag from /home/airflow/.local/lib/python3.8/site-packages/airflow/example_dags/example_setup_teardown.py
[2025-01-14T00:20:52.245+0000] {processor.py:840} INFO - DAG(s) 'example_setup_teardown' retrieved from /home/airflow/.local/lib/python3.8/site-packages/airflow/example_dags/example_setup_teardown.py
[2025-01-14T00:20:52.259+0000] {logging_mixin.py:188} INFO - [2025-01-14T00:20:52.258+0000] {dag.py:3036} INFO - Sync 1 DAGs
[2025-01-14T00:20:52.272+0000] {logging_mixin.py:188} INFO - [2025-01-14T00:20:52.272+0000] {dag.py:3823} INFO - Setting next_dagrun for example_setup_teardown to 2025-01-13 00:00:00+00:00, run_after=2025-01-14 00:00:00+00:00
[2025-01-14T00:20:52.284+0000] {processor.py:183} INFO - Processing /home/airflow/.local/lib/python3.8/site-packages/airflow/example_dags/example_setup_teardown.py took 0.046 seconds
[2025-01-14T00:21:23.160+0000] {processor.py:161} INFO - Started process (PID=1804) to work on /home/airflow/.local/lib/python3.8/site-packages/airflow/example_dags/example_setup_teardown.py
[2025-01-14T00:21:23.161+0000] {processor.py:830} INFO - Processing file /home/airflow/.local/lib/python3.8/site-packages/airflow/example_dags/example_setup_teardown.py for tasks to queue
[2025-01-14T00:21:23.162+0000] {logging_mixin.py:188} INFO - [2025-01-14T00:21:23.162+0000] {dagbag.py:538} INFO - Filling up the DagBag from /home/airflow/.local/lib/python3.8/site-packages/airflow/example_dags/example_setup_teardown.py
[2025-01-14T00:21:23.166+0000] {processor.py:840} INFO - DAG(s) 'example_setup_teardown' retrieved from /home/airflow/.local/lib/python3.8/site-packages/airflow/example_dags/example_setup_teardown.py
[2025-01-14T00:21:23.179+0000] {logging_mixin.py:188} INFO - [2025-01-14T00:21:23.179+0000] {dag.py:3036} INFO - Sync 1 DAGs
[2025-01-14T00:21:23.192+0000] {logging_mixin.py:188} INFO - [2025-01-14T00:21:23.192+0000] {dag.py:3823} INFO - Setting next_dagrun for example_setup_teardown to 2025-01-13 00:00:00+00:00, run_after=2025-01-14 00:00:00+00:00
[2025-01-14T00:21:23.205+0000] {processor.py:183} INFO - Processing /home/airflow/.local/lib/python3.8/site-packages/airflow/example_dags/example_setup_teardown.py took 0.047 seconds
[2025-01-14T00:21:54.616+0000] {processor.py:161} INFO - Started process (PID=1863) to work on /home/airflow/.local/lib/python3.8/site-packages/airflow/example_dags/example_setup_teardown.py
[2025-01-14T00:21:54.617+0000] {processor.py:830} INFO - Processing file /home/airflow/.local/lib/python3.8/site-packages/airflow/example_dags/example_setup_teardown.py for tasks to queue
[2025-01-14T00:21:54.618+0000] {logging_mixin.py:188} INFO - [2025-01-14T00:21:54.618+0000] {dagbag.py:538} INFO - Filling up the DagBag from /home/airflow/.local/lib/python3.8/site-packages/airflow/example_dags/example_setup_teardown.py
[2025-01-14T00:21:54.622+0000] {processor.py:840} INFO - DAG(s) 'example_setup_teardown' retrieved from /home/airflow/.local/lib/python3.8/site-packages/airflow/example_dags/example_setup_teardown.py
[2025-01-14T00:21:54.636+0000] {logging_mixin.py:188} INFO - [2025-01-14T00:21:54.635+0000] {dag.py:3036} INFO - Sync 1 DAGs
[2025-01-14T00:21:54.649+0000] {logging_mixin.py:188} INFO - [2025-01-14T00:21:54.649+0000] {dag.py:3823} INFO - Setting next_dagrun for example_setup_teardown to 2025-01-13 00:00:00+00:00, run_after=2025-01-14 00:00:00+00:00
[2025-01-14T00:21:54.661+0000] {processor.py:183} INFO - Processing /home/airflow/.local/lib/python3.8/site-packages/airflow/example_dags/example_setup_teardown.py took 0.047 seconds
[2025-01-14T00:22:25.817+0000] {processor.py:161} INFO - Started process (PID=1922) to work on /home/airflow/.local/lib/python3.8/site-packages/airflow/example_dags/example_setup_teardown.py
[2025-01-14T00:22:25.818+0000] {processor.py:830} INFO - Processing file /home/airflow/.local/lib/python3.8/site-packages/airflow/example_dags/example_setup_teardown.py for tasks to queue
[2025-01-14T00:22:25.819+0000] {logging_mixin.py:188} INFO - [2025-01-14T00:22:25.819+0000] {dagbag.py:538} INFO - Filling up the DagBag from /home/airflow/.local/lib/python3.8/site-packages/airflow/example_dags/example_setup_teardown.py
[2025-01-14T00:22:25.823+0000] {processor.py:840} INFO - DAG(s) 'example_setup_teardown' retrieved from /home/airflow/.local/lib/python3.8/site-packages/airflow/example_dags/example_setup_teardown.py
[2025-01-14T00:22:25.837+0000] {logging_mixin.py:188} INFO - [2025-01-14T00:22:25.836+0000] {dag.py:3036} INFO - Sync 1 DAGs
[2025-01-14T00:22:25.850+0000] {logging_mixin.py:188} INFO - [2025-01-14T00:22:25.849+0000] {dag.py:3823} INFO - Setting next_dagrun for example_setup_teardown to 2025-01-13 00:00:00+00:00, run_after=2025-01-14 00:00:00+00:00
[2025-01-14T00:22:25.861+0000] {processor.py:183} INFO - Processing /home/airflow/.local/lib/python3.8/site-packages/airflow/example_dags/example_setup_teardown.py took 0.046 seconds
[2025-01-14T00:22:56.924+0000] {processor.py:161} INFO - Started process (PID=1981) to work on /home/airflow/.local/lib/python3.8/site-packages/airflow/example_dags/example_setup_teardown.py
[2025-01-14T00:22:56.924+0000] {processor.py:830} INFO - Processing file /home/airflow/.local/lib/python3.8/site-packages/airflow/example_dags/example_setup_teardown.py for tasks to queue
[2025-01-14T00:22:56.925+0000] {logging_mixin.py:188} INFO - [2025-01-14T00:22:56.925+0000] {dagbag.py:538} INFO - Filling up the DagBag from /home/airflow/.local/lib/python3.8/site-packages/airflow/example_dags/example_setup_teardown.py
[2025-01-14T00:22:56.929+0000] {processor.py:840} INFO - DAG(s) 'example_setup_teardown' retrieved from /home/airflow/.local/lib/python3.8/site-packages/airflow/example_dags/example_setup_teardown.py
[2025-01-14T00:22:56.943+0000] {logging_mixin.py:188} INFO - [2025-01-14T00:22:56.943+0000] {dag.py:3036} INFO - Sync 1 DAGs
[2025-01-14T00:22:56.956+0000] {logging_mixin.py:188} INFO - [2025-01-14T00:22:56.955+0000] {dag.py:3823} INFO - Setting next_dagrun for example_setup_teardown to 2025-01-13 00:00:00+00:00, run_after=2025-01-14 00:00:00+00:00
[2025-01-14T00:22:56.967+0000] {processor.py:183} INFO - Processing /home/airflow/.local/lib/python3.8/site-packages/airflow/example_dags/example_setup_teardown.py took 0.046 seconds
[2025-01-14T00:23:28.112+0000] {processor.py:161} INFO - Started process (PID=2040) to work on /home/airflow/.local/lib/python3.8/site-packages/airflow/example_dags/example_setup_teardown.py
[2025-01-14T00:23:28.113+0000] {processor.py:830} INFO - Processing file /home/airflow/.local/lib/python3.8/site-packages/airflow/example_dags/example_setup_teardown.py for tasks to queue
[2025-01-14T00:23:28.114+0000] {logging_mixin.py:188} INFO - [2025-01-14T00:23:28.113+0000] {dagbag.py:538} INFO - Filling up the DagBag from /home/airflow/.local/lib/python3.8/site-packages/airflow/example_dags/example_setup_teardown.py
[2025-01-14T00:23:28.118+0000] {processor.py:840} INFO - DAG(s) 'example_setup_teardown' retrieved from /home/airflow/.local/lib/python3.8/site-packages/airflow/example_dags/example_setup_teardown.py
[2025-01-14T00:23:28.132+0000] {logging_mixin.py:188} INFO - [2025-01-14T00:23:28.132+0000] {dag.py:3036} INFO - Sync 1 DAGs
[2025-01-14T00:23:28.145+0000] {logging_mixin.py:188} INFO - [2025-01-14T00:23:28.145+0000] {dag.py:3823} INFO - Setting next_dagrun for example_setup_teardown to 2025-01-13 00:00:00+00:00, run_after=2025-01-14 00:00:00+00:00
[2025-01-14T00:23:28.158+0000] {processor.py:183} INFO - Processing /home/airflow/.local/lib/python3.8/site-packages/airflow/example_dags/example_setup_teardown.py took 0.048 seconds
[2025-01-14T00:23:59.228+0000] {processor.py:161} INFO - Started process (PID=2099) to work on /home/airflow/.local/lib/python3.8/site-packages/airflow/example_dags/example_setup_teardown.py
[2025-01-14T00:23:59.229+0000] {processor.py:830} INFO - Processing file /home/airflow/.local/lib/python3.8/site-packages/airflow/example_dags/example_setup_teardown.py for tasks to queue
[2025-01-14T00:23:59.230+0000] {logging_mixin.py:188} INFO - [2025-01-14T00:23:59.229+0000] {dagbag.py:538} INFO - Filling up the DagBag from /home/airflow/.local/lib/python3.8/site-packages/airflow/example_dags/example_setup_teardown.py
[2025-01-14T00:23:59.234+0000] {processor.py:840} INFO - DAG(s) 'example_setup_teardown' retrieved from /home/airflow/.local/lib/python3.8/site-packages/airflow/example_dags/example_setup_teardown.py
[2025-01-14T00:23:59.247+0000] {logging_mixin.py:188} INFO - [2025-01-14T00:23:59.247+0000] {dag.py:3036} INFO - Sync 1 DAGs
[2025-01-14T00:23:59.260+0000] {logging_mixin.py:188} INFO - [2025-01-14T00:23:59.259+0000] {dag.py:3823} INFO - Setting next_dagrun for example_setup_teardown to 2025-01-13 00:00:00+00:00, run_after=2025-01-14 00:00:00+00:00
[2025-01-14T00:23:59.272+0000] {processor.py:183} INFO - Processing /home/airflow/.local/lib/python3.8/site-packages/airflow/example_dags/example_setup_teardown.py took 0.046 seconds
[2025-01-14T00:24:30.276+0000] {processor.py:161} INFO - Started process (PID=2158) to work on /home/airflow/.local/lib/python3.8/site-packages/airflow/example_dags/example_setup_teardown.py
[2025-01-14T00:24:30.276+0000] {processor.py:830} INFO - Processing file /home/airflow/.local/lib/python3.8/site-packages/airflow/example_dags/example_setup_teardown.py for tasks to queue
[2025-01-14T00:24:30.277+0000] {logging_mixin.py:188} INFO - [2025-01-14T00:24:30.277+0000] {dagbag.py:538} INFO - Filling up the DagBag from /home/airflow/.local/lib/python3.8/site-packages/airflow/example_dags/example_setup_teardown.py
[2025-01-14T00:24:30.281+0000] {processor.py:840} INFO - DAG(s) 'example_setup_teardown' retrieved from /home/airflow/.local/lib/python3.8/site-packages/airflow/example_dags/example_setup_teardown.py
[2025-01-14T00:24:30.293+0000] {logging_mixin.py:188} INFO - [2025-01-14T00:24:30.293+0000] {dag.py:3036} INFO - Sync 1 DAGs
[2025-01-14T00:24:30.307+0000] {logging_mixin.py:188} INFO - [2025-01-14T00:24:30.306+0000] {dag.py:3823} INFO - Setting next_dagrun for example_setup_teardown to 2025-01-13 00:00:00+00:00, run_after=2025-01-14 00:00:00+00:00
[2025-01-14T00:24:30.319+0000] {processor.py:183} INFO - Processing /home/airflow/.local/lib/python3.8/site-packages/airflow/example_dags/example_setup_teardown.py took 0.045 seconds
[2025-01-14T00:25:00.650+0000] {processor.py:161} INFO - Started process (PID=2217) to work on /home/airflow/.local/lib/python3.8/site-packages/airflow/example_dags/example_setup_teardown.py
[2025-01-14T00:25:00.651+0000] {processor.py:830} INFO - Processing file /home/airflow/.local/lib/python3.8/site-packages/airflow/example_dags/example_setup_teardown.py for tasks to queue
[2025-01-14T00:25:00.652+0000] {logging_mixin.py:188} INFO - [2025-01-14T00:25:00.652+0000] {dagbag.py:538} INFO - Filling up the DagBag from /home/airflow/.local/lib/python3.8/site-packages/airflow/example_dags/example_setup_teardown.py
[2025-01-14T00:25:00.656+0000] {processor.py:840} INFO - DAG(s) 'example_setup_teardown' retrieved from /home/airflow/.local/lib/python3.8/site-packages/airflow/example_dags/example_setup_teardown.py
[2025-01-14T00:25:00.669+0000] {logging_mixin.py:188} INFO - [2025-01-14T00:25:00.669+0000] {dag.py:3036} INFO - Sync 1 DAGs
[2025-01-14T00:25:00.683+0000] {logging_mixin.py:188} INFO - [2025-01-14T00:25:00.682+0000] {dag.py:3823} INFO - Setting next_dagrun for example_setup_teardown to 2025-01-13 00:00:00+00:00, run_after=2025-01-14 00:00:00+00:00
[2025-01-14T00:25:00.696+0000] {processor.py:183} INFO - Processing /home/airflow/.local/lib/python3.8/site-packages/airflow/example_dags/example_setup_teardown.py took 0.048 seconds
[2025-01-14T00:25:31.606+0000] {processor.py:161} INFO - Started process (PID=2276) to work on /home/airflow/.local/lib/python3.8/site-packages/airflow/example_dags/example_setup_teardown.py
[2025-01-14T00:25:31.607+0000] {processor.py:830} INFO - Processing file /home/airflow/.local/lib/python3.8/site-packages/airflow/example_dags/example_setup_teardown.py for tasks to queue
[2025-01-14T00:25:31.608+0000] {logging_mixin.py:188} INFO - [2025-01-14T00:25:31.607+0000] {dagbag.py:538} INFO - Filling up the DagBag from /home/airflow/.local/lib/python3.8/site-packages/airflow/example_dags/example_setup_teardown.py
[2025-01-14T00:25:31.612+0000] {processor.py:840} INFO - DAG(s) 'example_setup_teardown' retrieved from /home/airflow/.local/lib/python3.8/site-packages/airflow/example_dags/example_setup_teardown.py
[2025-01-14T00:25:31.624+0000] {logging_mixin.py:188} INFO - [2025-01-14T00:25:31.624+0000] {dag.py:3036} INFO - Sync 1 DAGs
[2025-01-14T00:25:31.637+0000] {logging_mixin.py:188} INFO - [2025-01-14T00:25:31.637+0000] {dag.py:3823} INFO - Setting next_dagrun for example_setup_teardown to 2025-01-13 00:00:00+00:00, run_after=2025-01-14 00:00:00+00:00
[2025-01-14T00:25:31.650+0000] {processor.py:183} INFO - Processing /home/airflow/.local/lib/python3.8/site-packages/airflow/example_dags/example_setup_teardown.py took 0.046 seconds
[2025-01-14T00:26:03.228+0000] {processor.py:161} INFO - Started process (PID=2337) to work on /home/airflow/.local/lib/python3.8/site-packages/airflow/example_dags/example_setup_teardown.py
[2025-01-14T00:26:03.229+0000] {processor.py:830} INFO - Processing file /home/airflow/.local/lib/python3.8/site-packages/airflow/example_dags/example_setup_teardown.py for tasks to queue
[2025-01-14T00:26:03.230+0000] {logging_mixin.py:188} INFO - [2025-01-14T00:26:03.230+0000] {dagbag.py:538} INFO - Filling up the DagBag from /home/airflow/.local/lib/python3.8/site-packages/airflow/example_dags/example_setup_teardown.py
[2025-01-14T00:26:03.234+0000] {processor.py:840} INFO - DAG(s) 'example_setup_teardown' retrieved from /home/airflow/.local/lib/python3.8/site-packages/airflow/example_dags/example_setup_teardown.py
[2025-01-14T00:26:03.247+0000] {logging_mixin.py:188} INFO - [2025-01-14T00:26:03.247+0000] {dag.py:3036} INFO - Sync 1 DAGs
[2025-01-14T00:26:03.261+0000] {logging_mixin.py:188} INFO - [2025-01-14T00:26:03.261+0000] {dag.py:3823} INFO - Setting next_dagrun for example_setup_teardown to 2025-01-13 00:00:00+00:00, run_after=2025-01-14 00:00:00+00:00
[2025-01-14T00:26:03.278+0000] {processor.py:183} INFO - Processing /home/airflow/.local/lib/python3.8/site-packages/airflow/example_dags/example_setup_teardown.py took 0.052 seconds
[2025-01-14T00:26:34.181+0000] {processor.py:161} INFO - Started process (PID=2396) to work on /home/airflow/.local/lib/python3.8/site-packages/airflow/example_dags/example_setup_teardown.py
[2025-01-14T00:26:34.182+0000] {processor.py:830} INFO - Processing file /home/airflow/.local/lib/python3.8/site-packages/airflow/example_dags/example_setup_teardown.py for tasks to queue
[2025-01-14T00:26:34.183+0000] {logging_mixin.py:188} INFO - [2025-01-14T00:26:34.183+0000] {dagbag.py:538} INFO - Filling up the DagBag from /home/airflow/.local/lib/python3.8/site-packages/airflow/example_dags/example_setup_teardown.py
[2025-01-14T00:26:34.187+0000] {processor.py:840} INFO - DAG(s) 'example_setup_teardown' retrieved from /home/airflow/.local/lib/python3.8/site-packages/airflow/example_dags/example_setup_teardown.py
[2025-01-14T00:26:34.201+0000] {logging_mixin.py:188} INFO - [2025-01-14T00:26:34.200+0000] {dag.py:3036} INFO - Sync 1 DAGs
[2025-01-14T00:26:34.312+0000] {logging_mixin.py:188} INFO - [2025-01-14T00:26:34.311+0000] {dag.py:3823} INFO - Setting next_dagrun for example_setup_teardown to 2025-01-13 00:00:00+00:00, run_after=2025-01-14 00:00:00+00:00
[2025-01-14T00:26:34.324+0000] {processor.py:183} INFO - Processing /home/airflow/.local/lib/python3.8/site-packages/airflow/example_dags/example_setup_teardown.py took 0.145 seconds
[2025-01-14T00:27:04.817+0000] {processor.py:161} INFO - Started process (PID=2455) to work on /home/airflow/.local/lib/python3.8/site-packages/airflow/example_dags/example_setup_teardown.py
[2025-01-14T00:27:04.817+0000] {processor.py:830} INFO - Processing file /home/airflow/.local/lib/python3.8/site-packages/airflow/example_dags/example_setup_teardown.py for tasks to queue
[2025-01-14T00:27:04.818+0000] {logging_mixin.py:188} INFO - [2025-01-14T00:27:04.818+0000] {dagbag.py:538} INFO - Filling up the DagBag from /home/airflow/.local/lib/python3.8/site-packages/airflow/example_dags/example_setup_teardown.py
[2025-01-14T00:27:04.822+0000] {processor.py:840} INFO - DAG(s) 'example_setup_teardown' retrieved from /home/airflow/.local/lib/python3.8/site-packages/airflow/example_dags/example_setup_teardown.py
[2025-01-14T00:27:04.838+0000] {logging_mixin.py:188} INFO - [2025-01-14T00:27:04.838+0000] {dag.py:3036} INFO - Sync 1 DAGs
[2025-01-14T00:27:04.852+0000] {logging_mixin.py:188} INFO - [2025-01-14T00:27:04.852+0000] {dag.py:3823} INFO - Setting next_dagrun for example_setup_teardown to 2025-01-13 00:00:00+00:00, run_after=2025-01-14 00:00:00+00:00
[2025-01-14T00:27:04.974+0000] {processor.py:183} INFO - Processing /home/airflow/.local/lib/python3.8/site-packages/airflow/example_dags/example_setup_teardown.py took 0.160 seconds
[2025-01-14T00:27:35.527+0000] {processor.py:161} INFO - Started process (PID=2514) to work on /home/airflow/.local/lib/python3.8/site-packages/airflow/example_dags/example_setup_teardown.py
[2025-01-14T00:27:35.528+0000] {processor.py:830} INFO - Processing file /home/airflow/.local/lib/python3.8/site-packages/airflow/example_dags/example_setup_teardown.py for tasks to queue
[2025-01-14T00:27:35.529+0000] {logging_mixin.py:188} INFO - [2025-01-14T00:27:35.529+0000] {dagbag.py:538} INFO - Filling up the DagBag from /home/airflow/.local/lib/python3.8/site-packages/airflow/example_dags/example_setup_teardown.py
[2025-01-14T00:27:35.536+0000] {processor.py:840} INFO - DAG(s) 'example_setup_teardown' retrieved from /home/airflow/.local/lib/python3.8/site-packages/airflow/example_dags/example_setup_teardown.py
[2025-01-14T00:27:35.552+0000] {logging_mixin.py:188} INFO - [2025-01-14T00:27:35.552+0000] {dag.py:3036} INFO - Sync 1 DAGs
[2025-01-14T00:27:35.568+0000] {logging_mixin.py:188} INFO - [2025-01-14T00:27:35.568+0000] {dag.py:3823} INFO - Setting next_dagrun for example_setup_teardown to 2025-01-13 00:00:00+00:00, run_after=2025-01-14 00:00:00+00:00
[2025-01-14T00:27:35.584+0000] {processor.py:183} INFO - Processing /home/airflow/.local/lib/python3.8/site-packages/airflow/example_dags/example_setup_teardown.py took 0.060 seconds
