[2025-01-14T00:00:09.389+0000] {processor.py:161} INFO - Started process (PID=10574) to work on /home/airflow/.local/lib/python3.8/site-packages/airflow/example_dags/example_local_kubernetes_executor.py
[2025-01-14T00:00:09.390+0000] {processor.py:830} INFO - Processing file /home/airflow/.local/lib/python3.8/site-packages/airflow/example_dags/example_local_kubernetes_executor.py for tasks to queue
[2025-01-14T00:00:09.390+0000] {logging_mixin.py:188} INFO - [2025-01-14T00:00:09.390+0000] {dagbag.py:538} INFO - Filling up the DagBag from /home/airflow/.local/lib/python3.8/site-packages/airflow/example_dags/example_local_kubernetes_executor.py
[2025-01-14T00:00:09.397+0000] {processor.py:840} INFO - DAG(s) 'example_local_kubernetes_executor' retrieved from /home/airflow/.local/lib/python3.8/site-packages/airflow/example_dags/example_local_kubernetes_executor.py
[2025-01-14T00:00:09.424+0000] {logging_mixin.py:188} INFO - [2025-01-14T00:00:09.424+0000] {dag.py:3036} INFO - Sync 1 DAGs
[2025-01-14T00:00:09.433+0000] {logging_mixin.py:188} INFO - [2025-01-14T00:00:09.432+0000] {dag.py:3823} INFO - Setting next_dagrun for example_local_kubernetes_executor to None, run_after=None
[2025-01-14T00:00:09.447+0000] {processor.py:183} INFO - Processing /home/airflow/.local/lib/python3.8/site-packages/airflow/example_dags/example_local_kubernetes_executor.py took 0.060 seconds
[2025-01-14T00:00:40.400+0000] {processor.py:161} INFO - Started process (PID=10633) to work on /home/airflow/.local/lib/python3.8/site-packages/airflow/example_dags/example_local_kubernetes_executor.py
[2025-01-14T00:00:40.400+0000] {processor.py:830} INFO - Processing file /home/airflow/.local/lib/python3.8/site-packages/airflow/example_dags/example_local_kubernetes_executor.py for tasks to queue
[2025-01-14T00:00:40.401+0000] {logging_mixin.py:188} INFO - [2025-01-14T00:00:40.401+0000] {dagbag.py:538} INFO - Filling up the DagBag from /home/airflow/.local/lib/python3.8/site-packages/airflow/example_dags/example_local_kubernetes_executor.py
[2025-01-14T00:00:40.406+0000] {processor.py:840} INFO - DAG(s) 'example_local_kubernetes_executor' retrieved from /home/airflow/.local/lib/python3.8/site-packages/airflow/example_dags/example_local_kubernetes_executor.py
[2025-01-14T00:00:40.426+0000] {logging_mixin.py:188} INFO - [2025-01-14T00:00:40.426+0000] {dag.py:3036} INFO - Sync 1 DAGs
[2025-01-14T00:00:40.434+0000] {logging_mixin.py:188} INFO - [2025-01-14T00:00:40.434+0000] {dag.py:3823} INFO - Setting next_dagrun for example_local_kubernetes_executor to None, run_after=None
[2025-01-14T00:00:40.448+0000] {processor.py:183} INFO - Processing /home/airflow/.local/lib/python3.8/site-packages/airflow/example_dags/example_local_kubernetes_executor.py took 0.050 seconds
[2025-01-14T00:01:10.492+0000] {processor.py:161} INFO - Started process (PID=10690) to work on /home/airflow/.local/lib/python3.8/site-packages/airflow/example_dags/example_local_kubernetes_executor.py
[2025-01-14T00:01:10.492+0000] {processor.py:830} INFO - Processing file /home/airflow/.local/lib/python3.8/site-packages/airflow/example_dags/example_local_kubernetes_executor.py for tasks to queue
[2025-01-14T00:01:10.493+0000] {logging_mixin.py:188} INFO - [2025-01-14T00:01:10.493+0000] {dagbag.py:538} INFO - Filling up the DagBag from /home/airflow/.local/lib/python3.8/site-packages/airflow/example_dags/example_local_kubernetes_executor.py
[2025-01-14T00:01:10.498+0000] {processor.py:840} INFO - DAG(s) 'example_local_kubernetes_executor' retrieved from /home/airflow/.local/lib/python3.8/site-packages/airflow/example_dags/example_local_kubernetes_executor.py
[2025-01-14T00:01:10.520+0000] {logging_mixin.py:188} INFO - [2025-01-14T00:01:10.520+0000] {dag.py:3036} INFO - Sync 1 DAGs
[2025-01-14T00:01:10.529+0000] {logging_mixin.py:188} INFO - [2025-01-14T00:01:10.529+0000] {dag.py:3823} INFO - Setting next_dagrun for example_local_kubernetes_executor to None, run_after=None
[2025-01-14T00:01:10.541+0000] {processor.py:183} INFO - Processing /home/airflow/.local/lib/python3.8/site-packages/airflow/example_dags/example_local_kubernetes_executor.py took 0.052 seconds
[2025-01-14T00:01:40.563+0000] {processor.py:161} INFO - Started process (PID=10749) to work on /home/airflow/.local/lib/python3.8/site-packages/airflow/example_dags/example_local_kubernetes_executor.py
[2025-01-14T00:01:40.563+0000] {processor.py:830} INFO - Processing file /home/airflow/.local/lib/python3.8/site-packages/airflow/example_dags/example_local_kubernetes_executor.py for tasks to queue
[2025-01-14T00:01:40.564+0000] {logging_mixin.py:188} INFO - [2025-01-14T00:01:40.563+0000] {dagbag.py:538} INFO - Filling up the DagBag from /home/airflow/.local/lib/python3.8/site-packages/airflow/example_dags/example_local_kubernetes_executor.py
[2025-01-14T00:01:40.568+0000] {processor.py:840} INFO - DAG(s) 'example_local_kubernetes_executor' retrieved from /home/airflow/.local/lib/python3.8/site-packages/airflow/example_dags/example_local_kubernetes_executor.py
[2025-01-14T00:01:40.588+0000] {logging_mixin.py:188} INFO - [2025-01-14T00:01:40.588+0000] {dag.py:3036} INFO - Sync 1 DAGs
[2025-01-14T00:01:40.596+0000] {logging_mixin.py:188} INFO - [2025-01-14T00:01:40.595+0000] {dag.py:3823} INFO - Setting next_dagrun for example_local_kubernetes_executor to None, run_after=None
[2025-01-14T00:01:40.608+0000] {processor.py:183} INFO - Processing /home/airflow/.local/lib/python3.8/site-packages/airflow/example_dags/example_local_kubernetes_executor.py took 0.048 seconds
[2025-01-14T00:02:11.410+0000] {processor.py:161} INFO - Started process (PID=10808) to work on /home/airflow/.local/lib/python3.8/site-packages/airflow/example_dags/example_local_kubernetes_executor.py
[2025-01-14T00:02:11.411+0000] {processor.py:830} INFO - Processing file /home/airflow/.local/lib/python3.8/site-packages/airflow/example_dags/example_local_kubernetes_executor.py for tasks to queue
[2025-01-14T00:02:11.412+0000] {logging_mixin.py:188} INFO - [2025-01-14T00:02:11.412+0000] {dagbag.py:538} INFO - Filling up the DagBag from /home/airflow/.local/lib/python3.8/site-packages/airflow/example_dags/example_local_kubernetes_executor.py
[2025-01-14T00:02:11.417+0000] {processor.py:840} INFO - DAG(s) 'example_local_kubernetes_executor' retrieved from /home/airflow/.local/lib/python3.8/site-packages/airflow/example_dags/example_local_kubernetes_executor.py
[2025-01-14T00:02:11.442+0000] {logging_mixin.py:188} INFO - [2025-01-14T00:02:11.442+0000] {dag.py:3036} INFO - Sync 1 DAGs
[2025-01-14T00:02:11.450+0000] {logging_mixin.py:188} INFO - [2025-01-14T00:02:11.450+0000] {dag.py:3823} INFO - Setting next_dagrun for example_local_kubernetes_executor to None, run_after=None
[2025-01-14T00:02:11.464+0000] {processor.py:183} INFO - Processing /home/airflow/.local/lib/python3.8/site-packages/airflow/example_dags/example_local_kubernetes_executor.py took 0.056 seconds
[2025-01-14T00:02:42.319+0000] {processor.py:161} INFO - Started process (PID=10867) to work on /home/airflow/.local/lib/python3.8/site-packages/airflow/example_dags/example_local_kubernetes_executor.py
[2025-01-14T00:02:42.320+0000] {processor.py:830} INFO - Processing file /home/airflow/.local/lib/python3.8/site-packages/airflow/example_dags/example_local_kubernetes_executor.py for tasks to queue
[2025-01-14T00:02:42.321+0000] {logging_mixin.py:188} INFO - [2025-01-14T00:02:42.320+0000] {dagbag.py:538} INFO - Filling up the DagBag from /home/airflow/.local/lib/python3.8/site-packages/airflow/example_dags/example_local_kubernetes_executor.py
[2025-01-14T00:02:42.325+0000] {processor.py:840} INFO - DAG(s) 'example_local_kubernetes_executor' retrieved from /home/airflow/.local/lib/python3.8/site-packages/airflow/example_dags/example_local_kubernetes_executor.py
[2025-01-14T00:02:42.346+0000] {logging_mixin.py:188} INFO - [2025-01-14T00:02:42.346+0000] {dag.py:3036} INFO - Sync 1 DAGs
[2025-01-14T00:02:42.354+0000] {logging_mixin.py:188} INFO - [2025-01-14T00:02:42.353+0000] {dag.py:3823} INFO - Setting next_dagrun for example_local_kubernetes_executor to None, run_after=None
[2025-01-14T00:02:42.366+0000] {processor.py:183} INFO - Processing /home/airflow/.local/lib/python3.8/site-packages/airflow/example_dags/example_local_kubernetes_executor.py took 0.049 seconds
[2025-01-14T00:03:12.580+0000] {processor.py:161} INFO - Started process (PID=10926) to work on /home/airflow/.local/lib/python3.8/site-packages/airflow/example_dags/example_local_kubernetes_executor.py
[2025-01-14T00:03:12.580+0000] {processor.py:830} INFO - Processing file /home/airflow/.local/lib/python3.8/site-packages/airflow/example_dags/example_local_kubernetes_executor.py for tasks to queue
[2025-01-14T00:03:12.581+0000] {logging_mixin.py:188} INFO - [2025-01-14T00:03:12.581+0000] {dagbag.py:538} INFO - Filling up the DagBag from /home/airflow/.local/lib/python3.8/site-packages/airflow/example_dags/example_local_kubernetes_executor.py
[2025-01-14T00:03:12.586+0000] {processor.py:840} INFO - DAG(s) 'example_local_kubernetes_executor' retrieved from /home/airflow/.local/lib/python3.8/site-packages/airflow/example_dags/example_local_kubernetes_executor.py
[2025-01-14T00:03:12.606+0000] {logging_mixin.py:188} INFO - [2025-01-14T00:03:12.606+0000] {dag.py:3036} INFO - Sync 1 DAGs
[2025-01-14T00:03:12.614+0000] {logging_mixin.py:188} INFO - [2025-01-14T00:03:12.614+0000] {dag.py:3823} INFO - Setting next_dagrun for example_local_kubernetes_executor to None, run_after=None
[2025-01-14T00:03:12.625+0000] {processor.py:183} INFO - Processing /home/airflow/.local/lib/python3.8/site-packages/airflow/example_dags/example_local_kubernetes_executor.py took 0.047 seconds
[2025-01-14T00:03:42.727+0000] {processor.py:161} INFO - Started process (PID=10985) to work on /home/airflow/.local/lib/python3.8/site-packages/airflow/example_dags/example_local_kubernetes_executor.py
[2025-01-14T00:03:42.728+0000] {processor.py:830} INFO - Processing file /home/airflow/.local/lib/python3.8/site-packages/airflow/example_dags/example_local_kubernetes_executor.py for tasks to queue
[2025-01-14T00:03:42.728+0000] {logging_mixin.py:188} INFO - [2025-01-14T00:03:42.728+0000] {dagbag.py:538} INFO - Filling up the DagBag from /home/airflow/.local/lib/python3.8/site-packages/airflow/example_dags/example_local_kubernetes_executor.py
[2025-01-14T00:03:42.733+0000] {processor.py:840} INFO - DAG(s) 'example_local_kubernetes_executor' retrieved from /home/airflow/.local/lib/python3.8/site-packages/airflow/example_dags/example_local_kubernetes_executor.py
[2025-01-14T00:03:42.753+0000] {logging_mixin.py:188} INFO - [2025-01-14T00:03:42.753+0000] {dag.py:3036} INFO - Sync 1 DAGs
[2025-01-14T00:03:42.761+0000] {logging_mixin.py:188} INFO - [2025-01-14T00:03:42.761+0000] {dag.py:3823} INFO - Setting next_dagrun for example_local_kubernetes_executor to None, run_after=None
[2025-01-14T00:03:42.773+0000] {processor.py:183} INFO - Processing /home/airflow/.local/lib/python3.8/site-packages/airflow/example_dags/example_local_kubernetes_executor.py took 0.048 seconds
[2025-01-14T00:04:13.688+0000] {processor.py:161} INFO - Started process (PID=11044) to work on /home/airflow/.local/lib/python3.8/site-packages/airflow/example_dags/example_local_kubernetes_executor.py
[2025-01-14T00:04:13.689+0000] {processor.py:830} INFO - Processing file /home/airflow/.local/lib/python3.8/site-packages/airflow/example_dags/example_local_kubernetes_executor.py for tasks to queue
[2025-01-14T00:04:13.689+0000] {logging_mixin.py:188} INFO - [2025-01-14T00:04:13.689+0000] {dagbag.py:538} INFO - Filling up the DagBag from /home/airflow/.local/lib/python3.8/site-packages/airflow/example_dags/example_local_kubernetes_executor.py
[2025-01-14T00:04:13.695+0000] {processor.py:840} INFO - DAG(s) 'example_local_kubernetes_executor' retrieved from /home/airflow/.local/lib/python3.8/site-packages/airflow/example_dags/example_local_kubernetes_executor.py
[2025-01-14T00:04:13.722+0000] {logging_mixin.py:188} INFO - [2025-01-14T00:04:13.722+0000] {dag.py:3036} INFO - Sync 1 DAGs
[2025-01-14T00:04:13.731+0000] {logging_mixin.py:188} INFO - [2025-01-14T00:04:13.731+0000] {dag.py:3823} INFO - Setting next_dagrun for example_local_kubernetes_executor to None, run_after=None
[2025-01-14T00:04:13.747+0000] {processor.py:183} INFO - Processing /home/airflow/.local/lib/python3.8/site-packages/airflow/example_dags/example_local_kubernetes_executor.py took 0.061 seconds
[2025-01-14T00:04:44.059+0000] {processor.py:161} INFO - Started process (PID=11103) to work on /home/airflow/.local/lib/python3.8/site-packages/airflow/example_dags/example_local_kubernetes_executor.py
[2025-01-14T00:04:44.059+0000] {processor.py:830} INFO - Processing file /home/airflow/.local/lib/python3.8/site-packages/airflow/example_dags/example_local_kubernetes_executor.py for tasks to queue
[2025-01-14T00:04:44.060+0000] {logging_mixin.py:188} INFO - [2025-01-14T00:04:44.060+0000] {dagbag.py:538} INFO - Filling up the DagBag from /home/airflow/.local/lib/python3.8/site-packages/airflow/example_dags/example_local_kubernetes_executor.py
[2025-01-14T00:04:44.065+0000] {processor.py:840} INFO - DAG(s) 'example_local_kubernetes_executor' retrieved from /home/airflow/.local/lib/python3.8/site-packages/airflow/example_dags/example_local_kubernetes_executor.py
[2025-01-14T00:04:44.086+0000] {logging_mixin.py:188} INFO - [2025-01-14T00:04:44.086+0000] {dag.py:3036} INFO - Sync 1 DAGs
[2025-01-14T00:04:44.093+0000] {logging_mixin.py:188} INFO - [2025-01-14T00:04:44.093+0000] {dag.py:3823} INFO - Setting next_dagrun for example_local_kubernetes_executor to None, run_after=None
[2025-01-14T00:04:44.139+0000] {processor.py:183} INFO - Processing /home/airflow/.local/lib/python3.8/site-packages/airflow/example_dags/example_local_kubernetes_executor.py took 0.082 seconds
[2025-01-14T00:05:15.060+0000] {processor.py:161} INFO - Started process (PID=11162) to work on /home/airflow/.local/lib/python3.8/site-packages/airflow/example_dags/example_local_kubernetes_executor.py
[2025-01-14T00:05:15.061+0000] {processor.py:830} INFO - Processing file /home/airflow/.local/lib/python3.8/site-packages/airflow/example_dags/example_local_kubernetes_executor.py for tasks to queue
[2025-01-14T00:05:15.062+0000] {logging_mixin.py:188} INFO - [2025-01-14T00:05:15.062+0000] {dagbag.py:538} INFO - Filling up the DagBag from /home/airflow/.local/lib/python3.8/site-packages/airflow/example_dags/example_local_kubernetes_executor.py
[2025-01-14T00:05:15.067+0000] {processor.py:840} INFO - DAG(s) 'example_local_kubernetes_executor' retrieved from /home/airflow/.local/lib/python3.8/site-packages/airflow/example_dags/example_local_kubernetes_executor.py
[2025-01-14T00:05:15.094+0000] {logging_mixin.py:188} INFO - [2025-01-14T00:05:15.094+0000] {dag.py:3036} INFO - Sync 1 DAGs
[2025-01-14T00:05:15.104+0000] {logging_mixin.py:188} INFO - [2025-01-14T00:05:15.103+0000] {dag.py:3823} INFO - Setting next_dagrun for example_local_kubernetes_executor to None, run_after=None
[2025-01-14T00:05:15.117+0000] {processor.py:183} INFO - Processing /home/airflow/.local/lib/python3.8/site-packages/airflow/example_dags/example_local_kubernetes_executor.py took 0.059 seconds
[2025-01-14T00:06:23.580+0000] {processor.py:161} INFO - Started process (PID=49) to work on /home/airflow/.local/lib/python3.8/site-packages/airflow/example_dags/example_local_kubernetes_executor.py
[2025-01-14T00:06:23.582+0000] {processor.py:830} INFO - Processing file /home/airflow/.local/lib/python3.8/site-packages/airflow/example_dags/example_local_kubernetes_executor.py for tasks to queue
[2025-01-14T00:06:23.583+0000] {logging_mixin.py:188} INFO - [2025-01-14T00:06:23.583+0000] {dagbag.py:538} INFO - Filling up the DagBag from /home/airflow/.local/lib/python3.8/site-packages/airflow/example_dags/example_local_kubernetes_executor.py
[2025-01-14T00:06:23.595+0000] {processor.py:840} INFO - DAG(s) 'example_local_kubernetes_executor' retrieved from /home/airflow/.local/lib/python3.8/site-packages/airflow/example_dags/example_local_kubernetes_executor.py
[2025-01-14T00:06:23.605+0000] {logging_mixin.py:188} INFO - [2025-01-14T00:06:23.605+0000] {dag.py:3036} INFO - Sync 1 DAGs
[2025-01-14T00:06:23.619+0000] {logging_mixin.py:188} INFO - [2025-01-14T00:06:23.619+0000] {dag.py:3823} INFO - Setting next_dagrun for example_local_kubernetes_executor to None, run_after=None
[2025-01-14T00:06:23.641+0000] {processor.py:183} INFO - Processing /home/airflow/.local/lib/python3.8/site-packages/airflow/example_dags/example_local_kubernetes_executor.py took 0.065 seconds
[2025-01-14T00:06:53.935+0000] {processor.py:161} INFO - Started process (PID=108) to work on /home/airflow/.local/lib/python3.8/site-packages/airflow/example_dags/example_local_kubernetes_executor.py
[2025-01-14T00:06:53.936+0000] {processor.py:830} INFO - Processing file /home/airflow/.local/lib/python3.8/site-packages/airflow/example_dags/example_local_kubernetes_executor.py for tasks to queue
[2025-01-14T00:06:53.937+0000] {logging_mixin.py:188} INFO - [2025-01-14T00:06:53.937+0000] {dagbag.py:538} INFO - Filling up the DagBag from /home/airflow/.local/lib/python3.8/site-packages/airflow/example_dags/example_local_kubernetes_executor.py
[2025-01-14T00:06:53.942+0000] {processor.py:840} INFO - DAG(s) 'example_local_kubernetes_executor' retrieved from /home/airflow/.local/lib/python3.8/site-packages/airflow/example_dags/example_local_kubernetes_executor.py
[2025-01-14T00:06:54.018+0000] {logging_mixin.py:188} INFO - [2025-01-14T00:06:54.018+0000] {dag.py:3036} INFO - Sync 1 DAGs
[2025-01-14T00:06:54.025+0000] {logging_mixin.py:188} INFO - [2025-01-14T00:06:54.025+0000] {dag.py:3823} INFO - Setting next_dagrun for example_local_kubernetes_executor to None, run_after=None
[2025-01-14T00:06:54.038+0000] {processor.py:183} INFO - Processing /home/airflow/.local/lib/python3.8/site-packages/airflow/example_dags/example_local_kubernetes_executor.py took 0.105 seconds
[2025-01-14T00:07:24.233+0000] {processor.py:161} INFO - Started process (PID=166) to work on /home/airflow/.local/lib/python3.8/site-packages/airflow/example_dags/example_local_kubernetes_executor.py
[2025-01-14T00:07:24.234+0000] {processor.py:830} INFO - Processing file /home/airflow/.local/lib/python3.8/site-packages/airflow/example_dags/example_local_kubernetes_executor.py for tasks to queue
[2025-01-14T00:07:24.235+0000] {logging_mixin.py:188} INFO - [2025-01-14T00:07:24.235+0000] {dagbag.py:538} INFO - Filling up the DagBag from /home/airflow/.local/lib/python3.8/site-packages/airflow/example_dags/example_local_kubernetes_executor.py
[2025-01-14T00:07:24.239+0000] {processor.py:840} INFO - DAG(s) 'example_local_kubernetes_executor' retrieved from /home/airflow/.local/lib/python3.8/site-packages/airflow/example_dags/example_local_kubernetes_executor.py
[2025-01-14T00:07:24.260+0000] {logging_mixin.py:188} INFO - [2025-01-14T00:07:24.260+0000] {dag.py:3036} INFO - Sync 1 DAGs
[2025-01-14T00:07:24.268+0000] {logging_mixin.py:188} INFO - [2025-01-14T00:07:24.267+0000] {dag.py:3823} INFO - Setting next_dagrun for example_local_kubernetes_executor to None, run_after=None
[2025-01-14T00:07:24.280+0000] {processor.py:183} INFO - Processing /home/airflow/.local/lib/python3.8/site-packages/airflow/example_dags/example_local_kubernetes_executor.py took 0.048 seconds
[2025-01-14T00:07:54.518+0000] {processor.py:161} INFO - Started process (PID=224) to work on /home/airflow/.local/lib/python3.8/site-packages/airflow/example_dags/example_local_kubernetes_executor.py
[2025-01-14T00:07:54.519+0000] {processor.py:830} INFO - Processing file /home/airflow/.local/lib/python3.8/site-packages/airflow/example_dags/example_local_kubernetes_executor.py for tasks to queue
[2025-01-14T00:07:54.520+0000] {logging_mixin.py:188} INFO - [2025-01-14T00:07:54.520+0000] {dagbag.py:538} INFO - Filling up the DagBag from /home/airflow/.local/lib/python3.8/site-packages/airflow/example_dags/example_local_kubernetes_executor.py
[2025-01-14T00:07:54.525+0000] {processor.py:840} INFO - DAG(s) 'example_local_kubernetes_executor' retrieved from /home/airflow/.local/lib/python3.8/site-packages/airflow/example_dags/example_local_kubernetes_executor.py
[2025-01-14T00:07:54.545+0000] {logging_mixin.py:188} INFO - [2025-01-14T00:07:54.545+0000] {dag.py:3036} INFO - Sync 1 DAGs
[2025-01-14T00:07:54.553+0000] {logging_mixin.py:188} INFO - [2025-01-14T00:07:54.552+0000] {dag.py:3823} INFO - Setting next_dagrun for example_local_kubernetes_executor to None, run_after=None
[2025-01-14T00:07:54.565+0000] {processor.py:183} INFO - Processing /home/airflow/.local/lib/python3.8/site-packages/airflow/example_dags/example_local_kubernetes_executor.py took 0.048 seconds
[2025-01-14T00:08:24.824+0000] {processor.py:161} INFO - Started process (PID=283) to work on /home/airflow/.local/lib/python3.8/site-packages/airflow/example_dags/example_local_kubernetes_executor.py
[2025-01-14T00:08:24.825+0000] {processor.py:830} INFO - Processing file /home/airflow/.local/lib/python3.8/site-packages/airflow/example_dags/example_local_kubernetes_executor.py for tasks to queue
[2025-01-14T00:08:24.826+0000] {logging_mixin.py:188} INFO - [2025-01-14T00:08:24.826+0000] {dagbag.py:538} INFO - Filling up the DagBag from /home/airflow/.local/lib/python3.8/site-packages/airflow/example_dags/example_local_kubernetes_executor.py
[2025-01-14T00:08:24.831+0000] {processor.py:840} INFO - DAG(s) 'example_local_kubernetes_executor' retrieved from /home/airflow/.local/lib/python3.8/site-packages/airflow/example_dags/example_local_kubernetes_executor.py
[2025-01-14T00:08:24.854+0000] {logging_mixin.py:188} INFO - [2025-01-14T00:08:24.854+0000] {dag.py:3036} INFO - Sync 1 DAGs
[2025-01-14T00:08:24.864+0000] {logging_mixin.py:188} INFO - [2025-01-14T00:08:24.864+0000] {dag.py:3823} INFO - Setting next_dagrun for example_local_kubernetes_executor to None, run_after=None
[2025-01-14T00:08:24.877+0000] {processor.py:183} INFO - Processing /home/airflow/.local/lib/python3.8/site-packages/airflow/example_dags/example_local_kubernetes_executor.py took 0.055 seconds
[2025-01-14T00:08:56.159+0000] {processor.py:161} INFO - Started process (PID=344) to work on /home/airflow/.local/lib/python3.8/site-packages/airflow/example_dags/example_local_kubernetes_executor.py
[2025-01-14T00:08:56.160+0000] {processor.py:830} INFO - Processing file /home/airflow/.local/lib/python3.8/site-packages/airflow/example_dags/example_local_kubernetes_executor.py for tasks to queue
[2025-01-14T00:08:56.161+0000] {logging_mixin.py:188} INFO - [2025-01-14T00:08:56.161+0000] {dagbag.py:538} INFO - Filling up the DagBag from /home/airflow/.local/lib/python3.8/site-packages/airflow/example_dags/example_local_kubernetes_executor.py
[2025-01-14T00:08:56.167+0000] {processor.py:840} INFO - DAG(s) 'example_local_kubernetes_executor' retrieved from /home/airflow/.local/lib/python3.8/site-packages/airflow/example_dags/example_local_kubernetes_executor.py
[2025-01-14T00:08:56.192+0000] {logging_mixin.py:188} INFO - [2025-01-14T00:08:56.192+0000] {dag.py:3036} INFO - Sync 1 DAGs
[2025-01-14T00:08:56.201+0000] {logging_mixin.py:188} INFO - [2025-01-14T00:08:56.200+0000] {dag.py:3823} INFO - Setting next_dagrun for example_local_kubernetes_executor to None, run_after=None
[2025-01-14T00:08:56.214+0000] {processor.py:183} INFO - Processing /home/airflow/.local/lib/python3.8/site-packages/airflow/example_dags/example_local_kubernetes_executor.py took 0.057 seconds
[2025-01-14T00:09:26.468+0000] {processor.py:161} INFO - Started process (PID=402) to work on /home/airflow/.local/lib/python3.8/site-packages/airflow/example_dags/example_local_kubernetes_executor.py
[2025-01-14T00:09:26.469+0000] {processor.py:830} INFO - Processing file /home/airflow/.local/lib/python3.8/site-packages/airflow/example_dags/example_local_kubernetes_executor.py for tasks to queue
[2025-01-14T00:09:26.470+0000] {logging_mixin.py:188} INFO - [2025-01-14T00:09:26.470+0000] {dagbag.py:538} INFO - Filling up the DagBag from /home/airflow/.local/lib/python3.8/site-packages/airflow/example_dags/example_local_kubernetes_executor.py
[2025-01-14T00:09:26.475+0000] {processor.py:840} INFO - DAG(s) 'example_local_kubernetes_executor' retrieved from /home/airflow/.local/lib/python3.8/site-packages/airflow/example_dags/example_local_kubernetes_executor.py
[2025-01-14T00:09:26.496+0000] {logging_mixin.py:188} INFO - [2025-01-14T00:09:26.496+0000] {dag.py:3036} INFO - Sync 1 DAGs
[2025-01-14T00:09:26.504+0000] {logging_mixin.py:188} INFO - [2025-01-14T00:09:26.504+0000] {dag.py:3823} INFO - Setting next_dagrun for example_local_kubernetes_executor to None, run_after=None
[2025-01-14T00:09:26.517+0000] {processor.py:183} INFO - Processing /home/airflow/.local/lib/python3.8/site-packages/airflow/example_dags/example_local_kubernetes_executor.py took 0.051 seconds
[2025-01-14T00:09:57.707+0000] {processor.py:161} INFO - Started process (PID=462) to work on /home/airflow/.local/lib/python3.8/site-packages/airflow/example_dags/example_local_kubernetes_executor.py
[2025-01-14T00:09:57.708+0000] {processor.py:830} INFO - Processing file /home/airflow/.local/lib/python3.8/site-packages/airflow/example_dags/example_local_kubernetes_executor.py for tasks to queue
[2025-01-14T00:09:57.709+0000] {logging_mixin.py:188} INFO - [2025-01-14T00:09:57.708+0000] {dagbag.py:538} INFO - Filling up the DagBag from /home/airflow/.local/lib/python3.8/site-packages/airflow/example_dags/example_local_kubernetes_executor.py
[2025-01-14T00:09:57.713+0000] {processor.py:840} INFO - DAG(s) 'example_local_kubernetes_executor' retrieved from /home/airflow/.local/lib/python3.8/site-packages/airflow/example_dags/example_local_kubernetes_executor.py
[2025-01-14T00:09:57.734+0000] {logging_mixin.py:188} INFO - [2025-01-14T00:09:57.734+0000] {dag.py:3036} INFO - Sync 1 DAGs
[2025-01-14T00:09:57.741+0000] {logging_mixin.py:188} INFO - [2025-01-14T00:09:57.741+0000] {dag.py:3823} INFO - Setting next_dagrun for example_local_kubernetes_executor to None, run_after=None
[2025-01-14T00:09:57.754+0000] {processor.py:183} INFO - Processing /home/airflow/.local/lib/python3.8/site-packages/airflow/example_dags/example_local_kubernetes_executor.py took 0.049 seconds
[2025-01-14T00:10:28.979+0000] {processor.py:161} INFO - Started process (PID=521) to work on /home/airflow/.local/lib/python3.8/site-packages/airflow/example_dags/example_local_kubernetes_executor.py
[2025-01-14T00:10:28.980+0000] {processor.py:830} INFO - Processing file /home/airflow/.local/lib/python3.8/site-packages/airflow/example_dags/example_local_kubernetes_executor.py for tasks to queue
[2025-01-14T00:10:28.981+0000] {logging_mixin.py:188} INFO - [2025-01-14T00:10:28.981+0000] {dagbag.py:538} INFO - Filling up the DagBag from /home/airflow/.local/lib/python3.8/site-packages/airflow/example_dags/example_local_kubernetes_executor.py
[2025-01-14T00:10:28.987+0000] {processor.py:840} INFO - DAG(s) 'example_local_kubernetes_executor' retrieved from /home/airflow/.local/lib/python3.8/site-packages/airflow/example_dags/example_local_kubernetes_executor.py
[2025-01-14T00:10:29.007+0000] {logging_mixin.py:188} INFO - [2025-01-14T00:10:29.007+0000] {dag.py:3036} INFO - Sync 1 DAGs
[2025-01-14T00:10:29.015+0000] {logging_mixin.py:188} INFO - [2025-01-14T00:10:29.014+0000] {dag.py:3823} INFO - Setting next_dagrun for example_local_kubernetes_executor to None, run_after=None
[2025-01-14T00:10:29.028+0000] {processor.py:183} INFO - Processing /home/airflow/.local/lib/python3.8/site-packages/airflow/example_dags/example_local_kubernetes_executor.py took 0.051 seconds
[2025-01-14T00:11:00.058+0000] {processor.py:161} INFO - Started process (PID=580) to work on /home/airflow/.local/lib/python3.8/site-packages/airflow/example_dags/example_local_kubernetes_executor.py
[2025-01-14T00:11:00.058+0000] {processor.py:830} INFO - Processing file /home/airflow/.local/lib/python3.8/site-packages/airflow/example_dags/example_local_kubernetes_executor.py for tasks to queue
[2025-01-14T00:11:00.059+0000] {logging_mixin.py:188} INFO - [2025-01-14T00:11:00.059+0000] {dagbag.py:538} INFO - Filling up the DagBag from /home/airflow/.local/lib/python3.8/site-packages/airflow/example_dags/example_local_kubernetes_executor.py
[2025-01-14T00:11:00.064+0000] {processor.py:840} INFO - DAG(s) 'example_local_kubernetes_executor' retrieved from /home/airflow/.local/lib/python3.8/site-packages/airflow/example_dags/example_local_kubernetes_executor.py
[2025-01-14T00:11:00.086+0000] {logging_mixin.py:188} INFO - [2025-01-14T00:11:00.086+0000] {dag.py:3036} INFO - Sync 1 DAGs
[2025-01-14T00:11:00.093+0000] {logging_mixin.py:188} INFO - [2025-01-14T00:11:00.093+0000] {dag.py:3823} INFO - Setting next_dagrun for example_local_kubernetes_executor to None, run_after=None
[2025-01-14T00:11:00.107+0000] {processor.py:183} INFO - Processing /home/airflow/.local/lib/python3.8/site-packages/airflow/example_dags/example_local_kubernetes_executor.py took 0.051 seconds
[2025-01-14T00:11:31.319+0000] {processor.py:161} INFO - Started process (PID=639) to work on /home/airflow/.local/lib/python3.8/site-packages/airflow/example_dags/example_local_kubernetes_executor.py
[2025-01-14T00:11:31.319+0000] {processor.py:830} INFO - Processing file /home/airflow/.local/lib/python3.8/site-packages/airflow/example_dags/example_local_kubernetes_executor.py for tasks to queue
[2025-01-14T00:11:31.320+0000] {logging_mixin.py:188} INFO - [2025-01-14T00:11:31.320+0000] {dagbag.py:538} INFO - Filling up the DagBag from /home/airflow/.local/lib/python3.8/site-packages/airflow/example_dags/example_local_kubernetes_executor.py
[2025-01-14T00:11:31.326+0000] {processor.py:840} INFO - DAG(s) 'example_local_kubernetes_executor' retrieved from /home/airflow/.local/lib/python3.8/site-packages/airflow/example_dags/example_local_kubernetes_executor.py
[2025-01-14T00:11:31.347+0000] {logging_mixin.py:188} INFO - [2025-01-14T00:11:31.347+0000] {dag.py:3036} INFO - Sync 1 DAGs
[2025-01-14T00:11:31.354+0000] {logging_mixin.py:188} INFO - [2025-01-14T00:11:31.354+0000] {dag.py:3823} INFO - Setting next_dagrun for example_local_kubernetes_executor to None, run_after=None
[2025-01-14T00:11:31.367+0000] {processor.py:183} INFO - Processing /home/airflow/.local/lib/python3.8/site-packages/airflow/example_dags/example_local_kubernetes_executor.py took 0.050 seconds
[2025-01-14T00:12:02.558+0000] {processor.py:161} INFO - Started process (PID=698) to work on /home/airflow/.local/lib/python3.8/site-packages/airflow/example_dags/example_local_kubernetes_executor.py
[2025-01-14T00:12:02.559+0000] {processor.py:830} INFO - Processing file /home/airflow/.local/lib/python3.8/site-packages/airflow/example_dags/example_local_kubernetes_executor.py for tasks to queue
[2025-01-14T00:12:02.560+0000] {logging_mixin.py:188} INFO - [2025-01-14T00:12:02.560+0000] {dagbag.py:538} INFO - Filling up the DagBag from /home/airflow/.local/lib/python3.8/site-packages/airflow/example_dags/example_local_kubernetes_executor.py
[2025-01-14T00:12:02.565+0000] {processor.py:840} INFO - DAG(s) 'example_local_kubernetes_executor' retrieved from /home/airflow/.local/lib/python3.8/site-packages/airflow/example_dags/example_local_kubernetes_executor.py
[2025-01-14T00:12:02.586+0000] {logging_mixin.py:188} INFO - [2025-01-14T00:12:02.586+0000] {dag.py:3036} INFO - Sync 1 DAGs
[2025-01-14T00:12:02.593+0000] {logging_mixin.py:188} INFO - [2025-01-14T00:12:02.593+0000] {dag.py:3823} INFO - Setting next_dagrun for example_local_kubernetes_executor to None, run_after=None
[2025-01-14T00:12:02.605+0000] {processor.py:183} INFO - Processing /home/airflow/.local/lib/python3.8/site-packages/airflow/example_dags/example_local_kubernetes_executor.py took 0.049 seconds
[2025-01-14T00:12:33.785+0000] {processor.py:161} INFO - Started process (PID=757) to work on /home/airflow/.local/lib/python3.8/site-packages/airflow/example_dags/example_local_kubernetes_executor.py
[2025-01-14T00:12:33.785+0000] {processor.py:830} INFO - Processing file /home/airflow/.local/lib/python3.8/site-packages/airflow/example_dags/example_local_kubernetes_executor.py for tasks to queue
[2025-01-14T00:12:33.786+0000] {logging_mixin.py:188} INFO - [2025-01-14T00:12:33.786+0000] {dagbag.py:538} INFO - Filling up the DagBag from /home/airflow/.local/lib/python3.8/site-packages/airflow/example_dags/example_local_kubernetes_executor.py
[2025-01-14T00:12:33.791+0000] {processor.py:840} INFO - DAG(s) 'example_local_kubernetes_executor' retrieved from /home/airflow/.local/lib/python3.8/site-packages/airflow/example_dags/example_local_kubernetes_executor.py
[2025-01-14T00:12:33.812+0000] {logging_mixin.py:188} INFO - [2025-01-14T00:12:33.812+0000] {dag.py:3036} INFO - Sync 1 DAGs
[2025-01-14T00:12:33.820+0000] {logging_mixin.py:188} INFO - [2025-01-14T00:12:33.819+0000] {dag.py:3823} INFO - Setting next_dagrun for example_local_kubernetes_executor to None, run_after=None
[2025-01-14T00:12:33.832+0000] {processor.py:183} INFO - Processing /home/airflow/.local/lib/python3.8/site-packages/airflow/example_dags/example_local_kubernetes_executor.py took 0.049 seconds
[2025-01-14T00:13:04.894+0000] {processor.py:161} INFO - Started process (PID=816) to work on /home/airflow/.local/lib/python3.8/site-packages/airflow/example_dags/example_local_kubernetes_executor.py
[2025-01-14T00:13:04.895+0000] {processor.py:830} INFO - Processing file /home/airflow/.local/lib/python3.8/site-packages/airflow/example_dags/example_local_kubernetes_executor.py for tasks to queue
[2025-01-14T00:13:04.896+0000] {logging_mixin.py:188} INFO - [2025-01-14T00:13:04.896+0000] {dagbag.py:538} INFO - Filling up the DagBag from /home/airflow/.local/lib/python3.8/site-packages/airflow/example_dags/example_local_kubernetes_executor.py
[2025-01-14T00:13:04.900+0000] {processor.py:840} INFO - DAG(s) 'example_local_kubernetes_executor' retrieved from /home/airflow/.local/lib/python3.8/site-packages/airflow/example_dags/example_local_kubernetes_executor.py
[2025-01-14T00:13:04.922+0000] {logging_mixin.py:188} INFO - [2025-01-14T00:13:04.922+0000] {dag.py:3036} INFO - Sync 1 DAGs
[2025-01-14T00:13:04.929+0000] {logging_mixin.py:188} INFO - [2025-01-14T00:13:04.929+0000] {dag.py:3823} INFO - Setting next_dagrun for example_local_kubernetes_executor to None, run_after=None
[2025-01-14T00:13:04.941+0000] {processor.py:183} INFO - Processing /home/airflow/.local/lib/python3.8/site-packages/airflow/example_dags/example_local_kubernetes_executor.py took 0.049 seconds
[2025-01-14T00:13:35.969+0000] {processor.py:161} INFO - Started process (PID=875) to work on /home/airflow/.local/lib/python3.8/site-packages/airflow/example_dags/example_local_kubernetes_executor.py
[2025-01-14T00:13:35.969+0000] {processor.py:830} INFO - Processing file /home/airflow/.local/lib/python3.8/site-packages/airflow/example_dags/example_local_kubernetes_executor.py for tasks to queue
[2025-01-14T00:13:35.971+0000] {logging_mixin.py:188} INFO - [2025-01-14T00:13:35.971+0000] {dagbag.py:538} INFO - Filling up the DagBag from /home/airflow/.local/lib/python3.8/site-packages/airflow/example_dags/example_local_kubernetes_executor.py
[2025-01-14T00:13:35.976+0000] {processor.py:840} INFO - DAG(s) 'example_local_kubernetes_executor' retrieved from /home/airflow/.local/lib/python3.8/site-packages/airflow/example_dags/example_local_kubernetes_executor.py
[2025-01-14T00:13:35.999+0000] {logging_mixin.py:188} INFO - [2025-01-14T00:13:35.999+0000] {dag.py:3036} INFO - Sync 1 DAGs
[2025-01-14T00:13:36.006+0000] {logging_mixin.py:188} INFO - [2025-01-14T00:13:36.006+0000] {dag.py:3823} INFO - Setting next_dagrun for example_local_kubernetes_executor to None, run_after=None
[2025-01-14T00:13:36.019+0000] {processor.py:183} INFO - Processing /home/airflow/.local/lib/python3.8/site-packages/airflow/example_dags/example_local_kubernetes_executor.py took 0.052 seconds
[2025-01-14T00:14:06.329+0000] {processor.py:161} INFO - Started process (PID=934) to work on /home/airflow/.local/lib/python3.8/site-packages/airflow/example_dags/example_local_kubernetes_executor.py
[2025-01-14T00:14:06.330+0000] {processor.py:830} INFO - Processing file /home/airflow/.local/lib/python3.8/site-packages/airflow/example_dags/example_local_kubernetes_executor.py for tasks to queue
[2025-01-14T00:14:06.331+0000] {logging_mixin.py:188} INFO - [2025-01-14T00:14:06.331+0000] {dagbag.py:538} INFO - Filling up the DagBag from /home/airflow/.local/lib/python3.8/site-packages/airflow/example_dags/example_local_kubernetes_executor.py
[2025-01-14T00:14:06.336+0000] {processor.py:840} INFO - DAG(s) 'example_local_kubernetes_executor' retrieved from /home/airflow/.local/lib/python3.8/site-packages/airflow/example_dags/example_local_kubernetes_executor.py
[2025-01-14T00:14:06.356+0000] {logging_mixin.py:188} INFO - [2025-01-14T00:14:06.356+0000] {dag.py:3036} INFO - Sync 1 DAGs
[2025-01-14T00:14:06.363+0000] {logging_mixin.py:188} INFO - [2025-01-14T00:14:06.363+0000] {dag.py:3823} INFO - Setting next_dagrun for example_local_kubernetes_executor to None, run_after=None
[2025-01-14T00:14:06.375+0000] {processor.py:183} INFO - Processing /home/airflow/.local/lib/python3.8/site-packages/airflow/example_dags/example_local_kubernetes_executor.py took 0.047 seconds
[2025-01-14T00:14:37.614+0000] {processor.py:161} INFO - Started process (PID=993) to work on /home/airflow/.local/lib/python3.8/site-packages/airflow/example_dags/example_local_kubernetes_executor.py
[2025-01-14T00:14:37.615+0000] {processor.py:830} INFO - Processing file /home/airflow/.local/lib/python3.8/site-packages/airflow/example_dags/example_local_kubernetes_executor.py for tasks to queue
[2025-01-14T00:14:37.616+0000] {logging_mixin.py:188} INFO - [2025-01-14T00:14:37.616+0000] {dagbag.py:538} INFO - Filling up the DagBag from /home/airflow/.local/lib/python3.8/site-packages/airflow/example_dags/example_local_kubernetes_executor.py
[2025-01-14T00:14:37.620+0000] {processor.py:840} INFO - DAG(s) 'example_local_kubernetes_executor' retrieved from /home/airflow/.local/lib/python3.8/site-packages/airflow/example_dags/example_local_kubernetes_executor.py
[2025-01-14T00:14:37.641+0000] {logging_mixin.py:188} INFO - [2025-01-14T00:14:37.641+0000] {dag.py:3036} INFO - Sync 1 DAGs
[2025-01-14T00:14:37.648+0000] {logging_mixin.py:188} INFO - [2025-01-14T00:14:37.648+0000] {dag.py:3823} INFO - Setting next_dagrun for example_local_kubernetes_executor to None, run_after=None
[2025-01-14T00:14:37.661+0000] {processor.py:183} INFO - Processing /home/airflow/.local/lib/python3.8/site-packages/airflow/example_dags/example_local_kubernetes_executor.py took 0.049 seconds
[2025-01-14T00:15:08.828+0000] {processor.py:161} INFO - Started process (PID=1052) to work on /home/airflow/.local/lib/python3.8/site-packages/airflow/example_dags/example_local_kubernetes_executor.py
[2025-01-14T00:15:08.828+0000] {processor.py:830} INFO - Processing file /home/airflow/.local/lib/python3.8/site-packages/airflow/example_dags/example_local_kubernetes_executor.py for tasks to queue
[2025-01-14T00:15:08.830+0000] {logging_mixin.py:188} INFO - [2025-01-14T00:15:08.830+0000] {dagbag.py:538} INFO - Filling up the DagBag from /home/airflow/.local/lib/python3.8/site-packages/airflow/example_dags/example_local_kubernetes_executor.py
[2025-01-14T00:15:08.834+0000] {processor.py:840} INFO - DAG(s) 'example_local_kubernetes_executor' retrieved from /home/airflow/.local/lib/python3.8/site-packages/airflow/example_dags/example_local_kubernetes_executor.py
[2025-01-14T00:15:08.857+0000] {logging_mixin.py:188} INFO - [2025-01-14T00:15:08.857+0000] {dag.py:3036} INFO - Sync 1 DAGs
[2025-01-14T00:15:08.865+0000] {logging_mixin.py:188} INFO - [2025-01-14T00:15:08.865+0000] {dag.py:3823} INFO - Setting next_dagrun for example_local_kubernetes_executor to None, run_after=None
[2025-01-14T00:15:08.878+0000] {processor.py:183} INFO - Processing /home/airflow/.local/lib/python3.8/site-packages/airflow/example_dags/example_local_kubernetes_executor.py took 0.052 seconds
[2025-01-14T00:15:40.058+0000] {processor.py:161} INFO - Started process (PID=1111) to work on /home/airflow/.local/lib/python3.8/site-packages/airflow/example_dags/example_local_kubernetes_executor.py
[2025-01-14T00:15:40.059+0000] {processor.py:830} INFO - Processing file /home/airflow/.local/lib/python3.8/site-packages/airflow/example_dags/example_local_kubernetes_executor.py for tasks to queue
[2025-01-14T00:15:40.060+0000] {logging_mixin.py:188} INFO - [2025-01-14T00:15:40.060+0000] {dagbag.py:538} INFO - Filling up the DagBag from /home/airflow/.local/lib/python3.8/site-packages/airflow/example_dags/example_local_kubernetes_executor.py
[2025-01-14T00:15:40.064+0000] {processor.py:840} INFO - DAG(s) 'example_local_kubernetes_executor' retrieved from /home/airflow/.local/lib/python3.8/site-packages/airflow/example_dags/example_local_kubernetes_executor.py
[2025-01-14T00:15:40.085+0000] {logging_mixin.py:188} INFO - [2025-01-14T00:15:40.084+0000] {dag.py:3036} INFO - Sync 1 DAGs
[2025-01-14T00:15:40.093+0000] {logging_mixin.py:188} INFO - [2025-01-14T00:15:40.093+0000] {dag.py:3823} INFO - Setting next_dagrun for example_local_kubernetes_executor to None, run_after=None
[2025-01-14T00:15:40.105+0000] {processor.py:183} INFO - Processing /home/airflow/.local/lib/python3.8/site-packages/airflow/example_dags/example_local_kubernetes_executor.py took 0.049 seconds
[2025-01-14T00:16:11.368+0000] {processor.py:161} INFO - Started process (PID=1170) to work on /home/airflow/.local/lib/python3.8/site-packages/airflow/example_dags/example_local_kubernetes_executor.py
[2025-01-14T00:16:11.369+0000] {processor.py:830} INFO - Processing file /home/airflow/.local/lib/python3.8/site-packages/airflow/example_dags/example_local_kubernetes_executor.py for tasks to queue
[2025-01-14T00:16:11.371+0000] {logging_mixin.py:188} INFO - [2025-01-14T00:16:11.370+0000] {dagbag.py:538} INFO - Filling up the DagBag from /home/airflow/.local/lib/python3.8/site-packages/airflow/example_dags/example_local_kubernetes_executor.py
[2025-01-14T00:16:11.377+0000] {processor.py:840} INFO - DAG(s) 'example_local_kubernetes_executor' retrieved from /home/airflow/.local/lib/python3.8/site-packages/airflow/example_dags/example_local_kubernetes_executor.py
[2025-01-14T00:16:11.405+0000] {logging_mixin.py:188} INFO - [2025-01-14T00:16:11.405+0000] {dag.py:3036} INFO - Sync 1 DAGs
[2025-01-14T00:16:11.412+0000] {logging_mixin.py:188} INFO - [2025-01-14T00:16:11.412+0000] {dag.py:3823} INFO - Setting next_dagrun for example_local_kubernetes_executor to None, run_after=None
[2025-01-14T00:16:11.427+0000] {processor.py:183} INFO - Processing /home/airflow/.local/lib/python3.8/site-packages/airflow/example_dags/example_local_kubernetes_executor.py took 0.060 seconds
[2025-01-14T00:16:42.506+0000] {processor.py:161} INFO - Started process (PID=1229) to work on /home/airflow/.local/lib/python3.8/site-packages/airflow/example_dags/example_local_kubernetes_executor.py
[2025-01-14T00:16:42.507+0000] {processor.py:830} INFO - Processing file /home/airflow/.local/lib/python3.8/site-packages/airflow/example_dags/example_local_kubernetes_executor.py for tasks to queue
[2025-01-14T00:16:42.508+0000] {logging_mixin.py:188} INFO - [2025-01-14T00:16:42.508+0000] {dagbag.py:538} INFO - Filling up the DagBag from /home/airflow/.local/lib/python3.8/site-packages/airflow/example_dags/example_local_kubernetes_executor.py
[2025-01-14T00:16:42.512+0000] {processor.py:840} INFO - DAG(s) 'example_local_kubernetes_executor' retrieved from /home/airflow/.local/lib/python3.8/site-packages/airflow/example_dags/example_local_kubernetes_executor.py
[2025-01-14T00:16:42.533+0000] {logging_mixin.py:188} INFO - [2025-01-14T00:16:42.533+0000] {dag.py:3036} INFO - Sync 1 DAGs
[2025-01-14T00:16:42.540+0000] {logging_mixin.py:188} INFO - [2025-01-14T00:16:42.540+0000] {dag.py:3823} INFO - Setting next_dagrun for example_local_kubernetes_executor to None, run_after=None
[2025-01-14T00:16:42.552+0000] {processor.py:183} INFO - Processing /home/airflow/.local/lib/python3.8/site-packages/airflow/example_dags/example_local_kubernetes_executor.py took 0.049 seconds
[2025-01-14T00:17:13.702+0000] {processor.py:161} INFO - Started process (PID=1294) to work on /home/airflow/.local/lib/python3.8/site-packages/airflow/example_dags/example_local_kubernetes_executor.py
[2025-01-14T00:17:13.703+0000] {processor.py:830} INFO - Processing file /home/airflow/.local/lib/python3.8/site-packages/airflow/example_dags/example_local_kubernetes_executor.py for tasks to queue
[2025-01-14T00:17:13.704+0000] {logging_mixin.py:188} INFO - [2025-01-14T00:17:13.704+0000] {dagbag.py:538} INFO - Filling up the DagBag from /home/airflow/.local/lib/python3.8/site-packages/airflow/example_dags/example_local_kubernetes_executor.py
[2025-01-14T00:17:13.709+0000] {processor.py:840} INFO - DAG(s) 'example_local_kubernetes_executor' retrieved from /home/airflow/.local/lib/python3.8/site-packages/airflow/example_dags/example_local_kubernetes_executor.py
[2025-01-14T00:17:13.729+0000] {logging_mixin.py:188} INFO - [2025-01-14T00:17:13.729+0000] {dag.py:3036} INFO - Sync 1 DAGs
[2025-01-14T00:17:13.736+0000] {logging_mixin.py:188} INFO - [2025-01-14T00:17:13.736+0000] {dag.py:3823} INFO - Setting next_dagrun for example_local_kubernetes_executor to None, run_after=None
[2025-01-14T00:17:13.749+0000] {processor.py:183} INFO - Processing /home/airflow/.local/lib/python3.8/site-packages/airflow/example_dags/example_local_kubernetes_executor.py took 0.049 seconds
[2025-01-14T00:17:44.830+0000] {processor.py:161} INFO - Started process (PID=1353) to work on /home/airflow/.local/lib/python3.8/site-packages/airflow/example_dags/example_local_kubernetes_executor.py
[2025-01-14T00:17:44.831+0000] {processor.py:830} INFO - Processing file /home/airflow/.local/lib/python3.8/site-packages/airflow/example_dags/example_local_kubernetes_executor.py for tasks to queue
[2025-01-14T00:17:44.832+0000] {logging_mixin.py:188} INFO - [2025-01-14T00:17:44.831+0000] {dagbag.py:538} INFO - Filling up the DagBag from /home/airflow/.local/lib/python3.8/site-packages/airflow/example_dags/example_local_kubernetes_executor.py
[2025-01-14T00:17:44.836+0000] {processor.py:840} INFO - DAG(s) 'example_local_kubernetes_executor' retrieved from /home/airflow/.local/lib/python3.8/site-packages/airflow/example_dags/example_local_kubernetes_executor.py
[2025-01-14T00:17:44.858+0000] {logging_mixin.py:188} INFO - [2025-01-14T00:17:44.857+0000] {dag.py:3036} INFO - Sync 1 DAGs
[2025-01-14T00:17:44.865+0000] {logging_mixin.py:188} INFO - [2025-01-14T00:17:44.865+0000] {dag.py:3823} INFO - Setting next_dagrun for example_local_kubernetes_executor to None, run_after=None
[2025-01-14T00:17:44.876+0000] {processor.py:183} INFO - Processing /home/airflow/.local/lib/python3.8/site-packages/airflow/example_dags/example_local_kubernetes_executor.py took 0.049 seconds
[2025-01-14T00:18:15.153+0000] {processor.py:161} INFO - Started process (PID=1411) to work on /home/airflow/.local/lib/python3.8/site-packages/airflow/example_dags/example_local_kubernetes_executor.py
[2025-01-14T00:18:15.153+0000] {processor.py:830} INFO - Processing file /home/airflow/.local/lib/python3.8/site-packages/airflow/example_dags/example_local_kubernetes_executor.py for tasks to queue
[2025-01-14T00:18:15.154+0000] {logging_mixin.py:188} INFO - [2025-01-14T00:18:15.154+0000] {dagbag.py:538} INFO - Filling up the DagBag from /home/airflow/.local/lib/python3.8/site-packages/airflow/example_dags/example_local_kubernetes_executor.py
[2025-01-14T00:18:15.159+0000] {processor.py:840} INFO - DAG(s) 'example_local_kubernetes_executor' retrieved from /home/airflow/.local/lib/python3.8/site-packages/airflow/example_dags/example_local_kubernetes_executor.py
[2025-01-14T00:18:15.180+0000] {logging_mixin.py:188} INFO - [2025-01-14T00:18:15.180+0000] {dag.py:3036} INFO - Sync 1 DAGs
[2025-01-14T00:18:15.187+0000] {logging_mixin.py:188} INFO - [2025-01-14T00:18:15.187+0000] {dag.py:3823} INFO - Setting next_dagrun for example_local_kubernetes_executor to None, run_after=None
[2025-01-14T00:18:15.200+0000] {processor.py:183} INFO - Processing /home/airflow/.local/lib/python3.8/site-packages/airflow/example_dags/example_local_kubernetes_executor.py took 0.049 seconds
[2025-01-14T00:18:46.402+0000] {processor.py:161} INFO - Started process (PID=1471) to work on /home/airflow/.local/lib/python3.8/site-packages/airflow/example_dags/example_local_kubernetes_executor.py
[2025-01-14T00:18:46.402+0000] {processor.py:830} INFO - Processing file /home/airflow/.local/lib/python3.8/site-packages/airflow/example_dags/example_local_kubernetes_executor.py for tasks to queue
[2025-01-14T00:18:46.404+0000] {logging_mixin.py:188} INFO - [2025-01-14T00:18:46.403+0000] {dagbag.py:538} INFO - Filling up the DagBag from /home/airflow/.local/lib/python3.8/site-packages/airflow/example_dags/example_local_kubernetes_executor.py
[2025-01-14T00:18:46.408+0000] {processor.py:840} INFO - DAG(s) 'example_local_kubernetes_executor' retrieved from /home/airflow/.local/lib/python3.8/site-packages/airflow/example_dags/example_local_kubernetes_executor.py
[2025-01-14T00:18:46.431+0000] {logging_mixin.py:188} INFO - [2025-01-14T00:18:46.431+0000] {dag.py:3036} INFO - Sync 1 DAGs
[2025-01-14T00:18:46.439+0000] {logging_mixin.py:188} INFO - [2025-01-14T00:18:46.439+0000] {dag.py:3823} INFO - Setting next_dagrun for example_local_kubernetes_executor to None, run_after=None
[2025-01-14T00:18:46.451+0000] {processor.py:183} INFO - Processing /home/airflow/.local/lib/python3.8/site-packages/airflow/example_dags/example_local_kubernetes_executor.py took 0.052 seconds
[2025-01-14T00:19:17.599+0000] {processor.py:161} INFO - Started process (PID=1530) to work on /home/airflow/.local/lib/python3.8/site-packages/airflow/example_dags/example_local_kubernetes_executor.py
[2025-01-14T00:19:17.600+0000] {processor.py:830} INFO - Processing file /home/airflow/.local/lib/python3.8/site-packages/airflow/example_dags/example_local_kubernetes_executor.py for tasks to queue
[2025-01-14T00:19:17.601+0000] {logging_mixin.py:188} INFO - [2025-01-14T00:19:17.601+0000] {dagbag.py:538} INFO - Filling up the DagBag from /home/airflow/.local/lib/python3.8/site-packages/airflow/example_dags/example_local_kubernetes_executor.py
[2025-01-14T00:19:17.606+0000] {processor.py:840} INFO - DAG(s) 'example_local_kubernetes_executor' retrieved from /home/airflow/.local/lib/python3.8/site-packages/airflow/example_dags/example_local_kubernetes_executor.py
[2025-01-14T00:19:17.627+0000] {logging_mixin.py:188} INFO - [2025-01-14T00:19:17.627+0000] {dag.py:3036} INFO - Sync 1 DAGs
[2025-01-14T00:19:17.635+0000] {logging_mixin.py:188} INFO - [2025-01-14T00:19:17.634+0000] {dag.py:3823} INFO - Setting next_dagrun for example_local_kubernetes_executor to None, run_after=None
[2025-01-14T00:19:17.647+0000] {processor.py:183} INFO - Processing /home/airflow/.local/lib/python3.8/site-packages/airflow/example_dags/example_local_kubernetes_executor.py took 0.050 seconds
[2025-01-14T00:19:48.859+0000] {processor.py:161} INFO - Started process (PID=1589) to work on /home/airflow/.local/lib/python3.8/site-packages/airflow/example_dags/example_local_kubernetes_executor.py
[2025-01-14T00:19:48.860+0000] {processor.py:830} INFO - Processing file /home/airflow/.local/lib/python3.8/site-packages/airflow/example_dags/example_local_kubernetes_executor.py for tasks to queue
[2025-01-14T00:19:48.861+0000] {logging_mixin.py:188} INFO - [2025-01-14T00:19:48.860+0000] {dagbag.py:538} INFO - Filling up the DagBag from /home/airflow/.local/lib/python3.8/site-packages/airflow/example_dags/example_local_kubernetes_executor.py
[2025-01-14T00:19:48.866+0000] {processor.py:840} INFO - DAG(s) 'example_local_kubernetes_executor' retrieved from /home/airflow/.local/lib/python3.8/site-packages/airflow/example_dags/example_local_kubernetes_executor.py
[2025-01-14T00:19:48.894+0000] {logging_mixin.py:188} INFO - [2025-01-14T00:19:48.893+0000] {dag.py:3036} INFO - Sync 1 DAGs
[2025-01-14T00:19:48.903+0000] {logging_mixin.py:188} INFO - [2025-01-14T00:19:48.903+0000] {dag.py:3823} INFO - Setting next_dagrun for example_local_kubernetes_executor to None, run_after=None
[2025-01-14T00:19:48.917+0000] {processor.py:183} INFO - Processing /home/airflow/.local/lib/python3.8/site-packages/airflow/example_dags/example_local_kubernetes_executor.py took 0.061 seconds
[2025-01-14T00:20:20.276+0000] {processor.py:161} INFO - Started process (PID=1648) to work on /home/airflow/.local/lib/python3.8/site-packages/airflow/example_dags/example_local_kubernetes_executor.py
[2025-01-14T00:20:20.277+0000] {processor.py:830} INFO - Processing file /home/airflow/.local/lib/python3.8/site-packages/airflow/example_dags/example_local_kubernetes_executor.py for tasks to queue
[2025-01-14T00:20:20.278+0000] {logging_mixin.py:188} INFO - [2025-01-14T00:20:20.278+0000] {dagbag.py:538} INFO - Filling up the DagBag from /home/airflow/.local/lib/python3.8/site-packages/airflow/example_dags/example_local_kubernetes_executor.py
[2025-01-14T00:20:20.284+0000] {processor.py:840} INFO - DAG(s) 'example_local_kubernetes_executor' retrieved from /home/airflow/.local/lib/python3.8/site-packages/airflow/example_dags/example_local_kubernetes_executor.py
[2025-01-14T00:20:20.313+0000] {logging_mixin.py:188} INFO - [2025-01-14T00:20:20.313+0000] {dag.py:3036} INFO - Sync 1 DAGs
[2025-01-14T00:20:20.325+0000] {logging_mixin.py:188} INFO - [2025-01-14T00:20:20.325+0000] {dag.py:3823} INFO - Setting next_dagrun for example_local_kubernetes_executor to None, run_after=None
[2025-01-14T00:20:20.343+0000] {processor.py:183} INFO - Processing /home/airflow/.local/lib/python3.8/site-packages/airflow/example_dags/example_local_kubernetes_executor.py took 0.069 seconds
[2025-01-14T00:20:50.818+0000] {processor.py:161} INFO - Started process (PID=1707) to work on /home/airflow/.local/lib/python3.8/site-packages/airflow/example_dags/example_local_kubernetes_executor.py
[2025-01-14T00:20:50.819+0000] {processor.py:830} INFO - Processing file /home/airflow/.local/lib/python3.8/site-packages/airflow/example_dags/example_local_kubernetes_executor.py for tasks to queue
[2025-01-14T00:20:50.820+0000] {logging_mixin.py:188} INFO - [2025-01-14T00:20:50.819+0000] {dagbag.py:538} INFO - Filling up the DagBag from /home/airflow/.local/lib/python3.8/site-packages/airflow/example_dags/example_local_kubernetes_executor.py
[2025-01-14T00:20:50.825+0000] {processor.py:840} INFO - DAG(s) 'example_local_kubernetes_executor' retrieved from /home/airflow/.local/lib/python3.8/site-packages/airflow/example_dags/example_local_kubernetes_executor.py
[2025-01-14T00:20:50.846+0000] {logging_mixin.py:188} INFO - [2025-01-14T00:20:50.846+0000] {dag.py:3036} INFO - Sync 1 DAGs
[2025-01-14T00:20:50.853+0000] {logging_mixin.py:188} INFO - [2025-01-14T00:20:50.853+0000] {dag.py:3823} INFO - Setting next_dagrun for example_local_kubernetes_executor to None, run_after=None
[2025-01-14T00:20:50.866+0000] {processor.py:183} INFO - Processing /home/airflow/.local/lib/python3.8/site-packages/airflow/example_dags/example_local_kubernetes_executor.py took 0.050 seconds
[2025-01-14T00:21:21.914+0000] {processor.py:161} INFO - Started process (PID=1766) to work on /home/airflow/.local/lib/python3.8/site-packages/airflow/example_dags/example_local_kubernetes_executor.py
[2025-01-14T00:21:21.915+0000] {processor.py:830} INFO - Processing file /home/airflow/.local/lib/python3.8/site-packages/airflow/example_dags/example_local_kubernetes_executor.py for tasks to queue
[2025-01-14T00:21:21.916+0000] {logging_mixin.py:188} INFO - [2025-01-14T00:21:21.915+0000] {dagbag.py:538} INFO - Filling up the DagBag from /home/airflow/.local/lib/python3.8/site-packages/airflow/example_dags/example_local_kubernetes_executor.py
[2025-01-14T00:21:21.920+0000] {processor.py:840} INFO - DAG(s) 'example_local_kubernetes_executor' retrieved from /home/airflow/.local/lib/python3.8/site-packages/airflow/example_dags/example_local_kubernetes_executor.py
[2025-01-14T00:21:21.942+0000] {logging_mixin.py:188} INFO - [2025-01-14T00:21:21.942+0000] {dag.py:3036} INFO - Sync 1 DAGs
[2025-01-14T00:21:21.950+0000] {logging_mixin.py:188} INFO - [2025-01-14T00:21:21.949+0000] {dag.py:3823} INFO - Setting next_dagrun for example_local_kubernetes_executor to None, run_after=None
[2025-01-14T00:21:21.962+0000] {processor.py:183} INFO - Processing /home/airflow/.local/lib/python3.8/site-packages/airflow/example_dags/example_local_kubernetes_executor.py took 0.050 seconds
[2025-01-14T00:21:53.145+0000] {processor.py:161} INFO - Started process (PID=1825) to work on /home/airflow/.local/lib/python3.8/site-packages/airflow/example_dags/example_local_kubernetes_executor.py
[2025-01-14T00:21:53.146+0000] {processor.py:830} INFO - Processing file /home/airflow/.local/lib/python3.8/site-packages/airflow/example_dags/example_local_kubernetes_executor.py for tasks to queue
[2025-01-14T00:21:53.147+0000] {logging_mixin.py:188} INFO - [2025-01-14T00:21:53.147+0000] {dagbag.py:538} INFO - Filling up the DagBag from /home/airflow/.local/lib/python3.8/site-packages/airflow/example_dags/example_local_kubernetes_executor.py
[2025-01-14T00:21:53.153+0000] {processor.py:840} INFO - DAG(s) 'example_local_kubernetes_executor' retrieved from /home/airflow/.local/lib/python3.8/site-packages/airflow/example_dags/example_local_kubernetes_executor.py
[2025-01-14T00:21:53.177+0000] {logging_mixin.py:188} INFO - [2025-01-14T00:21:53.177+0000] {dag.py:3036} INFO - Sync 1 DAGs
[2025-01-14T00:21:53.186+0000] {logging_mixin.py:188} INFO - [2025-01-14T00:21:53.186+0000] {dag.py:3823} INFO - Setting next_dagrun for example_local_kubernetes_executor to None, run_after=None
[2025-01-14T00:21:53.203+0000] {processor.py:183} INFO - Processing /home/airflow/.local/lib/python3.8/site-packages/airflow/example_dags/example_local_kubernetes_executor.py took 0.060 seconds
[2025-01-14T00:22:24.339+0000] {processor.py:161} INFO - Started process (PID=1884) to work on /home/airflow/.local/lib/python3.8/site-packages/airflow/example_dags/example_local_kubernetes_executor.py
[2025-01-14T00:22:24.340+0000] {processor.py:830} INFO - Processing file /home/airflow/.local/lib/python3.8/site-packages/airflow/example_dags/example_local_kubernetes_executor.py for tasks to queue
[2025-01-14T00:22:24.342+0000] {logging_mixin.py:188} INFO - [2025-01-14T00:22:24.341+0000] {dagbag.py:538} INFO - Filling up the DagBag from /home/airflow/.local/lib/python3.8/site-packages/airflow/example_dags/example_local_kubernetes_executor.py
[2025-01-14T00:22:24.347+0000] {processor.py:840} INFO - DAG(s) 'example_local_kubernetes_executor' retrieved from /home/airflow/.local/lib/python3.8/site-packages/airflow/example_dags/example_local_kubernetes_executor.py
[2025-01-14T00:22:24.373+0000] {logging_mixin.py:188} INFO - [2025-01-14T00:22:24.372+0000] {dag.py:3036} INFO - Sync 1 DAGs
[2025-01-14T00:22:24.383+0000] {logging_mixin.py:188} INFO - [2025-01-14T00:22:24.383+0000] {dag.py:3823} INFO - Setting next_dagrun for example_local_kubernetes_executor to None, run_after=None
[2025-01-14T00:22:24.400+0000] {processor.py:183} INFO - Processing /home/airflow/.local/lib/python3.8/site-packages/airflow/example_dags/example_local_kubernetes_executor.py took 0.063 seconds
[2025-01-14T00:22:55.478+0000] {processor.py:161} INFO - Started process (PID=1943) to work on /home/airflow/.local/lib/python3.8/site-packages/airflow/example_dags/example_local_kubernetes_executor.py
[2025-01-14T00:22:55.479+0000] {processor.py:830} INFO - Processing file /home/airflow/.local/lib/python3.8/site-packages/airflow/example_dags/example_local_kubernetes_executor.py for tasks to queue
[2025-01-14T00:22:55.480+0000] {logging_mixin.py:188} INFO - [2025-01-14T00:22:55.480+0000] {dagbag.py:538} INFO - Filling up the DagBag from /home/airflow/.local/lib/python3.8/site-packages/airflow/example_dags/example_local_kubernetes_executor.py
[2025-01-14T00:22:55.484+0000] {processor.py:840} INFO - DAG(s) 'example_local_kubernetes_executor' retrieved from /home/airflow/.local/lib/python3.8/site-packages/airflow/example_dags/example_local_kubernetes_executor.py
[2025-01-14T00:22:55.505+0000] {logging_mixin.py:188} INFO - [2025-01-14T00:22:55.505+0000] {dag.py:3036} INFO - Sync 1 DAGs
[2025-01-14T00:22:55.513+0000] {logging_mixin.py:188} INFO - [2025-01-14T00:22:55.512+0000] {dag.py:3823} INFO - Setting next_dagrun for example_local_kubernetes_executor to None, run_after=None
[2025-01-14T00:22:55.525+0000] {processor.py:183} INFO - Processing /home/airflow/.local/lib/python3.8/site-packages/airflow/example_dags/example_local_kubernetes_executor.py took 0.048 seconds
[2025-01-14T00:23:26.622+0000] {processor.py:161} INFO - Started process (PID=2002) to work on /home/airflow/.local/lib/python3.8/site-packages/airflow/example_dags/example_local_kubernetes_executor.py
[2025-01-14T00:23:26.622+0000] {processor.py:830} INFO - Processing file /home/airflow/.local/lib/python3.8/site-packages/airflow/example_dags/example_local_kubernetes_executor.py for tasks to queue
[2025-01-14T00:23:26.623+0000] {logging_mixin.py:188} INFO - [2025-01-14T00:23:26.623+0000] {dagbag.py:538} INFO - Filling up the DagBag from /home/airflow/.local/lib/python3.8/site-packages/airflow/example_dags/example_local_kubernetes_executor.py
[2025-01-14T00:23:26.629+0000] {processor.py:840} INFO - DAG(s) 'example_local_kubernetes_executor' retrieved from /home/airflow/.local/lib/python3.8/site-packages/airflow/example_dags/example_local_kubernetes_executor.py
[2025-01-14T00:23:26.650+0000] {logging_mixin.py:188} INFO - [2025-01-14T00:23:26.650+0000] {dag.py:3036} INFO - Sync 1 DAGs
[2025-01-14T00:23:26.657+0000] {logging_mixin.py:188} INFO - [2025-01-14T00:23:26.657+0000] {dag.py:3823} INFO - Setting next_dagrun for example_local_kubernetes_executor to None, run_after=None
[2025-01-14T00:23:26.670+0000] {processor.py:183} INFO - Processing /home/airflow/.local/lib/python3.8/site-packages/airflow/example_dags/example_local_kubernetes_executor.py took 0.050 seconds
[2025-01-14T00:23:57.844+0000] {processor.py:161} INFO - Started process (PID=2061) to work on /home/airflow/.local/lib/python3.8/site-packages/airflow/example_dags/example_local_kubernetes_executor.py
[2025-01-14T00:23:57.845+0000] {processor.py:830} INFO - Processing file /home/airflow/.local/lib/python3.8/site-packages/airflow/example_dags/example_local_kubernetes_executor.py for tasks to queue
[2025-01-14T00:23:57.846+0000] {logging_mixin.py:188} INFO - [2025-01-14T00:23:57.846+0000] {dagbag.py:538} INFO - Filling up the DagBag from /home/airflow/.local/lib/python3.8/site-packages/airflow/example_dags/example_local_kubernetes_executor.py
[2025-01-14T00:23:57.851+0000] {processor.py:840} INFO - DAG(s) 'example_local_kubernetes_executor' retrieved from /home/airflow/.local/lib/python3.8/site-packages/airflow/example_dags/example_local_kubernetes_executor.py
[2025-01-14T00:23:57.872+0000] {logging_mixin.py:188} INFO - [2025-01-14T00:23:57.872+0000] {dag.py:3036} INFO - Sync 1 DAGs
[2025-01-14T00:23:57.879+0000] {logging_mixin.py:188} INFO - [2025-01-14T00:23:57.879+0000] {dag.py:3823} INFO - Setting next_dagrun for example_local_kubernetes_executor to None, run_after=None
[2025-01-14T00:23:57.893+0000] {processor.py:183} INFO - Processing /home/airflow/.local/lib/python3.8/site-packages/airflow/example_dags/example_local_kubernetes_executor.py took 0.050 seconds
[2025-01-14T00:24:28.896+0000] {processor.py:161} INFO - Started process (PID=2120) to work on /home/airflow/.local/lib/python3.8/site-packages/airflow/example_dags/example_local_kubernetes_executor.py
[2025-01-14T00:24:28.897+0000] {processor.py:830} INFO - Processing file /home/airflow/.local/lib/python3.8/site-packages/airflow/example_dags/example_local_kubernetes_executor.py for tasks to queue
[2025-01-14T00:24:28.898+0000] {logging_mixin.py:188} INFO - [2025-01-14T00:24:28.898+0000] {dagbag.py:538} INFO - Filling up the DagBag from /home/airflow/.local/lib/python3.8/site-packages/airflow/example_dags/example_local_kubernetes_executor.py
[2025-01-14T00:24:28.902+0000] {processor.py:840} INFO - DAG(s) 'example_local_kubernetes_executor' retrieved from /home/airflow/.local/lib/python3.8/site-packages/airflow/example_dags/example_local_kubernetes_executor.py
[2025-01-14T00:24:28.924+0000] {logging_mixin.py:188} INFO - [2025-01-14T00:24:28.924+0000] {dag.py:3036} INFO - Sync 1 DAGs
[2025-01-14T00:24:28.932+0000] {logging_mixin.py:188} INFO - [2025-01-14T00:24:28.931+0000] {dag.py:3823} INFO - Setting next_dagrun for example_local_kubernetes_executor to None, run_after=None
[2025-01-14T00:24:28.945+0000] {processor.py:183} INFO - Processing /home/airflow/.local/lib/python3.8/site-packages/airflow/example_dags/example_local_kubernetes_executor.py took 0.050 seconds
[2025-01-14T00:24:59.252+0000] {processor.py:161} INFO - Started process (PID=2179) to work on /home/airflow/.local/lib/python3.8/site-packages/airflow/example_dags/example_local_kubernetes_executor.py
[2025-01-14T00:24:59.253+0000] {processor.py:830} INFO - Processing file /home/airflow/.local/lib/python3.8/site-packages/airflow/example_dags/example_local_kubernetes_executor.py for tasks to queue
[2025-01-14T00:24:59.254+0000] {logging_mixin.py:188} INFO - [2025-01-14T00:24:59.254+0000] {dagbag.py:538} INFO - Filling up the DagBag from /home/airflow/.local/lib/python3.8/site-packages/airflow/example_dags/example_local_kubernetes_executor.py
[2025-01-14T00:24:59.259+0000] {processor.py:840} INFO - DAG(s) 'example_local_kubernetes_executor' retrieved from /home/airflow/.local/lib/python3.8/site-packages/airflow/example_dags/example_local_kubernetes_executor.py
[2025-01-14T00:24:59.282+0000] {logging_mixin.py:188} INFO - [2025-01-14T00:24:59.282+0000] {dag.py:3036} INFO - Sync 1 DAGs
[2025-01-14T00:24:59.290+0000] {logging_mixin.py:188} INFO - [2025-01-14T00:24:59.290+0000] {dag.py:3823} INFO - Setting next_dagrun for example_local_kubernetes_executor to None, run_after=None
[2025-01-14T00:24:59.303+0000] {processor.py:183} INFO - Processing /home/airflow/.local/lib/python3.8/site-packages/airflow/example_dags/example_local_kubernetes_executor.py took 0.053 seconds
[2025-01-14T00:25:30.316+0000] {processor.py:161} INFO - Started process (PID=2238) to work on /home/airflow/.local/lib/python3.8/site-packages/airflow/example_dags/example_local_kubernetes_executor.py
[2025-01-14T00:25:30.316+0000] {processor.py:830} INFO - Processing file /home/airflow/.local/lib/python3.8/site-packages/airflow/example_dags/example_local_kubernetes_executor.py for tasks to queue
[2025-01-14T00:25:30.317+0000] {logging_mixin.py:188} INFO - [2025-01-14T00:25:30.317+0000] {dagbag.py:538} INFO - Filling up the DagBag from /home/airflow/.local/lib/python3.8/site-packages/airflow/example_dags/example_local_kubernetes_executor.py
[2025-01-14T00:25:30.322+0000] {processor.py:840} INFO - DAG(s) 'example_local_kubernetes_executor' retrieved from /home/airflow/.local/lib/python3.8/site-packages/airflow/example_dags/example_local_kubernetes_executor.py
[2025-01-14T00:25:30.346+0000] {logging_mixin.py:188} INFO - [2025-01-14T00:25:30.346+0000] {dag.py:3036} INFO - Sync 1 DAGs
[2025-01-14T00:25:30.355+0000] {logging_mixin.py:188} INFO - [2025-01-14T00:25:30.355+0000] {dag.py:3823} INFO - Setting next_dagrun for example_local_kubernetes_executor to None, run_after=None
[2025-01-14T00:25:30.369+0000] {processor.py:183} INFO - Processing /home/airflow/.local/lib/python3.8/site-packages/airflow/example_dags/example_local_kubernetes_executor.py took 0.056 seconds
[2025-01-14T00:26:01.580+0000] {processor.py:161} INFO - Started process (PID=2297) to work on /home/airflow/.local/lib/python3.8/site-packages/airflow/example_dags/example_local_kubernetes_executor.py
[2025-01-14T00:26:01.581+0000] {processor.py:830} INFO - Processing file /home/airflow/.local/lib/python3.8/site-packages/airflow/example_dags/example_local_kubernetes_executor.py for tasks to queue
[2025-01-14T00:26:01.582+0000] {logging_mixin.py:188} INFO - [2025-01-14T00:26:01.582+0000] {dagbag.py:538} INFO - Filling up the DagBag from /home/airflow/.local/lib/python3.8/site-packages/airflow/example_dags/example_local_kubernetes_executor.py
[2025-01-14T00:26:01.587+0000] {processor.py:840} INFO - DAG(s) 'example_local_kubernetes_executor' retrieved from /home/airflow/.local/lib/python3.8/site-packages/airflow/example_dags/example_local_kubernetes_executor.py
[2025-01-14T00:26:01.607+0000] {logging_mixin.py:188} INFO - [2025-01-14T00:26:01.607+0000] {dag.py:3036} INFO - Sync 1 DAGs
[2025-01-14T00:26:01.614+0000] {logging_mixin.py:188} INFO - [2025-01-14T00:26:01.614+0000] {dag.py:3823} INFO - Setting next_dagrun for example_local_kubernetes_executor to None, run_after=None
[2025-01-14T00:26:01.626+0000] {processor.py:183} INFO - Processing /home/airflow/.local/lib/python3.8/site-packages/airflow/example_dags/example_local_kubernetes_executor.py took 0.048 seconds
[2025-01-14T00:26:32.113+0000] {processor.py:161} INFO - Started process (PID=2356) to work on /home/airflow/.local/lib/python3.8/site-packages/airflow/example_dags/example_local_kubernetes_executor.py
[2025-01-14T00:26:32.114+0000] {processor.py:830} INFO - Processing file /home/airflow/.local/lib/python3.8/site-packages/airflow/example_dags/example_local_kubernetes_executor.py for tasks to queue
[2025-01-14T00:26:32.115+0000] {logging_mixin.py:188} INFO - [2025-01-14T00:26:32.114+0000] {dagbag.py:538} INFO - Filling up the DagBag from /home/airflow/.local/lib/python3.8/site-packages/airflow/example_dags/example_local_kubernetes_executor.py
[2025-01-14T00:26:32.121+0000] {processor.py:840} INFO - DAG(s) 'example_local_kubernetes_executor' retrieved from /home/airflow/.local/lib/python3.8/site-packages/airflow/example_dags/example_local_kubernetes_executor.py
[2025-01-14T00:26:32.142+0000] {logging_mixin.py:188} INFO - [2025-01-14T00:26:32.141+0000] {dag.py:3036} INFO - Sync 1 DAGs
[2025-01-14T00:26:32.149+0000] {logging_mixin.py:188} INFO - [2025-01-14T00:26:32.149+0000] {dag.py:3823} INFO - Setting next_dagrun for example_local_kubernetes_executor to None, run_after=None
[2025-01-14T00:26:32.162+0000] {processor.py:183} INFO - Processing /home/airflow/.local/lib/python3.8/site-packages/airflow/example_dags/example_local_kubernetes_executor.py took 0.051 seconds
[2025-01-14T00:27:02.990+0000] {processor.py:161} INFO - Started process (PID=2415) to work on /home/airflow/.local/lib/python3.8/site-packages/airflow/example_dags/example_local_kubernetes_executor.py
[2025-01-14T00:27:02.992+0000] {processor.py:830} INFO - Processing file /home/airflow/.local/lib/python3.8/site-packages/airflow/example_dags/example_local_kubernetes_executor.py for tasks to queue
[2025-01-14T00:27:02.995+0000] {logging_mixin.py:188} INFO - [2025-01-14T00:27:02.995+0000] {dagbag.py:538} INFO - Filling up the DagBag from /home/airflow/.local/lib/python3.8/site-packages/airflow/example_dags/example_local_kubernetes_executor.py
[2025-01-14T00:27:03.005+0000] {processor.py:840} INFO - DAG(s) 'example_local_kubernetes_executor' retrieved from /home/airflow/.local/lib/python3.8/site-packages/airflow/example_dags/example_local_kubernetes_executor.py
[2025-01-14T00:27:03.040+0000] {logging_mixin.py:188} INFO - [2025-01-14T00:27:03.040+0000] {dag.py:3036} INFO - Sync 1 DAGs
[2025-01-14T00:27:03.053+0000] {logging_mixin.py:188} INFO - [2025-01-14T00:27:03.053+0000] {dag.py:3823} INFO - Setting next_dagrun for example_local_kubernetes_executor to None, run_after=None
[2025-01-14T00:27:03.069+0000] {processor.py:183} INFO - Processing /home/airflow/.local/lib/python3.8/site-packages/airflow/example_dags/example_local_kubernetes_executor.py took 0.083 seconds
[2025-01-14T00:27:33.794+0000] {processor.py:161} INFO - Started process (PID=2474) to work on /home/airflow/.local/lib/python3.8/site-packages/airflow/example_dags/example_local_kubernetes_executor.py
[2025-01-14T00:27:33.794+0000] {processor.py:830} INFO - Processing file /home/airflow/.local/lib/python3.8/site-packages/airflow/example_dags/example_local_kubernetes_executor.py for tasks to queue
[2025-01-14T00:27:33.795+0000] {logging_mixin.py:188} INFO - [2025-01-14T00:27:33.795+0000] {dagbag.py:538} INFO - Filling up the DagBag from /home/airflow/.local/lib/python3.8/site-packages/airflow/example_dags/example_local_kubernetes_executor.py
[2025-01-14T00:27:33.801+0000] {processor.py:840} INFO - DAG(s) 'example_local_kubernetes_executor' retrieved from /home/airflow/.local/lib/python3.8/site-packages/airflow/example_dags/example_local_kubernetes_executor.py
[2025-01-14T00:27:33.826+0000] {logging_mixin.py:188} INFO - [2025-01-14T00:27:33.825+0000] {dag.py:3036} INFO - Sync 1 DAGs
[2025-01-14T00:27:33.835+0000] {logging_mixin.py:188} INFO - [2025-01-14T00:27:33.834+0000] {dag.py:3823} INFO - Setting next_dagrun for example_local_kubernetes_executor to None, run_after=None
[2025-01-14T00:27:33.850+0000] {processor.py:183} INFO - Processing /home/airflow/.local/lib/python3.8/site-packages/airflow/example_dags/example_local_kubernetes_executor.py took 0.058 seconds
[2025-01-14T00:28:04.314+0000] {processor.py:161} INFO - Started process (PID=2533) to work on /home/airflow/.local/lib/python3.8/site-packages/airflow/example_dags/example_local_kubernetes_executor.py
[2025-01-14T00:28:04.314+0000] {processor.py:830} INFO - Processing file /home/airflow/.local/lib/python3.8/site-packages/airflow/example_dags/example_local_kubernetes_executor.py for tasks to queue
[2025-01-14T00:28:04.315+0000] {logging_mixin.py:188} INFO - [2025-01-14T00:28:04.315+0000] {dagbag.py:538} INFO - Filling up the DagBag from /home/airflow/.local/lib/python3.8/site-packages/airflow/example_dags/example_local_kubernetes_executor.py
[2025-01-14T00:28:04.320+0000] {processor.py:840} INFO - DAG(s) 'example_local_kubernetes_executor' retrieved from /home/airflow/.local/lib/python3.8/site-packages/airflow/example_dags/example_local_kubernetes_executor.py
[2025-01-14T00:28:04.446+0000] {logging_mixin.py:188} INFO - [2025-01-14T00:28:04.446+0000] {dag.py:3036} INFO - Sync 1 DAGs
[2025-01-14T00:28:04.455+0000] {logging_mixin.py:188} INFO - [2025-01-14T00:28:04.455+0000] {dag.py:3823} INFO - Setting next_dagrun for example_local_kubernetes_executor to None, run_after=None
[2025-01-14T00:28:04.468+0000] {processor.py:183} INFO - Processing /home/airflow/.local/lib/python3.8/site-packages/airflow/example_dags/example_local_kubernetes_executor.py took 0.156 seconds
[2025-01-14T00:28:34.799+0000] {processor.py:161} INFO - Started process (PID=2593) to work on /home/airflow/.local/lib/python3.8/site-packages/airflow/example_dags/example_local_kubernetes_executor.py
[2025-01-14T00:28:34.800+0000] {processor.py:830} INFO - Processing file /home/airflow/.local/lib/python3.8/site-packages/airflow/example_dags/example_local_kubernetes_executor.py for tasks to queue
[2025-01-14T00:28:34.802+0000] {logging_mixin.py:188} INFO - [2025-01-14T00:28:34.801+0000] {dagbag.py:538} INFO - Filling up the DagBag from /home/airflow/.local/lib/python3.8/site-packages/airflow/example_dags/example_local_kubernetes_executor.py
[2025-01-14T00:28:34.807+0000] {processor.py:840} INFO - DAG(s) 'example_local_kubernetes_executor' retrieved from /home/airflow/.local/lib/python3.8/site-packages/airflow/example_dags/example_local_kubernetes_executor.py
[2025-01-14T00:28:34.836+0000] {logging_mixin.py:188} INFO - [2025-01-14T00:28:34.836+0000] {dag.py:3036} INFO - Sync 1 DAGs
[2025-01-14T00:28:34.950+0000] {logging_mixin.py:188} INFO - [2025-01-14T00:28:34.950+0000] {dag.py:3823} INFO - Setting next_dagrun for example_local_kubernetes_executor to None, run_after=None
[2025-01-14T00:28:34.963+0000] {processor.py:183} INFO - Processing /home/airflow/.local/lib/python3.8/site-packages/airflow/example_dags/example_local_kubernetes_executor.py took 0.167 seconds
[2025-01-14T00:29:05.342+0000] {processor.py:161} INFO - Started process (PID=2652) to work on /home/airflow/.local/lib/python3.8/site-packages/airflow/example_dags/example_local_kubernetes_executor.py
[2025-01-14T00:29:05.343+0000] {processor.py:830} INFO - Processing file /home/airflow/.local/lib/python3.8/site-packages/airflow/example_dags/example_local_kubernetes_executor.py for tasks to queue
[2025-01-14T00:29:05.344+0000] {logging_mixin.py:188} INFO - [2025-01-14T00:29:05.344+0000] {dagbag.py:538} INFO - Filling up the DagBag from /home/airflow/.local/lib/python3.8/site-packages/airflow/example_dags/example_local_kubernetes_executor.py
[2025-01-14T00:29:05.349+0000] {processor.py:840} INFO - DAG(s) 'example_local_kubernetes_executor' retrieved from /home/airflow/.local/lib/python3.8/site-packages/airflow/example_dags/example_local_kubernetes_executor.py
[2025-01-14T00:29:05.372+0000] {logging_mixin.py:188} INFO - [2025-01-14T00:29:05.372+0000] {dag.py:3036} INFO - Sync 1 DAGs
[2025-01-14T00:29:05.490+0000] {logging_mixin.py:188} INFO - [2025-01-14T00:29:05.490+0000] {dag.py:3823} INFO - Setting next_dagrun for example_local_kubernetes_executor to None, run_after=None
[2025-01-14T00:29:05.524+0000] {processor.py:183} INFO - Processing /home/airflow/.local/lib/python3.8/site-packages/airflow/example_dags/example_local_kubernetes_executor.py took 0.185 seconds
[2025-01-14T00:29:36.475+0000] {processor.py:161} INFO - Started process (PID=2712) to work on /home/airflow/.local/lib/python3.8/site-packages/airflow/example_dags/example_local_kubernetes_executor.py
[2025-01-14T00:29:36.476+0000] {processor.py:830} INFO - Processing file /home/airflow/.local/lib/python3.8/site-packages/airflow/example_dags/example_local_kubernetes_executor.py for tasks to queue
[2025-01-14T00:29:36.477+0000] {logging_mixin.py:188} INFO - [2025-01-14T00:29:36.477+0000] {dagbag.py:538} INFO - Filling up the DagBag from /home/airflow/.local/lib/python3.8/site-packages/airflow/example_dags/example_local_kubernetes_executor.py
[2025-01-14T00:29:36.482+0000] {processor.py:840} INFO - DAG(s) 'example_local_kubernetes_executor' retrieved from /home/airflow/.local/lib/python3.8/site-packages/airflow/example_dags/example_local_kubernetes_executor.py
[2025-01-14T00:29:36.508+0000] {logging_mixin.py:188} INFO - [2025-01-14T00:29:36.507+0000] {dag.py:3036} INFO - Sync 1 DAGs
[2025-01-14T00:29:36.519+0000] {logging_mixin.py:188} INFO - [2025-01-14T00:29:36.518+0000] {dag.py:3823} INFO - Setting next_dagrun for example_local_kubernetes_executor to None, run_after=None
[2025-01-14T00:29:36.536+0000] {processor.py:183} INFO - Processing /home/airflow/.local/lib/python3.8/site-packages/airflow/example_dags/example_local_kubernetes_executor.py took 0.063 seconds
[2025-01-14T00:30:06.760+0000] {processor.py:161} INFO - Started process (PID=2771) to work on /home/airflow/.local/lib/python3.8/site-packages/airflow/example_dags/example_local_kubernetes_executor.py
[2025-01-14T00:30:06.761+0000] {processor.py:830} INFO - Processing file /home/airflow/.local/lib/python3.8/site-packages/airflow/example_dags/example_local_kubernetes_executor.py for tasks to queue
[2025-01-14T00:30:06.762+0000] {logging_mixin.py:188} INFO - [2025-01-14T00:30:06.762+0000] {dagbag.py:538} INFO - Filling up the DagBag from /home/airflow/.local/lib/python3.8/site-packages/airflow/example_dags/example_local_kubernetes_executor.py
[2025-01-14T00:30:06.766+0000] {processor.py:840} INFO - DAG(s) 'example_local_kubernetes_executor' retrieved from /home/airflow/.local/lib/python3.8/site-packages/airflow/example_dags/example_local_kubernetes_executor.py
[2025-01-14T00:30:06.787+0000] {logging_mixin.py:188} INFO - [2025-01-14T00:30:06.787+0000] {dag.py:3036} INFO - Sync 1 DAGs
[2025-01-14T00:30:06.795+0000] {logging_mixin.py:188} INFO - [2025-01-14T00:30:06.795+0000] {dag.py:3823} INFO - Setting next_dagrun for example_local_kubernetes_executor to None, run_after=None
[2025-01-14T00:30:06.807+0000] {processor.py:183} INFO - Processing /home/airflow/.local/lib/python3.8/site-packages/airflow/example_dags/example_local_kubernetes_executor.py took 0.049 seconds
[2025-01-14T00:30:37.556+0000] {processor.py:161} INFO - Started process (PID=2830) to work on /home/airflow/.local/lib/python3.8/site-packages/airflow/example_dags/example_local_kubernetes_executor.py
[2025-01-14T00:30:37.557+0000] {processor.py:830} INFO - Processing file /home/airflow/.local/lib/python3.8/site-packages/airflow/example_dags/example_local_kubernetes_executor.py for tasks to queue
[2025-01-14T00:30:37.558+0000] {logging_mixin.py:188} INFO - [2025-01-14T00:30:37.558+0000] {dagbag.py:538} INFO - Filling up the DagBag from /home/airflow/.local/lib/python3.8/site-packages/airflow/example_dags/example_local_kubernetes_executor.py
[2025-01-14T00:30:37.563+0000] {processor.py:840} INFO - DAG(s) 'example_local_kubernetes_executor' retrieved from /home/airflow/.local/lib/python3.8/site-packages/airflow/example_dags/example_local_kubernetes_executor.py
[2025-01-14T00:30:37.584+0000] {logging_mixin.py:188} INFO - [2025-01-14T00:30:37.584+0000] {dag.py:3036} INFO - Sync 1 DAGs
[2025-01-14T00:30:37.592+0000] {logging_mixin.py:188} INFO - [2025-01-14T00:30:37.592+0000] {dag.py:3823} INFO - Setting next_dagrun for example_local_kubernetes_executor to None, run_after=None
[2025-01-14T00:30:37.604+0000] {processor.py:183} INFO - Processing /home/airflow/.local/lib/python3.8/site-packages/airflow/example_dags/example_local_kubernetes_executor.py took 0.050 seconds
[2025-01-14T00:31:08.256+0000] {processor.py:161} INFO - Started process (PID=2889) to work on /home/airflow/.local/lib/python3.8/site-packages/airflow/example_dags/example_local_kubernetes_executor.py
[2025-01-14T00:31:08.257+0000] {processor.py:830} INFO - Processing file /home/airflow/.local/lib/python3.8/site-packages/airflow/example_dags/example_local_kubernetes_executor.py for tasks to queue
[2025-01-14T00:31:08.258+0000] {logging_mixin.py:188} INFO - [2025-01-14T00:31:08.258+0000] {dagbag.py:538} INFO - Filling up the DagBag from /home/airflow/.local/lib/python3.8/site-packages/airflow/example_dags/example_local_kubernetes_executor.py
[2025-01-14T00:31:08.263+0000] {processor.py:840} INFO - DAG(s) 'example_local_kubernetes_executor' retrieved from /home/airflow/.local/lib/python3.8/site-packages/airflow/example_dags/example_local_kubernetes_executor.py
[2025-01-14T00:31:08.288+0000] {logging_mixin.py:188} INFO - [2025-01-14T00:31:08.288+0000] {dag.py:3036} INFO - Sync 1 DAGs
[2025-01-14T00:31:08.296+0000] {logging_mixin.py:188} INFO - [2025-01-14T00:31:08.296+0000] {dag.py:3823} INFO - Setting next_dagrun for example_local_kubernetes_executor to None, run_after=None
[2025-01-14T00:31:08.309+0000] {processor.py:183} INFO - Processing /home/airflow/.local/lib/python3.8/site-packages/airflow/example_dags/example_local_kubernetes_executor.py took 0.054 seconds
[2025-01-14T00:31:39.112+0000] {processor.py:161} INFO - Started process (PID=2948) to work on /home/airflow/.local/lib/python3.8/site-packages/airflow/example_dags/example_local_kubernetes_executor.py
[2025-01-14T00:31:39.113+0000] {processor.py:830} INFO - Processing file /home/airflow/.local/lib/python3.8/site-packages/airflow/example_dags/example_local_kubernetes_executor.py for tasks to queue
[2025-01-14T00:31:39.114+0000] {logging_mixin.py:188} INFO - [2025-01-14T00:31:39.114+0000] {dagbag.py:538} INFO - Filling up the DagBag from /home/airflow/.local/lib/python3.8/site-packages/airflow/example_dags/example_local_kubernetes_executor.py
[2025-01-14T00:31:39.118+0000] {processor.py:840} INFO - DAG(s) 'example_local_kubernetes_executor' retrieved from /home/airflow/.local/lib/python3.8/site-packages/airflow/example_dags/example_local_kubernetes_executor.py
[2025-01-14T00:31:39.139+0000] {logging_mixin.py:188} INFO - [2025-01-14T00:31:39.139+0000] {dag.py:3036} INFO - Sync 1 DAGs
[2025-01-14T00:31:39.147+0000] {logging_mixin.py:188} INFO - [2025-01-14T00:31:39.147+0000] {dag.py:3823} INFO - Setting next_dagrun for example_local_kubernetes_executor to None, run_after=None
[2025-01-14T00:31:39.160+0000] {processor.py:183} INFO - Processing /home/airflow/.local/lib/python3.8/site-packages/airflow/example_dags/example_local_kubernetes_executor.py took 0.050 seconds
[2025-01-14T00:32:09.996+0000] {processor.py:161} INFO - Started process (PID=3007) to work on /home/airflow/.local/lib/python3.8/site-packages/airflow/example_dags/example_local_kubernetes_executor.py
[2025-01-14T00:32:09.997+0000] {processor.py:830} INFO - Processing file /home/airflow/.local/lib/python3.8/site-packages/airflow/example_dags/example_local_kubernetes_executor.py for tasks to queue
[2025-01-14T00:32:09.998+0000] {logging_mixin.py:188} INFO - [2025-01-14T00:32:09.997+0000] {dagbag.py:538} INFO - Filling up the DagBag from /home/airflow/.local/lib/python3.8/site-packages/airflow/example_dags/example_local_kubernetes_executor.py
[2025-01-14T00:32:10.002+0000] {processor.py:840} INFO - DAG(s) 'example_local_kubernetes_executor' retrieved from /home/airflow/.local/lib/python3.8/site-packages/airflow/example_dags/example_local_kubernetes_executor.py
[2025-01-14T00:32:10.023+0000] {logging_mixin.py:188} INFO - [2025-01-14T00:32:10.022+0000] {dag.py:3036} INFO - Sync 1 DAGs
[2025-01-14T00:32:10.030+0000] {logging_mixin.py:188} INFO - [2025-01-14T00:32:10.030+0000] {dag.py:3823} INFO - Setting next_dagrun for example_local_kubernetes_executor to None, run_after=None
[2025-01-14T00:32:10.044+0000] {processor.py:183} INFO - Processing /home/airflow/.local/lib/python3.8/site-packages/airflow/example_dags/example_local_kubernetes_executor.py took 0.050 seconds
[2025-01-14T00:32:40.091+0000] {processor.py:161} INFO - Started process (PID=3064) to work on /home/airflow/.local/lib/python3.8/site-packages/airflow/example_dags/example_local_kubernetes_executor.py
[2025-01-14T00:32:40.092+0000] {processor.py:830} INFO - Processing file /home/airflow/.local/lib/python3.8/site-packages/airflow/example_dags/example_local_kubernetes_executor.py for tasks to queue
[2025-01-14T00:32:40.093+0000] {logging_mixin.py:188} INFO - [2025-01-14T00:32:40.092+0000] {dagbag.py:538} INFO - Filling up the DagBag from /home/airflow/.local/lib/python3.8/site-packages/airflow/example_dags/example_local_kubernetes_executor.py
[2025-01-14T00:32:40.097+0000] {processor.py:840} INFO - DAG(s) 'example_local_kubernetes_executor' retrieved from /home/airflow/.local/lib/python3.8/site-packages/airflow/example_dags/example_local_kubernetes_executor.py
[2025-01-14T00:32:40.117+0000] {logging_mixin.py:188} INFO - [2025-01-14T00:32:40.117+0000] {dag.py:3036} INFO - Sync 1 DAGs
[2025-01-14T00:32:40.124+0000] {logging_mixin.py:188} INFO - [2025-01-14T00:32:40.124+0000] {dag.py:3823} INFO - Setting next_dagrun for example_local_kubernetes_executor to None, run_after=None
[2025-01-14T00:32:40.136+0000] {processor.py:183} INFO - Processing /home/airflow/.local/lib/python3.8/site-packages/airflow/example_dags/example_local_kubernetes_executor.py took 0.046 seconds
