[2025-01-14T00:00:09.587+0000] {processor.py:161} INFO - Started process (PID=10579) to work on /home/airflow/.local/lib/python3.8/site-packages/airflow/example_dags/example_complex.py
[2025-01-14T00:00:09.588+0000] {processor.py:830} INFO - Processing file /home/airflow/.local/lib/python3.8/site-packages/airflow/example_dags/example_complex.py for tasks to queue
[2025-01-14T00:00:09.588+0000] {logging_mixin.py:188} INFO - [2025-01-14T00:00:09.588+0000] {dagbag.py:538} INFO - Filling up the DagBag from /home/airflow/.local/lib/python3.8/site-packages/airflow/example_dags/example_complex.py
[2025-01-14T00:00:09.595+0000] {processor.py:840} INFO - DAG(s) 'example_complex' retrieved from /home/airflow/.local/lib/python3.8/site-packages/airflow/example_dags/example_complex.py
[2025-01-14T00:00:09.615+0000] {logging_mixin.py:188} INFO - [2025-01-14T00:00:09.615+0000] {dag.py:3036} INFO - Sync 1 DAGs
[2025-01-14T00:00:09.622+0000] {logging_mixin.py:188} INFO - [2025-01-14T00:00:09.622+0000] {dag.py:3823} INFO - Setting next_dagrun for example_complex to None, run_after=None
[2025-01-14T00:00:09.635+0000] {processor.py:183} INFO - Processing /home/airflow/.local/lib/python3.8/site-packages/airflow/example_dags/example_complex.py took 0.050 seconds
[2025-01-14T00:00:40.626+0000] {processor.py:161} INFO - Started process (PID=10638) to work on /home/airflow/.local/lib/python3.8/site-packages/airflow/example_dags/example_complex.py
[2025-01-14T00:00:40.627+0000] {processor.py:830} INFO - Processing file /home/airflow/.local/lib/python3.8/site-packages/airflow/example_dags/example_complex.py for tasks to queue
[2025-01-14T00:00:40.627+0000] {logging_mixin.py:188} INFO - [2025-01-14T00:00:40.627+0000] {dagbag.py:538} INFO - Filling up the DagBag from /home/airflow/.local/lib/python3.8/site-packages/airflow/example_dags/example_complex.py
[2025-01-14T00:00:40.636+0000] {processor.py:840} INFO - DAG(s) 'example_complex' retrieved from /home/airflow/.local/lib/python3.8/site-packages/airflow/example_dags/example_complex.py
[2025-01-14T00:00:40.656+0000] {logging_mixin.py:188} INFO - [2025-01-14T00:00:40.656+0000] {dag.py:3036} INFO - Sync 1 DAGs
[2025-01-14T00:00:40.664+0000] {logging_mixin.py:188} INFO - [2025-01-14T00:00:40.664+0000] {dag.py:3823} INFO - Setting next_dagrun for example_complex to None, run_after=None
[2025-01-14T00:00:40.676+0000] {processor.py:183} INFO - Processing /home/airflow/.local/lib/python3.8/site-packages/airflow/example_dags/example_complex.py took 0.052 seconds
[2025-01-14T00:01:10.782+0000] {processor.py:161} INFO - Started process (PID=10697) to work on /home/airflow/.local/lib/python3.8/site-packages/airflow/example_dags/example_complex.py
[2025-01-14T00:01:10.782+0000] {processor.py:830} INFO - Processing file /home/airflow/.local/lib/python3.8/site-packages/airflow/example_dags/example_complex.py for tasks to queue
[2025-01-14T00:01:10.783+0000] {logging_mixin.py:188} INFO - [2025-01-14T00:01:10.783+0000] {dagbag.py:538} INFO - Filling up the DagBag from /home/airflow/.local/lib/python3.8/site-packages/airflow/example_dags/example_complex.py
[2025-01-14T00:01:10.791+0000] {processor.py:840} INFO - DAG(s) 'example_complex' retrieved from /home/airflow/.local/lib/python3.8/site-packages/airflow/example_dags/example_complex.py
[2025-01-14T00:01:10.811+0000] {logging_mixin.py:188} INFO - [2025-01-14T00:01:10.811+0000] {dag.py:3036} INFO - Sync 1 DAGs
[2025-01-14T00:01:10.819+0000] {logging_mixin.py:188} INFO - [2025-01-14T00:01:10.819+0000] {dag.py:3823} INFO - Setting next_dagrun for example_complex to None, run_after=None
[2025-01-14T00:01:10.831+0000] {processor.py:183} INFO - Processing /home/airflow/.local/lib/python3.8/site-packages/airflow/example_dags/example_complex.py took 0.052 seconds
[2025-01-14T00:01:41.819+0000] {processor.py:161} INFO - Started process (PID=10756) to work on /home/airflow/.local/lib/python3.8/site-packages/airflow/example_dags/example_complex.py
[2025-01-14T00:01:41.819+0000] {processor.py:830} INFO - Processing file /home/airflow/.local/lib/python3.8/site-packages/airflow/example_dags/example_complex.py for tasks to queue
[2025-01-14T00:01:41.820+0000] {logging_mixin.py:188} INFO - [2025-01-14T00:01:41.820+0000] {dagbag.py:538} INFO - Filling up the DagBag from /home/airflow/.local/lib/python3.8/site-packages/airflow/example_dags/example_complex.py
[2025-01-14T00:01:41.826+0000] {processor.py:840} INFO - DAG(s) 'example_complex' retrieved from /home/airflow/.local/lib/python3.8/site-packages/airflow/example_dags/example_complex.py
[2025-01-14T00:01:41.846+0000] {logging_mixin.py:188} INFO - [2025-01-14T00:01:41.845+0000] {dag.py:3036} INFO - Sync 1 DAGs
[2025-01-14T00:01:41.854+0000] {logging_mixin.py:188} INFO - [2025-01-14T00:01:41.853+0000] {dag.py:3823} INFO - Setting next_dagrun for example_complex to None, run_after=None
[2025-01-14T00:01:41.866+0000] {processor.py:183} INFO - Processing /home/airflow/.local/lib/python3.8/site-packages/airflow/example_dags/example_complex.py took 0.050 seconds
[2025-01-14T00:02:12.672+0000] {processor.py:161} INFO - Started process (PID=10815) to work on /home/airflow/.local/lib/python3.8/site-packages/airflow/example_dags/example_complex.py
[2025-01-14T00:02:12.673+0000] {processor.py:830} INFO - Processing file /home/airflow/.local/lib/python3.8/site-packages/airflow/example_dags/example_complex.py for tasks to queue
[2025-01-14T00:02:12.673+0000] {logging_mixin.py:188} INFO - [2025-01-14T00:02:12.673+0000] {dagbag.py:538} INFO - Filling up the DagBag from /home/airflow/.local/lib/python3.8/site-packages/airflow/example_dags/example_complex.py
[2025-01-14T00:02:12.680+0000] {processor.py:840} INFO - DAG(s) 'example_complex' retrieved from /home/airflow/.local/lib/python3.8/site-packages/airflow/example_dags/example_complex.py
[2025-01-14T00:02:12.700+0000] {logging_mixin.py:188} INFO - [2025-01-14T00:02:12.700+0000] {dag.py:3036} INFO - Sync 1 DAGs
[2025-01-14T00:02:12.708+0000] {logging_mixin.py:188} INFO - [2025-01-14T00:02:12.708+0000] {dag.py:3823} INFO - Setting next_dagrun for example_complex to None, run_after=None
[2025-01-14T00:02:12.720+0000] {processor.py:183} INFO - Processing /home/airflow/.local/lib/python3.8/site-packages/airflow/example_dags/example_complex.py took 0.051 seconds
[2025-01-14T00:02:43.703+0000] {processor.py:161} INFO - Started process (PID=10874) to work on /home/airflow/.local/lib/python3.8/site-packages/airflow/example_dags/example_complex.py
[2025-01-14T00:02:43.704+0000] {processor.py:830} INFO - Processing file /home/airflow/.local/lib/python3.8/site-packages/airflow/example_dags/example_complex.py for tasks to queue
[2025-01-14T00:02:43.704+0000] {logging_mixin.py:188} INFO - [2025-01-14T00:02:43.704+0000] {dagbag.py:538} INFO - Filling up the DagBag from /home/airflow/.local/lib/python3.8/site-packages/airflow/example_dags/example_complex.py
[2025-01-14T00:02:43.713+0000] {processor.py:840} INFO - DAG(s) 'example_complex' retrieved from /home/airflow/.local/lib/python3.8/site-packages/airflow/example_dags/example_complex.py
[2025-01-14T00:02:43.739+0000] {logging_mixin.py:188} INFO - [2025-01-14T00:02:43.738+0000] {dag.py:3036} INFO - Sync 1 DAGs
[2025-01-14T00:02:43.748+0000] {logging_mixin.py:188} INFO - [2025-01-14T00:02:43.748+0000] {dag.py:3823} INFO - Setting next_dagrun for example_complex to None, run_after=None
[2025-01-14T00:02:43.764+0000] {processor.py:183} INFO - Processing /home/airflow/.local/lib/python3.8/site-packages/airflow/example_dags/example_complex.py took 0.063 seconds
[2025-01-14T00:03:13.990+0000] {processor.py:161} INFO - Started process (PID=10933) to work on /home/airflow/.local/lib/python3.8/site-packages/airflow/example_dags/example_complex.py
[2025-01-14T00:03:13.990+0000] {processor.py:830} INFO - Processing file /home/airflow/.local/lib/python3.8/site-packages/airflow/example_dags/example_complex.py for tasks to queue
[2025-01-14T00:03:13.991+0000] {logging_mixin.py:188} INFO - [2025-01-14T00:03:13.991+0000] {dagbag.py:538} INFO - Filling up the DagBag from /home/airflow/.local/lib/python3.8/site-packages/airflow/example_dags/example_complex.py
[2025-01-14T00:03:14.000+0000] {processor.py:840} INFO - DAG(s) 'example_complex' retrieved from /home/airflow/.local/lib/python3.8/site-packages/airflow/example_dags/example_complex.py
[2025-01-14T00:03:14.026+0000] {logging_mixin.py:188} INFO - [2025-01-14T00:03:14.026+0000] {dag.py:3036} INFO - Sync 1 DAGs
[2025-01-14T00:03:14.038+0000] {logging_mixin.py:188} INFO - [2025-01-14T00:03:14.038+0000] {dag.py:3823} INFO - Setting next_dagrun for example_complex to None, run_after=None
[2025-01-14T00:03:14.059+0000] {processor.py:183} INFO - Processing /home/airflow/.local/lib/python3.8/site-packages/airflow/example_dags/example_complex.py took 0.072 seconds
[2025-01-14T00:03:45.019+0000] {processor.py:161} INFO - Started process (PID=10992) to work on /home/airflow/.local/lib/python3.8/site-packages/airflow/example_dags/example_complex.py
[2025-01-14T00:03:45.020+0000] {processor.py:830} INFO - Processing file /home/airflow/.local/lib/python3.8/site-packages/airflow/example_dags/example_complex.py for tasks to queue
[2025-01-14T00:03:45.021+0000] {logging_mixin.py:188} INFO - [2025-01-14T00:03:45.020+0000] {dagbag.py:538} INFO - Filling up the DagBag from /home/airflow/.local/lib/python3.8/site-packages/airflow/example_dags/example_complex.py
[2025-01-14T00:03:45.027+0000] {processor.py:840} INFO - DAG(s) 'example_complex' retrieved from /home/airflow/.local/lib/python3.8/site-packages/airflow/example_dags/example_complex.py
[2025-01-14T00:03:45.047+0000] {logging_mixin.py:188} INFO - [2025-01-14T00:03:45.046+0000] {dag.py:3036} INFO - Sync 1 DAGs
[2025-01-14T00:03:45.054+0000] {logging_mixin.py:188} INFO - [2025-01-14T00:03:45.054+0000] {dag.py:3823} INFO - Setting next_dagrun for example_complex to None, run_after=None
[2025-01-14T00:03:45.066+0000] {processor.py:183} INFO - Processing /home/airflow/.local/lib/python3.8/site-packages/airflow/example_dags/example_complex.py took 0.049 seconds
[2025-01-14T00:04:15.949+0000] {processor.py:161} INFO - Started process (PID=11051) to work on /home/airflow/.local/lib/python3.8/site-packages/airflow/example_dags/example_complex.py
[2025-01-14T00:04:15.950+0000] {processor.py:830} INFO - Processing file /home/airflow/.local/lib/python3.8/site-packages/airflow/example_dags/example_complex.py for tasks to queue
[2025-01-14T00:04:15.951+0000] {logging_mixin.py:188} INFO - [2025-01-14T00:04:15.950+0000] {dagbag.py:538} INFO - Filling up the DagBag from /home/airflow/.local/lib/python3.8/site-packages/airflow/example_dags/example_complex.py
[2025-01-14T00:04:15.959+0000] {processor.py:840} INFO - DAG(s) 'example_complex' retrieved from /home/airflow/.local/lib/python3.8/site-packages/airflow/example_dags/example_complex.py
[2025-01-14T00:04:15.980+0000] {logging_mixin.py:188} INFO - [2025-01-14T00:04:15.979+0000] {dag.py:3036} INFO - Sync 1 DAGs
[2025-01-14T00:04:15.987+0000] {logging_mixin.py:188} INFO - [2025-01-14T00:04:15.987+0000] {dag.py:3823} INFO - Setting next_dagrun for example_complex to None, run_after=None
[2025-01-14T00:04:15.999+0000] {processor.py:183} INFO - Processing /home/airflow/.local/lib/python3.8/site-packages/airflow/example_dags/example_complex.py took 0.051 seconds
[2025-01-14T00:04:46.407+0000] {processor.py:161} INFO - Started process (PID=11110) to work on /home/airflow/.local/lib/python3.8/site-packages/airflow/example_dags/example_complex.py
[2025-01-14T00:04:46.408+0000] {processor.py:830} INFO - Processing file /home/airflow/.local/lib/python3.8/site-packages/airflow/example_dags/example_complex.py for tasks to queue
[2025-01-14T00:04:46.409+0000] {logging_mixin.py:188} INFO - [2025-01-14T00:04:46.408+0000] {dagbag.py:538} INFO - Filling up the DagBag from /home/airflow/.local/lib/python3.8/site-packages/airflow/example_dags/example_complex.py
[2025-01-14T00:04:46.415+0000] {processor.py:840} INFO - DAG(s) 'example_complex' retrieved from /home/airflow/.local/lib/python3.8/site-packages/airflow/example_dags/example_complex.py
[2025-01-14T00:04:46.435+0000] {logging_mixin.py:188} INFO - [2025-01-14T00:04:46.435+0000] {dag.py:3036} INFO - Sync 1 DAGs
[2025-01-14T00:04:46.442+0000] {logging_mixin.py:188} INFO - [2025-01-14T00:04:46.442+0000] {dag.py:3823} INFO - Setting next_dagrun for example_complex to None, run_after=None
[2025-01-14T00:04:46.454+0000] {processor.py:183} INFO - Processing /home/airflow/.local/lib/python3.8/site-packages/airflow/example_dags/example_complex.py took 0.049 seconds
[2025-01-14T00:05:17.331+0000] {processor.py:161} INFO - Started process (PID=11169) to work on /home/airflow/.local/lib/python3.8/site-packages/airflow/example_dags/example_complex.py
[2025-01-14T00:05:17.331+0000] {processor.py:830} INFO - Processing file /home/airflow/.local/lib/python3.8/site-packages/airflow/example_dags/example_complex.py for tasks to queue
[2025-01-14T00:05:17.332+0000] {logging_mixin.py:188} INFO - [2025-01-14T00:05:17.332+0000] {dagbag.py:538} INFO - Filling up the DagBag from /home/airflow/.local/lib/python3.8/site-packages/airflow/example_dags/example_complex.py
[2025-01-14T00:05:17.340+0000] {processor.py:840} INFO - DAG(s) 'example_complex' retrieved from /home/airflow/.local/lib/python3.8/site-packages/airflow/example_dags/example_complex.py
[2025-01-14T00:05:17.362+0000] {logging_mixin.py:188} INFO - [2025-01-14T00:05:17.362+0000] {dag.py:3036} INFO - Sync 1 DAGs
[2025-01-14T00:05:17.370+0000] {logging_mixin.py:188} INFO - [2025-01-14T00:05:17.369+0000] {dag.py:3823} INFO - Setting next_dagrun for example_complex to None, run_after=None
[2025-01-14T00:05:17.382+0000] {processor.py:183} INFO - Processing /home/airflow/.local/lib/python3.8/site-packages/airflow/example_dags/example_complex.py took 0.054 seconds
[2025-01-14T00:06:23.870+0000] {processor.py:161} INFO - Started process (PID=54) to work on /home/airflow/.local/lib/python3.8/site-packages/airflow/example_dags/example_complex.py
[2025-01-14T00:06:23.870+0000] {processor.py:830} INFO - Processing file /home/airflow/.local/lib/python3.8/site-packages/airflow/example_dags/example_complex.py for tasks to queue
[2025-01-14T00:06:23.872+0000] {logging_mixin.py:188} INFO - [2025-01-14T00:06:23.871+0000] {dagbag.py:538} INFO - Filling up the DagBag from /home/airflow/.local/lib/python3.8/site-packages/airflow/example_dags/example_complex.py
[2025-01-14T00:06:23.879+0000] {processor.py:840} INFO - DAG(s) 'example_complex' retrieved from /home/airflow/.local/lib/python3.8/site-packages/airflow/example_dags/example_complex.py
[2025-01-14T00:06:23.888+0000] {logging_mixin.py:188} INFO - [2025-01-14T00:06:23.888+0000] {dag.py:3036} INFO - Sync 1 DAGs
[2025-01-14T00:06:23.899+0000] {logging_mixin.py:188} INFO - [2025-01-14T00:06:23.899+0000] {dag.py:3823} INFO - Setting next_dagrun for example_complex to None, run_after=None
[2025-01-14T00:06:23.917+0000] {processor.py:183} INFO - Processing /home/airflow/.local/lib/python3.8/site-packages/airflow/example_dags/example_complex.py took 0.049 seconds
[2025-01-14T00:06:54.480+0000] {processor.py:161} INFO - Started process (PID=113) to work on /home/airflow/.local/lib/python3.8/site-packages/airflow/example_dags/example_complex.py
[2025-01-14T00:06:54.481+0000] {processor.py:830} INFO - Processing file /home/airflow/.local/lib/python3.8/site-packages/airflow/example_dags/example_complex.py for tasks to queue
[2025-01-14T00:06:54.482+0000] {logging_mixin.py:188} INFO - [2025-01-14T00:06:54.482+0000] {dagbag.py:538} INFO - Filling up the DagBag from /home/airflow/.local/lib/python3.8/site-packages/airflow/example_dags/example_complex.py
[2025-01-14T00:06:54.488+0000] {processor.py:840} INFO - DAG(s) 'example_complex' retrieved from /home/airflow/.local/lib/python3.8/site-packages/airflow/example_dags/example_complex.py
[2025-01-14T00:06:54.556+0000] {logging_mixin.py:188} INFO - [2025-01-14T00:06:54.556+0000] {dag.py:3036} INFO - Sync 1 DAGs
[2025-01-14T00:06:54.562+0000] {logging_mixin.py:188} INFO - [2025-01-14T00:06:54.562+0000] {dag.py:3823} INFO - Setting next_dagrun for example_complex to None, run_after=None
[2025-01-14T00:06:54.576+0000] {processor.py:183} INFO - Processing /home/airflow/.local/lib/python3.8/site-packages/airflow/example_dags/example_complex.py took 0.098 seconds
[2025-01-14T00:07:24.596+0000] {processor.py:161} INFO - Started process (PID=172) to work on /home/airflow/.local/lib/python3.8/site-packages/airflow/example_dags/example_complex.py
[2025-01-14T00:07:24.597+0000] {processor.py:830} INFO - Processing file /home/airflow/.local/lib/python3.8/site-packages/airflow/example_dags/example_complex.py for tasks to queue
[2025-01-14T00:07:24.598+0000] {logging_mixin.py:188} INFO - [2025-01-14T00:07:24.598+0000] {dagbag.py:538} INFO - Filling up the DagBag from /home/airflow/.local/lib/python3.8/site-packages/airflow/example_dags/example_complex.py
[2025-01-14T00:07:24.605+0000] {processor.py:840} INFO - DAG(s) 'example_complex' retrieved from /home/airflow/.local/lib/python3.8/site-packages/airflow/example_dags/example_complex.py
[2025-01-14T00:07:24.624+0000] {logging_mixin.py:188} INFO - [2025-01-14T00:07:24.624+0000] {dag.py:3036} INFO - Sync 1 DAGs
[2025-01-14T00:07:24.632+0000] {logging_mixin.py:188} INFO - [2025-01-14T00:07:24.632+0000] {dag.py:3823} INFO - Setting next_dagrun for example_complex to None, run_after=None
[2025-01-14T00:07:24.646+0000] {processor.py:183} INFO - Processing /home/airflow/.local/lib/python3.8/site-packages/airflow/example_dags/example_complex.py took 0.052 seconds
[2025-01-14T00:07:54.852+0000] {processor.py:161} INFO - Started process (PID=231) to work on /home/airflow/.local/lib/python3.8/site-packages/airflow/example_dags/example_complex.py
[2025-01-14T00:07:54.853+0000] {processor.py:830} INFO - Processing file /home/airflow/.local/lib/python3.8/site-packages/airflow/example_dags/example_complex.py for tasks to queue
[2025-01-14T00:07:54.854+0000] {logging_mixin.py:188} INFO - [2025-01-14T00:07:54.854+0000] {dagbag.py:538} INFO - Filling up the DagBag from /home/airflow/.local/lib/python3.8/site-packages/airflow/example_dags/example_complex.py
[2025-01-14T00:07:54.861+0000] {processor.py:840} INFO - DAG(s) 'example_complex' retrieved from /home/airflow/.local/lib/python3.8/site-packages/airflow/example_dags/example_complex.py
[2025-01-14T00:07:54.882+0000] {logging_mixin.py:188} INFO - [2025-01-14T00:07:54.882+0000] {dag.py:3036} INFO - Sync 1 DAGs
[2025-01-14T00:07:54.889+0000] {logging_mixin.py:188} INFO - [2025-01-14T00:07:54.889+0000] {dag.py:3823} INFO - Setting next_dagrun for example_complex to None, run_after=None
[2025-01-14T00:07:54.901+0000] {processor.py:183} INFO - Processing /home/airflow/.local/lib/python3.8/site-packages/airflow/example_dags/example_complex.py took 0.052 seconds
[2025-01-14T00:08:25.129+0000] {processor.py:161} INFO - Started process (PID=290) to work on /home/airflow/.local/lib/python3.8/site-packages/airflow/example_dags/example_complex.py
[2025-01-14T00:08:25.130+0000] {processor.py:830} INFO - Processing file /home/airflow/.local/lib/python3.8/site-packages/airflow/example_dags/example_complex.py for tasks to queue
[2025-01-14T00:08:25.131+0000] {logging_mixin.py:188} INFO - [2025-01-14T00:08:25.131+0000] {dagbag.py:538} INFO - Filling up the DagBag from /home/airflow/.local/lib/python3.8/site-packages/airflow/example_dags/example_complex.py
[2025-01-14T00:08:25.139+0000] {processor.py:840} INFO - DAG(s) 'example_complex' retrieved from /home/airflow/.local/lib/python3.8/site-packages/airflow/example_dags/example_complex.py
[2025-01-14T00:08:25.161+0000] {logging_mixin.py:188} INFO - [2025-01-14T00:08:25.161+0000] {dag.py:3036} INFO - Sync 1 DAGs
[2025-01-14T00:08:25.169+0000] {logging_mixin.py:188} INFO - [2025-01-14T00:08:25.169+0000] {dag.py:3823} INFO - Setting next_dagrun for example_complex to None, run_after=None
[2025-01-14T00:08:25.182+0000] {processor.py:183} INFO - Processing /home/airflow/.local/lib/python3.8/site-packages/airflow/example_dags/example_complex.py took 0.055 seconds
[2025-01-14T00:08:56.353+0000] {processor.py:161} INFO - Started process (PID=349) to work on /home/airflow/.local/lib/python3.8/site-packages/airflow/example_dags/example_complex.py
[2025-01-14T00:08:56.354+0000] {processor.py:830} INFO - Processing file /home/airflow/.local/lib/python3.8/site-packages/airflow/example_dags/example_complex.py for tasks to queue
[2025-01-14T00:08:56.355+0000] {logging_mixin.py:188} INFO - [2025-01-14T00:08:56.355+0000] {dagbag.py:538} INFO - Filling up the DagBag from /home/airflow/.local/lib/python3.8/site-packages/airflow/example_dags/example_complex.py
[2025-01-14T00:08:56.364+0000] {processor.py:840} INFO - DAG(s) 'example_complex' retrieved from /home/airflow/.local/lib/python3.8/site-packages/airflow/example_dags/example_complex.py
[2025-01-14T00:08:56.388+0000] {logging_mixin.py:188} INFO - [2025-01-14T00:08:56.388+0000] {dag.py:3036} INFO - Sync 1 DAGs
[2025-01-14T00:08:56.397+0000] {logging_mixin.py:188} INFO - [2025-01-14T00:08:56.397+0000] {dag.py:3823} INFO - Setting next_dagrun for example_complex to None, run_after=None
[2025-01-14T00:08:56.411+0000] {processor.py:183} INFO - Processing /home/airflow/.local/lib/python3.8/site-packages/airflow/example_dags/example_complex.py took 0.060 seconds
[2025-01-14T00:09:26.847+0000] {processor.py:161} INFO - Started process (PID=408) to work on /home/airflow/.local/lib/python3.8/site-packages/airflow/example_dags/example_complex.py
[2025-01-14T00:09:26.848+0000] {processor.py:830} INFO - Processing file /home/airflow/.local/lib/python3.8/site-packages/airflow/example_dags/example_complex.py for tasks to queue
[2025-01-14T00:09:26.849+0000] {logging_mixin.py:188} INFO - [2025-01-14T00:09:26.849+0000] {dagbag.py:538} INFO - Filling up the DagBag from /home/airflow/.local/lib/python3.8/site-packages/airflow/example_dags/example_complex.py
[2025-01-14T00:09:26.856+0000] {processor.py:840} INFO - DAG(s) 'example_complex' retrieved from /home/airflow/.local/lib/python3.8/site-packages/airflow/example_dags/example_complex.py
[2025-01-14T00:09:26.875+0000] {logging_mixin.py:188} INFO - [2025-01-14T00:09:26.875+0000] {dag.py:3036} INFO - Sync 1 DAGs
[2025-01-14T00:09:26.883+0000] {logging_mixin.py:188} INFO - [2025-01-14T00:09:26.883+0000] {dag.py:3823} INFO - Setting next_dagrun for example_complex to None, run_after=None
[2025-01-14T00:09:26.897+0000] {processor.py:183} INFO - Processing /home/airflow/.local/lib/python3.8/site-packages/airflow/example_dags/example_complex.py took 0.051 seconds
[2025-01-14T00:09:57.885+0000] {processor.py:161} INFO - Started process (PID=467) to work on /home/airflow/.local/lib/python3.8/site-packages/airflow/example_dags/example_complex.py
[2025-01-14T00:09:57.885+0000] {processor.py:830} INFO - Processing file /home/airflow/.local/lib/python3.8/site-packages/airflow/example_dags/example_complex.py for tasks to queue
[2025-01-14T00:09:57.886+0000] {logging_mixin.py:188} INFO - [2025-01-14T00:09:57.886+0000] {dagbag.py:538} INFO - Filling up the DagBag from /home/airflow/.local/lib/python3.8/site-packages/airflow/example_dags/example_complex.py
[2025-01-14T00:09:57.893+0000] {processor.py:840} INFO - DAG(s) 'example_complex' retrieved from /home/airflow/.local/lib/python3.8/site-packages/airflow/example_dags/example_complex.py
[2025-01-14T00:09:57.912+0000] {logging_mixin.py:188} INFO - [2025-01-14T00:09:57.912+0000] {dag.py:3036} INFO - Sync 1 DAGs
[2025-01-14T00:09:57.919+0000] {logging_mixin.py:188} INFO - [2025-01-14T00:09:57.919+0000] {dag.py:3823} INFO - Setting next_dagrun for example_complex to None, run_after=None
[2025-01-14T00:09:57.931+0000] {processor.py:183} INFO - Processing /home/airflow/.local/lib/python3.8/site-packages/airflow/example_dags/example_complex.py took 0.049 seconds
[2025-01-14T00:10:29.169+0000] {processor.py:161} INFO - Started process (PID=526) to work on /home/airflow/.local/lib/python3.8/site-packages/airflow/example_dags/example_complex.py
[2025-01-14T00:10:29.170+0000] {processor.py:830} INFO - Processing file /home/airflow/.local/lib/python3.8/site-packages/airflow/example_dags/example_complex.py for tasks to queue
[2025-01-14T00:10:29.171+0000] {logging_mixin.py:188} INFO - [2025-01-14T00:10:29.170+0000] {dagbag.py:538} INFO - Filling up the DagBag from /home/airflow/.local/lib/python3.8/site-packages/airflow/example_dags/example_complex.py
[2025-01-14T00:10:29.177+0000] {processor.py:840} INFO - DAG(s) 'example_complex' retrieved from /home/airflow/.local/lib/python3.8/site-packages/airflow/example_dags/example_complex.py
[2025-01-14T00:10:29.196+0000] {logging_mixin.py:188} INFO - [2025-01-14T00:10:29.196+0000] {dag.py:3036} INFO - Sync 1 DAGs
[2025-01-14T00:10:29.204+0000] {logging_mixin.py:188} INFO - [2025-01-14T00:10:29.204+0000] {dag.py:3823} INFO - Setting next_dagrun for example_complex to None, run_after=None
[2025-01-14T00:10:29.217+0000] {processor.py:183} INFO - Processing /home/airflow/.local/lib/python3.8/site-packages/airflow/example_dags/example_complex.py took 0.050 seconds
[2025-01-14T00:11:00.240+0000] {processor.py:161} INFO - Started process (PID=585) to work on /home/airflow/.local/lib/python3.8/site-packages/airflow/example_dags/example_complex.py
[2025-01-14T00:11:00.241+0000] {processor.py:830} INFO - Processing file /home/airflow/.local/lib/python3.8/site-packages/airflow/example_dags/example_complex.py for tasks to queue
[2025-01-14T00:11:00.242+0000] {logging_mixin.py:188} INFO - [2025-01-14T00:11:00.242+0000] {dagbag.py:538} INFO - Filling up the DagBag from /home/airflow/.local/lib/python3.8/site-packages/airflow/example_dags/example_complex.py
[2025-01-14T00:11:00.249+0000] {processor.py:840} INFO - DAG(s) 'example_complex' retrieved from /home/airflow/.local/lib/python3.8/site-packages/airflow/example_dags/example_complex.py
[2025-01-14T00:11:00.269+0000] {logging_mixin.py:188} INFO - [2025-01-14T00:11:00.269+0000] {dag.py:3036} INFO - Sync 1 DAGs
[2025-01-14T00:11:00.278+0000] {logging_mixin.py:188} INFO - [2025-01-14T00:11:00.277+0000] {dag.py:3823} INFO - Setting next_dagrun for example_complex to None, run_after=None
[2025-01-14T00:11:00.291+0000] {processor.py:183} INFO - Processing /home/airflow/.local/lib/python3.8/site-packages/airflow/example_dags/example_complex.py took 0.052 seconds
[2025-01-14T00:11:31.501+0000] {processor.py:161} INFO - Started process (PID=644) to work on /home/airflow/.local/lib/python3.8/site-packages/airflow/example_dags/example_complex.py
[2025-01-14T00:11:31.502+0000] {processor.py:830} INFO - Processing file /home/airflow/.local/lib/python3.8/site-packages/airflow/example_dags/example_complex.py for tasks to queue
[2025-01-14T00:11:31.503+0000] {logging_mixin.py:188} INFO - [2025-01-14T00:11:31.503+0000] {dagbag.py:538} INFO - Filling up the DagBag from /home/airflow/.local/lib/python3.8/site-packages/airflow/example_dags/example_complex.py
[2025-01-14T00:11:31.509+0000] {processor.py:840} INFO - DAG(s) 'example_complex' retrieved from /home/airflow/.local/lib/python3.8/site-packages/airflow/example_dags/example_complex.py
[2025-01-14T00:11:31.529+0000] {logging_mixin.py:188} INFO - [2025-01-14T00:11:31.528+0000] {dag.py:3036} INFO - Sync 1 DAGs
[2025-01-14T00:11:31.536+0000] {logging_mixin.py:188} INFO - [2025-01-14T00:11:31.536+0000] {dag.py:3823} INFO - Setting next_dagrun for example_complex to None, run_after=None
[2025-01-14T00:11:31.549+0000] {processor.py:183} INFO - Processing /home/airflow/.local/lib/python3.8/site-packages/airflow/example_dags/example_complex.py took 0.050 seconds
[2025-01-14T00:12:02.741+0000] {processor.py:161} INFO - Started process (PID=703) to work on /home/airflow/.local/lib/python3.8/site-packages/airflow/example_dags/example_complex.py
[2025-01-14T00:12:02.741+0000] {processor.py:830} INFO - Processing file /home/airflow/.local/lib/python3.8/site-packages/airflow/example_dags/example_complex.py for tasks to queue
[2025-01-14T00:12:02.742+0000] {logging_mixin.py:188} INFO - [2025-01-14T00:12:02.742+0000] {dagbag.py:538} INFO - Filling up the DagBag from /home/airflow/.local/lib/python3.8/site-packages/airflow/example_dags/example_complex.py
[2025-01-14T00:12:02.753+0000] {processor.py:840} INFO - DAG(s) 'example_complex' retrieved from /home/airflow/.local/lib/python3.8/site-packages/airflow/example_dags/example_complex.py
[2025-01-14T00:12:02.774+0000] {logging_mixin.py:188} INFO - [2025-01-14T00:12:02.774+0000] {dag.py:3036} INFO - Sync 1 DAGs
[2025-01-14T00:12:02.782+0000] {logging_mixin.py:188} INFO - [2025-01-14T00:12:02.782+0000] {dag.py:3823} INFO - Setting next_dagrun for example_complex to None, run_after=None
[2025-01-14T00:12:02.795+0000] {processor.py:183} INFO - Processing /home/airflow/.local/lib/python3.8/site-packages/airflow/example_dags/example_complex.py took 0.056 seconds
[2025-01-14T00:12:33.971+0000] {processor.py:161} INFO - Started process (PID=762) to work on /home/airflow/.local/lib/python3.8/site-packages/airflow/example_dags/example_complex.py
[2025-01-14T00:12:33.972+0000] {processor.py:830} INFO - Processing file /home/airflow/.local/lib/python3.8/site-packages/airflow/example_dags/example_complex.py for tasks to queue
[2025-01-14T00:12:33.973+0000] {logging_mixin.py:188} INFO - [2025-01-14T00:12:33.973+0000] {dagbag.py:538} INFO - Filling up the DagBag from /home/airflow/.local/lib/python3.8/site-packages/airflow/example_dags/example_complex.py
[2025-01-14T00:12:33.980+0000] {processor.py:840} INFO - DAG(s) 'example_complex' retrieved from /home/airflow/.local/lib/python3.8/site-packages/airflow/example_dags/example_complex.py
[2025-01-14T00:12:33.999+0000] {logging_mixin.py:188} INFO - [2025-01-14T00:12:33.999+0000] {dag.py:3036} INFO - Sync 1 DAGs
[2025-01-14T00:12:34.006+0000] {logging_mixin.py:188} INFO - [2025-01-14T00:12:34.006+0000] {dag.py:3823} INFO - Setting next_dagrun for example_complex to None, run_after=None
[2025-01-14T00:12:34.019+0000] {processor.py:183} INFO - Processing /home/airflow/.local/lib/python3.8/site-packages/airflow/example_dags/example_complex.py took 0.050 seconds
[2025-01-14T00:13:05.076+0000] {processor.py:161} INFO - Started process (PID=821) to work on /home/airflow/.local/lib/python3.8/site-packages/airflow/example_dags/example_complex.py
[2025-01-14T00:13:05.077+0000] {processor.py:830} INFO - Processing file /home/airflow/.local/lib/python3.8/site-packages/airflow/example_dags/example_complex.py for tasks to queue
[2025-01-14T00:13:05.078+0000] {logging_mixin.py:188} INFO - [2025-01-14T00:13:05.078+0000] {dagbag.py:538} INFO - Filling up the DagBag from /home/airflow/.local/lib/python3.8/site-packages/airflow/example_dags/example_complex.py
[2025-01-14T00:13:05.085+0000] {processor.py:840} INFO - DAG(s) 'example_complex' retrieved from /home/airflow/.local/lib/python3.8/site-packages/airflow/example_dags/example_complex.py
[2025-01-14T00:13:05.104+0000] {logging_mixin.py:188} INFO - [2025-01-14T00:13:05.104+0000] {dag.py:3036} INFO - Sync 1 DAGs
[2025-01-14T00:13:05.112+0000] {logging_mixin.py:188} INFO - [2025-01-14T00:13:05.112+0000] {dag.py:3823} INFO - Setting next_dagrun for example_complex to None, run_after=None
[2025-01-14T00:13:05.125+0000] {processor.py:183} INFO - Processing /home/airflow/.local/lib/python3.8/site-packages/airflow/example_dags/example_complex.py took 0.051 seconds
[2025-01-14T00:13:36.168+0000] {processor.py:161} INFO - Started process (PID=880) to work on /home/airflow/.local/lib/python3.8/site-packages/airflow/example_dags/example_complex.py
[2025-01-14T00:13:36.169+0000] {processor.py:830} INFO - Processing file /home/airflow/.local/lib/python3.8/site-packages/airflow/example_dags/example_complex.py for tasks to queue
[2025-01-14T00:13:36.170+0000] {logging_mixin.py:188} INFO - [2025-01-14T00:13:36.170+0000] {dagbag.py:538} INFO - Filling up the DagBag from /home/airflow/.local/lib/python3.8/site-packages/airflow/example_dags/example_complex.py
[2025-01-14T00:13:36.177+0000] {processor.py:840} INFO - DAG(s) 'example_complex' retrieved from /home/airflow/.local/lib/python3.8/site-packages/airflow/example_dags/example_complex.py
[2025-01-14T00:13:36.197+0000] {logging_mixin.py:188} INFO - [2025-01-14T00:13:36.197+0000] {dag.py:3036} INFO - Sync 1 DAGs
[2025-01-14T00:13:36.205+0000] {logging_mixin.py:188} INFO - [2025-01-14T00:13:36.205+0000] {dag.py:3823} INFO - Setting next_dagrun for example_complex to None, run_after=None
[2025-01-14T00:13:36.218+0000] {processor.py:183} INFO - Processing /home/airflow/.local/lib/python3.8/site-packages/airflow/example_dags/example_complex.py took 0.052 seconds
[2025-01-14T00:14:06.509+0000] {processor.py:161} INFO - Started process (PID=939) to work on /home/airflow/.local/lib/python3.8/site-packages/airflow/example_dags/example_complex.py
[2025-01-14T00:14:06.509+0000] {processor.py:830} INFO - Processing file /home/airflow/.local/lib/python3.8/site-packages/airflow/example_dags/example_complex.py for tasks to queue
[2025-01-14T00:14:06.510+0000] {logging_mixin.py:188} INFO - [2025-01-14T00:14:06.510+0000] {dagbag.py:538} INFO - Filling up the DagBag from /home/airflow/.local/lib/python3.8/site-packages/airflow/example_dags/example_complex.py
[2025-01-14T00:14:06.517+0000] {processor.py:840} INFO - DAG(s) 'example_complex' retrieved from /home/airflow/.local/lib/python3.8/site-packages/airflow/example_dags/example_complex.py
[2025-01-14T00:14:06.536+0000] {logging_mixin.py:188} INFO - [2025-01-14T00:14:06.536+0000] {dag.py:3036} INFO - Sync 1 DAGs
[2025-01-14T00:14:06.543+0000] {logging_mixin.py:188} INFO - [2025-01-14T00:14:06.543+0000] {dag.py:3823} INFO - Setting next_dagrun for example_complex to None, run_after=None
[2025-01-14T00:14:06.556+0000] {processor.py:183} INFO - Processing /home/airflow/.local/lib/python3.8/site-packages/airflow/example_dags/example_complex.py took 0.049 seconds
[2025-01-14T00:14:37.791+0000] {processor.py:161} INFO - Started process (PID=998) to work on /home/airflow/.local/lib/python3.8/site-packages/airflow/example_dags/example_complex.py
[2025-01-14T00:14:37.792+0000] {processor.py:830} INFO - Processing file /home/airflow/.local/lib/python3.8/site-packages/airflow/example_dags/example_complex.py for tasks to queue
[2025-01-14T00:14:37.793+0000] {logging_mixin.py:188} INFO - [2025-01-14T00:14:37.793+0000] {dagbag.py:538} INFO - Filling up the DagBag from /home/airflow/.local/lib/python3.8/site-packages/airflow/example_dags/example_complex.py
[2025-01-14T00:14:37.800+0000] {processor.py:840} INFO - DAG(s) 'example_complex' retrieved from /home/airflow/.local/lib/python3.8/site-packages/airflow/example_dags/example_complex.py
[2025-01-14T00:14:37.819+0000] {logging_mixin.py:188} INFO - [2025-01-14T00:14:37.819+0000] {dag.py:3036} INFO - Sync 1 DAGs
[2025-01-14T00:14:37.828+0000] {logging_mixin.py:188} INFO - [2025-01-14T00:14:37.827+0000] {dag.py:3823} INFO - Setting next_dagrun for example_complex to None, run_after=None
[2025-01-14T00:14:37.840+0000] {processor.py:183} INFO - Processing /home/airflow/.local/lib/python3.8/site-packages/airflow/example_dags/example_complex.py took 0.051 seconds
[2025-01-14T00:15:09.007+0000] {processor.py:161} INFO - Started process (PID=1057) to work on /home/airflow/.local/lib/python3.8/site-packages/airflow/example_dags/example_complex.py
[2025-01-14T00:15:09.008+0000] {processor.py:830} INFO - Processing file /home/airflow/.local/lib/python3.8/site-packages/airflow/example_dags/example_complex.py for tasks to queue
[2025-01-14T00:15:09.009+0000] {logging_mixin.py:188} INFO - [2025-01-14T00:15:09.009+0000] {dagbag.py:538} INFO - Filling up the DagBag from /home/airflow/.local/lib/python3.8/site-packages/airflow/example_dags/example_complex.py
[2025-01-14T00:15:09.015+0000] {processor.py:840} INFO - DAG(s) 'example_complex' retrieved from /home/airflow/.local/lib/python3.8/site-packages/airflow/example_dags/example_complex.py
[2025-01-14T00:15:09.034+0000] {logging_mixin.py:188} INFO - [2025-01-14T00:15:09.034+0000] {dag.py:3036} INFO - Sync 1 DAGs
[2025-01-14T00:15:09.041+0000] {logging_mixin.py:188} INFO - [2025-01-14T00:15:09.041+0000] {dag.py:3823} INFO - Setting next_dagrun for example_complex to None, run_after=None
[2025-01-14T00:15:09.054+0000] {processor.py:183} INFO - Processing /home/airflow/.local/lib/python3.8/site-packages/airflow/example_dags/example_complex.py took 0.048 seconds
[2025-01-14T00:15:40.233+0000] {processor.py:161} INFO - Started process (PID=1116) to work on /home/airflow/.local/lib/python3.8/site-packages/airflow/example_dags/example_complex.py
[2025-01-14T00:15:40.234+0000] {processor.py:830} INFO - Processing file /home/airflow/.local/lib/python3.8/site-packages/airflow/example_dags/example_complex.py for tasks to queue
[2025-01-14T00:15:40.235+0000] {logging_mixin.py:188} INFO - [2025-01-14T00:15:40.235+0000] {dagbag.py:538} INFO - Filling up the DagBag from /home/airflow/.local/lib/python3.8/site-packages/airflow/example_dags/example_complex.py
[2025-01-14T00:15:40.241+0000] {processor.py:840} INFO - DAG(s) 'example_complex' retrieved from /home/airflow/.local/lib/python3.8/site-packages/airflow/example_dags/example_complex.py
[2025-01-14T00:15:40.262+0000] {logging_mixin.py:188} INFO - [2025-01-14T00:15:40.262+0000] {dag.py:3036} INFO - Sync 1 DAGs
[2025-01-14T00:15:40.270+0000] {logging_mixin.py:188} INFO - [2025-01-14T00:15:40.270+0000] {dag.py:3823} INFO - Setting next_dagrun for example_complex to None, run_after=None
[2025-01-14T00:15:40.285+0000] {processor.py:183} INFO - Processing /home/airflow/.local/lib/python3.8/site-packages/airflow/example_dags/example_complex.py took 0.054 seconds
[2025-01-14T00:16:11.562+0000] {processor.py:161} INFO - Started process (PID=1175) to work on /home/airflow/.local/lib/python3.8/site-packages/airflow/example_dags/example_complex.py
[2025-01-14T00:16:11.563+0000] {processor.py:830} INFO - Processing file /home/airflow/.local/lib/python3.8/site-packages/airflow/example_dags/example_complex.py for tasks to queue
[2025-01-14T00:16:11.564+0000] {logging_mixin.py:188} INFO - [2025-01-14T00:16:11.564+0000] {dagbag.py:538} INFO - Filling up the DagBag from /home/airflow/.local/lib/python3.8/site-packages/airflow/example_dags/example_complex.py
[2025-01-14T00:16:11.571+0000] {processor.py:840} INFO - DAG(s) 'example_complex' retrieved from /home/airflow/.local/lib/python3.8/site-packages/airflow/example_dags/example_complex.py
[2025-01-14T00:16:11.591+0000] {logging_mixin.py:188} INFO - [2025-01-14T00:16:11.591+0000] {dag.py:3036} INFO - Sync 1 DAGs
[2025-01-14T00:16:11.599+0000] {logging_mixin.py:188} INFO - [2025-01-14T00:16:11.598+0000] {dag.py:3823} INFO - Setting next_dagrun for example_complex to None, run_after=None
[2025-01-14T00:16:11.612+0000] {processor.py:183} INFO - Processing /home/airflow/.local/lib/python3.8/site-packages/airflow/example_dags/example_complex.py took 0.051 seconds
[2025-01-14T00:16:42.678+0000] {processor.py:161} INFO - Started process (PID=1234) to work on /home/airflow/.local/lib/python3.8/site-packages/airflow/example_dags/example_complex.py
[2025-01-14T00:16:42.679+0000] {processor.py:830} INFO - Processing file /home/airflow/.local/lib/python3.8/site-packages/airflow/example_dags/example_complex.py for tasks to queue
[2025-01-14T00:16:42.680+0000] {logging_mixin.py:188} INFO - [2025-01-14T00:16:42.680+0000] {dagbag.py:538} INFO - Filling up the DagBag from /home/airflow/.local/lib/python3.8/site-packages/airflow/example_dags/example_complex.py
[2025-01-14T00:16:42.686+0000] {processor.py:840} INFO - DAG(s) 'example_complex' retrieved from /home/airflow/.local/lib/python3.8/site-packages/airflow/example_dags/example_complex.py
[2025-01-14T00:16:42.704+0000] {logging_mixin.py:188} INFO - [2025-01-14T00:16:42.704+0000] {dag.py:3036} INFO - Sync 1 DAGs
[2025-01-14T00:16:42.712+0000] {logging_mixin.py:188} INFO - [2025-01-14T00:16:42.712+0000] {dag.py:3823} INFO - Setting next_dagrun for example_complex to None, run_after=None
[2025-01-14T00:16:42.724+0000] {processor.py:183} INFO - Processing /home/airflow/.local/lib/python3.8/site-packages/airflow/example_dags/example_complex.py took 0.048 seconds
[2025-01-14T00:17:13.894+0000] {processor.py:161} INFO - Started process (PID=1299) to work on /home/airflow/.local/lib/python3.8/site-packages/airflow/example_dags/example_complex.py
[2025-01-14T00:17:13.895+0000] {processor.py:830} INFO - Processing file /home/airflow/.local/lib/python3.8/site-packages/airflow/example_dags/example_complex.py for tasks to queue
[2025-01-14T00:17:13.896+0000] {logging_mixin.py:188} INFO - [2025-01-14T00:17:13.896+0000] {dagbag.py:538} INFO - Filling up the DagBag from /home/airflow/.local/lib/python3.8/site-packages/airflow/example_dags/example_complex.py
[2025-01-14T00:17:13.903+0000] {processor.py:840} INFO - DAG(s) 'example_complex' retrieved from /home/airflow/.local/lib/python3.8/site-packages/airflow/example_dags/example_complex.py
[2025-01-14T00:17:13.921+0000] {logging_mixin.py:188} INFO - [2025-01-14T00:17:13.921+0000] {dag.py:3036} INFO - Sync 1 DAGs
[2025-01-14T00:17:13.928+0000] {logging_mixin.py:188} INFO - [2025-01-14T00:17:13.928+0000] {dag.py:3823} INFO - Setting next_dagrun for example_complex to None, run_after=None
[2025-01-14T00:17:13.941+0000] {processor.py:183} INFO - Processing /home/airflow/.local/lib/python3.8/site-packages/airflow/example_dags/example_complex.py took 0.048 seconds
[2025-01-14T00:17:45.006+0000] {processor.py:161} INFO - Started process (PID=1358) to work on /home/airflow/.local/lib/python3.8/site-packages/airflow/example_dags/example_complex.py
[2025-01-14T00:17:45.006+0000] {processor.py:830} INFO - Processing file /home/airflow/.local/lib/python3.8/site-packages/airflow/example_dags/example_complex.py for tasks to queue
[2025-01-14T00:17:45.007+0000] {logging_mixin.py:188} INFO - [2025-01-14T00:17:45.007+0000] {dagbag.py:538} INFO - Filling up the DagBag from /home/airflow/.local/lib/python3.8/site-packages/airflow/example_dags/example_complex.py
[2025-01-14T00:17:45.014+0000] {processor.py:840} INFO - DAG(s) 'example_complex' retrieved from /home/airflow/.local/lib/python3.8/site-packages/airflow/example_dags/example_complex.py
[2025-01-14T00:17:45.032+0000] {logging_mixin.py:188} INFO - [2025-01-14T00:17:45.032+0000] {dag.py:3036} INFO - Sync 1 DAGs
[2025-01-14T00:17:45.040+0000] {logging_mixin.py:188} INFO - [2025-01-14T00:17:45.040+0000] {dag.py:3823} INFO - Setting next_dagrun for example_complex to None, run_after=None
[2025-01-14T00:17:45.052+0000] {processor.py:183} INFO - Processing /home/airflow/.local/lib/python3.8/site-packages/airflow/example_dags/example_complex.py took 0.048 seconds
[2025-01-14T00:18:15.520+0000] {processor.py:161} INFO - Started process (PID=1417) to work on /home/airflow/.local/lib/python3.8/site-packages/airflow/example_dags/example_complex.py
[2025-01-14T00:18:15.521+0000] {processor.py:830} INFO - Processing file /home/airflow/.local/lib/python3.8/site-packages/airflow/example_dags/example_complex.py for tasks to queue
[2025-01-14T00:18:15.522+0000] {logging_mixin.py:188} INFO - [2025-01-14T00:18:15.522+0000] {dagbag.py:538} INFO - Filling up the DagBag from /home/airflow/.local/lib/python3.8/site-packages/airflow/example_dags/example_complex.py
[2025-01-14T00:18:15.529+0000] {processor.py:840} INFO - DAG(s) 'example_complex' retrieved from /home/airflow/.local/lib/python3.8/site-packages/airflow/example_dags/example_complex.py
[2025-01-14T00:18:15.548+0000] {logging_mixin.py:188} INFO - [2025-01-14T00:18:15.547+0000] {dag.py:3036} INFO - Sync 1 DAGs
[2025-01-14T00:18:15.555+0000] {logging_mixin.py:188} INFO - [2025-01-14T00:18:15.555+0000] {dag.py:3823} INFO - Setting next_dagrun for example_complex to None, run_after=None
[2025-01-14T00:18:15.567+0000] {processor.py:183} INFO - Processing /home/airflow/.local/lib/python3.8/site-packages/airflow/example_dags/example_complex.py took 0.048 seconds
[2025-01-14T00:18:46.589+0000] {processor.py:161} INFO - Started process (PID=1476) to work on /home/airflow/.local/lib/python3.8/site-packages/airflow/example_dags/example_complex.py
[2025-01-14T00:18:46.590+0000] {processor.py:830} INFO - Processing file /home/airflow/.local/lib/python3.8/site-packages/airflow/example_dags/example_complex.py for tasks to queue
[2025-01-14T00:18:46.591+0000] {logging_mixin.py:188} INFO - [2025-01-14T00:18:46.591+0000] {dagbag.py:538} INFO - Filling up the DagBag from /home/airflow/.local/lib/python3.8/site-packages/airflow/example_dags/example_complex.py
[2025-01-14T00:18:46.598+0000] {processor.py:840} INFO - DAG(s) 'example_complex' retrieved from /home/airflow/.local/lib/python3.8/site-packages/airflow/example_dags/example_complex.py
[2025-01-14T00:18:46.622+0000] {logging_mixin.py:188} INFO - [2025-01-14T00:18:46.622+0000] {dag.py:3036} INFO - Sync 1 DAGs
[2025-01-14T00:18:46.631+0000] {logging_mixin.py:188} INFO - [2025-01-14T00:18:46.630+0000] {dag.py:3823} INFO - Setting next_dagrun for example_complex to None, run_after=None
[2025-01-14T00:18:46.643+0000] {processor.py:183} INFO - Processing /home/airflow/.local/lib/python3.8/site-packages/airflow/example_dags/example_complex.py took 0.056 seconds
[2025-01-14T00:19:17.779+0000] {processor.py:161} INFO - Started process (PID=1535) to work on /home/airflow/.local/lib/python3.8/site-packages/airflow/example_dags/example_complex.py
[2025-01-14T00:19:17.780+0000] {processor.py:830} INFO - Processing file /home/airflow/.local/lib/python3.8/site-packages/airflow/example_dags/example_complex.py for tasks to queue
[2025-01-14T00:19:17.781+0000] {logging_mixin.py:188} INFO - [2025-01-14T00:19:17.781+0000] {dagbag.py:538} INFO - Filling up the DagBag from /home/airflow/.local/lib/python3.8/site-packages/airflow/example_dags/example_complex.py
[2025-01-14T00:19:17.787+0000] {processor.py:840} INFO - DAG(s) 'example_complex' retrieved from /home/airflow/.local/lib/python3.8/site-packages/airflow/example_dags/example_complex.py
[2025-01-14T00:19:17.807+0000] {logging_mixin.py:188} INFO - [2025-01-14T00:19:17.807+0000] {dag.py:3036} INFO - Sync 1 DAGs
[2025-01-14T00:19:17.814+0000] {logging_mixin.py:188} INFO - [2025-01-14T00:19:17.814+0000] {dag.py:3823} INFO - Setting next_dagrun for example_complex to None, run_after=None
[2025-01-14T00:19:17.827+0000] {processor.py:183} INFO - Processing /home/airflow/.local/lib/python3.8/site-packages/airflow/example_dags/example_complex.py took 0.050 seconds
[2025-01-14T00:19:49.071+0000] {processor.py:161} INFO - Started process (PID=1594) to work on /home/airflow/.local/lib/python3.8/site-packages/airflow/example_dags/example_complex.py
[2025-01-14T00:19:49.072+0000] {processor.py:830} INFO - Processing file /home/airflow/.local/lib/python3.8/site-packages/airflow/example_dags/example_complex.py for tasks to queue
[2025-01-14T00:19:49.073+0000] {logging_mixin.py:188} INFO - [2025-01-14T00:19:49.073+0000] {dagbag.py:538} INFO - Filling up the DagBag from /home/airflow/.local/lib/python3.8/site-packages/airflow/example_dags/example_complex.py
[2025-01-14T00:19:49.080+0000] {processor.py:840} INFO - DAG(s) 'example_complex' retrieved from /home/airflow/.local/lib/python3.8/site-packages/airflow/example_dags/example_complex.py
[2025-01-14T00:19:49.102+0000] {logging_mixin.py:188} INFO - [2025-01-14T00:19:49.102+0000] {dag.py:3036} INFO - Sync 1 DAGs
[2025-01-14T00:19:49.110+0000] {logging_mixin.py:188} INFO - [2025-01-14T00:19:49.110+0000] {dag.py:3823} INFO - Setting next_dagrun for example_complex to None, run_after=None
[2025-01-14T00:19:49.123+0000] {processor.py:183} INFO - Processing /home/airflow/.local/lib/python3.8/site-packages/airflow/example_dags/example_complex.py took 0.053 seconds
[2025-01-14T00:20:20.517+0000] {processor.py:161} INFO - Started process (PID=1653) to work on /home/airflow/.local/lib/python3.8/site-packages/airflow/example_dags/example_complex.py
[2025-01-14T00:20:20.518+0000] {processor.py:830} INFO - Processing file /home/airflow/.local/lib/python3.8/site-packages/airflow/example_dags/example_complex.py for tasks to queue
[2025-01-14T00:20:20.520+0000] {logging_mixin.py:188} INFO - [2025-01-14T00:20:20.519+0000] {dagbag.py:538} INFO - Filling up the DagBag from /home/airflow/.local/lib/python3.8/site-packages/airflow/example_dags/example_complex.py
[2025-01-14T00:20:20.528+0000] {processor.py:840} INFO - DAG(s) 'example_complex' retrieved from /home/airflow/.local/lib/python3.8/site-packages/airflow/example_dags/example_complex.py
[2025-01-14T00:20:20.551+0000] {logging_mixin.py:188} INFO - [2025-01-14T00:20:20.551+0000] {dag.py:3036} INFO - Sync 1 DAGs
[2025-01-14T00:20:20.559+0000] {logging_mixin.py:188} INFO - [2025-01-14T00:20:20.559+0000] {dag.py:3823} INFO - Setting next_dagrun for example_complex to None, run_after=None
[2025-01-14T00:20:20.576+0000] {processor.py:183} INFO - Processing /home/airflow/.local/lib/python3.8/site-packages/airflow/example_dags/example_complex.py took 0.062 seconds
[2025-01-14T00:20:51.004+0000] {processor.py:161} INFO - Started process (PID=1712) to work on /home/airflow/.local/lib/python3.8/site-packages/airflow/example_dags/example_complex.py
[2025-01-14T00:20:51.005+0000] {processor.py:830} INFO - Processing file /home/airflow/.local/lib/python3.8/site-packages/airflow/example_dags/example_complex.py for tasks to queue
[2025-01-14T00:20:51.006+0000] {logging_mixin.py:188} INFO - [2025-01-14T00:20:51.006+0000] {dagbag.py:538} INFO - Filling up the DagBag from /home/airflow/.local/lib/python3.8/site-packages/airflow/example_dags/example_complex.py
[2025-01-14T00:20:51.013+0000] {processor.py:840} INFO - DAG(s) 'example_complex' retrieved from /home/airflow/.local/lib/python3.8/site-packages/airflow/example_dags/example_complex.py
[2025-01-14T00:20:51.034+0000] {logging_mixin.py:188} INFO - [2025-01-14T00:20:51.034+0000] {dag.py:3036} INFO - Sync 1 DAGs
[2025-01-14T00:20:51.043+0000] {logging_mixin.py:188} INFO - [2025-01-14T00:20:51.043+0000] {dag.py:3823} INFO - Setting next_dagrun for example_complex to None, run_after=None
[2025-01-14T00:20:51.057+0000] {processor.py:183} INFO - Processing /home/airflow/.local/lib/python3.8/site-packages/airflow/example_dags/example_complex.py took 0.055 seconds
[2025-01-14T00:21:22.094+0000] {processor.py:161} INFO - Started process (PID=1771) to work on /home/airflow/.local/lib/python3.8/site-packages/airflow/example_dags/example_complex.py
[2025-01-14T00:21:22.095+0000] {processor.py:830} INFO - Processing file /home/airflow/.local/lib/python3.8/site-packages/airflow/example_dags/example_complex.py for tasks to queue
[2025-01-14T00:21:22.096+0000] {logging_mixin.py:188} INFO - [2025-01-14T00:21:22.095+0000] {dagbag.py:538} INFO - Filling up the DagBag from /home/airflow/.local/lib/python3.8/site-packages/airflow/example_dags/example_complex.py
[2025-01-14T00:21:22.102+0000] {processor.py:840} INFO - DAG(s) 'example_complex' retrieved from /home/airflow/.local/lib/python3.8/site-packages/airflow/example_dags/example_complex.py
[2025-01-14T00:21:22.121+0000] {logging_mixin.py:188} INFO - [2025-01-14T00:21:22.121+0000] {dag.py:3036} INFO - Sync 1 DAGs
[2025-01-14T00:21:22.129+0000] {logging_mixin.py:188} INFO - [2025-01-14T00:21:22.129+0000] {dag.py:3823} INFO - Setting next_dagrun for example_complex to None, run_after=None
[2025-01-14T00:21:22.141+0000] {processor.py:183} INFO - Processing /home/airflow/.local/lib/python3.8/site-packages/airflow/example_dags/example_complex.py took 0.049 seconds
[2025-01-14T00:21:53.358+0000] {processor.py:161} INFO - Started process (PID=1830) to work on /home/airflow/.local/lib/python3.8/site-packages/airflow/example_dags/example_complex.py
[2025-01-14T00:21:53.359+0000] {processor.py:830} INFO - Processing file /home/airflow/.local/lib/python3.8/site-packages/airflow/example_dags/example_complex.py for tasks to queue
[2025-01-14T00:21:53.360+0000] {logging_mixin.py:188} INFO - [2025-01-14T00:21:53.360+0000] {dagbag.py:538} INFO - Filling up the DagBag from /home/airflow/.local/lib/python3.8/site-packages/airflow/example_dags/example_complex.py
[2025-01-14T00:21:53.368+0000] {processor.py:840} INFO - DAG(s) 'example_complex' retrieved from /home/airflow/.local/lib/python3.8/site-packages/airflow/example_dags/example_complex.py
[2025-01-14T00:21:53.392+0000] {logging_mixin.py:188} INFO - [2025-01-14T00:21:53.392+0000] {dag.py:3036} INFO - Sync 1 DAGs
[2025-01-14T00:21:53.401+0000] {logging_mixin.py:188} INFO - [2025-01-14T00:21:53.401+0000] {dag.py:3823} INFO - Setting next_dagrun for example_complex to None, run_after=None
[2025-01-14T00:21:53.415+0000] {processor.py:183} INFO - Processing /home/airflow/.local/lib/python3.8/site-packages/airflow/example_dags/example_complex.py took 0.060 seconds
[2025-01-14T00:22:24.544+0000] {processor.py:161} INFO - Started process (PID=1889) to work on /home/airflow/.local/lib/python3.8/site-packages/airflow/example_dags/example_complex.py
[2025-01-14T00:22:24.544+0000] {processor.py:830} INFO - Processing file /home/airflow/.local/lib/python3.8/site-packages/airflow/example_dags/example_complex.py for tasks to queue
[2025-01-14T00:22:24.545+0000] {logging_mixin.py:188} INFO - [2025-01-14T00:22:24.545+0000] {dagbag.py:538} INFO - Filling up the DagBag from /home/airflow/.local/lib/python3.8/site-packages/airflow/example_dags/example_complex.py
[2025-01-14T00:22:24.552+0000] {processor.py:840} INFO - DAG(s) 'example_complex' retrieved from /home/airflow/.local/lib/python3.8/site-packages/airflow/example_dags/example_complex.py
[2025-01-14T00:22:24.571+0000] {logging_mixin.py:188} INFO - [2025-01-14T00:22:24.571+0000] {dag.py:3036} INFO - Sync 1 DAGs
[2025-01-14T00:22:24.579+0000] {logging_mixin.py:188} INFO - [2025-01-14T00:22:24.579+0000] {dag.py:3823} INFO - Setting next_dagrun for example_complex to None, run_after=None
[2025-01-14T00:22:24.592+0000] {processor.py:183} INFO - Processing /home/airflow/.local/lib/python3.8/site-packages/airflow/example_dags/example_complex.py took 0.050 seconds
[2025-01-14T00:22:55.655+0000] {processor.py:161} INFO - Started process (PID=1948) to work on /home/airflow/.local/lib/python3.8/site-packages/airflow/example_dags/example_complex.py
[2025-01-14T00:22:55.656+0000] {processor.py:830} INFO - Processing file /home/airflow/.local/lib/python3.8/site-packages/airflow/example_dags/example_complex.py for tasks to queue
[2025-01-14T00:22:55.657+0000] {logging_mixin.py:188} INFO - [2025-01-14T00:22:55.657+0000] {dagbag.py:538} INFO - Filling up the DagBag from /home/airflow/.local/lib/python3.8/site-packages/airflow/example_dags/example_complex.py
[2025-01-14T00:22:55.664+0000] {processor.py:840} INFO - DAG(s) 'example_complex' retrieved from /home/airflow/.local/lib/python3.8/site-packages/airflow/example_dags/example_complex.py
[2025-01-14T00:22:55.684+0000] {logging_mixin.py:188} INFO - [2025-01-14T00:22:55.683+0000] {dag.py:3036} INFO - Sync 1 DAGs
[2025-01-14T00:22:55.692+0000] {logging_mixin.py:188} INFO - [2025-01-14T00:22:55.691+0000] {dag.py:3823} INFO - Setting next_dagrun for example_complex to None, run_after=None
[2025-01-14T00:22:55.705+0000] {processor.py:183} INFO - Processing /home/airflow/.local/lib/python3.8/site-packages/airflow/example_dags/example_complex.py took 0.052 seconds
[2025-01-14T00:23:26.798+0000] {processor.py:161} INFO - Started process (PID=2007) to work on /home/airflow/.local/lib/python3.8/site-packages/airflow/example_dags/example_complex.py
[2025-01-14T00:23:26.798+0000] {processor.py:830} INFO - Processing file /home/airflow/.local/lib/python3.8/site-packages/airflow/example_dags/example_complex.py for tasks to queue
[2025-01-14T00:23:26.799+0000] {logging_mixin.py:188} INFO - [2025-01-14T00:23:26.799+0000] {dagbag.py:538} INFO - Filling up the DagBag from /home/airflow/.local/lib/python3.8/site-packages/airflow/example_dags/example_complex.py
[2025-01-14T00:23:26.805+0000] {processor.py:840} INFO - DAG(s) 'example_complex' retrieved from /home/airflow/.local/lib/python3.8/site-packages/airflow/example_dags/example_complex.py
[2025-01-14T00:23:26.824+0000] {logging_mixin.py:188} INFO - [2025-01-14T00:23:26.824+0000] {dag.py:3036} INFO - Sync 1 DAGs
[2025-01-14T00:23:26.832+0000] {logging_mixin.py:188} INFO - [2025-01-14T00:23:26.832+0000] {dag.py:3823} INFO - Setting next_dagrun for example_complex to None, run_after=None
[2025-01-14T00:23:26.844+0000] {processor.py:183} INFO - Processing /home/airflow/.local/lib/python3.8/site-packages/airflow/example_dags/example_complex.py took 0.049 seconds
[2025-01-14T00:23:58.019+0000] {processor.py:161} INFO - Started process (PID=2066) to work on /home/airflow/.local/lib/python3.8/site-packages/airflow/example_dags/example_complex.py
[2025-01-14T00:23:58.019+0000] {processor.py:830} INFO - Processing file /home/airflow/.local/lib/python3.8/site-packages/airflow/example_dags/example_complex.py for tasks to queue
[2025-01-14T00:23:58.021+0000] {logging_mixin.py:188} INFO - [2025-01-14T00:23:58.020+0000] {dagbag.py:538} INFO - Filling up the DagBag from /home/airflow/.local/lib/python3.8/site-packages/airflow/example_dags/example_complex.py
[2025-01-14T00:23:58.027+0000] {processor.py:840} INFO - DAG(s) 'example_complex' retrieved from /home/airflow/.local/lib/python3.8/site-packages/airflow/example_dags/example_complex.py
[2025-01-14T00:23:58.047+0000] {logging_mixin.py:188} INFO - [2025-01-14T00:23:58.046+0000] {dag.py:3036} INFO - Sync 1 DAGs
[2025-01-14T00:23:58.054+0000] {logging_mixin.py:188} INFO - [2025-01-14T00:23:58.054+0000] {dag.py:3823} INFO - Setting next_dagrun for example_complex to None, run_after=None
[2025-01-14T00:23:58.067+0000] {processor.py:183} INFO - Processing /home/airflow/.local/lib/python3.8/site-packages/airflow/example_dags/example_complex.py took 0.050 seconds
[2025-01-14T00:24:29.095+0000] {processor.py:161} INFO - Started process (PID=2125) to work on /home/airflow/.local/lib/python3.8/site-packages/airflow/example_dags/example_complex.py
[2025-01-14T00:24:29.096+0000] {processor.py:830} INFO - Processing file /home/airflow/.local/lib/python3.8/site-packages/airflow/example_dags/example_complex.py for tasks to queue
[2025-01-14T00:24:29.097+0000] {logging_mixin.py:188} INFO - [2025-01-14T00:24:29.097+0000] {dagbag.py:538} INFO - Filling up the DagBag from /home/airflow/.local/lib/python3.8/site-packages/airflow/example_dags/example_complex.py
[2025-01-14T00:24:29.105+0000] {processor.py:840} INFO - DAG(s) 'example_complex' retrieved from /home/airflow/.local/lib/python3.8/site-packages/airflow/example_dags/example_complex.py
[2025-01-14T00:24:29.126+0000] {logging_mixin.py:188} INFO - [2025-01-14T00:24:29.126+0000] {dag.py:3036} INFO - Sync 1 DAGs
[2025-01-14T00:24:29.134+0000] {logging_mixin.py:188} INFO - [2025-01-14T00:24:29.134+0000] {dag.py:3823} INFO - Setting next_dagrun for example_complex to None, run_after=None
[2025-01-14T00:24:29.149+0000] {processor.py:183} INFO - Processing /home/airflow/.local/lib/python3.8/site-packages/airflow/example_dags/example_complex.py took 0.056 seconds
[2025-01-14T00:24:59.384+0000] {processor.py:161} INFO - Started process (PID=2183) to work on /home/airflow/.local/lib/python3.8/site-packages/airflow/example_dags/example_complex.py
[2025-01-14T00:24:59.384+0000] {processor.py:830} INFO - Processing file /home/airflow/.local/lib/python3.8/site-packages/airflow/example_dags/example_complex.py for tasks to queue
[2025-01-14T00:24:59.386+0000] {logging_mixin.py:188} INFO - [2025-01-14T00:24:59.385+0000] {dagbag.py:538} INFO - Filling up the DagBag from /home/airflow/.local/lib/python3.8/site-packages/airflow/example_dags/example_complex.py
[2025-01-14T00:24:59.392+0000] {processor.py:840} INFO - DAG(s) 'example_complex' retrieved from /home/airflow/.local/lib/python3.8/site-packages/airflow/example_dags/example_complex.py
[2025-01-14T00:24:59.412+0000] {logging_mixin.py:188} INFO - [2025-01-14T00:24:59.411+0000] {dag.py:3036} INFO - Sync 1 DAGs
[2025-01-14T00:24:59.419+0000] {logging_mixin.py:188} INFO - [2025-01-14T00:24:59.419+0000] {dag.py:3823} INFO - Setting next_dagrun for example_complex to None, run_after=None
[2025-01-14T00:24:59.432+0000] {processor.py:183} INFO - Processing /home/airflow/.local/lib/python3.8/site-packages/airflow/example_dags/example_complex.py took 0.050 seconds
[2025-01-14T00:25:30.511+0000] {processor.py:161} INFO - Started process (PID=2243) to work on /home/airflow/.local/lib/python3.8/site-packages/airflow/example_dags/example_complex.py
[2025-01-14T00:25:30.512+0000] {processor.py:830} INFO - Processing file /home/airflow/.local/lib/python3.8/site-packages/airflow/example_dags/example_complex.py for tasks to queue
[2025-01-14T00:25:30.513+0000] {logging_mixin.py:188} INFO - [2025-01-14T00:25:30.512+0000] {dagbag.py:538} INFO - Filling up the DagBag from /home/airflow/.local/lib/python3.8/site-packages/airflow/example_dags/example_complex.py
[2025-01-14T00:25:30.519+0000] {processor.py:840} INFO - DAG(s) 'example_complex' retrieved from /home/airflow/.local/lib/python3.8/site-packages/airflow/example_dags/example_complex.py
[2025-01-14T00:25:30.544+0000] {logging_mixin.py:188} INFO - [2025-01-14T00:25:30.544+0000] {dag.py:3036} INFO - Sync 1 DAGs
[2025-01-14T00:25:30.552+0000] {logging_mixin.py:188} INFO - [2025-01-14T00:25:30.552+0000] {dag.py:3823} INFO - Setting next_dagrun for example_complex to None, run_after=None
[2025-01-14T00:25:30.565+0000] {processor.py:183} INFO - Processing /home/airflow/.local/lib/python3.8/site-packages/airflow/example_dags/example_complex.py took 0.056 seconds
[2025-01-14T00:26:01.768+0000] {processor.py:161} INFO - Started process (PID=2302) to work on /home/airflow/.local/lib/python3.8/site-packages/airflow/example_dags/example_complex.py
[2025-01-14T00:26:01.769+0000] {processor.py:830} INFO - Processing file /home/airflow/.local/lib/python3.8/site-packages/airflow/example_dags/example_complex.py for tasks to queue
[2025-01-14T00:26:01.771+0000] {logging_mixin.py:188} INFO - [2025-01-14T00:26:01.770+0000] {dagbag.py:538} INFO - Filling up the DagBag from /home/airflow/.local/lib/python3.8/site-packages/airflow/example_dags/example_complex.py
[2025-01-14T00:26:01.780+0000] {processor.py:840} INFO - DAG(s) 'example_complex' retrieved from /home/airflow/.local/lib/python3.8/site-packages/airflow/example_dags/example_complex.py
[2025-01-14T00:26:01.800+0000] {logging_mixin.py:188} INFO - [2025-01-14T00:26:01.800+0000] {dag.py:3036} INFO - Sync 1 DAGs
[2025-01-14T00:26:01.808+0000] {logging_mixin.py:188} INFO - [2025-01-14T00:26:01.808+0000] {dag.py:3823} INFO - Setting next_dagrun for example_complex to None, run_after=None
[2025-01-14T00:26:01.820+0000] {processor.py:183} INFO - Processing /home/airflow/.local/lib/python3.8/site-packages/airflow/example_dags/example_complex.py took 0.054 seconds
[2025-01-14T00:26:32.302+0000] {processor.py:161} INFO - Started process (PID=2361) to work on /home/airflow/.local/lib/python3.8/site-packages/airflow/example_dags/example_complex.py
[2025-01-14T00:26:32.304+0000] {processor.py:830} INFO - Processing file /home/airflow/.local/lib/python3.8/site-packages/airflow/example_dags/example_complex.py for tasks to queue
[2025-01-14T00:26:32.305+0000] {logging_mixin.py:188} INFO - [2025-01-14T00:26:32.305+0000] {dagbag.py:538} INFO - Filling up the DagBag from /home/airflow/.local/lib/python3.8/site-packages/airflow/example_dags/example_complex.py
[2025-01-14T00:26:32.315+0000] {processor.py:840} INFO - DAG(s) 'example_complex' retrieved from /home/airflow/.local/lib/python3.8/site-packages/airflow/example_dags/example_complex.py
[2025-01-14T00:26:32.341+0000] {logging_mixin.py:188} INFO - [2025-01-14T00:26:32.341+0000] {dag.py:3036} INFO - Sync 1 DAGs
[2025-01-14T00:26:32.351+0000] {logging_mixin.py:188} INFO - [2025-01-14T00:26:32.350+0000] {dag.py:3823} INFO - Setting next_dagrun for example_complex to None, run_after=None
[2025-01-14T00:26:32.365+0000] {processor.py:183} INFO - Processing /home/airflow/.local/lib/python3.8/site-packages/airflow/example_dags/example_complex.py took 0.065 seconds
[2025-01-14T00:27:03.241+0000] {processor.py:161} INFO - Started process (PID=2420) to work on /home/airflow/.local/lib/python3.8/site-packages/airflow/example_dags/example_complex.py
[2025-01-14T00:27:03.242+0000] {processor.py:830} INFO - Processing file /home/airflow/.local/lib/python3.8/site-packages/airflow/example_dags/example_complex.py for tasks to queue
[2025-01-14T00:27:03.243+0000] {logging_mixin.py:188} INFO - [2025-01-14T00:27:03.243+0000] {dagbag.py:538} INFO - Filling up the DagBag from /home/airflow/.local/lib/python3.8/site-packages/airflow/example_dags/example_complex.py
[2025-01-14T00:27:03.250+0000] {processor.py:840} INFO - DAG(s) 'example_complex' retrieved from /home/airflow/.local/lib/python3.8/site-packages/airflow/example_dags/example_complex.py
[2025-01-14T00:27:03.276+0000] {logging_mixin.py:188} INFO - [2025-01-14T00:27:03.275+0000] {dag.py:3036} INFO - Sync 1 DAGs
[2025-01-14T00:27:03.285+0000] {logging_mixin.py:188} INFO - [2025-01-14T00:27:03.284+0000] {dag.py:3823} INFO - Setting next_dagrun for example_complex to None, run_after=None
[2025-01-14T00:27:03.299+0000] {processor.py:183} INFO - Processing /home/airflow/.local/lib/python3.8/site-packages/airflow/example_dags/example_complex.py took 0.060 seconds
[2025-01-14T00:27:34.007+0000] {processor.py:161} INFO - Started process (PID=2479) to work on /home/airflow/.local/lib/python3.8/site-packages/airflow/example_dags/example_complex.py
[2025-01-14T00:27:34.007+0000] {processor.py:830} INFO - Processing file /home/airflow/.local/lib/python3.8/site-packages/airflow/example_dags/example_complex.py for tasks to queue
[2025-01-14T00:27:34.008+0000] {logging_mixin.py:188} INFO - [2025-01-14T00:27:34.008+0000] {dagbag.py:538} INFO - Filling up the DagBag from /home/airflow/.local/lib/python3.8/site-packages/airflow/example_dags/example_complex.py
[2025-01-14T00:27:34.016+0000] {processor.py:840} INFO - DAG(s) 'example_complex' retrieved from /home/airflow/.local/lib/python3.8/site-packages/airflow/example_dags/example_complex.py
[2025-01-14T00:27:34.036+0000] {logging_mixin.py:188} INFO - [2025-01-14T00:27:34.036+0000] {dag.py:3036} INFO - Sync 1 DAGs
[2025-01-14T00:27:34.044+0000] {logging_mixin.py:188} INFO - [2025-01-14T00:27:34.044+0000] {dag.py:3823} INFO - Setting next_dagrun for example_complex to None, run_after=None
[2025-01-14T00:27:34.058+0000] {processor.py:183} INFO - Processing /home/airflow/.local/lib/python3.8/site-packages/airflow/example_dags/example_complex.py took 0.054 seconds
[2025-01-14T00:28:04.664+0000] {processor.py:161} INFO - Started process (PID=2540) to work on /home/airflow/.local/lib/python3.8/site-packages/airflow/example_dags/example_complex.py
[2025-01-14T00:28:04.665+0000] {processor.py:830} INFO - Processing file /home/airflow/.local/lib/python3.8/site-packages/airflow/example_dags/example_complex.py for tasks to queue
[2025-01-14T00:28:04.666+0000] {logging_mixin.py:188} INFO - [2025-01-14T00:28:04.665+0000] {dagbag.py:538} INFO - Filling up the DagBag from /home/airflow/.local/lib/python3.8/site-packages/airflow/example_dags/example_complex.py
[2025-01-14T00:28:04.673+0000] {processor.py:840} INFO - DAG(s) 'example_complex' retrieved from /home/airflow/.local/lib/python3.8/site-packages/airflow/example_dags/example_complex.py
[2025-01-14T00:28:04.694+0000] {logging_mixin.py:188} INFO - [2025-01-14T00:28:04.694+0000] {dag.py:3036} INFO - Sync 1 DAGs
[2025-01-14T00:28:04.702+0000] {logging_mixin.py:188} INFO - [2025-01-14T00:28:04.702+0000] {dag.py:3823} INFO - Setting next_dagrun for example_complex to None, run_after=None
[2025-01-14T00:28:04.715+0000] {processor.py:183} INFO - Processing /home/airflow/.local/lib/python3.8/site-packages/airflow/example_dags/example_complex.py took 0.053 seconds
[2025-01-14T00:28:35.430+0000] {processor.py:161} INFO - Started process (PID=2599) to work on /home/airflow/.local/lib/python3.8/site-packages/airflow/example_dags/example_complex.py
[2025-01-14T00:28:35.431+0000] {processor.py:830} INFO - Processing file /home/airflow/.local/lib/python3.8/site-packages/airflow/example_dags/example_complex.py for tasks to queue
[2025-01-14T00:28:35.432+0000] {logging_mixin.py:188} INFO - [2025-01-14T00:28:35.432+0000] {dagbag.py:538} INFO - Filling up the DagBag from /home/airflow/.local/lib/python3.8/site-packages/airflow/example_dags/example_complex.py
[2025-01-14T00:28:35.439+0000] {processor.py:840} INFO - DAG(s) 'example_complex' retrieved from /home/airflow/.local/lib/python3.8/site-packages/airflow/example_dags/example_complex.py
[2025-01-14T00:28:35.567+0000] {logging_mixin.py:188} INFO - [2025-01-14T00:28:35.567+0000] {dag.py:3036} INFO - Sync 1 DAGs
[2025-01-14T00:28:35.575+0000] {logging_mixin.py:188} INFO - [2025-01-14T00:28:35.575+0000] {dag.py:3823} INFO - Setting next_dagrun for example_complex to None, run_after=None
[2025-01-14T00:28:35.590+0000] {processor.py:183} INFO - Processing /home/airflow/.local/lib/python3.8/site-packages/airflow/example_dags/example_complex.py took 0.162 seconds
[2025-01-14T00:29:06.156+0000] {processor.py:161} INFO - Started process (PID=2658) to work on /home/airflow/.local/lib/python3.8/site-packages/airflow/example_dags/example_complex.py
[2025-01-14T00:29:06.157+0000] {processor.py:830} INFO - Processing file /home/airflow/.local/lib/python3.8/site-packages/airflow/example_dags/example_complex.py for tasks to queue
[2025-01-14T00:29:06.158+0000] {logging_mixin.py:188} INFO - [2025-01-14T00:29:06.158+0000] {dagbag.py:538} INFO - Filling up the DagBag from /home/airflow/.local/lib/python3.8/site-packages/airflow/example_dags/example_complex.py
[2025-01-14T00:29:06.165+0000] {processor.py:840} INFO - DAG(s) 'example_complex' retrieved from /home/airflow/.local/lib/python3.8/site-packages/airflow/example_dags/example_complex.py
[2025-01-14T00:29:06.192+0000] {logging_mixin.py:188} INFO - [2025-01-14T00:29:06.192+0000] {dag.py:3036} INFO - Sync 1 DAGs
[2025-01-14T00:29:06.311+0000] {logging_mixin.py:188} INFO - [2025-01-14T00:29:06.310+0000] {dag.py:3823} INFO - Setting next_dagrun for example_complex to None, run_after=None
[2025-01-14T00:29:06.326+0000] {processor.py:183} INFO - Processing /home/airflow/.local/lib/python3.8/site-packages/airflow/example_dags/example_complex.py took 0.172 seconds
[2025-01-14T00:29:36.815+0000] {processor.py:161} INFO - Started process (PID=2717) to work on /home/airflow/.local/lib/python3.8/site-packages/airflow/example_dags/example_complex.py
[2025-01-14T00:29:36.816+0000] {processor.py:830} INFO - Processing file /home/airflow/.local/lib/python3.8/site-packages/airflow/example_dags/example_complex.py for tasks to queue
[2025-01-14T00:29:36.817+0000] {logging_mixin.py:188} INFO - [2025-01-14T00:29:36.817+0000] {dagbag.py:538} INFO - Filling up the DagBag from /home/airflow/.local/lib/python3.8/site-packages/airflow/example_dags/example_complex.py
[2025-01-14T00:29:36.828+0000] {processor.py:840} INFO - DAG(s) 'example_complex' retrieved from /home/airflow/.local/lib/python3.8/site-packages/airflow/example_dags/example_complex.py
[2025-01-14T00:29:36.853+0000] {logging_mixin.py:188} INFO - [2025-01-14T00:29:36.853+0000] {dag.py:3036} INFO - Sync 1 DAGs
[2025-01-14T00:29:36.863+0000] {logging_mixin.py:188} INFO - [2025-01-14T00:29:36.862+0000] {dag.py:3823} INFO - Setting next_dagrun for example_complex to None, run_after=None
[2025-01-14T00:29:36.880+0000] {processor.py:183} INFO - Processing /home/airflow/.local/lib/python3.8/site-packages/airflow/example_dags/example_complex.py took 0.067 seconds
[2025-01-14T00:30:07.008+0000] {processor.py:161} INFO - Started process (PID=2776) to work on /home/airflow/.local/lib/python3.8/site-packages/airflow/example_dags/example_complex.py
[2025-01-14T00:30:07.009+0000] {processor.py:830} INFO - Processing file /home/airflow/.local/lib/python3.8/site-packages/airflow/example_dags/example_complex.py for tasks to queue
[2025-01-14T00:30:07.010+0000] {logging_mixin.py:188} INFO - [2025-01-14T00:30:07.010+0000] {dagbag.py:538} INFO - Filling up the DagBag from /home/airflow/.local/lib/python3.8/site-packages/airflow/example_dags/example_complex.py
[2025-01-14T00:30:07.017+0000] {processor.py:840} INFO - DAG(s) 'example_complex' retrieved from /home/airflow/.local/lib/python3.8/site-packages/airflow/example_dags/example_complex.py
[2025-01-14T00:30:07.036+0000] {logging_mixin.py:188} INFO - [2025-01-14T00:30:07.036+0000] {dag.py:3036} INFO - Sync 1 DAGs
[2025-01-14T00:30:07.044+0000] {logging_mixin.py:188} INFO - [2025-01-14T00:30:07.044+0000] {dag.py:3823} INFO - Setting next_dagrun for example_complex to None, run_after=None
[2025-01-14T00:30:07.057+0000] {processor.py:183} INFO - Processing /home/airflow/.local/lib/python3.8/site-packages/airflow/example_dags/example_complex.py took 0.050 seconds
[2025-01-14T00:30:37.816+0000] {processor.py:161} INFO - Started process (PID=2835) to work on /home/airflow/.local/lib/python3.8/site-packages/airflow/example_dags/example_complex.py
[2025-01-14T00:30:37.817+0000] {processor.py:830} INFO - Processing file /home/airflow/.local/lib/python3.8/site-packages/airflow/example_dags/example_complex.py for tasks to queue
[2025-01-14T00:30:37.818+0000] {logging_mixin.py:188} INFO - [2025-01-14T00:30:37.818+0000] {dagbag.py:538} INFO - Filling up the DagBag from /home/airflow/.local/lib/python3.8/site-packages/airflow/example_dags/example_complex.py
[2025-01-14T00:30:37.825+0000] {processor.py:840} INFO - DAG(s) 'example_complex' retrieved from /home/airflow/.local/lib/python3.8/site-packages/airflow/example_dags/example_complex.py
[2025-01-14T00:30:37.844+0000] {logging_mixin.py:188} INFO - [2025-01-14T00:30:37.844+0000] {dag.py:3036} INFO - Sync 1 DAGs
[2025-01-14T00:30:37.852+0000] {logging_mixin.py:188} INFO - [2025-01-14T00:30:37.852+0000] {dag.py:3823} INFO - Setting next_dagrun for example_complex to None, run_after=None
[2025-01-14T00:30:37.864+0000] {processor.py:183} INFO - Processing /home/airflow/.local/lib/python3.8/site-packages/airflow/example_dags/example_complex.py took 0.050 seconds
[2025-01-14T00:31:08.522+0000] {processor.py:161} INFO - Started process (PID=2894) to work on /home/airflow/.local/lib/python3.8/site-packages/airflow/example_dags/example_complex.py
[2025-01-14T00:31:08.522+0000] {processor.py:830} INFO - Processing file /home/airflow/.local/lib/python3.8/site-packages/airflow/example_dags/example_complex.py for tasks to queue
[2025-01-14T00:31:08.523+0000] {logging_mixin.py:188} INFO - [2025-01-14T00:31:08.523+0000] {dagbag.py:538} INFO - Filling up the DagBag from /home/airflow/.local/lib/python3.8/site-packages/airflow/example_dags/example_complex.py
[2025-01-14T00:31:08.530+0000] {processor.py:840} INFO - DAG(s) 'example_complex' retrieved from /home/airflow/.local/lib/python3.8/site-packages/airflow/example_dags/example_complex.py
[2025-01-14T00:31:08.550+0000] {logging_mixin.py:188} INFO - [2025-01-14T00:31:08.550+0000] {dag.py:3036} INFO - Sync 1 DAGs
[2025-01-14T00:31:08.557+0000] {logging_mixin.py:188} INFO - [2025-01-14T00:31:08.557+0000] {dag.py:3823} INFO - Setting next_dagrun for example_complex to None, run_after=None
[2025-01-14T00:31:08.570+0000] {processor.py:183} INFO - Processing /home/airflow/.local/lib/python3.8/site-packages/airflow/example_dags/example_complex.py took 0.051 seconds
[2025-01-14T00:31:39.370+0000] {processor.py:161} INFO - Started process (PID=2953) to work on /home/airflow/.local/lib/python3.8/site-packages/airflow/example_dags/example_complex.py
[2025-01-14T00:31:39.371+0000] {processor.py:830} INFO - Processing file /home/airflow/.local/lib/python3.8/site-packages/airflow/example_dags/example_complex.py for tasks to queue
[2025-01-14T00:31:39.372+0000] {logging_mixin.py:188} INFO - [2025-01-14T00:31:39.372+0000] {dagbag.py:538} INFO - Filling up the DagBag from /home/airflow/.local/lib/python3.8/site-packages/airflow/example_dags/example_complex.py
[2025-01-14T00:31:39.379+0000] {processor.py:840} INFO - DAG(s) 'example_complex' retrieved from /home/airflow/.local/lib/python3.8/site-packages/airflow/example_dags/example_complex.py
[2025-01-14T00:31:39.400+0000] {logging_mixin.py:188} INFO - [2025-01-14T00:31:39.400+0000] {dag.py:3036} INFO - Sync 1 DAGs
[2025-01-14T00:31:39.411+0000] {logging_mixin.py:188} INFO - [2025-01-14T00:31:39.411+0000] {dag.py:3823} INFO - Setting next_dagrun for example_complex to None, run_after=None
[2025-01-14T00:31:39.428+0000] {processor.py:183} INFO - Processing /home/airflow/.local/lib/python3.8/site-packages/airflow/example_dags/example_complex.py took 0.060 seconds
[2025-01-14T00:32:10.272+0000] {processor.py:161} INFO - Started process (PID=3012) to work on /home/airflow/.local/lib/python3.8/site-packages/airflow/example_dags/example_complex.py
[2025-01-14T00:32:10.273+0000] {processor.py:830} INFO - Processing file /home/airflow/.local/lib/python3.8/site-packages/airflow/example_dags/example_complex.py for tasks to queue
[2025-01-14T00:32:10.274+0000] {logging_mixin.py:188} INFO - [2025-01-14T00:32:10.274+0000] {dagbag.py:538} INFO - Filling up the DagBag from /home/airflow/.local/lib/python3.8/site-packages/airflow/example_dags/example_complex.py
[2025-01-14T00:32:10.282+0000] {processor.py:840} INFO - DAG(s) 'example_complex' retrieved from /home/airflow/.local/lib/python3.8/site-packages/airflow/example_dags/example_complex.py
[2025-01-14T00:32:10.303+0000] {logging_mixin.py:188} INFO - [2025-01-14T00:32:10.302+0000] {dag.py:3036} INFO - Sync 1 DAGs
[2025-01-14T00:32:10.312+0000] {logging_mixin.py:188} INFO - [2025-01-14T00:32:10.311+0000] {dag.py:3823} INFO - Setting next_dagrun for example_complex to None, run_after=None
[2025-01-14T00:32:10.325+0000] {processor.py:183} INFO - Processing /home/airflow/.local/lib/python3.8/site-packages/airflow/example_dags/example_complex.py took 0.055 seconds
[2025-01-14T00:32:40.447+0000] {processor.py:161} INFO - Started process (PID=3071) to work on /home/airflow/.local/lib/python3.8/site-packages/airflow/example_dags/example_complex.py
[2025-01-14T00:32:40.448+0000] {processor.py:830} INFO - Processing file /home/airflow/.local/lib/python3.8/site-packages/airflow/example_dags/example_complex.py for tasks to queue
[2025-01-14T00:32:40.449+0000] {logging_mixin.py:188} INFO - [2025-01-14T00:32:40.449+0000] {dagbag.py:538} INFO - Filling up the DagBag from /home/airflow/.local/lib/python3.8/site-packages/airflow/example_dags/example_complex.py
[2025-01-14T00:32:40.456+0000] {processor.py:840} INFO - DAG(s) 'example_complex' retrieved from /home/airflow/.local/lib/python3.8/site-packages/airflow/example_dags/example_complex.py
[2025-01-14T00:32:40.476+0000] {logging_mixin.py:188} INFO - [2025-01-14T00:32:40.475+0000] {dag.py:3036} INFO - Sync 1 DAGs
[2025-01-14T00:32:40.483+0000] {logging_mixin.py:188} INFO - [2025-01-14T00:32:40.483+0000] {dag.py:3823} INFO - Setting next_dagrun for example_complex to None, run_after=None
[2025-01-14T00:32:40.495+0000] {processor.py:183} INFO - Processing /home/airflow/.local/lib/python3.8/site-packages/airflow/example_dags/example_complex.py took 0.050 seconds
