[2025-01-14T00:00:07.928+0000] {processor.py:161} INFO - Started process (PID=10563) to work on /home/airflow/.local/lib/python3.8/site-packages/airflow/example_dags/example_kubernetes_executor.py
[2025-01-14T00:00:07.928+0000] {processor.py:830} INFO - Processing file /home/airflow/.local/lib/python3.8/site-packages/airflow/example_dags/example_kubernetes_executor.py for tasks to queue
[2025-01-14T00:00:07.929+0000] {logging_mixin.py:188} INFO - [2025-01-14T00:00:07.929+0000] {dagbag.py:538} INFO - Filling up the DagBag from /home/airflow/.local/lib/python3.8/site-packages/airflow/example_dags/example_kubernetes_executor.py
[2025-01-14T00:00:07.938+0000] {processor.py:840} INFO - DAG(s) 'example_kubernetes_executor' retrieved from /home/airflow/.local/lib/python3.8/site-packages/airflow/example_dags/example_kubernetes_executor.py
[2025-01-14T00:00:07.963+0000] {logging_mixin.py:188} INFO - [2025-01-14T00:00:07.962+0000] {dag.py:3036} INFO - Sync 1 DAGs
[2025-01-14T00:00:07.970+0000] {logging_mixin.py:188} INFO - [2025-01-14T00:00:07.970+0000] {dag.py:3823} INFO - Setting next_dagrun for example_kubernetes_executor to None, run_after=None
[2025-01-14T00:00:07.982+0000] {processor.py:183} INFO - Processing /home/airflow/.local/lib/python3.8/site-packages/airflow/example_dags/example_kubernetes_executor.py took 0.056 seconds
[2025-01-14T00:00:38.143+0000] {processor.py:161} INFO - Started process (PID=10624) to work on /home/airflow/.local/lib/python3.8/site-packages/airflow/example_dags/example_kubernetes_executor.py
[2025-01-14T00:00:38.144+0000] {processor.py:830} INFO - Processing file /home/airflow/.local/lib/python3.8/site-packages/airflow/example_dags/example_kubernetes_executor.py for tasks to queue
[2025-01-14T00:00:38.144+0000] {logging_mixin.py:188} INFO - [2025-01-14T00:00:38.144+0000] {dagbag.py:538} INFO - Filling up the DagBag from /home/airflow/.local/lib/python3.8/site-packages/airflow/example_dags/example_kubernetes_executor.py
[2025-01-14T00:00:38.153+0000] {processor.py:840} INFO - DAG(s) 'example_kubernetes_executor' retrieved from /home/airflow/.local/lib/python3.8/site-packages/airflow/example_dags/example_kubernetes_executor.py
[2025-01-14T00:00:38.177+0000] {logging_mixin.py:188} INFO - [2025-01-14T00:00:38.177+0000] {dag.py:3036} INFO - Sync 1 DAGs
[2025-01-14T00:00:38.185+0000] {logging_mixin.py:188} INFO - [2025-01-14T00:00:38.185+0000] {dag.py:3823} INFO - Setting next_dagrun for example_kubernetes_executor to None, run_after=None
[2025-01-14T00:00:38.198+0000] {processor.py:183} INFO - Processing /home/airflow/.local/lib/python3.8/site-packages/airflow/example_dags/example_kubernetes_executor.py took 0.057 seconds
[2025-01-14T00:01:08.238+0000] {processor.py:161} INFO - Started process (PID=10683) to work on /home/airflow/.local/lib/python3.8/site-packages/airflow/example_dags/example_kubernetes_executor.py
[2025-01-14T00:01:08.239+0000] {processor.py:830} INFO - Processing file /home/airflow/.local/lib/python3.8/site-packages/airflow/example_dags/example_kubernetes_executor.py for tasks to queue
[2025-01-14T00:01:08.240+0000] {logging_mixin.py:188} INFO - [2025-01-14T00:01:08.239+0000] {dagbag.py:538} INFO - Filling up the DagBag from /home/airflow/.local/lib/python3.8/site-packages/airflow/example_dags/example_kubernetes_executor.py
[2025-01-14T00:01:08.248+0000] {processor.py:840} INFO - DAG(s) 'example_kubernetes_executor' retrieved from /home/airflow/.local/lib/python3.8/site-packages/airflow/example_dags/example_kubernetes_executor.py
[2025-01-14T00:01:08.272+0000] {logging_mixin.py:188} INFO - [2025-01-14T00:01:08.272+0000] {dag.py:3036} INFO - Sync 1 DAGs
[2025-01-14T00:01:08.281+0000] {logging_mixin.py:188} INFO - [2025-01-14T00:01:08.281+0000] {dag.py:3823} INFO - Setting next_dagrun for example_kubernetes_executor to None, run_after=None
[2025-01-14T00:01:08.295+0000] {processor.py:183} INFO - Processing /home/airflow/.local/lib/python3.8/site-packages/airflow/example_dags/example_kubernetes_executor.py took 0.059 seconds
[2025-01-14T00:01:38.321+0000] {processor.py:161} INFO - Started process (PID=10742) to work on /home/airflow/.local/lib/python3.8/site-packages/airflow/example_dags/example_kubernetes_executor.py
[2025-01-14T00:01:38.322+0000] {processor.py:830} INFO - Processing file /home/airflow/.local/lib/python3.8/site-packages/airflow/example_dags/example_kubernetes_executor.py for tasks to queue
[2025-01-14T00:01:38.322+0000] {logging_mixin.py:188} INFO - [2025-01-14T00:01:38.322+0000] {dagbag.py:538} INFO - Filling up the DagBag from /home/airflow/.local/lib/python3.8/site-packages/airflow/example_dags/example_kubernetes_executor.py
[2025-01-14T00:01:38.331+0000] {processor.py:840} INFO - DAG(s) 'example_kubernetes_executor' retrieved from /home/airflow/.local/lib/python3.8/site-packages/airflow/example_dags/example_kubernetes_executor.py
[2025-01-14T00:01:38.354+0000] {logging_mixin.py:188} INFO - [2025-01-14T00:01:38.353+0000] {dag.py:3036} INFO - Sync 1 DAGs
[2025-01-14T00:01:38.362+0000] {logging_mixin.py:188} INFO - [2025-01-14T00:01:38.361+0000] {dag.py:3823} INFO - Setting next_dagrun for example_kubernetes_executor to None, run_after=None
[2025-01-14T00:01:38.374+0000] {processor.py:183} INFO - Processing /home/airflow/.local/lib/python3.8/site-packages/airflow/example_dags/example_kubernetes_executor.py took 0.055 seconds
[2025-01-14T00:02:09.207+0000] {processor.py:161} INFO - Started process (PID=10801) to work on /home/airflow/.local/lib/python3.8/site-packages/airflow/example_dags/example_kubernetes_executor.py
[2025-01-14T00:02:09.208+0000] {processor.py:830} INFO - Processing file /home/airflow/.local/lib/python3.8/site-packages/airflow/example_dags/example_kubernetes_executor.py for tasks to queue
[2025-01-14T00:02:09.209+0000] {logging_mixin.py:188} INFO - [2025-01-14T00:02:09.208+0000] {dagbag.py:538} INFO - Filling up the DagBag from /home/airflow/.local/lib/python3.8/site-packages/airflow/example_dags/example_kubernetes_executor.py
[2025-01-14T00:02:09.217+0000] {processor.py:840} INFO - DAG(s) 'example_kubernetes_executor' retrieved from /home/airflow/.local/lib/python3.8/site-packages/airflow/example_dags/example_kubernetes_executor.py
[2025-01-14T00:02:09.241+0000] {logging_mixin.py:188} INFO - [2025-01-14T00:02:09.241+0000] {dag.py:3036} INFO - Sync 1 DAGs
[2025-01-14T00:02:09.250+0000] {logging_mixin.py:188} INFO - [2025-01-14T00:02:09.249+0000] {dag.py:3823} INFO - Setting next_dagrun for example_kubernetes_executor to None, run_after=None
[2025-01-14T00:02:09.262+0000] {processor.py:183} INFO - Processing /home/airflow/.local/lib/python3.8/site-packages/airflow/example_dags/example_kubernetes_executor.py took 0.057 seconds
[2025-01-14T00:02:40.129+0000] {processor.py:161} INFO - Started process (PID=10860) to work on /home/airflow/.local/lib/python3.8/site-packages/airflow/example_dags/example_kubernetes_executor.py
[2025-01-14T00:02:40.129+0000] {processor.py:830} INFO - Processing file /home/airflow/.local/lib/python3.8/site-packages/airflow/example_dags/example_kubernetes_executor.py for tasks to queue
[2025-01-14T00:02:40.130+0000] {logging_mixin.py:188} INFO - [2025-01-14T00:02:40.130+0000] {dagbag.py:538} INFO - Filling up the DagBag from /home/airflow/.local/lib/python3.8/site-packages/airflow/example_dags/example_kubernetes_executor.py
[2025-01-14T00:02:40.139+0000] {processor.py:840} INFO - DAG(s) 'example_kubernetes_executor' retrieved from /home/airflow/.local/lib/python3.8/site-packages/airflow/example_dags/example_kubernetes_executor.py
[2025-01-14T00:02:40.162+0000] {logging_mixin.py:188} INFO - [2025-01-14T00:02:40.161+0000] {dag.py:3036} INFO - Sync 1 DAGs
[2025-01-14T00:02:40.170+0000] {logging_mixin.py:188} INFO - [2025-01-14T00:02:40.170+0000] {dag.py:3823} INFO - Setting next_dagrun for example_kubernetes_executor to None, run_after=None
[2025-01-14T00:02:40.182+0000] {processor.py:183} INFO - Processing /home/airflow/.local/lib/python3.8/site-packages/airflow/example_dags/example_kubernetes_executor.py took 0.056 seconds
[2025-01-14T00:03:10.419+0000] {processor.py:161} INFO - Started process (PID=10919) to work on /home/airflow/.local/lib/python3.8/site-packages/airflow/example_dags/example_kubernetes_executor.py
[2025-01-14T00:03:10.419+0000] {processor.py:830} INFO - Processing file /home/airflow/.local/lib/python3.8/site-packages/airflow/example_dags/example_kubernetes_executor.py for tasks to queue
[2025-01-14T00:03:10.420+0000] {logging_mixin.py:188} INFO - [2025-01-14T00:03:10.420+0000] {dagbag.py:538} INFO - Filling up the DagBag from /home/airflow/.local/lib/python3.8/site-packages/airflow/example_dags/example_kubernetes_executor.py
[2025-01-14T00:03:10.428+0000] {processor.py:840} INFO - DAG(s) 'example_kubernetes_executor' retrieved from /home/airflow/.local/lib/python3.8/site-packages/airflow/example_dags/example_kubernetes_executor.py
[2025-01-14T00:03:10.452+0000] {logging_mixin.py:188} INFO - [2025-01-14T00:03:10.452+0000] {dag.py:3036} INFO - Sync 1 DAGs
[2025-01-14T00:03:10.460+0000] {logging_mixin.py:188} INFO - [2025-01-14T00:03:10.459+0000] {dag.py:3823} INFO - Setting next_dagrun for example_kubernetes_executor to None, run_after=None
[2025-01-14T00:03:10.473+0000] {processor.py:183} INFO - Processing /home/airflow/.local/lib/python3.8/site-packages/airflow/example_dags/example_kubernetes_executor.py took 0.057 seconds
[2025-01-14T00:03:40.571+0000] {processor.py:161} INFO - Started process (PID=10978) to work on /home/airflow/.local/lib/python3.8/site-packages/airflow/example_dags/example_kubernetes_executor.py
[2025-01-14T00:03:40.572+0000] {processor.py:830} INFO - Processing file /home/airflow/.local/lib/python3.8/site-packages/airflow/example_dags/example_kubernetes_executor.py for tasks to queue
[2025-01-14T00:03:40.572+0000] {logging_mixin.py:188} INFO - [2025-01-14T00:03:40.572+0000] {dagbag.py:538} INFO - Filling up the DagBag from /home/airflow/.local/lib/python3.8/site-packages/airflow/example_dags/example_kubernetes_executor.py
[2025-01-14T00:03:40.581+0000] {processor.py:840} INFO - DAG(s) 'example_kubernetes_executor' retrieved from /home/airflow/.local/lib/python3.8/site-packages/airflow/example_dags/example_kubernetes_executor.py
[2025-01-14T00:03:40.604+0000] {logging_mixin.py:188} INFO - [2025-01-14T00:03:40.604+0000] {dag.py:3036} INFO - Sync 1 DAGs
[2025-01-14T00:03:40.611+0000] {logging_mixin.py:188} INFO - [2025-01-14T00:03:40.611+0000] {dag.py:3823} INFO - Setting next_dagrun for example_kubernetes_executor to None, run_after=None
[2025-01-14T00:03:40.623+0000] {processor.py:183} INFO - Processing /home/airflow/.local/lib/python3.8/site-packages/airflow/example_dags/example_kubernetes_executor.py took 0.054 seconds
[2025-01-14T00:04:11.462+0000] {processor.py:161} INFO - Started process (PID=11037) to work on /home/airflow/.local/lib/python3.8/site-packages/airflow/example_dags/example_kubernetes_executor.py
[2025-01-14T00:04:11.462+0000] {processor.py:830} INFO - Processing file /home/airflow/.local/lib/python3.8/site-packages/airflow/example_dags/example_kubernetes_executor.py for tasks to queue
[2025-01-14T00:04:11.463+0000] {logging_mixin.py:188} INFO - [2025-01-14T00:04:11.463+0000] {dagbag.py:538} INFO - Filling up the DagBag from /home/airflow/.local/lib/python3.8/site-packages/airflow/example_dags/example_kubernetes_executor.py
[2025-01-14T00:04:11.472+0000] {processor.py:840} INFO - DAG(s) 'example_kubernetes_executor' retrieved from /home/airflow/.local/lib/python3.8/site-packages/airflow/example_dags/example_kubernetes_executor.py
[2025-01-14T00:04:11.505+0000] {logging_mixin.py:188} INFO - [2025-01-14T00:04:11.505+0000] {dag.py:3036} INFO - Sync 1 DAGs
[2025-01-14T00:04:11.514+0000] {logging_mixin.py:188} INFO - [2025-01-14T00:04:11.514+0000] {dag.py:3823} INFO - Setting next_dagrun for example_kubernetes_executor to None, run_after=None
[2025-01-14T00:04:11.529+0000] {processor.py:183} INFO - Processing /home/airflow/.local/lib/python3.8/site-packages/airflow/example_dags/example_kubernetes_executor.py took 0.069 seconds
[2025-01-14T00:04:41.828+0000] {processor.py:161} INFO - Started process (PID=11096) to work on /home/airflow/.local/lib/python3.8/site-packages/airflow/example_dags/example_kubernetes_executor.py
[2025-01-14T00:04:41.828+0000] {processor.py:830} INFO - Processing file /home/airflow/.local/lib/python3.8/site-packages/airflow/example_dags/example_kubernetes_executor.py for tasks to queue
[2025-01-14T00:04:41.829+0000] {logging_mixin.py:188} INFO - [2025-01-14T00:04:41.829+0000] {dagbag.py:538} INFO - Filling up the DagBag from /home/airflow/.local/lib/python3.8/site-packages/airflow/example_dags/example_kubernetes_executor.py
[2025-01-14T00:04:41.838+0000] {processor.py:840} INFO - DAG(s) 'example_kubernetes_executor' retrieved from /home/airflow/.local/lib/python3.8/site-packages/airflow/example_dags/example_kubernetes_executor.py
[2025-01-14T00:04:41.862+0000] {logging_mixin.py:188} INFO - [2025-01-14T00:04:41.862+0000] {dag.py:3036} INFO - Sync 1 DAGs
[2025-01-14T00:04:41.869+0000] {logging_mixin.py:188} INFO - [2025-01-14T00:04:41.869+0000] {dag.py:3823} INFO - Setting next_dagrun for example_kubernetes_executor to None, run_after=None
[2025-01-14T00:04:41.882+0000] {processor.py:183} INFO - Processing /home/airflow/.local/lib/python3.8/site-packages/airflow/example_dags/example_kubernetes_executor.py took 0.057 seconds
[2025-01-14T00:05:12.840+0000] {processor.py:161} INFO - Started process (PID=11155) to work on /home/airflow/.local/lib/python3.8/site-packages/airflow/example_dags/example_kubernetes_executor.py
[2025-01-14T00:05:12.841+0000] {processor.py:830} INFO - Processing file /home/airflow/.local/lib/python3.8/site-packages/airflow/example_dags/example_kubernetes_executor.py for tasks to queue
[2025-01-14T00:05:12.841+0000] {logging_mixin.py:188} INFO - [2025-01-14T00:05:12.841+0000] {dagbag.py:538} INFO - Filling up the DagBag from /home/airflow/.local/lib/python3.8/site-packages/airflow/example_dags/example_kubernetes_executor.py
[2025-01-14T00:05:12.850+0000] {processor.py:840} INFO - DAG(s) 'example_kubernetes_executor' retrieved from /home/airflow/.local/lib/python3.8/site-packages/airflow/example_dags/example_kubernetes_executor.py
[2025-01-14T00:05:12.873+0000] {logging_mixin.py:188} INFO - [2025-01-14T00:05:12.873+0000] {dag.py:3036} INFO - Sync 1 DAGs
[2025-01-14T00:05:12.883+0000] {logging_mixin.py:188} INFO - [2025-01-14T00:05:12.883+0000] {dag.py:3823} INFO - Setting next_dagrun for example_kubernetes_executor to None, run_after=None
[2025-01-14T00:05:12.895+0000] {processor.py:183} INFO - Processing /home/airflow/.local/lib/python3.8/site-packages/airflow/example_dags/example_kubernetes_executor.py took 0.057 seconds
[2025-01-14T00:06:25.391+0000] {processor.py:161} INFO - Started process (PID=89) to work on /home/airflow/.local/lib/python3.8/site-packages/airflow/example_dags/example_kubernetes_executor.py
[2025-01-14T00:06:25.392+0000] {processor.py:830} INFO - Processing file /home/airflow/.local/lib/python3.8/site-packages/airflow/example_dags/example_kubernetes_executor.py for tasks to queue
[2025-01-14T00:06:25.393+0000] {logging_mixin.py:188} INFO - [2025-01-14T00:06:25.392+0000] {dagbag.py:538} INFO - Filling up the DagBag from /home/airflow/.local/lib/python3.8/site-packages/airflow/example_dags/example_kubernetes_executor.py
[2025-01-14T00:06:25.402+0000] {processor.py:840} INFO - DAG(s) 'example_kubernetes_executor' retrieved from /home/airflow/.local/lib/python3.8/site-packages/airflow/example_dags/example_kubernetes_executor.py
[2025-01-14T00:06:25.411+0000] {logging_mixin.py:188} INFO - [2025-01-14T00:06:25.410+0000] {dag.py:3036} INFO - Sync 1 DAGs
[2025-01-14T00:06:25.419+0000] {logging_mixin.py:188} INFO - [2025-01-14T00:06:25.419+0000] {dag.py:3823} INFO - Setting next_dagrun for example_kubernetes_executor to None, run_after=None
[2025-01-14T00:06:25.433+0000] {processor.py:183} INFO - Processing /home/airflow/.local/lib/python3.8/site-packages/airflow/example_dags/example_kubernetes_executor.py took 0.044 seconds
[2025-01-14T00:06:56.574+0000] {processor.py:161} INFO - Started process (PID=148) to work on /home/airflow/.local/lib/python3.8/site-packages/airflow/example_dags/example_kubernetes_executor.py
[2025-01-14T00:06:56.575+0000] {processor.py:830} INFO - Processing file /home/airflow/.local/lib/python3.8/site-packages/airflow/example_dags/example_kubernetes_executor.py for tasks to queue
[2025-01-14T00:06:56.576+0000] {logging_mixin.py:188} INFO - [2025-01-14T00:06:56.576+0000] {dagbag.py:538} INFO - Filling up the DagBag from /home/airflow/.local/lib/python3.8/site-packages/airflow/example_dags/example_kubernetes_executor.py
[2025-01-14T00:06:56.584+0000] {processor.py:840} INFO - DAG(s) 'example_kubernetes_executor' retrieved from /home/airflow/.local/lib/python3.8/site-packages/airflow/example_dags/example_kubernetes_executor.py
[2025-01-14T00:06:56.660+0000] {logging_mixin.py:188} INFO - [2025-01-14T00:06:56.660+0000] {dag.py:3036} INFO - Sync 1 DAGs
[2025-01-14T00:06:56.667+0000] {logging_mixin.py:188} INFO - [2025-01-14T00:06:56.667+0000] {dag.py:3823} INFO - Setting next_dagrun for example_kubernetes_executor to None, run_after=None
[2025-01-14T00:06:56.689+0000] {processor.py:183} INFO - Processing /home/airflow/.local/lib/python3.8/site-packages/airflow/example_dags/example_kubernetes_executor.py took 0.116 seconds
[2025-01-14T00:07:26.926+0000] {processor.py:161} INFO - Started process (PID=207) to work on /home/airflow/.local/lib/python3.8/site-packages/airflow/example_dags/example_kubernetes_executor.py
[2025-01-14T00:07:26.926+0000] {processor.py:830} INFO - Processing file /home/airflow/.local/lib/python3.8/site-packages/airflow/example_dags/example_kubernetes_executor.py for tasks to queue
[2025-01-14T00:07:26.928+0000] {logging_mixin.py:188} INFO - [2025-01-14T00:07:26.927+0000] {dagbag.py:538} INFO - Filling up the DagBag from /home/airflow/.local/lib/python3.8/site-packages/airflow/example_dags/example_kubernetes_executor.py
[2025-01-14T00:07:26.937+0000] {processor.py:840} INFO - DAG(s) 'example_kubernetes_executor' retrieved from /home/airflow/.local/lib/python3.8/site-packages/airflow/example_dags/example_kubernetes_executor.py
[2025-01-14T00:07:26.962+0000] {logging_mixin.py:188} INFO - [2025-01-14T00:07:26.961+0000] {dag.py:3036} INFO - Sync 1 DAGs
[2025-01-14T00:07:26.969+0000] {logging_mixin.py:188} INFO - [2025-01-14T00:07:26.969+0000] {dag.py:3823} INFO - Setting next_dagrun for example_kubernetes_executor to None, run_after=None
[2025-01-14T00:07:26.982+0000] {processor.py:183} INFO - Processing /home/airflow/.local/lib/python3.8/site-packages/airflow/example_dags/example_kubernetes_executor.py took 0.059 seconds
[2025-01-14T00:07:57.211+0000] {processor.py:161} INFO - Started process (PID=266) to work on /home/airflow/.local/lib/python3.8/site-packages/airflow/example_dags/example_kubernetes_executor.py
[2025-01-14T00:07:57.212+0000] {processor.py:830} INFO - Processing file /home/airflow/.local/lib/python3.8/site-packages/airflow/example_dags/example_kubernetes_executor.py for tasks to queue
[2025-01-14T00:07:57.213+0000] {logging_mixin.py:188} INFO - [2025-01-14T00:07:57.213+0000] {dagbag.py:538} INFO - Filling up the DagBag from /home/airflow/.local/lib/python3.8/site-packages/airflow/example_dags/example_kubernetes_executor.py
[2025-01-14T00:07:57.222+0000] {processor.py:840} INFO - DAG(s) 'example_kubernetes_executor' retrieved from /home/airflow/.local/lib/python3.8/site-packages/airflow/example_dags/example_kubernetes_executor.py
[2025-01-14T00:07:57.246+0000] {logging_mixin.py:188} INFO - [2025-01-14T00:07:57.246+0000] {dag.py:3036} INFO - Sync 1 DAGs
[2025-01-14T00:07:57.254+0000] {logging_mixin.py:188} INFO - [2025-01-14T00:07:57.253+0000] {dag.py:3823} INFO - Setting next_dagrun for example_kubernetes_executor to None, run_after=None
[2025-01-14T00:07:57.267+0000] {processor.py:183} INFO - Processing /home/airflow/.local/lib/python3.8/site-packages/airflow/example_dags/example_kubernetes_executor.py took 0.057 seconds
[2025-01-14T00:08:27.487+0000] {processor.py:161} INFO - Started process (PID=325) to work on /home/airflow/.local/lib/python3.8/site-packages/airflow/example_dags/example_kubernetes_executor.py
[2025-01-14T00:08:27.488+0000] {processor.py:830} INFO - Processing file /home/airflow/.local/lib/python3.8/site-packages/airflow/example_dags/example_kubernetes_executor.py for tasks to queue
[2025-01-14T00:08:27.489+0000] {logging_mixin.py:188} INFO - [2025-01-14T00:08:27.489+0000] {dagbag.py:538} INFO - Filling up the DagBag from /home/airflow/.local/lib/python3.8/site-packages/airflow/example_dags/example_kubernetes_executor.py
[2025-01-14T00:08:27.497+0000] {processor.py:840} INFO - DAG(s) 'example_kubernetes_executor' retrieved from /home/airflow/.local/lib/python3.8/site-packages/airflow/example_dags/example_kubernetes_executor.py
[2025-01-14T00:08:27.522+0000] {logging_mixin.py:188} INFO - [2025-01-14T00:08:27.522+0000] {dag.py:3036} INFO - Sync 1 DAGs
[2025-01-14T00:08:27.529+0000] {logging_mixin.py:188} INFO - [2025-01-14T00:08:27.529+0000] {dag.py:3823} INFO - Setting next_dagrun for example_kubernetes_executor to None, run_after=None
[2025-01-14T00:08:27.543+0000] {processor.py:183} INFO - Processing /home/airflow/.local/lib/python3.8/site-packages/airflow/example_dags/example_kubernetes_executor.py took 0.057 seconds
[2025-01-14T00:08:57.808+0000] {processor.py:161} INFO - Started process (PID=384) to work on /home/airflow/.local/lib/python3.8/site-packages/airflow/example_dags/example_kubernetes_executor.py
[2025-01-14T00:08:57.808+0000] {processor.py:830} INFO - Processing file /home/airflow/.local/lib/python3.8/site-packages/airflow/example_dags/example_kubernetes_executor.py for tasks to queue
[2025-01-14T00:08:57.810+0000] {logging_mixin.py:188} INFO - [2025-01-14T00:08:57.809+0000] {dagbag.py:538} INFO - Filling up the DagBag from /home/airflow/.local/lib/python3.8/site-packages/airflow/example_dags/example_kubernetes_executor.py
[2025-01-14T00:08:57.820+0000] {processor.py:840} INFO - DAG(s) 'example_kubernetes_executor' retrieved from /home/airflow/.local/lib/python3.8/site-packages/airflow/example_dags/example_kubernetes_executor.py
[2025-01-14T00:08:57.850+0000] {logging_mixin.py:188} INFO - [2025-01-14T00:08:57.850+0000] {dag.py:3036} INFO - Sync 1 DAGs
[2025-01-14T00:08:57.859+0000] {logging_mixin.py:188} INFO - [2025-01-14T00:08:57.859+0000] {dag.py:3823} INFO - Setting next_dagrun for example_kubernetes_executor to None, run_after=None
[2025-01-14T00:08:57.876+0000] {processor.py:183} INFO - Processing /home/airflow/.local/lib/python3.8/site-packages/airflow/example_dags/example_kubernetes_executor.py took 0.071 seconds
[2025-01-14T00:09:28.048+0000] {processor.py:161} INFO - Started process (PID=443) to work on /home/airflow/.local/lib/python3.8/site-packages/airflow/example_dags/example_kubernetes_executor.py
[2025-01-14T00:09:28.049+0000] {processor.py:830} INFO - Processing file /home/airflow/.local/lib/python3.8/site-packages/airflow/example_dags/example_kubernetes_executor.py for tasks to queue
[2025-01-14T00:09:28.050+0000] {logging_mixin.py:188} INFO - [2025-01-14T00:09:28.050+0000] {dagbag.py:538} INFO - Filling up the DagBag from /home/airflow/.local/lib/python3.8/site-packages/airflow/example_dags/example_kubernetes_executor.py
[2025-01-14T00:09:28.059+0000] {processor.py:840} INFO - DAG(s) 'example_kubernetes_executor' retrieved from /home/airflow/.local/lib/python3.8/site-packages/airflow/example_dags/example_kubernetes_executor.py
[2025-01-14T00:09:28.083+0000] {logging_mixin.py:188} INFO - [2025-01-14T00:09:28.083+0000] {dag.py:3036} INFO - Sync 1 DAGs
[2025-01-14T00:09:28.091+0000] {logging_mixin.py:188} INFO - [2025-01-14T00:09:28.091+0000] {dag.py:3823} INFO - Setting next_dagrun for example_kubernetes_executor to None, run_after=None
[2025-01-14T00:09:28.106+0000] {processor.py:183} INFO - Processing /home/airflow/.local/lib/python3.8/site-packages/airflow/example_dags/example_kubernetes_executor.py took 0.059 seconds
[2025-01-14T00:09:59.083+0000] {processor.py:161} INFO - Started process (PID=502) to work on /home/airflow/.local/lib/python3.8/site-packages/airflow/example_dags/example_kubernetes_executor.py
[2025-01-14T00:09:59.084+0000] {processor.py:830} INFO - Processing file /home/airflow/.local/lib/python3.8/site-packages/airflow/example_dags/example_kubernetes_executor.py for tasks to queue
[2025-01-14T00:09:59.085+0000] {logging_mixin.py:188} INFO - [2025-01-14T00:09:59.085+0000] {dagbag.py:538} INFO - Filling up the DagBag from /home/airflow/.local/lib/python3.8/site-packages/airflow/example_dags/example_kubernetes_executor.py
[2025-01-14T00:09:59.094+0000] {processor.py:840} INFO - DAG(s) 'example_kubernetes_executor' retrieved from /home/airflow/.local/lib/python3.8/site-packages/airflow/example_dags/example_kubernetes_executor.py
[2025-01-14T00:09:59.117+0000] {logging_mixin.py:188} INFO - [2025-01-14T00:09:59.117+0000] {dag.py:3036} INFO - Sync 1 DAGs
[2025-01-14T00:09:59.124+0000] {logging_mixin.py:188} INFO - [2025-01-14T00:09:59.124+0000] {dag.py:3823} INFO - Setting next_dagrun for example_kubernetes_executor to None, run_after=None
[2025-01-14T00:09:59.136+0000] {processor.py:183} INFO - Processing /home/airflow/.local/lib/python3.8/site-packages/airflow/example_dags/example_kubernetes_executor.py took 0.055 seconds
[2025-01-14T00:10:30.455+0000] {processor.py:161} INFO - Started process (PID=561) to work on /home/airflow/.local/lib/python3.8/site-packages/airflow/example_dags/example_kubernetes_executor.py
[2025-01-14T00:10:30.456+0000] {processor.py:830} INFO - Processing file /home/airflow/.local/lib/python3.8/site-packages/airflow/example_dags/example_kubernetes_executor.py for tasks to queue
[2025-01-14T00:10:30.457+0000] {logging_mixin.py:188} INFO - [2025-01-14T00:10:30.457+0000] {dagbag.py:538} INFO - Filling up the DagBag from /home/airflow/.local/lib/python3.8/site-packages/airflow/example_dags/example_kubernetes_executor.py
[2025-01-14T00:10:30.466+0000] {processor.py:840} INFO - DAG(s) 'example_kubernetes_executor' retrieved from /home/airflow/.local/lib/python3.8/site-packages/airflow/example_dags/example_kubernetes_executor.py
[2025-01-14T00:10:30.493+0000] {logging_mixin.py:188} INFO - [2025-01-14T00:10:30.493+0000] {dag.py:3036} INFO - Sync 1 DAGs
[2025-01-14T00:10:30.502+0000] {logging_mixin.py:188} INFO - [2025-01-14T00:10:30.501+0000] {dag.py:3823} INFO - Setting next_dagrun for example_kubernetes_executor to None, run_after=None
[2025-01-14T00:10:30.516+0000] {processor.py:183} INFO - Processing /home/airflow/.local/lib/python3.8/site-packages/airflow/example_dags/example_kubernetes_executor.py took 0.062 seconds
[2025-01-14T00:11:01.677+0000] {processor.py:161} INFO - Started process (PID=620) to work on /home/airflow/.local/lib/python3.8/site-packages/airflow/example_dags/example_kubernetes_executor.py
[2025-01-14T00:11:01.678+0000] {processor.py:830} INFO - Processing file /home/airflow/.local/lib/python3.8/site-packages/airflow/example_dags/example_kubernetes_executor.py for tasks to queue
[2025-01-14T00:11:01.680+0000] {logging_mixin.py:188} INFO - [2025-01-14T00:11:01.679+0000] {dagbag.py:538} INFO - Filling up the DagBag from /home/airflow/.local/lib/python3.8/site-packages/airflow/example_dags/example_kubernetes_executor.py
[2025-01-14T00:11:01.691+0000] {processor.py:840} INFO - DAG(s) 'example_kubernetes_executor' retrieved from /home/airflow/.local/lib/python3.8/site-packages/airflow/example_dags/example_kubernetes_executor.py
[2025-01-14T00:11:01.717+0000] {logging_mixin.py:188} INFO - [2025-01-14T00:11:01.717+0000] {dag.py:3036} INFO - Sync 1 DAGs
[2025-01-14T00:11:01.726+0000] {logging_mixin.py:188} INFO - [2025-01-14T00:11:01.725+0000] {dag.py:3823} INFO - Setting next_dagrun for example_kubernetes_executor to None, run_after=None
[2025-01-14T00:11:01.740+0000] {processor.py:183} INFO - Processing /home/airflow/.local/lib/python3.8/site-packages/airflow/example_dags/example_kubernetes_executor.py took 0.065 seconds
[2025-01-14T00:11:32.714+0000] {processor.py:161} INFO - Started process (PID=679) to work on /home/airflow/.local/lib/python3.8/site-packages/airflow/example_dags/example_kubernetes_executor.py
[2025-01-14T00:11:32.715+0000] {processor.py:830} INFO - Processing file /home/airflow/.local/lib/python3.8/site-packages/airflow/example_dags/example_kubernetes_executor.py for tasks to queue
[2025-01-14T00:11:32.716+0000] {logging_mixin.py:188} INFO - [2025-01-14T00:11:32.716+0000] {dagbag.py:538} INFO - Filling up the DagBag from /home/airflow/.local/lib/python3.8/site-packages/airflow/example_dags/example_kubernetes_executor.py
[2025-01-14T00:11:32.724+0000] {processor.py:840} INFO - DAG(s) 'example_kubernetes_executor' retrieved from /home/airflow/.local/lib/python3.8/site-packages/airflow/example_dags/example_kubernetes_executor.py
[2025-01-14T00:11:32.747+0000] {logging_mixin.py:188} INFO - [2025-01-14T00:11:32.747+0000] {dag.py:3036} INFO - Sync 1 DAGs
[2025-01-14T00:11:32.754+0000] {logging_mixin.py:188} INFO - [2025-01-14T00:11:32.754+0000] {dag.py:3823} INFO - Setting next_dagrun for example_kubernetes_executor to None, run_after=None
[2025-01-14T00:11:32.766+0000] {processor.py:183} INFO - Processing /home/airflow/.local/lib/python3.8/site-packages/airflow/example_dags/example_kubernetes_executor.py took 0.054 seconds
[2025-01-14T00:12:04.174+0000] {processor.py:161} INFO - Started process (PID=738) to work on /home/airflow/.local/lib/python3.8/site-packages/airflow/example_dags/example_kubernetes_executor.py
[2025-01-14T00:12:04.175+0000] {processor.py:830} INFO - Processing file /home/airflow/.local/lib/python3.8/site-packages/airflow/example_dags/example_kubernetes_executor.py for tasks to queue
[2025-01-14T00:12:04.176+0000] {logging_mixin.py:188} INFO - [2025-01-14T00:12:04.175+0000] {dagbag.py:538} INFO - Filling up the DagBag from /home/airflow/.local/lib/python3.8/site-packages/airflow/example_dags/example_kubernetes_executor.py
[2025-01-14T00:12:04.184+0000] {processor.py:840} INFO - DAG(s) 'example_kubernetes_executor' retrieved from /home/airflow/.local/lib/python3.8/site-packages/airflow/example_dags/example_kubernetes_executor.py
[2025-01-14T00:12:04.207+0000] {logging_mixin.py:188} INFO - [2025-01-14T00:12:04.207+0000] {dag.py:3036} INFO - Sync 1 DAGs
[2025-01-14T00:12:04.214+0000] {logging_mixin.py:188} INFO - [2025-01-14T00:12:04.214+0000] {dag.py:3823} INFO - Setting next_dagrun for example_kubernetes_executor to None, run_after=None
[2025-01-14T00:12:04.226+0000] {processor.py:183} INFO - Processing /home/airflow/.local/lib/python3.8/site-packages/airflow/example_dags/example_kubernetes_executor.py took 0.054 seconds
[2025-01-14T00:12:35.251+0000] {processor.py:161} INFO - Started process (PID=797) to work on /home/airflow/.local/lib/python3.8/site-packages/airflow/example_dags/example_kubernetes_executor.py
[2025-01-14T00:12:35.252+0000] {processor.py:830} INFO - Processing file /home/airflow/.local/lib/python3.8/site-packages/airflow/example_dags/example_kubernetes_executor.py for tasks to queue
[2025-01-14T00:12:35.253+0000] {logging_mixin.py:188} INFO - [2025-01-14T00:12:35.253+0000] {dagbag.py:538} INFO - Filling up the DagBag from /home/airflow/.local/lib/python3.8/site-packages/airflow/example_dags/example_kubernetes_executor.py
[2025-01-14T00:12:35.262+0000] {processor.py:840} INFO - DAG(s) 'example_kubernetes_executor' retrieved from /home/airflow/.local/lib/python3.8/site-packages/airflow/example_dags/example_kubernetes_executor.py
[2025-01-14T00:12:35.288+0000] {logging_mixin.py:188} INFO - [2025-01-14T00:12:35.288+0000] {dag.py:3036} INFO - Sync 1 DAGs
[2025-01-14T00:12:35.295+0000] {logging_mixin.py:188} INFO - [2025-01-14T00:12:35.295+0000] {dag.py:3823} INFO - Setting next_dagrun for example_kubernetes_executor to None, run_after=None
[2025-01-14T00:12:35.309+0000] {processor.py:183} INFO - Processing /home/airflow/.local/lib/python3.8/site-packages/airflow/example_dags/example_kubernetes_executor.py took 0.060 seconds
[2025-01-14T00:13:06.336+0000] {processor.py:161} INFO - Started process (PID=856) to work on /home/airflow/.local/lib/python3.8/site-packages/airflow/example_dags/example_kubernetes_executor.py
[2025-01-14T00:13:06.337+0000] {processor.py:830} INFO - Processing file /home/airflow/.local/lib/python3.8/site-packages/airflow/example_dags/example_kubernetes_executor.py for tasks to queue
[2025-01-14T00:13:06.338+0000] {logging_mixin.py:188} INFO - [2025-01-14T00:13:06.337+0000] {dagbag.py:538} INFO - Filling up the DagBag from /home/airflow/.local/lib/python3.8/site-packages/airflow/example_dags/example_kubernetes_executor.py
[2025-01-14T00:13:06.346+0000] {processor.py:840} INFO - DAG(s) 'example_kubernetes_executor' retrieved from /home/airflow/.local/lib/python3.8/site-packages/airflow/example_dags/example_kubernetes_executor.py
[2025-01-14T00:13:06.370+0000] {logging_mixin.py:188} INFO - [2025-01-14T00:13:06.370+0000] {dag.py:3036} INFO - Sync 1 DAGs
[2025-01-14T00:13:06.379+0000] {logging_mixin.py:188} INFO - [2025-01-14T00:13:06.379+0000] {dag.py:3823} INFO - Setting next_dagrun for example_kubernetes_executor to None, run_after=None
[2025-01-14T00:13:06.393+0000] {processor.py:183} INFO - Processing /home/airflow/.local/lib/python3.8/site-packages/airflow/example_dags/example_kubernetes_executor.py took 0.059 seconds
[2025-01-14T00:13:37.686+0000] {processor.py:161} INFO - Started process (PID=915) to work on /home/airflow/.local/lib/python3.8/site-packages/airflow/example_dags/example_kubernetes_executor.py
[2025-01-14T00:13:37.686+0000] {processor.py:830} INFO - Processing file /home/airflow/.local/lib/python3.8/site-packages/airflow/example_dags/example_kubernetes_executor.py for tasks to queue
[2025-01-14T00:13:37.688+0000] {logging_mixin.py:188} INFO - [2025-01-14T00:13:37.687+0000] {dagbag.py:538} INFO - Filling up the DagBag from /home/airflow/.local/lib/python3.8/site-packages/airflow/example_dags/example_kubernetes_executor.py
[2025-01-14T00:13:37.697+0000] {processor.py:840} INFO - DAG(s) 'example_kubernetes_executor' retrieved from /home/airflow/.local/lib/python3.8/site-packages/airflow/example_dags/example_kubernetes_executor.py
[2025-01-14T00:13:37.723+0000] {logging_mixin.py:188} INFO - [2025-01-14T00:13:37.722+0000] {dag.py:3036} INFO - Sync 1 DAGs
[2025-01-14T00:13:37.733+0000] {logging_mixin.py:188} INFO - [2025-01-14T00:13:37.733+0000] {dag.py:3823} INFO - Setting next_dagrun for example_kubernetes_executor to None, run_after=None
[2025-01-14T00:13:37.748+0000] {processor.py:183} INFO - Processing /home/airflow/.local/lib/python3.8/site-packages/airflow/example_dags/example_kubernetes_executor.py took 0.064 seconds
[2025-01-14T00:14:07.983+0000] {processor.py:161} INFO - Started process (PID=974) to work on /home/airflow/.local/lib/python3.8/site-packages/airflow/example_dags/example_kubernetes_executor.py
[2025-01-14T00:14:07.983+0000] {processor.py:830} INFO - Processing file /home/airflow/.local/lib/python3.8/site-packages/airflow/example_dags/example_kubernetes_executor.py for tasks to queue
[2025-01-14T00:14:07.984+0000] {logging_mixin.py:188} INFO - [2025-01-14T00:14:07.984+0000] {dagbag.py:538} INFO - Filling up the DagBag from /home/airflow/.local/lib/python3.8/site-packages/airflow/example_dags/example_kubernetes_executor.py
[2025-01-14T00:14:07.993+0000] {processor.py:840} INFO - DAG(s) 'example_kubernetes_executor' retrieved from /home/airflow/.local/lib/python3.8/site-packages/airflow/example_dags/example_kubernetes_executor.py
[2025-01-14T00:14:08.016+0000] {logging_mixin.py:188} INFO - [2025-01-14T00:14:08.016+0000] {dag.py:3036} INFO - Sync 1 DAGs
[2025-01-14T00:14:08.024+0000] {logging_mixin.py:188} INFO - [2025-01-14T00:14:08.024+0000] {dag.py:3823} INFO - Setting next_dagrun for example_kubernetes_executor to None, run_after=None
[2025-01-14T00:14:08.037+0000] {processor.py:183} INFO - Processing /home/airflow/.local/lib/python3.8/site-packages/airflow/example_dags/example_kubernetes_executor.py took 0.056 seconds
[2025-01-14T00:14:39.187+0000] {processor.py:161} INFO - Started process (PID=1033) to work on /home/airflow/.local/lib/python3.8/site-packages/airflow/example_dags/example_kubernetes_executor.py
[2025-01-14T00:14:39.188+0000] {processor.py:830} INFO - Processing file /home/airflow/.local/lib/python3.8/site-packages/airflow/example_dags/example_kubernetes_executor.py for tasks to queue
[2025-01-14T00:14:39.189+0000] {logging_mixin.py:188} INFO - [2025-01-14T00:14:39.189+0000] {dagbag.py:538} INFO - Filling up the DagBag from /home/airflow/.local/lib/python3.8/site-packages/airflow/example_dags/example_kubernetes_executor.py
[2025-01-14T00:14:39.197+0000] {processor.py:840} INFO - DAG(s) 'example_kubernetes_executor' retrieved from /home/airflow/.local/lib/python3.8/site-packages/airflow/example_dags/example_kubernetes_executor.py
[2025-01-14T00:14:39.221+0000] {logging_mixin.py:188} INFO - [2025-01-14T00:14:39.221+0000] {dag.py:3036} INFO - Sync 1 DAGs
[2025-01-14T00:14:39.229+0000] {logging_mixin.py:188} INFO - [2025-01-14T00:14:39.229+0000] {dag.py:3823} INFO - Setting next_dagrun for example_kubernetes_executor to None, run_after=None
[2025-01-14T00:14:39.241+0000] {processor.py:183} INFO - Processing /home/airflow/.local/lib/python3.8/site-packages/airflow/example_dags/example_kubernetes_executor.py took 0.056 seconds
[2025-01-14T00:15:10.176+0000] {processor.py:161} INFO - Started process (PID=1092) to work on /home/airflow/.local/lib/python3.8/site-packages/airflow/example_dags/example_kubernetes_executor.py
[2025-01-14T00:15:10.177+0000] {processor.py:830} INFO - Processing file /home/airflow/.local/lib/python3.8/site-packages/airflow/example_dags/example_kubernetes_executor.py for tasks to queue
[2025-01-14T00:15:10.178+0000] {logging_mixin.py:188} INFO - [2025-01-14T00:15:10.178+0000] {dagbag.py:538} INFO - Filling up the DagBag from /home/airflow/.local/lib/python3.8/site-packages/airflow/example_dags/example_kubernetes_executor.py
[2025-01-14T00:15:10.186+0000] {processor.py:840} INFO - DAG(s) 'example_kubernetes_executor' retrieved from /home/airflow/.local/lib/python3.8/site-packages/airflow/example_dags/example_kubernetes_executor.py
[2025-01-14T00:15:10.209+0000] {logging_mixin.py:188} INFO - [2025-01-14T00:15:10.209+0000] {dag.py:3036} INFO - Sync 1 DAGs
[2025-01-14T00:15:10.216+0000] {logging_mixin.py:188} INFO - [2025-01-14T00:15:10.216+0000] {dag.py:3823} INFO - Setting next_dagrun for example_kubernetes_executor to None, run_after=None
[2025-01-14T00:15:10.228+0000] {processor.py:183} INFO - Processing /home/airflow/.local/lib/python3.8/site-packages/airflow/example_dags/example_kubernetes_executor.py took 0.055 seconds
[2025-01-14T00:15:41.447+0000] {processor.py:161} INFO - Started process (PID=1151) to work on /home/airflow/.local/lib/python3.8/site-packages/airflow/example_dags/example_kubernetes_executor.py
[2025-01-14T00:15:41.448+0000] {processor.py:830} INFO - Processing file /home/airflow/.local/lib/python3.8/site-packages/airflow/example_dags/example_kubernetes_executor.py for tasks to queue
[2025-01-14T00:15:41.449+0000] {logging_mixin.py:188} INFO - [2025-01-14T00:15:41.448+0000] {dagbag.py:538} INFO - Filling up the DagBag from /home/airflow/.local/lib/python3.8/site-packages/airflow/example_dags/example_kubernetes_executor.py
[2025-01-14T00:15:41.459+0000] {processor.py:840} INFO - DAG(s) 'example_kubernetes_executor' retrieved from /home/airflow/.local/lib/python3.8/site-packages/airflow/example_dags/example_kubernetes_executor.py
[2025-01-14T00:15:41.481+0000] {logging_mixin.py:188} INFO - [2025-01-14T00:15:41.481+0000] {dag.py:3036} INFO - Sync 1 DAGs
[2025-01-14T00:15:41.491+0000] {logging_mixin.py:188} INFO - [2025-01-14T00:15:41.491+0000] {dag.py:3823} INFO - Setting next_dagrun for example_kubernetes_executor to None, run_after=None
[2025-01-14T00:15:41.503+0000] {processor.py:183} INFO - Processing /home/airflow/.local/lib/python3.8/site-packages/airflow/example_dags/example_kubernetes_executor.py took 0.058 seconds
[2025-01-14T00:16:12.893+0000] {processor.py:161} INFO - Started process (PID=1216) to work on /home/airflow/.local/lib/python3.8/site-packages/airflow/example_dags/example_kubernetes_executor.py
[2025-01-14T00:16:12.894+0000] {processor.py:830} INFO - Processing file /home/airflow/.local/lib/python3.8/site-packages/airflow/example_dags/example_kubernetes_executor.py for tasks to queue
[2025-01-14T00:16:12.895+0000] {logging_mixin.py:188} INFO - [2025-01-14T00:16:12.895+0000] {dagbag.py:538} INFO - Filling up the DagBag from /home/airflow/.local/lib/python3.8/site-packages/airflow/example_dags/example_kubernetes_executor.py
[2025-01-14T00:16:12.904+0000] {processor.py:840} INFO - DAG(s) 'example_kubernetes_executor' retrieved from /home/airflow/.local/lib/python3.8/site-packages/airflow/example_dags/example_kubernetes_executor.py
[2025-01-14T00:16:12.927+0000] {logging_mixin.py:188} INFO - [2025-01-14T00:16:12.927+0000] {dag.py:3036} INFO - Sync 1 DAGs
[2025-01-14T00:16:12.935+0000] {logging_mixin.py:188} INFO - [2025-01-14T00:16:12.935+0000] {dag.py:3823} INFO - Setting next_dagrun for example_kubernetes_executor to None, run_after=None
[2025-01-14T00:16:12.947+0000] {processor.py:183} INFO - Processing /home/airflow/.local/lib/python3.8/site-packages/airflow/example_dags/example_kubernetes_executor.py took 0.056 seconds
[2025-01-14T00:16:44.085+0000] {processor.py:161} INFO - Started process (PID=1275) to work on /home/airflow/.local/lib/python3.8/site-packages/airflow/example_dags/example_kubernetes_executor.py
[2025-01-14T00:16:44.086+0000] {processor.py:830} INFO - Processing file /home/airflow/.local/lib/python3.8/site-packages/airflow/example_dags/example_kubernetes_executor.py for tasks to queue
[2025-01-14T00:16:44.087+0000] {logging_mixin.py:188} INFO - [2025-01-14T00:16:44.087+0000] {dagbag.py:538} INFO - Filling up the DagBag from /home/airflow/.local/lib/python3.8/site-packages/airflow/example_dags/example_kubernetes_executor.py
[2025-01-14T00:16:44.096+0000] {processor.py:840} INFO - DAG(s) 'example_kubernetes_executor' retrieved from /home/airflow/.local/lib/python3.8/site-packages/airflow/example_dags/example_kubernetes_executor.py
[2025-01-14T00:16:44.119+0000] {logging_mixin.py:188} INFO - [2025-01-14T00:16:44.119+0000] {dag.py:3036} INFO - Sync 1 DAGs
[2025-01-14T00:16:44.126+0000] {logging_mixin.py:188} INFO - [2025-01-14T00:16:44.126+0000] {dag.py:3823} INFO - Setting next_dagrun for example_kubernetes_executor to None, run_after=None
[2025-01-14T00:16:44.138+0000] {processor.py:183} INFO - Processing /home/airflow/.local/lib/python3.8/site-packages/airflow/example_dags/example_kubernetes_executor.py took 0.055 seconds
[2025-01-14T00:17:15.218+0000] {processor.py:161} INFO - Started process (PID=1334) to work on /home/airflow/.local/lib/python3.8/site-packages/airflow/example_dags/example_kubernetes_executor.py
[2025-01-14T00:17:15.218+0000] {processor.py:830} INFO - Processing file /home/airflow/.local/lib/python3.8/site-packages/airflow/example_dags/example_kubernetes_executor.py for tasks to queue
[2025-01-14T00:17:15.219+0000] {logging_mixin.py:188} INFO - [2025-01-14T00:17:15.219+0000] {dagbag.py:538} INFO - Filling up the DagBag from /home/airflow/.local/lib/python3.8/site-packages/airflow/example_dags/example_kubernetes_executor.py
[2025-01-14T00:17:15.228+0000] {processor.py:840} INFO - DAG(s) 'example_kubernetes_executor' retrieved from /home/airflow/.local/lib/python3.8/site-packages/airflow/example_dags/example_kubernetes_executor.py
[2025-01-14T00:17:15.249+0000] {logging_mixin.py:188} INFO - [2025-01-14T00:17:15.249+0000] {dag.py:3036} INFO - Sync 1 DAGs
[2025-01-14T00:17:15.256+0000] {logging_mixin.py:188} INFO - [2025-01-14T00:17:15.256+0000] {dag.py:3823} INFO - Setting next_dagrun for example_kubernetes_executor to None, run_after=None
[2025-01-14T00:17:15.268+0000] {processor.py:183} INFO - Processing /home/airflow/.local/lib/python3.8/site-packages/airflow/example_dags/example_kubernetes_executor.py took 0.053 seconds
[2025-01-14T00:17:46.274+0000] {processor.py:161} INFO - Started process (PID=1393) to work on /home/airflow/.local/lib/python3.8/site-packages/airflow/example_dags/example_kubernetes_executor.py
[2025-01-14T00:17:46.275+0000] {processor.py:830} INFO - Processing file /home/airflow/.local/lib/python3.8/site-packages/airflow/example_dags/example_kubernetes_executor.py for tasks to queue
[2025-01-14T00:17:46.276+0000] {logging_mixin.py:188} INFO - [2025-01-14T00:17:46.276+0000] {dagbag.py:538} INFO - Filling up the DagBag from /home/airflow/.local/lib/python3.8/site-packages/airflow/example_dags/example_kubernetes_executor.py
[2025-01-14T00:17:46.284+0000] {processor.py:840} INFO - DAG(s) 'example_kubernetes_executor' retrieved from /home/airflow/.local/lib/python3.8/site-packages/airflow/example_dags/example_kubernetes_executor.py
[2025-01-14T00:17:46.306+0000] {logging_mixin.py:188} INFO - [2025-01-14T00:17:46.306+0000] {dag.py:3036} INFO - Sync 1 DAGs
[2025-01-14T00:17:46.314+0000] {logging_mixin.py:188} INFO - [2025-01-14T00:17:46.314+0000] {dag.py:3823} INFO - Setting next_dagrun for example_kubernetes_executor to None, run_after=None
[2025-01-14T00:17:46.325+0000] {processor.py:183} INFO - Processing /home/airflow/.local/lib/python3.8/site-packages/airflow/example_dags/example_kubernetes_executor.py took 0.053 seconds
[2025-01-14T00:18:16.771+0000] {processor.py:161} INFO - Started process (PID=1452) to work on /home/airflow/.local/lib/python3.8/site-packages/airflow/example_dags/example_kubernetes_executor.py
[2025-01-14T00:18:16.772+0000] {processor.py:830} INFO - Processing file /home/airflow/.local/lib/python3.8/site-packages/airflow/example_dags/example_kubernetes_executor.py for tasks to queue
[2025-01-14T00:18:16.773+0000] {logging_mixin.py:188} INFO - [2025-01-14T00:18:16.773+0000] {dagbag.py:538} INFO - Filling up the DagBag from /home/airflow/.local/lib/python3.8/site-packages/airflow/example_dags/example_kubernetes_executor.py
[2025-01-14T00:18:16.781+0000] {processor.py:840} INFO - DAG(s) 'example_kubernetes_executor' retrieved from /home/airflow/.local/lib/python3.8/site-packages/airflow/example_dags/example_kubernetes_executor.py
[2025-01-14T00:18:16.804+0000] {logging_mixin.py:188} INFO - [2025-01-14T00:18:16.804+0000] {dag.py:3036} INFO - Sync 1 DAGs
[2025-01-14T00:18:16.812+0000] {logging_mixin.py:188} INFO - [2025-01-14T00:18:16.812+0000] {dag.py:3823} INFO - Setting next_dagrun for example_kubernetes_executor to None, run_after=None
[2025-01-14T00:18:16.824+0000] {processor.py:183} INFO - Processing /home/airflow/.local/lib/python3.8/site-packages/airflow/example_dags/example_kubernetes_executor.py took 0.055 seconds
[2025-01-14T00:18:47.979+0000] {processor.py:161} INFO - Started process (PID=1511) to work on /home/airflow/.local/lib/python3.8/site-packages/airflow/example_dags/example_kubernetes_executor.py
[2025-01-14T00:18:47.980+0000] {processor.py:830} INFO - Processing file /home/airflow/.local/lib/python3.8/site-packages/airflow/example_dags/example_kubernetes_executor.py for tasks to queue
[2025-01-14T00:18:47.981+0000] {logging_mixin.py:188} INFO - [2025-01-14T00:18:47.980+0000] {dagbag.py:538} INFO - Filling up the DagBag from /home/airflow/.local/lib/python3.8/site-packages/airflow/example_dags/example_kubernetes_executor.py
[2025-01-14T00:18:47.989+0000] {processor.py:840} INFO - DAG(s) 'example_kubernetes_executor' retrieved from /home/airflow/.local/lib/python3.8/site-packages/airflow/example_dags/example_kubernetes_executor.py
[2025-01-14T00:18:48.012+0000] {logging_mixin.py:188} INFO - [2025-01-14T00:18:48.012+0000] {dag.py:3036} INFO - Sync 1 DAGs
[2025-01-14T00:18:48.019+0000] {logging_mixin.py:188} INFO - [2025-01-14T00:18:48.019+0000] {dag.py:3823} INFO - Setting next_dagrun for example_kubernetes_executor to None, run_after=None
[2025-01-14T00:18:48.032+0000] {processor.py:183} INFO - Processing /home/airflow/.local/lib/python3.8/site-packages/airflow/example_dags/example_kubernetes_executor.py took 0.055 seconds
[2025-01-14T00:19:19.175+0000] {processor.py:161} INFO - Started process (PID=1570) to work on /home/airflow/.local/lib/python3.8/site-packages/airflow/example_dags/example_kubernetes_executor.py
[2025-01-14T00:19:19.176+0000] {processor.py:830} INFO - Processing file /home/airflow/.local/lib/python3.8/site-packages/airflow/example_dags/example_kubernetes_executor.py for tasks to queue
[2025-01-14T00:19:19.177+0000] {logging_mixin.py:188} INFO - [2025-01-14T00:19:19.177+0000] {dagbag.py:538} INFO - Filling up the DagBag from /home/airflow/.local/lib/python3.8/site-packages/airflow/example_dags/example_kubernetes_executor.py
[2025-01-14T00:19:19.186+0000] {processor.py:840} INFO - DAG(s) 'example_kubernetes_executor' retrieved from /home/airflow/.local/lib/python3.8/site-packages/airflow/example_dags/example_kubernetes_executor.py
[2025-01-14T00:19:19.213+0000] {logging_mixin.py:188} INFO - [2025-01-14T00:19:19.213+0000] {dag.py:3036} INFO - Sync 1 DAGs
[2025-01-14T00:19:19.222+0000] {logging_mixin.py:188} INFO - [2025-01-14T00:19:19.222+0000] {dag.py:3823} INFO - Setting next_dagrun for example_kubernetes_executor to None, run_after=None
[2025-01-14T00:19:19.236+0000] {processor.py:183} INFO - Processing /home/airflow/.local/lib/python3.8/site-packages/airflow/example_dags/example_kubernetes_executor.py took 0.063 seconds
[2025-01-14T00:19:50.485+0000] {processor.py:161} INFO - Started process (PID=1629) to work on /home/airflow/.local/lib/python3.8/site-packages/airflow/example_dags/example_kubernetes_executor.py
[2025-01-14T00:19:50.485+0000] {processor.py:830} INFO - Processing file /home/airflow/.local/lib/python3.8/site-packages/airflow/example_dags/example_kubernetes_executor.py for tasks to queue
[2025-01-14T00:19:50.487+0000] {logging_mixin.py:188} INFO - [2025-01-14T00:19:50.486+0000] {dagbag.py:538} INFO - Filling up the DagBag from /home/airflow/.local/lib/python3.8/site-packages/airflow/example_dags/example_kubernetes_executor.py
[2025-01-14T00:19:50.495+0000] {processor.py:840} INFO - DAG(s) 'example_kubernetes_executor' retrieved from /home/airflow/.local/lib/python3.8/site-packages/airflow/example_dags/example_kubernetes_executor.py
[2025-01-14T00:19:50.517+0000] {logging_mixin.py:188} INFO - [2025-01-14T00:19:50.517+0000] {dag.py:3036} INFO - Sync 1 DAGs
[2025-01-14T00:19:50.526+0000] {logging_mixin.py:188} INFO - [2025-01-14T00:19:50.526+0000] {dag.py:3823} INFO - Setting next_dagrun for example_kubernetes_executor to None, run_after=None
[2025-01-14T00:19:50.538+0000] {processor.py:183} INFO - Processing /home/airflow/.local/lib/python3.8/site-packages/airflow/example_dags/example_kubernetes_executor.py took 0.056 seconds
[2025-01-14T00:20:22.197+0000] {processor.py:161} INFO - Started process (PID=1688) to work on /home/airflow/.local/lib/python3.8/site-packages/airflow/example_dags/example_kubernetes_executor.py
[2025-01-14T00:20:22.198+0000] {processor.py:830} INFO - Processing file /home/airflow/.local/lib/python3.8/site-packages/airflow/example_dags/example_kubernetes_executor.py for tasks to queue
[2025-01-14T00:20:22.199+0000] {logging_mixin.py:188} INFO - [2025-01-14T00:20:22.198+0000] {dagbag.py:538} INFO - Filling up the DagBag from /home/airflow/.local/lib/python3.8/site-packages/airflow/example_dags/example_kubernetes_executor.py
[2025-01-14T00:20:22.208+0000] {processor.py:840} INFO - DAG(s) 'example_kubernetes_executor' retrieved from /home/airflow/.local/lib/python3.8/site-packages/airflow/example_dags/example_kubernetes_executor.py
[2025-01-14T00:20:22.231+0000] {logging_mixin.py:188} INFO - [2025-01-14T00:20:22.231+0000] {dag.py:3036} INFO - Sync 1 DAGs
[2025-01-14T00:20:22.242+0000] {logging_mixin.py:188} INFO - [2025-01-14T00:20:22.242+0000] {dag.py:3823} INFO - Setting next_dagrun for example_kubernetes_executor to None, run_after=None
[2025-01-14T00:20:22.255+0000] {processor.py:183} INFO - Processing /home/airflow/.local/lib/python3.8/site-packages/airflow/example_dags/example_kubernetes_executor.py took 0.060 seconds
[2025-01-14T00:20:52.303+0000] {processor.py:161} INFO - Started process (PID=1747) to work on /home/airflow/.local/lib/python3.8/site-packages/airflow/example_dags/example_kubernetes_executor.py
[2025-01-14T00:20:52.304+0000] {processor.py:830} INFO - Processing file /home/airflow/.local/lib/python3.8/site-packages/airflow/example_dags/example_kubernetes_executor.py for tasks to queue
[2025-01-14T00:20:52.305+0000] {logging_mixin.py:188} INFO - [2025-01-14T00:20:52.305+0000] {dagbag.py:538} INFO - Filling up the DagBag from /home/airflow/.local/lib/python3.8/site-packages/airflow/example_dags/example_kubernetes_executor.py
[2025-01-14T00:20:52.314+0000] {processor.py:840} INFO - DAG(s) 'example_kubernetes_executor' retrieved from /home/airflow/.local/lib/python3.8/site-packages/airflow/example_dags/example_kubernetes_executor.py
[2025-01-14T00:20:52.338+0000] {logging_mixin.py:188} INFO - [2025-01-14T00:20:52.338+0000] {dag.py:3036} INFO - Sync 1 DAGs
[2025-01-14T00:20:52.346+0000] {logging_mixin.py:188} INFO - [2025-01-14T00:20:52.346+0000] {dag.py:3823} INFO - Setting next_dagrun for example_kubernetes_executor to None, run_after=None
[2025-01-14T00:20:52.360+0000] {processor.py:183} INFO - Processing /home/airflow/.local/lib/python3.8/site-packages/airflow/example_dags/example_kubernetes_executor.py took 0.059 seconds
[2025-01-14T00:21:23.222+0000] {processor.py:161} INFO - Started process (PID=1806) to work on /home/airflow/.local/lib/python3.8/site-packages/airflow/example_dags/example_kubernetes_executor.py
[2025-01-14T00:21:23.222+0000] {processor.py:830} INFO - Processing file /home/airflow/.local/lib/python3.8/site-packages/airflow/example_dags/example_kubernetes_executor.py for tasks to queue
[2025-01-14T00:21:23.223+0000] {logging_mixin.py:188} INFO - [2025-01-14T00:21:23.223+0000] {dagbag.py:538} INFO - Filling up the DagBag from /home/airflow/.local/lib/python3.8/site-packages/airflow/example_dags/example_kubernetes_executor.py
[2025-01-14T00:21:23.232+0000] {processor.py:840} INFO - DAG(s) 'example_kubernetes_executor' retrieved from /home/airflow/.local/lib/python3.8/site-packages/airflow/example_dags/example_kubernetes_executor.py
[2025-01-14T00:21:23.256+0000] {logging_mixin.py:188} INFO - [2025-01-14T00:21:23.255+0000] {dag.py:3036} INFO - Sync 1 DAGs
[2025-01-14T00:21:23.263+0000] {logging_mixin.py:188} INFO - [2025-01-14T00:21:23.263+0000] {dag.py:3823} INFO - Setting next_dagrun for example_kubernetes_executor to None, run_after=None
[2025-01-14T00:21:23.278+0000] {processor.py:183} INFO - Processing /home/airflow/.local/lib/python3.8/site-packages/airflow/example_dags/example_kubernetes_executor.py took 0.058 seconds
[2025-01-14T00:21:54.677+0000] {processor.py:161} INFO - Started process (PID=1865) to work on /home/airflow/.local/lib/python3.8/site-packages/airflow/example_dags/example_kubernetes_executor.py
[2025-01-14T00:21:54.677+0000] {processor.py:830} INFO - Processing file /home/airflow/.local/lib/python3.8/site-packages/airflow/example_dags/example_kubernetes_executor.py for tasks to queue
[2025-01-14T00:21:54.678+0000] {logging_mixin.py:188} INFO - [2025-01-14T00:21:54.678+0000] {dagbag.py:538} INFO - Filling up the DagBag from /home/airflow/.local/lib/python3.8/site-packages/airflow/example_dags/example_kubernetes_executor.py
[2025-01-14T00:21:54.687+0000] {processor.py:840} INFO - DAG(s) 'example_kubernetes_executor' retrieved from /home/airflow/.local/lib/python3.8/site-packages/airflow/example_dags/example_kubernetes_executor.py
[2025-01-14T00:21:54.712+0000] {logging_mixin.py:188} INFO - [2025-01-14T00:21:54.712+0000] {dag.py:3036} INFO - Sync 1 DAGs
[2025-01-14T00:21:54.719+0000] {logging_mixin.py:188} INFO - [2025-01-14T00:21:54.719+0000] {dag.py:3823} INFO - Setting next_dagrun for example_kubernetes_executor to None, run_after=None
[2025-01-14T00:21:54.732+0000] {processor.py:183} INFO - Processing /home/airflow/.local/lib/python3.8/site-packages/airflow/example_dags/example_kubernetes_executor.py took 0.058 seconds
[2025-01-14T00:22:25.875+0000] {processor.py:161} INFO - Started process (PID=1924) to work on /home/airflow/.local/lib/python3.8/site-packages/airflow/example_dags/example_kubernetes_executor.py
[2025-01-14T00:22:25.876+0000] {processor.py:830} INFO - Processing file /home/airflow/.local/lib/python3.8/site-packages/airflow/example_dags/example_kubernetes_executor.py for tasks to queue
[2025-01-14T00:22:25.877+0000] {logging_mixin.py:188} INFO - [2025-01-14T00:22:25.877+0000] {dagbag.py:538} INFO - Filling up the DagBag from /home/airflow/.local/lib/python3.8/site-packages/airflow/example_dags/example_kubernetes_executor.py
[2025-01-14T00:22:25.885+0000] {processor.py:840} INFO - DAG(s) 'example_kubernetes_executor' retrieved from /home/airflow/.local/lib/python3.8/site-packages/airflow/example_dags/example_kubernetes_executor.py
[2025-01-14T00:22:25.907+0000] {logging_mixin.py:188} INFO - [2025-01-14T00:22:25.907+0000] {dag.py:3036} INFO - Sync 1 DAGs
[2025-01-14T00:22:25.914+0000] {logging_mixin.py:188} INFO - [2025-01-14T00:22:25.914+0000] {dag.py:3823} INFO - Setting next_dagrun for example_kubernetes_executor to None, run_after=None
[2025-01-14T00:22:25.926+0000] {processor.py:183} INFO - Processing /home/airflow/.local/lib/python3.8/site-packages/airflow/example_dags/example_kubernetes_executor.py took 0.053 seconds
[2025-01-14T00:22:56.981+0000] {processor.py:161} INFO - Started process (PID=1983) to work on /home/airflow/.local/lib/python3.8/site-packages/airflow/example_dags/example_kubernetes_executor.py
[2025-01-14T00:22:56.982+0000] {processor.py:830} INFO - Processing file /home/airflow/.local/lib/python3.8/site-packages/airflow/example_dags/example_kubernetes_executor.py for tasks to queue
[2025-01-14T00:22:56.983+0000] {logging_mixin.py:188} INFO - [2025-01-14T00:22:56.983+0000] {dagbag.py:538} INFO - Filling up the DagBag from /home/airflow/.local/lib/python3.8/site-packages/airflow/example_dags/example_kubernetes_executor.py
[2025-01-14T00:22:56.991+0000] {processor.py:840} INFO - DAG(s) 'example_kubernetes_executor' retrieved from /home/airflow/.local/lib/python3.8/site-packages/airflow/example_dags/example_kubernetes_executor.py
[2025-01-14T00:22:57.013+0000] {logging_mixin.py:188} INFO - [2025-01-14T00:22:57.013+0000] {dag.py:3036} INFO - Sync 1 DAGs
[2025-01-14T00:22:57.021+0000] {logging_mixin.py:188} INFO - [2025-01-14T00:22:57.021+0000] {dag.py:3823} INFO - Setting next_dagrun for example_kubernetes_executor to None, run_after=None
[2025-01-14T00:22:57.033+0000] {processor.py:183} INFO - Processing /home/airflow/.local/lib/python3.8/site-packages/airflow/example_dags/example_kubernetes_executor.py took 0.054 seconds
[2025-01-14T00:23:28.173+0000] {processor.py:161} INFO - Started process (PID=2042) to work on /home/airflow/.local/lib/python3.8/site-packages/airflow/example_dags/example_kubernetes_executor.py
[2025-01-14T00:23:28.173+0000] {processor.py:830} INFO - Processing file /home/airflow/.local/lib/python3.8/site-packages/airflow/example_dags/example_kubernetes_executor.py for tasks to queue
[2025-01-14T00:23:28.174+0000] {logging_mixin.py:188} INFO - [2025-01-14T00:23:28.174+0000] {dagbag.py:538} INFO - Filling up the DagBag from /home/airflow/.local/lib/python3.8/site-packages/airflow/example_dags/example_kubernetes_executor.py
[2025-01-14T00:23:28.183+0000] {processor.py:840} INFO - DAG(s) 'example_kubernetes_executor' retrieved from /home/airflow/.local/lib/python3.8/site-packages/airflow/example_dags/example_kubernetes_executor.py
[2025-01-14T00:23:28.206+0000] {logging_mixin.py:188} INFO - [2025-01-14T00:23:28.206+0000] {dag.py:3036} INFO - Sync 1 DAGs
[2025-01-14T00:23:28.213+0000] {logging_mixin.py:188} INFO - [2025-01-14T00:23:28.213+0000] {dag.py:3823} INFO - Setting next_dagrun for example_kubernetes_executor to None, run_after=None
[2025-01-14T00:23:28.226+0000] {processor.py:183} INFO - Processing /home/airflow/.local/lib/python3.8/site-packages/airflow/example_dags/example_kubernetes_executor.py took 0.055 seconds
[2025-01-14T00:23:59.285+0000] {processor.py:161} INFO - Started process (PID=2101) to work on /home/airflow/.local/lib/python3.8/site-packages/airflow/example_dags/example_kubernetes_executor.py
[2025-01-14T00:23:59.286+0000] {processor.py:830} INFO - Processing file /home/airflow/.local/lib/python3.8/site-packages/airflow/example_dags/example_kubernetes_executor.py for tasks to queue
[2025-01-14T00:23:59.287+0000] {logging_mixin.py:188} INFO - [2025-01-14T00:23:59.287+0000] {dagbag.py:538} INFO - Filling up the DagBag from /home/airflow/.local/lib/python3.8/site-packages/airflow/example_dags/example_kubernetes_executor.py
[2025-01-14T00:23:59.296+0000] {processor.py:840} INFO - DAG(s) 'example_kubernetes_executor' retrieved from /home/airflow/.local/lib/python3.8/site-packages/airflow/example_dags/example_kubernetes_executor.py
[2025-01-14T00:23:59.317+0000] {logging_mixin.py:188} INFO - [2025-01-14T00:23:59.317+0000] {dag.py:3036} INFO - Sync 1 DAGs
[2025-01-14T00:23:59.325+0000] {logging_mixin.py:188} INFO - [2025-01-14T00:23:59.324+0000] {dag.py:3823} INFO - Setting next_dagrun for example_kubernetes_executor to None, run_after=None
[2025-01-14T00:23:59.337+0000] {processor.py:183} INFO - Processing /home/airflow/.local/lib/python3.8/site-packages/airflow/example_dags/example_kubernetes_executor.py took 0.054 seconds
[2025-01-14T00:24:30.336+0000] {processor.py:161} INFO - Started process (PID=2160) to work on /home/airflow/.local/lib/python3.8/site-packages/airflow/example_dags/example_kubernetes_executor.py
[2025-01-14T00:24:30.337+0000] {processor.py:830} INFO - Processing file /home/airflow/.local/lib/python3.8/site-packages/airflow/example_dags/example_kubernetes_executor.py for tasks to queue
[2025-01-14T00:24:30.338+0000] {logging_mixin.py:188} INFO - [2025-01-14T00:24:30.337+0000] {dagbag.py:538} INFO - Filling up the DagBag from /home/airflow/.local/lib/python3.8/site-packages/airflow/example_dags/example_kubernetes_executor.py
[2025-01-14T00:24:30.347+0000] {processor.py:840} INFO - DAG(s) 'example_kubernetes_executor' retrieved from /home/airflow/.local/lib/python3.8/site-packages/airflow/example_dags/example_kubernetes_executor.py
[2025-01-14T00:24:30.371+0000] {logging_mixin.py:188} INFO - [2025-01-14T00:24:30.371+0000] {dag.py:3036} INFO - Sync 1 DAGs
[2025-01-14T00:24:30.378+0000] {logging_mixin.py:188} INFO - [2025-01-14T00:24:30.378+0000] {dag.py:3823} INFO - Setting next_dagrun for example_kubernetes_executor to None, run_after=None
[2025-01-14T00:24:30.392+0000] {processor.py:183} INFO - Processing /home/airflow/.local/lib/python3.8/site-packages/airflow/example_dags/example_kubernetes_executor.py took 0.057 seconds
[2025-01-14T00:25:00.711+0000] {processor.py:161} INFO - Started process (PID=2219) to work on /home/airflow/.local/lib/python3.8/site-packages/airflow/example_dags/example_kubernetes_executor.py
[2025-01-14T00:25:00.712+0000] {processor.py:830} INFO - Processing file /home/airflow/.local/lib/python3.8/site-packages/airflow/example_dags/example_kubernetes_executor.py for tasks to queue
[2025-01-14T00:25:00.713+0000] {logging_mixin.py:188} INFO - [2025-01-14T00:25:00.713+0000] {dagbag.py:538} INFO - Filling up the DagBag from /home/airflow/.local/lib/python3.8/site-packages/airflow/example_dags/example_kubernetes_executor.py
[2025-01-14T00:25:00.721+0000] {processor.py:840} INFO - DAG(s) 'example_kubernetes_executor' retrieved from /home/airflow/.local/lib/python3.8/site-packages/airflow/example_dags/example_kubernetes_executor.py
[2025-01-14T00:25:00.746+0000] {logging_mixin.py:188} INFO - [2025-01-14T00:25:00.746+0000] {dag.py:3036} INFO - Sync 1 DAGs
[2025-01-14T00:25:00.754+0000] {logging_mixin.py:188} INFO - [2025-01-14T00:25:00.754+0000] {dag.py:3823} INFO - Setting next_dagrun for example_kubernetes_executor to None, run_after=None
[2025-01-14T00:25:00.769+0000] {processor.py:183} INFO - Processing /home/airflow/.local/lib/python3.8/site-packages/airflow/example_dags/example_kubernetes_executor.py took 0.060 seconds
[2025-01-14T00:25:31.665+0000] {processor.py:161} INFO - Started process (PID=2278) to work on /home/airflow/.local/lib/python3.8/site-packages/airflow/example_dags/example_kubernetes_executor.py
[2025-01-14T00:25:31.666+0000] {processor.py:830} INFO - Processing file /home/airflow/.local/lib/python3.8/site-packages/airflow/example_dags/example_kubernetes_executor.py for tasks to queue
[2025-01-14T00:25:31.667+0000] {logging_mixin.py:188} INFO - [2025-01-14T00:25:31.667+0000] {dagbag.py:538} INFO - Filling up the DagBag from /home/airflow/.local/lib/python3.8/site-packages/airflow/example_dags/example_kubernetes_executor.py
[2025-01-14T00:25:31.676+0000] {processor.py:840} INFO - DAG(s) 'example_kubernetes_executor' retrieved from /home/airflow/.local/lib/python3.8/site-packages/airflow/example_dags/example_kubernetes_executor.py
[2025-01-14T00:25:31.701+0000] {logging_mixin.py:188} INFO - [2025-01-14T00:25:31.701+0000] {dag.py:3036} INFO - Sync 1 DAGs
[2025-01-14T00:25:31.709+0000] {logging_mixin.py:188} INFO - [2025-01-14T00:25:31.709+0000] {dag.py:3823} INFO - Setting next_dagrun for example_kubernetes_executor to None, run_after=None
[2025-01-14T00:25:31.722+0000] {processor.py:183} INFO - Processing /home/airflow/.local/lib/python3.8/site-packages/airflow/example_dags/example_kubernetes_executor.py took 0.059 seconds
[2025-01-14T00:26:03.294+0000] {processor.py:161} INFO - Started process (PID=2339) to work on /home/airflow/.local/lib/python3.8/site-packages/airflow/example_dags/example_kubernetes_executor.py
[2025-01-14T00:26:03.295+0000] {processor.py:830} INFO - Processing file /home/airflow/.local/lib/python3.8/site-packages/airflow/example_dags/example_kubernetes_executor.py for tasks to queue
[2025-01-14T00:26:03.296+0000] {logging_mixin.py:188} INFO - [2025-01-14T00:26:03.296+0000] {dagbag.py:538} INFO - Filling up the DagBag from /home/airflow/.local/lib/python3.8/site-packages/airflow/example_dags/example_kubernetes_executor.py
[2025-01-14T00:26:03.305+0000] {processor.py:840} INFO - DAG(s) 'example_kubernetes_executor' retrieved from /home/airflow/.local/lib/python3.8/site-packages/airflow/example_dags/example_kubernetes_executor.py
[2025-01-14T00:26:03.329+0000] {logging_mixin.py:188} INFO - [2025-01-14T00:26:03.329+0000] {dag.py:3036} INFO - Sync 1 DAGs
[2025-01-14T00:26:03.337+0000] {logging_mixin.py:188} INFO - [2025-01-14T00:26:03.337+0000] {dag.py:3823} INFO - Setting next_dagrun for example_kubernetes_executor to None, run_after=None
[2025-01-14T00:26:03.349+0000] {processor.py:183} INFO - Processing /home/airflow/.local/lib/python3.8/site-packages/airflow/example_dags/example_kubernetes_executor.py took 0.057 seconds
[2025-01-14T00:26:34.346+0000] {processor.py:161} INFO - Started process (PID=2398) to work on /home/airflow/.local/lib/python3.8/site-packages/airflow/example_dags/example_kubernetes_executor.py
[2025-01-14T00:26:34.347+0000] {processor.py:830} INFO - Processing file /home/airflow/.local/lib/python3.8/site-packages/airflow/example_dags/example_kubernetes_executor.py for tasks to queue
[2025-01-14T00:26:34.348+0000] {logging_mixin.py:188} INFO - [2025-01-14T00:26:34.348+0000] {dagbag.py:538} INFO - Filling up the DagBag from /home/airflow/.local/lib/python3.8/site-packages/airflow/example_dags/example_kubernetes_executor.py
[2025-01-14T00:26:34.356+0000] {processor.py:840} INFO - DAG(s) 'example_kubernetes_executor' retrieved from /home/airflow/.local/lib/python3.8/site-packages/airflow/example_dags/example_kubernetes_executor.py
[2025-01-14T00:26:34.379+0000] {logging_mixin.py:188} INFO - [2025-01-14T00:26:34.378+0000] {dag.py:3036} INFO - Sync 1 DAGs
[2025-01-14T00:26:34.387+0000] {logging_mixin.py:188} INFO - [2025-01-14T00:26:34.387+0000] {dag.py:3823} INFO - Setting next_dagrun for example_kubernetes_executor to None, run_after=None
[2025-01-14T00:26:34.400+0000] {processor.py:183} INFO - Processing /home/airflow/.local/lib/python3.8/site-packages/airflow/example_dags/example_kubernetes_executor.py took 0.056 seconds
[2025-01-14T00:27:04.991+0000] {processor.py:161} INFO - Started process (PID=2457) to work on /home/airflow/.local/lib/python3.8/site-packages/airflow/example_dags/example_kubernetes_executor.py
[2025-01-14T00:27:04.992+0000] {processor.py:830} INFO - Processing file /home/airflow/.local/lib/python3.8/site-packages/airflow/example_dags/example_kubernetes_executor.py for tasks to queue
[2025-01-14T00:27:04.993+0000] {logging_mixin.py:188} INFO - [2025-01-14T00:27:04.993+0000] {dagbag.py:538} INFO - Filling up the DagBag from /home/airflow/.local/lib/python3.8/site-packages/airflow/example_dags/example_kubernetes_executor.py
[2025-01-14T00:27:05.002+0000] {processor.py:840} INFO - DAG(s) 'example_kubernetes_executor' retrieved from /home/airflow/.local/lib/python3.8/site-packages/airflow/example_dags/example_kubernetes_executor.py
[2025-01-14T00:27:05.024+0000] {logging_mixin.py:188} INFO - [2025-01-14T00:27:05.024+0000] {dag.py:3036} INFO - Sync 1 DAGs
[2025-01-14T00:27:05.124+0000] {logging_mixin.py:188} INFO - [2025-01-14T00:27:05.123+0000] {dag.py:3823} INFO - Setting next_dagrun for example_kubernetes_executor to None, run_after=None
[2025-01-14T00:27:05.137+0000] {processor.py:183} INFO - Processing /home/airflow/.local/lib/python3.8/site-packages/airflow/example_dags/example_kubernetes_executor.py took 0.148 seconds
[2025-01-14T00:27:35.604+0000] {processor.py:161} INFO - Started process (PID=2516) to work on /home/airflow/.local/lib/python3.8/site-packages/airflow/example_dags/example_kubernetes_executor.py
[2025-01-14T00:27:35.604+0000] {processor.py:830} INFO - Processing file /home/airflow/.local/lib/python3.8/site-packages/airflow/example_dags/example_kubernetes_executor.py for tasks to queue
[2025-01-14T00:27:35.606+0000] {logging_mixin.py:188} INFO - [2025-01-14T00:27:35.605+0000] {dagbag.py:538} INFO - Filling up the DagBag from /home/airflow/.local/lib/python3.8/site-packages/airflow/example_dags/example_kubernetes_executor.py
[2025-01-14T00:27:35.616+0000] {processor.py:840} INFO - DAG(s) 'example_kubernetes_executor' retrieved from /home/airflow/.local/lib/python3.8/site-packages/airflow/example_dags/example_kubernetes_executor.py
[2025-01-14T00:27:35.641+0000] {logging_mixin.py:188} INFO - [2025-01-14T00:27:35.640+0000] {dag.py:3036} INFO - Sync 1 DAGs
[2025-01-14T00:27:35.652+0000] {logging_mixin.py:188} INFO - [2025-01-14T00:27:35.652+0000] {dag.py:3823} INFO - Setting next_dagrun for example_kubernetes_executor to None, run_after=None
[2025-01-14T00:27:35.787+0000] {processor.py:183} INFO - Processing /home/airflow/.local/lib/python3.8/site-packages/airflow/example_dags/example_kubernetes_executor.py took 0.185 seconds
