[2025-01-14T00:00:06.354+0000] {processor.py:161} INFO - Started process (PID=10546) to work on /home/airflow/.local/lib/python3.8/site-packages/airflow/example_dags/example_skip_dag.py
[2025-01-14T00:00:06.355+0000] {processor.py:830} INFO - Processing file /home/airflow/.local/lib/python3.8/site-packages/airflow/example_dags/example_skip_dag.py for tasks to queue
[2025-01-14T00:00:06.355+0000] {logging_mixin.py:188} INFO - [2025-01-14T00:00:06.355+0000] {dagbag.py:538} INFO - Filling up the DagBag from /home/airflow/.local/lib/python3.8/site-packages/airflow/example_dags/example_skip_dag.py
[2025-01-14T00:00:06.360+0000] {processor.py:840} INFO - DAG(s) 'example_skip_dag' retrieved from /home/airflow/.local/lib/python3.8/site-packages/airflow/example_dags/example_skip_dag.py
[2025-01-14T00:00:06.375+0000] {logging_mixin.py:188} INFO - [2025-01-14T00:00:06.375+0000] {dag.py:3036} INFO - Sync 1 DAGs
[2025-01-14T00:00:06.388+0000] {logging_mixin.py:188} INFO - [2025-01-14T00:00:06.388+0000] {dag.py:3823} INFO - Setting next_dagrun for example_skip_dag to 2025-01-13 00:00:00+00:00, run_after=2025-01-14 00:00:00+00:00
[2025-01-14T00:00:06.401+0000] {processor.py:183} INFO - Processing /home/airflow/.local/lib/python3.8/site-packages/airflow/example_dags/example_skip_dag.py took 0.049 seconds
[2025-01-14T00:00:36.454+0000] {processor.py:161} INFO - Started process (PID=10607) to work on /home/airflow/.local/lib/python3.8/site-packages/airflow/example_dags/example_skip_dag.py
[2025-01-14T00:00:36.455+0000] {processor.py:830} INFO - Processing file /home/airflow/.local/lib/python3.8/site-packages/airflow/example_dags/example_skip_dag.py for tasks to queue
[2025-01-14T00:00:36.456+0000] {logging_mixin.py:188} INFO - [2025-01-14T00:00:36.456+0000] {dagbag.py:538} INFO - Filling up the DagBag from /home/airflow/.local/lib/python3.8/site-packages/airflow/example_dags/example_skip_dag.py
[2025-01-14T00:00:36.460+0000] {processor.py:840} INFO - DAG(s) 'example_skip_dag' retrieved from /home/airflow/.local/lib/python3.8/site-packages/airflow/example_dags/example_skip_dag.py
[2025-01-14T00:00:36.473+0000] {logging_mixin.py:188} INFO - [2025-01-14T00:00:36.473+0000] {dag.py:3036} INFO - Sync 1 DAGs
[2025-01-14T00:00:36.486+0000] {logging_mixin.py:188} INFO - [2025-01-14T00:00:36.486+0000] {dag.py:3823} INFO - Setting next_dagrun for example_skip_dag to 2025-01-13 00:00:00+00:00, run_after=2025-01-14 00:00:00+00:00
[2025-01-14T00:00:36.498+0000] {processor.py:183} INFO - Processing /home/airflow/.local/lib/python3.8/site-packages/airflow/example_dags/example_skip_dag.py took 0.045 seconds
[2025-01-14T00:01:06.555+0000] {processor.py:161} INFO - Started process (PID=10666) to work on /home/airflow/.local/lib/python3.8/site-packages/airflow/example_dags/example_skip_dag.py
[2025-01-14T00:01:06.556+0000] {processor.py:830} INFO - Processing file /home/airflow/.local/lib/python3.8/site-packages/airflow/example_dags/example_skip_dag.py for tasks to queue
[2025-01-14T00:01:06.557+0000] {logging_mixin.py:188} INFO - [2025-01-14T00:01:06.556+0000] {dagbag.py:538} INFO - Filling up the DagBag from /home/airflow/.local/lib/python3.8/site-packages/airflow/example_dags/example_skip_dag.py
[2025-01-14T00:01:06.561+0000] {processor.py:840} INFO - DAG(s) 'example_skip_dag' retrieved from /home/airflow/.local/lib/python3.8/site-packages/airflow/example_dags/example_skip_dag.py
[2025-01-14T00:01:06.575+0000] {logging_mixin.py:188} INFO - [2025-01-14T00:01:06.575+0000] {dag.py:3036} INFO - Sync 1 DAGs
[2025-01-14T00:01:06.588+0000] {logging_mixin.py:188} INFO - [2025-01-14T00:01:06.588+0000] {dag.py:3823} INFO - Setting next_dagrun for example_skip_dag to 2025-01-13 00:00:00+00:00, run_after=2025-01-14 00:00:00+00:00
[2025-01-14T00:01:06.600+0000] {processor.py:183} INFO - Processing /home/airflow/.local/lib/python3.8/site-packages/airflow/example_dags/example_skip_dag.py took 0.047 seconds
[2025-01-14T00:01:36.663+0000] {processor.py:161} INFO - Started process (PID=10725) to work on /home/airflow/.local/lib/python3.8/site-packages/airflow/example_dags/example_skip_dag.py
[2025-01-14T00:01:36.663+0000] {processor.py:830} INFO - Processing file /home/airflow/.local/lib/python3.8/site-packages/airflow/example_dags/example_skip_dag.py for tasks to queue
[2025-01-14T00:01:36.664+0000] {logging_mixin.py:188} INFO - [2025-01-14T00:01:36.664+0000] {dagbag.py:538} INFO - Filling up the DagBag from /home/airflow/.local/lib/python3.8/site-packages/airflow/example_dags/example_skip_dag.py
[2025-01-14T00:01:36.668+0000] {processor.py:840} INFO - DAG(s) 'example_skip_dag' retrieved from /home/airflow/.local/lib/python3.8/site-packages/airflow/example_dags/example_skip_dag.py
[2025-01-14T00:01:36.681+0000] {logging_mixin.py:188} INFO - [2025-01-14T00:01:36.681+0000] {dag.py:3036} INFO - Sync 1 DAGs
[2025-01-14T00:01:36.694+0000] {logging_mixin.py:188} INFO - [2025-01-14T00:01:36.694+0000] {dag.py:3823} INFO - Setting next_dagrun for example_skip_dag to 2025-01-13 00:00:00+00:00, run_after=2025-01-14 00:00:00+00:00
[2025-01-14T00:01:36.705+0000] {processor.py:183} INFO - Processing /home/airflow/.local/lib/python3.8/site-packages/airflow/example_dags/example_skip_dag.py took 0.044 seconds
[2025-01-14T00:02:07.705+0000] {processor.py:161} INFO - Started process (PID=10784) to work on /home/airflow/.local/lib/python3.8/site-packages/airflow/example_dags/example_skip_dag.py
[2025-01-14T00:02:07.706+0000] {processor.py:830} INFO - Processing file /home/airflow/.local/lib/python3.8/site-packages/airflow/example_dags/example_skip_dag.py for tasks to queue
[2025-01-14T00:02:07.706+0000] {logging_mixin.py:188} INFO - [2025-01-14T00:02:07.706+0000] {dagbag.py:538} INFO - Filling up the DagBag from /home/airflow/.local/lib/python3.8/site-packages/airflow/example_dags/example_skip_dag.py
[2025-01-14T00:02:07.711+0000] {processor.py:840} INFO - DAG(s) 'example_skip_dag' retrieved from /home/airflow/.local/lib/python3.8/site-packages/airflow/example_dags/example_skip_dag.py
[2025-01-14T00:02:07.724+0000] {logging_mixin.py:188} INFO - [2025-01-14T00:02:07.723+0000] {dag.py:3036} INFO - Sync 1 DAGs
[2025-01-14T00:02:07.736+0000] {logging_mixin.py:188} INFO - [2025-01-14T00:02:07.736+0000] {dag.py:3823} INFO - Setting next_dagrun for example_skip_dag to 2025-01-13 00:00:00+00:00, run_after=2025-01-14 00:00:00+00:00
[2025-01-14T00:02:07.748+0000] {processor.py:183} INFO - Processing /home/airflow/.local/lib/python3.8/site-packages/airflow/example_dags/example_skip_dag.py took 0.045 seconds
[2025-01-14T00:02:38.557+0000] {processor.py:161} INFO - Started process (PID=10843) to work on /home/airflow/.local/lib/python3.8/site-packages/airflow/example_dags/example_skip_dag.py
[2025-01-14T00:02:38.557+0000] {processor.py:830} INFO - Processing file /home/airflow/.local/lib/python3.8/site-packages/airflow/example_dags/example_skip_dag.py for tasks to queue
[2025-01-14T00:02:38.558+0000] {logging_mixin.py:188} INFO - [2025-01-14T00:02:38.558+0000] {dagbag.py:538} INFO - Filling up the DagBag from /home/airflow/.local/lib/python3.8/site-packages/airflow/example_dags/example_skip_dag.py
[2025-01-14T00:02:38.562+0000] {processor.py:840} INFO - DAG(s) 'example_skip_dag' retrieved from /home/airflow/.local/lib/python3.8/site-packages/airflow/example_dags/example_skip_dag.py
[2025-01-14T00:02:38.575+0000] {logging_mixin.py:188} INFO - [2025-01-14T00:02:38.575+0000] {dag.py:3036} INFO - Sync 1 DAGs
[2025-01-14T00:02:38.588+0000] {logging_mixin.py:188} INFO - [2025-01-14T00:02:38.588+0000] {dag.py:3823} INFO - Setting next_dagrun for example_skip_dag to 2025-01-13 00:00:00+00:00, run_after=2025-01-14 00:00:00+00:00
[2025-01-14T00:02:38.599+0000] {processor.py:183} INFO - Processing /home/airflow/.local/lib/python3.8/site-packages/airflow/example_dags/example_skip_dag.py took 0.045 seconds
[2025-01-14T00:03:08.807+0000] {processor.py:161} INFO - Started process (PID=10902) to work on /home/airflow/.local/lib/python3.8/site-packages/airflow/example_dags/example_skip_dag.py
[2025-01-14T00:03:08.807+0000] {processor.py:830} INFO - Processing file /home/airflow/.local/lib/python3.8/site-packages/airflow/example_dags/example_skip_dag.py for tasks to queue
[2025-01-14T00:03:08.808+0000] {logging_mixin.py:188} INFO - [2025-01-14T00:03:08.808+0000] {dagbag.py:538} INFO - Filling up the DagBag from /home/airflow/.local/lib/python3.8/site-packages/airflow/example_dags/example_skip_dag.py
[2025-01-14T00:03:08.813+0000] {processor.py:840} INFO - DAG(s) 'example_skip_dag' retrieved from /home/airflow/.local/lib/python3.8/site-packages/airflow/example_dags/example_skip_dag.py
[2025-01-14T00:03:08.827+0000] {logging_mixin.py:188} INFO - [2025-01-14T00:03:08.826+0000] {dag.py:3036} INFO - Sync 1 DAGs
[2025-01-14T00:03:08.840+0000] {logging_mixin.py:188} INFO - [2025-01-14T00:03:08.840+0000] {dag.py:3823} INFO - Setting next_dagrun for example_skip_dag to 2025-01-13 00:00:00+00:00, run_after=2025-01-14 00:00:00+00:00
[2025-01-14T00:03:08.852+0000] {processor.py:183} INFO - Processing /home/airflow/.local/lib/python3.8/site-packages/airflow/example_dags/example_skip_dag.py took 0.048 seconds
[2025-01-14T00:03:38.938+0000] {processor.py:161} INFO - Started process (PID=10961) to work on /home/airflow/.local/lib/python3.8/site-packages/airflow/example_dags/example_skip_dag.py
[2025-01-14T00:03:38.939+0000] {processor.py:830} INFO - Processing file /home/airflow/.local/lib/python3.8/site-packages/airflow/example_dags/example_skip_dag.py for tasks to queue
[2025-01-14T00:03:38.939+0000] {logging_mixin.py:188} INFO - [2025-01-14T00:03:38.939+0000] {dagbag.py:538} INFO - Filling up the DagBag from /home/airflow/.local/lib/python3.8/site-packages/airflow/example_dags/example_skip_dag.py
[2025-01-14T00:03:38.944+0000] {processor.py:840} INFO - DAG(s) 'example_skip_dag' retrieved from /home/airflow/.local/lib/python3.8/site-packages/airflow/example_dags/example_skip_dag.py
[2025-01-14T00:03:38.958+0000] {logging_mixin.py:188} INFO - [2025-01-14T00:03:38.958+0000] {dag.py:3036} INFO - Sync 1 DAGs
[2025-01-14T00:03:38.971+0000] {logging_mixin.py:188} INFO - [2025-01-14T00:03:38.971+0000] {dag.py:3823} INFO - Setting next_dagrun for example_skip_dag to 2025-01-13 00:00:00+00:00, run_after=2025-01-14 00:00:00+00:00
[2025-01-14T00:03:38.984+0000] {processor.py:183} INFO - Processing /home/airflow/.local/lib/python3.8/site-packages/airflow/example_dags/example_skip_dag.py took 0.047 seconds
[2025-01-14T00:04:09.929+0000] {processor.py:161} INFO - Started process (PID=11020) to work on /home/airflow/.local/lib/python3.8/site-packages/airflow/example_dags/example_skip_dag.py
[2025-01-14T00:04:09.930+0000] {processor.py:830} INFO - Processing file /home/airflow/.local/lib/python3.8/site-packages/airflow/example_dags/example_skip_dag.py for tasks to queue
[2025-01-14T00:04:09.930+0000] {logging_mixin.py:188} INFO - [2025-01-14T00:04:09.930+0000] {dagbag.py:538} INFO - Filling up the DagBag from /home/airflow/.local/lib/python3.8/site-packages/airflow/example_dags/example_skip_dag.py
[2025-01-14T00:04:09.935+0000] {processor.py:840} INFO - DAG(s) 'example_skip_dag' retrieved from /home/airflow/.local/lib/python3.8/site-packages/airflow/example_dags/example_skip_dag.py
[2025-01-14T00:04:09.949+0000] {logging_mixin.py:188} INFO - [2025-01-14T00:04:09.949+0000] {dag.py:3036} INFO - Sync 1 DAGs
[2025-01-14T00:04:09.962+0000] {logging_mixin.py:188} INFO - [2025-01-14T00:04:09.962+0000] {dag.py:3823} INFO - Setting next_dagrun for example_skip_dag to 2025-01-13 00:00:00+00:00, run_after=2025-01-14 00:00:00+00:00
[2025-01-14T00:04:09.974+0000] {processor.py:183} INFO - Processing /home/airflow/.local/lib/python3.8/site-packages/airflow/example_dags/example_skip_dag.py took 0.047 seconds
[2025-01-14T00:04:41.013+0000] {processor.py:161} INFO - Started process (PID=11079) to work on /home/airflow/.local/lib/python3.8/site-packages/airflow/example_dags/example_skip_dag.py
[2025-01-14T00:04:41.014+0000] {processor.py:830} INFO - Processing file /home/airflow/.local/lib/python3.8/site-packages/airflow/example_dags/example_skip_dag.py for tasks to queue
[2025-01-14T00:04:41.014+0000] {logging_mixin.py:188} INFO - [2025-01-14T00:04:41.014+0000] {dagbag.py:538} INFO - Filling up the DagBag from /home/airflow/.local/lib/python3.8/site-packages/airflow/example_dags/example_skip_dag.py
[2025-01-14T00:04:41.019+0000] {processor.py:840} INFO - DAG(s) 'example_skip_dag' retrieved from /home/airflow/.local/lib/python3.8/site-packages/airflow/example_dags/example_skip_dag.py
[2025-01-14T00:04:41.032+0000] {logging_mixin.py:188} INFO - [2025-01-14T00:04:41.032+0000] {dag.py:3036} INFO - Sync 1 DAGs
[2025-01-14T00:04:41.045+0000] {logging_mixin.py:188} INFO - [2025-01-14T00:04:41.045+0000] {dag.py:3823} INFO - Setting next_dagrun for example_skip_dag to 2025-01-13 00:00:00+00:00, run_after=2025-01-14 00:00:00+00:00
[2025-01-14T00:04:41.057+0000] {processor.py:183} INFO - Processing /home/airflow/.local/lib/python3.8/site-packages/airflow/example_dags/example_skip_dag.py took 0.046 seconds
[2025-01-14T00:05:11.263+0000] {processor.py:161} INFO - Started process (PID=11139) to work on /home/airflow/.local/lib/python3.8/site-packages/airflow/example_dags/example_skip_dag.py
[2025-01-14T00:05:11.263+0000] {processor.py:830} INFO - Processing file /home/airflow/.local/lib/python3.8/site-packages/airflow/example_dags/example_skip_dag.py for tasks to queue
[2025-01-14T00:05:11.264+0000] {logging_mixin.py:188} INFO - [2025-01-14T00:05:11.264+0000] {dagbag.py:538} INFO - Filling up the DagBag from /home/airflow/.local/lib/python3.8/site-packages/airflow/example_dags/example_skip_dag.py
[2025-01-14T00:05:11.268+0000] {processor.py:840} INFO - DAG(s) 'example_skip_dag' retrieved from /home/airflow/.local/lib/python3.8/site-packages/airflow/example_dags/example_skip_dag.py
[2025-01-14T00:05:11.280+0000] {logging_mixin.py:188} INFO - [2025-01-14T00:05:11.280+0000] {dag.py:3036} INFO - Sync 1 DAGs
[2025-01-14T00:05:11.294+0000] {logging_mixin.py:188} INFO - [2025-01-14T00:05:11.294+0000] {dag.py:3823} INFO - Setting next_dagrun for example_skip_dag to 2025-01-13 00:00:00+00:00, run_after=2025-01-14 00:00:00+00:00
[2025-01-14T00:05:11.306+0000] {processor.py:183} INFO - Processing /home/airflow/.local/lib/python3.8/site-packages/airflow/example_dags/example_skip_dag.py took 0.046 seconds
[2025-01-14T00:06:24.873+0000] {processor.py:161} INFO - Started process (PID=73) to work on /home/airflow/.local/lib/python3.8/site-packages/airflow/example_dags/example_skip_dag.py
[2025-01-14T00:06:24.874+0000] {processor.py:830} INFO - Processing file /home/airflow/.local/lib/python3.8/site-packages/airflow/example_dags/example_skip_dag.py for tasks to queue
[2025-01-14T00:06:24.875+0000] {logging_mixin.py:188} INFO - [2025-01-14T00:06:24.874+0000] {dagbag.py:538} INFO - Filling up the DagBag from /home/airflow/.local/lib/python3.8/site-packages/airflow/example_dags/example_skip_dag.py
[2025-01-14T00:06:24.879+0000] {processor.py:840} INFO - DAG(s) 'example_skip_dag' retrieved from /home/airflow/.local/lib/python3.8/site-packages/airflow/example_dags/example_skip_dag.py
[2025-01-14T00:06:24.891+0000] {logging_mixin.py:188} INFO - [2025-01-14T00:06:24.891+0000] {dag.py:3036} INFO - Sync 1 DAGs
[2025-01-14T00:06:24.914+0000] {logging_mixin.py:188} INFO - [2025-01-14T00:06:24.914+0000] {dag.py:3823} INFO - Setting next_dagrun for example_skip_dag to 2025-01-13 00:00:00+00:00, run_after=2025-01-14 00:00:00+00:00
[2025-01-14T00:06:24.929+0000] {processor.py:183} INFO - Processing /home/airflow/.local/lib/python3.8/site-packages/airflow/example_dags/example_skip_dag.py took 0.059 seconds
[2025-01-14T00:06:55.689+0000] {processor.py:161} INFO - Started process (PID=132) to work on /home/airflow/.local/lib/python3.8/site-packages/airflow/example_dags/example_skip_dag.py
[2025-01-14T00:06:55.689+0000] {processor.py:830} INFO - Processing file /home/airflow/.local/lib/python3.8/site-packages/airflow/example_dags/example_skip_dag.py for tasks to queue
[2025-01-14T00:06:55.690+0000] {logging_mixin.py:188} INFO - [2025-01-14T00:06:55.690+0000] {dagbag.py:538} INFO - Filling up the DagBag from /home/airflow/.local/lib/python3.8/site-packages/airflow/example_dags/example_skip_dag.py
[2025-01-14T00:06:55.694+0000] {processor.py:840} INFO - DAG(s) 'example_skip_dag' retrieved from /home/airflow/.local/lib/python3.8/site-packages/airflow/example_dags/example_skip_dag.py
[2025-01-14T00:06:55.756+0000] {logging_mixin.py:188} INFO - [2025-01-14T00:06:55.756+0000] {dag.py:3036} INFO - Sync 1 DAGs
[2025-01-14T00:06:55.769+0000] {logging_mixin.py:188} INFO - [2025-01-14T00:06:55.768+0000] {dag.py:3823} INFO - Setting next_dagrun for example_skip_dag to 2025-01-13 00:00:00+00:00, run_after=2025-01-14 00:00:00+00:00
[2025-01-14T00:06:55.782+0000] {processor.py:183} INFO - Processing /home/airflow/.local/lib/python3.8/site-packages/airflow/example_dags/example_skip_dag.py took 0.095 seconds
[2025-01-14T00:07:26.300+0000] {processor.py:161} INFO - Started process (PID=191) to work on /home/airflow/.local/lib/python3.8/site-packages/airflow/example_dags/example_skip_dag.py
[2025-01-14T00:07:26.301+0000] {processor.py:830} INFO - Processing file /home/airflow/.local/lib/python3.8/site-packages/airflow/example_dags/example_skip_dag.py for tasks to queue
[2025-01-14T00:07:26.302+0000] {logging_mixin.py:188} INFO - [2025-01-14T00:07:26.302+0000] {dagbag.py:538} INFO - Filling up the DagBag from /home/airflow/.local/lib/python3.8/site-packages/airflow/example_dags/example_skip_dag.py
[2025-01-14T00:07:26.306+0000] {processor.py:840} INFO - DAG(s) 'example_skip_dag' retrieved from /home/airflow/.local/lib/python3.8/site-packages/airflow/example_dags/example_skip_dag.py
[2025-01-14T00:07:26.319+0000] {logging_mixin.py:188} INFO - [2025-01-14T00:07:26.319+0000] {dag.py:3036} INFO - Sync 1 DAGs
[2025-01-14T00:07:26.331+0000] {logging_mixin.py:188} INFO - [2025-01-14T00:07:26.331+0000] {dag.py:3823} INFO - Setting next_dagrun for example_skip_dag to 2025-01-13 00:00:00+00:00, run_after=2025-01-14 00:00:00+00:00
[2025-01-14T00:07:26.343+0000] {processor.py:183} INFO - Processing /home/airflow/.local/lib/python3.8/site-packages/airflow/example_dags/example_skip_dag.py took 0.044 seconds
[2025-01-14T00:07:56.551+0000] {processor.py:161} INFO - Started process (PID=250) to work on /home/airflow/.local/lib/python3.8/site-packages/airflow/example_dags/example_skip_dag.py
[2025-01-14T00:07:56.551+0000] {processor.py:830} INFO - Processing file /home/airflow/.local/lib/python3.8/site-packages/airflow/example_dags/example_skip_dag.py for tasks to queue
[2025-01-14T00:07:56.552+0000] {logging_mixin.py:188} INFO - [2025-01-14T00:07:56.552+0000] {dagbag.py:538} INFO - Filling up the DagBag from /home/airflow/.local/lib/python3.8/site-packages/airflow/example_dags/example_skip_dag.py
[2025-01-14T00:07:56.557+0000] {processor.py:840} INFO - DAG(s) 'example_skip_dag' retrieved from /home/airflow/.local/lib/python3.8/site-packages/airflow/example_dags/example_skip_dag.py
[2025-01-14T00:07:56.571+0000] {logging_mixin.py:188} INFO - [2025-01-14T00:07:56.571+0000] {dag.py:3036} INFO - Sync 1 DAGs
[2025-01-14T00:07:56.583+0000] {logging_mixin.py:188} INFO - [2025-01-14T00:07:56.583+0000] {dag.py:3823} INFO - Setting next_dagrun for example_skip_dag to 2025-01-13 00:00:00+00:00, run_after=2025-01-14 00:00:00+00:00
[2025-01-14T00:07:56.594+0000] {processor.py:183} INFO - Processing /home/airflow/.local/lib/python3.8/site-packages/airflow/example_dags/example_skip_dag.py took 0.046 seconds
[2025-01-14T00:08:26.905+0000] {processor.py:161} INFO - Started process (PID=309) to work on /home/airflow/.local/lib/python3.8/site-packages/airflow/example_dags/example_skip_dag.py
[2025-01-14T00:08:26.906+0000] {processor.py:830} INFO - Processing file /home/airflow/.local/lib/python3.8/site-packages/airflow/example_dags/example_skip_dag.py for tasks to queue
[2025-01-14T00:08:26.907+0000] {logging_mixin.py:188} INFO - [2025-01-14T00:08:26.907+0000] {dagbag.py:538} INFO - Filling up the DagBag from /home/airflow/.local/lib/python3.8/site-packages/airflow/example_dags/example_skip_dag.py
[2025-01-14T00:08:26.912+0000] {processor.py:840} INFO - DAG(s) 'example_skip_dag' retrieved from /home/airflow/.local/lib/python3.8/site-packages/airflow/example_dags/example_skip_dag.py
[2025-01-14T00:08:26.929+0000] {logging_mixin.py:188} INFO - [2025-01-14T00:08:26.929+0000] {dag.py:3036} INFO - Sync 1 DAGs
[2025-01-14T00:08:26.946+0000] {logging_mixin.py:188} INFO - [2025-01-14T00:08:26.945+0000] {dag.py:3823} INFO - Setting next_dagrun for example_skip_dag to 2025-01-13 00:00:00+00:00, run_after=2025-01-14 00:00:00+00:00
[2025-01-14T00:08:26.962+0000] {processor.py:183} INFO - Processing /home/airflow/.local/lib/python3.8/site-packages/airflow/example_dags/example_skip_dag.py took 0.059 seconds
[2025-01-14T00:08:57.101+0000] {processor.py:161} INFO - Started process (PID=368) to work on /home/airflow/.local/lib/python3.8/site-packages/airflow/example_dags/example_skip_dag.py
[2025-01-14T00:08:57.102+0000] {processor.py:830} INFO - Processing file /home/airflow/.local/lib/python3.8/site-packages/airflow/example_dags/example_skip_dag.py for tasks to queue
[2025-01-14T00:08:57.103+0000] {logging_mixin.py:188} INFO - [2025-01-14T00:08:57.103+0000] {dagbag.py:538} INFO - Filling up the DagBag from /home/airflow/.local/lib/python3.8/site-packages/airflow/example_dags/example_skip_dag.py
[2025-01-14T00:08:57.107+0000] {processor.py:840} INFO - DAG(s) 'example_skip_dag' retrieved from /home/airflow/.local/lib/python3.8/site-packages/airflow/example_dags/example_skip_dag.py
[2025-01-14T00:08:57.126+0000] {logging_mixin.py:188} INFO - [2025-01-14T00:08:57.126+0000] {dag.py:3036} INFO - Sync 1 DAGs
[2025-01-14T00:08:57.143+0000] {logging_mixin.py:188} INFO - [2025-01-14T00:08:57.143+0000] {dag.py:3823} INFO - Setting next_dagrun for example_skip_dag to 2025-01-13 00:00:00+00:00, run_after=2025-01-14 00:00:00+00:00
[2025-01-14T00:08:57.163+0000] {processor.py:183} INFO - Processing /home/airflow/.local/lib/python3.8/site-packages/airflow/example_dags/example_skip_dag.py took 0.064 seconds
[2025-01-14T00:09:27.487+0000] {processor.py:161} INFO - Started process (PID=427) to work on /home/airflow/.local/lib/python3.8/site-packages/airflow/example_dags/example_skip_dag.py
[2025-01-14T00:09:27.488+0000] {processor.py:830} INFO - Processing file /home/airflow/.local/lib/python3.8/site-packages/airflow/example_dags/example_skip_dag.py for tasks to queue
[2025-01-14T00:09:27.489+0000] {logging_mixin.py:188} INFO - [2025-01-14T00:09:27.489+0000] {dagbag.py:538} INFO - Filling up the DagBag from /home/airflow/.local/lib/python3.8/site-packages/airflow/example_dags/example_skip_dag.py
[2025-01-14T00:09:27.493+0000] {processor.py:840} INFO - DAG(s) 'example_skip_dag' retrieved from /home/airflow/.local/lib/python3.8/site-packages/airflow/example_dags/example_skip_dag.py
[2025-01-14T00:09:27.506+0000] {logging_mixin.py:188} INFO - [2025-01-14T00:09:27.506+0000] {dag.py:3036} INFO - Sync 1 DAGs
[2025-01-14T00:09:27.518+0000] {logging_mixin.py:188} INFO - [2025-01-14T00:09:27.518+0000] {dag.py:3823} INFO - Setting next_dagrun for example_skip_dag to 2025-01-13 00:00:00+00:00, run_after=2025-01-14 00:00:00+00:00
[2025-01-14T00:09:27.530+0000] {processor.py:183} INFO - Processing /home/airflow/.local/lib/python3.8/site-packages/airflow/example_dags/example_skip_dag.py took 0.045 seconds
[2025-01-14T00:09:58.529+0000] {processor.py:161} INFO - Started process (PID=486) to work on /home/airflow/.local/lib/python3.8/site-packages/airflow/example_dags/example_skip_dag.py
[2025-01-14T00:09:58.530+0000] {processor.py:830} INFO - Processing file /home/airflow/.local/lib/python3.8/site-packages/airflow/example_dags/example_skip_dag.py for tasks to queue
[2025-01-14T00:09:58.531+0000] {logging_mixin.py:188} INFO - [2025-01-14T00:09:58.531+0000] {dagbag.py:538} INFO - Filling up the DagBag from /home/airflow/.local/lib/python3.8/site-packages/airflow/example_dags/example_skip_dag.py
[2025-01-14T00:09:58.535+0000] {processor.py:840} INFO - DAG(s) 'example_skip_dag' retrieved from /home/airflow/.local/lib/python3.8/site-packages/airflow/example_dags/example_skip_dag.py
[2025-01-14T00:09:58.549+0000] {logging_mixin.py:188} INFO - [2025-01-14T00:09:58.549+0000] {dag.py:3036} INFO - Sync 1 DAGs
[2025-01-14T00:09:58.563+0000] {logging_mixin.py:188} INFO - [2025-01-14T00:09:58.563+0000] {dag.py:3823} INFO - Setting next_dagrun for example_skip_dag to 2025-01-13 00:00:00+00:00, run_after=2025-01-14 00:00:00+00:00
[2025-01-14T00:09:58.575+0000] {processor.py:183} INFO - Processing /home/airflow/.local/lib/python3.8/site-packages/airflow/example_dags/example_skip_dag.py took 0.049 seconds
[2025-01-14T00:10:29.869+0000] {processor.py:161} INFO - Started process (PID=545) to work on /home/airflow/.local/lib/python3.8/site-packages/airflow/example_dags/example_skip_dag.py
[2025-01-14T00:10:29.870+0000] {processor.py:830} INFO - Processing file /home/airflow/.local/lib/python3.8/site-packages/airflow/example_dags/example_skip_dag.py for tasks to queue
[2025-01-14T00:10:29.871+0000] {logging_mixin.py:188} INFO - [2025-01-14T00:10:29.871+0000] {dagbag.py:538} INFO - Filling up the DagBag from /home/airflow/.local/lib/python3.8/site-packages/airflow/example_dags/example_skip_dag.py
[2025-01-14T00:10:29.875+0000] {processor.py:840} INFO - DAG(s) 'example_skip_dag' retrieved from /home/airflow/.local/lib/python3.8/site-packages/airflow/example_dags/example_skip_dag.py
[2025-01-14T00:10:29.888+0000] {logging_mixin.py:188} INFO - [2025-01-14T00:10:29.887+0000] {dag.py:3036} INFO - Sync 1 DAGs
[2025-01-14T00:10:29.900+0000] {logging_mixin.py:188} INFO - [2025-01-14T00:10:29.900+0000] {dag.py:3823} INFO - Setting next_dagrun for example_skip_dag to 2025-01-13 00:00:00+00:00, run_after=2025-01-14 00:00:00+00:00
[2025-01-14T00:10:29.912+0000] {processor.py:183} INFO - Processing /home/airflow/.local/lib/python3.8/site-packages/airflow/example_dags/example_skip_dag.py took 0.045 seconds
[2025-01-14T00:11:00.955+0000] {processor.py:161} INFO - Started process (PID=604) to work on /home/airflow/.local/lib/python3.8/site-packages/airflow/example_dags/example_skip_dag.py
[2025-01-14T00:11:00.955+0000] {processor.py:830} INFO - Processing file /home/airflow/.local/lib/python3.8/site-packages/airflow/example_dags/example_skip_dag.py for tasks to queue
[2025-01-14T00:11:00.957+0000] {logging_mixin.py:188} INFO - [2025-01-14T00:11:00.956+0000] {dagbag.py:538} INFO - Filling up the DagBag from /home/airflow/.local/lib/python3.8/site-packages/airflow/example_dags/example_skip_dag.py
[2025-01-14T00:11:00.961+0000] {processor.py:840} INFO - DAG(s) 'example_skip_dag' retrieved from /home/airflow/.local/lib/python3.8/site-packages/airflow/example_dags/example_skip_dag.py
[2025-01-14T00:11:00.976+0000] {logging_mixin.py:188} INFO - [2025-01-14T00:11:00.976+0000] {dag.py:3036} INFO - Sync 1 DAGs
[2025-01-14T00:11:00.993+0000] {logging_mixin.py:188} INFO - [2025-01-14T00:11:00.993+0000] {dag.py:3823} INFO - Setting next_dagrun for example_skip_dag to 2025-01-13 00:00:00+00:00, run_after=2025-01-14 00:00:00+00:00
[2025-01-14T00:11:01.006+0000] {processor.py:183} INFO - Processing /home/airflow/.local/lib/python3.8/site-packages/airflow/example_dags/example_skip_dag.py took 0.054 seconds
[2025-01-14T00:11:32.212+0000] {processor.py:161} INFO - Started process (PID=663) to work on /home/airflow/.local/lib/python3.8/site-packages/airflow/example_dags/example_skip_dag.py
[2025-01-14T00:11:32.213+0000] {processor.py:830} INFO - Processing file /home/airflow/.local/lib/python3.8/site-packages/airflow/example_dags/example_skip_dag.py for tasks to queue
[2025-01-14T00:11:32.214+0000] {logging_mixin.py:188} INFO - [2025-01-14T00:11:32.214+0000] {dagbag.py:538} INFO - Filling up the DagBag from /home/airflow/.local/lib/python3.8/site-packages/airflow/example_dags/example_skip_dag.py
[2025-01-14T00:11:32.218+0000] {processor.py:840} INFO - DAG(s) 'example_skip_dag' retrieved from /home/airflow/.local/lib/python3.8/site-packages/airflow/example_dags/example_skip_dag.py
[2025-01-14T00:11:32.237+0000] {logging_mixin.py:188} INFO - [2025-01-14T00:11:32.237+0000] {dag.py:3036} INFO - Sync 1 DAGs
[2025-01-14T00:11:32.251+0000] {logging_mixin.py:188} INFO - [2025-01-14T00:11:32.251+0000] {dag.py:3823} INFO - Setting next_dagrun for example_skip_dag to 2025-01-13 00:00:00+00:00, run_after=2025-01-14 00:00:00+00:00
[2025-01-14T00:11:32.265+0000] {processor.py:183} INFO - Processing /home/airflow/.local/lib/python3.8/site-packages/airflow/example_dags/example_skip_dag.py took 0.054 seconds
[2025-01-14T00:12:03.514+0000] {processor.py:161} INFO - Started process (PID=722) to work on /home/airflow/.local/lib/python3.8/site-packages/airflow/example_dags/example_skip_dag.py
[2025-01-14T00:12:03.514+0000] {processor.py:830} INFO - Processing file /home/airflow/.local/lib/python3.8/site-packages/airflow/example_dags/example_skip_dag.py for tasks to queue
[2025-01-14T00:12:03.515+0000] {logging_mixin.py:188} INFO - [2025-01-14T00:12:03.515+0000] {dagbag.py:538} INFO - Filling up the DagBag from /home/airflow/.local/lib/python3.8/site-packages/airflow/example_dags/example_skip_dag.py
[2025-01-14T00:12:03.519+0000] {processor.py:840} INFO - DAG(s) 'example_skip_dag' retrieved from /home/airflow/.local/lib/python3.8/site-packages/airflow/example_dags/example_skip_dag.py
[2025-01-14T00:12:03.533+0000] {logging_mixin.py:188} INFO - [2025-01-14T00:12:03.533+0000] {dag.py:3036} INFO - Sync 1 DAGs
[2025-01-14T00:12:03.547+0000] {logging_mixin.py:188} INFO - [2025-01-14T00:12:03.547+0000] {dag.py:3823} INFO - Setting next_dagrun for example_skip_dag to 2025-01-13 00:00:00+00:00, run_after=2025-01-14 00:00:00+00:00
[2025-01-14T00:12:03.560+0000] {processor.py:183} INFO - Processing /home/airflow/.local/lib/python3.8/site-packages/airflow/example_dags/example_skip_dag.py took 0.048 seconds
[2025-01-14T00:12:34.694+0000] {processor.py:161} INFO - Started process (PID=781) to work on /home/airflow/.local/lib/python3.8/site-packages/airflow/example_dags/example_skip_dag.py
[2025-01-14T00:12:34.695+0000] {processor.py:830} INFO - Processing file /home/airflow/.local/lib/python3.8/site-packages/airflow/example_dags/example_skip_dag.py for tasks to queue
[2025-01-14T00:12:34.696+0000] {logging_mixin.py:188} INFO - [2025-01-14T00:12:34.696+0000] {dagbag.py:538} INFO - Filling up the DagBag from /home/airflow/.local/lib/python3.8/site-packages/airflow/example_dags/example_skip_dag.py
[2025-01-14T00:12:34.700+0000] {processor.py:840} INFO - DAG(s) 'example_skip_dag' retrieved from /home/airflow/.local/lib/python3.8/site-packages/airflow/example_dags/example_skip_dag.py
[2025-01-14T00:12:34.714+0000] {logging_mixin.py:188} INFO - [2025-01-14T00:12:34.714+0000] {dag.py:3036} INFO - Sync 1 DAGs
[2025-01-14T00:12:34.728+0000] {logging_mixin.py:188} INFO - [2025-01-14T00:12:34.727+0000] {dag.py:3823} INFO - Setting next_dagrun for example_skip_dag to 2025-01-13 00:00:00+00:00, run_after=2025-01-14 00:00:00+00:00
[2025-01-14T00:12:34.740+0000] {processor.py:183} INFO - Processing /home/airflow/.local/lib/python3.8/site-packages/airflow/example_dags/example_skip_dag.py took 0.047 seconds
[2025-01-14T00:13:05.795+0000] {processor.py:161} INFO - Started process (PID=840) to work on /home/airflow/.local/lib/python3.8/site-packages/airflow/example_dags/example_skip_dag.py
[2025-01-14T00:13:05.796+0000] {processor.py:830} INFO - Processing file /home/airflow/.local/lib/python3.8/site-packages/airflow/example_dags/example_skip_dag.py for tasks to queue
[2025-01-14T00:13:05.797+0000] {logging_mixin.py:188} INFO - [2025-01-14T00:13:05.797+0000] {dagbag.py:538} INFO - Filling up the DagBag from /home/airflow/.local/lib/python3.8/site-packages/airflow/example_dags/example_skip_dag.py
[2025-01-14T00:13:05.802+0000] {processor.py:840} INFO - DAG(s) 'example_skip_dag' retrieved from /home/airflow/.local/lib/python3.8/site-packages/airflow/example_dags/example_skip_dag.py
[2025-01-14T00:13:05.816+0000] {logging_mixin.py:188} INFO - [2025-01-14T00:13:05.816+0000] {dag.py:3036} INFO - Sync 1 DAGs
[2025-01-14T00:13:05.829+0000] {logging_mixin.py:188} INFO - [2025-01-14T00:13:05.829+0000] {dag.py:3823} INFO - Setting next_dagrun for example_skip_dag to 2025-01-13 00:00:00+00:00, run_after=2025-01-14 00:00:00+00:00
[2025-01-14T00:13:05.842+0000] {processor.py:183} INFO - Processing /home/airflow/.local/lib/python3.8/site-packages/airflow/example_dags/example_skip_dag.py took 0.049 seconds
[2025-01-14T00:13:36.905+0000] {processor.py:161} INFO - Started process (PID=899) to work on /home/airflow/.local/lib/python3.8/site-packages/airflow/example_dags/example_skip_dag.py
[2025-01-14T00:13:36.906+0000] {processor.py:830} INFO - Processing file /home/airflow/.local/lib/python3.8/site-packages/airflow/example_dags/example_skip_dag.py for tasks to queue
[2025-01-14T00:13:36.907+0000] {logging_mixin.py:188} INFO - [2025-01-14T00:13:36.906+0000] {dagbag.py:538} INFO - Filling up the DagBag from /home/airflow/.local/lib/python3.8/site-packages/airflow/example_dags/example_skip_dag.py
[2025-01-14T00:13:36.911+0000] {processor.py:840} INFO - DAG(s) 'example_skip_dag' retrieved from /home/airflow/.local/lib/python3.8/site-packages/airflow/example_dags/example_skip_dag.py
[2025-01-14T00:13:36.925+0000] {logging_mixin.py:188} INFO - [2025-01-14T00:13:36.925+0000] {dag.py:3036} INFO - Sync 1 DAGs
[2025-01-14T00:13:36.938+0000] {logging_mixin.py:188} INFO - [2025-01-14T00:13:36.938+0000] {dag.py:3823} INFO - Setting next_dagrun for example_skip_dag to 2025-01-13 00:00:00+00:00, run_after=2025-01-14 00:00:00+00:00
[2025-01-14T00:13:36.952+0000] {processor.py:183} INFO - Processing /home/airflow/.local/lib/python3.8/site-packages/airflow/example_dags/example_skip_dag.py took 0.049 seconds
[2025-01-14T00:14:07.223+0000] {processor.py:161} INFO - Started process (PID=958) to work on /home/airflow/.local/lib/python3.8/site-packages/airflow/example_dags/example_skip_dag.py
[2025-01-14T00:14:07.224+0000] {processor.py:830} INFO - Processing file /home/airflow/.local/lib/python3.8/site-packages/airflow/example_dags/example_skip_dag.py for tasks to queue
[2025-01-14T00:14:07.226+0000] {logging_mixin.py:188} INFO - [2025-01-14T00:14:07.225+0000] {dagbag.py:538} INFO - Filling up the DagBag from /home/airflow/.local/lib/python3.8/site-packages/airflow/example_dags/example_skip_dag.py
[2025-01-14T00:14:07.231+0000] {processor.py:840} INFO - DAG(s) 'example_skip_dag' retrieved from /home/airflow/.local/lib/python3.8/site-packages/airflow/example_dags/example_skip_dag.py
[2025-01-14T00:14:07.246+0000] {logging_mixin.py:188} INFO - [2025-01-14T00:14:07.246+0000] {dag.py:3036} INFO - Sync 1 DAGs
[2025-01-14T00:14:07.261+0000] {logging_mixin.py:188} INFO - [2025-01-14T00:14:07.261+0000] {dag.py:3823} INFO - Setting next_dagrun for example_skip_dag to 2025-01-13 00:00:00+00:00, run_after=2025-01-14 00:00:00+00:00
[2025-01-14T00:14:07.275+0000] {processor.py:183} INFO - Processing /home/airflow/.local/lib/python3.8/site-packages/airflow/example_dags/example_skip_dag.py took 0.054 seconds
[2025-01-14T00:14:38.534+0000] {processor.py:161} INFO - Started process (PID=1016) to work on /home/airflow/.local/lib/python3.8/site-packages/airflow/example_dags/example_skip_dag.py
[2025-01-14T00:14:38.535+0000] {processor.py:830} INFO - Processing file /home/airflow/.local/lib/python3.8/site-packages/airflow/example_dags/example_skip_dag.py for tasks to queue
[2025-01-14T00:14:38.536+0000] {logging_mixin.py:188} INFO - [2025-01-14T00:14:38.536+0000] {dagbag.py:538} INFO - Filling up the DagBag from /home/airflow/.local/lib/python3.8/site-packages/airflow/example_dags/example_skip_dag.py
[2025-01-14T00:14:38.541+0000] {processor.py:840} INFO - DAG(s) 'example_skip_dag' retrieved from /home/airflow/.local/lib/python3.8/site-packages/airflow/example_dags/example_skip_dag.py
[2025-01-14T00:14:38.558+0000] {logging_mixin.py:188} INFO - [2025-01-14T00:14:38.558+0000] {dag.py:3036} INFO - Sync 1 DAGs
[2025-01-14T00:14:38.577+0000] {logging_mixin.py:188} INFO - [2025-01-14T00:14:38.576+0000] {dag.py:3823} INFO - Setting next_dagrun for example_skip_dag to 2025-01-13 00:00:00+00:00, run_after=2025-01-14 00:00:00+00:00
[2025-01-14T00:14:38.592+0000] {processor.py:183} INFO - Processing /home/airflow/.local/lib/python3.8/site-packages/airflow/example_dags/example_skip_dag.py took 0.060 seconds
[2025-01-14T00:15:09.654+0000] {processor.py:161} INFO - Started process (PID=1076) to work on /home/airflow/.local/lib/python3.8/site-packages/airflow/example_dags/example_skip_dag.py
[2025-01-14T00:15:09.654+0000] {processor.py:830} INFO - Processing file /home/airflow/.local/lib/python3.8/site-packages/airflow/example_dags/example_skip_dag.py for tasks to queue
[2025-01-14T00:15:09.656+0000] {logging_mixin.py:188} INFO - [2025-01-14T00:15:09.655+0000] {dagbag.py:538} INFO - Filling up the DagBag from /home/airflow/.local/lib/python3.8/site-packages/airflow/example_dags/example_skip_dag.py
[2025-01-14T00:15:09.659+0000] {processor.py:840} INFO - DAG(s) 'example_skip_dag' retrieved from /home/airflow/.local/lib/python3.8/site-packages/airflow/example_dags/example_skip_dag.py
[2025-01-14T00:15:09.674+0000] {logging_mixin.py:188} INFO - [2025-01-14T00:15:09.674+0000] {dag.py:3036} INFO - Sync 1 DAGs
[2025-01-14T00:15:09.688+0000] {logging_mixin.py:188} INFO - [2025-01-14T00:15:09.688+0000] {dag.py:3823} INFO - Setting next_dagrun for example_skip_dag to 2025-01-13 00:00:00+00:00, run_after=2025-01-14 00:00:00+00:00
[2025-01-14T00:15:09.702+0000] {processor.py:183} INFO - Processing /home/airflow/.local/lib/python3.8/site-packages/airflow/example_dags/example_skip_dag.py took 0.050 seconds
[2025-01-14T00:15:40.915+0000] {processor.py:161} INFO - Started process (PID=1135) to work on /home/airflow/.local/lib/python3.8/site-packages/airflow/example_dags/example_skip_dag.py
[2025-01-14T00:15:40.919+0000] {processor.py:830} INFO - Processing file /home/airflow/.local/lib/python3.8/site-packages/airflow/example_dags/example_skip_dag.py for tasks to queue
[2025-01-14T00:15:40.920+0000] {logging_mixin.py:188} INFO - [2025-01-14T00:15:40.920+0000] {dagbag.py:538} INFO - Filling up the DagBag from /home/airflow/.local/lib/python3.8/site-packages/airflow/example_dags/example_skip_dag.py
[2025-01-14T00:15:40.927+0000] {processor.py:840} INFO - DAG(s) 'example_skip_dag' retrieved from /home/airflow/.local/lib/python3.8/site-packages/airflow/example_dags/example_skip_dag.py
[2025-01-14T00:15:40.947+0000] {logging_mixin.py:188} INFO - [2025-01-14T00:15:40.947+0000] {dag.py:3036} INFO - Sync 1 DAGs
[2025-01-14T00:15:40.962+0000] {logging_mixin.py:188} INFO - [2025-01-14T00:15:40.962+0000] {dag.py:3823} INFO - Setting next_dagrun for example_skip_dag to 2025-01-13 00:00:00+00:00, run_after=2025-01-14 00:00:00+00:00
[2025-01-14T00:15:40.976+0000] {processor.py:183} INFO - Processing /home/airflow/.local/lib/python3.8/site-packages/airflow/example_dags/example_skip_dag.py took 0.064 seconds
[2025-01-14T00:16:12.256+0000] {processor.py:161} INFO - Started process (PID=1194) to work on /home/airflow/.local/lib/python3.8/site-packages/airflow/example_dags/example_skip_dag.py
[2025-01-14T00:16:12.257+0000] {processor.py:830} INFO - Processing file /home/airflow/.local/lib/python3.8/site-packages/airflow/example_dags/example_skip_dag.py for tasks to queue
[2025-01-14T00:16:12.258+0000] {logging_mixin.py:188} INFO - [2025-01-14T00:16:12.258+0000] {dagbag.py:538} INFO - Filling up the DagBag from /home/airflow/.local/lib/python3.8/site-packages/airflow/example_dags/example_skip_dag.py
[2025-01-14T00:16:12.262+0000] {processor.py:840} INFO - DAG(s) 'example_skip_dag' retrieved from /home/airflow/.local/lib/python3.8/site-packages/airflow/example_dags/example_skip_dag.py
[2025-01-14T00:16:12.275+0000] {logging_mixin.py:188} INFO - [2025-01-14T00:16:12.275+0000] {dag.py:3036} INFO - Sync 1 DAGs
[2025-01-14T00:16:12.288+0000] {logging_mixin.py:188} INFO - [2025-01-14T00:16:12.288+0000] {dag.py:3823} INFO - Setting next_dagrun for example_skip_dag to 2025-01-13 00:00:00+00:00, run_after=2025-01-14 00:00:00+00:00
[2025-01-14T00:16:12.302+0000] {processor.py:183} INFO - Processing /home/airflow/.local/lib/python3.8/site-packages/airflow/example_dags/example_skip_dag.py took 0.047 seconds
[2025-01-14T00:16:43.448+0000] {processor.py:161} INFO - Started process (PID=1259) to work on /home/airflow/.local/lib/python3.8/site-packages/airflow/example_dags/example_skip_dag.py
[2025-01-14T00:16:43.448+0000] {processor.py:830} INFO - Processing file /home/airflow/.local/lib/python3.8/site-packages/airflow/example_dags/example_skip_dag.py for tasks to queue
[2025-01-14T00:16:43.449+0000] {logging_mixin.py:188} INFO - [2025-01-14T00:16:43.449+0000] {dagbag.py:538} INFO - Filling up the DagBag from /home/airflow/.local/lib/python3.8/site-packages/airflow/example_dags/example_skip_dag.py
[2025-01-14T00:16:43.455+0000] {processor.py:840} INFO - DAG(s) 'example_skip_dag' retrieved from /home/airflow/.local/lib/python3.8/site-packages/airflow/example_dags/example_skip_dag.py
[2025-01-14T00:16:43.470+0000] {logging_mixin.py:188} INFO - [2025-01-14T00:16:43.470+0000] {dag.py:3036} INFO - Sync 1 DAGs
[2025-01-14T00:16:43.485+0000] {logging_mixin.py:188} INFO - [2025-01-14T00:16:43.485+0000] {dag.py:3823} INFO - Setting next_dagrun for example_skip_dag to 2025-01-13 00:00:00+00:00, run_after=2025-01-14 00:00:00+00:00
[2025-01-14T00:16:43.498+0000] {processor.py:183} INFO - Processing /home/airflow/.local/lib/python3.8/site-packages/airflow/example_dags/example_skip_dag.py took 0.052 seconds
[2025-01-14T00:17:14.583+0000] {processor.py:161} INFO - Started process (PID=1318) to work on /home/airflow/.local/lib/python3.8/site-packages/airflow/example_dags/example_skip_dag.py
[2025-01-14T00:17:14.584+0000] {processor.py:830} INFO - Processing file /home/airflow/.local/lib/python3.8/site-packages/airflow/example_dags/example_skip_dag.py for tasks to queue
[2025-01-14T00:17:14.585+0000] {logging_mixin.py:188} INFO - [2025-01-14T00:17:14.585+0000] {dagbag.py:538} INFO - Filling up the DagBag from /home/airflow/.local/lib/python3.8/site-packages/airflow/example_dags/example_skip_dag.py
[2025-01-14T00:17:14.589+0000] {processor.py:840} INFO - DAG(s) 'example_skip_dag' retrieved from /home/airflow/.local/lib/python3.8/site-packages/airflow/example_dags/example_skip_dag.py
[2025-01-14T00:17:14.602+0000] {logging_mixin.py:188} INFO - [2025-01-14T00:17:14.602+0000] {dag.py:3036} INFO - Sync 1 DAGs
[2025-01-14T00:17:14.614+0000] {logging_mixin.py:188} INFO - [2025-01-14T00:17:14.614+0000] {dag.py:3823} INFO - Setting next_dagrun for example_skip_dag to 2025-01-13 00:00:00+00:00, run_after=2025-01-14 00:00:00+00:00
[2025-01-14T00:17:14.627+0000] {processor.py:183} INFO - Processing /home/airflow/.local/lib/python3.8/site-packages/airflow/example_dags/example_skip_dag.py took 0.045 seconds
[2025-01-14T00:17:45.697+0000] {processor.py:161} INFO - Started process (PID=1377) to work on /home/airflow/.local/lib/python3.8/site-packages/airflow/example_dags/example_skip_dag.py
[2025-01-14T00:17:45.698+0000] {processor.py:830} INFO - Processing file /home/airflow/.local/lib/python3.8/site-packages/airflow/example_dags/example_skip_dag.py for tasks to queue
[2025-01-14T00:17:45.699+0000] {logging_mixin.py:188} INFO - [2025-01-14T00:17:45.699+0000] {dagbag.py:538} INFO - Filling up the DagBag from /home/airflow/.local/lib/python3.8/site-packages/airflow/example_dags/example_skip_dag.py
[2025-01-14T00:17:45.703+0000] {processor.py:840} INFO - DAG(s) 'example_skip_dag' retrieved from /home/airflow/.local/lib/python3.8/site-packages/airflow/example_dags/example_skip_dag.py
[2025-01-14T00:17:45.715+0000] {logging_mixin.py:188} INFO - [2025-01-14T00:17:45.715+0000] {dag.py:3036} INFO - Sync 1 DAGs
[2025-01-14T00:17:45.728+0000] {logging_mixin.py:188} INFO - [2025-01-14T00:17:45.728+0000] {dag.py:3823} INFO - Setting next_dagrun for example_skip_dag to 2025-01-13 00:00:00+00:00, run_after=2025-01-14 00:00:00+00:00
[2025-01-14T00:17:45.740+0000] {processor.py:183} INFO - Processing /home/airflow/.local/lib/python3.8/site-packages/airflow/example_dags/example_skip_dag.py took 0.045 seconds
[2025-01-14T00:18:16.128+0000] {processor.py:161} INFO - Started process (PID=1436) to work on /home/airflow/.local/lib/python3.8/site-packages/airflow/example_dags/example_skip_dag.py
[2025-01-14T00:18:16.129+0000] {processor.py:830} INFO - Processing file /home/airflow/.local/lib/python3.8/site-packages/airflow/example_dags/example_skip_dag.py for tasks to queue
[2025-01-14T00:18:16.130+0000] {logging_mixin.py:188} INFO - [2025-01-14T00:18:16.130+0000] {dagbag.py:538} INFO - Filling up the DagBag from /home/airflow/.local/lib/python3.8/site-packages/airflow/example_dags/example_skip_dag.py
[2025-01-14T00:18:16.134+0000] {processor.py:840} INFO - DAG(s) 'example_skip_dag' retrieved from /home/airflow/.local/lib/python3.8/site-packages/airflow/example_dags/example_skip_dag.py
[2025-01-14T00:18:16.147+0000] {logging_mixin.py:188} INFO - [2025-01-14T00:18:16.147+0000] {dag.py:3036} INFO - Sync 1 DAGs
[2025-01-14T00:18:16.160+0000] {logging_mixin.py:188} INFO - [2025-01-14T00:18:16.160+0000] {dag.py:3823} INFO - Setting next_dagrun for example_skip_dag to 2025-01-13 00:00:00+00:00, run_after=2025-01-14 00:00:00+00:00
[2025-01-14T00:18:16.172+0000] {processor.py:183} INFO - Processing /home/airflow/.local/lib/python3.8/site-packages/airflow/example_dags/example_skip_dag.py took 0.046 seconds
[2025-01-14T00:18:47.308+0000] {processor.py:161} INFO - Started process (PID=1495) to work on /home/airflow/.local/lib/python3.8/site-packages/airflow/example_dags/example_skip_dag.py
[2025-01-14T00:18:47.309+0000] {processor.py:830} INFO - Processing file /home/airflow/.local/lib/python3.8/site-packages/airflow/example_dags/example_skip_dag.py for tasks to queue
[2025-01-14T00:18:47.310+0000] {logging_mixin.py:188} INFO - [2025-01-14T00:18:47.310+0000] {dagbag.py:538} INFO - Filling up the DagBag from /home/airflow/.local/lib/python3.8/site-packages/airflow/example_dags/example_skip_dag.py
[2025-01-14T00:18:47.314+0000] {processor.py:840} INFO - DAG(s) 'example_skip_dag' retrieved from /home/airflow/.local/lib/python3.8/site-packages/airflow/example_dags/example_skip_dag.py
[2025-01-14T00:18:47.328+0000] {logging_mixin.py:188} INFO - [2025-01-14T00:18:47.328+0000] {dag.py:3036} INFO - Sync 1 DAGs
[2025-01-14T00:18:47.342+0000] {logging_mixin.py:188} INFO - [2025-01-14T00:18:47.342+0000] {dag.py:3823} INFO - Setting next_dagrun for example_skip_dag to 2025-01-13 00:00:00+00:00, run_after=2025-01-14 00:00:00+00:00
[2025-01-14T00:18:47.355+0000] {processor.py:183} INFO - Processing /home/airflow/.local/lib/python3.8/site-packages/airflow/example_dags/example_skip_dag.py took 0.048 seconds
[2025-01-14T00:19:18.388+0000] {processor.py:161} INFO - Started process (PID=1554) to work on /home/airflow/.local/lib/python3.8/site-packages/airflow/example_dags/example_skip_dag.py
[2025-01-14T00:19:18.389+0000] {processor.py:830} INFO - Processing file /home/airflow/.local/lib/python3.8/site-packages/airflow/example_dags/example_skip_dag.py for tasks to queue
[2025-01-14T00:19:18.390+0000] {logging_mixin.py:188} INFO - [2025-01-14T00:19:18.390+0000] {dagbag.py:538} INFO - Filling up the DagBag from /home/airflow/.local/lib/python3.8/site-packages/airflow/example_dags/example_skip_dag.py
[2025-01-14T00:19:18.394+0000] {processor.py:840} INFO - DAG(s) 'example_skip_dag' retrieved from /home/airflow/.local/lib/python3.8/site-packages/airflow/example_dags/example_skip_dag.py
[2025-01-14T00:19:18.409+0000] {logging_mixin.py:188} INFO - [2025-01-14T00:19:18.409+0000] {dag.py:3036} INFO - Sync 1 DAGs
[2025-01-14T00:19:18.425+0000] {logging_mixin.py:188} INFO - [2025-01-14T00:19:18.425+0000] {dag.py:3823} INFO - Setting next_dagrun for example_skip_dag to 2025-01-13 00:00:00+00:00, run_after=2025-01-14 00:00:00+00:00
[2025-01-14T00:19:18.441+0000] {processor.py:183} INFO - Processing /home/airflow/.local/lib/python3.8/site-packages/airflow/example_dags/example_skip_dag.py took 0.055 seconds
[2025-01-14T00:19:49.875+0000] {processor.py:161} INFO - Started process (PID=1613) to work on /home/airflow/.local/lib/python3.8/site-packages/airflow/example_dags/example_skip_dag.py
[2025-01-14T00:19:49.875+0000] {processor.py:830} INFO - Processing file /home/airflow/.local/lib/python3.8/site-packages/airflow/example_dags/example_skip_dag.py for tasks to queue
[2025-01-14T00:19:49.876+0000] {logging_mixin.py:188} INFO - [2025-01-14T00:19:49.876+0000] {dagbag.py:538} INFO - Filling up the DagBag from /home/airflow/.local/lib/python3.8/site-packages/airflow/example_dags/example_skip_dag.py
[2025-01-14T00:19:49.880+0000] {processor.py:840} INFO - DAG(s) 'example_skip_dag' retrieved from /home/airflow/.local/lib/python3.8/site-packages/airflow/example_dags/example_skip_dag.py
[2025-01-14T00:19:49.897+0000] {logging_mixin.py:188} INFO - [2025-01-14T00:19:49.897+0000] {dag.py:3036} INFO - Sync 1 DAGs
[2025-01-14T00:19:49.910+0000] {logging_mixin.py:188} INFO - [2025-01-14T00:19:49.910+0000] {dag.py:3823} INFO - Setting next_dagrun for example_skip_dag to 2025-01-13 00:00:00+00:00, run_after=2025-01-14 00:00:00+00:00
[2025-01-14T00:19:49.923+0000] {processor.py:183} INFO - Processing /home/airflow/.local/lib/python3.8/site-packages/airflow/example_dags/example_skip_dag.py took 0.050 seconds
[2025-01-14T00:20:21.456+0000] {processor.py:161} INFO - Started process (PID=1672) to work on /home/airflow/.local/lib/python3.8/site-packages/airflow/example_dags/example_skip_dag.py
[2025-01-14T00:20:21.456+0000] {processor.py:830} INFO - Processing file /home/airflow/.local/lib/python3.8/site-packages/airflow/example_dags/example_skip_dag.py for tasks to queue
[2025-01-14T00:20:21.458+0000] {logging_mixin.py:188} INFO - [2025-01-14T00:20:21.457+0000] {dagbag.py:538} INFO - Filling up the DagBag from /home/airflow/.local/lib/python3.8/site-packages/airflow/example_dags/example_skip_dag.py
[2025-01-14T00:20:21.463+0000] {processor.py:840} INFO - DAG(s) 'example_skip_dag' retrieved from /home/airflow/.local/lib/python3.8/site-packages/airflow/example_dags/example_skip_dag.py
[2025-01-14T00:20:21.483+0000] {logging_mixin.py:188} INFO - [2025-01-14T00:20:21.482+0000] {dag.py:3036} INFO - Sync 1 DAGs
[2025-01-14T00:20:21.503+0000] {logging_mixin.py:188} INFO - [2025-01-14T00:20:21.502+0000] {dag.py:3823} INFO - Setting next_dagrun for example_skip_dag to 2025-01-13 00:00:00+00:00, run_after=2025-01-14 00:00:00+00:00
[2025-01-14T00:20:21.519+0000] {processor.py:183} INFO - Processing /home/airflow/.local/lib/python3.8/site-packages/airflow/example_dags/example_skip_dag.py took 0.066 seconds
[2025-01-14T00:20:51.612+0000] {processor.py:161} INFO - Started process (PID=1730) to work on /home/airflow/.local/lib/python3.8/site-packages/airflow/example_dags/example_skip_dag.py
[2025-01-14T00:20:51.613+0000] {processor.py:830} INFO - Processing file /home/airflow/.local/lib/python3.8/site-packages/airflow/example_dags/example_skip_dag.py for tasks to queue
[2025-01-14T00:20:51.614+0000] {logging_mixin.py:188} INFO - [2025-01-14T00:20:51.614+0000] {dagbag.py:538} INFO - Filling up the DagBag from /home/airflow/.local/lib/python3.8/site-packages/airflow/example_dags/example_skip_dag.py
[2025-01-14T00:20:51.619+0000] {processor.py:840} INFO - DAG(s) 'example_skip_dag' retrieved from /home/airflow/.local/lib/python3.8/site-packages/airflow/example_dags/example_skip_dag.py
[2025-01-14T00:20:51.635+0000] {logging_mixin.py:188} INFO - [2025-01-14T00:20:51.634+0000] {dag.py:3036} INFO - Sync 1 DAGs
[2025-01-14T00:20:51.649+0000] {logging_mixin.py:188} INFO - [2025-01-14T00:20:51.648+0000] {dag.py:3823} INFO - Setting next_dagrun for example_skip_dag to 2025-01-13 00:00:00+00:00, run_after=2025-01-14 00:00:00+00:00
[2025-01-14T00:20:51.663+0000] {processor.py:183} INFO - Processing /home/airflow/.local/lib/python3.8/site-packages/airflow/example_dags/example_skip_dag.py took 0.054 seconds
[2025-01-14T00:21:22.670+0000] {processor.py:161} INFO - Started process (PID=1790) to work on /home/airflow/.local/lib/python3.8/site-packages/airflow/example_dags/example_skip_dag.py
[2025-01-14T00:21:22.670+0000] {processor.py:830} INFO - Processing file /home/airflow/.local/lib/python3.8/site-packages/airflow/example_dags/example_skip_dag.py for tasks to queue
[2025-01-14T00:21:22.672+0000] {logging_mixin.py:188} INFO - [2025-01-14T00:21:22.671+0000] {dagbag.py:538} INFO - Filling up the DagBag from /home/airflow/.local/lib/python3.8/site-packages/airflow/example_dags/example_skip_dag.py
[2025-01-14T00:21:22.675+0000] {processor.py:840} INFO - DAG(s) 'example_skip_dag' retrieved from /home/airflow/.local/lib/python3.8/site-packages/airflow/example_dags/example_skip_dag.py
[2025-01-14T00:21:22.688+0000] {logging_mixin.py:188} INFO - [2025-01-14T00:21:22.688+0000] {dag.py:3036} INFO - Sync 1 DAGs
[2025-01-14T00:21:22.702+0000] {logging_mixin.py:188} INFO - [2025-01-14T00:21:22.701+0000] {dag.py:3823} INFO - Setting next_dagrun for example_skip_dag to 2025-01-13 00:00:00+00:00, run_after=2025-01-14 00:00:00+00:00
[2025-01-14T00:21:22.714+0000] {processor.py:183} INFO - Processing /home/airflow/.local/lib/python3.8/site-packages/airflow/example_dags/example_skip_dag.py took 0.046 seconds
[2025-01-14T00:21:54.076+0000] {processor.py:161} INFO - Started process (PID=1849) to work on /home/airflow/.local/lib/python3.8/site-packages/airflow/example_dags/example_skip_dag.py
[2025-01-14T00:21:54.076+0000] {processor.py:830} INFO - Processing file /home/airflow/.local/lib/python3.8/site-packages/airflow/example_dags/example_skip_dag.py for tasks to queue
[2025-01-14T00:21:54.077+0000] {logging_mixin.py:188} INFO - [2025-01-14T00:21:54.077+0000] {dagbag.py:538} INFO - Filling up the DagBag from /home/airflow/.local/lib/python3.8/site-packages/airflow/example_dags/example_skip_dag.py
[2025-01-14T00:21:54.081+0000] {processor.py:840} INFO - DAG(s) 'example_skip_dag' retrieved from /home/airflow/.local/lib/python3.8/site-packages/airflow/example_dags/example_skip_dag.py
[2025-01-14T00:21:54.094+0000] {logging_mixin.py:188} INFO - [2025-01-14T00:21:54.094+0000] {dag.py:3036} INFO - Sync 1 DAGs
[2025-01-14T00:21:54.107+0000] {logging_mixin.py:188} INFO - [2025-01-14T00:21:54.107+0000] {dag.py:3823} INFO - Setting next_dagrun for example_skip_dag to 2025-01-13 00:00:00+00:00, run_after=2025-01-14 00:00:00+00:00
[2025-01-14T00:21:54.119+0000] {processor.py:183} INFO - Processing /home/airflow/.local/lib/python3.8/site-packages/airflow/example_dags/example_skip_dag.py took 0.045 seconds
[2025-01-14T00:22:25.235+0000] {processor.py:161} INFO - Started process (PID=1908) to work on /home/airflow/.local/lib/python3.8/site-packages/airflow/example_dags/example_skip_dag.py
[2025-01-14T00:22:25.235+0000] {processor.py:830} INFO - Processing file /home/airflow/.local/lib/python3.8/site-packages/airflow/example_dags/example_skip_dag.py for tasks to queue
[2025-01-14T00:22:25.236+0000] {logging_mixin.py:188} INFO - [2025-01-14T00:22:25.236+0000] {dagbag.py:538} INFO - Filling up the DagBag from /home/airflow/.local/lib/python3.8/site-packages/airflow/example_dags/example_skip_dag.py
[2025-01-14T00:22:25.240+0000] {processor.py:840} INFO - DAG(s) 'example_skip_dag' retrieved from /home/airflow/.local/lib/python3.8/site-packages/airflow/example_dags/example_skip_dag.py
[2025-01-14T00:22:25.253+0000] {logging_mixin.py:188} INFO - [2025-01-14T00:22:25.253+0000] {dag.py:3036} INFO - Sync 1 DAGs
[2025-01-14T00:22:25.266+0000] {logging_mixin.py:188} INFO - [2025-01-14T00:22:25.266+0000] {dag.py:3823} INFO - Setting next_dagrun for example_skip_dag to 2025-01-13 00:00:00+00:00, run_after=2025-01-14 00:00:00+00:00
[2025-01-14T00:22:25.278+0000] {processor.py:183} INFO - Processing /home/airflow/.local/lib/python3.8/site-packages/airflow/example_dags/example_skip_dag.py took 0.045 seconds
[2025-01-14T00:22:56.338+0000] {processor.py:161} INFO - Started process (PID=1967) to work on /home/airflow/.local/lib/python3.8/site-packages/airflow/example_dags/example_skip_dag.py
[2025-01-14T00:22:56.339+0000] {processor.py:830} INFO - Processing file /home/airflow/.local/lib/python3.8/site-packages/airflow/example_dags/example_skip_dag.py for tasks to queue
[2025-01-14T00:22:56.340+0000] {logging_mixin.py:188} INFO - [2025-01-14T00:22:56.340+0000] {dagbag.py:538} INFO - Filling up the DagBag from /home/airflow/.local/lib/python3.8/site-packages/airflow/example_dags/example_skip_dag.py
[2025-01-14T00:22:56.344+0000] {processor.py:840} INFO - DAG(s) 'example_skip_dag' retrieved from /home/airflow/.local/lib/python3.8/site-packages/airflow/example_dags/example_skip_dag.py
[2025-01-14T00:22:56.358+0000] {logging_mixin.py:188} INFO - [2025-01-14T00:22:56.357+0000] {dag.py:3036} INFO - Sync 1 DAGs
[2025-01-14T00:22:56.371+0000] {logging_mixin.py:188} INFO - [2025-01-14T00:22:56.371+0000] {dag.py:3823} INFO - Setting next_dagrun for example_skip_dag to 2025-01-13 00:00:00+00:00, run_after=2025-01-14 00:00:00+00:00
[2025-01-14T00:22:56.384+0000] {processor.py:183} INFO - Processing /home/airflow/.local/lib/python3.8/site-packages/airflow/example_dags/example_skip_dag.py took 0.047 seconds
[2025-01-14T00:23:27.542+0000] {processor.py:161} INFO - Started process (PID=2026) to work on /home/airflow/.local/lib/python3.8/site-packages/airflow/example_dags/example_skip_dag.py
[2025-01-14T00:23:27.542+0000] {processor.py:830} INFO - Processing file /home/airflow/.local/lib/python3.8/site-packages/airflow/example_dags/example_skip_dag.py for tasks to queue
[2025-01-14T00:23:27.543+0000] {logging_mixin.py:188} INFO - [2025-01-14T00:23:27.543+0000] {dagbag.py:538} INFO - Filling up the DagBag from /home/airflow/.local/lib/python3.8/site-packages/airflow/example_dags/example_skip_dag.py
[2025-01-14T00:23:27.547+0000] {processor.py:840} INFO - DAG(s) 'example_skip_dag' retrieved from /home/airflow/.local/lib/python3.8/site-packages/airflow/example_dags/example_skip_dag.py
[2025-01-14T00:23:27.560+0000] {logging_mixin.py:188} INFO - [2025-01-14T00:23:27.560+0000] {dag.py:3036} INFO - Sync 1 DAGs
[2025-01-14T00:23:27.572+0000] {logging_mixin.py:188} INFO - [2025-01-14T00:23:27.572+0000] {dag.py:3823} INFO - Setting next_dagrun for example_skip_dag to 2025-01-13 00:00:00+00:00, run_after=2025-01-14 00:00:00+00:00
[2025-01-14T00:23:27.584+0000] {processor.py:183} INFO - Processing /home/airflow/.local/lib/python3.8/site-packages/airflow/example_dags/example_skip_dag.py took 0.044 seconds
[2025-01-14T00:23:58.613+0000] {processor.py:161} INFO - Started process (PID=2085) to work on /home/airflow/.local/lib/python3.8/site-packages/airflow/example_dags/example_skip_dag.py
[2025-01-14T00:23:58.614+0000] {processor.py:830} INFO - Processing file /home/airflow/.local/lib/python3.8/site-packages/airflow/example_dags/example_skip_dag.py for tasks to queue
[2025-01-14T00:23:58.615+0000] {logging_mixin.py:188} INFO - [2025-01-14T00:23:58.615+0000] {dagbag.py:538} INFO - Filling up the DagBag from /home/airflow/.local/lib/python3.8/site-packages/airflow/example_dags/example_skip_dag.py
[2025-01-14T00:23:58.619+0000] {processor.py:840} INFO - DAG(s) 'example_skip_dag' retrieved from /home/airflow/.local/lib/python3.8/site-packages/airflow/example_dags/example_skip_dag.py
[2025-01-14T00:23:58.632+0000] {logging_mixin.py:188} INFO - [2025-01-14T00:23:58.632+0000] {dag.py:3036} INFO - Sync 1 DAGs
[2025-01-14T00:23:58.647+0000] {logging_mixin.py:188} INFO - [2025-01-14T00:23:58.647+0000] {dag.py:3823} INFO - Setting next_dagrun for example_skip_dag to 2025-01-13 00:00:00+00:00, run_after=2025-01-14 00:00:00+00:00
[2025-01-14T00:23:58.659+0000] {processor.py:183} INFO - Processing /home/airflow/.local/lib/python3.8/site-packages/airflow/example_dags/example_skip_dag.py took 0.048 seconds
[2025-01-14T00:24:29.803+0000] {processor.py:161} INFO - Started process (PID=2144) to work on /home/airflow/.local/lib/python3.8/site-packages/airflow/example_dags/example_skip_dag.py
[2025-01-14T00:24:29.803+0000] {processor.py:830} INFO - Processing file /home/airflow/.local/lib/python3.8/site-packages/airflow/example_dags/example_skip_dag.py for tasks to queue
[2025-01-14T00:24:29.804+0000] {logging_mixin.py:188} INFO - [2025-01-14T00:24:29.804+0000] {dagbag.py:538} INFO - Filling up the DagBag from /home/airflow/.local/lib/python3.8/site-packages/airflow/example_dags/example_skip_dag.py
[2025-01-14T00:24:29.808+0000] {processor.py:840} INFO - DAG(s) 'example_skip_dag' retrieved from /home/airflow/.local/lib/python3.8/site-packages/airflow/example_dags/example_skip_dag.py
[2025-01-14T00:24:29.823+0000] {logging_mixin.py:188} INFO - [2025-01-14T00:24:29.823+0000] {dag.py:3036} INFO - Sync 1 DAGs
[2025-01-14T00:24:29.837+0000] {logging_mixin.py:188} INFO - [2025-01-14T00:24:29.837+0000] {dag.py:3823} INFO - Setting next_dagrun for example_skip_dag to 2025-01-13 00:00:00+00:00, run_after=2025-01-14 00:00:00+00:00
[2025-01-14T00:24:29.849+0000] {processor.py:183} INFO - Processing /home/airflow/.local/lib/python3.8/site-packages/airflow/example_dags/example_skip_dag.py took 0.048 seconds
[2025-01-14T00:25:00.107+0000] {processor.py:161} INFO - Started process (PID=2203) to work on /home/airflow/.local/lib/python3.8/site-packages/airflow/example_dags/example_skip_dag.py
[2025-01-14T00:25:00.108+0000] {processor.py:830} INFO - Processing file /home/airflow/.local/lib/python3.8/site-packages/airflow/example_dags/example_skip_dag.py for tasks to queue
[2025-01-14T00:25:00.109+0000] {logging_mixin.py:188} INFO - [2025-01-14T00:25:00.109+0000] {dagbag.py:538} INFO - Filling up the DagBag from /home/airflow/.local/lib/python3.8/site-packages/airflow/example_dags/example_skip_dag.py
[2025-01-14T00:25:00.114+0000] {processor.py:840} INFO - DAG(s) 'example_skip_dag' retrieved from /home/airflow/.local/lib/python3.8/site-packages/airflow/example_dags/example_skip_dag.py
[2025-01-14T00:25:00.128+0000] {logging_mixin.py:188} INFO - [2025-01-14T00:25:00.128+0000] {dag.py:3036} INFO - Sync 1 DAGs
[2025-01-14T00:25:00.141+0000] {logging_mixin.py:188} INFO - [2025-01-14T00:25:00.141+0000] {dag.py:3823} INFO - Setting next_dagrun for example_skip_dag to 2025-01-13 00:00:00+00:00, run_after=2025-01-14 00:00:00+00:00
[2025-01-14T00:25:00.153+0000] {processor.py:183} INFO - Processing /home/airflow/.local/lib/python3.8/site-packages/airflow/example_dags/example_skip_dag.py took 0.048 seconds
[2025-01-14T00:25:31.180+0000] {processor.py:161} INFO - Started process (PID=2262) to work on /home/airflow/.local/lib/python3.8/site-packages/airflow/example_dags/example_skip_dag.py
[2025-01-14T00:25:31.180+0000] {processor.py:830} INFO - Processing file /home/airflow/.local/lib/python3.8/site-packages/airflow/example_dags/example_skip_dag.py for tasks to queue
[2025-01-14T00:25:31.181+0000] {logging_mixin.py:188} INFO - [2025-01-14T00:25:31.181+0000] {dagbag.py:538} INFO - Filling up the DagBag from /home/airflow/.local/lib/python3.8/site-packages/airflow/example_dags/example_skip_dag.py
[2025-01-14T00:25:31.185+0000] {processor.py:840} INFO - DAG(s) 'example_skip_dag' retrieved from /home/airflow/.local/lib/python3.8/site-packages/airflow/example_dags/example_skip_dag.py
[2025-01-14T00:25:31.199+0000] {logging_mixin.py:188} INFO - [2025-01-14T00:25:31.199+0000] {dag.py:3036} INFO - Sync 1 DAGs
[2025-01-14T00:25:31.213+0000] {logging_mixin.py:188} INFO - [2025-01-14T00:25:31.213+0000] {dag.py:3823} INFO - Setting next_dagrun for example_skip_dag to 2025-01-13 00:00:00+00:00, run_after=2025-01-14 00:00:00+00:00
[2025-01-14T00:25:31.226+0000] {processor.py:183} INFO - Processing /home/airflow/.local/lib/python3.8/site-packages/airflow/example_dags/example_skip_dag.py took 0.048 seconds
[2025-01-14T00:26:02.423+0000] {processor.py:161} INFO - Started process (PID=2321) to work on /home/airflow/.local/lib/python3.8/site-packages/airflow/example_dags/example_skip_dag.py
[2025-01-14T00:26:02.423+0000] {processor.py:830} INFO - Processing file /home/airflow/.local/lib/python3.8/site-packages/airflow/example_dags/example_skip_dag.py for tasks to queue
[2025-01-14T00:26:02.425+0000] {logging_mixin.py:188} INFO - [2025-01-14T00:26:02.424+0000] {dagbag.py:538} INFO - Filling up the DagBag from /home/airflow/.local/lib/python3.8/site-packages/airflow/example_dags/example_skip_dag.py
[2025-01-14T00:26:02.429+0000] {processor.py:840} INFO - DAG(s) 'example_skip_dag' retrieved from /home/airflow/.local/lib/python3.8/site-packages/airflow/example_dags/example_skip_dag.py
[2025-01-14T00:26:02.443+0000] {logging_mixin.py:188} INFO - [2025-01-14T00:26:02.443+0000] {dag.py:3036} INFO - Sync 1 DAGs
[2025-01-14T00:26:02.456+0000] {logging_mixin.py:188} INFO - [2025-01-14T00:26:02.456+0000] {dag.py:3823} INFO - Setting next_dagrun for example_skip_dag to 2025-01-13 00:00:00+00:00, run_after=2025-01-14 00:00:00+00:00
[2025-01-14T00:26:02.470+0000] {processor.py:183} INFO - Processing /home/airflow/.local/lib/python3.8/site-packages/airflow/example_dags/example_skip_dag.py took 0.049 seconds
[2025-01-14T00:26:33.094+0000] {processor.py:161} INFO - Started process (PID=2382) to work on /home/airflow/.local/lib/python3.8/site-packages/airflow/example_dags/example_skip_dag.py
[2025-01-14T00:26:33.094+0000] {processor.py:830} INFO - Processing file /home/airflow/.local/lib/python3.8/site-packages/airflow/example_dags/example_skip_dag.py for tasks to queue
[2025-01-14T00:26:33.095+0000] {logging_mixin.py:188} INFO - [2025-01-14T00:26:33.095+0000] {dagbag.py:538} INFO - Filling up the DagBag from /home/airflow/.local/lib/python3.8/site-packages/airflow/example_dags/example_skip_dag.py
[2025-01-14T00:26:33.100+0000] {processor.py:840} INFO - DAG(s) 'example_skip_dag' retrieved from /home/airflow/.local/lib/python3.8/site-packages/airflow/example_dags/example_skip_dag.py
[2025-01-14T00:26:33.114+0000] {logging_mixin.py:188} INFO - [2025-01-14T00:26:33.114+0000] {dag.py:3036} INFO - Sync 1 DAGs
[2025-01-14T00:26:33.129+0000] {logging_mixin.py:188} INFO - [2025-01-14T00:26:33.128+0000] {dag.py:3823} INFO - Setting next_dagrun for example_skip_dag to 2025-01-13 00:00:00+00:00, run_after=2025-01-14 00:00:00+00:00
[2025-01-14T00:26:33.143+0000] {processor.py:183} INFO - Processing /home/airflow/.local/lib/python3.8/site-packages/airflow/example_dags/example_skip_dag.py took 0.051 seconds
[2025-01-14T00:27:04.018+0000] {processor.py:161} INFO - Started process (PID=2441) to work on /home/airflow/.local/lib/python3.8/site-packages/airflow/example_dags/example_skip_dag.py
[2025-01-14T00:27:04.019+0000] {processor.py:830} INFO - Processing file /home/airflow/.local/lib/python3.8/site-packages/airflow/example_dags/example_skip_dag.py for tasks to queue
[2025-01-14T00:27:04.020+0000] {logging_mixin.py:188} INFO - [2025-01-14T00:27:04.020+0000] {dagbag.py:538} INFO - Filling up the DagBag from /home/airflow/.local/lib/python3.8/site-packages/airflow/example_dags/example_skip_dag.py
[2025-01-14T00:27:04.024+0000] {processor.py:840} INFO - DAG(s) 'example_skip_dag' retrieved from /home/airflow/.local/lib/python3.8/site-packages/airflow/example_dags/example_skip_dag.py
[2025-01-14T00:27:04.039+0000] {logging_mixin.py:188} INFO - [2025-01-14T00:27:04.038+0000] {dag.py:3036} INFO - Sync 1 DAGs
[2025-01-14T00:27:04.054+0000] {logging_mixin.py:188} INFO - [2025-01-14T00:27:04.054+0000] {dag.py:3823} INFO - Setting next_dagrun for example_skip_dag to 2025-01-13 00:00:00+00:00, run_after=2025-01-14 00:00:00+00:00
[2025-01-14T00:27:04.068+0000] {processor.py:183} INFO - Processing /home/airflow/.local/lib/python3.8/site-packages/airflow/example_dags/example_skip_dag.py took 0.052 seconds
[2025-01-14T00:27:34.874+0000] {processor.py:161} INFO - Started process (PID=2499) to work on /home/airflow/.local/lib/python3.8/site-packages/airflow/example_dags/example_skip_dag.py
[2025-01-14T00:27:34.874+0000] {processor.py:830} INFO - Processing file /home/airflow/.local/lib/python3.8/site-packages/airflow/example_dags/example_skip_dag.py for tasks to queue
[2025-01-14T00:27:34.875+0000] {logging_mixin.py:188} INFO - [2025-01-14T00:27:34.875+0000] {dagbag.py:538} INFO - Filling up the DagBag from /home/airflow/.local/lib/python3.8/site-packages/airflow/example_dags/example_skip_dag.py
[2025-01-14T00:27:34.880+0000] {processor.py:840} INFO - DAG(s) 'example_skip_dag' retrieved from /home/airflow/.local/lib/python3.8/site-packages/airflow/example_dags/example_skip_dag.py
[2025-01-14T00:27:34.895+0000] {logging_mixin.py:188} INFO - [2025-01-14T00:27:34.895+0000] {dag.py:3036} INFO - Sync 1 DAGs
[2025-01-14T00:27:34.909+0000] {logging_mixin.py:188} INFO - [2025-01-14T00:27:34.909+0000] {dag.py:3823} INFO - Setting next_dagrun for example_skip_dag to 2025-01-13 00:00:00+00:00, run_after=2025-01-14 00:00:00+00:00
[2025-01-14T00:27:34.923+0000] {processor.py:183} INFO - Processing /home/airflow/.local/lib/python3.8/site-packages/airflow/example_dags/example_skip_dag.py took 0.051 seconds
