[2025-01-14T00:00:09.821+0000] {processor.py:161} INFO - Started process (PID=10585) to work on /home/airflow/.local/lib/python3.8/site-packages/airflow/example_dags/example_branch_python_dop_operator_3.py
[2025-01-14T00:00:09.822+0000] {processor.py:830} INFO - Processing file /home/airflow/.local/lib/python3.8/site-packages/airflow/example_dags/example_branch_python_dop_operator_3.py for tasks to queue
[2025-01-14T00:00:09.823+0000] {logging_mixin.py:188} INFO - [2025-01-14T00:00:09.822+0000] {dagbag.py:538} INFO - Filling up the DagBag from /home/airflow/.local/lib/python3.8/site-packages/airflow/example_dags/example_branch_python_dop_operator_3.py
[2025-01-14T00:00:09.828+0000] {processor.py:840} INFO - DAG(s) 'example_branch_dop_operator_v3' retrieved from /home/airflow/.local/lib/python3.8/site-packages/airflow/example_dags/example_branch_python_dop_operator_3.py
[2025-01-14T00:00:09.842+0000] {logging_mixin.py:188} INFO - [2025-01-14T00:00:09.841+0000] {dag.py:3036} INFO - Sync 1 DAGs
[2025-01-14T00:00:09.858+0000] {logging_mixin.py:188} INFO - [2025-01-14T00:00:09.858+0000] {dag.py:3823} INFO - Setting next_dagrun for example_branch_dop_operator_v3 to 2025-01-13 23:59:00+00:00, run_after=2025-01-14 00:00:00+00:00
[2025-01-14T00:00:09.871+0000] {processor.py:183} INFO - Processing /home/airflow/.local/lib/python3.8/site-packages/airflow/example_dags/example_branch_python_dop_operator_3.py took 0.052 seconds
[2025-01-14T00:00:40.854+0000] {processor.py:161} INFO - Started process (PID=10644) to work on /home/airflow/.local/lib/python3.8/site-packages/airflow/example_dags/example_branch_python_dop_operator_3.py
[2025-01-14T00:00:40.855+0000] {processor.py:830} INFO - Processing file /home/airflow/.local/lib/python3.8/site-packages/airflow/example_dags/example_branch_python_dop_operator_3.py for tasks to queue
[2025-01-14T00:00:40.856+0000] {logging_mixin.py:188} INFO - [2025-01-14T00:00:40.855+0000] {dagbag.py:538} INFO - Filling up the DagBag from /home/airflow/.local/lib/python3.8/site-packages/airflow/example_dags/example_branch_python_dop_operator_3.py
[2025-01-14T00:00:40.861+0000] {processor.py:840} INFO - DAG(s) 'example_branch_dop_operator_v3' retrieved from /home/airflow/.local/lib/python3.8/site-packages/airflow/example_dags/example_branch_python_dop_operator_3.py
[2025-01-14T00:00:40.875+0000] {logging_mixin.py:188} INFO - [2025-01-14T00:00:40.875+0000] {dag.py:3036} INFO - Sync 1 DAGs
[2025-01-14T00:00:40.892+0000] {logging_mixin.py:188} INFO - [2025-01-14T00:00:40.892+0000] {dag.py:3823} INFO - Setting next_dagrun for example_branch_dop_operator_v3 to 2025-01-13 23:59:00+00:00, run_after=2025-01-14 00:00:00+00:00
[2025-01-14T00:00:40.904+0000] {processor.py:183} INFO - Processing /home/airflow/.local/lib/python3.8/site-packages/airflow/example_dags/example_branch_python_dop_operator_3.py took 0.052 seconds
[2025-01-14T00:01:11.019+0000] {processor.py:161} INFO - Started process (PID=10703) to work on /home/airflow/.local/lib/python3.8/site-packages/airflow/example_dags/example_branch_python_dop_operator_3.py
[2025-01-14T00:01:11.020+0000] {processor.py:830} INFO - Processing file /home/airflow/.local/lib/python3.8/site-packages/airflow/example_dags/example_branch_python_dop_operator_3.py for tasks to queue
[2025-01-14T00:01:11.020+0000] {logging_mixin.py:188} INFO - [2025-01-14T00:01:11.020+0000] {dagbag.py:538} INFO - Filling up the DagBag from /home/airflow/.local/lib/python3.8/site-packages/airflow/example_dags/example_branch_python_dop_operator_3.py
[2025-01-14T00:01:11.026+0000] {processor.py:840} INFO - DAG(s) 'example_branch_dop_operator_v3' retrieved from /home/airflow/.local/lib/python3.8/site-packages/airflow/example_dags/example_branch_python_dop_operator_3.py
[2025-01-14T00:01:11.038+0000] {logging_mixin.py:188} INFO - [2025-01-14T00:01:11.038+0000] {dag.py:3036} INFO - Sync 1 DAGs
[2025-01-14T00:01:11.053+0000] {logging_mixin.py:188} INFO - [2025-01-14T00:01:11.053+0000] {dag.py:3823} INFO - Setting next_dagrun for example_branch_dop_operator_v3 to 2025-01-14 00:00:00+00:00, run_after=2025-01-14 00:01:00+00:00
[2025-01-14T00:01:11.065+0000] {processor.py:183} INFO - Processing /home/airflow/.local/lib/python3.8/site-packages/airflow/example_dags/example_branch_python_dop_operator_3.py took 0.049 seconds
[2025-01-14T00:01:41.992+0000] {processor.py:161} INFO - Started process (PID=10762) to work on /home/airflow/.local/lib/python3.8/site-packages/airflow/example_dags/example_branch_python_dop_operator_3.py
[2025-01-14T00:01:41.993+0000] {processor.py:830} INFO - Processing file /home/airflow/.local/lib/python3.8/site-packages/airflow/example_dags/example_branch_python_dop_operator_3.py for tasks to queue
[2025-01-14T00:01:41.993+0000] {logging_mixin.py:188} INFO - [2025-01-14T00:01:41.993+0000] {dagbag.py:538} INFO - Filling up the DagBag from /home/airflow/.local/lib/python3.8/site-packages/airflow/example_dags/example_branch_python_dop_operator_3.py
[2025-01-14T00:01:42.000+0000] {processor.py:840} INFO - DAG(s) 'example_branch_dop_operator_v3' retrieved from /home/airflow/.local/lib/python3.8/site-packages/airflow/example_dags/example_branch_python_dop_operator_3.py
[2025-01-14T00:01:42.013+0000] {logging_mixin.py:188} INFO - [2025-01-14T00:01:42.013+0000] {dag.py:3036} INFO - Sync 1 DAGs
[2025-01-14T00:01:42.029+0000] {logging_mixin.py:188} INFO - [2025-01-14T00:01:42.029+0000] {dag.py:3823} INFO - Setting next_dagrun for example_branch_dop_operator_v3 to 2025-01-14 00:00:00+00:00, run_after=2025-01-14 00:01:00+00:00
[2025-01-14T00:01:42.041+0000] {processor.py:183} INFO - Processing /home/airflow/.local/lib/python3.8/site-packages/airflow/example_dags/example_branch_python_dop_operator_3.py took 0.051 seconds
[2025-01-14T00:02:12.842+0000] {processor.py:161} INFO - Started process (PID=10821) to work on /home/airflow/.local/lib/python3.8/site-packages/airflow/example_dags/example_branch_python_dop_operator_3.py
[2025-01-14T00:02:12.843+0000] {processor.py:830} INFO - Processing file /home/airflow/.local/lib/python3.8/site-packages/airflow/example_dags/example_branch_python_dop_operator_3.py for tasks to queue
[2025-01-14T00:02:12.843+0000] {logging_mixin.py:188} INFO - [2025-01-14T00:02:12.843+0000] {dagbag.py:538} INFO - Filling up the DagBag from /home/airflow/.local/lib/python3.8/site-packages/airflow/example_dags/example_branch_python_dop_operator_3.py
[2025-01-14T00:02:12.850+0000] {processor.py:840} INFO - DAG(s) 'example_branch_dop_operator_v3' retrieved from /home/airflow/.local/lib/python3.8/site-packages/airflow/example_dags/example_branch_python_dop_operator_3.py
[2025-01-14T00:02:12.862+0000] {logging_mixin.py:188} INFO - [2025-01-14T00:02:12.861+0000] {dag.py:3036} INFO - Sync 1 DAGs
[2025-01-14T00:02:12.877+0000] {logging_mixin.py:188} INFO - [2025-01-14T00:02:12.877+0000] {dag.py:3823} INFO - Setting next_dagrun for example_branch_dop_operator_v3 to 2025-01-14 00:01:00+00:00, run_after=2025-01-14 00:02:00+00:00
[2025-01-14T00:02:12.889+0000] {processor.py:183} INFO - Processing /home/airflow/.local/lib/python3.8/site-packages/airflow/example_dags/example_branch_python_dop_operator_3.py took 0.049 seconds
[2025-01-14T00:02:44.018+0000] {processor.py:161} INFO - Started process (PID=10880) to work on /home/airflow/.local/lib/python3.8/site-packages/airflow/example_dags/example_branch_python_dop_operator_3.py
[2025-01-14T00:02:44.019+0000] {processor.py:830} INFO - Processing file /home/airflow/.local/lib/python3.8/site-packages/airflow/example_dags/example_branch_python_dop_operator_3.py for tasks to queue
[2025-01-14T00:02:44.020+0000] {logging_mixin.py:188} INFO - [2025-01-14T00:02:44.020+0000] {dagbag.py:538} INFO - Filling up the DagBag from /home/airflow/.local/lib/python3.8/site-packages/airflow/example_dags/example_branch_python_dop_operator_3.py
[2025-01-14T00:02:44.027+0000] {processor.py:840} INFO - DAG(s) 'example_branch_dop_operator_v3' retrieved from /home/airflow/.local/lib/python3.8/site-packages/airflow/example_dags/example_branch_python_dop_operator_3.py
[2025-01-14T00:02:44.044+0000] {logging_mixin.py:188} INFO - [2025-01-14T00:02:44.044+0000] {dag.py:3036} INFO - Sync 1 DAGs
[2025-01-14T00:02:44.064+0000] {logging_mixin.py:188} INFO - [2025-01-14T00:02:44.063+0000] {dag.py:3823} INFO - Setting next_dagrun for example_branch_dop_operator_v3 to 2025-01-14 00:01:00+00:00, run_after=2025-01-14 00:02:00+00:00
[2025-01-14T00:02:44.078+0000] {processor.py:183} INFO - Processing /home/airflow/.local/lib/python3.8/site-packages/airflow/example_dags/example_branch_python_dop_operator_3.py took 0.063 seconds
[2025-01-14T00:03:14.217+0000] {processor.py:161} INFO - Started process (PID=10939) to work on /home/airflow/.local/lib/python3.8/site-packages/airflow/example_dags/example_branch_python_dop_operator_3.py
[2025-01-14T00:03:14.218+0000] {processor.py:830} INFO - Processing file /home/airflow/.local/lib/python3.8/site-packages/airflow/example_dags/example_branch_python_dop_operator_3.py for tasks to queue
[2025-01-14T00:03:14.219+0000] {logging_mixin.py:188} INFO - [2025-01-14T00:03:14.219+0000] {dagbag.py:538} INFO - Filling up the DagBag from /home/airflow/.local/lib/python3.8/site-packages/airflow/example_dags/example_branch_python_dop_operator_3.py
[2025-01-14T00:03:14.225+0000] {processor.py:840} INFO - DAG(s) 'example_branch_dop_operator_v3' retrieved from /home/airflow/.local/lib/python3.8/site-packages/airflow/example_dags/example_branch_python_dop_operator_3.py
[2025-01-14T00:03:14.239+0000] {logging_mixin.py:188} INFO - [2025-01-14T00:03:14.238+0000] {dag.py:3036} INFO - Sync 1 DAGs
[2025-01-14T00:03:14.255+0000] {logging_mixin.py:188} INFO - [2025-01-14T00:03:14.255+0000] {dag.py:3823} INFO - Setting next_dagrun for example_branch_dop_operator_v3 to 2025-01-14 00:02:00+00:00, run_after=2025-01-14 00:03:00+00:00
[2025-01-14T00:03:14.268+0000] {processor.py:183} INFO - Processing /home/airflow/.local/lib/python3.8/site-packages/airflow/example_dags/example_branch_python_dop_operator_3.py took 0.053 seconds
[2025-01-14T00:03:45.249+0000] {processor.py:161} INFO - Started process (PID=10998) to work on /home/airflow/.local/lib/python3.8/site-packages/airflow/example_dags/example_branch_python_dop_operator_3.py
[2025-01-14T00:03:45.250+0000] {processor.py:830} INFO - Processing file /home/airflow/.local/lib/python3.8/site-packages/airflow/example_dags/example_branch_python_dop_operator_3.py for tasks to queue
[2025-01-14T00:03:45.250+0000] {logging_mixin.py:188} INFO - [2025-01-14T00:03:45.250+0000] {dagbag.py:538} INFO - Filling up the DagBag from /home/airflow/.local/lib/python3.8/site-packages/airflow/example_dags/example_branch_python_dop_operator_3.py
[2025-01-14T00:03:45.256+0000] {processor.py:840} INFO - DAG(s) 'example_branch_dop_operator_v3' retrieved from /home/airflow/.local/lib/python3.8/site-packages/airflow/example_dags/example_branch_python_dop_operator_3.py
[2025-01-14T00:03:45.268+0000] {logging_mixin.py:188} INFO - [2025-01-14T00:03:45.268+0000] {dag.py:3036} INFO - Sync 1 DAGs
[2025-01-14T00:03:45.283+0000] {logging_mixin.py:188} INFO - [2025-01-14T00:03:45.283+0000] {dag.py:3823} INFO - Setting next_dagrun for example_branch_dop_operator_v3 to 2025-01-14 00:02:00+00:00, run_after=2025-01-14 00:03:00+00:00
[2025-01-14T00:03:45.294+0000] {processor.py:183} INFO - Processing /home/airflow/.local/lib/python3.8/site-packages/airflow/example_dags/example_branch_python_dop_operator_3.py took 0.048 seconds
[2025-01-14T00:04:16.182+0000] {processor.py:161} INFO - Started process (PID=11057) to work on /home/airflow/.local/lib/python3.8/site-packages/airflow/example_dags/example_branch_python_dop_operator_3.py
[2025-01-14T00:04:16.183+0000] {processor.py:830} INFO - Processing file /home/airflow/.local/lib/python3.8/site-packages/airflow/example_dags/example_branch_python_dop_operator_3.py for tasks to queue
[2025-01-14T00:04:16.183+0000] {logging_mixin.py:188} INFO - [2025-01-14T00:04:16.183+0000] {dagbag.py:538} INFO - Filling up the DagBag from /home/airflow/.local/lib/python3.8/site-packages/airflow/example_dags/example_branch_python_dop_operator_3.py
[2025-01-14T00:04:16.190+0000] {processor.py:840} INFO - DAG(s) 'example_branch_dop_operator_v3' retrieved from /home/airflow/.local/lib/python3.8/site-packages/airflow/example_dags/example_branch_python_dop_operator_3.py
[2025-01-14T00:04:16.203+0000] {logging_mixin.py:188} INFO - [2025-01-14T00:04:16.203+0000] {dag.py:3036} INFO - Sync 1 DAGs
[2025-01-14T00:04:16.219+0000] {logging_mixin.py:188} INFO - [2025-01-14T00:04:16.219+0000] {dag.py:3823} INFO - Setting next_dagrun for example_branch_dop_operator_v3 to 2025-01-14 00:03:00+00:00, run_after=2025-01-14 00:04:00+00:00
[2025-01-14T00:04:16.232+0000] {processor.py:183} INFO - Processing /home/airflow/.local/lib/python3.8/site-packages/airflow/example_dags/example_branch_python_dop_operator_3.py took 0.052 seconds
[2025-01-14T00:04:46.644+0000] {processor.py:161} INFO - Started process (PID=11116) to work on /home/airflow/.local/lib/python3.8/site-packages/airflow/example_dags/example_branch_python_dop_operator_3.py
[2025-01-14T00:04:46.645+0000] {processor.py:830} INFO - Processing file /home/airflow/.local/lib/python3.8/site-packages/airflow/example_dags/example_branch_python_dop_operator_3.py for tasks to queue
[2025-01-14T00:04:46.646+0000] {logging_mixin.py:188} INFO - [2025-01-14T00:04:46.645+0000] {dagbag.py:538} INFO - Filling up the DagBag from /home/airflow/.local/lib/python3.8/site-packages/airflow/example_dags/example_branch_python_dop_operator_3.py
[2025-01-14T00:04:46.652+0000] {processor.py:840} INFO - DAG(s) 'example_branch_dop_operator_v3' retrieved from /home/airflow/.local/lib/python3.8/site-packages/airflow/example_dags/example_branch_python_dop_operator_3.py
[2025-01-14T00:04:46.664+0000] {logging_mixin.py:188} INFO - [2025-01-14T00:04:46.664+0000] {dag.py:3036} INFO - Sync 1 DAGs
[2025-01-14T00:04:46.680+0000] {logging_mixin.py:188} INFO - [2025-01-14T00:04:46.679+0000] {dag.py:3823} INFO - Setting next_dagrun for example_branch_dop_operator_v3 to 2025-01-14 00:03:00+00:00, run_after=2025-01-14 00:04:00+00:00
[2025-01-14T00:04:46.692+0000] {processor.py:183} INFO - Processing /home/airflow/.local/lib/python3.8/site-packages/airflow/example_dags/example_branch_python_dop_operator_3.py took 0.049 seconds
[2025-01-14T00:05:17.570+0000] {processor.py:161} INFO - Started process (PID=11175) to work on /home/airflow/.local/lib/python3.8/site-packages/airflow/example_dags/example_branch_python_dop_operator_3.py
[2025-01-14T00:05:17.570+0000] {processor.py:830} INFO - Processing file /home/airflow/.local/lib/python3.8/site-packages/airflow/example_dags/example_branch_python_dop_operator_3.py for tasks to queue
[2025-01-14T00:05:17.571+0000] {logging_mixin.py:188} INFO - [2025-01-14T00:05:17.571+0000] {dagbag.py:538} INFO - Filling up the DagBag from /home/airflow/.local/lib/python3.8/site-packages/airflow/example_dags/example_branch_python_dop_operator_3.py
[2025-01-14T00:05:17.577+0000] {processor.py:840} INFO - DAG(s) 'example_branch_dop_operator_v3' retrieved from /home/airflow/.local/lib/python3.8/site-packages/airflow/example_dags/example_branch_python_dop_operator_3.py
[2025-01-14T00:05:17.590+0000] {logging_mixin.py:188} INFO - [2025-01-14T00:05:17.589+0000] {dag.py:3036} INFO - Sync 1 DAGs
[2025-01-14T00:05:17.605+0000] {logging_mixin.py:188} INFO - [2025-01-14T00:05:17.605+0000] {dag.py:3823} INFO - Setting next_dagrun for example_branch_dop_operator_v3 to 2025-01-14 00:04:00+00:00, run_after=2025-01-14 00:05:00+00:00
[2025-01-14T00:05:17.618+0000] {processor.py:183} INFO - Processing /home/airflow/.local/lib/python3.8/site-packages/airflow/example_dags/example_branch_python_dop_operator_3.py took 0.050 seconds
[2025-01-14T00:06:24.601+0000] {processor.py:161} INFO - Started process (PID=67) to work on /home/airflow/.local/lib/python3.8/site-packages/airflow/example_dags/example_branch_python_dop_operator_3.py
[2025-01-14T00:06:24.602+0000] {processor.py:830} INFO - Processing file /home/airflow/.local/lib/python3.8/site-packages/airflow/example_dags/example_branch_python_dop_operator_3.py for tasks to queue
[2025-01-14T00:06:24.603+0000] {logging_mixin.py:188} INFO - [2025-01-14T00:06:24.602+0000] {dagbag.py:538} INFO - Filling up the DagBag from /home/airflow/.local/lib/python3.8/site-packages/airflow/example_dags/example_branch_python_dop_operator_3.py
[2025-01-14T00:06:24.611+0000] {processor.py:840} INFO - DAG(s) 'example_branch_dop_operator_v3' retrieved from /home/airflow/.local/lib/python3.8/site-packages/airflow/example_dags/example_branch_python_dop_operator_3.py
[2025-01-14T00:06:24.624+0000] {logging_mixin.py:188} INFO - [2025-01-14T00:06:24.623+0000] {dag.py:3036} INFO - Sync 1 DAGs
[2025-01-14T00:06:24.652+0000] {logging_mixin.py:188} INFO - [2025-01-14T00:06:24.652+0000] {dag.py:3823} INFO - Setting next_dagrun for example_branch_dop_operator_v3 to 2025-01-14 00:05:00+00:00, run_after=2025-01-14 00:06:00+00:00
[2025-01-14T00:06:24.668+0000] {processor.py:183} INFO - Processing /home/airflow/.local/lib/python3.8/site-packages/airflow/example_dags/example_branch_python_dop_operator_3.py took 0.069 seconds
[2025-01-14T00:06:55.364+0000] {processor.py:161} INFO - Started process (PID=126) to work on /home/airflow/.local/lib/python3.8/site-packages/airflow/example_dags/example_branch_python_dop_operator_3.py
[2025-01-14T00:06:55.365+0000] {processor.py:830} INFO - Processing file /home/airflow/.local/lib/python3.8/site-packages/airflow/example_dags/example_branch_python_dop_operator_3.py for tasks to queue
[2025-01-14T00:06:55.366+0000] {logging_mixin.py:188} INFO - [2025-01-14T00:06:55.366+0000] {dagbag.py:538} INFO - Filling up the DagBag from /home/airflow/.local/lib/python3.8/site-packages/airflow/example_dags/example_branch_python_dop_operator_3.py
[2025-01-14T00:06:55.372+0000] {processor.py:840} INFO - DAG(s) 'example_branch_dop_operator_v3' retrieved from /home/airflow/.local/lib/python3.8/site-packages/airflow/example_dags/example_branch_python_dop_operator_3.py
[2025-01-14T00:06:55.434+0000] {logging_mixin.py:188} INFO - [2025-01-14T00:06:55.434+0000] {dag.py:3036} INFO - Sync 1 DAGs
[2025-01-14T00:06:55.448+0000] {logging_mixin.py:188} INFO - [2025-01-14T00:06:55.448+0000] {dag.py:3823} INFO - Setting next_dagrun for example_branch_dop_operator_v3 to 2025-01-14 00:05:00+00:00, run_after=2025-01-14 00:06:00+00:00
[2025-01-14T00:06:55.461+0000] {processor.py:183} INFO - Processing /home/airflow/.local/lib/python3.8/site-packages/airflow/example_dags/example_branch_python_dop_operator_3.py took 0.099 seconds
[2025-01-14T00:07:26.110+0000] {processor.py:161} INFO - Started process (PID=185) to work on /home/airflow/.local/lib/python3.8/site-packages/airflow/example_dags/example_branch_python_dop_operator_3.py
[2025-01-14T00:07:26.110+0000] {processor.py:830} INFO - Processing file /home/airflow/.local/lib/python3.8/site-packages/airflow/example_dags/example_branch_python_dop_operator_3.py for tasks to queue
[2025-01-14T00:07:26.111+0000] {logging_mixin.py:188} INFO - [2025-01-14T00:07:26.111+0000] {dagbag.py:538} INFO - Filling up the DagBag from /home/airflow/.local/lib/python3.8/site-packages/airflow/example_dags/example_branch_python_dop_operator_3.py
[2025-01-14T00:07:26.117+0000] {processor.py:840} INFO - DAG(s) 'example_branch_dop_operator_v3' retrieved from /home/airflow/.local/lib/python3.8/site-packages/airflow/example_dags/example_branch_python_dop_operator_3.py
[2025-01-14T00:07:26.130+0000] {logging_mixin.py:188} INFO - [2025-01-14T00:07:26.129+0000] {dag.py:3036} INFO - Sync 1 DAGs
[2025-01-14T00:07:26.145+0000] {logging_mixin.py:188} INFO - [2025-01-14T00:07:26.145+0000] {dag.py:3823} INFO - Setting next_dagrun for example_branch_dop_operator_v3 to 2025-01-14 00:06:00+00:00, run_after=2025-01-14 00:07:00+00:00
[2025-01-14T00:07:26.158+0000] {processor.py:183} INFO - Processing /home/airflow/.local/lib/python3.8/site-packages/airflow/example_dags/example_branch_python_dop_operator_3.py took 0.051 seconds
[2025-01-14T00:07:56.373+0000] {processor.py:161} INFO - Started process (PID=244) to work on /home/airflow/.local/lib/python3.8/site-packages/airflow/example_dags/example_branch_python_dop_operator_3.py
[2025-01-14T00:07:56.373+0000] {processor.py:830} INFO - Processing file /home/airflow/.local/lib/python3.8/site-packages/airflow/example_dags/example_branch_python_dop_operator_3.py for tasks to queue
[2025-01-14T00:07:56.374+0000] {logging_mixin.py:188} INFO - [2025-01-14T00:07:56.374+0000] {dagbag.py:538} INFO - Filling up the DagBag from /home/airflow/.local/lib/python3.8/site-packages/airflow/example_dags/example_branch_python_dop_operator_3.py
[2025-01-14T00:07:56.380+0000] {processor.py:840} INFO - DAG(s) 'example_branch_dop_operator_v3' retrieved from /home/airflow/.local/lib/python3.8/site-packages/airflow/example_dags/example_branch_python_dop_operator_3.py
[2025-01-14T00:07:56.392+0000] {logging_mixin.py:188} INFO - [2025-01-14T00:07:56.392+0000] {dag.py:3036} INFO - Sync 1 DAGs
[2025-01-14T00:07:56.407+0000] {logging_mixin.py:188} INFO - [2025-01-14T00:07:56.407+0000] {dag.py:3823} INFO - Setting next_dagrun for example_branch_dop_operator_v3 to 2025-01-14 00:06:00+00:00, run_after=2025-01-14 00:07:00+00:00
[2025-01-14T00:07:56.419+0000] {processor.py:183} INFO - Processing /home/airflow/.local/lib/python3.8/site-packages/airflow/example_dags/example_branch_python_dop_operator_3.py took 0.048 seconds
[2025-01-14T00:08:26.674+0000] {processor.py:161} INFO - Started process (PID=303) to work on /home/airflow/.local/lib/python3.8/site-packages/airflow/example_dags/example_branch_python_dop_operator_3.py
[2025-01-14T00:08:26.675+0000] {processor.py:830} INFO - Processing file /home/airflow/.local/lib/python3.8/site-packages/airflow/example_dags/example_branch_python_dop_operator_3.py for tasks to queue
[2025-01-14T00:08:26.676+0000] {logging_mixin.py:188} INFO - [2025-01-14T00:08:26.676+0000] {dagbag.py:538} INFO - Filling up the DagBag from /home/airflow/.local/lib/python3.8/site-packages/airflow/example_dags/example_branch_python_dop_operator_3.py
[2025-01-14T00:08:26.684+0000] {processor.py:840} INFO - DAG(s) 'example_branch_dop_operator_v3' retrieved from /home/airflow/.local/lib/python3.8/site-packages/airflow/example_dags/example_branch_python_dop_operator_3.py
[2025-01-14T00:08:26.700+0000] {logging_mixin.py:188} INFO - [2025-01-14T00:08:26.700+0000] {dag.py:3036} INFO - Sync 1 DAGs
[2025-01-14T00:08:26.721+0000] {logging_mixin.py:188} INFO - [2025-01-14T00:08:26.721+0000] {dag.py:3823} INFO - Setting next_dagrun for example_branch_dop_operator_v3 to 2025-01-14 00:07:00+00:00, run_after=2025-01-14 00:08:00+00:00
[2025-01-14T00:08:26.737+0000] {processor.py:183} INFO - Processing /home/airflow/.local/lib/python3.8/site-packages/airflow/example_dags/example_branch_python_dop_operator_3.py took 0.066 seconds
[2025-01-14T00:08:56.887+0000] {processor.py:161} INFO - Started process (PID=362) to work on /home/airflow/.local/lib/python3.8/site-packages/airflow/example_dags/example_branch_python_dop_operator_3.py
[2025-01-14T00:08:56.888+0000] {processor.py:830} INFO - Processing file /home/airflow/.local/lib/python3.8/site-packages/airflow/example_dags/example_branch_python_dop_operator_3.py for tasks to queue
[2025-01-14T00:08:56.889+0000] {logging_mixin.py:188} INFO - [2025-01-14T00:08:56.889+0000] {dagbag.py:538} INFO - Filling up the DagBag from /home/airflow/.local/lib/python3.8/site-packages/airflow/example_dags/example_branch_python_dop_operator_3.py
[2025-01-14T00:08:56.895+0000] {processor.py:840} INFO - DAG(s) 'example_branch_dop_operator_v3' retrieved from /home/airflow/.local/lib/python3.8/site-packages/airflow/example_dags/example_branch_python_dop_operator_3.py
[2025-01-14T00:08:56.908+0000] {logging_mixin.py:188} INFO - [2025-01-14T00:08:56.908+0000] {dag.py:3036} INFO - Sync 1 DAGs
[2025-01-14T00:08:56.925+0000] {logging_mixin.py:188} INFO - [2025-01-14T00:08:56.924+0000] {dag.py:3823} INFO - Setting next_dagrun for example_branch_dop_operator_v3 to 2025-01-14 00:07:00+00:00, run_after=2025-01-14 00:08:00+00:00
[2025-01-14T00:08:56.938+0000] {processor.py:183} INFO - Processing /home/airflow/.local/lib/python3.8/site-packages/airflow/example_dags/example_branch_python_dop_operator_3.py took 0.052 seconds
[2025-01-14T00:09:27.286+0000] {processor.py:161} INFO - Started process (PID=421) to work on /home/airflow/.local/lib/python3.8/site-packages/airflow/example_dags/example_branch_python_dop_operator_3.py
[2025-01-14T00:09:27.287+0000] {processor.py:830} INFO - Processing file /home/airflow/.local/lib/python3.8/site-packages/airflow/example_dags/example_branch_python_dop_operator_3.py for tasks to queue
[2025-01-14T00:09:27.288+0000] {logging_mixin.py:188} INFO - [2025-01-14T00:09:27.288+0000] {dagbag.py:538} INFO - Filling up the DagBag from /home/airflow/.local/lib/python3.8/site-packages/airflow/example_dags/example_branch_python_dop_operator_3.py
[2025-01-14T00:09:27.294+0000] {processor.py:840} INFO - DAG(s) 'example_branch_dop_operator_v3' retrieved from /home/airflow/.local/lib/python3.8/site-packages/airflow/example_dags/example_branch_python_dop_operator_3.py
[2025-01-14T00:09:27.313+0000] {logging_mixin.py:188} INFO - [2025-01-14T00:09:27.313+0000] {dag.py:3036} INFO - Sync 1 DAGs
[2025-01-14T00:09:27.332+0000] {logging_mixin.py:188} INFO - [2025-01-14T00:09:27.331+0000] {dag.py:3823} INFO - Setting next_dagrun for example_branch_dop_operator_v3 to 2025-01-14 00:08:00+00:00, run_after=2025-01-14 00:09:00+00:00
[2025-01-14T00:09:27.344+0000] {processor.py:183} INFO - Processing /home/airflow/.local/lib/python3.8/site-packages/airflow/example_dags/example_branch_python_dop_operator_3.py took 0.060 seconds
[2025-01-14T00:09:58.312+0000] {processor.py:161} INFO - Started process (PID=480) to work on /home/airflow/.local/lib/python3.8/site-packages/airflow/example_dags/example_branch_python_dop_operator_3.py
[2025-01-14T00:09:58.313+0000] {processor.py:830} INFO - Processing file /home/airflow/.local/lib/python3.8/site-packages/airflow/example_dags/example_branch_python_dop_operator_3.py for tasks to queue
[2025-01-14T00:09:58.314+0000] {logging_mixin.py:188} INFO - [2025-01-14T00:09:58.314+0000] {dagbag.py:538} INFO - Filling up the DagBag from /home/airflow/.local/lib/python3.8/site-packages/airflow/example_dags/example_branch_python_dop_operator_3.py
[2025-01-14T00:09:58.320+0000] {processor.py:840} INFO - DAG(s) 'example_branch_dop_operator_v3' retrieved from /home/airflow/.local/lib/python3.8/site-packages/airflow/example_dags/example_branch_python_dop_operator_3.py
[2025-01-14T00:09:58.335+0000] {logging_mixin.py:188} INFO - [2025-01-14T00:09:58.335+0000] {dag.py:3036} INFO - Sync 1 DAGs
[2025-01-14T00:09:58.353+0000] {logging_mixin.py:188} INFO - [2025-01-14T00:09:58.353+0000] {dag.py:3823} INFO - Setting next_dagrun for example_branch_dop_operator_v3 to 2025-01-14 00:08:00+00:00, run_after=2025-01-14 00:09:00+00:00
[2025-01-14T00:09:58.373+0000] {processor.py:183} INFO - Processing /home/airflow/.local/lib/python3.8/site-packages/airflow/example_dags/example_branch_python_dop_operator_3.py took 0.064 seconds
[2025-01-14T00:10:29.685+0000] {processor.py:161} INFO - Started process (PID=539) to work on /home/airflow/.local/lib/python3.8/site-packages/airflow/example_dags/example_branch_python_dop_operator_3.py
[2025-01-14T00:10:29.686+0000] {processor.py:830} INFO - Processing file /home/airflow/.local/lib/python3.8/site-packages/airflow/example_dags/example_branch_python_dop_operator_3.py for tasks to queue
[2025-01-14T00:10:29.687+0000] {logging_mixin.py:188} INFO - [2025-01-14T00:10:29.687+0000] {dagbag.py:538} INFO - Filling up the DagBag from /home/airflow/.local/lib/python3.8/site-packages/airflow/example_dags/example_branch_python_dop_operator_3.py
[2025-01-14T00:10:29.693+0000] {processor.py:840} INFO - DAG(s) 'example_branch_dop_operator_v3' retrieved from /home/airflow/.local/lib/python3.8/site-packages/airflow/example_dags/example_branch_python_dop_operator_3.py
[2025-01-14T00:10:29.705+0000] {logging_mixin.py:188} INFO - [2025-01-14T00:10:29.705+0000] {dag.py:3036} INFO - Sync 1 DAGs
[2025-01-14T00:10:29.721+0000] {logging_mixin.py:188} INFO - [2025-01-14T00:10:29.721+0000] {dag.py:3823} INFO - Setting next_dagrun for example_branch_dop_operator_v3 to 2025-01-14 00:09:00+00:00, run_after=2025-01-14 00:10:00+00:00
[2025-01-14T00:10:29.733+0000] {processor.py:183} INFO - Processing /home/airflow/.local/lib/python3.8/site-packages/airflow/example_dags/example_branch_python_dop_operator_3.py took 0.050 seconds
[2025-01-14T00:11:00.747+0000] {processor.py:161} INFO - Started process (PID=598) to work on /home/airflow/.local/lib/python3.8/site-packages/airflow/example_dags/example_branch_python_dop_operator_3.py
[2025-01-14T00:11:00.748+0000] {processor.py:830} INFO - Processing file /home/airflow/.local/lib/python3.8/site-packages/airflow/example_dags/example_branch_python_dop_operator_3.py for tasks to queue
[2025-01-14T00:11:00.749+0000] {logging_mixin.py:188} INFO - [2025-01-14T00:11:00.749+0000] {dagbag.py:538} INFO - Filling up the DagBag from /home/airflow/.local/lib/python3.8/site-packages/airflow/example_dags/example_branch_python_dop_operator_3.py
[2025-01-14T00:11:00.755+0000] {processor.py:840} INFO - DAG(s) 'example_branch_dop_operator_v3' retrieved from /home/airflow/.local/lib/python3.8/site-packages/airflow/example_dags/example_branch_python_dop_operator_3.py
[2025-01-14T00:11:00.769+0000] {logging_mixin.py:188} INFO - [2025-01-14T00:11:00.768+0000] {dag.py:3036} INFO - Sync 1 DAGs
[2025-01-14T00:11:00.788+0000] {logging_mixin.py:188} INFO - [2025-01-14T00:11:00.788+0000] {dag.py:3823} INFO - Setting next_dagrun for example_branch_dop_operator_v3 to 2025-01-14 00:10:00+00:00, run_after=2025-01-14 00:11:00+00:00
[2025-01-14T00:11:00.803+0000] {processor.py:183} INFO - Processing /home/airflow/.local/lib/python3.8/site-packages/airflow/example_dags/example_branch_python_dop_operator_3.py took 0.058 seconds
[2025-01-14T00:11:31.983+0000] {processor.py:161} INFO - Started process (PID=657) to work on /home/airflow/.local/lib/python3.8/site-packages/airflow/example_dags/example_branch_python_dop_operator_3.py
[2025-01-14T00:11:31.983+0000] {processor.py:830} INFO - Processing file /home/airflow/.local/lib/python3.8/site-packages/airflow/example_dags/example_branch_python_dop_operator_3.py for tasks to queue
[2025-01-14T00:11:31.985+0000] {logging_mixin.py:188} INFO - [2025-01-14T00:11:31.984+0000] {dagbag.py:538} INFO - Filling up the DagBag from /home/airflow/.local/lib/python3.8/site-packages/airflow/example_dags/example_branch_python_dop_operator_3.py
[2025-01-14T00:11:31.990+0000] {processor.py:840} INFO - DAG(s) 'example_branch_dop_operator_v3' retrieved from /home/airflow/.local/lib/python3.8/site-packages/airflow/example_dags/example_branch_python_dop_operator_3.py
[2025-01-14T00:11:32.002+0000] {logging_mixin.py:188} INFO - [2025-01-14T00:11:32.002+0000] {dag.py:3036} INFO - Sync 1 DAGs
[2025-01-14T00:11:32.018+0000] {logging_mixin.py:188} INFO - [2025-01-14T00:11:32.018+0000] {dag.py:3823} INFO - Setting next_dagrun for example_branch_dop_operator_v3 to 2025-01-14 00:10:00+00:00, run_after=2025-01-14 00:11:00+00:00
[2025-01-14T00:11:32.030+0000] {processor.py:183} INFO - Processing /home/airflow/.local/lib/python3.8/site-packages/airflow/example_dags/example_branch_python_dop_operator_3.py took 0.049 seconds
[2025-01-14T00:12:03.314+0000] {processor.py:161} INFO - Started process (PID=716) to work on /home/airflow/.local/lib/python3.8/site-packages/airflow/example_dags/example_branch_python_dop_operator_3.py
[2025-01-14T00:12:03.314+0000] {processor.py:830} INFO - Processing file /home/airflow/.local/lib/python3.8/site-packages/airflow/example_dags/example_branch_python_dop_operator_3.py for tasks to queue
[2025-01-14T00:12:03.315+0000] {logging_mixin.py:188} INFO - [2025-01-14T00:12:03.315+0000] {dagbag.py:538} INFO - Filling up the DagBag from /home/airflow/.local/lib/python3.8/site-packages/airflow/example_dags/example_branch_python_dop_operator_3.py
[2025-01-14T00:12:03.321+0000] {processor.py:840} INFO - DAG(s) 'example_branch_dop_operator_v3' retrieved from /home/airflow/.local/lib/python3.8/site-packages/airflow/example_dags/example_branch_python_dop_operator_3.py
[2025-01-14T00:12:03.340+0000] {logging_mixin.py:188} INFO - [2025-01-14T00:12:03.340+0000] {dag.py:3036} INFO - Sync 1 DAGs
[2025-01-14T00:12:03.357+0000] {logging_mixin.py:188} INFO - [2025-01-14T00:12:03.356+0000] {dag.py:3823} INFO - Setting next_dagrun for example_branch_dop_operator_v3 to 2025-01-14 00:11:00+00:00, run_after=2025-01-14 00:12:00+00:00
[2025-01-14T00:12:03.371+0000] {processor.py:183} INFO - Processing /home/airflow/.local/lib/python3.8/site-packages/airflow/example_dags/example_branch_python_dop_operator_3.py took 0.060 seconds
[2025-01-14T00:12:34.507+0000] {processor.py:161} INFO - Started process (PID=775) to work on /home/airflow/.local/lib/python3.8/site-packages/airflow/example_dags/example_branch_python_dop_operator_3.py
[2025-01-14T00:12:34.508+0000] {processor.py:830} INFO - Processing file /home/airflow/.local/lib/python3.8/site-packages/airflow/example_dags/example_branch_python_dop_operator_3.py for tasks to queue
[2025-01-14T00:12:34.509+0000] {logging_mixin.py:188} INFO - [2025-01-14T00:12:34.509+0000] {dagbag.py:538} INFO - Filling up the DagBag from /home/airflow/.local/lib/python3.8/site-packages/airflow/example_dags/example_branch_python_dop_operator_3.py
[2025-01-14T00:12:34.515+0000] {processor.py:840} INFO - DAG(s) 'example_branch_dop_operator_v3' retrieved from /home/airflow/.local/lib/python3.8/site-packages/airflow/example_dags/example_branch_python_dop_operator_3.py
[2025-01-14T00:12:34.528+0000] {logging_mixin.py:188} INFO - [2025-01-14T00:12:34.528+0000] {dag.py:3036} INFO - Sync 1 DAGs
[2025-01-14T00:12:34.545+0000] {logging_mixin.py:188} INFO - [2025-01-14T00:12:34.545+0000] {dag.py:3823} INFO - Setting next_dagrun for example_branch_dop_operator_v3 to 2025-01-14 00:11:00+00:00, run_after=2025-01-14 00:12:00+00:00
[2025-01-14T00:12:34.559+0000] {processor.py:183} INFO - Processing /home/airflow/.local/lib/python3.8/site-packages/airflow/example_dags/example_branch_python_dop_operator_3.py took 0.054 seconds
[2025-01-14T00:13:05.596+0000] {processor.py:161} INFO - Started process (PID=834) to work on /home/airflow/.local/lib/python3.8/site-packages/airflow/example_dags/example_branch_python_dop_operator_3.py
[2025-01-14T00:13:05.597+0000] {processor.py:830} INFO - Processing file /home/airflow/.local/lib/python3.8/site-packages/airflow/example_dags/example_branch_python_dop_operator_3.py for tasks to queue
[2025-01-14T00:13:05.598+0000] {logging_mixin.py:188} INFO - [2025-01-14T00:13:05.598+0000] {dagbag.py:538} INFO - Filling up the DagBag from /home/airflow/.local/lib/python3.8/site-packages/airflow/example_dags/example_branch_python_dop_operator_3.py
[2025-01-14T00:13:05.603+0000] {processor.py:840} INFO - DAG(s) 'example_branch_dop_operator_v3' retrieved from /home/airflow/.local/lib/python3.8/site-packages/airflow/example_dags/example_branch_python_dop_operator_3.py
[2025-01-14T00:13:05.616+0000] {logging_mixin.py:188} INFO - [2025-01-14T00:13:05.615+0000] {dag.py:3036} INFO - Sync 1 DAGs
[2025-01-14T00:13:05.632+0000] {logging_mixin.py:188} INFO - [2025-01-14T00:13:05.632+0000] {dag.py:3823} INFO - Setting next_dagrun for example_branch_dop_operator_v3 to 2025-01-14 00:12:00+00:00, run_after=2025-01-14 00:13:00+00:00
[2025-01-14T00:13:05.646+0000] {processor.py:183} INFO - Processing /home/airflow/.local/lib/python3.8/site-packages/airflow/example_dags/example_branch_python_dop_operator_3.py took 0.051 seconds
[2025-01-14T00:13:36.707+0000] {processor.py:161} INFO - Started process (PID=893) to work on /home/airflow/.local/lib/python3.8/site-packages/airflow/example_dags/example_branch_python_dop_operator_3.py
[2025-01-14T00:13:36.708+0000] {processor.py:830} INFO - Processing file /home/airflow/.local/lib/python3.8/site-packages/airflow/example_dags/example_branch_python_dop_operator_3.py for tasks to queue
[2025-01-14T00:13:36.709+0000] {logging_mixin.py:188} INFO - [2025-01-14T00:13:36.709+0000] {dagbag.py:538} INFO - Filling up the DagBag from /home/airflow/.local/lib/python3.8/site-packages/airflow/example_dags/example_branch_python_dop_operator_3.py
[2025-01-14T00:13:36.714+0000] {processor.py:840} INFO - DAG(s) 'example_branch_dop_operator_v3' retrieved from /home/airflow/.local/lib/python3.8/site-packages/airflow/example_dags/example_branch_python_dop_operator_3.py
[2025-01-14T00:13:36.727+0000] {logging_mixin.py:188} INFO - [2025-01-14T00:13:36.727+0000] {dag.py:3036} INFO - Sync 1 DAGs
[2025-01-14T00:13:36.743+0000] {logging_mixin.py:188} INFO - [2025-01-14T00:13:36.742+0000] {dag.py:3823} INFO - Setting next_dagrun for example_branch_dop_operator_v3 to 2025-01-14 00:12:00+00:00, run_after=2025-01-14 00:13:00+00:00
[2025-01-14T00:13:36.756+0000] {processor.py:183} INFO - Processing /home/airflow/.local/lib/python3.8/site-packages/airflow/example_dags/example_branch_python_dop_operator_3.py took 0.051 seconds
[2025-01-14T00:14:07.008+0000] {processor.py:161} INFO - Started process (PID=952) to work on /home/airflow/.local/lib/python3.8/site-packages/airflow/example_dags/example_branch_python_dop_operator_3.py
[2025-01-14T00:14:07.008+0000] {processor.py:830} INFO - Processing file /home/airflow/.local/lib/python3.8/site-packages/airflow/example_dags/example_branch_python_dop_operator_3.py for tasks to queue
[2025-01-14T00:14:07.010+0000] {logging_mixin.py:188} INFO - [2025-01-14T00:14:07.009+0000] {dagbag.py:538} INFO - Filling up the DagBag from /home/airflow/.local/lib/python3.8/site-packages/airflow/example_dags/example_branch_python_dop_operator_3.py
[2025-01-14T00:14:07.016+0000] {processor.py:840} INFO - DAG(s) 'example_branch_dop_operator_v3' retrieved from /home/airflow/.local/lib/python3.8/site-packages/airflow/example_dags/example_branch_python_dop_operator_3.py
[2025-01-14T00:14:07.030+0000] {logging_mixin.py:188} INFO - [2025-01-14T00:14:07.030+0000] {dag.py:3036} INFO - Sync 1 DAGs
[2025-01-14T00:14:07.047+0000] {logging_mixin.py:188} INFO - [2025-01-14T00:14:07.047+0000] {dag.py:3823} INFO - Setting next_dagrun for example_branch_dop_operator_v3 to 2025-01-14 00:13:00+00:00, run_after=2025-01-14 00:14:00+00:00
[2025-01-14T00:14:07.067+0000] {processor.py:183} INFO - Processing /home/airflow/.local/lib/python3.8/site-packages/airflow/example_dags/example_branch_python_dop_operator_3.py took 0.061 seconds
[2025-01-14T00:14:38.293+0000] {processor.py:161} INFO - Started process (PID=1011) to work on /home/airflow/.local/lib/python3.8/site-packages/airflow/example_dags/example_branch_python_dop_operator_3.py
[2025-01-14T00:14:38.293+0000] {processor.py:830} INFO - Processing file /home/airflow/.local/lib/python3.8/site-packages/airflow/example_dags/example_branch_python_dop_operator_3.py for tasks to queue
[2025-01-14T00:14:38.294+0000] {logging_mixin.py:188} INFO - [2025-01-14T00:14:38.294+0000] {dagbag.py:538} INFO - Filling up the DagBag from /home/airflow/.local/lib/python3.8/site-packages/airflow/example_dags/example_branch_python_dop_operator_3.py
[2025-01-14T00:14:38.300+0000] {processor.py:840} INFO - DAG(s) 'example_branch_dop_operator_v3' retrieved from /home/airflow/.local/lib/python3.8/site-packages/airflow/example_dags/example_branch_python_dop_operator_3.py
[2025-01-14T00:14:38.313+0000] {logging_mixin.py:188} INFO - [2025-01-14T00:14:38.313+0000] {dag.py:3036} INFO - Sync 1 DAGs
[2025-01-14T00:14:38.330+0000] {logging_mixin.py:188} INFO - [2025-01-14T00:14:38.330+0000] {dag.py:3823} INFO - Setting next_dagrun for example_branch_dop_operator_v3 to 2025-01-14 00:13:00+00:00, run_after=2025-01-14 00:14:00+00:00
[2025-01-14T00:14:38.343+0000] {processor.py:183} INFO - Processing /home/airflow/.local/lib/python3.8/site-packages/airflow/example_dags/example_branch_python_dop_operator_3.py took 0.053 seconds
[2025-01-14T00:15:09.451+0000] {processor.py:161} INFO - Started process (PID=1070) to work on /home/airflow/.local/lib/python3.8/site-packages/airflow/example_dags/example_branch_python_dop_operator_3.py
[2025-01-14T00:15:09.451+0000] {processor.py:830} INFO - Processing file /home/airflow/.local/lib/python3.8/site-packages/airflow/example_dags/example_branch_python_dop_operator_3.py for tasks to queue
[2025-01-14T00:15:09.452+0000] {logging_mixin.py:188} INFO - [2025-01-14T00:15:09.452+0000] {dagbag.py:538} INFO - Filling up the DagBag from /home/airflow/.local/lib/python3.8/site-packages/airflow/example_dags/example_branch_python_dop_operator_3.py
[2025-01-14T00:15:09.458+0000] {processor.py:840} INFO - DAG(s) 'example_branch_dop_operator_v3' retrieved from /home/airflow/.local/lib/python3.8/site-packages/airflow/example_dags/example_branch_python_dop_operator_3.py
[2025-01-14T00:15:09.471+0000] {logging_mixin.py:188} INFO - [2025-01-14T00:15:09.471+0000] {dag.py:3036} INFO - Sync 1 DAGs
[2025-01-14T00:15:09.487+0000] {logging_mixin.py:188} INFO - [2025-01-14T00:15:09.487+0000] {dag.py:3823} INFO - Setting next_dagrun for example_branch_dop_operator_v3 to 2025-01-14 00:14:00+00:00, run_after=2025-01-14 00:15:00+00:00
[2025-01-14T00:15:09.501+0000] {processor.py:183} INFO - Processing /home/airflow/.local/lib/python3.8/site-packages/airflow/example_dags/example_branch_python_dop_operator_3.py took 0.052 seconds
[2025-01-14T00:15:40.724+0000] {processor.py:161} INFO - Started process (PID=1129) to work on /home/airflow/.local/lib/python3.8/site-packages/airflow/example_dags/example_branch_python_dop_operator_3.py
[2025-01-14T00:15:40.724+0000] {processor.py:830} INFO - Processing file /home/airflow/.local/lib/python3.8/site-packages/airflow/example_dags/example_branch_python_dop_operator_3.py for tasks to queue
[2025-01-14T00:15:40.725+0000] {logging_mixin.py:188} INFO - [2025-01-14T00:15:40.725+0000] {dagbag.py:538} INFO - Filling up the DagBag from /home/airflow/.local/lib/python3.8/site-packages/airflow/example_dags/example_branch_python_dop_operator_3.py
[2025-01-14T00:15:40.731+0000] {processor.py:840} INFO - DAG(s) 'example_branch_dop_operator_v3' retrieved from /home/airflow/.local/lib/python3.8/site-packages/airflow/example_dags/example_branch_python_dop_operator_3.py
[2025-01-14T00:15:40.743+0000] {logging_mixin.py:188} INFO - [2025-01-14T00:15:40.743+0000] {dag.py:3036} INFO - Sync 1 DAGs
[2025-01-14T00:15:40.759+0000] {logging_mixin.py:188} INFO - [2025-01-14T00:15:40.759+0000] {dag.py:3823} INFO - Setting next_dagrun for example_branch_dop_operator_v3 to 2025-01-14 00:14:00+00:00, run_after=2025-01-14 00:15:00+00:00
[2025-01-14T00:15:40.772+0000] {processor.py:183} INFO - Processing /home/airflow/.local/lib/python3.8/site-packages/airflow/example_dags/example_branch_python_dop_operator_3.py took 0.050 seconds
[2025-01-14T00:16:12.070+0000] {processor.py:161} INFO - Started process (PID=1188) to work on /home/airflow/.local/lib/python3.8/site-packages/airflow/example_dags/example_branch_python_dop_operator_3.py
[2025-01-14T00:16:12.071+0000] {processor.py:830} INFO - Processing file /home/airflow/.local/lib/python3.8/site-packages/airflow/example_dags/example_branch_python_dop_operator_3.py for tasks to queue
[2025-01-14T00:16:12.072+0000] {logging_mixin.py:188} INFO - [2025-01-14T00:16:12.072+0000] {dagbag.py:538} INFO - Filling up the DagBag from /home/airflow/.local/lib/python3.8/site-packages/airflow/example_dags/example_branch_python_dop_operator_3.py
[2025-01-14T00:16:12.079+0000] {processor.py:840} INFO - DAG(s) 'example_branch_dop_operator_v3' retrieved from /home/airflow/.local/lib/python3.8/site-packages/airflow/example_dags/example_branch_python_dop_operator_3.py
[2025-01-14T00:16:12.093+0000] {logging_mixin.py:188} INFO - [2025-01-14T00:16:12.092+0000] {dag.py:3036} INFO - Sync 1 DAGs
[2025-01-14T00:16:12.108+0000] {logging_mixin.py:188} INFO - [2025-01-14T00:16:12.108+0000] {dag.py:3823} INFO - Setting next_dagrun for example_branch_dop_operator_v3 to 2025-01-14 00:15:00+00:00, run_after=2025-01-14 00:16:00+00:00
[2025-01-14T00:16:12.121+0000] {processor.py:183} INFO - Processing /home/airflow/.local/lib/python3.8/site-packages/airflow/example_dags/example_branch_python_dop_operator_3.py took 0.053 seconds
[2025-01-14T00:16:43.257+0000] {processor.py:161} INFO - Started process (PID=1253) to work on /home/airflow/.local/lib/python3.8/site-packages/airflow/example_dags/example_branch_python_dop_operator_3.py
[2025-01-14T00:16:43.258+0000] {processor.py:830} INFO - Processing file /home/airflow/.local/lib/python3.8/site-packages/airflow/example_dags/example_branch_python_dop_operator_3.py for tasks to queue
[2025-01-14T00:16:43.259+0000] {logging_mixin.py:188} INFO - [2025-01-14T00:16:43.259+0000] {dagbag.py:538} INFO - Filling up the DagBag from /home/airflow/.local/lib/python3.8/site-packages/airflow/example_dags/example_branch_python_dop_operator_3.py
[2025-01-14T00:16:43.265+0000] {processor.py:840} INFO - DAG(s) 'example_branch_dop_operator_v3' retrieved from /home/airflow/.local/lib/python3.8/site-packages/airflow/example_dags/example_branch_python_dop_operator_3.py
[2025-01-14T00:16:43.278+0000] {logging_mixin.py:188} INFO - [2025-01-14T00:16:43.277+0000] {dag.py:3036} INFO - Sync 1 DAGs
[2025-01-14T00:16:43.294+0000] {logging_mixin.py:188} INFO - [2025-01-14T00:16:43.294+0000] {dag.py:3823} INFO - Setting next_dagrun for example_branch_dop_operator_v3 to 2025-01-14 00:15:00+00:00, run_after=2025-01-14 00:16:00+00:00
[2025-01-14T00:16:43.307+0000] {processor.py:183} INFO - Processing /home/airflow/.local/lib/python3.8/site-packages/airflow/example_dags/example_branch_python_dop_operator_3.py took 0.051 seconds
[2025-01-14T00:17:14.405+0000] {processor.py:161} INFO - Started process (PID=1312) to work on /home/airflow/.local/lib/python3.8/site-packages/airflow/example_dags/example_branch_python_dop_operator_3.py
[2025-01-14T00:17:14.405+0000] {processor.py:830} INFO - Processing file /home/airflow/.local/lib/python3.8/site-packages/airflow/example_dags/example_branch_python_dop_operator_3.py for tasks to queue
[2025-01-14T00:17:14.407+0000] {logging_mixin.py:188} INFO - [2025-01-14T00:17:14.406+0000] {dagbag.py:538} INFO - Filling up the DagBag from /home/airflow/.local/lib/python3.8/site-packages/airflow/example_dags/example_branch_python_dop_operator_3.py
[2025-01-14T00:17:14.412+0000] {processor.py:840} INFO - DAG(s) 'example_branch_dop_operator_v3' retrieved from /home/airflow/.local/lib/python3.8/site-packages/airflow/example_dags/example_branch_python_dop_operator_3.py
[2025-01-14T00:17:14.424+0000] {logging_mixin.py:188} INFO - [2025-01-14T00:17:14.424+0000] {dag.py:3036} INFO - Sync 1 DAGs
[2025-01-14T00:17:14.439+0000] {logging_mixin.py:188} INFO - [2025-01-14T00:17:14.439+0000] {dag.py:3823} INFO - Setting next_dagrun for example_branch_dop_operator_v3 to 2025-01-14 00:16:00+00:00, run_after=2025-01-14 00:17:00+00:00
[2025-01-14T00:17:14.452+0000] {processor.py:183} INFO - Processing /home/airflow/.local/lib/python3.8/site-packages/airflow/example_dags/example_branch_python_dop_operator_3.py took 0.049 seconds
[2025-01-14T00:17:45.519+0000] {processor.py:161} INFO - Started process (PID=1371) to work on /home/airflow/.local/lib/python3.8/site-packages/airflow/example_dags/example_branch_python_dop_operator_3.py
[2025-01-14T00:17:45.520+0000] {processor.py:830} INFO - Processing file /home/airflow/.local/lib/python3.8/site-packages/airflow/example_dags/example_branch_python_dop_operator_3.py for tasks to queue
[2025-01-14T00:17:45.521+0000] {logging_mixin.py:188} INFO - [2025-01-14T00:17:45.521+0000] {dagbag.py:538} INFO - Filling up the DagBag from /home/airflow/.local/lib/python3.8/site-packages/airflow/example_dags/example_branch_python_dop_operator_3.py
[2025-01-14T00:17:45.527+0000] {processor.py:840} INFO - DAG(s) 'example_branch_dop_operator_v3' retrieved from /home/airflow/.local/lib/python3.8/site-packages/airflow/example_dags/example_branch_python_dop_operator_3.py
[2025-01-14T00:17:45.539+0000] {logging_mixin.py:188} INFO - [2025-01-14T00:17:45.539+0000] {dag.py:3036} INFO - Sync 1 DAGs
[2025-01-14T00:17:45.554+0000] {logging_mixin.py:188} INFO - [2025-01-14T00:17:45.554+0000] {dag.py:3823} INFO - Setting next_dagrun for example_branch_dop_operator_v3 to 2025-01-14 00:16:00+00:00, run_after=2025-01-14 00:17:00+00:00
[2025-01-14T00:17:45.566+0000] {processor.py:183} INFO - Processing /home/airflow/.local/lib/python3.8/site-packages/airflow/example_dags/example_branch_python_dop_operator_3.py took 0.049 seconds
[2025-01-14T00:18:15.920+0000] {processor.py:161} INFO - Started process (PID=1430) to work on /home/airflow/.local/lib/python3.8/site-packages/airflow/example_dags/example_branch_python_dop_operator_3.py
[2025-01-14T00:18:15.921+0000] {processor.py:830} INFO - Processing file /home/airflow/.local/lib/python3.8/site-packages/airflow/example_dags/example_branch_python_dop_operator_3.py for tasks to queue
[2025-01-14T00:18:15.922+0000] {logging_mixin.py:188} INFO - [2025-01-14T00:18:15.922+0000] {dagbag.py:538} INFO - Filling up the DagBag from /home/airflow/.local/lib/python3.8/site-packages/airflow/example_dags/example_branch_python_dop_operator_3.py
[2025-01-14T00:18:15.928+0000] {processor.py:840} INFO - DAG(s) 'example_branch_dop_operator_v3' retrieved from /home/airflow/.local/lib/python3.8/site-packages/airflow/example_dags/example_branch_python_dop_operator_3.py
[2025-01-14T00:18:15.942+0000] {logging_mixin.py:188} INFO - [2025-01-14T00:18:15.941+0000] {dag.py:3036} INFO - Sync 1 DAGs
[2025-01-14T00:18:15.959+0000] {logging_mixin.py:188} INFO - [2025-01-14T00:18:15.959+0000] {dag.py:3823} INFO - Setting next_dagrun for example_branch_dop_operator_v3 to 2025-01-14 00:17:00+00:00, run_after=2025-01-14 00:18:00+00:00
[2025-01-14T00:18:15.974+0000] {processor.py:183} INFO - Processing /home/airflow/.local/lib/python3.8/site-packages/airflow/example_dags/example_branch_python_dop_operator_3.py took 0.056 seconds
[2025-01-14T00:18:47.121+0000] {processor.py:161} INFO - Started process (PID=1489) to work on /home/airflow/.local/lib/python3.8/site-packages/airflow/example_dags/example_branch_python_dop_operator_3.py
[2025-01-14T00:18:47.122+0000] {processor.py:830} INFO - Processing file /home/airflow/.local/lib/python3.8/site-packages/airflow/example_dags/example_branch_python_dop_operator_3.py for tasks to queue
[2025-01-14T00:18:47.123+0000] {logging_mixin.py:188} INFO - [2025-01-14T00:18:47.122+0000] {dagbag.py:538} INFO - Filling up the DagBag from /home/airflow/.local/lib/python3.8/site-packages/airflow/example_dags/example_branch_python_dop_operator_3.py
[2025-01-14T00:18:47.129+0000] {processor.py:840} INFO - DAG(s) 'example_branch_dop_operator_v3' retrieved from /home/airflow/.local/lib/python3.8/site-packages/airflow/example_dags/example_branch_python_dop_operator_3.py
[2025-01-14T00:18:47.141+0000] {logging_mixin.py:188} INFO - [2025-01-14T00:18:47.141+0000] {dag.py:3036} INFO - Sync 1 DAGs
[2025-01-14T00:18:47.157+0000] {logging_mixin.py:188} INFO - [2025-01-14T00:18:47.156+0000] {dag.py:3823} INFO - Setting next_dagrun for example_branch_dop_operator_v3 to 2025-01-14 00:17:00+00:00, run_after=2025-01-14 00:18:00+00:00
[2025-01-14T00:18:47.170+0000] {processor.py:183} INFO - Processing /home/airflow/.local/lib/python3.8/site-packages/airflow/example_dags/example_branch_python_dop_operator_3.py took 0.051 seconds
[2025-01-14T00:19:18.191+0000] {processor.py:161} INFO - Started process (PID=1548) to work on /home/airflow/.local/lib/python3.8/site-packages/airflow/example_dags/example_branch_python_dop_operator_3.py
[2025-01-14T00:19:18.192+0000] {processor.py:830} INFO - Processing file /home/airflow/.local/lib/python3.8/site-packages/airflow/example_dags/example_branch_python_dop_operator_3.py for tasks to queue
[2025-01-14T00:19:18.193+0000] {logging_mixin.py:188} INFO - [2025-01-14T00:19:18.193+0000] {dagbag.py:538} INFO - Filling up the DagBag from /home/airflow/.local/lib/python3.8/site-packages/airflow/example_dags/example_branch_python_dop_operator_3.py
[2025-01-14T00:19:18.199+0000] {processor.py:840} INFO - DAG(s) 'example_branch_dop_operator_v3' retrieved from /home/airflow/.local/lib/python3.8/site-packages/airflow/example_dags/example_branch_python_dop_operator_3.py
[2025-01-14T00:19:18.213+0000] {logging_mixin.py:188} INFO - [2025-01-14T00:19:18.213+0000] {dag.py:3036} INFO - Sync 1 DAGs
[2025-01-14T00:19:18.229+0000] {logging_mixin.py:188} INFO - [2025-01-14T00:19:18.229+0000] {dag.py:3823} INFO - Setting next_dagrun for example_branch_dop_operator_v3 to 2025-01-14 00:18:00+00:00, run_after=2025-01-14 00:19:00+00:00
[2025-01-14T00:19:18.244+0000] {processor.py:183} INFO - Processing /home/airflow/.local/lib/python3.8/site-packages/airflow/example_dags/example_branch_python_dop_operator_3.py took 0.056 seconds
[2025-01-14T00:19:49.688+0000] {processor.py:161} INFO - Started process (PID=1607) to work on /home/airflow/.local/lib/python3.8/site-packages/airflow/example_dags/example_branch_python_dop_operator_3.py
[2025-01-14T00:19:49.689+0000] {processor.py:830} INFO - Processing file /home/airflow/.local/lib/python3.8/site-packages/airflow/example_dags/example_branch_python_dop_operator_3.py for tasks to queue
[2025-01-14T00:19:49.690+0000] {logging_mixin.py:188} INFO - [2025-01-14T00:19:49.690+0000] {dagbag.py:538} INFO - Filling up the DagBag from /home/airflow/.local/lib/python3.8/site-packages/airflow/example_dags/example_branch_python_dop_operator_3.py
[2025-01-14T00:19:49.695+0000] {processor.py:840} INFO - DAG(s) 'example_branch_dop_operator_v3' retrieved from /home/airflow/.local/lib/python3.8/site-packages/airflow/example_dags/example_branch_python_dop_operator_3.py
[2025-01-14T00:19:49.708+0000] {logging_mixin.py:188} INFO - [2025-01-14T00:19:49.708+0000] {dag.py:3036} INFO - Sync 1 DAGs
[2025-01-14T00:19:49.724+0000] {logging_mixin.py:188} INFO - [2025-01-14T00:19:49.724+0000] {dag.py:3823} INFO - Setting next_dagrun for example_branch_dop_operator_v3 to 2025-01-14 00:18:00+00:00, run_after=2025-01-14 00:19:00+00:00
[2025-01-14T00:19:49.737+0000] {processor.py:183} INFO - Processing /home/airflow/.local/lib/python3.8/site-packages/airflow/example_dags/example_branch_python_dop_operator_3.py took 0.051 seconds
[2025-01-14T00:20:21.203+0000] {processor.py:161} INFO - Started process (PID=1666) to work on /home/airflow/.local/lib/python3.8/site-packages/airflow/example_dags/example_branch_python_dop_operator_3.py
[2025-01-14T00:20:21.204+0000] {processor.py:830} INFO - Processing file /home/airflow/.local/lib/python3.8/site-packages/airflow/example_dags/example_branch_python_dop_operator_3.py for tasks to queue
[2025-01-14T00:20:21.206+0000] {logging_mixin.py:188} INFO - [2025-01-14T00:20:21.206+0000] {dagbag.py:538} INFO - Filling up the DagBag from /home/airflow/.local/lib/python3.8/site-packages/airflow/example_dags/example_branch_python_dop_operator_3.py
[2025-01-14T00:20:21.215+0000] {processor.py:840} INFO - DAG(s) 'example_branch_dop_operator_v3' retrieved from /home/airflow/.local/lib/python3.8/site-packages/airflow/example_dags/example_branch_python_dop_operator_3.py
[2025-01-14T00:20:21.231+0000] {logging_mixin.py:188} INFO - [2025-01-14T00:20:21.231+0000] {dag.py:3036} INFO - Sync 1 DAGs
[2025-01-14T00:20:21.254+0000] {logging_mixin.py:188} INFO - [2025-01-14T00:20:21.253+0000] {dag.py:3823} INFO - Setting next_dagrun for example_branch_dop_operator_v3 to 2025-01-14 00:19:00+00:00, run_after=2025-01-14 00:20:00+00:00
[2025-01-14T00:20:21.272+0000] {processor.py:183} INFO - Processing /home/airflow/.local/lib/python3.8/site-packages/airflow/example_dags/example_branch_python_dop_operator_3.py took 0.071 seconds
[2025-01-14T00:20:51.433+0000] {processor.py:161} INFO - Started process (PID=1725) to work on /home/airflow/.local/lib/python3.8/site-packages/airflow/example_dags/example_branch_python_dop_operator_3.py
[2025-01-14T00:20:51.433+0000] {processor.py:830} INFO - Processing file /home/airflow/.local/lib/python3.8/site-packages/airflow/example_dags/example_branch_python_dop_operator_3.py for tasks to queue
[2025-01-14T00:20:51.434+0000] {logging_mixin.py:188} INFO - [2025-01-14T00:20:51.434+0000] {dagbag.py:538} INFO - Filling up the DagBag from /home/airflow/.local/lib/python3.8/site-packages/airflow/example_dags/example_branch_python_dop_operator_3.py
[2025-01-14T00:20:51.440+0000] {processor.py:840} INFO - DAG(s) 'example_branch_dop_operator_v3' retrieved from /home/airflow/.local/lib/python3.8/site-packages/airflow/example_dags/example_branch_python_dop_operator_3.py
[2025-01-14T00:20:51.455+0000] {logging_mixin.py:188} INFO - [2025-01-14T00:20:51.455+0000] {dag.py:3036} INFO - Sync 1 DAGs
[2025-01-14T00:20:51.475+0000] {logging_mixin.py:188} INFO - [2025-01-14T00:20:51.475+0000] {dag.py:3823} INFO - Setting next_dagrun for example_branch_dop_operator_v3 to 2025-01-14 00:19:00+00:00, run_after=2025-01-14 00:20:00+00:00
[2025-01-14T00:20:51.491+0000] {processor.py:183} INFO - Processing /home/airflow/.local/lib/python3.8/site-packages/airflow/example_dags/example_branch_python_dop_operator_3.py took 0.061 seconds
[2025-01-14T00:21:22.489+0000] {processor.py:161} INFO - Started process (PID=1784) to work on /home/airflow/.local/lib/python3.8/site-packages/airflow/example_dags/example_branch_python_dop_operator_3.py
[2025-01-14T00:21:22.490+0000] {processor.py:830} INFO - Processing file /home/airflow/.local/lib/python3.8/site-packages/airflow/example_dags/example_branch_python_dop_operator_3.py for tasks to queue
[2025-01-14T00:21:22.491+0000] {logging_mixin.py:188} INFO - [2025-01-14T00:21:22.490+0000] {dagbag.py:538} INFO - Filling up the DagBag from /home/airflow/.local/lib/python3.8/site-packages/airflow/example_dags/example_branch_python_dop_operator_3.py
[2025-01-14T00:21:22.496+0000] {processor.py:840} INFO - DAG(s) 'example_branch_dop_operator_v3' retrieved from /home/airflow/.local/lib/python3.8/site-packages/airflow/example_dags/example_branch_python_dop_operator_3.py
[2025-01-14T00:21:22.508+0000] {logging_mixin.py:188} INFO - [2025-01-14T00:21:22.508+0000] {dag.py:3036} INFO - Sync 1 DAGs
[2025-01-14T00:21:22.524+0000] {logging_mixin.py:188} INFO - [2025-01-14T00:21:22.524+0000] {dag.py:3823} INFO - Setting next_dagrun for example_branch_dop_operator_v3 to 2025-01-14 00:20:00+00:00, run_after=2025-01-14 00:21:00+00:00
[2025-01-14T00:21:22.537+0000] {processor.py:183} INFO - Processing /home/airflow/.local/lib/python3.8/site-packages/airflow/example_dags/example_branch_python_dop_operator_3.py took 0.050 seconds
[2025-01-14T00:21:53.884+0000] {processor.py:161} INFO - Started process (PID=1843) to work on /home/airflow/.local/lib/python3.8/site-packages/airflow/example_dags/example_branch_python_dop_operator_3.py
[2025-01-14T00:21:53.884+0000] {processor.py:830} INFO - Processing file /home/airflow/.local/lib/python3.8/site-packages/airflow/example_dags/example_branch_python_dop_operator_3.py for tasks to queue
[2025-01-14T00:21:53.885+0000] {logging_mixin.py:188} INFO - [2025-01-14T00:21:53.885+0000] {dagbag.py:538} INFO - Filling up the DagBag from /home/airflow/.local/lib/python3.8/site-packages/airflow/example_dags/example_branch_python_dop_operator_3.py
[2025-01-14T00:21:53.891+0000] {processor.py:840} INFO - DAG(s) 'example_branch_dop_operator_v3' retrieved from /home/airflow/.local/lib/python3.8/site-packages/airflow/example_dags/example_branch_python_dop_operator_3.py
[2025-01-14T00:21:53.905+0000] {logging_mixin.py:188} INFO - [2025-01-14T00:21:53.904+0000] {dag.py:3036} INFO - Sync 1 DAGs
[2025-01-14T00:21:53.922+0000] {logging_mixin.py:188} INFO - [2025-01-14T00:21:53.921+0000] {dag.py:3823} INFO - Setting next_dagrun for example_branch_dop_operator_v3 to 2025-01-14 00:20:00+00:00, run_after=2025-01-14 00:21:00+00:00
[2025-01-14T00:21:53.934+0000] {processor.py:183} INFO - Processing /home/airflow/.local/lib/python3.8/site-packages/airflow/example_dags/example_branch_python_dop_operator_3.py took 0.052 seconds
[2025-01-14T00:22:25.050+0000] {processor.py:161} INFO - Started process (PID=1902) to work on /home/airflow/.local/lib/python3.8/site-packages/airflow/example_dags/example_branch_python_dop_operator_3.py
[2025-01-14T00:22:25.051+0000] {processor.py:830} INFO - Processing file /home/airflow/.local/lib/python3.8/site-packages/airflow/example_dags/example_branch_python_dop_operator_3.py for tasks to queue
[2025-01-14T00:22:25.052+0000] {logging_mixin.py:188} INFO - [2025-01-14T00:22:25.052+0000] {dagbag.py:538} INFO - Filling up the DagBag from /home/airflow/.local/lib/python3.8/site-packages/airflow/example_dags/example_branch_python_dop_operator_3.py
[2025-01-14T00:22:25.057+0000] {processor.py:840} INFO - DAG(s) 'example_branch_dop_operator_v3' retrieved from /home/airflow/.local/lib/python3.8/site-packages/airflow/example_dags/example_branch_python_dop_operator_3.py
[2025-01-14T00:22:25.071+0000] {logging_mixin.py:188} INFO - [2025-01-14T00:22:25.071+0000] {dag.py:3036} INFO - Sync 1 DAGs
[2025-01-14T00:22:25.087+0000] {logging_mixin.py:188} INFO - [2025-01-14T00:22:25.087+0000] {dag.py:3823} INFO - Setting next_dagrun for example_branch_dop_operator_v3 to 2025-01-14 00:21:00+00:00, run_after=2025-01-14 00:22:00+00:00
[2025-01-14T00:22:25.099+0000] {processor.py:183} INFO - Processing /home/airflow/.local/lib/python3.8/site-packages/airflow/example_dags/example_branch_python_dop_operator_3.py took 0.051 seconds
[2025-01-14T00:22:56.157+0000] {processor.py:161} INFO - Started process (PID=1961) to work on /home/airflow/.local/lib/python3.8/site-packages/airflow/example_dags/example_branch_python_dop_operator_3.py
[2025-01-14T00:22:56.158+0000] {processor.py:830} INFO - Processing file /home/airflow/.local/lib/python3.8/site-packages/airflow/example_dags/example_branch_python_dop_operator_3.py for tasks to queue
[2025-01-14T00:22:56.159+0000] {logging_mixin.py:188} INFO - [2025-01-14T00:22:56.159+0000] {dagbag.py:538} INFO - Filling up the DagBag from /home/airflow/.local/lib/python3.8/site-packages/airflow/example_dags/example_branch_python_dop_operator_3.py
[2025-01-14T00:22:56.164+0000] {processor.py:840} INFO - DAG(s) 'example_branch_dop_operator_v3' retrieved from /home/airflow/.local/lib/python3.8/site-packages/airflow/example_dags/example_branch_python_dop_operator_3.py
[2025-01-14T00:22:56.176+0000] {logging_mixin.py:188} INFO - [2025-01-14T00:22:56.176+0000] {dag.py:3036} INFO - Sync 1 DAGs
[2025-01-14T00:22:56.191+0000] {logging_mixin.py:188} INFO - [2025-01-14T00:22:56.191+0000] {dag.py:3823} INFO - Setting next_dagrun for example_branch_dop_operator_v3 to 2025-01-14 00:21:00+00:00, run_after=2025-01-14 00:22:00+00:00
[2025-01-14T00:22:56.203+0000] {processor.py:183} INFO - Processing /home/airflow/.local/lib/python3.8/site-packages/airflow/example_dags/example_branch_python_dop_operator_3.py took 0.048 seconds
[2025-01-14T00:23:27.360+0000] {processor.py:161} INFO - Started process (PID=2020) to work on /home/airflow/.local/lib/python3.8/site-packages/airflow/example_dags/example_branch_python_dop_operator_3.py
[2025-01-14T00:23:27.360+0000] {processor.py:830} INFO - Processing file /home/airflow/.local/lib/python3.8/site-packages/airflow/example_dags/example_branch_python_dop_operator_3.py for tasks to queue
[2025-01-14T00:23:27.361+0000] {logging_mixin.py:188} INFO - [2025-01-14T00:23:27.361+0000] {dagbag.py:538} INFO - Filling up the DagBag from /home/airflow/.local/lib/python3.8/site-packages/airflow/example_dags/example_branch_python_dop_operator_3.py
[2025-01-14T00:23:27.366+0000] {processor.py:840} INFO - DAG(s) 'example_branch_dop_operator_v3' retrieved from /home/airflow/.local/lib/python3.8/site-packages/airflow/example_dags/example_branch_python_dop_operator_3.py
[2025-01-14T00:23:27.379+0000] {logging_mixin.py:188} INFO - [2025-01-14T00:23:27.379+0000] {dag.py:3036} INFO - Sync 1 DAGs
[2025-01-14T00:23:27.395+0000] {logging_mixin.py:188} INFO - [2025-01-14T00:23:27.395+0000] {dag.py:3823} INFO - Setting next_dagrun for example_branch_dop_operator_v3 to 2025-01-14 00:22:00+00:00, run_after=2025-01-14 00:23:00+00:00
[2025-01-14T00:23:27.409+0000] {processor.py:183} INFO - Processing /home/airflow/.local/lib/python3.8/site-packages/airflow/example_dags/example_branch_python_dop_operator_3.py took 0.051 seconds
[2025-01-14T00:23:58.431+0000] {processor.py:161} INFO - Started process (PID=2079) to work on /home/airflow/.local/lib/python3.8/site-packages/airflow/example_dags/example_branch_python_dop_operator_3.py
[2025-01-14T00:23:58.432+0000] {processor.py:830} INFO - Processing file /home/airflow/.local/lib/python3.8/site-packages/airflow/example_dags/example_branch_python_dop_operator_3.py for tasks to queue
[2025-01-14T00:23:58.433+0000] {logging_mixin.py:188} INFO - [2025-01-14T00:23:58.432+0000] {dagbag.py:538} INFO - Filling up the DagBag from /home/airflow/.local/lib/python3.8/site-packages/airflow/example_dags/example_branch_python_dop_operator_3.py
[2025-01-14T00:23:58.438+0000] {processor.py:840} INFO - DAG(s) 'example_branch_dop_operator_v3' retrieved from /home/airflow/.local/lib/python3.8/site-packages/airflow/example_dags/example_branch_python_dop_operator_3.py
[2025-01-14T00:23:58.451+0000] {logging_mixin.py:188} INFO - [2025-01-14T00:23:58.450+0000] {dag.py:3036} INFO - Sync 1 DAGs
[2025-01-14T00:23:58.466+0000] {logging_mixin.py:188} INFO - [2025-01-14T00:23:58.466+0000] {dag.py:3823} INFO - Setting next_dagrun for example_branch_dop_operator_v3 to 2025-01-14 00:22:00+00:00, run_after=2025-01-14 00:23:00+00:00
[2025-01-14T00:23:58.479+0000] {processor.py:183} INFO - Processing /home/airflow/.local/lib/python3.8/site-packages/airflow/example_dags/example_branch_python_dop_operator_3.py took 0.050 seconds
[2025-01-14T00:24:29.613+0000] {processor.py:161} INFO - Started process (PID=2138) to work on /home/airflow/.local/lib/python3.8/site-packages/airflow/example_dags/example_branch_python_dop_operator_3.py
[2025-01-14T00:24:29.613+0000] {processor.py:830} INFO - Processing file /home/airflow/.local/lib/python3.8/site-packages/airflow/example_dags/example_branch_python_dop_operator_3.py for tasks to queue
[2025-01-14T00:24:29.614+0000] {logging_mixin.py:188} INFO - [2025-01-14T00:24:29.614+0000] {dagbag.py:538} INFO - Filling up the DagBag from /home/airflow/.local/lib/python3.8/site-packages/airflow/example_dags/example_branch_python_dop_operator_3.py
[2025-01-14T00:24:29.620+0000] {processor.py:840} INFO - DAG(s) 'example_branch_dop_operator_v3' retrieved from /home/airflow/.local/lib/python3.8/site-packages/airflow/example_dags/example_branch_python_dop_operator_3.py
[2025-01-14T00:24:29.635+0000] {logging_mixin.py:188} INFO - [2025-01-14T00:24:29.635+0000] {dag.py:3036} INFO - Sync 1 DAGs
[2025-01-14T00:24:29.656+0000] {logging_mixin.py:188} INFO - [2025-01-14T00:24:29.656+0000] {dag.py:3823} INFO - Setting next_dagrun for example_branch_dop_operator_v3 to 2025-01-14 00:23:00+00:00, run_after=2025-01-14 00:24:00+00:00
[2025-01-14T00:24:29.669+0000] {processor.py:183} INFO - Processing /home/airflow/.local/lib/python3.8/site-packages/airflow/example_dags/example_branch_python_dop_operator_3.py took 0.059 seconds
[2025-01-14T00:24:59.918+0000] {processor.py:161} INFO - Started process (PID=2197) to work on /home/airflow/.local/lib/python3.8/site-packages/airflow/example_dags/example_branch_python_dop_operator_3.py
[2025-01-14T00:24:59.918+0000] {processor.py:830} INFO - Processing file /home/airflow/.local/lib/python3.8/site-packages/airflow/example_dags/example_branch_python_dop_operator_3.py for tasks to queue
[2025-01-14T00:24:59.919+0000] {logging_mixin.py:188} INFO - [2025-01-14T00:24:59.919+0000] {dagbag.py:538} INFO - Filling up the DagBag from /home/airflow/.local/lib/python3.8/site-packages/airflow/example_dags/example_branch_python_dop_operator_3.py
[2025-01-14T00:24:59.925+0000] {processor.py:840} INFO - DAG(s) 'example_branch_dop_operator_v3' retrieved from /home/airflow/.local/lib/python3.8/site-packages/airflow/example_dags/example_branch_python_dop_operator_3.py
[2025-01-14T00:24:59.937+0000] {logging_mixin.py:188} INFO - [2025-01-14T00:24:59.937+0000] {dag.py:3036} INFO - Sync 1 DAGs
[2025-01-14T00:24:59.952+0000] {logging_mixin.py:188} INFO - [2025-01-14T00:24:59.952+0000] {dag.py:3823} INFO - Setting next_dagrun for example_branch_dop_operator_v3 to 2025-01-14 00:23:00+00:00, run_after=2025-01-14 00:24:00+00:00
[2025-01-14T00:24:59.964+0000] {processor.py:183} INFO - Processing /home/airflow/.local/lib/python3.8/site-packages/airflow/example_dags/example_branch_python_dop_operator_3.py took 0.048 seconds
[2025-01-14T00:25:30.987+0000] {processor.py:161} INFO - Started process (PID=2256) to work on /home/airflow/.local/lib/python3.8/site-packages/airflow/example_dags/example_branch_python_dop_operator_3.py
[2025-01-14T00:25:30.988+0000] {processor.py:830} INFO - Processing file /home/airflow/.local/lib/python3.8/site-packages/airflow/example_dags/example_branch_python_dop_operator_3.py for tasks to queue
[2025-01-14T00:25:30.989+0000] {logging_mixin.py:188} INFO - [2025-01-14T00:25:30.989+0000] {dagbag.py:538} INFO - Filling up the DagBag from /home/airflow/.local/lib/python3.8/site-packages/airflow/example_dags/example_branch_python_dop_operator_3.py
[2025-01-14T00:25:30.995+0000] {processor.py:840} INFO - DAG(s) 'example_branch_dop_operator_v3' retrieved from /home/airflow/.local/lib/python3.8/site-packages/airflow/example_dags/example_branch_python_dop_operator_3.py
[2025-01-14T00:25:31.007+0000] {logging_mixin.py:188} INFO - [2025-01-14T00:25:31.007+0000] {dag.py:3036} INFO - Sync 1 DAGs
[2025-01-14T00:25:31.023+0000] {logging_mixin.py:188} INFO - [2025-01-14T00:25:31.023+0000] {dag.py:3823} INFO - Setting next_dagrun for example_branch_dop_operator_v3 to 2025-01-14 00:24:00+00:00, run_after=2025-01-14 00:25:00+00:00
[2025-01-14T00:25:31.037+0000] {processor.py:183} INFO - Processing /home/airflow/.local/lib/python3.8/site-packages/airflow/example_dags/example_branch_python_dop_operator_3.py took 0.051 seconds
[2025-01-14T00:26:02.240+0000] {processor.py:161} INFO - Started process (PID=2315) to work on /home/airflow/.local/lib/python3.8/site-packages/airflow/example_dags/example_branch_python_dop_operator_3.py
[2025-01-14T00:26:02.241+0000] {processor.py:830} INFO - Processing file /home/airflow/.local/lib/python3.8/site-packages/airflow/example_dags/example_branch_python_dop_operator_3.py for tasks to queue
[2025-01-14T00:26:02.242+0000] {logging_mixin.py:188} INFO - [2025-01-14T00:26:02.242+0000] {dagbag.py:538} INFO - Filling up the DagBag from /home/airflow/.local/lib/python3.8/site-packages/airflow/example_dags/example_branch_python_dop_operator_3.py
[2025-01-14T00:26:02.247+0000] {processor.py:840} INFO - DAG(s) 'example_branch_dop_operator_v3' retrieved from /home/airflow/.local/lib/python3.8/site-packages/airflow/example_dags/example_branch_python_dop_operator_3.py
[2025-01-14T00:26:02.260+0000] {logging_mixin.py:188} INFO - [2025-01-14T00:26:02.260+0000] {dag.py:3036} INFO - Sync 1 DAGs
[2025-01-14T00:26:02.276+0000] {logging_mixin.py:188} INFO - [2025-01-14T00:26:02.276+0000] {dag.py:3823} INFO - Setting next_dagrun for example_branch_dop_operator_v3 to 2025-01-14 00:25:00+00:00, run_after=2025-01-14 00:26:00+00:00
[2025-01-14T00:26:02.289+0000] {processor.py:183} INFO - Processing /home/airflow/.local/lib/python3.8/site-packages/airflow/example_dags/example_branch_python_dop_operator_3.py took 0.051 seconds
[2025-01-14T00:26:32.850+0000] {processor.py:161} INFO - Started process (PID=2376) to work on /home/airflow/.local/lib/python3.8/site-packages/airflow/example_dags/example_branch_python_dop_operator_3.py
[2025-01-14T00:26:32.851+0000] {processor.py:830} INFO - Processing file /home/airflow/.local/lib/python3.8/site-packages/airflow/example_dags/example_branch_python_dop_operator_3.py for tasks to queue
[2025-01-14T00:26:32.852+0000] {logging_mixin.py:188} INFO - [2025-01-14T00:26:32.852+0000] {dagbag.py:538} INFO - Filling up the DagBag from /home/airflow/.local/lib/python3.8/site-packages/airflow/example_dags/example_branch_python_dop_operator_3.py
[2025-01-14T00:26:32.858+0000] {processor.py:840} INFO - DAG(s) 'example_branch_dop_operator_v3' retrieved from /home/airflow/.local/lib/python3.8/site-packages/airflow/example_dags/example_branch_python_dop_operator_3.py
[2025-01-14T00:26:32.873+0000] {logging_mixin.py:188} INFO - [2025-01-14T00:26:32.872+0000] {dag.py:3036} INFO - Sync 1 DAGs
[2025-01-14T00:26:32.891+0000] {logging_mixin.py:188} INFO - [2025-01-14T00:26:32.891+0000] {dag.py:3823} INFO - Setting next_dagrun for example_branch_dop_operator_v3 to 2025-01-14 00:25:00+00:00, run_after=2025-01-14 00:26:00+00:00
[2025-01-14T00:26:32.905+0000] {processor.py:183} INFO - Processing /home/airflow/.local/lib/python3.8/site-packages/airflow/example_dags/example_branch_python_dop_operator_3.py took 0.058 seconds
[2025-01-14T00:27:03.823+0000] {processor.py:161} INFO - Started process (PID=2435) to work on /home/airflow/.local/lib/python3.8/site-packages/airflow/example_dags/example_branch_python_dop_operator_3.py
[2025-01-14T00:27:03.823+0000] {processor.py:830} INFO - Processing file /home/airflow/.local/lib/python3.8/site-packages/airflow/example_dags/example_branch_python_dop_operator_3.py for tasks to queue
[2025-01-14T00:27:03.825+0000] {logging_mixin.py:188} INFO - [2025-01-14T00:27:03.824+0000] {dagbag.py:538} INFO - Filling up the DagBag from /home/airflow/.local/lib/python3.8/site-packages/airflow/example_dags/example_branch_python_dop_operator_3.py
[2025-01-14T00:27:03.830+0000] {processor.py:840} INFO - DAG(s) 'example_branch_dop_operator_v3' retrieved from /home/airflow/.local/lib/python3.8/site-packages/airflow/example_dags/example_branch_python_dop_operator_3.py
[2025-01-14T00:27:03.844+0000] {logging_mixin.py:188} INFO - [2025-01-14T00:27:03.843+0000] {dag.py:3036} INFO - Sync 1 DAGs
[2025-01-14T00:27:03.860+0000] {logging_mixin.py:188} INFO - [2025-01-14T00:27:03.860+0000] {dag.py:3823} INFO - Setting next_dagrun for example_branch_dop_operator_v3 to 2025-01-14 00:26:00+00:00, run_after=2025-01-14 00:27:00+00:00
[2025-01-14T00:27:03.874+0000] {processor.py:183} INFO - Processing /home/airflow/.local/lib/python3.8/site-packages/airflow/example_dags/example_branch_python_dop_operator_3.py took 0.053 seconds
[2025-01-14T00:27:34.700+0000] {processor.py:161} INFO - Started process (PID=2494) to work on /home/airflow/.local/lib/python3.8/site-packages/airflow/example_dags/example_branch_python_dop_operator_3.py
[2025-01-14T00:27:34.700+0000] {processor.py:830} INFO - Processing file /home/airflow/.local/lib/python3.8/site-packages/airflow/example_dags/example_branch_python_dop_operator_3.py for tasks to queue
[2025-01-14T00:27:34.702+0000] {logging_mixin.py:188} INFO - [2025-01-14T00:27:34.701+0000] {dagbag.py:538} INFO - Filling up the DagBag from /home/airflow/.local/lib/python3.8/site-packages/airflow/example_dags/example_branch_python_dop_operator_3.py
[2025-01-14T00:27:34.708+0000] {processor.py:840} INFO - DAG(s) 'example_branch_dop_operator_v3' retrieved from /home/airflow/.local/lib/python3.8/site-packages/airflow/example_dags/example_branch_python_dop_operator_3.py
[2025-01-14T00:27:34.723+0000] {logging_mixin.py:188} INFO - [2025-01-14T00:27:34.723+0000] {dag.py:3036} INFO - Sync 1 DAGs
[2025-01-14T00:27:34.743+0000] {logging_mixin.py:188} INFO - [2025-01-14T00:27:34.742+0000] {dag.py:3823} INFO - Setting next_dagrun for example_branch_dop_operator_v3 to 2025-01-14 00:26:00+00:00, run_after=2025-01-14 00:27:00+00:00
[2025-01-14T00:27:34.758+0000] {processor.py:183} INFO - Processing /home/airflow/.local/lib/python3.8/site-packages/airflow/example_dags/example_branch_python_dop_operator_3.py took 0.060 seconds
[2025-01-14T00:28:05.143+0000] {processor.py:161} INFO - Started process (PID=2553) to work on /home/airflow/.local/lib/python3.8/site-packages/airflow/example_dags/example_branch_python_dop_operator_3.py
[2025-01-14T00:28:05.143+0000] {processor.py:830} INFO - Processing file /home/airflow/.local/lib/python3.8/site-packages/airflow/example_dags/example_branch_python_dop_operator_3.py for tasks to queue
[2025-01-14T00:28:05.145+0000] {logging_mixin.py:188} INFO - [2025-01-14T00:28:05.144+0000] {dagbag.py:538} INFO - Filling up the DagBag from /home/airflow/.local/lib/python3.8/site-packages/airflow/example_dags/example_branch_python_dop_operator_3.py
[2025-01-14T00:28:05.151+0000] {processor.py:840} INFO - DAG(s) 'example_branch_dop_operator_v3' retrieved from /home/airflow/.local/lib/python3.8/site-packages/airflow/example_dags/example_branch_python_dop_operator_3.py
[2025-01-14T00:28:05.165+0000] {logging_mixin.py:188} INFO - [2025-01-14T00:28:05.165+0000] {dag.py:3036} INFO - Sync 1 DAGs
[2025-01-14T00:28:05.182+0000] {logging_mixin.py:188} INFO - [2025-01-14T00:28:05.182+0000] {dag.py:3823} INFO - Setting next_dagrun for example_branch_dop_operator_v3 to 2025-01-14 00:27:00+00:00, run_after=2025-01-14 00:28:00+00:00
[2025-01-14T00:28:05.197+0000] {processor.py:183} INFO - Processing /home/airflow/.local/lib/python3.8/site-packages/airflow/example_dags/example_branch_python_dop_operator_3.py took 0.057 seconds
[2025-01-14T00:28:36.481+0000] {processor.py:161} INFO - Started process (PID=2612) to work on /home/airflow/.local/lib/python3.8/site-packages/airflow/example_dags/example_branch_python_dop_operator_3.py
[2025-01-14T00:28:36.482+0000] {processor.py:830} INFO - Processing file /home/airflow/.local/lib/python3.8/site-packages/airflow/example_dags/example_branch_python_dop_operator_3.py for tasks to queue
[2025-01-14T00:28:36.484+0000] {logging_mixin.py:188} INFO - [2025-01-14T00:28:36.483+0000] {dagbag.py:538} INFO - Filling up the DagBag from /home/airflow/.local/lib/python3.8/site-packages/airflow/example_dags/example_branch_python_dop_operator_3.py
[2025-01-14T00:28:36.491+0000] {processor.py:840} INFO - DAG(s) 'example_branch_dop_operator_v3' retrieved from /home/airflow/.local/lib/python3.8/site-packages/airflow/example_dags/example_branch_python_dop_operator_3.py
[2025-01-14T00:28:36.507+0000] {logging_mixin.py:188} INFO - [2025-01-14T00:28:36.507+0000] {dag.py:3036} INFO - Sync 1 DAGs
[2025-01-14T00:28:36.527+0000] {logging_mixin.py:188} INFO - [2025-01-14T00:28:36.527+0000] {dag.py:3823} INFO - Setting next_dagrun for example_branch_dop_operator_v3 to 2025-01-14 00:27:00+00:00, run_after=2025-01-14 00:28:00+00:00
[2025-01-14T00:28:36.542+0000] {processor.py:183} INFO - Processing /home/airflow/.local/lib/python3.8/site-packages/airflow/example_dags/example_branch_python_dop_operator_3.py took 0.064 seconds
[2025-01-14T00:29:07.327+0000] {processor.py:161} INFO - Started process (PID=2671) to work on /home/airflow/.local/lib/python3.8/site-packages/airflow/example_dags/example_branch_python_dop_operator_3.py
[2025-01-14T00:29:07.328+0000] {processor.py:830} INFO - Processing file /home/airflow/.local/lib/python3.8/site-packages/airflow/example_dags/example_branch_python_dop_operator_3.py for tasks to queue
[2025-01-14T00:29:07.329+0000] {logging_mixin.py:188} INFO - [2025-01-14T00:29:07.329+0000] {dagbag.py:538} INFO - Filling up the DagBag from /home/airflow/.local/lib/python3.8/site-packages/airflow/example_dags/example_branch_python_dop_operator_3.py
[2025-01-14T00:29:07.335+0000] {processor.py:840} INFO - DAG(s) 'example_branch_dop_operator_v3' retrieved from /home/airflow/.local/lib/python3.8/site-packages/airflow/example_dags/example_branch_python_dop_operator_3.py
[2025-01-14T00:29:07.448+0000] {logging_mixin.py:188} INFO - [2025-01-14T00:29:07.448+0000] {dag.py:3036} INFO - Sync 1 DAGs
[2025-01-14T00:29:07.463+0000] {logging_mixin.py:188} INFO - [2025-01-14T00:29:07.463+0000] {dag.py:3823} INFO - Setting next_dagrun for example_branch_dop_operator_v3 to 2025-01-14 00:28:00+00:00, run_after=2025-01-14 00:29:00+00:00
[2025-01-14T00:29:07.477+0000] {processor.py:183} INFO - Processing /home/airflow/.local/lib/python3.8/site-packages/airflow/example_dags/example_branch_python_dop_operator_3.py took 0.152 seconds
[2025-01-14T00:29:37.586+0000] {processor.py:161} INFO - Started process (PID=2730) to work on /home/airflow/.local/lib/python3.8/site-packages/airflow/example_dags/example_branch_python_dop_operator_3.py
[2025-01-14T00:29:37.587+0000] {processor.py:830} INFO - Processing file /home/airflow/.local/lib/python3.8/site-packages/airflow/example_dags/example_branch_python_dop_operator_3.py for tasks to queue
[2025-01-14T00:29:37.588+0000] {logging_mixin.py:188} INFO - [2025-01-14T00:29:37.588+0000] {dagbag.py:538} INFO - Filling up the DagBag from /home/airflow/.local/lib/python3.8/site-packages/airflow/example_dags/example_branch_python_dop_operator_3.py
[2025-01-14T00:29:37.595+0000] {processor.py:840} INFO - DAG(s) 'example_branch_dop_operator_v3' retrieved from /home/airflow/.local/lib/python3.8/site-packages/airflow/example_dags/example_branch_python_dop_operator_3.py
[2025-01-14T00:29:37.611+0000] {logging_mixin.py:188} INFO - [2025-01-14T00:29:37.611+0000] {dag.py:3036} INFO - Sync 1 DAGs
[2025-01-14T00:29:37.632+0000] {logging_mixin.py:188} INFO - [2025-01-14T00:29:37.632+0000] {dag.py:3823} INFO - Setting next_dagrun for example_branch_dop_operator_v3 to 2025-01-14 00:28:00+00:00, run_after=2025-01-14 00:29:00+00:00
[2025-01-14T00:29:37.646+0000] {processor.py:183} INFO - Processing /home/airflow/.local/lib/python3.8/site-packages/airflow/example_dags/example_branch_python_dop_operator_3.py took 0.062 seconds
[2025-01-14T00:30:08.402+0000] {processor.py:161} INFO - Started process (PID=2789) to work on /home/airflow/.local/lib/python3.8/site-packages/airflow/example_dags/example_branch_python_dop_operator_3.py
[2025-01-14T00:30:08.403+0000] {processor.py:830} INFO - Processing file /home/airflow/.local/lib/python3.8/site-packages/airflow/example_dags/example_branch_python_dop_operator_3.py for tasks to queue
[2025-01-14T00:30:08.404+0000] {logging_mixin.py:188} INFO - [2025-01-14T00:30:08.404+0000] {dagbag.py:538} INFO - Filling up the DagBag from /home/airflow/.local/lib/python3.8/site-packages/airflow/example_dags/example_branch_python_dop_operator_3.py
[2025-01-14T00:30:08.410+0000] {processor.py:840} INFO - DAG(s) 'example_branch_dop_operator_v3' retrieved from /home/airflow/.local/lib/python3.8/site-packages/airflow/example_dags/example_branch_python_dop_operator_3.py
[2025-01-14T00:30:08.424+0000] {logging_mixin.py:188} INFO - [2025-01-14T00:30:08.424+0000] {dag.py:3036} INFO - Sync 1 DAGs
[2025-01-14T00:30:08.440+0000] {logging_mixin.py:188} INFO - [2025-01-14T00:30:08.440+0000] {dag.py:3823} INFO - Setting next_dagrun for example_branch_dop_operator_v3 to 2025-01-14 00:29:00+00:00, run_after=2025-01-14 00:30:00+00:00
[2025-01-14T00:30:08.453+0000] {processor.py:183} INFO - Processing /home/airflow/.local/lib/python3.8/site-packages/airflow/example_dags/example_branch_python_dop_operator_3.py took 0.053 seconds
[2025-01-14T00:30:39.202+0000] {processor.py:161} INFO - Started process (PID=2848) to work on /home/airflow/.local/lib/python3.8/site-packages/airflow/example_dags/example_branch_python_dop_operator_3.py
[2025-01-14T00:30:39.203+0000] {processor.py:830} INFO - Processing file /home/airflow/.local/lib/python3.8/site-packages/airflow/example_dags/example_branch_python_dop_operator_3.py for tasks to queue
[2025-01-14T00:30:39.204+0000] {logging_mixin.py:188} INFO - [2025-01-14T00:30:39.203+0000] {dagbag.py:538} INFO - Filling up the DagBag from /home/airflow/.local/lib/python3.8/site-packages/airflow/example_dags/example_branch_python_dop_operator_3.py
[2025-01-14T00:30:39.209+0000] {processor.py:840} INFO - DAG(s) 'example_branch_dop_operator_v3' retrieved from /home/airflow/.local/lib/python3.8/site-packages/airflow/example_dags/example_branch_python_dop_operator_3.py
[2025-01-14T00:30:39.223+0000] {logging_mixin.py:188} INFO - [2025-01-14T00:30:39.222+0000] {dag.py:3036} INFO - Sync 1 DAGs
[2025-01-14T00:30:39.239+0000] {logging_mixin.py:188} INFO - [2025-01-14T00:30:39.239+0000] {dag.py:3823} INFO - Setting next_dagrun for example_branch_dop_operator_v3 to 2025-01-14 00:29:00+00:00, run_after=2025-01-14 00:30:00+00:00
[2025-01-14T00:30:39.252+0000] {processor.py:183} INFO - Processing /home/airflow/.local/lib/python3.8/site-packages/airflow/example_dags/example_branch_python_dop_operator_3.py took 0.053 seconds
[2025-01-14T00:31:10.060+0000] {processor.py:161} INFO - Started process (PID=2907) to work on /home/airflow/.local/lib/python3.8/site-packages/airflow/example_dags/example_branch_python_dop_operator_3.py
[2025-01-14T00:31:10.061+0000] {processor.py:830} INFO - Processing file /home/airflow/.local/lib/python3.8/site-packages/airflow/example_dags/example_branch_python_dop_operator_3.py for tasks to queue
[2025-01-14T00:31:10.062+0000] {logging_mixin.py:188} INFO - [2025-01-14T00:31:10.062+0000] {dagbag.py:538} INFO - Filling up the DagBag from /home/airflow/.local/lib/python3.8/site-packages/airflow/example_dags/example_branch_python_dop_operator_3.py
[2025-01-14T00:31:10.068+0000] {processor.py:840} INFO - DAG(s) 'example_branch_dop_operator_v3' retrieved from /home/airflow/.local/lib/python3.8/site-packages/airflow/example_dags/example_branch_python_dop_operator_3.py
[2025-01-14T00:31:10.081+0000] {logging_mixin.py:188} INFO - [2025-01-14T00:31:10.081+0000] {dag.py:3036} INFO - Sync 1 DAGs
[2025-01-14T00:31:10.097+0000] {logging_mixin.py:188} INFO - [2025-01-14T00:31:10.097+0000] {dag.py:3823} INFO - Setting next_dagrun for example_branch_dop_operator_v3 to 2025-01-14 00:30:00+00:00, run_after=2025-01-14 00:31:00+00:00
[2025-01-14T00:31:10.109+0000] {processor.py:183} INFO - Processing /home/airflow/.local/lib/python3.8/site-packages/airflow/example_dags/example_branch_python_dop_operator_3.py took 0.051 seconds
[2025-01-14T00:31:40.787+0000] {processor.py:161} INFO - Started process (PID=2966) to work on /home/airflow/.local/lib/python3.8/site-packages/airflow/example_dags/example_branch_python_dop_operator_3.py
[2025-01-14T00:31:40.788+0000] {processor.py:830} INFO - Processing file /home/airflow/.local/lib/python3.8/site-packages/airflow/example_dags/example_branch_python_dop_operator_3.py for tasks to queue
[2025-01-14T00:31:40.790+0000] {logging_mixin.py:188} INFO - [2025-01-14T00:31:40.790+0000] {dagbag.py:538} INFO - Filling up the DagBag from /home/airflow/.local/lib/python3.8/site-packages/airflow/example_dags/example_branch_python_dop_operator_3.py
[2025-01-14T00:31:40.797+0000] {processor.py:840} INFO - DAG(s) 'example_branch_dop_operator_v3' retrieved from /home/airflow/.local/lib/python3.8/site-packages/airflow/example_dags/example_branch_python_dop_operator_3.py
[2025-01-14T00:31:40.814+0000] {logging_mixin.py:188} INFO - [2025-01-14T00:31:40.814+0000] {dag.py:3036} INFO - Sync 1 DAGs
[2025-01-14T00:31:40.833+0000] {logging_mixin.py:188} INFO - [2025-01-14T00:31:40.833+0000] {dag.py:3823} INFO - Setting next_dagrun for example_branch_dop_operator_v3 to 2025-01-14 00:30:00+00:00, run_after=2025-01-14 00:31:00+00:00
[2025-01-14T00:31:40.846+0000] {processor.py:183} INFO - Processing /home/airflow/.local/lib/python3.8/site-packages/airflow/example_dags/example_branch_python_dop_operator_3.py took 0.061 seconds
[2025-01-14T00:32:10.917+0000] {processor.py:161} INFO - Started process (PID=3025) to work on /home/airflow/.local/lib/python3.8/site-packages/airflow/example_dags/example_branch_python_dop_operator_3.py
[2025-01-14T00:32:10.918+0000] {processor.py:830} INFO - Processing file /home/airflow/.local/lib/python3.8/site-packages/airflow/example_dags/example_branch_python_dop_operator_3.py for tasks to queue
[2025-01-14T00:32:10.919+0000] {logging_mixin.py:188} INFO - [2025-01-14T00:32:10.919+0000] {dagbag.py:538} INFO - Filling up the DagBag from /home/airflow/.local/lib/python3.8/site-packages/airflow/example_dags/example_branch_python_dop_operator_3.py
[2025-01-14T00:32:10.925+0000] {processor.py:840} INFO - DAG(s) 'example_branch_dop_operator_v3' retrieved from /home/airflow/.local/lib/python3.8/site-packages/airflow/example_dags/example_branch_python_dop_operator_3.py
[2025-01-14T00:32:10.937+0000] {logging_mixin.py:188} INFO - [2025-01-14T00:32:10.937+0000] {dag.py:3036} INFO - Sync 1 DAGs
[2025-01-14T00:32:10.955+0000] {logging_mixin.py:188} INFO - [2025-01-14T00:32:10.955+0000] {dag.py:3823} INFO - Setting next_dagrun for example_branch_dop_operator_v3 to 2025-01-14 00:31:00+00:00, run_after=2025-01-14 00:32:00+00:00
[2025-01-14T00:32:10.967+0000] {processor.py:183} INFO - Processing /home/airflow/.local/lib/python3.8/site-packages/airflow/example_dags/example_branch_python_dop_operator_3.py took 0.051 seconds
[2025-01-14T00:32:41.036+0000] {processor.py:161} INFO - Started process (PID=3084) to work on /home/airflow/.local/lib/python3.8/site-packages/airflow/example_dags/example_branch_python_dop_operator_3.py
[2025-01-14T00:32:41.036+0000] {processor.py:830} INFO - Processing file /home/airflow/.local/lib/python3.8/site-packages/airflow/example_dags/example_branch_python_dop_operator_3.py for tasks to queue
[2025-01-14T00:32:41.038+0000] {logging_mixin.py:188} INFO - [2025-01-14T00:32:41.037+0000] {dagbag.py:538} INFO - Filling up the DagBag from /home/airflow/.local/lib/python3.8/site-packages/airflow/example_dags/example_branch_python_dop_operator_3.py
[2025-01-14T00:32:41.048+0000] {processor.py:840} INFO - DAG(s) 'example_branch_dop_operator_v3' retrieved from /home/airflow/.local/lib/python3.8/site-packages/airflow/example_dags/example_branch_python_dop_operator_3.py
[2025-01-14T00:32:41.061+0000] {logging_mixin.py:188} INFO - [2025-01-14T00:32:41.061+0000] {dag.py:3036} INFO - Sync 1 DAGs
[2025-01-14T00:32:41.077+0000] {logging_mixin.py:188} INFO - [2025-01-14T00:32:41.077+0000] {dag.py:3823} INFO - Setting next_dagrun for example_branch_dop_operator_v3 to 2025-01-14 00:31:00+00:00, run_after=2025-01-14 00:32:00+00:00
[2025-01-14T00:32:41.091+0000] {processor.py:183} INFO - Processing /home/airflow/.local/lib/python3.8/site-packages/airflow/example_dags/example_branch_python_dop_operator_3.py took 0.057 seconds
