[2025-01-14T00:00:07.564+0000] {processor.py:161} INFO - Started process (PID=10552) to work on /home/airflow/.local/lib/python3.8/site-packages/airflow/example_dags/example_external_task_marker_dag.py
[2025-01-14T00:00:07.564+0000] {processor.py:830} INFO - Processing file /home/airflow/.local/lib/python3.8/site-packages/airflow/example_dags/example_external_task_marker_dag.py for tasks to queue
[2025-01-14T00:00:07.565+0000] {logging_mixin.py:188} INFO - [2025-01-14T00:00:07.565+0000] {dagbag.py:538} INFO - Filling up the DagBag from /home/airflow/.local/lib/python3.8/site-packages/airflow/example_dags/example_external_task_marker_dag.py
[2025-01-14T00:00:07.569+0000] {processor.py:840} INFO - DAG(s) 'example_external_task_marker_child', 'example_external_task_marker_parent' retrieved from /home/airflow/.local/lib/python3.8/site-packages/airflow/example_dags/example_external_task_marker_dag.py
[2025-01-14T00:00:07.585+0000] {logging_mixin.py:188} INFO - [2025-01-14T00:00:07.584+0000] {dag.py:3036} INFO - Sync 2 DAGs
[2025-01-14T00:00:07.592+0000] {logging_mixin.py:188} INFO - [2025-01-14T00:00:07.592+0000] {dag.py:3823} INFO - Setting next_dagrun for example_external_task_marker_child to None, run_after=None
[2025-01-14T00:00:07.595+0000] {logging_mixin.py:188} INFO - [2025-01-14T00:00:07.594+0000] {dag.py:3823} INFO - Setting next_dagrun for example_external_task_marker_parent to None, run_after=None
[2025-01-14T00:00:07.606+0000] {processor.py:183} INFO - Processing /home/airflow/.local/lib/python3.8/site-packages/airflow/example_dags/example_external_task_marker_dag.py took 0.044 seconds
[2025-01-14T00:00:37.660+0000] {processor.py:161} INFO - Started process (PID=10613) to work on /home/airflow/.local/lib/python3.8/site-packages/airflow/example_dags/example_external_task_marker_dag.py
[2025-01-14T00:00:37.660+0000] {processor.py:830} INFO - Processing file /home/airflow/.local/lib/python3.8/site-packages/airflow/example_dags/example_external_task_marker_dag.py for tasks to queue
[2025-01-14T00:00:37.661+0000] {logging_mixin.py:188} INFO - [2025-01-14T00:00:37.661+0000] {dagbag.py:538} INFO - Filling up the DagBag from /home/airflow/.local/lib/python3.8/site-packages/airflow/example_dags/example_external_task_marker_dag.py
[2025-01-14T00:00:37.665+0000] {processor.py:840} INFO - DAG(s) 'example_external_task_marker_parent', 'example_external_task_marker_child' retrieved from /home/airflow/.local/lib/python3.8/site-packages/airflow/example_dags/example_external_task_marker_dag.py
[2025-01-14T00:00:37.680+0000] {logging_mixin.py:188} INFO - [2025-01-14T00:00:37.680+0000] {dag.py:3036} INFO - Sync 2 DAGs
[2025-01-14T00:00:37.687+0000] {logging_mixin.py:188} INFO - [2025-01-14T00:00:37.687+0000] {dag.py:3823} INFO - Setting next_dagrun for example_external_task_marker_child to None, run_after=None
[2025-01-14T00:00:37.690+0000] {logging_mixin.py:188} INFO - [2025-01-14T00:00:37.690+0000] {dag.py:3823} INFO - Setting next_dagrun for example_external_task_marker_parent to None, run_after=None
[2025-01-14T00:00:37.700+0000] {processor.py:183} INFO - Processing /home/airflow/.local/lib/python3.8/site-packages/airflow/example_dags/example_external_task_marker_dag.py took 0.043 seconds
[2025-01-14T00:01:07.826+0000] {processor.py:161} INFO - Started process (PID=10672) to work on /home/airflow/.local/lib/python3.8/site-packages/airflow/example_dags/example_external_task_marker_dag.py
[2025-01-14T00:01:07.827+0000] {processor.py:830} INFO - Processing file /home/airflow/.local/lib/python3.8/site-packages/airflow/example_dags/example_external_task_marker_dag.py for tasks to queue
[2025-01-14T00:01:07.827+0000] {logging_mixin.py:188} INFO - [2025-01-14T00:01:07.827+0000] {dagbag.py:538} INFO - Filling up the DagBag from /home/airflow/.local/lib/python3.8/site-packages/airflow/example_dags/example_external_task_marker_dag.py
[2025-01-14T00:01:07.831+0000] {processor.py:840} INFO - DAG(s) 'example_external_task_marker_child', 'example_external_task_marker_parent' retrieved from /home/airflow/.local/lib/python3.8/site-packages/airflow/example_dags/example_external_task_marker_dag.py
[2025-01-14T00:01:07.846+0000] {logging_mixin.py:188} INFO - [2025-01-14T00:01:07.846+0000] {dag.py:3036} INFO - Sync 2 DAGs
[2025-01-14T00:01:07.853+0000] {logging_mixin.py:188} INFO - [2025-01-14T00:01:07.853+0000] {dag.py:3823} INFO - Setting next_dagrun for example_external_task_marker_child to None, run_after=None
[2025-01-14T00:01:07.855+0000] {logging_mixin.py:188} INFO - [2025-01-14T00:01:07.855+0000] {dag.py:3823} INFO - Setting next_dagrun for example_external_task_marker_parent to None, run_after=None
[2025-01-14T00:01:07.867+0000] {processor.py:183} INFO - Processing /home/airflow/.local/lib/python3.8/site-packages/airflow/example_dags/example_external_task_marker_dag.py took 0.042 seconds
[2025-01-14T00:01:37.911+0000] {processor.py:161} INFO - Started process (PID=10731) to work on /home/airflow/.local/lib/python3.8/site-packages/airflow/example_dags/example_external_task_marker_dag.py
[2025-01-14T00:01:37.911+0000] {processor.py:830} INFO - Processing file /home/airflow/.local/lib/python3.8/site-packages/airflow/example_dags/example_external_task_marker_dag.py for tasks to queue
[2025-01-14T00:01:37.912+0000] {logging_mixin.py:188} INFO - [2025-01-14T00:01:37.912+0000] {dagbag.py:538} INFO - Filling up the DagBag from /home/airflow/.local/lib/python3.8/site-packages/airflow/example_dags/example_external_task_marker_dag.py
[2025-01-14T00:01:37.915+0000] {processor.py:840} INFO - DAG(s) 'example_external_task_marker_parent', 'example_external_task_marker_child' retrieved from /home/airflow/.local/lib/python3.8/site-packages/airflow/example_dags/example_external_task_marker_dag.py
[2025-01-14T00:01:37.930+0000] {logging_mixin.py:188} INFO - [2025-01-14T00:01:37.930+0000] {dag.py:3036} INFO - Sync 2 DAGs
[2025-01-14T00:01:37.938+0000] {logging_mixin.py:188} INFO - [2025-01-14T00:01:37.937+0000] {dag.py:3823} INFO - Setting next_dagrun for example_external_task_marker_child to None, run_after=None
[2025-01-14T00:01:37.939+0000] {logging_mixin.py:188} INFO - [2025-01-14T00:01:37.939+0000] {dag.py:3823} INFO - Setting next_dagrun for example_external_task_marker_parent to None, run_after=None
[2025-01-14T00:01:37.951+0000] {processor.py:183} INFO - Processing /home/airflow/.local/lib/python3.8/site-packages/airflow/example_dags/example_external_task_marker_dag.py took 0.042 seconds
[2025-01-14T00:02:08.858+0000] {processor.py:161} INFO - Started process (PID=10790) to work on /home/airflow/.local/lib/python3.8/site-packages/airflow/example_dags/example_external_task_marker_dag.py
[2025-01-14T00:02:08.859+0000] {processor.py:830} INFO - Processing file /home/airflow/.local/lib/python3.8/site-packages/airflow/example_dags/example_external_task_marker_dag.py for tasks to queue
[2025-01-14T00:02:08.859+0000] {logging_mixin.py:188} INFO - [2025-01-14T00:02:08.859+0000] {dagbag.py:538} INFO - Filling up the DagBag from /home/airflow/.local/lib/python3.8/site-packages/airflow/example_dags/example_external_task_marker_dag.py
[2025-01-14T00:02:08.863+0000] {processor.py:840} INFO - DAG(s) 'example_external_task_marker_child', 'example_external_task_marker_parent' retrieved from /home/airflow/.local/lib/python3.8/site-packages/airflow/example_dags/example_external_task_marker_dag.py
[2025-01-14T00:02:08.878+0000] {logging_mixin.py:188} INFO - [2025-01-14T00:02:08.878+0000] {dag.py:3036} INFO - Sync 2 DAGs
[2025-01-14T00:02:08.886+0000] {logging_mixin.py:188} INFO - [2025-01-14T00:02:08.885+0000] {dag.py:3823} INFO - Setting next_dagrun for example_external_task_marker_child to None, run_after=None
[2025-01-14T00:02:08.888+0000] {logging_mixin.py:188} INFO - [2025-01-14T00:02:08.888+0000] {dag.py:3823} INFO - Setting next_dagrun for example_external_task_marker_parent to None, run_after=None
[2025-01-14T00:02:08.898+0000] {processor.py:183} INFO - Processing /home/airflow/.local/lib/python3.8/site-packages/airflow/example_dags/example_external_task_marker_dag.py took 0.042 seconds
[2025-01-14T00:02:39.717+0000] {processor.py:161} INFO - Started process (PID=10849) to work on /home/airflow/.local/lib/python3.8/site-packages/airflow/example_dags/example_external_task_marker_dag.py
[2025-01-14T00:02:39.718+0000] {processor.py:830} INFO - Processing file /home/airflow/.local/lib/python3.8/site-packages/airflow/example_dags/example_external_task_marker_dag.py for tasks to queue
[2025-01-14T00:02:39.718+0000] {logging_mixin.py:188} INFO - [2025-01-14T00:02:39.718+0000] {dagbag.py:538} INFO - Filling up the DagBag from /home/airflow/.local/lib/python3.8/site-packages/airflow/example_dags/example_external_task_marker_dag.py
[2025-01-14T00:02:39.722+0000] {processor.py:840} INFO - DAG(s) 'example_external_task_marker_parent', 'example_external_task_marker_child' retrieved from /home/airflow/.local/lib/python3.8/site-packages/airflow/example_dags/example_external_task_marker_dag.py
[2025-01-14T00:02:39.737+0000] {logging_mixin.py:188} INFO - [2025-01-14T00:02:39.737+0000] {dag.py:3036} INFO - Sync 2 DAGs
[2025-01-14T00:02:39.745+0000] {logging_mixin.py:188} INFO - [2025-01-14T00:02:39.745+0000] {dag.py:3823} INFO - Setting next_dagrun for example_external_task_marker_child to None, run_after=None
[2025-01-14T00:02:39.747+0000] {logging_mixin.py:188} INFO - [2025-01-14T00:02:39.747+0000] {dag.py:3823} INFO - Setting next_dagrun for example_external_task_marker_parent to None, run_after=None
[2025-01-14T00:02:39.758+0000] {processor.py:183} INFO - Processing /home/airflow/.local/lib/python3.8/site-packages/airflow/example_dags/example_external_task_marker_dag.py took 0.044 seconds
[2025-01-14T00:03:09.962+0000] {processor.py:161} INFO - Started process (PID=10908) to work on /home/airflow/.local/lib/python3.8/site-packages/airflow/example_dags/example_external_task_marker_dag.py
[2025-01-14T00:03:09.963+0000] {processor.py:830} INFO - Processing file /home/airflow/.local/lib/python3.8/site-packages/airflow/example_dags/example_external_task_marker_dag.py for tasks to queue
[2025-01-14T00:03:09.963+0000] {logging_mixin.py:188} INFO - [2025-01-14T00:03:09.963+0000] {dagbag.py:538} INFO - Filling up the DagBag from /home/airflow/.local/lib/python3.8/site-packages/airflow/example_dags/example_external_task_marker_dag.py
[2025-01-14T00:03:09.967+0000] {processor.py:840} INFO - DAG(s) 'example_external_task_marker_parent', 'example_external_task_marker_child' retrieved from /home/airflow/.local/lib/python3.8/site-packages/airflow/example_dags/example_external_task_marker_dag.py
[2025-01-14T00:03:09.983+0000] {logging_mixin.py:188} INFO - [2025-01-14T00:03:09.982+0000] {dag.py:3036} INFO - Sync 2 DAGs
[2025-01-14T00:03:09.990+0000] {logging_mixin.py:188} INFO - [2025-01-14T00:03:09.990+0000] {dag.py:3823} INFO - Setting next_dagrun for example_external_task_marker_child to None, run_after=None
[2025-01-14T00:03:09.992+0000] {logging_mixin.py:188} INFO - [2025-01-14T00:03:09.992+0000] {dag.py:3823} INFO - Setting next_dagrun for example_external_task_marker_parent to None, run_after=None
[2025-01-14T00:03:10.003+0000] {processor.py:183} INFO - Processing /home/airflow/.local/lib/python3.8/site-packages/airflow/example_dags/example_external_task_marker_dag.py took 0.043 seconds
[2025-01-14T00:03:40.105+0000] {processor.py:161} INFO - Started process (PID=10967) to work on /home/airflow/.local/lib/python3.8/site-packages/airflow/example_dags/example_external_task_marker_dag.py
[2025-01-14T00:03:40.106+0000] {processor.py:830} INFO - Processing file /home/airflow/.local/lib/python3.8/site-packages/airflow/example_dags/example_external_task_marker_dag.py for tasks to queue
[2025-01-14T00:03:40.107+0000] {logging_mixin.py:188} INFO - [2025-01-14T00:03:40.107+0000] {dagbag.py:538} INFO - Filling up the DagBag from /home/airflow/.local/lib/python3.8/site-packages/airflow/example_dags/example_external_task_marker_dag.py
[2025-01-14T00:03:40.113+0000] {processor.py:840} INFO - DAG(s) 'example_external_task_marker_child', 'example_external_task_marker_parent' retrieved from /home/airflow/.local/lib/python3.8/site-packages/airflow/example_dags/example_external_task_marker_dag.py
[2025-01-14T00:03:40.133+0000] {logging_mixin.py:188} INFO - [2025-01-14T00:03:40.133+0000] {dag.py:3036} INFO - Sync 2 DAGs
[2025-01-14T00:03:40.144+0000] {logging_mixin.py:188} INFO - [2025-01-14T00:03:40.144+0000] {dag.py:3823} INFO - Setting next_dagrun for example_external_task_marker_child to None, run_after=None
[2025-01-14T00:03:40.147+0000] {logging_mixin.py:188} INFO - [2025-01-14T00:03:40.147+0000] {dag.py:3823} INFO - Setting next_dagrun for example_external_task_marker_parent to None, run_after=None
[2025-01-14T00:03:40.158+0000] {processor.py:183} INFO - Processing /home/airflow/.local/lib/python3.8/site-packages/airflow/example_dags/example_external_task_marker_dag.py took 0.055 seconds
[2025-01-14T00:04:11.098+0000] {processor.py:161} INFO - Started process (PID=11026) to work on /home/airflow/.local/lib/python3.8/site-packages/airflow/example_dags/example_external_task_marker_dag.py
[2025-01-14T00:04:11.099+0000] {processor.py:830} INFO - Processing file /home/airflow/.local/lib/python3.8/site-packages/airflow/example_dags/example_external_task_marker_dag.py for tasks to queue
[2025-01-14T00:04:11.100+0000] {logging_mixin.py:188} INFO - [2025-01-14T00:04:11.100+0000] {dagbag.py:538} INFO - Filling up the DagBag from /home/airflow/.local/lib/python3.8/site-packages/airflow/example_dags/example_external_task_marker_dag.py
[2025-01-14T00:04:11.104+0000] {processor.py:840} INFO - DAG(s) 'example_external_task_marker_parent', 'example_external_task_marker_child' retrieved from /home/airflow/.local/lib/python3.8/site-packages/airflow/example_dags/example_external_task_marker_dag.py
[2025-01-14T00:04:11.120+0000] {logging_mixin.py:188} INFO - [2025-01-14T00:04:11.120+0000] {dag.py:3036} INFO - Sync 2 DAGs
[2025-01-14T00:04:11.128+0000] {logging_mixin.py:188} INFO - [2025-01-14T00:04:11.128+0000] {dag.py:3823} INFO - Setting next_dagrun for example_external_task_marker_child to None, run_after=None
[2025-01-14T00:04:11.130+0000] {logging_mixin.py:188} INFO - [2025-01-14T00:04:11.130+0000] {dag.py:3823} INFO - Setting next_dagrun for example_external_task_marker_parent to None, run_after=None
[2025-01-14T00:04:11.142+0000] {processor.py:183} INFO - Processing /home/airflow/.local/lib/python3.8/site-packages/airflow/example_dags/example_external_task_marker_dag.py took 0.045 seconds
[2025-01-14T00:04:41.287+0000] {processor.py:161} INFO - Started process (PID=11085) to work on /home/airflow/.local/lib/python3.8/site-packages/airflow/example_dags/example_external_task_marker_dag.py
[2025-01-14T00:04:41.288+0000] {processor.py:830} INFO - Processing file /home/airflow/.local/lib/python3.8/site-packages/airflow/example_dags/example_external_task_marker_dag.py for tasks to queue
[2025-01-14T00:04:41.288+0000] {logging_mixin.py:188} INFO - [2025-01-14T00:04:41.288+0000] {dagbag.py:538} INFO - Filling up the DagBag from /home/airflow/.local/lib/python3.8/site-packages/airflow/example_dags/example_external_task_marker_dag.py
[2025-01-14T00:04:41.292+0000] {processor.py:840} INFO - DAG(s) 'example_external_task_marker_child', 'example_external_task_marker_parent' retrieved from /home/airflow/.local/lib/python3.8/site-packages/airflow/example_dags/example_external_task_marker_dag.py
[2025-01-14T00:04:41.308+0000] {logging_mixin.py:188} INFO - [2025-01-14T00:04:41.308+0000] {dag.py:3036} INFO - Sync 2 DAGs
[2025-01-14T00:04:41.315+0000] {logging_mixin.py:188} INFO - [2025-01-14T00:04:41.315+0000] {dag.py:3823} INFO - Setting next_dagrun for example_external_task_marker_child to None, run_after=None
[2025-01-14T00:04:41.317+0000] {logging_mixin.py:188} INFO - [2025-01-14T00:04:41.317+0000] {dag.py:3823} INFO - Setting next_dagrun for example_external_task_marker_parent to None, run_after=None
[2025-01-14T00:04:41.328+0000] {processor.py:183} INFO - Processing /home/airflow/.local/lib/python3.8/site-packages/airflow/example_dags/example_external_task_marker_dag.py took 0.043 seconds
[2025-01-14T00:05:11.459+0000] {processor.py:161} INFO - Started process (PID=11144) to work on /home/airflow/.local/lib/python3.8/site-packages/airflow/example_dags/example_external_task_marker_dag.py
[2025-01-14T00:05:11.460+0000] {processor.py:830} INFO - Processing file /home/airflow/.local/lib/python3.8/site-packages/airflow/example_dags/example_external_task_marker_dag.py for tasks to queue
[2025-01-14T00:05:11.461+0000] {logging_mixin.py:188} INFO - [2025-01-14T00:05:11.460+0000] {dagbag.py:538} INFO - Filling up the DagBag from /home/airflow/.local/lib/python3.8/site-packages/airflow/example_dags/example_external_task_marker_dag.py
[2025-01-14T00:05:11.465+0000] {processor.py:840} INFO - DAG(s) 'example_external_task_marker_parent', 'example_external_task_marker_child' retrieved from /home/airflow/.local/lib/python3.8/site-packages/airflow/example_dags/example_external_task_marker_dag.py
[2025-01-14T00:05:11.483+0000] {logging_mixin.py:188} INFO - [2025-01-14T00:05:11.482+0000] {dag.py:3036} INFO - Sync 2 DAGs
[2025-01-14T00:05:11.492+0000] {logging_mixin.py:188} INFO - [2025-01-14T00:05:11.491+0000] {dag.py:3823} INFO - Setting next_dagrun for example_external_task_marker_child to None, run_after=None
[2025-01-14T00:05:11.495+0000] {logging_mixin.py:188} INFO - [2025-01-14T00:05:11.495+0000] {dag.py:3823} INFO - Setting next_dagrun for example_external_task_marker_parent to None, run_after=None
[2025-01-14T00:05:11.509+0000] {processor.py:183} INFO - Processing /home/airflow/.local/lib/python3.8/site-packages/airflow/example_dags/example_external_task_marker_dag.py took 0.052 seconds
[2025-01-14T00:06:25.041+0000] {processor.py:161} INFO - Started process (PID=78) to work on /home/airflow/.local/lib/python3.8/site-packages/airflow/example_dags/example_external_task_marker_dag.py
[2025-01-14T00:06:25.042+0000] {processor.py:830} INFO - Processing file /home/airflow/.local/lib/python3.8/site-packages/airflow/example_dags/example_external_task_marker_dag.py for tasks to queue
[2025-01-14T00:06:25.043+0000] {logging_mixin.py:188} INFO - [2025-01-14T00:06:25.043+0000] {dagbag.py:538} INFO - Filling up the DagBag from /home/airflow/.local/lib/python3.8/site-packages/airflow/example_dags/example_external_task_marker_dag.py
[2025-01-14T00:06:25.047+0000] {processor.py:840} INFO - DAG(s) 'example_external_task_marker_parent', 'example_external_task_marker_child' retrieved from /home/airflow/.local/lib/python3.8/site-packages/airflow/example_dags/example_external_task_marker_dag.py
[2025-01-14T00:06:25.058+0000] {logging_mixin.py:188} INFO - [2025-01-14T00:06:25.058+0000] {dag.py:3036} INFO - Sync 2 DAGs
[2025-01-14T00:06:25.066+0000] {logging_mixin.py:188} INFO - [2025-01-14T00:06:25.066+0000] {dag.py:3823} INFO - Setting next_dagrun for example_external_task_marker_child to None, run_after=None
[2025-01-14T00:06:25.069+0000] {logging_mixin.py:188} INFO - [2025-01-14T00:06:25.068+0000] {dag.py:3823} INFO - Setting next_dagrun for example_external_task_marker_parent to None, run_after=None
[2025-01-14T00:06:25.080+0000] {processor.py:183} INFO - Processing /home/airflow/.local/lib/python3.8/site-packages/airflow/example_dags/example_external_task_marker_dag.py took 0.041 seconds
[2025-01-14T00:06:55.979+0000] {processor.py:161} INFO - Started process (PID=137) to work on /home/airflow/.local/lib/python3.8/site-packages/airflow/example_dags/example_external_task_marker_dag.py
[2025-01-14T00:06:55.980+0000] {processor.py:830} INFO - Processing file /home/airflow/.local/lib/python3.8/site-packages/airflow/example_dags/example_external_task_marker_dag.py for tasks to queue
[2025-01-14T00:06:55.981+0000] {logging_mixin.py:188} INFO - [2025-01-14T00:06:55.981+0000] {dagbag.py:538} INFO - Filling up the DagBag from /home/airflow/.local/lib/python3.8/site-packages/airflow/example_dags/example_external_task_marker_dag.py
[2025-01-14T00:06:55.985+0000] {processor.py:840} INFO - DAG(s) 'example_external_task_marker_child', 'example_external_task_marker_parent' retrieved from /home/airflow/.local/lib/python3.8/site-packages/airflow/example_dags/example_external_task_marker_dag.py
[2025-01-14T00:06:56.059+0000] {logging_mixin.py:188} INFO - [2025-01-14T00:06:56.059+0000] {dag.py:3036} INFO - Sync 2 DAGs
[2025-01-14T00:06:56.066+0000] {logging_mixin.py:188} INFO - [2025-01-14T00:06:56.066+0000] {dag.py:3823} INFO - Setting next_dagrun for example_external_task_marker_child to None, run_after=None
[2025-01-14T00:06:56.068+0000] {logging_mixin.py:188} INFO - [2025-01-14T00:06:56.068+0000] {dag.py:3823} INFO - Setting next_dagrun for example_external_task_marker_parent to None, run_after=None
[2025-01-14T00:06:56.082+0000] {processor.py:183} INFO - Processing /home/airflow/.local/lib/python3.8/site-packages/airflow/example_dags/example_external_task_marker_dag.py took 0.104 seconds
[2025-01-14T00:07:26.527+0000] {processor.py:161} INFO - Started process (PID=196) to work on /home/airflow/.local/lib/python3.8/site-packages/airflow/example_dags/example_external_task_marker_dag.py
[2025-01-14T00:07:26.528+0000] {processor.py:830} INFO - Processing file /home/airflow/.local/lib/python3.8/site-packages/airflow/example_dags/example_external_task_marker_dag.py for tasks to queue
[2025-01-14T00:07:26.529+0000] {logging_mixin.py:188} INFO - [2025-01-14T00:07:26.529+0000] {dagbag.py:538} INFO - Filling up the DagBag from /home/airflow/.local/lib/python3.8/site-packages/airflow/example_dags/example_external_task_marker_dag.py
[2025-01-14T00:07:26.532+0000] {processor.py:840} INFO - DAG(s) 'example_external_task_marker_child', 'example_external_task_marker_parent' retrieved from /home/airflow/.local/lib/python3.8/site-packages/airflow/example_dags/example_external_task_marker_dag.py
[2025-01-14T00:07:26.546+0000] {logging_mixin.py:188} INFO - [2025-01-14T00:07:26.546+0000] {dag.py:3036} INFO - Sync 2 DAGs
[2025-01-14T00:07:26.554+0000] {logging_mixin.py:188} INFO - [2025-01-14T00:07:26.554+0000] {dag.py:3823} INFO - Setting next_dagrun for example_external_task_marker_child to None, run_after=None
[2025-01-14T00:07:26.556+0000] {logging_mixin.py:188} INFO - [2025-01-14T00:07:26.556+0000] {dag.py:3823} INFO - Setting next_dagrun for example_external_task_marker_parent to None, run_after=None
[2025-01-14T00:07:26.567+0000] {processor.py:183} INFO - Processing /home/airflow/.local/lib/python3.8/site-packages/airflow/example_dags/example_external_task_marker_dag.py took 0.042 seconds
[2025-01-14T00:07:56.785+0000] {processor.py:161} INFO - Started process (PID=255) to work on /home/airflow/.local/lib/python3.8/site-packages/airflow/example_dags/example_external_task_marker_dag.py
[2025-01-14T00:07:56.786+0000] {processor.py:830} INFO - Processing file /home/airflow/.local/lib/python3.8/site-packages/airflow/example_dags/example_external_task_marker_dag.py for tasks to queue
[2025-01-14T00:07:56.787+0000] {logging_mixin.py:188} INFO - [2025-01-14T00:07:56.787+0000] {dagbag.py:538} INFO - Filling up the DagBag from /home/airflow/.local/lib/python3.8/site-packages/airflow/example_dags/example_external_task_marker_dag.py
[2025-01-14T00:07:56.791+0000] {processor.py:840} INFO - DAG(s) 'example_external_task_marker_child', 'example_external_task_marker_parent' retrieved from /home/airflow/.local/lib/python3.8/site-packages/airflow/example_dags/example_external_task_marker_dag.py
[2025-01-14T00:07:56.806+0000] {logging_mixin.py:188} INFO - [2025-01-14T00:07:56.806+0000] {dag.py:3036} INFO - Sync 2 DAGs
[2025-01-14T00:07:56.814+0000] {logging_mixin.py:188} INFO - [2025-01-14T00:07:56.814+0000] {dag.py:3823} INFO - Setting next_dagrun for example_external_task_marker_child to None, run_after=None
[2025-01-14T00:07:56.817+0000] {logging_mixin.py:188} INFO - [2025-01-14T00:07:56.817+0000] {dag.py:3823} INFO - Setting next_dagrun for example_external_task_marker_parent to None, run_after=None
[2025-01-14T00:07:56.829+0000] {processor.py:183} INFO - Processing /home/airflow/.local/lib/python3.8/site-packages/airflow/example_dags/example_external_task_marker_dag.py took 0.046 seconds
[2025-01-14T00:08:27.118+0000] {processor.py:161} INFO - Started process (PID=314) to work on /home/airflow/.local/lib/python3.8/site-packages/airflow/example_dags/example_external_task_marker_dag.py
[2025-01-14T00:08:27.119+0000] {processor.py:830} INFO - Processing file /home/airflow/.local/lib/python3.8/site-packages/airflow/example_dags/example_external_task_marker_dag.py for tasks to queue
[2025-01-14T00:08:27.121+0000] {logging_mixin.py:188} INFO - [2025-01-14T00:08:27.121+0000] {dagbag.py:538} INFO - Filling up the DagBag from /home/airflow/.local/lib/python3.8/site-packages/airflow/example_dags/example_external_task_marker_dag.py
[2025-01-14T00:08:27.125+0000] {processor.py:840} INFO - DAG(s) 'example_external_task_marker_parent', 'example_external_task_marker_child' retrieved from /home/airflow/.local/lib/python3.8/site-packages/airflow/example_dags/example_external_task_marker_dag.py
[2025-01-14T00:08:27.141+0000] {logging_mixin.py:188} INFO - [2025-01-14T00:08:27.140+0000] {dag.py:3036} INFO - Sync 2 DAGs
[2025-01-14T00:08:27.148+0000] {logging_mixin.py:188} INFO - [2025-01-14T00:08:27.148+0000] {dag.py:3823} INFO - Setting next_dagrun for example_external_task_marker_child to None, run_after=None
[2025-01-14T00:08:27.151+0000] {logging_mixin.py:188} INFO - [2025-01-14T00:08:27.151+0000] {dag.py:3823} INFO - Setting next_dagrun for example_external_task_marker_parent to None, run_after=None
[2025-01-14T00:08:27.163+0000] {processor.py:183} INFO - Processing /home/airflow/.local/lib/python3.8/site-packages/airflow/example_dags/example_external_task_marker_dag.py took 0.047 seconds
[2025-01-14T00:08:57.322+0000] {processor.py:161} INFO - Started process (PID=373) to work on /home/airflow/.local/lib/python3.8/site-packages/airflow/example_dags/example_external_task_marker_dag.py
[2025-01-14T00:08:57.323+0000] {processor.py:830} INFO - Processing file /home/airflow/.local/lib/python3.8/site-packages/airflow/example_dags/example_external_task_marker_dag.py for tasks to queue
[2025-01-14T00:08:57.325+0000] {logging_mixin.py:188} INFO - [2025-01-14T00:08:57.325+0000] {dagbag.py:538} INFO - Filling up the DagBag from /home/airflow/.local/lib/python3.8/site-packages/airflow/example_dags/example_external_task_marker_dag.py
[2025-01-14T00:08:57.330+0000] {processor.py:840} INFO - DAG(s) 'example_external_task_marker_parent', 'example_external_task_marker_child' retrieved from /home/airflow/.local/lib/python3.8/site-packages/airflow/example_dags/example_external_task_marker_dag.py
[2025-01-14T00:08:57.349+0000] {logging_mixin.py:188} INFO - [2025-01-14T00:08:57.349+0000] {dag.py:3036} INFO - Sync 2 DAGs
[2025-01-14T00:08:57.359+0000] {logging_mixin.py:188} INFO - [2025-01-14T00:08:57.359+0000] {dag.py:3823} INFO - Setting next_dagrun for example_external_task_marker_child to None, run_after=None
[2025-01-14T00:08:57.362+0000] {logging_mixin.py:188} INFO - [2025-01-14T00:08:57.361+0000] {dag.py:3823} INFO - Setting next_dagrun for example_external_task_marker_parent to None, run_after=None
[2025-01-14T00:08:57.377+0000] {processor.py:183} INFO - Processing /home/airflow/.local/lib/python3.8/site-packages/airflow/example_dags/example_external_task_marker_dag.py took 0.058 seconds
[2025-01-14T00:09:27.667+0000] {processor.py:161} INFO - Started process (PID=432) to work on /home/airflow/.local/lib/python3.8/site-packages/airflow/example_dags/example_external_task_marker_dag.py
[2025-01-14T00:09:27.667+0000] {processor.py:830} INFO - Processing file /home/airflow/.local/lib/python3.8/site-packages/airflow/example_dags/example_external_task_marker_dag.py for tasks to queue
[2025-01-14T00:09:27.668+0000] {logging_mixin.py:188} INFO - [2025-01-14T00:09:27.668+0000] {dagbag.py:538} INFO - Filling up the DagBag from /home/airflow/.local/lib/python3.8/site-packages/airflow/example_dags/example_external_task_marker_dag.py
[2025-01-14T00:09:27.672+0000] {processor.py:840} INFO - DAG(s) 'example_external_task_marker_parent', 'example_external_task_marker_child' retrieved from /home/airflow/.local/lib/python3.8/site-packages/airflow/example_dags/example_external_task_marker_dag.py
[2025-01-14T00:09:27.688+0000] {logging_mixin.py:188} INFO - [2025-01-14T00:09:27.688+0000] {dag.py:3036} INFO - Sync 2 DAGs
[2025-01-14T00:09:27.696+0000] {logging_mixin.py:188} INFO - [2025-01-14T00:09:27.696+0000] {dag.py:3823} INFO - Setting next_dagrun for example_external_task_marker_child to None, run_after=None
[2025-01-14T00:09:27.699+0000] {logging_mixin.py:188} INFO - [2025-01-14T00:09:27.698+0000] {dag.py:3823} INFO - Setting next_dagrun for example_external_task_marker_parent to None, run_after=None
[2025-01-14T00:09:27.711+0000] {processor.py:183} INFO - Processing /home/airflow/.local/lib/python3.8/site-packages/airflow/example_dags/example_external_task_marker_dag.py took 0.047 seconds
[2025-01-14T00:09:58.698+0000] {processor.py:161} INFO - Started process (PID=491) to work on /home/airflow/.local/lib/python3.8/site-packages/airflow/example_dags/example_external_task_marker_dag.py
[2025-01-14T00:09:58.698+0000] {processor.py:830} INFO - Processing file /home/airflow/.local/lib/python3.8/site-packages/airflow/example_dags/example_external_task_marker_dag.py for tasks to queue
[2025-01-14T00:09:58.699+0000] {logging_mixin.py:188} INFO - [2025-01-14T00:09:58.699+0000] {dagbag.py:538} INFO - Filling up the DagBag from /home/airflow/.local/lib/python3.8/site-packages/airflow/example_dags/example_external_task_marker_dag.py
[2025-01-14T00:09:58.703+0000] {processor.py:840} INFO - DAG(s) 'example_external_task_marker_child', 'example_external_task_marker_parent' retrieved from /home/airflow/.local/lib/python3.8/site-packages/airflow/example_dags/example_external_task_marker_dag.py
[2025-01-14T00:09:58.718+0000] {logging_mixin.py:188} INFO - [2025-01-14T00:09:58.718+0000] {dag.py:3036} INFO - Sync 2 DAGs
[2025-01-14T00:09:58.726+0000] {logging_mixin.py:188} INFO - [2025-01-14T00:09:58.726+0000] {dag.py:3823} INFO - Setting next_dagrun for example_external_task_marker_child to None, run_after=None
[2025-01-14T00:09:58.729+0000] {logging_mixin.py:188} INFO - [2025-01-14T00:09:58.728+0000] {dag.py:3823} INFO - Setting next_dagrun for example_external_task_marker_parent to None, run_after=None
[2025-01-14T00:09:58.740+0000] {processor.py:183} INFO - Processing /home/airflow/.local/lib/python3.8/site-packages/airflow/example_dags/example_external_task_marker_dag.py took 0.044 seconds
[2025-01-14T00:10:30.108+0000] {processor.py:161} INFO - Started process (PID=550) to work on /home/airflow/.local/lib/python3.8/site-packages/airflow/example_dags/example_external_task_marker_dag.py
[2025-01-14T00:10:30.109+0000] {processor.py:830} INFO - Processing file /home/airflow/.local/lib/python3.8/site-packages/airflow/example_dags/example_external_task_marker_dag.py for tasks to queue
[2025-01-14T00:10:30.110+0000] {logging_mixin.py:188} INFO - [2025-01-14T00:10:30.110+0000] {dagbag.py:538} INFO - Filling up the DagBag from /home/airflow/.local/lib/python3.8/site-packages/airflow/example_dags/example_external_task_marker_dag.py
[2025-01-14T00:10:30.113+0000] {processor.py:840} INFO - DAG(s) 'example_external_task_marker_parent', 'example_external_task_marker_child' retrieved from /home/airflow/.local/lib/python3.8/site-packages/airflow/example_dags/example_external_task_marker_dag.py
[2025-01-14T00:10:30.127+0000] {logging_mixin.py:188} INFO - [2025-01-14T00:10:30.127+0000] {dag.py:3036} INFO - Sync 2 DAGs
[2025-01-14T00:10:30.135+0000] {logging_mixin.py:188} INFO - [2025-01-14T00:10:30.135+0000] {dag.py:3823} INFO - Setting next_dagrun for example_external_task_marker_child to None, run_after=None
[2025-01-14T00:10:30.137+0000] {logging_mixin.py:188} INFO - [2025-01-14T00:10:30.137+0000] {dag.py:3823} INFO - Setting next_dagrun for example_external_task_marker_parent to None, run_after=None
[2025-01-14T00:10:30.148+0000] {processor.py:183} INFO - Processing /home/airflow/.local/lib/python3.8/site-packages/airflow/example_dags/example_external_task_marker_dag.py took 0.041 seconds
[2025-01-14T00:11:01.220+0000] {processor.py:161} INFO - Started process (PID=609) to work on /home/airflow/.local/lib/python3.8/site-packages/airflow/example_dags/example_external_task_marker_dag.py
[2025-01-14T00:11:01.221+0000] {processor.py:830} INFO - Processing file /home/airflow/.local/lib/python3.8/site-packages/airflow/example_dags/example_external_task_marker_dag.py for tasks to queue
[2025-01-14T00:11:01.222+0000] {logging_mixin.py:188} INFO - [2025-01-14T00:11:01.222+0000] {dagbag.py:538} INFO - Filling up the DagBag from /home/airflow/.local/lib/python3.8/site-packages/airflow/example_dags/example_external_task_marker_dag.py
[2025-01-14T00:11:01.226+0000] {processor.py:840} INFO - DAG(s) 'example_external_task_marker_parent', 'example_external_task_marker_child' retrieved from /home/airflow/.local/lib/python3.8/site-packages/airflow/example_dags/example_external_task_marker_dag.py
[2025-01-14T00:11:01.243+0000] {logging_mixin.py:188} INFO - [2025-01-14T00:11:01.243+0000] {dag.py:3036} INFO - Sync 2 DAGs
[2025-01-14T00:11:01.251+0000] {logging_mixin.py:188} INFO - [2025-01-14T00:11:01.251+0000] {dag.py:3823} INFO - Setting next_dagrun for example_external_task_marker_child to None, run_after=None
[2025-01-14T00:11:01.254+0000] {logging_mixin.py:188} INFO - [2025-01-14T00:11:01.253+0000] {dag.py:3823} INFO - Setting next_dagrun for example_external_task_marker_parent to None, run_after=None
[2025-01-14T00:11:01.267+0000] {processor.py:183} INFO - Processing /home/airflow/.local/lib/python3.8/site-packages/airflow/example_dags/example_external_task_marker_dag.py took 0.049 seconds
[2025-01-14T00:11:32.401+0000] {processor.py:161} INFO - Started process (PID=668) to work on /home/airflow/.local/lib/python3.8/site-packages/airflow/example_dags/example_external_task_marker_dag.py
[2025-01-14T00:11:32.401+0000] {processor.py:830} INFO - Processing file /home/airflow/.local/lib/python3.8/site-packages/airflow/example_dags/example_external_task_marker_dag.py for tasks to queue
[2025-01-14T00:11:32.402+0000] {logging_mixin.py:188} INFO - [2025-01-14T00:11:32.402+0000] {dagbag.py:538} INFO - Filling up the DagBag from /home/airflow/.local/lib/python3.8/site-packages/airflow/example_dags/example_external_task_marker_dag.py
[2025-01-14T00:11:32.406+0000] {processor.py:840} INFO - DAG(s) 'example_external_task_marker_child', 'example_external_task_marker_parent' retrieved from /home/airflow/.local/lib/python3.8/site-packages/airflow/example_dags/example_external_task_marker_dag.py
[2025-01-14T00:11:32.420+0000] {logging_mixin.py:188} INFO - [2025-01-14T00:11:32.420+0000] {dag.py:3036} INFO - Sync 2 DAGs
[2025-01-14T00:11:32.428+0000] {logging_mixin.py:188} INFO - [2025-01-14T00:11:32.428+0000] {dag.py:3823} INFO - Setting next_dagrun for example_external_task_marker_child to None, run_after=None
[2025-01-14T00:11:32.430+0000] {logging_mixin.py:188} INFO - [2025-01-14T00:11:32.430+0000] {dag.py:3823} INFO - Setting next_dagrun for example_external_task_marker_parent to None, run_after=None
[2025-01-14T00:11:32.441+0000] {processor.py:183} INFO - Processing /home/airflow/.local/lib/python3.8/site-packages/airflow/example_dags/example_external_task_marker_dag.py took 0.043 seconds
[2025-01-14T00:12:03.766+0000] {processor.py:161} INFO - Started process (PID=727) to work on /home/airflow/.local/lib/python3.8/site-packages/airflow/example_dags/example_external_task_marker_dag.py
[2025-01-14T00:12:03.766+0000] {processor.py:830} INFO - Processing file /home/airflow/.local/lib/python3.8/site-packages/airflow/example_dags/example_external_task_marker_dag.py for tasks to queue
[2025-01-14T00:12:03.767+0000] {logging_mixin.py:188} INFO - [2025-01-14T00:12:03.767+0000] {dagbag.py:538} INFO - Filling up the DagBag from /home/airflow/.local/lib/python3.8/site-packages/airflow/example_dags/example_external_task_marker_dag.py
[2025-01-14T00:12:03.771+0000] {processor.py:840} INFO - DAG(s) 'example_external_task_marker_parent', 'example_external_task_marker_child' retrieved from /home/airflow/.local/lib/python3.8/site-packages/airflow/example_dags/example_external_task_marker_dag.py
[2025-01-14T00:12:03.786+0000] {logging_mixin.py:188} INFO - [2025-01-14T00:12:03.786+0000] {dag.py:3036} INFO - Sync 2 DAGs
[2025-01-14T00:12:03.794+0000] {logging_mixin.py:188} INFO - [2025-01-14T00:12:03.794+0000] {dag.py:3823} INFO - Setting next_dagrun for example_external_task_marker_child to None, run_after=None
[2025-01-14T00:12:03.797+0000] {logging_mixin.py:188} INFO - [2025-01-14T00:12:03.797+0000] {dag.py:3823} INFO - Setting next_dagrun for example_external_task_marker_parent to None, run_after=None
[2025-01-14T00:12:03.809+0000] {processor.py:183} INFO - Processing /home/airflow/.local/lib/python3.8/site-packages/airflow/example_dags/example_external_task_marker_dag.py took 0.045 seconds
[2025-01-14T00:12:34.869+0000] {processor.py:161} INFO - Started process (PID=786) to work on /home/airflow/.local/lib/python3.8/site-packages/airflow/example_dags/example_external_task_marker_dag.py
[2025-01-14T00:12:34.870+0000] {processor.py:830} INFO - Processing file /home/airflow/.local/lib/python3.8/site-packages/airflow/example_dags/example_external_task_marker_dag.py for tasks to queue
[2025-01-14T00:12:34.871+0000] {logging_mixin.py:188} INFO - [2025-01-14T00:12:34.871+0000] {dagbag.py:538} INFO - Filling up the DagBag from /home/airflow/.local/lib/python3.8/site-packages/airflow/example_dags/example_external_task_marker_dag.py
[2025-01-14T00:12:34.875+0000] {processor.py:840} INFO - DAG(s) 'example_external_task_marker_parent', 'example_external_task_marker_child' retrieved from /home/airflow/.local/lib/python3.8/site-packages/airflow/example_dags/example_external_task_marker_dag.py
[2025-01-14T00:12:34.891+0000] {logging_mixin.py:188} INFO - [2025-01-14T00:12:34.891+0000] {dag.py:3036} INFO - Sync 2 DAGs
[2025-01-14T00:12:34.899+0000] {logging_mixin.py:188} INFO - [2025-01-14T00:12:34.899+0000] {dag.py:3823} INFO - Setting next_dagrun for example_external_task_marker_child to None, run_after=None
[2025-01-14T00:12:34.902+0000] {logging_mixin.py:188} INFO - [2025-01-14T00:12:34.902+0000] {dag.py:3823} INFO - Setting next_dagrun for example_external_task_marker_parent to None, run_after=None
[2025-01-14T00:12:34.914+0000] {processor.py:183} INFO - Processing /home/airflow/.local/lib/python3.8/site-packages/airflow/example_dags/example_external_task_marker_dag.py took 0.047 seconds
[2025-01-14T00:13:05.973+0000] {processor.py:161} INFO - Started process (PID=845) to work on /home/airflow/.local/lib/python3.8/site-packages/airflow/example_dags/example_external_task_marker_dag.py
[2025-01-14T00:13:05.974+0000] {processor.py:830} INFO - Processing file /home/airflow/.local/lib/python3.8/site-packages/airflow/example_dags/example_external_task_marker_dag.py for tasks to queue
[2025-01-14T00:13:05.975+0000] {logging_mixin.py:188} INFO - [2025-01-14T00:13:05.975+0000] {dagbag.py:538} INFO - Filling up the DagBag from /home/airflow/.local/lib/python3.8/site-packages/airflow/example_dags/example_external_task_marker_dag.py
[2025-01-14T00:13:05.979+0000] {processor.py:840} INFO - DAG(s) 'example_external_task_marker_child', 'example_external_task_marker_parent' retrieved from /home/airflow/.local/lib/python3.8/site-packages/airflow/example_dags/example_external_task_marker_dag.py
[2025-01-14T00:13:05.993+0000] {logging_mixin.py:188} INFO - [2025-01-14T00:13:05.993+0000] {dag.py:3036} INFO - Sync 2 DAGs
[2025-01-14T00:13:06.001+0000] {logging_mixin.py:188} INFO - [2025-01-14T00:13:06.001+0000] {dag.py:3823} INFO - Setting next_dagrun for example_external_task_marker_child to None, run_after=None
[2025-01-14T00:13:06.003+0000] {logging_mixin.py:188} INFO - [2025-01-14T00:13:06.003+0000] {dag.py:3823} INFO - Setting next_dagrun for example_external_task_marker_parent to None, run_after=None
[2025-01-14T00:13:06.015+0000] {processor.py:183} INFO - Processing /home/airflow/.local/lib/python3.8/site-packages/airflow/example_dags/example_external_task_marker_dag.py took 0.044 seconds
[2025-01-14T00:13:37.154+0000] {processor.py:161} INFO - Started process (PID=904) to work on /home/airflow/.local/lib/python3.8/site-packages/airflow/example_dags/example_external_task_marker_dag.py
[2025-01-14T00:13:37.155+0000] {processor.py:830} INFO - Processing file /home/airflow/.local/lib/python3.8/site-packages/airflow/example_dags/example_external_task_marker_dag.py for tasks to queue
[2025-01-14T00:13:37.156+0000] {logging_mixin.py:188} INFO - [2025-01-14T00:13:37.156+0000] {dagbag.py:538} INFO - Filling up the DagBag from /home/airflow/.local/lib/python3.8/site-packages/airflow/example_dags/example_external_task_marker_dag.py
[2025-01-14T00:13:37.160+0000] {processor.py:840} INFO - DAG(s) 'example_external_task_marker_parent', 'example_external_task_marker_child' retrieved from /home/airflow/.local/lib/python3.8/site-packages/airflow/example_dags/example_external_task_marker_dag.py
[2025-01-14T00:13:37.175+0000] {logging_mixin.py:188} INFO - [2025-01-14T00:13:37.175+0000] {dag.py:3036} INFO - Sync 2 DAGs
[2025-01-14T00:13:37.183+0000] {logging_mixin.py:188} INFO - [2025-01-14T00:13:37.183+0000] {dag.py:3823} INFO - Setting next_dagrun for example_external_task_marker_child to None, run_after=None
[2025-01-14T00:13:37.185+0000] {logging_mixin.py:188} INFO - [2025-01-14T00:13:37.185+0000] {dag.py:3823} INFO - Setting next_dagrun for example_external_task_marker_parent to None, run_after=None
[2025-01-14T00:13:37.197+0000] {processor.py:183} INFO - Processing /home/airflow/.local/lib/python3.8/site-packages/airflow/example_dags/example_external_task_marker_dag.py took 0.045 seconds
[2025-01-14T00:14:07.565+0000] {processor.py:161} INFO - Started process (PID=963) to work on /home/airflow/.local/lib/python3.8/site-packages/airflow/example_dags/example_external_task_marker_dag.py
[2025-01-14T00:14:07.566+0000] {processor.py:830} INFO - Processing file /home/airflow/.local/lib/python3.8/site-packages/airflow/example_dags/example_external_task_marker_dag.py for tasks to queue
[2025-01-14T00:14:07.567+0000] {logging_mixin.py:188} INFO - [2025-01-14T00:14:07.567+0000] {dagbag.py:538} INFO - Filling up the DagBag from /home/airflow/.local/lib/python3.8/site-packages/airflow/example_dags/example_external_task_marker_dag.py
[2025-01-14T00:14:07.571+0000] {processor.py:840} INFO - DAG(s) 'example_external_task_marker_child', 'example_external_task_marker_parent' retrieved from /home/airflow/.local/lib/python3.8/site-packages/airflow/example_dags/example_external_task_marker_dag.py
[2025-01-14T00:14:07.586+0000] {logging_mixin.py:188} INFO - [2025-01-14T00:14:07.586+0000] {dag.py:3036} INFO - Sync 2 DAGs
[2025-01-14T00:14:07.594+0000] {logging_mixin.py:188} INFO - [2025-01-14T00:14:07.594+0000] {dag.py:3823} INFO - Setting next_dagrun for example_external_task_marker_child to None, run_after=None
[2025-01-14T00:14:07.596+0000] {logging_mixin.py:188} INFO - [2025-01-14T00:14:07.596+0000] {dag.py:3823} INFO - Setting next_dagrun for example_external_task_marker_parent to None, run_after=None
[2025-01-14T00:14:07.607+0000] {processor.py:183} INFO - Processing /home/airflow/.local/lib/python3.8/site-packages/airflow/example_dags/example_external_task_marker_dag.py took 0.044 seconds
[2025-01-14T00:14:38.769+0000] {processor.py:161} INFO - Started process (PID=1022) to work on /home/airflow/.local/lib/python3.8/site-packages/airflow/example_dags/example_external_task_marker_dag.py
[2025-01-14T00:14:38.769+0000] {processor.py:830} INFO - Processing file /home/airflow/.local/lib/python3.8/site-packages/airflow/example_dags/example_external_task_marker_dag.py for tasks to queue
[2025-01-14T00:14:38.770+0000] {logging_mixin.py:188} INFO - [2025-01-14T00:14:38.770+0000] {dagbag.py:538} INFO - Filling up the DagBag from /home/airflow/.local/lib/python3.8/site-packages/airflow/example_dags/example_external_task_marker_dag.py
[2025-01-14T00:14:38.774+0000] {processor.py:840} INFO - DAG(s) 'example_external_task_marker_child', 'example_external_task_marker_parent' retrieved from /home/airflow/.local/lib/python3.8/site-packages/airflow/example_dags/example_external_task_marker_dag.py
[2025-01-14T00:14:38.789+0000] {logging_mixin.py:188} INFO - [2025-01-14T00:14:38.789+0000] {dag.py:3036} INFO - Sync 2 DAGs
[2025-01-14T00:14:38.797+0000] {logging_mixin.py:188} INFO - [2025-01-14T00:14:38.796+0000] {dag.py:3823} INFO - Setting next_dagrun for example_external_task_marker_child to None, run_after=None
[2025-01-14T00:14:38.799+0000] {logging_mixin.py:188} INFO - [2025-01-14T00:14:38.799+0000] {dag.py:3823} INFO - Setting next_dagrun for example_external_task_marker_parent to None, run_after=None
[2025-01-14T00:14:38.810+0000] {processor.py:183} INFO - Processing /home/airflow/.local/lib/python3.8/site-packages/airflow/example_dags/example_external_task_marker_dag.py took 0.043 seconds
[2025-01-14T00:15:09.844+0000] {processor.py:161} INFO - Started process (PID=1081) to work on /home/airflow/.local/lib/python3.8/site-packages/airflow/example_dags/example_external_task_marker_dag.py
[2025-01-14T00:15:09.844+0000] {processor.py:830} INFO - Processing file /home/airflow/.local/lib/python3.8/site-packages/airflow/example_dags/example_external_task_marker_dag.py for tasks to queue
[2025-01-14T00:15:09.846+0000] {logging_mixin.py:188} INFO - [2025-01-14T00:15:09.845+0000] {dagbag.py:538} INFO - Filling up the DagBag from /home/airflow/.local/lib/python3.8/site-packages/airflow/example_dags/example_external_task_marker_dag.py
[2025-01-14T00:15:09.850+0000] {processor.py:840} INFO - DAG(s) 'example_external_task_marker_child', 'example_external_task_marker_parent' retrieved from /home/airflow/.local/lib/python3.8/site-packages/airflow/example_dags/example_external_task_marker_dag.py
[2025-01-14T00:15:09.865+0000] {logging_mixin.py:188} INFO - [2025-01-14T00:15:09.864+0000] {dag.py:3036} INFO - Sync 2 DAGs
[2025-01-14T00:15:09.872+0000] {logging_mixin.py:188} INFO - [2025-01-14T00:15:09.872+0000] {dag.py:3823} INFO - Setting next_dagrun for example_external_task_marker_child to None, run_after=None
[2025-01-14T00:15:09.875+0000] {logging_mixin.py:188} INFO - [2025-01-14T00:15:09.875+0000] {dag.py:3823} INFO - Setting next_dagrun for example_external_task_marker_parent to None, run_after=None
[2025-01-14T00:15:09.886+0000] {processor.py:183} INFO - Processing /home/airflow/.local/lib/python3.8/site-packages/airflow/example_dags/example_external_task_marker_dag.py took 0.044 seconds
[2025-01-14T00:15:41.086+0000] {processor.py:161} INFO - Started process (PID=1140) to work on /home/airflow/.local/lib/python3.8/site-packages/airflow/example_dags/example_external_task_marker_dag.py
[2025-01-14T00:15:41.087+0000] {processor.py:830} INFO - Processing file /home/airflow/.local/lib/python3.8/site-packages/airflow/example_dags/example_external_task_marker_dag.py for tasks to queue
[2025-01-14T00:15:41.088+0000] {logging_mixin.py:188} INFO - [2025-01-14T00:15:41.088+0000] {dagbag.py:538} INFO - Filling up the DagBag from /home/airflow/.local/lib/python3.8/site-packages/airflow/example_dags/example_external_task_marker_dag.py
[2025-01-14T00:15:41.092+0000] {processor.py:840} INFO - DAG(s) 'example_external_task_marker_child', 'example_external_task_marker_parent' retrieved from /home/airflow/.local/lib/python3.8/site-packages/airflow/example_dags/example_external_task_marker_dag.py
[2025-01-14T00:15:41.107+0000] {logging_mixin.py:188} INFO - [2025-01-14T00:15:41.106+0000] {dag.py:3036} INFO - Sync 2 DAGs
[2025-01-14T00:15:41.115+0000] {logging_mixin.py:188} INFO - [2025-01-14T00:15:41.114+0000] {dag.py:3823} INFO - Setting next_dagrun for example_external_task_marker_child to None, run_after=None
[2025-01-14T00:15:41.117+0000] {logging_mixin.py:188} INFO - [2025-01-14T00:15:41.117+0000] {dag.py:3823} INFO - Setting next_dagrun for example_external_task_marker_parent to None, run_after=None
[2025-01-14T00:15:41.128+0000] {processor.py:183} INFO - Processing /home/airflow/.local/lib/python3.8/site-packages/airflow/example_dags/example_external_task_marker_dag.py took 0.043 seconds
[2025-01-14T00:16:12.489+0000] {processor.py:161} INFO - Started process (PID=1199) to work on /home/airflow/.local/lib/python3.8/site-packages/airflow/example_dags/example_external_task_marker_dag.py
[2025-01-14T00:16:12.490+0000] {processor.py:830} INFO - Processing file /home/airflow/.local/lib/python3.8/site-packages/airflow/example_dags/example_external_task_marker_dag.py for tasks to queue
[2025-01-14T00:16:12.491+0000] {logging_mixin.py:188} INFO - [2025-01-14T00:16:12.490+0000] {dagbag.py:538} INFO - Filling up the DagBag from /home/airflow/.local/lib/python3.8/site-packages/airflow/example_dags/example_external_task_marker_dag.py
[2025-01-14T00:16:12.494+0000] {processor.py:840} INFO - DAG(s) 'example_external_task_marker_child', 'example_external_task_marker_parent' retrieved from /home/airflow/.local/lib/python3.8/site-packages/airflow/example_dags/example_external_task_marker_dag.py
[2025-01-14T00:16:12.508+0000] {logging_mixin.py:188} INFO - [2025-01-14T00:16:12.508+0000] {dag.py:3036} INFO - Sync 2 DAGs
[2025-01-14T00:16:12.517+0000] {logging_mixin.py:188} INFO - [2025-01-14T00:16:12.517+0000] {dag.py:3823} INFO - Setting next_dagrun for example_external_task_marker_child to None, run_after=None
[2025-01-14T00:16:12.519+0000] {logging_mixin.py:188} INFO - [2025-01-14T00:16:12.519+0000] {dag.py:3823} INFO - Setting next_dagrun for example_external_task_marker_parent to None, run_after=None
[2025-01-14T00:16:12.531+0000] {processor.py:183} INFO - Processing /home/airflow/.local/lib/python3.8/site-packages/airflow/example_dags/example_external_task_marker_dag.py took 0.044 seconds
[2025-01-14T00:16:43.685+0000] {processor.py:161} INFO - Started process (PID=1264) to work on /home/airflow/.local/lib/python3.8/site-packages/airflow/example_dags/example_external_task_marker_dag.py
[2025-01-14T00:16:43.686+0000] {processor.py:830} INFO - Processing file /home/airflow/.local/lib/python3.8/site-packages/airflow/example_dags/example_external_task_marker_dag.py for tasks to queue
[2025-01-14T00:16:43.687+0000] {logging_mixin.py:188} INFO - [2025-01-14T00:16:43.686+0000] {dagbag.py:538} INFO - Filling up the DagBag from /home/airflow/.local/lib/python3.8/site-packages/airflow/example_dags/example_external_task_marker_dag.py
[2025-01-14T00:16:43.690+0000] {processor.py:840} INFO - DAG(s) 'example_external_task_marker_child', 'example_external_task_marker_parent' retrieved from /home/airflow/.local/lib/python3.8/site-packages/airflow/example_dags/example_external_task_marker_dag.py
[2025-01-14T00:16:43.704+0000] {logging_mixin.py:188} INFO - [2025-01-14T00:16:43.704+0000] {dag.py:3036} INFO - Sync 2 DAGs
[2025-01-14T00:16:43.712+0000] {logging_mixin.py:188} INFO - [2025-01-14T00:16:43.712+0000] {dag.py:3823} INFO - Setting next_dagrun for example_external_task_marker_child to None, run_after=None
[2025-01-14T00:16:43.714+0000] {logging_mixin.py:188} INFO - [2025-01-14T00:16:43.714+0000] {dag.py:3823} INFO - Setting next_dagrun for example_external_task_marker_parent to None, run_after=None
[2025-01-14T00:16:43.725+0000] {processor.py:183} INFO - Processing /home/airflow/.local/lib/python3.8/site-packages/airflow/example_dags/example_external_task_marker_dag.py took 0.042 seconds
[2025-01-14T00:17:14.821+0000] {processor.py:161} INFO - Started process (PID=1323) to work on /home/airflow/.local/lib/python3.8/site-packages/airflow/example_dags/example_external_task_marker_dag.py
[2025-01-14T00:17:14.822+0000] {processor.py:830} INFO - Processing file /home/airflow/.local/lib/python3.8/site-packages/airflow/example_dags/example_external_task_marker_dag.py for tasks to queue
[2025-01-14T00:17:14.823+0000] {logging_mixin.py:188} INFO - [2025-01-14T00:17:14.823+0000] {dagbag.py:538} INFO - Filling up the DagBag from /home/airflow/.local/lib/python3.8/site-packages/airflow/example_dags/example_external_task_marker_dag.py
[2025-01-14T00:17:14.826+0000] {processor.py:840} INFO - DAG(s) 'example_external_task_marker_parent', 'example_external_task_marker_child' retrieved from /home/airflow/.local/lib/python3.8/site-packages/airflow/example_dags/example_external_task_marker_dag.py
[2025-01-14T00:17:14.840+0000] {logging_mixin.py:188} INFO - [2025-01-14T00:17:14.840+0000] {dag.py:3036} INFO - Sync 2 DAGs
[2025-01-14T00:17:14.848+0000] {logging_mixin.py:188} INFO - [2025-01-14T00:17:14.848+0000] {dag.py:3823} INFO - Setting next_dagrun for example_external_task_marker_child to None, run_after=None
[2025-01-14T00:17:14.850+0000] {logging_mixin.py:188} INFO - [2025-01-14T00:17:14.850+0000] {dag.py:3823} INFO - Setting next_dagrun for example_external_task_marker_parent to None, run_after=None
[2025-01-14T00:17:14.862+0000] {processor.py:183} INFO - Processing /home/airflow/.local/lib/python3.8/site-packages/airflow/example_dags/example_external_task_marker_dag.py took 0.043 seconds
[2025-01-14T00:17:45.935+0000] {processor.py:161} INFO - Started process (PID=1382) to work on /home/airflow/.local/lib/python3.8/site-packages/airflow/example_dags/example_external_task_marker_dag.py
[2025-01-14T00:17:45.935+0000] {processor.py:830} INFO - Processing file /home/airflow/.local/lib/python3.8/site-packages/airflow/example_dags/example_external_task_marker_dag.py for tasks to queue
[2025-01-14T00:17:45.936+0000] {logging_mixin.py:188} INFO - [2025-01-14T00:17:45.936+0000] {dagbag.py:538} INFO - Filling up the DagBag from /home/airflow/.local/lib/python3.8/site-packages/airflow/example_dags/example_external_task_marker_dag.py
[2025-01-14T00:17:45.940+0000] {processor.py:840} INFO - DAG(s) 'example_external_task_marker_parent', 'example_external_task_marker_child' retrieved from /home/airflow/.local/lib/python3.8/site-packages/airflow/example_dags/example_external_task_marker_dag.py
[2025-01-14T00:17:45.954+0000] {logging_mixin.py:188} INFO - [2025-01-14T00:17:45.954+0000] {dag.py:3036} INFO - Sync 2 DAGs
[2025-01-14T00:17:45.962+0000] {logging_mixin.py:188} INFO - [2025-01-14T00:17:45.962+0000] {dag.py:3823} INFO - Setting next_dagrun for example_external_task_marker_child to None, run_after=None
[2025-01-14T00:17:45.964+0000] {logging_mixin.py:188} INFO - [2025-01-14T00:17:45.964+0000] {dag.py:3823} INFO - Setting next_dagrun for example_external_task_marker_parent to None, run_after=None
[2025-01-14T00:17:45.975+0000] {processor.py:183} INFO - Processing /home/airflow/.local/lib/python3.8/site-packages/airflow/example_dags/example_external_task_marker_dag.py took 0.042 seconds
[2025-01-14T00:18:16.369+0000] {processor.py:161} INFO - Started process (PID=1441) to work on /home/airflow/.local/lib/python3.8/site-packages/airflow/example_dags/example_external_task_marker_dag.py
[2025-01-14T00:18:16.370+0000] {processor.py:830} INFO - Processing file /home/airflow/.local/lib/python3.8/site-packages/airflow/example_dags/example_external_task_marker_dag.py for tasks to queue
[2025-01-14T00:18:16.371+0000] {logging_mixin.py:188} INFO - [2025-01-14T00:18:16.371+0000] {dagbag.py:538} INFO - Filling up the DagBag from /home/airflow/.local/lib/python3.8/site-packages/airflow/example_dags/example_external_task_marker_dag.py
[2025-01-14T00:18:16.375+0000] {processor.py:840} INFO - DAG(s) 'example_external_task_marker_child', 'example_external_task_marker_parent' retrieved from /home/airflow/.local/lib/python3.8/site-packages/airflow/example_dags/example_external_task_marker_dag.py
[2025-01-14T00:18:16.389+0000] {logging_mixin.py:188} INFO - [2025-01-14T00:18:16.389+0000] {dag.py:3036} INFO - Sync 2 DAGs
[2025-01-14T00:18:16.397+0000] {logging_mixin.py:188} INFO - [2025-01-14T00:18:16.397+0000] {dag.py:3823} INFO - Setting next_dagrun for example_external_task_marker_child to None, run_after=None
[2025-01-14T00:18:16.399+0000] {logging_mixin.py:188} INFO - [2025-01-14T00:18:16.399+0000] {dag.py:3823} INFO - Setting next_dagrun for example_external_task_marker_parent to None, run_after=None
[2025-01-14T00:18:16.410+0000] {processor.py:183} INFO - Processing /home/airflow/.local/lib/python3.8/site-packages/airflow/example_dags/example_external_task_marker_dag.py took 0.043 seconds
[2025-01-14T00:18:47.569+0000] {processor.py:161} INFO - Started process (PID=1500) to work on /home/airflow/.local/lib/python3.8/site-packages/airflow/example_dags/example_external_task_marker_dag.py
[2025-01-14T00:18:47.570+0000] {processor.py:830} INFO - Processing file /home/airflow/.local/lib/python3.8/site-packages/airflow/example_dags/example_external_task_marker_dag.py for tasks to queue
[2025-01-14T00:18:47.571+0000] {logging_mixin.py:188} INFO - [2025-01-14T00:18:47.571+0000] {dagbag.py:538} INFO - Filling up the DagBag from /home/airflow/.local/lib/python3.8/site-packages/airflow/example_dags/example_external_task_marker_dag.py
[2025-01-14T00:18:47.575+0000] {processor.py:840} INFO - DAG(s) 'example_external_task_marker_child', 'example_external_task_marker_parent' retrieved from /home/airflow/.local/lib/python3.8/site-packages/airflow/example_dags/example_external_task_marker_dag.py
[2025-01-14T00:18:47.590+0000] {logging_mixin.py:188} INFO - [2025-01-14T00:18:47.589+0000] {dag.py:3036} INFO - Sync 2 DAGs
[2025-01-14T00:18:47.598+0000] {logging_mixin.py:188} INFO - [2025-01-14T00:18:47.597+0000] {dag.py:3823} INFO - Setting next_dagrun for example_external_task_marker_child to None, run_after=None
[2025-01-14T00:18:47.600+0000] {logging_mixin.py:188} INFO - [2025-01-14T00:18:47.600+0000] {dag.py:3823} INFO - Setting next_dagrun for example_external_task_marker_parent to None, run_after=None
[2025-01-14T00:18:47.611+0000] {processor.py:183} INFO - Processing /home/airflow/.local/lib/python3.8/site-packages/airflow/example_dags/example_external_task_marker_dag.py took 0.044 seconds
[2025-01-14T00:19:18.675+0000] {processor.py:161} INFO - Started process (PID=1559) to work on /home/airflow/.local/lib/python3.8/site-packages/airflow/example_dags/example_external_task_marker_dag.py
[2025-01-14T00:19:18.676+0000] {processor.py:830} INFO - Processing file /home/airflow/.local/lib/python3.8/site-packages/airflow/example_dags/example_external_task_marker_dag.py for tasks to queue
[2025-01-14T00:19:18.677+0000] {logging_mixin.py:188} INFO - [2025-01-14T00:19:18.677+0000] {dagbag.py:538} INFO - Filling up the DagBag from /home/airflow/.local/lib/python3.8/site-packages/airflow/example_dags/example_external_task_marker_dag.py
[2025-01-14T00:19:18.682+0000] {processor.py:840} INFO - DAG(s) 'example_external_task_marker_parent', 'example_external_task_marker_child' retrieved from /home/airflow/.local/lib/python3.8/site-packages/airflow/example_dags/example_external_task_marker_dag.py
[2025-01-14T00:19:18.703+0000] {logging_mixin.py:188} INFO - [2025-01-14T00:19:18.703+0000] {dag.py:3036} INFO - Sync 2 DAGs
[2025-01-14T00:19:18.715+0000] {logging_mixin.py:188} INFO - [2025-01-14T00:19:18.715+0000] {dag.py:3823} INFO - Setting next_dagrun for example_external_task_marker_child to None, run_after=None
[2025-01-14T00:19:18.719+0000] {logging_mixin.py:188} INFO - [2025-01-14T00:19:18.719+0000] {dag.py:3823} INFO - Setting next_dagrun for example_external_task_marker_parent to None, run_after=None
[2025-01-14T00:19:18.737+0000] {processor.py:183} INFO - Processing /home/airflow/.local/lib/python3.8/site-packages/airflow/example_dags/example_external_task_marker_dag.py took 0.064 seconds
[2025-01-14T00:19:50.126+0000] {processor.py:161} INFO - Started process (PID=1618) to work on /home/airflow/.local/lib/python3.8/site-packages/airflow/example_dags/example_external_task_marker_dag.py
[2025-01-14T00:19:50.127+0000] {processor.py:830} INFO - Processing file /home/airflow/.local/lib/python3.8/site-packages/airflow/example_dags/example_external_task_marker_dag.py for tasks to queue
[2025-01-14T00:19:50.128+0000] {logging_mixin.py:188} INFO - [2025-01-14T00:19:50.128+0000] {dagbag.py:538} INFO - Filling up the DagBag from /home/airflow/.local/lib/python3.8/site-packages/airflow/example_dags/example_external_task_marker_dag.py
[2025-01-14T00:19:50.131+0000] {processor.py:840} INFO - DAG(s) 'example_external_task_marker_child', 'example_external_task_marker_parent' retrieved from /home/airflow/.local/lib/python3.8/site-packages/airflow/example_dags/example_external_task_marker_dag.py
[2025-01-14T00:19:50.145+0000] {logging_mixin.py:188} INFO - [2025-01-14T00:19:50.145+0000] {dag.py:3036} INFO - Sync 2 DAGs
[2025-01-14T00:19:50.153+0000] {logging_mixin.py:188} INFO - [2025-01-14T00:19:50.153+0000] {dag.py:3823} INFO - Setting next_dagrun for example_external_task_marker_child to None, run_after=None
[2025-01-14T00:19:50.155+0000] {logging_mixin.py:188} INFO - [2025-01-14T00:19:50.155+0000] {dag.py:3823} INFO - Setting next_dagrun for example_external_task_marker_parent to None, run_after=None
[2025-01-14T00:19:50.166+0000] {processor.py:183} INFO - Processing /home/airflow/.local/lib/python3.8/site-packages/airflow/example_dags/example_external_task_marker_dag.py took 0.043 seconds
[2025-01-14T00:20:21.754+0000] {processor.py:161} INFO - Started process (PID=1677) to work on /home/airflow/.local/lib/python3.8/site-packages/airflow/example_dags/example_external_task_marker_dag.py
[2025-01-14T00:20:21.755+0000] {processor.py:830} INFO - Processing file /home/airflow/.local/lib/python3.8/site-packages/airflow/example_dags/example_external_task_marker_dag.py for tasks to queue
[2025-01-14T00:20:21.757+0000] {logging_mixin.py:188} INFO - [2025-01-14T00:20:21.756+0000] {dagbag.py:538} INFO - Filling up the DagBag from /home/airflow/.local/lib/python3.8/site-packages/airflow/example_dags/example_external_task_marker_dag.py
[2025-01-14T00:20:21.761+0000] {processor.py:840} INFO - DAG(s) 'example_external_task_marker_parent', 'example_external_task_marker_child' retrieved from /home/airflow/.local/lib/python3.8/site-packages/airflow/example_dags/example_external_task_marker_dag.py
[2025-01-14T00:20:21.782+0000] {logging_mixin.py:188} INFO - [2025-01-14T00:20:21.782+0000] {dag.py:3036} INFO - Sync 2 DAGs
[2025-01-14T00:20:21.793+0000] {logging_mixin.py:188} INFO - [2025-01-14T00:20:21.793+0000] {dag.py:3823} INFO - Setting next_dagrun for example_external_task_marker_child to None, run_after=None
[2025-01-14T00:20:21.796+0000] {logging_mixin.py:188} INFO - [2025-01-14T00:20:21.796+0000] {dag.py:3823} INFO - Setting next_dagrun for example_external_task_marker_parent to None, run_after=None
[2025-01-14T00:20:21.811+0000] {processor.py:183} INFO - Processing /home/airflow/.local/lib/python3.8/site-packages/airflow/example_dags/example_external_task_marker_dag.py took 0.059 seconds
[2025-01-14T00:20:51.876+0000] {processor.py:161} INFO - Started process (PID=1736) to work on /home/airflow/.local/lib/python3.8/site-packages/airflow/example_dags/example_external_task_marker_dag.py
[2025-01-14T00:20:51.877+0000] {processor.py:830} INFO - Processing file /home/airflow/.local/lib/python3.8/site-packages/airflow/example_dags/example_external_task_marker_dag.py for tasks to queue
[2025-01-14T00:20:51.878+0000] {logging_mixin.py:188} INFO - [2025-01-14T00:20:51.878+0000] {dagbag.py:538} INFO - Filling up the DagBag from /home/airflow/.local/lib/python3.8/site-packages/airflow/example_dags/example_external_task_marker_dag.py
[2025-01-14T00:20:51.882+0000] {processor.py:840} INFO - DAG(s) 'example_external_task_marker_parent', 'example_external_task_marker_child' retrieved from /home/airflow/.local/lib/python3.8/site-packages/airflow/example_dags/example_external_task_marker_dag.py
[2025-01-14T00:20:51.897+0000] {logging_mixin.py:188} INFO - [2025-01-14T00:20:51.897+0000] {dag.py:3036} INFO - Sync 2 DAGs
[2025-01-14T00:20:51.905+0000] {logging_mixin.py:188} INFO - [2025-01-14T00:20:51.905+0000] {dag.py:3823} INFO - Setting next_dagrun for example_external_task_marker_child to None, run_after=None
[2025-01-14T00:20:51.907+0000] {logging_mixin.py:188} INFO - [2025-01-14T00:20:51.907+0000] {dag.py:3823} INFO - Setting next_dagrun for example_external_task_marker_parent to None, run_after=None
[2025-01-14T00:20:51.919+0000] {processor.py:183} INFO - Processing /home/airflow/.local/lib/python3.8/site-packages/airflow/example_dags/example_external_task_marker_dag.py took 0.045 seconds
[2025-01-14T00:21:22.840+0000] {processor.py:161} INFO - Started process (PID=1795) to work on /home/airflow/.local/lib/python3.8/site-packages/airflow/example_dags/example_external_task_marker_dag.py
[2025-01-14T00:21:22.840+0000] {processor.py:830} INFO - Processing file /home/airflow/.local/lib/python3.8/site-packages/airflow/example_dags/example_external_task_marker_dag.py for tasks to queue
[2025-01-14T00:21:22.841+0000] {logging_mixin.py:188} INFO - [2025-01-14T00:21:22.841+0000] {dagbag.py:538} INFO - Filling up the DagBag from /home/airflow/.local/lib/python3.8/site-packages/airflow/example_dags/example_external_task_marker_dag.py
[2025-01-14T00:21:22.845+0000] {processor.py:840} INFO - DAG(s) 'example_external_task_marker_parent', 'example_external_task_marker_child' retrieved from /home/airflow/.local/lib/python3.8/site-packages/airflow/example_dags/example_external_task_marker_dag.py
[2025-01-14T00:21:22.860+0000] {logging_mixin.py:188} INFO - [2025-01-14T00:21:22.860+0000] {dag.py:3036} INFO - Sync 2 DAGs
[2025-01-14T00:21:22.868+0000] {logging_mixin.py:188} INFO - [2025-01-14T00:21:22.868+0000] {dag.py:3823} INFO - Setting next_dagrun for example_external_task_marker_child to None, run_after=None
[2025-01-14T00:21:22.870+0000] {logging_mixin.py:188} INFO - [2025-01-14T00:21:22.870+0000] {dag.py:3823} INFO - Setting next_dagrun for example_external_task_marker_parent to None, run_after=None
[2025-01-14T00:21:22.881+0000] {processor.py:183} INFO - Processing /home/airflow/.local/lib/python3.8/site-packages/airflow/example_dags/example_external_task_marker_dag.py took 0.044 seconds
[2025-01-14T00:21:54.327+0000] {processor.py:161} INFO - Started process (PID=1854) to work on /home/airflow/.local/lib/python3.8/site-packages/airflow/example_dags/example_external_task_marker_dag.py
[2025-01-14T00:21:54.328+0000] {processor.py:830} INFO - Processing file /home/airflow/.local/lib/python3.8/site-packages/airflow/example_dags/example_external_task_marker_dag.py for tasks to queue
[2025-01-14T00:21:54.329+0000] {logging_mixin.py:188} INFO - [2025-01-14T00:21:54.329+0000] {dagbag.py:538} INFO - Filling up the DagBag from /home/airflow/.local/lib/python3.8/site-packages/airflow/example_dags/example_external_task_marker_dag.py
[2025-01-14T00:21:54.333+0000] {processor.py:840} INFO - DAG(s) 'example_external_task_marker_child', 'example_external_task_marker_parent' retrieved from /home/airflow/.local/lib/python3.8/site-packages/airflow/example_dags/example_external_task_marker_dag.py
[2025-01-14T00:21:54.347+0000] {logging_mixin.py:188} INFO - [2025-01-14T00:21:54.347+0000] {dag.py:3036} INFO - Sync 2 DAGs
[2025-01-14T00:21:54.355+0000] {logging_mixin.py:188} INFO - [2025-01-14T00:21:54.355+0000] {dag.py:3823} INFO - Setting next_dagrun for example_external_task_marker_child to None, run_after=None
[2025-01-14T00:21:54.357+0000] {logging_mixin.py:188} INFO - [2025-01-14T00:21:54.357+0000] {dag.py:3823} INFO - Setting next_dagrun for example_external_task_marker_parent to None, run_after=None
[2025-01-14T00:21:54.369+0000] {processor.py:183} INFO - Processing /home/airflow/.local/lib/python3.8/site-packages/airflow/example_dags/example_external_task_marker_dag.py took 0.043 seconds
[2025-01-14T00:22:25.471+0000] {processor.py:161} INFO - Started process (PID=1913) to work on /home/airflow/.local/lib/python3.8/site-packages/airflow/example_dags/example_external_task_marker_dag.py
[2025-01-14T00:22:25.472+0000] {processor.py:830} INFO - Processing file /home/airflow/.local/lib/python3.8/site-packages/airflow/example_dags/example_external_task_marker_dag.py for tasks to queue
[2025-01-14T00:22:25.473+0000] {logging_mixin.py:188} INFO - [2025-01-14T00:22:25.472+0000] {dagbag.py:538} INFO - Filling up the DagBag from /home/airflow/.local/lib/python3.8/site-packages/airflow/example_dags/example_external_task_marker_dag.py
[2025-01-14T00:22:25.476+0000] {processor.py:840} INFO - DAG(s) 'example_external_task_marker_parent', 'example_external_task_marker_child' retrieved from /home/airflow/.local/lib/python3.8/site-packages/airflow/example_dags/example_external_task_marker_dag.py
[2025-01-14T00:22:25.491+0000] {logging_mixin.py:188} INFO - [2025-01-14T00:22:25.491+0000] {dag.py:3036} INFO - Sync 2 DAGs
[2025-01-14T00:22:25.498+0000] {logging_mixin.py:188} INFO - [2025-01-14T00:22:25.498+0000] {dag.py:3823} INFO - Setting next_dagrun for example_external_task_marker_child to None, run_after=None
[2025-01-14T00:22:25.501+0000] {logging_mixin.py:188} INFO - [2025-01-14T00:22:25.501+0000] {dag.py:3823} INFO - Setting next_dagrun for example_external_task_marker_parent to None, run_after=None
[2025-01-14T00:22:25.512+0000] {processor.py:183} INFO - Processing /home/airflow/.local/lib/python3.8/site-packages/airflow/example_dags/example_external_task_marker_dag.py took 0.043 seconds
[2025-01-14T00:22:56.579+0000] {processor.py:161} INFO - Started process (PID=1972) to work on /home/airflow/.local/lib/python3.8/site-packages/airflow/example_dags/example_external_task_marker_dag.py
[2025-01-14T00:22:56.579+0000] {processor.py:830} INFO - Processing file /home/airflow/.local/lib/python3.8/site-packages/airflow/example_dags/example_external_task_marker_dag.py for tasks to queue
[2025-01-14T00:22:56.581+0000] {logging_mixin.py:188} INFO - [2025-01-14T00:22:56.581+0000] {dagbag.py:538} INFO - Filling up the DagBag from /home/airflow/.local/lib/python3.8/site-packages/airflow/example_dags/example_external_task_marker_dag.py
[2025-01-14T00:22:56.585+0000] {processor.py:840} INFO - DAG(s) 'example_external_task_marker_child', 'example_external_task_marker_parent' retrieved from /home/airflow/.local/lib/python3.8/site-packages/airflow/example_dags/example_external_task_marker_dag.py
[2025-01-14T00:22:56.601+0000] {logging_mixin.py:188} INFO - [2025-01-14T00:22:56.601+0000] {dag.py:3036} INFO - Sync 2 DAGs
[2025-01-14T00:22:56.609+0000] {logging_mixin.py:188} INFO - [2025-01-14T00:22:56.609+0000] {dag.py:3823} INFO - Setting next_dagrun for example_external_task_marker_child to None, run_after=None
[2025-01-14T00:22:56.611+0000] {logging_mixin.py:188} INFO - [2025-01-14T00:22:56.611+0000] {dag.py:3823} INFO - Setting next_dagrun for example_external_task_marker_parent to None, run_after=None
[2025-01-14T00:22:56.622+0000] {processor.py:183} INFO - Processing /home/airflow/.local/lib/python3.8/site-packages/airflow/example_dags/example_external_task_marker_dag.py took 0.045 seconds
[2025-01-14T00:23:27.768+0000] {processor.py:161} INFO - Started process (PID=2031) to work on /home/airflow/.local/lib/python3.8/site-packages/airflow/example_dags/example_external_task_marker_dag.py
[2025-01-14T00:23:27.768+0000] {processor.py:830} INFO - Processing file /home/airflow/.local/lib/python3.8/site-packages/airflow/example_dags/example_external_task_marker_dag.py for tasks to queue
[2025-01-14T00:23:27.769+0000] {logging_mixin.py:188} INFO - [2025-01-14T00:23:27.769+0000] {dagbag.py:538} INFO - Filling up the DagBag from /home/airflow/.local/lib/python3.8/site-packages/airflow/example_dags/example_external_task_marker_dag.py
[2025-01-14T00:23:27.773+0000] {processor.py:840} INFO - DAG(s) 'example_external_task_marker_child', 'example_external_task_marker_parent' retrieved from /home/airflow/.local/lib/python3.8/site-packages/airflow/example_dags/example_external_task_marker_dag.py
[2025-01-14T00:23:27.788+0000] {logging_mixin.py:188} INFO - [2025-01-14T00:23:27.788+0000] {dag.py:3036} INFO - Sync 2 DAGs
[2025-01-14T00:23:27.795+0000] {logging_mixin.py:188} INFO - [2025-01-14T00:23:27.795+0000] {dag.py:3823} INFO - Setting next_dagrun for example_external_task_marker_child to None, run_after=None
[2025-01-14T00:23:27.797+0000] {logging_mixin.py:188} INFO - [2025-01-14T00:23:27.797+0000] {dag.py:3823} INFO - Setting next_dagrun for example_external_task_marker_parent to None, run_after=None
[2025-01-14T00:23:27.809+0000] {processor.py:183} INFO - Processing /home/airflow/.local/lib/python3.8/site-packages/airflow/example_dags/example_external_task_marker_dag.py took 0.043 seconds
[2025-01-14T00:23:58.853+0000] {processor.py:161} INFO - Started process (PID=2090) to work on /home/airflow/.local/lib/python3.8/site-packages/airflow/example_dags/example_external_task_marker_dag.py
[2025-01-14T00:23:58.854+0000] {processor.py:830} INFO - Processing file /home/airflow/.local/lib/python3.8/site-packages/airflow/example_dags/example_external_task_marker_dag.py for tasks to queue
[2025-01-14T00:23:58.855+0000] {logging_mixin.py:188} INFO - [2025-01-14T00:23:58.855+0000] {dagbag.py:538} INFO - Filling up the DagBag from /home/airflow/.local/lib/python3.8/site-packages/airflow/example_dags/example_external_task_marker_dag.py
[2025-01-14T00:23:58.859+0000] {processor.py:840} INFO - DAG(s) 'example_external_task_marker_child', 'example_external_task_marker_parent' retrieved from /home/airflow/.local/lib/python3.8/site-packages/airflow/example_dags/example_external_task_marker_dag.py
[2025-01-14T00:23:58.874+0000] {logging_mixin.py:188} INFO - [2025-01-14T00:23:58.874+0000] {dag.py:3036} INFO - Sync 2 DAGs
[2025-01-14T00:23:58.882+0000] {logging_mixin.py:188} INFO - [2025-01-14T00:23:58.882+0000] {dag.py:3823} INFO - Setting next_dagrun for example_external_task_marker_child to None, run_after=None
[2025-01-14T00:23:58.884+0000] {logging_mixin.py:188} INFO - [2025-01-14T00:23:58.884+0000] {dag.py:3823} INFO - Setting next_dagrun for example_external_task_marker_parent to None, run_after=None
[2025-01-14T00:23:58.895+0000] {processor.py:183} INFO - Processing /home/airflow/.local/lib/python3.8/site-packages/airflow/example_dags/example_external_task_marker_dag.py took 0.043 seconds
[2025-01-14T00:24:29.973+0000] {processor.py:161} INFO - Started process (PID=2149) to work on /home/airflow/.local/lib/python3.8/site-packages/airflow/example_dags/example_external_task_marker_dag.py
[2025-01-14T00:24:29.974+0000] {processor.py:830} INFO - Processing file /home/airflow/.local/lib/python3.8/site-packages/airflow/example_dags/example_external_task_marker_dag.py for tasks to queue
[2025-01-14T00:24:29.975+0000] {logging_mixin.py:188} INFO - [2025-01-14T00:24:29.975+0000] {dagbag.py:538} INFO - Filling up the DagBag from /home/airflow/.local/lib/python3.8/site-packages/airflow/example_dags/example_external_task_marker_dag.py
[2025-01-14T00:24:29.979+0000] {processor.py:840} INFO - DAG(s) 'example_external_task_marker_parent', 'example_external_task_marker_child' retrieved from /home/airflow/.local/lib/python3.8/site-packages/airflow/example_dags/example_external_task_marker_dag.py
[2025-01-14T00:24:29.993+0000] {logging_mixin.py:188} INFO - [2025-01-14T00:24:29.993+0000] {dag.py:3036} INFO - Sync 2 DAGs
[2025-01-14T00:24:30.001+0000] {logging_mixin.py:188} INFO - [2025-01-14T00:24:30.001+0000] {dag.py:3823} INFO - Setting next_dagrun for example_external_task_marker_child to None, run_after=None
[2025-01-14T00:24:30.003+0000] {logging_mixin.py:188} INFO - [2025-01-14T00:24:30.003+0000] {dag.py:3823} INFO - Setting next_dagrun for example_external_task_marker_parent to None, run_after=None
[2025-01-14T00:24:30.014+0000] {processor.py:183} INFO - Processing /home/airflow/.local/lib/python3.8/site-packages/airflow/example_dags/example_external_task_marker_dag.py took 0.043 seconds
[2025-01-14T00:25:00.356+0000] {processor.py:161} INFO - Started process (PID=2208) to work on /home/airflow/.local/lib/python3.8/site-packages/airflow/example_dags/example_external_task_marker_dag.py
[2025-01-14T00:25:00.357+0000] {processor.py:830} INFO - Processing file /home/airflow/.local/lib/python3.8/site-packages/airflow/example_dags/example_external_task_marker_dag.py for tasks to queue
[2025-01-14T00:25:00.358+0000] {logging_mixin.py:188} INFO - [2025-01-14T00:25:00.357+0000] {dagbag.py:538} INFO - Filling up the DagBag from /home/airflow/.local/lib/python3.8/site-packages/airflow/example_dags/example_external_task_marker_dag.py
[2025-01-14T00:25:00.361+0000] {processor.py:840} INFO - DAG(s) 'example_external_task_marker_parent', 'example_external_task_marker_child' retrieved from /home/airflow/.local/lib/python3.8/site-packages/airflow/example_dags/example_external_task_marker_dag.py
[2025-01-14T00:25:00.375+0000] {logging_mixin.py:188} INFO - [2025-01-14T00:25:00.375+0000] {dag.py:3036} INFO - Sync 2 DAGs
[2025-01-14T00:25:00.383+0000] {logging_mixin.py:188} INFO - [2025-01-14T00:25:00.383+0000] {dag.py:3823} INFO - Setting next_dagrun for example_external_task_marker_child to None, run_after=None
[2025-01-14T00:25:00.385+0000] {logging_mixin.py:188} INFO - [2025-01-14T00:25:00.385+0000] {dag.py:3823} INFO - Setting next_dagrun for example_external_task_marker_parent to None, run_after=None
[2025-01-14T00:25:00.396+0000] {processor.py:183} INFO - Processing /home/airflow/.local/lib/python3.8/site-packages/airflow/example_dags/example_external_task_marker_dag.py took 0.042 seconds
[2025-01-14T00:25:31.337+0000] {processor.py:161} INFO - Started process (PID=2267) to work on /home/airflow/.local/lib/python3.8/site-packages/airflow/example_dags/example_external_task_marker_dag.py
[2025-01-14T00:25:31.338+0000] {processor.py:830} INFO - Processing file /home/airflow/.local/lib/python3.8/site-packages/airflow/example_dags/example_external_task_marker_dag.py for tasks to queue
[2025-01-14T00:25:31.339+0000] {logging_mixin.py:188} INFO - [2025-01-14T00:25:31.339+0000] {dagbag.py:538} INFO - Filling up the DagBag from /home/airflow/.local/lib/python3.8/site-packages/airflow/example_dags/example_external_task_marker_dag.py
[2025-01-14T00:25:31.343+0000] {processor.py:840} INFO - DAG(s) 'example_external_task_marker_parent', 'example_external_task_marker_child' retrieved from /home/airflow/.local/lib/python3.8/site-packages/airflow/example_dags/example_external_task_marker_dag.py
[2025-01-14T00:25:31.358+0000] {logging_mixin.py:188} INFO - [2025-01-14T00:25:31.358+0000] {dag.py:3036} INFO - Sync 2 DAGs
[2025-01-14T00:25:31.366+0000] {logging_mixin.py:188} INFO - [2025-01-14T00:25:31.366+0000] {dag.py:3823} INFO - Setting next_dagrun for example_external_task_marker_child to None, run_after=None
[2025-01-14T00:25:31.370+0000] {logging_mixin.py:188} INFO - [2025-01-14T00:25:31.369+0000] {dag.py:3823} INFO - Setting next_dagrun for example_external_task_marker_parent to None, run_after=None
[2025-01-14T00:25:31.382+0000] {processor.py:183} INFO - Processing /home/airflow/.local/lib/python3.8/site-packages/airflow/example_dags/example_external_task_marker_dag.py took 0.047 seconds
[2025-01-14T00:26:02.893+0000] {processor.py:161} INFO - Started process (PID=2328) to work on /home/airflow/.local/lib/python3.8/site-packages/airflow/example_dags/example_external_task_marker_dag.py
[2025-01-14T00:26:02.893+0000] {processor.py:830} INFO - Processing file /home/airflow/.local/lib/python3.8/site-packages/airflow/example_dags/example_external_task_marker_dag.py for tasks to queue
[2025-01-14T00:26:02.894+0000] {logging_mixin.py:188} INFO - [2025-01-14T00:26:02.894+0000] {dagbag.py:538} INFO - Filling up the DagBag from /home/airflow/.local/lib/python3.8/site-packages/airflow/example_dags/example_external_task_marker_dag.py
[2025-01-14T00:26:02.898+0000] {processor.py:840} INFO - DAG(s) 'example_external_task_marker_child', 'example_external_task_marker_parent' retrieved from /home/airflow/.local/lib/python3.8/site-packages/airflow/example_dags/example_external_task_marker_dag.py
[2025-01-14T00:26:02.913+0000] {logging_mixin.py:188} INFO - [2025-01-14T00:26:02.913+0000] {dag.py:3036} INFO - Sync 2 DAGs
[2025-01-14T00:26:02.920+0000] {logging_mixin.py:188} INFO - [2025-01-14T00:26:02.920+0000] {dag.py:3823} INFO - Setting next_dagrun for example_external_task_marker_child to None, run_after=None
[2025-01-14T00:26:02.922+0000] {logging_mixin.py:188} INFO - [2025-01-14T00:26:02.922+0000] {dag.py:3823} INFO - Setting next_dagrun for example_external_task_marker_parent to None, run_after=None
[2025-01-14T00:26:02.934+0000] {processor.py:183} INFO - Processing /home/airflow/.local/lib/python3.8/site-packages/airflow/example_dags/example_external_task_marker_dag.py took 0.044 seconds
[2025-01-14T00:26:33.507+0000] {processor.py:161} INFO - Started process (PID=2387) to work on /home/airflow/.local/lib/python3.8/site-packages/airflow/example_dags/example_external_task_marker_dag.py
[2025-01-14T00:26:33.507+0000] {processor.py:830} INFO - Processing file /home/airflow/.local/lib/python3.8/site-packages/airflow/example_dags/example_external_task_marker_dag.py for tasks to queue
[2025-01-14T00:26:33.508+0000] {logging_mixin.py:188} INFO - [2025-01-14T00:26:33.508+0000] {dagbag.py:538} INFO - Filling up the DagBag from /home/airflow/.local/lib/python3.8/site-packages/airflow/example_dags/example_external_task_marker_dag.py
[2025-01-14T00:26:33.512+0000] {processor.py:840} INFO - DAG(s) 'example_external_task_marker_child', 'example_external_task_marker_parent' retrieved from /home/airflow/.local/lib/python3.8/site-packages/airflow/example_dags/example_external_task_marker_dag.py
[2025-01-14T00:26:33.527+0000] {logging_mixin.py:188} INFO - [2025-01-14T00:26:33.527+0000] {dag.py:3036} INFO - Sync 2 DAGs
[2025-01-14T00:26:33.535+0000] {logging_mixin.py:188} INFO - [2025-01-14T00:26:33.535+0000] {dag.py:3823} INFO - Setting next_dagrun for example_external_task_marker_child to None, run_after=None
[2025-01-14T00:26:33.538+0000] {logging_mixin.py:188} INFO - [2025-01-14T00:26:33.537+0000] {dag.py:3823} INFO - Setting next_dagrun for example_external_task_marker_parent to None, run_after=None
[2025-01-14T00:26:33.551+0000] {processor.py:183} INFO - Processing /home/airflow/.local/lib/python3.8/site-packages/airflow/example_dags/example_external_task_marker_dag.py took 0.046 seconds
[2025-01-14T00:27:04.220+0000] {processor.py:161} INFO - Started process (PID=2445) to work on /home/airflow/.local/lib/python3.8/site-packages/airflow/example_dags/example_external_task_marker_dag.py
[2025-01-14T00:27:04.221+0000] {processor.py:830} INFO - Processing file /home/airflow/.local/lib/python3.8/site-packages/airflow/example_dags/example_external_task_marker_dag.py for tasks to queue
[2025-01-14T00:27:04.222+0000] {logging_mixin.py:188} INFO - [2025-01-14T00:27:04.222+0000] {dagbag.py:538} INFO - Filling up the DagBag from /home/airflow/.local/lib/python3.8/site-packages/airflow/example_dags/example_external_task_marker_dag.py
[2025-01-14T00:27:04.226+0000] {processor.py:840} INFO - DAG(s) 'example_external_task_marker_child', 'example_external_task_marker_parent' retrieved from /home/airflow/.local/lib/python3.8/site-packages/airflow/example_dags/example_external_task_marker_dag.py
[2025-01-14T00:27:04.240+0000] {logging_mixin.py:188} INFO - [2025-01-14T00:27:04.240+0000] {dag.py:3036} INFO - Sync 2 DAGs
[2025-01-14T00:27:04.248+0000] {logging_mixin.py:188} INFO - [2025-01-14T00:27:04.248+0000] {dag.py:3823} INFO - Setting next_dagrun for example_external_task_marker_child to None, run_after=None
[2025-01-14T00:27:04.250+0000] {logging_mixin.py:188} INFO - [2025-01-14T00:27:04.250+0000] {dag.py:3823} INFO - Setting next_dagrun for example_external_task_marker_parent to None, run_after=None
[2025-01-14T00:27:04.262+0000] {processor.py:183} INFO - Processing /home/airflow/.local/lib/python3.8/site-packages/airflow/example_dags/example_external_task_marker_dag.py took 0.044 seconds
[2025-01-14T00:27:35.140+0000] {processor.py:161} INFO - Started process (PID=2505) to work on /home/airflow/.local/lib/python3.8/site-packages/airflow/example_dags/example_external_task_marker_dag.py
[2025-01-14T00:27:35.141+0000] {processor.py:830} INFO - Processing file /home/airflow/.local/lib/python3.8/site-packages/airflow/example_dags/example_external_task_marker_dag.py for tasks to queue
[2025-01-14T00:27:35.142+0000] {logging_mixin.py:188} INFO - [2025-01-14T00:27:35.142+0000] {dagbag.py:538} INFO - Filling up the DagBag from /home/airflow/.local/lib/python3.8/site-packages/airflow/example_dags/example_external_task_marker_dag.py
[2025-01-14T00:27:35.146+0000] {processor.py:840} INFO - DAG(s) 'example_external_task_marker_child', 'example_external_task_marker_parent' retrieved from /home/airflow/.local/lib/python3.8/site-packages/airflow/example_dags/example_external_task_marker_dag.py
[2025-01-14T00:27:35.162+0000] {logging_mixin.py:188} INFO - [2025-01-14T00:27:35.161+0000] {dag.py:3036} INFO - Sync 2 DAGs
[2025-01-14T00:27:35.170+0000] {logging_mixin.py:188} INFO - [2025-01-14T00:27:35.170+0000] {dag.py:3823} INFO - Setting next_dagrun for example_external_task_marker_child to None, run_after=None
[2025-01-14T00:27:35.173+0000] {logging_mixin.py:188} INFO - [2025-01-14T00:27:35.173+0000] {dag.py:3823} INFO - Setting next_dagrun for example_external_task_marker_parent to None, run_after=None
[2025-01-14T00:27:35.186+0000] {processor.py:183} INFO - Processing /home/airflow/.local/lib/python3.8/site-packages/airflow/example_dags/example_external_task_marker_dag.py took 0.048 seconds
