[2025-01-14T00:00:05.149+0000] {processor.py:161} INFO - Started process (PID=10538) to work on /home/airflow/.local/lib/python3.8/site-packages/airflow/example_dags/example_python_operator.py
[2025-01-14T00:00:05.149+0000] {processor.py:830} INFO - Processing file /home/airflow/.local/lib/python3.8/site-packages/airflow/example_dags/example_python_operator.py for tasks to queue
[2025-01-14T00:00:05.150+0000] {logging_mixin.py:188} INFO - [2025-01-14T00:00:05.150+0000] {dagbag.py:538} INFO - Filling up the DagBag from /home/airflow/.local/lib/python3.8/site-packages/airflow/example_dags/example_python_operator.py
[2025-01-14T00:00:05.157+0000] {processor.py:840} INFO - DAG(s) 'example_python_operator' retrieved from /home/airflow/.local/lib/python3.8/site-packages/airflow/example_dags/example_python_operator.py
[2025-01-14T00:00:05.172+0000] {logging_mixin.py:188} INFO - [2025-01-14T00:00:05.172+0000] {dag.py:3036} INFO - Sync 1 DAGs
[2025-01-14T00:00:05.181+0000] {logging_mixin.py:188} INFO - [2025-01-14T00:00:05.180+0000] {dag.py:3823} INFO - Setting next_dagrun for example_python_operator to None, run_after=None
[2025-01-14T00:00:05.194+0000] {processor.py:183} INFO - Processing /home/airflow/.local/lib/python3.8/site-packages/airflow/example_dags/example_python_operator.py took 0.047 seconds
[2025-01-14T00:00:35.229+0000] {processor.py:161} INFO - Started process (PID=10599) to work on /home/airflow/.local/lib/python3.8/site-packages/airflow/example_dags/example_python_operator.py
[2025-01-14T00:00:35.230+0000] {processor.py:830} INFO - Processing file /home/airflow/.local/lib/python3.8/site-packages/airflow/example_dags/example_python_operator.py for tasks to queue
[2025-01-14T00:00:35.231+0000] {logging_mixin.py:188} INFO - [2025-01-14T00:00:35.230+0000] {dagbag.py:538} INFO - Filling up the DagBag from /home/airflow/.local/lib/python3.8/site-packages/airflow/example_dags/example_python_operator.py
[2025-01-14T00:00:35.237+0000] {processor.py:840} INFO - DAG(s) 'example_python_operator' retrieved from /home/airflow/.local/lib/python3.8/site-packages/airflow/example_dags/example_python_operator.py
[2025-01-14T00:00:35.252+0000] {logging_mixin.py:188} INFO - [2025-01-14T00:00:35.251+0000] {dag.py:3036} INFO - Sync 1 DAGs
[2025-01-14T00:00:35.259+0000] {logging_mixin.py:188} INFO - [2025-01-14T00:00:35.259+0000] {dag.py:3823} INFO - Setting next_dagrun for example_python_operator to None, run_after=None
[2025-01-14T00:00:35.274+0000] {processor.py:183} INFO - Processing /home/airflow/.local/lib/python3.8/site-packages/airflow/example_dags/example_python_operator.py took 0.047 seconds
[2025-01-14T00:01:05.338+0000] {processor.py:161} INFO - Started process (PID=10658) to work on /home/airflow/.local/lib/python3.8/site-packages/airflow/example_dags/example_python_operator.py
[2025-01-14T00:01:05.339+0000] {processor.py:830} INFO - Processing file /home/airflow/.local/lib/python3.8/site-packages/airflow/example_dags/example_python_operator.py for tasks to queue
[2025-01-14T00:01:05.340+0000] {logging_mixin.py:188} INFO - [2025-01-14T00:01:05.340+0000] {dagbag.py:538} INFO - Filling up the DagBag from /home/airflow/.local/lib/python3.8/site-packages/airflow/example_dags/example_python_operator.py
[2025-01-14T00:01:05.347+0000] {processor.py:840} INFO - DAG(s) 'example_python_operator' retrieved from /home/airflow/.local/lib/python3.8/site-packages/airflow/example_dags/example_python_operator.py
[2025-01-14T00:01:05.363+0000] {logging_mixin.py:188} INFO - [2025-01-14T00:01:05.362+0000] {dag.py:3036} INFO - Sync 1 DAGs
[2025-01-14T00:01:05.370+0000] {logging_mixin.py:188} INFO - [2025-01-14T00:01:05.370+0000] {dag.py:3823} INFO - Setting next_dagrun for example_python_operator to None, run_after=None
[2025-01-14T00:01:05.384+0000] {processor.py:183} INFO - Processing /home/airflow/.local/lib/python3.8/site-packages/airflow/example_dags/example_python_operator.py took 0.048 seconds
[2025-01-14T00:01:35.465+0000] {processor.py:161} INFO - Started process (PID=10717) to work on /home/airflow/.local/lib/python3.8/site-packages/airflow/example_dags/example_python_operator.py
[2025-01-14T00:01:35.466+0000] {processor.py:830} INFO - Processing file /home/airflow/.local/lib/python3.8/site-packages/airflow/example_dags/example_python_operator.py for tasks to queue
[2025-01-14T00:01:35.467+0000] {logging_mixin.py:188} INFO - [2025-01-14T00:01:35.466+0000] {dagbag.py:538} INFO - Filling up the DagBag from /home/airflow/.local/lib/python3.8/site-packages/airflow/example_dags/example_python_operator.py
[2025-01-14T00:01:35.473+0000] {processor.py:840} INFO - DAG(s) 'example_python_operator' retrieved from /home/airflow/.local/lib/python3.8/site-packages/airflow/example_dags/example_python_operator.py
[2025-01-14T00:01:35.487+0000] {logging_mixin.py:188} INFO - [2025-01-14T00:01:35.487+0000] {dag.py:3036} INFO - Sync 1 DAGs
[2025-01-14T00:01:35.494+0000] {logging_mixin.py:188} INFO - [2025-01-14T00:01:35.494+0000] {dag.py:3823} INFO - Setting next_dagrun for example_python_operator to None, run_after=None
[2025-01-14T00:01:35.507+0000] {processor.py:183} INFO - Processing /home/airflow/.local/lib/python3.8/site-packages/airflow/example_dags/example_python_operator.py took 0.043 seconds
[2025-01-14T00:02:06.452+0000] {processor.py:161} INFO - Started process (PID=10776) to work on /home/airflow/.local/lib/python3.8/site-packages/airflow/example_dags/example_python_operator.py
[2025-01-14T00:02:06.453+0000] {processor.py:830} INFO - Processing file /home/airflow/.local/lib/python3.8/site-packages/airflow/example_dags/example_python_operator.py for tasks to queue
[2025-01-14T00:02:06.453+0000] {logging_mixin.py:188} INFO - [2025-01-14T00:02:06.453+0000] {dagbag.py:538} INFO - Filling up the DagBag from /home/airflow/.local/lib/python3.8/site-packages/airflow/example_dags/example_python_operator.py
[2025-01-14T00:02:06.460+0000] {processor.py:840} INFO - DAG(s) 'example_python_operator' retrieved from /home/airflow/.local/lib/python3.8/site-packages/airflow/example_dags/example_python_operator.py
[2025-01-14T00:02:06.476+0000] {logging_mixin.py:188} INFO - [2025-01-14T00:02:06.476+0000] {dag.py:3036} INFO - Sync 1 DAGs
[2025-01-14T00:02:06.484+0000] {logging_mixin.py:188} INFO - [2025-01-14T00:02:06.483+0000] {dag.py:3823} INFO - Setting next_dagrun for example_python_operator to None, run_after=None
[2025-01-14T00:02:06.497+0000] {processor.py:183} INFO - Processing /home/airflow/.local/lib/python3.8/site-packages/airflow/example_dags/example_python_operator.py took 0.047 seconds
[2025-01-14T00:02:37.253+0000] {processor.py:161} INFO - Started process (PID=10835) to work on /home/airflow/.local/lib/python3.8/site-packages/airflow/example_dags/example_python_operator.py
[2025-01-14T00:02:37.254+0000] {processor.py:830} INFO - Processing file /home/airflow/.local/lib/python3.8/site-packages/airflow/example_dags/example_python_operator.py for tasks to queue
[2025-01-14T00:02:37.255+0000] {logging_mixin.py:188} INFO - [2025-01-14T00:02:37.254+0000] {dagbag.py:538} INFO - Filling up the DagBag from /home/airflow/.local/lib/python3.8/site-packages/airflow/example_dags/example_python_operator.py
[2025-01-14T00:02:37.261+0000] {processor.py:840} INFO - DAG(s) 'example_python_operator' retrieved from /home/airflow/.local/lib/python3.8/site-packages/airflow/example_dags/example_python_operator.py
[2025-01-14T00:02:37.276+0000] {logging_mixin.py:188} INFO - [2025-01-14T00:02:37.276+0000] {dag.py:3036} INFO - Sync 1 DAGs
[2025-01-14T00:02:37.283+0000] {logging_mixin.py:188} INFO - [2025-01-14T00:02:37.283+0000] {dag.py:3823} INFO - Setting next_dagrun for example_python_operator to None, run_after=None
[2025-01-14T00:02:37.295+0000] {processor.py:183} INFO - Processing /home/airflow/.local/lib/python3.8/site-packages/airflow/example_dags/example_python_operator.py took 0.044 seconds
[2025-01-14T00:03:07.539+0000] {processor.py:161} INFO - Started process (PID=10894) to work on /home/airflow/.local/lib/python3.8/site-packages/airflow/example_dags/example_python_operator.py
[2025-01-14T00:03:07.540+0000] {processor.py:830} INFO - Processing file /home/airflow/.local/lib/python3.8/site-packages/airflow/example_dags/example_python_operator.py for tasks to queue
[2025-01-14T00:03:07.540+0000] {logging_mixin.py:188} INFO - [2025-01-14T00:03:07.540+0000] {dagbag.py:538} INFO - Filling up the DagBag from /home/airflow/.local/lib/python3.8/site-packages/airflow/example_dags/example_python_operator.py
[2025-01-14T00:03:07.547+0000] {processor.py:840} INFO - DAG(s) 'example_python_operator' retrieved from /home/airflow/.local/lib/python3.8/site-packages/airflow/example_dags/example_python_operator.py
[2025-01-14T00:03:07.561+0000] {logging_mixin.py:188} INFO - [2025-01-14T00:03:07.561+0000] {dag.py:3036} INFO - Sync 1 DAGs
[2025-01-14T00:03:07.568+0000] {logging_mixin.py:188} INFO - [2025-01-14T00:03:07.568+0000] {dag.py:3823} INFO - Setting next_dagrun for example_python_operator to None, run_after=None
[2025-01-14T00:03:07.581+0000] {processor.py:183} INFO - Processing /home/airflow/.local/lib/python3.8/site-packages/airflow/example_dags/example_python_operator.py took 0.044 seconds
[2025-01-14T00:03:37.620+0000] {processor.py:161} INFO - Started process (PID=10953) to work on /home/airflow/.local/lib/python3.8/site-packages/airflow/example_dags/example_python_operator.py
[2025-01-14T00:03:37.621+0000] {processor.py:830} INFO - Processing file /home/airflow/.local/lib/python3.8/site-packages/airflow/example_dags/example_python_operator.py for tasks to queue
[2025-01-14T00:03:37.621+0000] {logging_mixin.py:188} INFO - [2025-01-14T00:03:37.621+0000] {dagbag.py:538} INFO - Filling up the DagBag from /home/airflow/.local/lib/python3.8/site-packages/airflow/example_dags/example_python_operator.py
[2025-01-14T00:03:37.630+0000] {processor.py:840} INFO - DAG(s) 'example_python_operator' retrieved from /home/airflow/.local/lib/python3.8/site-packages/airflow/example_dags/example_python_operator.py
[2025-01-14T00:03:37.645+0000] {logging_mixin.py:188} INFO - [2025-01-14T00:03:37.645+0000] {dag.py:3036} INFO - Sync 1 DAGs
[2025-01-14T00:03:37.652+0000] {logging_mixin.py:188} INFO - [2025-01-14T00:03:37.652+0000] {dag.py:3823} INFO - Setting next_dagrun for example_python_operator to None, run_after=None
[2025-01-14T00:03:37.664+0000] {processor.py:183} INFO - Processing /home/airflow/.local/lib/python3.8/site-packages/airflow/example_dags/example_python_operator.py took 0.046 seconds
[2025-01-14T00:04:08.597+0000] {processor.py:161} INFO - Started process (PID=11012) to work on /home/airflow/.local/lib/python3.8/site-packages/airflow/example_dags/example_python_operator.py
[2025-01-14T00:04:08.598+0000] {processor.py:830} INFO - Processing file /home/airflow/.local/lib/python3.8/site-packages/airflow/example_dags/example_python_operator.py for tasks to queue
[2025-01-14T00:04:08.599+0000] {logging_mixin.py:188} INFO - [2025-01-14T00:04:08.598+0000] {dagbag.py:538} INFO - Filling up the DagBag from /home/airflow/.local/lib/python3.8/site-packages/airflow/example_dags/example_python_operator.py
[2025-01-14T00:04:08.605+0000] {processor.py:840} INFO - DAG(s) 'example_python_operator' retrieved from /home/airflow/.local/lib/python3.8/site-packages/airflow/example_dags/example_python_operator.py
[2025-01-14T00:04:08.620+0000] {logging_mixin.py:188} INFO - [2025-01-14T00:04:08.620+0000] {dag.py:3036} INFO - Sync 1 DAGs
[2025-01-14T00:04:08.628+0000] {logging_mixin.py:188} INFO - [2025-01-14T00:04:08.628+0000] {dag.py:3823} INFO - Setting next_dagrun for example_python_operator to None, run_after=None
[2025-01-14T00:04:08.643+0000] {processor.py:183} INFO - Processing /home/airflow/.local/lib/python3.8/site-packages/airflow/example_dags/example_python_operator.py took 0.048 seconds
[2025-01-14T00:04:39.623+0000] {processor.py:161} INFO - Started process (PID=11071) to work on /home/airflow/.local/lib/python3.8/site-packages/airflow/example_dags/example_python_operator.py
[2025-01-14T00:04:39.624+0000] {processor.py:830} INFO - Processing file /home/airflow/.local/lib/python3.8/site-packages/airflow/example_dags/example_python_operator.py for tasks to queue
[2025-01-14T00:04:39.624+0000] {logging_mixin.py:188} INFO - [2025-01-14T00:04:39.624+0000] {dagbag.py:538} INFO - Filling up the DagBag from /home/airflow/.local/lib/python3.8/site-packages/airflow/example_dags/example_python_operator.py
[2025-01-14T00:04:39.632+0000] {processor.py:840} INFO - DAG(s) 'example_python_operator' retrieved from /home/airflow/.local/lib/python3.8/site-packages/airflow/example_dags/example_python_operator.py
[2025-01-14T00:04:39.649+0000] {logging_mixin.py:188} INFO - [2025-01-14T00:04:39.648+0000] {dag.py:3036} INFO - Sync 1 DAGs
[2025-01-14T00:04:39.658+0000] {logging_mixin.py:188} INFO - [2025-01-14T00:04:39.658+0000] {dag.py:3823} INFO - Setting next_dagrun for example_python_operator to None, run_after=None
[2025-01-14T00:04:39.673+0000] {processor.py:183} INFO - Processing /home/airflow/.local/lib/python3.8/site-packages/airflow/example_dags/example_python_operator.py took 0.052 seconds
[2025-01-14T00:05:09.886+0000] {processor.py:161} INFO - Started process (PID=11130) to work on /home/airflow/.local/lib/python3.8/site-packages/airflow/example_dags/example_python_operator.py
[2025-01-14T00:05:09.886+0000] {processor.py:830} INFO - Processing file /home/airflow/.local/lib/python3.8/site-packages/airflow/example_dags/example_python_operator.py for tasks to queue
[2025-01-14T00:05:09.887+0000] {logging_mixin.py:188} INFO - [2025-01-14T00:05:09.887+0000] {dagbag.py:538} INFO - Filling up the DagBag from /home/airflow/.local/lib/python3.8/site-packages/airflow/example_dags/example_python_operator.py
[2025-01-14T00:05:09.893+0000] {processor.py:840} INFO - DAG(s) 'example_python_operator' retrieved from /home/airflow/.local/lib/python3.8/site-packages/airflow/example_dags/example_python_operator.py
[2025-01-14T00:05:09.908+0000] {logging_mixin.py:188} INFO - [2025-01-14T00:05:09.908+0000] {dag.py:3036} INFO - Sync 1 DAGs
[2025-01-14T00:05:09.916+0000] {logging_mixin.py:188} INFO - [2025-01-14T00:05:09.916+0000] {dag.py:3823} INFO - Setting next_dagrun for example_python_operator to None, run_after=None
[2025-01-14T00:05:09.928+0000] {processor.py:183} INFO - Processing /home/airflow/.local/lib/python3.8/site-packages/airflow/example_dags/example_python_operator.py took 0.045 seconds
[2025-01-14T00:06:24.245+0000] {processor.py:161} INFO - Started process (PID=61) to work on /home/airflow/.local/lib/python3.8/site-packages/airflow/example_dags/example_python_operator.py
[2025-01-14T00:06:24.246+0000] {processor.py:830} INFO - Processing file /home/airflow/.local/lib/python3.8/site-packages/airflow/example_dags/example_python_operator.py for tasks to queue
[2025-01-14T00:06:24.248+0000] {logging_mixin.py:188} INFO - [2025-01-14T00:06:24.248+0000] {dagbag.py:538} INFO - Filling up the DagBag from /home/airflow/.local/lib/python3.8/site-packages/airflow/example_dags/example_python_operator.py
[2025-01-14T00:06:24.264+0000] {processor.py:840} INFO - DAG(s) 'example_python_operator' retrieved from /home/airflow/.local/lib/python3.8/site-packages/airflow/example_dags/example_python_operator.py
[2025-01-14T00:06:24.279+0000] {logging_mixin.py:188} INFO - [2025-01-14T00:06:24.278+0000] {dag.py:3036} INFO - Sync 1 DAGs
[2025-01-14T00:06:24.292+0000] {logging_mixin.py:188} INFO - [2025-01-14T00:06:24.292+0000] {dag.py:3823} INFO - Setting next_dagrun for example_python_operator to None, run_after=None
[2025-01-14T00:06:24.310+0000] {processor.py:183} INFO - Processing /home/airflow/.local/lib/python3.8/site-packages/airflow/example_dags/example_python_operator.py took 0.067 seconds
[2025-01-14T00:06:55.025+0000] {processor.py:161} INFO - Started process (PID=120) to work on /home/airflow/.local/lib/python3.8/site-packages/airflow/example_dags/example_python_operator.py
[2025-01-14T00:06:55.025+0000] {processor.py:830} INFO - Processing file /home/airflow/.local/lib/python3.8/site-packages/airflow/example_dags/example_python_operator.py for tasks to queue
[2025-01-14T00:06:55.026+0000] {logging_mixin.py:188} INFO - [2025-01-14T00:06:55.026+0000] {dagbag.py:538} INFO - Filling up the DagBag from /home/airflow/.local/lib/python3.8/site-packages/airflow/example_dags/example_python_operator.py
[2025-01-14T00:06:55.033+0000] {processor.py:840} INFO - DAG(s) 'example_python_operator' retrieved from /home/airflow/.local/lib/python3.8/site-packages/airflow/example_dags/example_python_operator.py
[2025-01-14T00:06:55.096+0000] {logging_mixin.py:188} INFO - [2025-01-14T00:06:55.096+0000] {dag.py:3036} INFO - Sync 1 DAGs
[2025-01-14T00:06:55.103+0000] {logging_mixin.py:188} INFO - [2025-01-14T00:06:55.103+0000] {dag.py:3823} INFO - Setting next_dagrun for example_python_operator to None, run_after=None
[2025-01-14T00:06:55.116+0000] {processor.py:183} INFO - Processing /home/airflow/.local/lib/python3.8/site-packages/airflow/example_dags/example_python_operator.py took 0.094 seconds
[2025-01-14T00:07:25.903+0000] {processor.py:161} INFO - Started process (PID=179) to work on /home/airflow/.local/lib/python3.8/site-packages/airflow/example_dags/example_python_operator.py
[2025-01-14T00:07:25.903+0000] {processor.py:830} INFO - Processing file /home/airflow/.local/lib/python3.8/site-packages/airflow/example_dags/example_python_operator.py for tasks to queue
[2025-01-14T00:07:25.904+0000] {logging_mixin.py:188} INFO - [2025-01-14T00:07:25.904+0000] {dagbag.py:538} INFO - Filling up the DagBag from /home/airflow/.local/lib/python3.8/site-packages/airflow/example_dags/example_python_operator.py
[2025-01-14T00:07:25.910+0000] {processor.py:840} INFO - DAG(s) 'example_python_operator' retrieved from /home/airflow/.local/lib/python3.8/site-packages/airflow/example_dags/example_python_operator.py
[2025-01-14T00:07:25.924+0000] {logging_mixin.py:188} INFO - [2025-01-14T00:07:25.924+0000] {dag.py:3036} INFO - Sync 1 DAGs
[2025-01-14T00:07:25.931+0000] {logging_mixin.py:188} INFO - [2025-01-14T00:07:25.931+0000] {dag.py:3823} INFO - Setting next_dagrun for example_python_operator to None, run_after=None
[2025-01-14T00:07:25.944+0000] {processor.py:183} INFO - Processing /home/airflow/.local/lib/python3.8/site-packages/airflow/example_dags/example_python_operator.py took 0.043 seconds
[2025-01-14T00:07:56.167+0000] {processor.py:161} INFO - Started process (PID=238) to work on /home/airflow/.local/lib/python3.8/site-packages/airflow/example_dags/example_python_operator.py
[2025-01-14T00:07:56.168+0000] {processor.py:830} INFO - Processing file /home/airflow/.local/lib/python3.8/site-packages/airflow/example_dags/example_python_operator.py for tasks to queue
[2025-01-14T00:07:56.169+0000] {logging_mixin.py:188} INFO - [2025-01-14T00:07:56.169+0000] {dagbag.py:538} INFO - Filling up the DagBag from /home/airflow/.local/lib/python3.8/site-packages/airflow/example_dags/example_python_operator.py
[2025-01-14T00:07:56.175+0000] {processor.py:840} INFO - DAG(s) 'example_python_operator' retrieved from /home/airflow/.local/lib/python3.8/site-packages/airflow/example_dags/example_python_operator.py
[2025-01-14T00:07:56.189+0000] {logging_mixin.py:188} INFO - [2025-01-14T00:07:56.189+0000] {dag.py:3036} INFO - Sync 1 DAGs
[2025-01-14T00:07:56.196+0000] {logging_mixin.py:188} INFO - [2025-01-14T00:07:56.196+0000] {dag.py:3823} INFO - Setting next_dagrun for example_python_operator to None, run_after=None
[2025-01-14T00:07:56.209+0000] {processor.py:183} INFO - Processing /home/airflow/.local/lib/python3.8/site-packages/airflow/example_dags/example_python_operator.py took 0.044 seconds
[2025-01-14T00:08:26.449+0000] {processor.py:161} INFO - Started process (PID=297) to work on /home/airflow/.local/lib/python3.8/site-packages/airflow/example_dags/example_python_operator.py
[2025-01-14T00:08:26.450+0000] {processor.py:830} INFO - Processing file /home/airflow/.local/lib/python3.8/site-packages/airflow/example_dags/example_python_operator.py for tasks to queue
[2025-01-14T00:08:26.451+0000] {logging_mixin.py:188} INFO - [2025-01-14T00:08:26.451+0000] {dagbag.py:538} INFO - Filling up the DagBag from /home/airflow/.local/lib/python3.8/site-packages/airflow/example_dags/example_python_operator.py
[2025-01-14T00:08:26.458+0000] {processor.py:840} INFO - DAG(s) 'example_python_operator' retrieved from /home/airflow/.local/lib/python3.8/site-packages/airflow/example_dags/example_python_operator.py
[2025-01-14T00:08:26.472+0000] {logging_mixin.py:188} INFO - [2025-01-14T00:08:26.471+0000] {dag.py:3036} INFO - Sync 1 DAGs
[2025-01-14T00:08:26.479+0000] {logging_mixin.py:188} INFO - [2025-01-14T00:08:26.479+0000] {dag.py:3823} INFO - Setting next_dagrun for example_python_operator to None, run_after=None
[2025-01-14T00:08:26.493+0000] {processor.py:183} INFO - Processing /home/airflow/.local/lib/python3.8/site-packages/airflow/example_dags/example_python_operator.py took 0.045 seconds
[2025-01-14T00:08:56.621+0000] {processor.py:161} INFO - Started process (PID=356) to work on /home/airflow/.local/lib/python3.8/site-packages/airflow/example_dags/example_python_operator.py
[2025-01-14T00:08:56.622+0000] {processor.py:830} INFO - Processing file /home/airflow/.local/lib/python3.8/site-packages/airflow/example_dags/example_python_operator.py for tasks to queue
[2025-01-14T00:08:56.623+0000] {logging_mixin.py:188} INFO - [2025-01-14T00:08:56.623+0000] {dagbag.py:538} INFO - Filling up the DagBag from /home/airflow/.local/lib/python3.8/site-packages/airflow/example_dags/example_python_operator.py
[2025-01-14T00:08:56.629+0000] {processor.py:840} INFO - DAG(s) 'example_python_operator' retrieved from /home/airflow/.local/lib/python3.8/site-packages/airflow/example_dags/example_python_operator.py
[2025-01-14T00:08:56.644+0000] {logging_mixin.py:188} INFO - [2025-01-14T00:08:56.643+0000] {dag.py:3036} INFO - Sync 1 DAGs
[2025-01-14T00:08:56.651+0000] {logging_mixin.py:188} INFO - [2025-01-14T00:08:56.651+0000] {dag.py:3823} INFO - Setting next_dagrun for example_python_operator to None, run_after=None
[2025-01-14T00:08:56.664+0000] {processor.py:183} INFO - Processing /home/airflow/.local/lib/python3.8/site-packages/airflow/example_dags/example_python_operator.py took 0.045 seconds
[2025-01-14T00:09:27.059+0000] {processor.py:161} INFO - Started process (PID=415) to work on /home/airflow/.local/lib/python3.8/site-packages/airflow/example_dags/example_python_operator.py
[2025-01-14T00:09:27.060+0000] {processor.py:830} INFO - Processing file /home/airflow/.local/lib/python3.8/site-packages/airflow/example_dags/example_python_operator.py for tasks to queue
[2025-01-14T00:09:27.061+0000] {logging_mixin.py:188} INFO - [2025-01-14T00:09:27.061+0000] {dagbag.py:538} INFO - Filling up the DagBag from /home/airflow/.local/lib/python3.8/site-packages/airflow/example_dags/example_python_operator.py
[2025-01-14T00:09:27.067+0000] {processor.py:840} INFO - DAG(s) 'example_python_operator' retrieved from /home/airflow/.local/lib/python3.8/site-packages/airflow/example_dags/example_python_operator.py
[2025-01-14T00:09:27.081+0000] {logging_mixin.py:188} INFO - [2025-01-14T00:09:27.081+0000] {dag.py:3036} INFO - Sync 1 DAGs
[2025-01-14T00:09:27.090+0000] {logging_mixin.py:188} INFO - [2025-01-14T00:09:27.089+0000] {dag.py:3823} INFO - Setting next_dagrun for example_python_operator to None, run_after=None
[2025-01-14T00:09:27.102+0000] {processor.py:183} INFO - Processing /home/airflow/.local/lib/python3.8/site-packages/airflow/example_dags/example_python_operator.py took 0.045 seconds
[2025-01-14T00:09:58.088+0000] {processor.py:161} INFO - Started process (PID=474) to work on /home/airflow/.local/lib/python3.8/site-packages/airflow/example_dags/example_python_operator.py
[2025-01-14T00:09:58.088+0000] {processor.py:830} INFO - Processing file /home/airflow/.local/lib/python3.8/site-packages/airflow/example_dags/example_python_operator.py for tasks to queue
[2025-01-14T00:09:58.089+0000] {logging_mixin.py:188} INFO - [2025-01-14T00:09:58.089+0000] {dagbag.py:538} INFO - Filling up the DagBag from /home/airflow/.local/lib/python3.8/site-packages/airflow/example_dags/example_python_operator.py
[2025-01-14T00:09:58.096+0000] {processor.py:840} INFO - DAG(s) 'example_python_operator' retrieved from /home/airflow/.local/lib/python3.8/site-packages/airflow/example_dags/example_python_operator.py
[2025-01-14T00:09:58.112+0000] {logging_mixin.py:188} INFO - [2025-01-14T00:09:58.112+0000] {dag.py:3036} INFO - Sync 1 DAGs
[2025-01-14T00:09:58.120+0000] {logging_mixin.py:188} INFO - [2025-01-14T00:09:58.120+0000] {dag.py:3823} INFO - Setting next_dagrun for example_python_operator to None, run_after=None
[2025-01-14T00:09:58.135+0000] {processor.py:183} INFO - Processing /home/airflow/.local/lib/python3.8/site-packages/airflow/example_dags/example_python_operator.py took 0.049 seconds
[2025-01-14T00:10:29.476+0000] {processor.py:161} INFO - Started process (PID=533) to work on /home/airflow/.local/lib/python3.8/site-packages/airflow/example_dags/example_python_operator.py
[2025-01-14T00:10:29.477+0000] {processor.py:830} INFO - Processing file /home/airflow/.local/lib/python3.8/site-packages/airflow/example_dags/example_python_operator.py for tasks to queue
[2025-01-14T00:10:29.478+0000] {logging_mixin.py:188} INFO - [2025-01-14T00:10:29.478+0000] {dagbag.py:538} INFO - Filling up the DagBag from /home/airflow/.local/lib/python3.8/site-packages/airflow/example_dags/example_python_operator.py
[2025-01-14T00:10:29.485+0000] {processor.py:840} INFO - DAG(s) 'example_python_operator' retrieved from /home/airflow/.local/lib/python3.8/site-packages/airflow/example_dags/example_python_operator.py
[2025-01-14T00:10:29.498+0000] {logging_mixin.py:188} INFO - [2025-01-14T00:10:29.498+0000] {dag.py:3036} INFO - Sync 1 DAGs
[2025-01-14T00:10:29.505+0000] {logging_mixin.py:188} INFO - [2025-01-14T00:10:29.505+0000] {dag.py:3823} INFO - Setting next_dagrun for example_python_operator to None, run_after=None
[2025-01-14T00:10:29.518+0000] {processor.py:183} INFO - Processing /home/airflow/.local/lib/python3.8/site-packages/airflow/example_dags/example_python_operator.py took 0.044 seconds
[2025-01-14T00:11:00.508+0000] {processor.py:161} INFO - Started process (PID=592) to work on /home/airflow/.local/lib/python3.8/site-packages/airflow/example_dags/example_python_operator.py
[2025-01-14T00:11:00.509+0000] {processor.py:830} INFO - Processing file /home/airflow/.local/lib/python3.8/site-packages/airflow/example_dags/example_python_operator.py for tasks to queue
[2025-01-14T00:11:00.510+0000] {logging_mixin.py:188} INFO - [2025-01-14T00:11:00.510+0000] {dagbag.py:538} INFO - Filling up the DagBag from /home/airflow/.local/lib/python3.8/site-packages/airflow/example_dags/example_python_operator.py
[2025-01-14T00:11:00.516+0000] {processor.py:840} INFO - DAG(s) 'example_python_operator' retrieved from /home/airflow/.local/lib/python3.8/site-packages/airflow/example_dags/example_python_operator.py
[2025-01-14T00:11:00.531+0000] {logging_mixin.py:188} INFO - [2025-01-14T00:11:00.531+0000] {dag.py:3036} INFO - Sync 1 DAGs
[2025-01-14T00:11:00.539+0000] {logging_mixin.py:188} INFO - [2025-01-14T00:11:00.539+0000] {dag.py:3823} INFO - Setting next_dagrun for example_python_operator to None, run_after=None
[2025-01-14T00:11:00.553+0000] {processor.py:183} INFO - Processing /home/airflow/.local/lib/python3.8/site-packages/airflow/example_dags/example_python_operator.py took 0.047 seconds
[2025-01-14T00:11:31.746+0000] {processor.py:161} INFO - Started process (PID=651) to work on /home/airflow/.local/lib/python3.8/site-packages/airflow/example_dags/example_python_operator.py
[2025-01-14T00:11:31.747+0000] {processor.py:830} INFO - Processing file /home/airflow/.local/lib/python3.8/site-packages/airflow/example_dags/example_python_operator.py for tasks to queue
[2025-01-14T00:11:31.748+0000] {logging_mixin.py:188} INFO - [2025-01-14T00:11:31.748+0000] {dagbag.py:538} INFO - Filling up the DagBag from /home/airflow/.local/lib/python3.8/site-packages/airflow/example_dags/example_python_operator.py
[2025-01-14T00:11:31.754+0000] {processor.py:840} INFO - DAG(s) 'example_python_operator' retrieved from /home/airflow/.local/lib/python3.8/site-packages/airflow/example_dags/example_python_operator.py
[2025-01-14T00:11:31.767+0000] {logging_mixin.py:188} INFO - [2025-01-14T00:11:31.767+0000] {dag.py:3036} INFO - Sync 1 DAGs
[2025-01-14T00:11:31.774+0000] {logging_mixin.py:188} INFO - [2025-01-14T00:11:31.774+0000] {dag.py:3823} INFO - Setting next_dagrun for example_python_operator to None, run_after=None
[2025-01-14T00:11:31.786+0000] {processor.py:183} INFO - Processing /home/airflow/.local/lib/python3.8/site-packages/airflow/example_dags/example_python_operator.py took 0.042 seconds
[2025-01-14T00:12:03.078+0000] {processor.py:161} INFO - Started process (PID=710) to work on /home/airflow/.local/lib/python3.8/site-packages/airflow/example_dags/example_python_operator.py
[2025-01-14T00:12:03.079+0000] {processor.py:830} INFO - Processing file /home/airflow/.local/lib/python3.8/site-packages/airflow/example_dags/example_python_operator.py for tasks to queue
[2025-01-14T00:12:03.080+0000] {logging_mixin.py:188} INFO - [2025-01-14T00:12:03.080+0000] {dagbag.py:538} INFO - Filling up the DagBag from /home/airflow/.local/lib/python3.8/site-packages/airflow/example_dags/example_python_operator.py
[2025-01-14T00:12:03.090+0000] {processor.py:840} INFO - DAG(s) 'example_python_operator' retrieved from /home/airflow/.local/lib/python3.8/site-packages/airflow/example_dags/example_python_operator.py
[2025-01-14T00:12:03.106+0000] {logging_mixin.py:188} INFO - [2025-01-14T00:12:03.106+0000] {dag.py:3036} INFO - Sync 1 DAGs
[2025-01-14T00:12:03.114+0000] {logging_mixin.py:188} INFO - [2025-01-14T00:12:03.114+0000] {dag.py:3823} INFO - Setting next_dagrun for example_python_operator to None, run_after=None
[2025-01-14T00:12:03.130+0000] {processor.py:183} INFO - Processing /home/airflow/.local/lib/python3.8/site-packages/airflow/example_dags/example_python_operator.py took 0.054 seconds
[2025-01-14T00:12:34.291+0000] {processor.py:161} INFO - Started process (PID=769) to work on /home/airflow/.local/lib/python3.8/site-packages/airflow/example_dags/example_python_operator.py
[2025-01-14T00:12:34.292+0000] {processor.py:830} INFO - Processing file /home/airflow/.local/lib/python3.8/site-packages/airflow/example_dags/example_python_operator.py for tasks to queue
[2025-01-14T00:12:34.293+0000] {logging_mixin.py:188} INFO - [2025-01-14T00:12:34.292+0000] {dagbag.py:538} INFO - Filling up the DagBag from /home/airflow/.local/lib/python3.8/site-packages/airflow/example_dags/example_python_operator.py
[2025-01-14T00:12:34.301+0000] {processor.py:840} INFO - DAG(s) 'example_python_operator' retrieved from /home/airflow/.local/lib/python3.8/site-packages/airflow/example_dags/example_python_operator.py
[2025-01-14T00:12:34.316+0000] {logging_mixin.py:188} INFO - [2025-01-14T00:12:34.315+0000] {dag.py:3036} INFO - Sync 1 DAGs
[2025-01-14T00:12:34.323+0000] {logging_mixin.py:188} INFO - [2025-01-14T00:12:34.322+0000] {dag.py:3823} INFO - Setting next_dagrun for example_python_operator to None, run_after=None
[2025-01-14T00:12:34.336+0000] {processor.py:183} INFO - Processing /home/airflow/.local/lib/python3.8/site-packages/airflow/example_dags/example_python_operator.py took 0.047 seconds
[2025-01-14T00:13:05.385+0000] {processor.py:161} INFO - Started process (PID=828) to work on /home/airflow/.local/lib/python3.8/site-packages/airflow/example_dags/example_python_operator.py
[2025-01-14T00:13:05.385+0000] {processor.py:830} INFO - Processing file /home/airflow/.local/lib/python3.8/site-packages/airflow/example_dags/example_python_operator.py for tasks to queue
[2025-01-14T00:13:05.386+0000] {logging_mixin.py:188} INFO - [2025-01-14T00:13:05.386+0000] {dagbag.py:538} INFO - Filling up the DagBag from /home/airflow/.local/lib/python3.8/site-packages/airflow/example_dags/example_python_operator.py
[2025-01-14T00:13:05.393+0000] {processor.py:840} INFO - DAG(s) 'example_python_operator' retrieved from /home/airflow/.local/lib/python3.8/site-packages/airflow/example_dags/example_python_operator.py
[2025-01-14T00:13:05.406+0000] {logging_mixin.py:188} INFO - [2025-01-14T00:13:05.406+0000] {dag.py:3036} INFO - Sync 1 DAGs
[2025-01-14T00:13:05.414+0000] {logging_mixin.py:188} INFO - [2025-01-14T00:13:05.414+0000] {dag.py:3823} INFO - Setting next_dagrun for example_python_operator to None, run_after=None
[2025-01-14T00:13:05.427+0000] {processor.py:183} INFO - Processing /home/airflow/.local/lib/python3.8/site-packages/airflow/example_dags/example_python_operator.py took 0.044 seconds
[2025-01-14T00:13:36.493+0000] {processor.py:161} INFO - Started process (PID=887) to work on /home/airflow/.local/lib/python3.8/site-packages/airflow/example_dags/example_python_operator.py
[2025-01-14T00:13:36.494+0000] {processor.py:830} INFO - Processing file /home/airflow/.local/lib/python3.8/site-packages/airflow/example_dags/example_python_operator.py for tasks to queue
[2025-01-14T00:13:36.495+0000] {logging_mixin.py:188} INFO - [2025-01-14T00:13:36.495+0000] {dagbag.py:538} INFO - Filling up the DagBag from /home/airflow/.local/lib/python3.8/site-packages/airflow/example_dags/example_python_operator.py
[2025-01-14T00:13:36.501+0000] {processor.py:840} INFO - DAG(s) 'example_python_operator' retrieved from /home/airflow/.local/lib/python3.8/site-packages/airflow/example_dags/example_python_operator.py
[2025-01-14T00:13:36.516+0000] {logging_mixin.py:188} INFO - [2025-01-14T00:13:36.515+0000] {dag.py:3036} INFO - Sync 1 DAGs
[2025-01-14T00:13:36.523+0000] {logging_mixin.py:188} INFO - [2025-01-14T00:13:36.523+0000] {dag.py:3823} INFO - Setting next_dagrun for example_python_operator to None, run_after=None
[2025-01-14T00:13:36.536+0000] {processor.py:183} INFO - Processing /home/airflow/.local/lib/python3.8/site-packages/airflow/example_dags/example_python_operator.py took 0.045 seconds
[2025-01-14T00:14:06.796+0000] {processor.py:161} INFO - Started process (PID=946) to work on /home/airflow/.local/lib/python3.8/site-packages/airflow/example_dags/example_python_operator.py
[2025-01-14T00:14:06.797+0000] {processor.py:830} INFO - Processing file /home/airflow/.local/lib/python3.8/site-packages/airflow/example_dags/example_python_operator.py for tasks to queue
[2025-01-14T00:14:06.798+0000] {logging_mixin.py:188} INFO - [2025-01-14T00:14:06.798+0000] {dagbag.py:538} INFO - Filling up the DagBag from /home/airflow/.local/lib/python3.8/site-packages/airflow/example_dags/example_python_operator.py
[2025-01-14T00:14:06.804+0000] {processor.py:840} INFO - DAG(s) 'example_python_operator' retrieved from /home/airflow/.local/lib/python3.8/site-packages/airflow/example_dags/example_python_operator.py
[2025-01-14T00:14:06.817+0000] {logging_mixin.py:188} INFO - [2025-01-14T00:14:06.816+0000] {dag.py:3036} INFO - Sync 1 DAGs
[2025-01-14T00:14:06.824+0000] {logging_mixin.py:188} INFO - [2025-01-14T00:14:06.823+0000] {dag.py:3823} INFO - Setting next_dagrun for example_python_operator to None, run_after=None
[2025-01-14T00:14:06.835+0000] {processor.py:183} INFO - Processing /home/airflow/.local/lib/python3.8/site-packages/airflow/example_dags/example_python_operator.py took 0.041 seconds
[2025-01-14T00:14:38.036+0000] {processor.py:161} INFO - Started process (PID=1005) to work on /home/airflow/.local/lib/python3.8/site-packages/airflow/example_dags/example_python_operator.py
[2025-01-14T00:14:38.037+0000] {processor.py:830} INFO - Processing file /home/airflow/.local/lib/python3.8/site-packages/airflow/example_dags/example_python_operator.py for tasks to queue
[2025-01-14T00:14:38.038+0000] {logging_mixin.py:188} INFO - [2025-01-14T00:14:38.038+0000] {dagbag.py:538} INFO - Filling up the DagBag from /home/airflow/.local/lib/python3.8/site-packages/airflow/example_dags/example_python_operator.py
[2025-01-14T00:14:38.046+0000] {processor.py:840} INFO - DAG(s) 'example_python_operator' retrieved from /home/airflow/.local/lib/python3.8/site-packages/airflow/example_dags/example_python_operator.py
[2025-01-14T00:14:38.061+0000] {logging_mixin.py:188} INFO - [2025-01-14T00:14:38.061+0000] {dag.py:3036} INFO - Sync 1 DAGs
[2025-01-14T00:14:38.069+0000] {logging_mixin.py:188} INFO - [2025-01-14T00:14:38.068+0000] {dag.py:3823} INFO - Setting next_dagrun for example_python_operator to None, run_after=None
[2025-01-14T00:14:38.081+0000] {processor.py:183} INFO - Processing /home/airflow/.local/lib/python3.8/site-packages/airflow/example_dags/example_python_operator.py took 0.047 seconds
[2025-01-14T00:15:09.251+0000] {processor.py:161} INFO - Started process (PID=1064) to work on /home/airflow/.local/lib/python3.8/site-packages/airflow/example_dags/example_python_operator.py
[2025-01-14T00:15:09.252+0000] {processor.py:830} INFO - Processing file /home/airflow/.local/lib/python3.8/site-packages/airflow/example_dags/example_python_operator.py for tasks to queue
[2025-01-14T00:15:09.254+0000] {logging_mixin.py:188} INFO - [2025-01-14T00:15:09.253+0000] {dagbag.py:538} INFO - Filling up the DagBag from /home/airflow/.local/lib/python3.8/site-packages/airflow/example_dags/example_python_operator.py
[2025-01-14T00:15:09.260+0000] {processor.py:840} INFO - DAG(s) 'example_python_operator' retrieved from /home/airflow/.local/lib/python3.8/site-packages/airflow/example_dags/example_python_operator.py
[2025-01-14T00:15:09.274+0000] {logging_mixin.py:188} INFO - [2025-01-14T00:15:09.274+0000] {dag.py:3036} INFO - Sync 1 DAGs
[2025-01-14T00:15:09.281+0000] {logging_mixin.py:188} INFO - [2025-01-14T00:15:09.281+0000] {dag.py:3823} INFO - Setting next_dagrun for example_python_operator to None, run_after=None
[2025-01-14T00:15:09.293+0000] {processor.py:183} INFO - Processing /home/airflow/.local/lib/python3.8/site-packages/airflow/example_dags/example_python_operator.py took 0.044 seconds
[2025-01-14T00:15:40.525+0000] {processor.py:161} INFO - Started process (PID=1123) to work on /home/airflow/.local/lib/python3.8/site-packages/airflow/example_dags/example_python_operator.py
[2025-01-14T00:15:40.526+0000] {processor.py:830} INFO - Processing file /home/airflow/.local/lib/python3.8/site-packages/airflow/example_dags/example_python_operator.py for tasks to queue
[2025-01-14T00:15:40.527+0000] {logging_mixin.py:188} INFO - [2025-01-14T00:15:40.527+0000] {dagbag.py:538} INFO - Filling up the DagBag from /home/airflow/.local/lib/python3.8/site-packages/airflow/example_dags/example_python_operator.py
[2025-01-14T00:15:40.533+0000] {processor.py:840} INFO - DAG(s) 'example_python_operator' retrieved from /home/airflow/.local/lib/python3.8/site-packages/airflow/example_dags/example_python_operator.py
[2025-01-14T00:15:40.547+0000] {logging_mixin.py:188} INFO - [2025-01-14T00:15:40.547+0000] {dag.py:3036} INFO - Sync 1 DAGs
[2025-01-14T00:15:40.555+0000] {logging_mixin.py:188} INFO - [2025-01-14T00:15:40.555+0000] {dag.py:3823} INFO - Setting next_dagrun for example_python_operator to None, run_after=None
[2025-01-14T00:15:40.567+0000] {processor.py:183} INFO - Processing /home/airflow/.local/lib/python3.8/site-packages/airflow/example_dags/example_python_operator.py took 0.043 seconds
[2025-01-14T00:16:11.859+0000] {processor.py:161} INFO - Started process (PID=1182) to work on /home/airflow/.local/lib/python3.8/site-packages/airflow/example_dags/example_python_operator.py
[2025-01-14T00:16:11.860+0000] {processor.py:830} INFO - Processing file /home/airflow/.local/lib/python3.8/site-packages/airflow/example_dags/example_python_operator.py for tasks to queue
[2025-01-14T00:16:11.861+0000] {logging_mixin.py:188} INFO - [2025-01-14T00:16:11.861+0000] {dagbag.py:538} INFO - Filling up the DagBag from /home/airflow/.local/lib/python3.8/site-packages/airflow/example_dags/example_python_operator.py
[2025-01-14T00:16:11.868+0000] {processor.py:840} INFO - DAG(s) 'example_python_operator' retrieved from /home/airflow/.local/lib/python3.8/site-packages/airflow/example_dags/example_python_operator.py
[2025-01-14T00:16:11.881+0000] {logging_mixin.py:188} INFO - [2025-01-14T00:16:11.881+0000] {dag.py:3036} INFO - Sync 1 DAGs
[2025-01-14T00:16:11.889+0000] {logging_mixin.py:188} INFO - [2025-01-14T00:16:11.889+0000] {dag.py:3823} INFO - Setting next_dagrun for example_python_operator to None, run_after=None
[2025-01-14T00:16:11.902+0000] {processor.py:183} INFO - Processing /home/airflow/.local/lib/python3.8/site-packages/airflow/example_dags/example_python_operator.py took 0.045 seconds
[2025-01-14T00:16:43.038+0000] {processor.py:161} INFO - Started process (PID=1247) to work on /home/airflow/.local/lib/python3.8/site-packages/airflow/example_dags/example_python_operator.py
[2025-01-14T00:16:43.038+0000] {processor.py:830} INFO - Processing file /home/airflow/.local/lib/python3.8/site-packages/airflow/example_dags/example_python_operator.py for tasks to queue
[2025-01-14T00:16:43.040+0000] {logging_mixin.py:188} INFO - [2025-01-14T00:16:43.039+0000] {dagbag.py:538} INFO - Filling up the DagBag from /home/airflow/.local/lib/python3.8/site-packages/airflow/example_dags/example_python_operator.py
[2025-01-14T00:16:43.046+0000] {processor.py:840} INFO - DAG(s) 'example_python_operator' retrieved from /home/airflow/.local/lib/python3.8/site-packages/airflow/example_dags/example_python_operator.py
[2025-01-14T00:16:43.061+0000] {logging_mixin.py:188} INFO - [2025-01-14T00:16:43.061+0000] {dag.py:3036} INFO - Sync 1 DAGs
[2025-01-14T00:16:43.069+0000] {logging_mixin.py:188} INFO - [2025-01-14T00:16:43.069+0000] {dag.py:3823} INFO - Setting next_dagrun for example_python_operator to None, run_after=None
[2025-01-14T00:16:43.083+0000] {processor.py:183} INFO - Processing /home/airflow/.local/lib/python3.8/site-packages/airflow/example_dags/example_python_operator.py took 0.047 seconds
[2025-01-14T00:17:14.197+0000] {processor.py:161} INFO - Started process (PID=1306) to work on /home/airflow/.local/lib/python3.8/site-packages/airflow/example_dags/example_python_operator.py
[2025-01-14T00:17:14.197+0000] {processor.py:830} INFO - Processing file /home/airflow/.local/lib/python3.8/site-packages/airflow/example_dags/example_python_operator.py for tasks to queue
[2025-01-14T00:17:14.198+0000] {logging_mixin.py:188} INFO - [2025-01-14T00:17:14.198+0000] {dagbag.py:538} INFO - Filling up the DagBag from /home/airflow/.local/lib/python3.8/site-packages/airflow/example_dags/example_python_operator.py
[2025-01-14T00:17:14.204+0000] {processor.py:840} INFO - DAG(s) 'example_python_operator' retrieved from /home/airflow/.local/lib/python3.8/site-packages/airflow/example_dags/example_python_operator.py
[2025-01-14T00:17:14.218+0000] {logging_mixin.py:188} INFO - [2025-01-14T00:17:14.218+0000] {dag.py:3036} INFO - Sync 1 DAGs
[2025-01-14T00:17:14.225+0000] {logging_mixin.py:188} INFO - [2025-01-14T00:17:14.225+0000] {dag.py:3823} INFO - Setting next_dagrun for example_python_operator to None, run_after=None
[2025-01-14T00:17:14.238+0000] {processor.py:183} INFO - Processing /home/airflow/.local/lib/python3.8/site-packages/airflow/example_dags/example_python_operator.py took 0.043 seconds
[2025-01-14T00:17:45.311+0000] {processor.py:161} INFO - Started process (PID=1365) to work on /home/airflow/.local/lib/python3.8/site-packages/airflow/example_dags/example_python_operator.py
[2025-01-14T00:17:45.312+0000] {processor.py:830} INFO - Processing file /home/airflow/.local/lib/python3.8/site-packages/airflow/example_dags/example_python_operator.py for tasks to queue
[2025-01-14T00:17:45.313+0000] {logging_mixin.py:188} INFO - [2025-01-14T00:17:45.312+0000] {dagbag.py:538} INFO - Filling up the DagBag from /home/airflow/.local/lib/python3.8/site-packages/airflow/example_dags/example_python_operator.py
[2025-01-14T00:17:45.319+0000] {processor.py:840} INFO - DAG(s) 'example_python_operator' retrieved from /home/airflow/.local/lib/python3.8/site-packages/airflow/example_dags/example_python_operator.py
[2025-01-14T00:17:45.332+0000] {logging_mixin.py:188} INFO - [2025-01-14T00:17:45.332+0000] {dag.py:3036} INFO - Sync 1 DAGs
[2025-01-14T00:17:45.339+0000] {logging_mixin.py:188} INFO - [2025-01-14T00:17:45.339+0000] {dag.py:3823} INFO - Setting next_dagrun for example_python_operator to None, run_after=None
[2025-01-14T00:17:45.352+0000] {processor.py:183} INFO - Processing /home/airflow/.local/lib/python3.8/site-packages/airflow/example_dags/example_python_operator.py took 0.043 seconds
[2025-01-14T00:18:15.722+0000] {processor.py:161} INFO - Started process (PID=1424) to work on /home/airflow/.local/lib/python3.8/site-packages/airflow/example_dags/example_python_operator.py
[2025-01-14T00:18:15.723+0000] {processor.py:830} INFO - Processing file /home/airflow/.local/lib/python3.8/site-packages/airflow/example_dags/example_python_operator.py for tasks to queue
[2025-01-14T00:18:15.724+0000] {logging_mixin.py:188} INFO - [2025-01-14T00:18:15.724+0000] {dagbag.py:538} INFO - Filling up the DagBag from /home/airflow/.local/lib/python3.8/site-packages/airflow/example_dags/example_python_operator.py
[2025-01-14T00:18:15.730+0000] {processor.py:840} INFO - DAG(s) 'example_python_operator' retrieved from /home/airflow/.local/lib/python3.8/site-packages/airflow/example_dags/example_python_operator.py
[2025-01-14T00:18:15.745+0000] {logging_mixin.py:188} INFO - [2025-01-14T00:18:15.745+0000] {dag.py:3036} INFO - Sync 1 DAGs
[2025-01-14T00:18:15.752+0000] {logging_mixin.py:188} INFO - [2025-01-14T00:18:15.752+0000] {dag.py:3823} INFO - Setting next_dagrun for example_python_operator to None, run_after=None
[2025-01-14T00:18:15.764+0000] {processor.py:183} INFO - Processing /home/airflow/.local/lib/python3.8/site-packages/airflow/example_dags/example_python_operator.py took 0.044 seconds
[2025-01-14T00:18:46.905+0000] {processor.py:161} INFO - Started process (PID=1483) to work on /home/airflow/.local/lib/python3.8/site-packages/airflow/example_dags/example_python_operator.py
[2025-01-14T00:18:46.906+0000] {processor.py:830} INFO - Processing file /home/airflow/.local/lib/python3.8/site-packages/airflow/example_dags/example_python_operator.py for tasks to queue
[2025-01-14T00:18:46.907+0000] {logging_mixin.py:188} INFO - [2025-01-14T00:18:46.907+0000] {dagbag.py:538} INFO - Filling up the DagBag from /home/airflow/.local/lib/python3.8/site-packages/airflow/example_dags/example_python_operator.py
[2025-01-14T00:18:46.913+0000] {processor.py:840} INFO - DAG(s) 'example_python_operator' retrieved from /home/airflow/.local/lib/python3.8/site-packages/airflow/example_dags/example_python_operator.py
[2025-01-14T00:18:46.927+0000] {logging_mixin.py:188} INFO - [2025-01-14T00:18:46.927+0000] {dag.py:3036} INFO - Sync 1 DAGs
[2025-01-14T00:18:46.934+0000] {logging_mixin.py:188} INFO - [2025-01-14T00:18:46.934+0000] {dag.py:3823} INFO - Setting next_dagrun for example_python_operator to None, run_after=None
[2025-01-14T00:18:46.947+0000] {processor.py:183} INFO - Processing /home/airflow/.local/lib/python3.8/site-packages/airflow/example_dags/example_python_operator.py took 0.043 seconds
[2025-01-14T00:19:17.981+0000] {processor.py:161} INFO - Started process (PID=1542) to work on /home/airflow/.local/lib/python3.8/site-packages/airflow/example_dags/example_python_operator.py
[2025-01-14T00:19:17.982+0000] {processor.py:830} INFO - Processing file /home/airflow/.local/lib/python3.8/site-packages/airflow/example_dags/example_python_operator.py for tasks to queue
[2025-01-14T00:19:17.983+0000] {logging_mixin.py:188} INFO - [2025-01-14T00:19:17.983+0000] {dagbag.py:538} INFO - Filling up the DagBag from /home/airflow/.local/lib/python3.8/site-packages/airflow/example_dags/example_python_operator.py
[2025-01-14T00:19:17.989+0000] {processor.py:840} INFO - DAG(s) 'example_python_operator' retrieved from /home/airflow/.local/lib/python3.8/site-packages/airflow/example_dags/example_python_operator.py
[2025-01-14T00:19:18.003+0000] {logging_mixin.py:188} INFO - [2025-01-14T00:19:18.003+0000] {dag.py:3036} INFO - Sync 1 DAGs
[2025-01-14T00:19:18.011+0000] {logging_mixin.py:188} INFO - [2025-01-14T00:19:18.011+0000] {dag.py:3823} INFO - Setting next_dagrun for example_python_operator to None, run_after=None
[2025-01-14T00:19:18.023+0000] {processor.py:183} INFO - Processing /home/airflow/.local/lib/python3.8/site-packages/airflow/example_dags/example_python_operator.py took 0.044 seconds
[2025-01-14T00:19:49.460+0000] {processor.py:161} INFO - Started process (PID=1601) to work on /home/airflow/.local/lib/python3.8/site-packages/airflow/example_dags/example_python_operator.py
[2025-01-14T00:19:49.461+0000] {processor.py:830} INFO - Processing file /home/airflow/.local/lib/python3.8/site-packages/airflow/example_dags/example_python_operator.py for tasks to queue
[2025-01-14T00:19:49.462+0000] {logging_mixin.py:188} INFO - [2025-01-14T00:19:49.462+0000] {dagbag.py:538} INFO - Filling up the DagBag from /home/airflow/.local/lib/python3.8/site-packages/airflow/example_dags/example_python_operator.py
[2025-01-14T00:19:49.468+0000] {processor.py:840} INFO - DAG(s) 'example_python_operator' retrieved from /home/airflow/.local/lib/python3.8/site-packages/airflow/example_dags/example_python_operator.py
[2025-01-14T00:19:49.483+0000] {logging_mixin.py:188} INFO - [2025-01-14T00:19:49.482+0000] {dag.py:3036} INFO - Sync 1 DAGs
[2025-01-14T00:19:49.490+0000] {logging_mixin.py:188} INFO - [2025-01-14T00:19:49.489+0000] {dag.py:3823} INFO - Setting next_dagrun for example_python_operator to None, run_after=None
[2025-01-14T00:19:49.502+0000] {processor.py:183} INFO - Processing /home/airflow/.local/lib/python3.8/site-packages/airflow/example_dags/example_python_operator.py took 0.044 seconds
[2025-01-14T00:20:20.942+0000] {processor.py:161} INFO - Started process (PID=1660) to work on /home/airflow/.local/lib/python3.8/site-packages/airflow/example_dags/example_python_operator.py
[2025-01-14T00:20:20.943+0000] {processor.py:830} INFO - Processing file /home/airflow/.local/lib/python3.8/site-packages/airflow/example_dags/example_python_operator.py for tasks to queue
[2025-01-14T00:20:20.944+0000] {logging_mixin.py:188} INFO - [2025-01-14T00:20:20.944+0000] {dagbag.py:538} INFO - Filling up the DagBag from /home/airflow/.local/lib/python3.8/site-packages/airflow/example_dags/example_python_operator.py
[2025-01-14T00:20:20.954+0000] {processor.py:840} INFO - DAG(s) 'example_python_operator' retrieved from /home/airflow/.local/lib/python3.8/site-packages/airflow/example_dags/example_python_operator.py
[2025-01-14T00:20:20.975+0000] {logging_mixin.py:188} INFO - [2025-01-14T00:20:20.974+0000] {dag.py:3036} INFO - Sync 1 DAGs
[2025-01-14T00:20:20.985+0000] {logging_mixin.py:188} INFO - [2025-01-14T00:20:20.985+0000] {dag.py:3823} INFO - Setting next_dagrun for example_python_operator to None, run_after=None
[2025-01-14T00:20:21.003+0000] {processor.py:183} INFO - Processing /home/airflow/.local/lib/python3.8/site-packages/airflow/example_dags/example_python_operator.py took 0.063 seconds
[2025-01-14T00:20:51.221+0000] {processor.py:161} INFO - Started process (PID=1719) to work on /home/airflow/.local/lib/python3.8/site-packages/airflow/example_dags/example_python_operator.py
[2025-01-14T00:20:51.221+0000] {processor.py:830} INFO - Processing file /home/airflow/.local/lib/python3.8/site-packages/airflow/example_dags/example_python_operator.py for tasks to queue
[2025-01-14T00:20:51.222+0000] {logging_mixin.py:188} INFO - [2025-01-14T00:20:51.222+0000] {dagbag.py:538} INFO - Filling up the DagBag from /home/airflow/.local/lib/python3.8/site-packages/airflow/example_dags/example_python_operator.py
[2025-01-14T00:20:51.229+0000] {processor.py:840} INFO - DAG(s) 'example_python_operator' retrieved from /home/airflow/.local/lib/python3.8/site-packages/airflow/example_dags/example_python_operator.py
[2025-01-14T00:20:51.242+0000] {logging_mixin.py:188} INFO - [2025-01-14T00:20:51.242+0000] {dag.py:3036} INFO - Sync 1 DAGs
[2025-01-14T00:20:51.250+0000] {logging_mixin.py:188} INFO - [2025-01-14T00:20:51.250+0000] {dag.py:3823} INFO - Setting next_dagrun for example_python_operator to None, run_after=None
[2025-01-14T00:20:51.263+0000] {processor.py:183} INFO - Processing /home/airflow/.local/lib/python3.8/site-packages/airflow/example_dags/example_python_operator.py took 0.044 seconds
[2025-01-14T00:21:22.295+0000] {processor.py:161} INFO - Started process (PID=1778) to work on /home/airflow/.local/lib/python3.8/site-packages/airflow/example_dags/example_python_operator.py
[2025-01-14T00:21:22.296+0000] {processor.py:830} INFO - Processing file /home/airflow/.local/lib/python3.8/site-packages/airflow/example_dags/example_python_operator.py for tasks to queue
[2025-01-14T00:21:22.297+0000] {logging_mixin.py:188} INFO - [2025-01-14T00:21:22.297+0000] {dagbag.py:538} INFO - Filling up the DagBag from /home/airflow/.local/lib/python3.8/site-packages/airflow/example_dags/example_python_operator.py
[2025-01-14T00:21:22.303+0000] {processor.py:840} INFO - DAG(s) 'example_python_operator' retrieved from /home/airflow/.local/lib/python3.8/site-packages/airflow/example_dags/example_python_operator.py
[2025-01-14T00:21:22.317+0000] {logging_mixin.py:188} INFO - [2025-01-14T00:21:22.317+0000] {dag.py:3036} INFO - Sync 1 DAGs
[2025-01-14T00:21:22.325+0000] {logging_mixin.py:188} INFO - [2025-01-14T00:21:22.325+0000] {dag.py:3823} INFO - Setting next_dagrun for example_python_operator to None, run_after=None
[2025-01-14T00:21:22.340+0000] {processor.py:183} INFO - Processing /home/airflow/.local/lib/python3.8/site-packages/airflow/example_dags/example_python_operator.py took 0.047 seconds
[2025-01-14T00:21:53.672+0000] {processor.py:161} INFO - Started process (PID=1837) to work on /home/airflow/.local/lib/python3.8/site-packages/airflow/example_dags/example_python_operator.py
[2025-01-14T00:21:53.673+0000] {processor.py:830} INFO - Processing file /home/airflow/.local/lib/python3.8/site-packages/airflow/example_dags/example_python_operator.py for tasks to queue
[2025-01-14T00:21:53.674+0000] {logging_mixin.py:188} INFO - [2025-01-14T00:21:53.673+0000] {dagbag.py:538} INFO - Filling up the DagBag from /home/airflow/.local/lib/python3.8/site-packages/airflow/example_dags/example_python_operator.py
[2025-01-14T00:21:53.680+0000] {processor.py:840} INFO - DAG(s) 'example_python_operator' retrieved from /home/airflow/.local/lib/python3.8/site-packages/airflow/example_dags/example_python_operator.py
[2025-01-14T00:21:53.694+0000] {logging_mixin.py:188} INFO - [2025-01-14T00:21:53.693+0000] {dag.py:3036} INFO - Sync 1 DAGs
[2025-01-14T00:21:53.701+0000] {logging_mixin.py:188} INFO - [2025-01-14T00:21:53.701+0000] {dag.py:3823} INFO - Setting next_dagrun for example_python_operator to None, run_after=None
[2025-01-14T00:21:53.716+0000] {processor.py:183} INFO - Processing /home/airflow/.local/lib/python3.8/site-packages/airflow/example_dags/example_python_operator.py took 0.046 seconds
[2025-01-14T00:22:24.835+0000] {processor.py:161} INFO - Started process (PID=1896) to work on /home/airflow/.local/lib/python3.8/site-packages/airflow/example_dags/example_python_operator.py
[2025-01-14T00:22:24.836+0000] {processor.py:830} INFO - Processing file /home/airflow/.local/lib/python3.8/site-packages/airflow/example_dags/example_python_operator.py for tasks to queue
[2025-01-14T00:22:24.837+0000] {logging_mixin.py:188} INFO - [2025-01-14T00:22:24.837+0000] {dagbag.py:538} INFO - Filling up the DagBag from /home/airflow/.local/lib/python3.8/site-packages/airflow/example_dags/example_python_operator.py
[2025-01-14T00:22:24.844+0000] {processor.py:840} INFO - DAG(s) 'example_python_operator' retrieved from /home/airflow/.local/lib/python3.8/site-packages/airflow/example_dags/example_python_operator.py
[2025-01-14T00:22:24.860+0000] {logging_mixin.py:188} INFO - [2025-01-14T00:22:24.860+0000] {dag.py:3036} INFO - Sync 1 DAGs
[2025-01-14T00:22:24.868+0000] {logging_mixin.py:188} INFO - [2025-01-14T00:22:24.867+0000] {dag.py:3823} INFO - Setting next_dagrun for example_python_operator to None, run_after=None
[2025-01-14T00:22:24.881+0000] {processor.py:183} INFO - Processing /home/airflow/.local/lib/python3.8/site-packages/airflow/example_dags/example_python_operator.py took 0.047 seconds
[2025-01-14T00:22:55.956+0000] {processor.py:161} INFO - Started process (PID=1955) to work on /home/airflow/.local/lib/python3.8/site-packages/airflow/example_dags/example_python_operator.py
[2025-01-14T00:22:55.957+0000] {processor.py:830} INFO - Processing file /home/airflow/.local/lib/python3.8/site-packages/airflow/example_dags/example_python_operator.py for tasks to queue
[2025-01-14T00:22:55.958+0000] {logging_mixin.py:188} INFO - [2025-01-14T00:22:55.957+0000] {dagbag.py:538} INFO - Filling up the DagBag from /home/airflow/.local/lib/python3.8/site-packages/airflow/example_dags/example_python_operator.py
[2025-01-14T00:22:55.964+0000] {processor.py:840} INFO - DAG(s) 'example_python_operator' retrieved from /home/airflow/.local/lib/python3.8/site-packages/airflow/example_dags/example_python_operator.py
[2025-01-14T00:22:55.977+0000] {logging_mixin.py:188} INFO - [2025-01-14T00:22:55.977+0000] {dag.py:3036} INFO - Sync 1 DAGs
[2025-01-14T00:22:55.985+0000] {logging_mixin.py:188} INFO - [2025-01-14T00:22:55.984+0000] {dag.py:3823} INFO - Setting next_dagrun for example_python_operator to None, run_after=None
[2025-01-14T00:22:55.996+0000] {processor.py:183} INFO - Processing /home/airflow/.local/lib/python3.8/site-packages/airflow/example_dags/example_python_operator.py took 0.043 seconds
[2025-01-14T00:23:27.150+0000] {processor.py:161} INFO - Started process (PID=2014) to work on /home/airflow/.local/lib/python3.8/site-packages/airflow/example_dags/example_python_operator.py
[2025-01-14T00:23:27.150+0000] {processor.py:830} INFO - Processing file /home/airflow/.local/lib/python3.8/site-packages/airflow/example_dags/example_python_operator.py for tasks to queue
[2025-01-14T00:23:27.151+0000] {logging_mixin.py:188} INFO - [2025-01-14T00:23:27.151+0000] {dagbag.py:538} INFO - Filling up the DagBag from /home/airflow/.local/lib/python3.8/site-packages/airflow/example_dags/example_python_operator.py
[2025-01-14T00:23:27.157+0000] {processor.py:840} INFO - DAG(s) 'example_python_operator' retrieved from /home/airflow/.local/lib/python3.8/site-packages/airflow/example_dags/example_python_operator.py
[2025-01-14T00:23:27.171+0000] {logging_mixin.py:188} INFO - [2025-01-14T00:23:27.171+0000] {dag.py:3036} INFO - Sync 1 DAGs
[2025-01-14T00:23:27.178+0000] {logging_mixin.py:188} INFO - [2025-01-14T00:23:27.178+0000] {dag.py:3823} INFO - Setting next_dagrun for example_python_operator to None, run_after=None
[2025-01-14T00:23:27.191+0000] {processor.py:183} INFO - Processing /home/airflow/.local/lib/python3.8/site-packages/airflow/example_dags/example_python_operator.py took 0.043 seconds
[2025-01-14T00:23:58.237+0000] {processor.py:161} INFO - Started process (PID=2073) to work on /home/airflow/.local/lib/python3.8/site-packages/airflow/example_dags/example_python_operator.py
[2025-01-14T00:23:58.237+0000] {processor.py:830} INFO - Processing file /home/airflow/.local/lib/python3.8/site-packages/airflow/example_dags/example_python_operator.py for tasks to queue
[2025-01-14T00:23:58.238+0000] {logging_mixin.py:188} INFO - [2025-01-14T00:23:58.238+0000] {dagbag.py:538} INFO - Filling up the DagBag from /home/airflow/.local/lib/python3.8/site-packages/airflow/example_dags/example_python_operator.py
[2025-01-14T00:23:58.244+0000] {processor.py:840} INFO - DAG(s) 'example_python_operator' retrieved from /home/airflow/.local/lib/python3.8/site-packages/airflow/example_dags/example_python_operator.py
[2025-01-14T00:23:58.259+0000] {logging_mixin.py:188} INFO - [2025-01-14T00:23:58.258+0000] {dag.py:3036} INFO - Sync 1 DAGs
[2025-01-14T00:23:58.267+0000] {logging_mixin.py:188} INFO - [2025-01-14T00:23:58.267+0000] {dag.py:3823} INFO - Setting next_dagrun for example_python_operator to None, run_after=None
[2025-01-14T00:23:58.280+0000] {processor.py:183} INFO - Processing /home/airflow/.local/lib/python3.8/site-packages/airflow/example_dags/example_python_operator.py took 0.046 seconds
[2025-01-14T00:24:29.404+0000] {processor.py:161} INFO - Started process (PID=2132) to work on /home/airflow/.local/lib/python3.8/site-packages/airflow/example_dags/example_python_operator.py
[2025-01-14T00:24:29.404+0000] {processor.py:830} INFO - Processing file /home/airflow/.local/lib/python3.8/site-packages/airflow/example_dags/example_python_operator.py for tasks to queue
[2025-01-14T00:24:29.405+0000] {logging_mixin.py:188} INFO - [2025-01-14T00:24:29.405+0000] {dagbag.py:538} INFO - Filling up the DagBag from /home/airflow/.local/lib/python3.8/site-packages/airflow/example_dags/example_python_operator.py
[2025-01-14T00:24:29.411+0000] {processor.py:840} INFO - DAG(s) 'example_python_operator' retrieved from /home/airflow/.local/lib/python3.8/site-packages/airflow/example_dags/example_python_operator.py
[2025-01-14T00:24:29.425+0000] {logging_mixin.py:188} INFO - [2025-01-14T00:24:29.424+0000] {dag.py:3036} INFO - Sync 1 DAGs
[2025-01-14T00:24:29.432+0000] {logging_mixin.py:188} INFO - [2025-01-14T00:24:29.432+0000] {dag.py:3823} INFO - Setting next_dagrun for example_python_operator to None, run_after=None
[2025-01-14T00:24:29.444+0000] {processor.py:183} INFO - Processing /home/airflow/.local/lib/python3.8/site-packages/airflow/example_dags/example_python_operator.py took 0.042 seconds
[2025-01-14T00:24:59.717+0000] {processor.py:161} INFO - Started process (PID=2191) to work on /home/airflow/.local/lib/python3.8/site-packages/airflow/example_dags/example_python_operator.py
[2025-01-14T00:24:59.718+0000] {processor.py:830} INFO - Processing file /home/airflow/.local/lib/python3.8/site-packages/airflow/example_dags/example_python_operator.py for tasks to queue
[2025-01-14T00:24:59.719+0000] {logging_mixin.py:188} INFO - [2025-01-14T00:24:59.719+0000] {dagbag.py:538} INFO - Filling up the DagBag from /home/airflow/.local/lib/python3.8/site-packages/airflow/example_dags/example_python_operator.py
[2025-01-14T00:24:59.725+0000] {processor.py:840} INFO - DAG(s) 'example_python_operator' retrieved from /home/airflow/.local/lib/python3.8/site-packages/airflow/example_dags/example_python_operator.py
[2025-01-14T00:24:59.739+0000] {logging_mixin.py:188} INFO - [2025-01-14T00:24:59.738+0000] {dag.py:3036} INFO - Sync 1 DAGs
[2025-01-14T00:24:59.746+0000] {logging_mixin.py:188} INFO - [2025-01-14T00:24:59.745+0000] {dag.py:3823} INFO - Setting next_dagrun for example_python_operator to None, run_after=None
[2025-01-14T00:24:59.758+0000] {processor.py:183} INFO - Processing /home/airflow/.local/lib/python3.8/site-packages/airflow/example_dags/example_python_operator.py took 0.042 seconds
[2025-01-14T00:25:30.798+0000] {processor.py:161} INFO - Started process (PID=2250) to work on /home/airflow/.local/lib/python3.8/site-packages/airflow/example_dags/example_python_operator.py
[2025-01-14T00:25:30.799+0000] {processor.py:830} INFO - Processing file /home/airflow/.local/lib/python3.8/site-packages/airflow/example_dags/example_python_operator.py for tasks to queue
[2025-01-14T00:25:30.800+0000] {logging_mixin.py:188} INFO - [2025-01-14T00:25:30.799+0000] {dagbag.py:538} INFO - Filling up the DagBag from /home/airflow/.local/lib/python3.8/site-packages/airflow/example_dags/example_python_operator.py
[2025-01-14T00:25:30.806+0000] {processor.py:840} INFO - DAG(s) 'example_python_operator' retrieved from /home/airflow/.local/lib/python3.8/site-packages/airflow/example_dags/example_python_operator.py
[2025-01-14T00:25:30.819+0000] {logging_mixin.py:188} INFO - [2025-01-14T00:25:30.819+0000] {dag.py:3036} INFO - Sync 1 DAGs
[2025-01-14T00:25:30.827+0000] {logging_mixin.py:188} INFO - [2025-01-14T00:25:30.827+0000] {dag.py:3823} INFO - Setting next_dagrun for example_python_operator to None, run_after=None
[2025-01-14T00:25:30.839+0000] {processor.py:183} INFO - Processing /home/airflow/.local/lib/python3.8/site-packages/airflow/example_dags/example_python_operator.py took 0.043 seconds
[2025-01-14T00:26:02.051+0000] {processor.py:161} INFO - Started process (PID=2309) to work on /home/airflow/.local/lib/python3.8/site-packages/airflow/example_dags/example_python_operator.py
[2025-01-14T00:26:02.052+0000] {processor.py:830} INFO - Processing file /home/airflow/.local/lib/python3.8/site-packages/airflow/example_dags/example_python_operator.py for tasks to queue
[2025-01-14T00:26:02.053+0000] {logging_mixin.py:188} INFO - [2025-01-14T00:26:02.053+0000] {dagbag.py:538} INFO - Filling up the DagBag from /home/airflow/.local/lib/python3.8/site-packages/airflow/example_dags/example_python_operator.py
[2025-01-14T00:26:02.060+0000] {processor.py:840} INFO - DAG(s) 'example_python_operator' retrieved from /home/airflow/.local/lib/python3.8/site-packages/airflow/example_dags/example_python_operator.py
[2025-01-14T00:26:02.073+0000] {logging_mixin.py:188} INFO - [2025-01-14T00:26:02.073+0000] {dag.py:3036} INFO - Sync 1 DAGs
[2025-01-14T00:26:02.081+0000] {logging_mixin.py:188} INFO - [2025-01-14T00:26:02.081+0000] {dag.py:3823} INFO - Setting next_dagrun for example_python_operator to None, run_after=None
[2025-01-14T00:26:02.093+0000] {processor.py:183} INFO - Processing /home/airflow/.local/lib/python3.8/site-packages/airflow/example_dags/example_python_operator.py took 0.044 seconds
[2025-01-14T00:26:32.589+0000] {processor.py:161} INFO - Started process (PID=2368) to work on /home/airflow/.local/lib/python3.8/site-packages/airflow/example_dags/example_python_operator.py
[2025-01-14T00:26:32.590+0000] {processor.py:830} INFO - Processing file /home/airflow/.local/lib/python3.8/site-packages/airflow/example_dags/example_python_operator.py for tasks to queue
[2025-01-14T00:26:32.591+0000] {logging_mixin.py:188} INFO - [2025-01-14T00:26:32.591+0000] {dagbag.py:538} INFO - Filling up the DagBag from /home/airflow/.local/lib/python3.8/site-packages/airflow/example_dags/example_python_operator.py
[2025-01-14T00:26:32.598+0000] {processor.py:840} INFO - DAG(s) 'example_python_operator' retrieved from /home/airflow/.local/lib/python3.8/site-packages/airflow/example_dags/example_python_operator.py
[2025-01-14T00:26:32.612+0000] {logging_mixin.py:188} INFO - [2025-01-14T00:26:32.612+0000] {dag.py:3036} INFO - Sync 1 DAGs
[2025-01-14T00:26:32.619+0000] {logging_mixin.py:188} INFO - [2025-01-14T00:26:32.619+0000] {dag.py:3823} INFO - Setting next_dagrun for example_python_operator to None, run_after=None
[2025-01-14T00:26:32.632+0000] {processor.py:183} INFO - Processing /home/airflow/.local/lib/python3.8/site-packages/airflow/example_dags/example_python_operator.py took 0.044 seconds
[2025-01-14T00:27:03.567+0000] {processor.py:161} INFO - Started process (PID=2427) to work on /home/airflow/.local/lib/python3.8/site-packages/airflow/example_dags/example_python_operator.py
[2025-01-14T00:27:03.568+0000] {processor.py:830} INFO - Processing file /home/airflow/.local/lib/python3.8/site-packages/airflow/example_dags/example_python_operator.py for tasks to queue
[2025-01-14T00:27:03.569+0000] {logging_mixin.py:188} INFO - [2025-01-14T00:27:03.568+0000] {dagbag.py:538} INFO - Filling up the DagBag from /home/airflow/.local/lib/python3.8/site-packages/airflow/example_dags/example_python_operator.py
[2025-01-14T00:27:03.575+0000] {processor.py:840} INFO - DAG(s) 'example_python_operator' retrieved from /home/airflow/.local/lib/python3.8/site-packages/airflow/example_dags/example_python_operator.py
[2025-01-14T00:27:03.590+0000] {logging_mixin.py:188} INFO - [2025-01-14T00:27:03.589+0000] {dag.py:3036} INFO - Sync 1 DAGs
[2025-01-14T00:27:03.597+0000] {logging_mixin.py:188} INFO - [2025-01-14T00:27:03.597+0000] {dag.py:3823} INFO - Setting next_dagrun for example_python_operator to None, run_after=None
[2025-01-14T00:27:03.610+0000] {processor.py:183} INFO - Processing /home/airflow/.local/lib/python3.8/site-packages/airflow/example_dags/example_python_operator.py took 0.045 seconds
[2025-01-14T00:27:34.471+0000] {processor.py:161} INFO - Started process (PID=2488) to work on /home/airflow/.local/lib/python3.8/site-packages/airflow/example_dags/example_python_operator.py
[2025-01-14T00:27:34.472+0000] {processor.py:830} INFO - Processing file /home/airflow/.local/lib/python3.8/site-packages/airflow/example_dags/example_python_operator.py for tasks to queue
[2025-01-14T00:27:34.473+0000] {logging_mixin.py:188} INFO - [2025-01-14T00:27:34.473+0000] {dagbag.py:538} INFO - Filling up the DagBag from /home/airflow/.local/lib/python3.8/site-packages/airflow/example_dags/example_python_operator.py
[2025-01-14T00:27:34.480+0000] {processor.py:840} INFO - DAG(s) 'example_python_operator' retrieved from /home/airflow/.local/lib/python3.8/site-packages/airflow/example_dags/example_python_operator.py
[2025-01-14T00:27:34.495+0000] {logging_mixin.py:188} INFO - [2025-01-14T00:27:34.494+0000] {dag.py:3036} INFO - Sync 1 DAGs
[2025-01-14T00:27:34.502+0000] {logging_mixin.py:188} INFO - [2025-01-14T00:27:34.502+0000] {dag.py:3823} INFO - Setting next_dagrun for example_python_operator to None, run_after=None
[2025-01-14T00:27:34.516+0000] {processor.py:183} INFO - Processing /home/airflow/.local/lib/python3.8/site-packages/airflow/example_dags/example_python_operator.py took 0.047 seconds
[2025-01-14T00:28:04.932+0000] {processor.py:161} INFO - Started process (PID=2547) to work on /home/airflow/.local/lib/python3.8/site-packages/airflow/example_dags/example_python_operator.py
[2025-01-14T00:28:04.932+0000] {processor.py:830} INFO - Processing file /home/airflow/.local/lib/python3.8/site-packages/airflow/example_dags/example_python_operator.py for tasks to queue
[2025-01-14T00:28:04.933+0000] {logging_mixin.py:188} INFO - [2025-01-14T00:28:04.933+0000] {dagbag.py:538} INFO - Filling up the DagBag from /home/airflow/.local/lib/python3.8/site-packages/airflow/example_dags/example_python_operator.py
[2025-01-14T00:28:04.939+0000] {processor.py:840} INFO - DAG(s) 'example_python_operator' retrieved from /home/airflow/.local/lib/python3.8/site-packages/airflow/example_dags/example_python_operator.py
[2025-01-14T00:28:04.954+0000] {logging_mixin.py:188} INFO - [2025-01-14T00:28:04.954+0000] {dag.py:3036} INFO - Sync 1 DAGs
[2025-01-14T00:28:04.961+0000] {logging_mixin.py:188} INFO - [2025-01-14T00:28:04.961+0000] {dag.py:3823} INFO - Setting next_dagrun for example_python_operator to None, run_after=None
[2025-01-14T00:28:04.974+0000] {processor.py:183} INFO - Processing /home/airflow/.local/lib/python3.8/site-packages/airflow/example_dags/example_python_operator.py took 0.044 seconds
[2025-01-14T00:28:36.062+0000] {processor.py:161} INFO - Started process (PID=2606) to work on /home/airflow/.local/lib/python3.8/site-packages/airflow/example_dags/example_python_operator.py
[2025-01-14T00:28:36.062+0000] {processor.py:830} INFO - Processing file /home/airflow/.local/lib/python3.8/site-packages/airflow/example_dags/example_python_operator.py for tasks to queue
[2025-01-14T00:28:36.064+0000] {logging_mixin.py:188} INFO - [2025-01-14T00:28:36.064+0000] {dagbag.py:538} INFO - Filling up the DagBag from /home/airflow/.local/lib/python3.8/site-packages/airflow/example_dags/example_python_operator.py
[2025-01-14T00:28:36.070+0000] {processor.py:840} INFO - DAG(s) 'example_python_operator' retrieved from /home/airflow/.local/lib/python3.8/site-packages/airflow/example_dags/example_python_operator.py
[2025-01-14T00:28:36.202+0000] {logging_mixin.py:188} INFO - [2025-01-14T00:28:36.202+0000] {dag.py:3036} INFO - Sync 1 DAGs
[2025-01-14T00:28:36.211+0000] {logging_mixin.py:188} INFO - [2025-01-14T00:28:36.211+0000] {dag.py:3823} INFO - Setting next_dagrun for example_python_operator to None, run_after=None
[2025-01-14T00:28:36.223+0000] {processor.py:183} INFO - Processing /home/airflow/.local/lib/python3.8/site-packages/airflow/example_dags/example_python_operator.py took 0.164 seconds
[2025-01-14T00:29:06.794+0000] {processor.py:161} INFO - Started process (PID=2665) to work on /home/airflow/.local/lib/python3.8/site-packages/airflow/example_dags/example_python_operator.py
[2025-01-14T00:29:06.795+0000] {processor.py:830} INFO - Processing file /home/airflow/.local/lib/python3.8/site-packages/airflow/example_dags/example_python_operator.py for tasks to queue
[2025-01-14T00:29:06.797+0000] {logging_mixin.py:188} INFO - [2025-01-14T00:29:06.796+0000] {dagbag.py:538} INFO - Filling up the DagBag from /home/airflow/.local/lib/python3.8/site-packages/airflow/example_dags/example_python_operator.py
[2025-01-14T00:29:06.804+0000] {processor.py:840} INFO - DAG(s) 'example_python_operator' retrieved from /home/airflow/.local/lib/python3.8/site-packages/airflow/example_dags/example_python_operator.py
[2025-01-14T00:29:06.821+0000] {logging_mixin.py:188} INFO - [2025-01-14T00:29:06.821+0000] {dag.py:3036} INFO - Sync 1 DAGs
[2025-01-14T00:29:06.936+0000] {logging_mixin.py:188} INFO - [2025-01-14T00:29:06.936+0000] {dag.py:3823} INFO - Setting next_dagrun for example_python_operator to None, run_after=None
[2025-01-14T00:29:06.949+0000] {processor.py:183} INFO - Processing /home/airflow/.local/lib/python3.8/site-packages/airflow/example_dags/example_python_operator.py took 0.157 seconds
[2025-01-14T00:29:37.105+0000] {processor.py:161} INFO - Started process (PID=2724) to work on /home/airflow/.local/lib/python3.8/site-packages/airflow/example_dags/example_python_operator.py
[2025-01-14T00:29:37.105+0000] {processor.py:830} INFO - Processing file /home/airflow/.local/lib/python3.8/site-packages/airflow/example_dags/example_python_operator.py for tasks to queue
[2025-01-14T00:29:37.107+0000] {logging_mixin.py:188} INFO - [2025-01-14T00:29:37.106+0000] {dagbag.py:538} INFO - Filling up the DagBag from /home/airflow/.local/lib/python3.8/site-packages/airflow/example_dags/example_python_operator.py
[2025-01-14T00:29:37.114+0000] {processor.py:840} INFO - DAG(s) 'example_python_operator' retrieved from /home/airflow/.local/lib/python3.8/site-packages/airflow/example_dags/example_python_operator.py
[2025-01-14T00:29:37.133+0000] {logging_mixin.py:188} INFO - [2025-01-14T00:29:37.133+0000] {dag.py:3036} INFO - Sync 1 DAGs
[2025-01-14T00:29:37.142+0000] {logging_mixin.py:188} INFO - [2025-01-14T00:29:37.142+0000] {dag.py:3823} INFO - Setting next_dagrun for example_python_operator to None, run_after=None
[2025-01-14T00:29:37.158+0000] {processor.py:183} INFO - Processing /home/airflow/.local/lib/python3.8/site-packages/airflow/example_dags/example_python_operator.py took 0.056 seconds
[2025-01-14T00:30:07.213+0000] {processor.py:161} INFO - Started process (PID=2783) to work on /home/airflow/.local/lib/python3.8/site-packages/airflow/example_dags/example_python_operator.py
[2025-01-14T00:30:07.214+0000] {processor.py:830} INFO - Processing file /home/airflow/.local/lib/python3.8/site-packages/airflow/example_dags/example_python_operator.py for tasks to queue
[2025-01-14T00:30:07.215+0000] {logging_mixin.py:188} INFO - [2025-01-14T00:30:07.215+0000] {dagbag.py:538} INFO - Filling up the DagBag from /home/airflow/.local/lib/python3.8/site-packages/airflow/example_dags/example_python_operator.py
[2025-01-14T00:30:07.222+0000] {processor.py:840} INFO - DAG(s) 'example_python_operator' retrieved from /home/airflow/.local/lib/python3.8/site-packages/airflow/example_dags/example_python_operator.py
[2025-01-14T00:30:07.237+0000] {logging_mixin.py:188} INFO - [2025-01-14T00:30:07.237+0000] {dag.py:3036} INFO - Sync 1 DAGs
[2025-01-14T00:30:07.244+0000] {logging_mixin.py:188} INFO - [2025-01-14T00:30:07.244+0000] {dag.py:3823} INFO - Setting next_dagrun for example_python_operator to None, run_after=None
[2025-01-14T00:30:07.257+0000] {processor.py:183} INFO - Processing /home/airflow/.local/lib/python3.8/site-packages/airflow/example_dags/example_python_operator.py took 0.046 seconds
[2025-01-14T00:30:38.016+0000] {processor.py:161} INFO - Started process (PID=2842) to work on /home/airflow/.local/lib/python3.8/site-packages/airflow/example_dags/example_python_operator.py
[2025-01-14T00:30:38.017+0000] {processor.py:830} INFO - Processing file /home/airflow/.local/lib/python3.8/site-packages/airflow/example_dags/example_python_operator.py for tasks to queue
[2025-01-14T00:30:38.018+0000] {logging_mixin.py:188} INFO - [2025-01-14T00:30:38.018+0000] {dagbag.py:538} INFO - Filling up the DagBag from /home/airflow/.local/lib/python3.8/site-packages/airflow/example_dags/example_python_operator.py
[2025-01-14T00:30:38.025+0000] {processor.py:840} INFO - DAG(s) 'example_python_operator' retrieved from /home/airflow/.local/lib/python3.8/site-packages/airflow/example_dags/example_python_operator.py
[2025-01-14T00:30:38.039+0000] {logging_mixin.py:188} INFO - [2025-01-14T00:30:38.039+0000] {dag.py:3036} INFO - Sync 1 DAGs
[2025-01-14T00:30:38.047+0000] {logging_mixin.py:188} INFO - [2025-01-14T00:30:38.047+0000] {dag.py:3823} INFO - Setting next_dagrun for example_python_operator to None, run_after=None
[2025-01-14T00:30:38.059+0000] {processor.py:183} INFO - Processing /home/airflow/.local/lib/python3.8/site-packages/airflow/example_dags/example_python_operator.py took 0.045 seconds
[2025-01-14T00:31:08.913+0000] {processor.py:161} INFO - Started process (PID=2901) to work on /home/airflow/.local/lib/python3.8/site-packages/airflow/example_dags/example_python_operator.py
[2025-01-14T00:31:08.914+0000] {processor.py:830} INFO - Processing file /home/airflow/.local/lib/python3.8/site-packages/airflow/example_dags/example_python_operator.py for tasks to queue
[2025-01-14T00:31:08.915+0000] {logging_mixin.py:188} INFO - [2025-01-14T00:31:08.915+0000] {dagbag.py:538} INFO - Filling up the DagBag from /home/airflow/.local/lib/python3.8/site-packages/airflow/example_dags/example_python_operator.py
[2025-01-14T00:31:08.922+0000] {processor.py:840} INFO - DAG(s) 'example_python_operator' retrieved from /home/airflow/.local/lib/python3.8/site-packages/airflow/example_dags/example_python_operator.py
[2025-01-14T00:31:08.935+0000] {logging_mixin.py:188} INFO - [2025-01-14T00:31:08.935+0000] {dag.py:3036} INFO - Sync 1 DAGs
[2025-01-14T00:31:08.946+0000] {logging_mixin.py:188} INFO - [2025-01-14T00:31:08.946+0000] {dag.py:3823} INFO - Setting next_dagrun for example_python_operator to None, run_after=None
[2025-01-14T00:31:08.959+0000] {processor.py:183} INFO - Processing /home/airflow/.local/lib/python3.8/site-packages/airflow/example_dags/example_python_operator.py took 0.047 seconds
[2025-01-14T00:31:39.582+0000] {processor.py:161} INFO - Started process (PID=2960) to work on /home/airflow/.local/lib/python3.8/site-packages/airflow/example_dags/example_python_operator.py
[2025-01-14T00:31:39.583+0000] {processor.py:830} INFO - Processing file /home/airflow/.local/lib/python3.8/site-packages/airflow/example_dags/example_python_operator.py for tasks to queue
[2025-01-14T00:31:39.584+0000] {logging_mixin.py:188} INFO - [2025-01-14T00:31:39.584+0000] {dagbag.py:538} INFO - Filling up the DagBag from /home/airflow/.local/lib/python3.8/site-packages/airflow/example_dags/example_python_operator.py
[2025-01-14T00:31:39.590+0000] {processor.py:840} INFO - DAG(s) 'example_python_operator' retrieved from /home/airflow/.local/lib/python3.8/site-packages/airflow/example_dags/example_python_operator.py
[2025-01-14T00:31:39.604+0000] {logging_mixin.py:188} INFO - [2025-01-14T00:31:39.604+0000] {dag.py:3036} INFO - Sync 1 DAGs
[2025-01-14T00:31:39.611+0000] {logging_mixin.py:188} INFO - [2025-01-14T00:31:39.611+0000] {dag.py:3823} INFO - Setting next_dagrun for example_python_operator to None, run_after=None
[2025-01-14T00:31:39.623+0000] {processor.py:183} INFO - Processing /home/airflow/.local/lib/python3.8/site-packages/airflow/example_dags/example_python_operator.py took 0.043 seconds
[2025-01-14T00:32:10.563+0000] {processor.py:161} INFO - Started process (PID=3019) to work on /home/airflow/.local/lib/python3.8/site-packages/airflow/example_dags/example_python_operator.py
[2025-01-14T00:32:10.564+0000] {processor.py:830} INFO - Processing file /home/airflow/.local/lib/python3.8/site-packages/airflow/example_dags/example_python_operator.py for tasks to queue
[2025-01-14T00:32:10.565+0000] {logging_mixin.py:188} INFO - [2025-01-14T00:32:10.565+0000] {dagbag.py:538} INFO - Filling up the DagBag from /home/airflow/.local/lib/python3.8/site-packages/airflow/example_dags/example_python_operator.py
[2025-01-14T00:32:10.571+0000] {processor.py:840} INFO - DAG(s) 'example_python_operator' retrieved from /home/airflow/.local/lib/python3.8/site-packages/airflow/example_dags/example_python_operator.py
[2025-01-14T00:32:10.586+0000] {logging_mixin.py:188} INFO - [2025-01-14T00:32:10.586+0000] {dag.py:3036} INFO - Sync 1 DAGs
[2025-01-14T00:32:10.594+0000] {logging_mixin.py:188} INFO - [2025-01-14T00:32:10.594+0000] {dag.py:3823} INFO - Setting next_dagrun for example_python_operator to None, run_after=None
[2025-01-14T00:32:10.609+0000] {processor.py:183} INFO - Processing /home/airflow/.local/lib/python3.8/site-packages/airflow/example_dags/example_python_operator.py took 0.048 seconds
[2025-01-14T00:32:40.759+0000] {processor.py:161} INFO - Started process (PID=3078) to work on /home/airflow/.local/lib/python3.8/site-packages/airflow/example_dags/example_python_operator.py
[2025-01-14T00:32:40.760+0000] {processor.py:830} INFO - Processing file /home/airflow/.local/lib/python3.8/site-packages/airflow/example_dags/example_python_operator.py for tasks to queue
[2025-01-14T00:32:40.761+0000] {logging_mixin.py:188} INFO - [2025-01-14T00:32:40.761+0000] {dagbag.py:538} INFO - Filling up the DagBag from /home/airflow/.local/lib/python3.8/site-packages/airflow/example_dags/example_python_operator.py
[2025-01-14T00:32:40.768+0000] {processor.py:840} INFO - DAG(s) 'example_python_operator' retrieved from /home/airflow/.local/lib/python3.8/site-packages/airflow/example_dags/example_python_operator.py
[2025-01-14T00:32:40.782+0000] {logging_mixin.py:188} INFO - [2025-01-14T00:32:40.782+0000] {dag.py:3036} INFO - Sync 1 DAGs
[2025-01-14T00:32:40.789+0000] {logging_mixin.py:188} INFO - [2025-01-14T00:32:40.789+0000] {dag.py:3823} INFO - Setting next_dagrun for example_python_operator to None, run_after=None
[2025-01-14T00:32:40.804+0000] {processor.py:183} INFO - Processing /home/airflow/.local/lib/python3.8/site-packages/airflow/example_dags/example_python_operator.py took 0.046 seconds
