[2025-01-14T00:00:07.888+0000] {processor.py:161} INFO - Started process (PID=10562) to work on /home/airflow/.local/lib/python3.8/site-packages/airflow/example_dags/example_short_circuit_operator.py
[2025-01-14T00:00:07.888+0000] {processor.py:830} INFO - Processing file /home/airflow/.local/lib/python3.8/site-packages/airflow/example_dags/example_short_circuit_operator.py for tasks to queue
[2025-01-14T00:00:07.889+0000] {logging_mixin.py:188} INFO - [2025-01-14T00:00:07.889+0000] {dagbag.py:538} INFO - Filling up the DagBag from /home/airflow/.local/lib/python3.8/site-packages/airflow/example_dags/example_short_circuit_operator.py
[2025-01-14T00:00:07.894+0000] {processor.py:840} INFO - DAG(s) 'example_short_circuit_operator' retrieved from /home/airflow/.local/lib/python3.8/site-packages/airflow/example_dags/example_short_circuit_operator.py
[2025-01-14T00:00:07.908+0000] {logging_mixin.py:188} INFO - [2025-01-14T00:00:07.908+0000] {dag.py:3036} INFO - Sync 1 DAGs
[2025-01-14T00:00:07.923+0000] {logging_mixin.py:188} INFO - [2025-01-14T00:00:07.923+0000] {dag.py:3823} INFO - Setting next_dagrun for example_short_circuit_operator to 2025-01-13 00:00:00+00:00, run_after=2025-01-14 00:00:00+00:00
[2025-01-14T00:00:07.936+0000] {processor.py:183} INFO - Processing /home/airflow/.local/lib/python3.8/site-packages/airflow/example_dags/example_short_circuit_operator.py took 0.051 seconds
[2025-01-14T00:00:38.139+0000] {processor.py:161} INFO - Started process (PID=10623) to work on /home/airflow/.local/lib/python3.8/site-packages/airflow/example_dags/example_short_circuit_operator.py
[2025-01-14T00:00:38.139+0000] {processor.py:830} INFO - Processing file /home/airflow/.local/lib/python3.8/site-packages/airflow/example_dags/example_short_circuit_operator.py for tasks to queue
[2025-01-14T00:00:38.140+0000] {logging_mixin.py:188} INFO - [2025-01-14T00:00:38.140+0000] {dagbag.py:538} INFO - Filling up the DagBag from /home/airflow/.local/lib/python3.8/site-packages/airflow/example_dags/example_short_circuit_operator.py
[2025-01-14T00:00:38.145+0000] {processor.py:840} INFO - DAG(s) 'example_short_circuit_operator' retrieved from /home/airflow/.local/lib/python3.8/site-packages/airflow/example_dags/example_short_circuit_operator.py
[2025-01-14T00:00:38.160+0000] {logging_mixin.py:188} INFO - [2025-01-14T00:00:38.160+0000] {dag.py:3036} INFO - Sync 1 DAGs
[2025-01-14T00:00:38.173+0000] {logging_mixin.py:188} INFO - [2025-01-14T00:00:38.173+0000] {dag.py:3823} INFO - Setting next_dagrun for example_short_circuit_operator to 2025-01-13 00:00:00+00:00, run_after=2025-01-14 00:00:00+00:00
[2025-01-14T00:00:38.186+0000] {processor.py:183} INFO - Processing /home/airflow/.local/lib/python3.8/site-packages/airflow/example_dags/example_short_circuit_operator.py took 0.050 seconds
[2025-01-14T00:01:08.233+0000] {processor.py:161} INFO - Started process (PID=10682) to work on /home/airflow/.local/lib/python3.8/site-packages/airflow/example_dags/example_short_circuit_operator.py
[2025-01-14T00:01:08.234+0000] {processor.py:830} INFO - Processing file /home/airflow/.local/lib/python3.8/site-packages/airflow/example_dags/example_short_circuit_operator.py for tasks to queue
[2025-01-14T00:01:08.235+0000] {logging_mixin.py:188} INFO - [2025-01-14T00:01:08.235+0000] {dagbag.py:538} INFO - Filling up the DagBag from /home/airflow/.local/lib/python3.8/site-packages/airflow/example_dags/example_short_circuit_operator.py
[2025-01-14T00:01:08.240+0000] {processor.py:840} INFO - DAG(s) 'example_short_circuit_operator' retrieved from /home/airflow/.local/lib/python3.8/site-packages/airflow/example_dags/example_short_circuit_operator.py
[2025-01-14T00:01:08.256+0000] {logging_mixin.py:188} INFO - [2025-01-14T00:01:08.255+0000] {dag.py:3036} INFO - Sync 1 DAGs
[2025-01-14T00:01:08.270+0000] {logging_mixin.py:188} INFO - [2025-01-14T00:01:08.270+0000] {dag.py:3823} INFO - Setting next_dagrun for example_short_circuit_operator to 2025-01-13 00:00:00+00:00, run_after=2025-01-14 00:00:00+00:00
[2025-01-14T00:01:08.282+0000] {processor.py:183} INFO - Processing /home/airflow/.local/lib/python3.8/site-packages/airflow/example_dags/example_short_circuit_operator.py took 0.051 seconds
[2025-01-14T00:01:38.316+0000] {processor.py:161} INFO - Started process (PID=10741) to work on /home/airflow/.local/lib/python3.8/site-packages/airflow/example_dags/example_short_circuit_operator.py
[2025-01-14T00:01:38.317+0000] {processor.py:830} INFO - Processing file /home/airflow/.local/lib/python3.8/site-packages/airflow/example_dags/example_short_circuit_operator.py for tasks to queue
[2025-01-14T00:01:38.317+0000] {logging_mixin.py:188} INFO - [2025-01-14T00:01:38.317+0000] {dagbag.py:538} INFO - Filling up the DagBag from /home/airflow/.local/lib/python3.8/site-packages/airflow/example_dags/example_short_circuit_operator.py
[2025-01-14T00:01:38.322+0000] {processor.py:840} INFO - DAG(s) 'example_short_circuit_operator' retrieved from /home/airflow/.local/lib/python3.8/site-packages/airflow/example_dags/example_short_circuit_operator.py
[2025-01-14T00:01:38.337+0000] {logging_mixin.py:188} INFO - [2025-01-14T00:01:38.337+0000] {dag.py:3036} INFO - Sync 1 DAGs
[2025-01-14T00:01:38.351+0000] {logging_mixin.py:188} INFO - [2025-01-14T00:01:38.351+0000] {dag.py:3823} INFO - Setting next_dagrun for example_short_circuit_operator to 2025-01-13 00:00:00+00:00, run_after=2025-01-14 00:00:00+00:00
[2025-01-14T00:01:38.363+0000] {processor.py:183} INFO - Processing /home/airflow/.local/lib/python3.8/site-packages/airflow/example_dags/example_short_circuit_operator.py took 0.049 seconds
[2025-01-14T00:02:09.167+0000] {processor.py:161} INFO - Started process (PID=10800) to work on /home/airflow/.local/lib/python3.8/site-packages/airflow/example_dags/example_short_circuit_operator.py
[2025-01-14T00:02:09.168+0000] {processor.py:830} INFO - Processing file /home/airflow/.local/lib/python3.8/site-packages/airflow/example_dags/example_short_circuit_operator.py for tasks to queue
[2025-01-14T00:02:09.169+0000] {logging_mixin.py:188} INFO - [2025-01-14T00:02:09.168+0000] {dagbag.py:538} INFO - Filling up the DagBag from /home/airflow/.local/lib/python3.8/site-packages/airflow/example_dags/example_short_circuit_operator.py
[2025-01-14T00:02:09.175+0000] {processor.py:840} INFO - DAG(s) 'example_short_circuit_operator' retrieved from /home/airflow/.local/lib/python3.8/site-packages/airflow/example_dags/example_short_circuit_operator.py
[2025-01-14T00:02:09.189+0000] {logging_mixin.py:188} INFO - [2025-01-14T00:02:09.189+0000] {dag.py:3036} INFO - Sync 1 DAGs
[2025-01-14T00:02:09.204+0000] {logging_mixin.py:188} INFO - [2025-01-14T00:02:09.204+0000] {dag.py:3823} INFO - Setting next_dagrun for example_short_circuit_operator to 2025-01-13 00:00:00+00:00, run_after=2025-01-14 00:00:00+00:00
[2025-01-14T00:02:09.216+0000] {processor.py:183} INFO - Processing /home/airflow/.local/lib/python3.8/site-packages/airflow/example_dags/example_short_circuit_operator.py took 0.051 seconds
[2025-01-14T00:02:40.125+0000] {processor.py:161} INFO - Started process (PID=10859) to work on /home/airflow/.local/lib/python3.8/site-packages/airflow/example_dags/example_short_circuit_operator.py
[2025-01-14T00:02:40.126+0000] {processor.py:830} INFO - Processing file /home/airflow/.local/lib/python3.8/site-packages/airflow/example_dags/example_short_circuit_operator.py for tasks to queue
[2025-01-14T00:02:40.126+0000] {logging_mixin.py:188} INFO - [2025-01-14T00:02:40.126+0000] {dagbag.py:538} INFO - Filling up the DagBag from /home/airflow/.local/lib/python3.8/site-packages/airflow/example_dags/example_short_circuit_operator.py
[2025-01-14T00:02:40.131+0000] {processor.py:840} INFO - DAG(s) 'example_short_circuit_operator' retrieved from /home/airflow/.local/lib/python3.8/site-packages/airflow/example_dags/example_short_circuit_operator.py
[2025-01-14T00:02:40.147+0000] {logging_mixin.py:188} INFO - [2025-01-14T00:02:40.146+0000] {dag.py:3036} INFO - Sync 1 DAGs
[2025-01-14T00:02:40.160+0000] {logging_mixin.py:188} INFO - [2025-01-14T00:02:40.160+0000] {dag.py:3823} INFO - Setting next_dagrun for example_short_circuit_operator to 2025-01-13 00:00:00+00:00, run_after=2025-01-14 00:00:00+00:00
[2025-01-14T00:02:40.172+0000] {processor.py:183} INFO - Processing /home/airflow/.local/lib/python3.8/site-packages/airflow/example_dags/example_short_circuit_operator.py took 0.050 seconds
[2025-01-14T00:03:10.359+0000] {processor.py:161} INFO - Started process (PID=10918) to work on /home/airflow/.local/lib/python3.8/site-packages/airflow/example_dags/example_short_circuit_operator.py
[2025-01-14T00:03:10.359+0000] {processor.py:830} INFO - Processing file /home/airflow/.local/lib/python3.8/site-packages/airflow/example_dags/example_short_circuit_operator.py for tasks to queue
[2025-01-14T00:03:10.360+0000] {logging_mixin.py:188} INFO - [2025-01-14T00:03:10.360+0000] {dagbag.py:538} INFO - Filling up the DagBag from /home/airflow/.local/lib/python3.8/site-packages/airflow/example_dags/example_short_circuit_operator.py
[2025-01-14T00:03:10.365+0000] {processor.py:840} INFO - DAG(s) 'example_short_circuit_operator' retrieved from /home/airflow/.local/lib/python3.8/site-packages/airflow/example_dags/example_short_circuit_operator.py
[2025-01-14T00:03:10.379+0000] {logging_mixin.py:188} INFO - [2025-01-14T00:03:10.379+0000] {dag.py:3036} INFO - Sync 1 DAGs
[2025-01-14T00:03:10.392+0000] {logging_mixin.py:188} INFO - [2025-01-14T00:03:10.392+0000] {dag.py:3823} INFO - Setting next_dagrun for example_short_circuit_operator to 2025-01-13 00:00:00+00:00, run_after=2025-01-14 00:00:00+00:00
[2025-01-14T00:03:10.404+0000] {processor.py:183} INFO - Processing /home/airflow/.local/lib/python3.8/site-packages/airflow/example_dags/example_short_circuit_operator.py took 0.047 seconds
[2025-01-14T00:03:40.508+0000] {processor.py:161} INFO - Started process (PID=10977) to work on /home/airflow/.local/lib/python3.8/site-packages/airflow/example_dags/example_short_circuit_operator.py
[2025-01-14T00:03:40.509+0000] {processor.py:830} INFO - Processing file /home/airflow/.local/lib/python3.8/site-packages/airflow/example_dags/example_short_circuit_operator.py for tasks to queue
[2025-01-14T00:03:40.510+0000] {logging_mixin.py:188} INFO - [2025-01-14T00:03:40.509+0000] {dagbag.py:538} INFO - Filling up the DagBag from /home/airflow/.local/lib/python3.8/site-packages/airflow/example_dags/example_short_circuit_operator.py
[2025-01-14T00:03:40.514+0000] {processor.py:840} INFO - DAG(s) 'example_short_circuit_operator' retrieved from /home/airflow/.local/lib/python3.8/site-packages/airflow/example_dags/example_short_circuit_operator.py
[2025-01-14T00:03:40.530+0000] {logging_mixin.py:188} INFO - [2025-01-14T00:03:40.530+0000] {dag.py:3036} INFO - Sync 1 DAGs
[2025-01-14T00:03:40.544+0000] {logging_mixin.py:188} INFO - [2025-01-14T00:03:40.544+0000] {dag.py:3823} INFO - Setting next_dagrun for example_short_circuit_operator to 2025-01-13 00:00:00+00:00, run_after=2025-01-14 00:00:00+00:00
[2025-01-14T00:03:40.557+0000] {processor.py:183} INFO - Processing /home/airflow/.local/lib/python3.8/site-packages/airflow/example_dags/example_short_circuit_operator.py took 0.050 seconds
[2025-01-14T00:04:11.415+0000] {processor.py:161} INFO - Started process (PID=11036) to work on /home/airflow/.local/lib/python3.8/site-packages/airflow/example_dags/example_short_circuit_operator.py
[2025-01-14T00:04:11.416+0000] {processor.py:830} INFO - Processing file /home/airflow/.local/lib/python3.8/site-packages/airflow/example_dags/example_short_circuit_operator.py for tasks to queue
[2025-01-14T00:04:11.416+0000] {logging_mixin.py:188} INFO - [2025-01-14T00:04:11.416+0000] {dagbag.py:538} INFO - Filling up the DagBag from /home/airflow/.local/lib/python3.8/site-packages/airflow/example_dags/example_short_circuit_operator.py
[2025-01-14T00:04:11.423+0000] {processor.py:840} INFO - DAG(s) 'example_short_circuit_operator' retrieved from /home/airflow/.local/lib/python3.8/site-packages/airflow/example_dags/example_short_circuit_operator.py
[2025-01-14T00:04:11.441+0000] {logging_mixin.py:188} INFO - [2025-01-14T00:04:11.441+0000] {dag.py:3036} INFO - Sync 1 DAGs
[2025-01-14T00:04:11.458+0000] {logging_mixin.py:188} INFO - [2025-01-14T00:04:11.458+0000] {dag.py:3823} INFO - Setting next_dagrun for example_short_circuit_operator to 2025-01-13 00:00:00+00:00, run_after=2025-01-14 00:00:00+00:00
[2025-01-14T00:04:11.471+0000] {processor.py:183} INFO - Processing /home/airflow/.local/lib/python3.8/site-packages/airflow/example_dags/example_short_circuit_operator.py took 0.058 seconds
[2025-01-14T00:04:41.772+0000] {processor.py:161} INFO - Started process (PID=11095) to work on /home/airflow/.local/lib/python3.8/site-packages/airflow/example_dags/example_short_circuit_operator.py
[2025-01-14T00:04:41.773+0000] {processor.py:830} INFO - Processing file /home/airflow/.local/lib/python3.8/site-packages/airflow/example_dags/example_short_circuit_operator.py for tasks to queue
[2025-01-14T00:04:41.773+0000] {logging_mixin.py:188} INFO - [2025-01-14T00:04:41.773+0000] {dagbag.py:538} INFO - Filling up the DagBag from /home/airflow/.local/lib/python3.8/site-packages/airflow/example_dags/example_short_circuit_operator.py
[2025-01-14T00:04:41.778+0000] {processor.py:840} INFO - DAG(s) 'example_short_circuit_operator' retrieved from /home/airflow/.local/lib/python3.8/site-packages/airflow/example_dags/example_short_circuit_operator.py
[2025-01-14T00:04:41.793+0000] {logging_mixin.py:188} INFO - [2025-01-14T00:04:41.793+0000] {dag.py:3036} INFO - Sync 1 DAGs
[2025-01-14T00:04:41.806+0000] {logging_mixin.py:188} INFO - [2025-01-14T00:04:41.806+0000] {dag.py:3823} INFO - Setting next_dagrun for example_short_circuit_operator to 2025-01-13 00:00:00+00:00, run_after=2025-01-14 00:00:00+00:00
[2025-01-14T00:04:41.818+0000] {processor.py:183} INFO - Processing /home/airflow/.local/lib/python3.8/site-packages/airflow/example_dags/example_short_circuit_operator.py took 0.048 seconds
[2025-01-14T00:05:12.836+0000] {processor.py:161} INFO - Started process (PID=11154) to work on /home/airflow/.local/lib/python3.8/site-packages/airflow/example_dags/example_short_circuit_operator.py
[2025-01-14T00:05:12.836+0000] {processor.py:830} INFO - Processing file /home/airflow/.local/lib/python3.8/site-packages/airflow/example_dags/example_short_circuit_operator.py for tasks to queue
[2025-01-14T00:05:12.837+0000] {logging_mixin.py:188} INFO - [2025-01-14T00:05:12.837+0000] {dagbag.py:538} INFO - Filling up the DagBag from /home/airflow/.local/lib/python3.8/site-packages/airflow/example_dags/example_short_circuit_operator.py
[2025-01-14T00:05:12.842+0000] {processor.py:840} INFO - DAG(s) 'example_short_circuit_operator' retrieved from /home/airflow/.local/lib/python3.8/site-packages/airflow/example_dags/example_short_circuit_operator.py
[2025-01-14T00:05:12.857+0000] {logging_mixin.py:188} INFO - [2025-01-14T00:05:12.857+0000] {dag.py:3036} INFO - Sync 1 DAGs
[2025-01-14T00:05:12.871+0000] {logging_mixin.py:188} INFO - [2025-01-14T00:05:12.871+0000] {dag.py:3823} INFO - Setting next_dagrun for example_short_circuit_operator to 2025-01-13 00:00:00+00:00, run_after=2025-01-14 00:00:00+00:00
[2025-01-14T00:05:12.884+0000] {processor.py:183} INFO - Processing /home/airflow/.local/lib/python3.8/site-packages/airflow/example_dags/example_short_circuit_operator.py took 0.051 seconds
[2025-01-14T00:06:25.358+0000] {processor.py:161} INFO - Started process (PID=88) to work on /home/airflow/.local/lib/python3.8/site-packages/airflow/example_dags/example_short_circuit_operator.py
[2025-01-14T00:06:25.359+0000] {processor.py:830} INFO - Processing file /home/airflow/.local/lib/python3.8/site-packages/airflow/example_dags/example_short_circuit_operator.py for tasks to queue
[2025-01-14T00:06:25.360+0000] {logging_mixin.py:188} INFO - [2025-01-14T00:06:25.360+0000] {dagbag.py:538} INFO - Filling up the DagBag from /home/airflow/.local/lib/python3.8/site-packages/airflow/example_dags/example_short_circuit_operator.py
[2025-01-14T00:06:25.366+0000] {processor.py:840} INFO - DAG(s) 'example_short_circuit_operator' retrieved from /home/airflow/.local/lib/python3.8/site-packages/airflow/example_dags/example_short_circuit_operator.py
[2025-01-14T00:06:25.374+0000] {logging_mixin.py:188} INFO - [2025-01-14T00:06:25.374+0000] {dag.py:3036} INFO - Sync 1 DAGs
[2025-01-14T00:06:25.390+0000] {logging_mixin.py:188} INFO - [2025-01-14T00:06:25.390+0000] {dag.py:3823} INFO - Setting next_dagrun for example_short_circuit_operator to 2025-01-13 00:00:00+00:00, run_after=2025-01-14 00:00:00+00:00
[2025-01-14T00:06:25.404+0000] {processor.py:183} INFO - Processing /home/airflow/.local/lib/python3.8/site-packages/airflow/example_dags/example_short_circuit_operator.py took 0.048 seconds
[2025-01-14T00:06:56.533+0000] {processor.py:161} INFO - Started process (PID=147) to work on /home/airflow/.local/lib/python3.8/site-packages/airflow/example_dags/example_short_circuit_operator.py
[2025-01-14T00:06:56.533+0000] {processor.py:830} INFO - Processing file /home/airflow/.local/lib/python3.8/site-packages/airflow/example_dags/example_short_circuit_operator.py for tasks to queue
[2025-01-14T00:06:56.534+0000] {logging_mixin.py:188} INFO - [2025-01-14T00:06:56.534+0000] {dagbag.py:538} INFO - Filling up the DagBag from /home/airflow/.local/lib/python3.8/site-packages/airflow/example_dags/example_short_circuit_operator.py
[2025-01-14T00:06:56.539+0000] {processor.py:840} INFO - DAG(s) 'example_short_circuit_operator' retrieved from /home/airflow/.local/lib/python3.8/site-packages/airflow/example_dags/example_short_circuit_operator.py
[2025-01-14T00:06:56.601+0000] {logging_mixin.py:188} INFO - [2025-01-14T00:06:56.600+0000] {dag.py:3036} INFO - Sync 1 DAGs
[2025-01-14T00:06:56.612+0000] {logging_mixin.py:188} INFO - [2025-01-14T00:06:56.612+0000] {dag.py:3823} INFO - Setting next_dagrun for example_short_circuit_operator to 2025-01-13 00:00:00+00:00, run_after=2025-01-14 00:00:00+00:00
[2025-01-14T00:06:56.627+0000] {processor.py:183} INFO - Processing /home/airflow/.local/lib/python3.8/site-packages/airflow/example_dags/example_short_circuit_operator.py took 0.096 seconds
[2025-01-14T00:07:26.871+0000] {processor.py:161} INFO - Started process (PID=206) to work on /home/airflow/.local/lib/python3.8/site-packages/airflow/example_dags/example_short_circuit_operator.py
[2025-01-14T00:07:26.871+0000] {processor.py:830} INFO - Processing file /home/airflow/.local/lib/python3.8/site-packages/airflow/example_dags/example_short_circuit_operator.py for tasks to queue
[2025-01-14T00:07:26.872+0000] {logging_mixin.py:188} INFO - [2025-01-14T00:07:26.872+0000] {dagbag.py:538} INFO - Filling up the DagBag from /home/airflow/.local/lib/python3.8/site-packages/airflow/example_dags/example_short_circuit_operator.py
[2025-01-14T00:07:26.876+0000] {processor.py:840} INFO - DAG(s) 'example_short_circuit_operator' retrieved from /home/airflow/.local/lib/python3.8/site-packages/airflow/example_dags/example_short_circuit_operator.py
[2025-01-14T00:07:26.890+0000] {logging_mixin.py:188} INFO - [2025-01-14T00:07:26.890+0000] {dag.py:3036} INFO - Sync 1 DAGs
[2025-01-14T00:07:26.903+0000] {logging_mixin.py:188} INFO - [2025-01-14T00:07:26.902+0000] {dag.py:3823} INFO - Setting next_dagrun for example_short_circuit_operator to 2025-01-13 00:00:00+00:00, run_after=2025-01-14 00:00:00+00:00
[2025-01-14T00:07:26.916+0000] {processor.py:183} INFO - Processing /home/airflow/.local/lib/python3.8/site-packages/airflow/example_dags/example_short_circuit_operator.py took 0.047 seconds
[2025-01-14T00:07:57.153+0000] {processor.py:161} INFO - Started process (PID=265) to work on /home/airflow/.local/lib/python3.8/site-packages/airflow/example_dags/example_short_circuit_operator.py
[2025-01-14T00:07:57.153+0000] {processor.py:830} INFO - Processing file /home/airflow/.local/lib/python3.8/site-packages/airflow/example_dags/example_short_circuit_operator.py for tasks to queue
[2025-01-14T00:07:57.154+0000] {logging_mixin.py:188} INFO - [2025-01-14T00:07:57.154+0000] {dagbag.py:538} INFO - Filling up the DagBag from /home/airflow/.local/lib/python3.8/site-packages/airflow/example_dags/example_short_circuit_operator.py
[2025-01-14T00:07:57.158+0000] {processor.py:840} INFO - DAG(s) 'example_short_circuit_operator' retrieved from /home/airflow/.local/lib/python3.8/site-packages/airflow/example_dags/example_short_circuit_operator.py
[2025-01-14T00:07:57.172+0000] {logging_mixin.py:188} INFO - [2025-01-14T00:07:57.172+0000] {dag.py:3036} INFO - Sync 1 DAGs
[2025-01-14T00:07:57.185+0000] {logging_mixin.py:188} INFO - [2025-01-14T00:07:57.185+0000] {dag.py:3823} INFO - Setting next_dagrun for example_short_circuit_operator to 2025-01-13 00:00:00+00:00, run_after=2025-01-14 00:00:00+00:00
[2025-01-14T00:07:57.199+0000] {processor.py:183} INFO - Processing /home/airflow/.local/lib/python3.8/site-packages/airflow/example_dags/example_short_circuit_operator.py took 0.048 seconds
[2025-01-14T00:08:27.429+0000] {processor.py:161} INFO - Started process (PID=324) to work on /home/airflow/.local/lib/python3.8/site-packages/airflow/example_dags/example_short_circuit_operator.py
[2025-01-14T00:08:27.430+0000] {processor.py:830} INFO - Processing file /home/airflow/.local/lib/python3.8/site-packages/airflow/example_dags/example_short_circuit_operator.py for tasks to queue
[2025-01-14T00:08:27.432+0000] {logging_mixin.py:188} INFO - [2025-01-14T00:08:27.432+0000] {dagbag.py:538} INFO - Filling up the DagBag from /home/airflow/.local/lib/python3.8/site-packages/airflow/example_dags/example_short_circuit_operator.py
[2025-01-14T00:08:27.437+0000] {processor.py:840} INFO - DAG(s) 'example_short_circuit_operator' retrieved from /home/airflow/.local/lib/python3.8/site-packages/airflow/example_dags/example_short_circuit_operator.py
[2025-01-14T00:08:27.452+0000] {logging_mixin.py:188} INFO - [2025-01-14T00:08:27.451+0000] {dag.py:3036} INFO - Sync 1 DAGs
[2025-01-14T00:08:27.465+0000] {logging_mixin.py:188} INFO - [2025-01-14T00:08:27.465+0000] {dag.py:3823} INFO - Setting next_dagrun for example_short_circuit_operator to 2025-01-13 00:00:00+00:00, run_after=2025-01-14 00:00:00+00:00
[2025-01-14T00:08:27.477+0000] {processor.py:183} INFO - Processing /home/airflow/.local/lib/python3.8/site-packages/airflow/example_dags/example_short_circuit_operator.py took 0.050 seconds
[2025-01-14T00:08:57.724+0000] {processor.py:161} INFO - Started process (PID=383) to work on /home/airflow/.local/lib/python3.8/site-packages/airflow/example_dags/example_short_circuit_operator.py
[2025-01-14T00:08:57.725+0000] {processor.py:830} INFO - Processing file /home/airflow/.local/lib/python3.8/site-packages/airflow/example_dags/example_short_circuit_operator.py for tasks to queue
[2025-01-14T00:08:57.727+0000] {logging_mixin.py:188} INFO - [2025-01-14T00:08:57.727+0000] {dagbag.py:538} INFO - Filling up the DagBag from /home/airflow/.local/lib/python3.8/site-packages/airflow/example_dags/example_short_circuit_operator.py
[2025-01-14T00:08:57.734+0000] {processor.py:840} INFO - DAG(s) 'example_short_circuit_operator' retrieved from /home/airflow/.local/lib/python3.8/site-packages/airflow/example_dags/example_short_circuit_operator.py
[2025-01-14T00:08:57.756+0000] {logging_mixin.py:188} INFO - [2025-01-14T00:08:57.756+0000] {dag.py:3036} INFO - Sync 1 DAGs
[2025-01-14T00:08:57.776+0000] {logging_mixin.py:188} INFO - [2025-01-14T00:08:57.776+0000] {dag.py:3823} INFO - Setting next_dagrun for example_short_circuit_operator to 2025-01-13 00:00:00+00:00, run_after=2025-01-14 00:00:00+00:00
[2025-01-14T00:08:57.795+0000] {processor.py:183} INFO - Processing /home/airflow/.local/lib/python3.8/site-packages/airflow/example_dags/example_short_circuit_operator.py took 0.075 seconds
[2025-01-14T00:09:27.985+0000] {processor.py:161} INFO - Started process (PID=442) to work on /home/airflow/.local/lib/python3.8/site-packages/airflow/example_dags/example_short_circuit_operator.py
[2025-01-14T00:09:27.986+0000] {processor.py:830} INFO - Processing file /home/airflow/.local/lib/python3.8/site-packages/airflow/example_dags/example_short_circuit_operator.py for tasks to queue
[2025-01-14T00:09:27.987+0000] {logging_mixin.py:188} INFO - [2025-01-14T00:09:27.987+0000] {dagbag.py:538} INFO - Filling up the DagBag from /home/airflow/.local/lib/python3.8/site-packages/airflow/example_dags/example_short_circuit_operator.py
[2025-01-14T00:09:27.992+0000] {processor.py:840} INFO - DAG(s) 'example_short_circuit_operator' retrieved from /home/airflow/.local/lib/python3.8/site-packages/airflow/example_dags/example_short_circuit_operator.py
[2025-01-14T00:09:28.010+0000] {logging_mixin.py:188} INFO - [2025-01-14T00:09:28.010+0000] {dag.py:3036} INFO - Sync 1 DAGs
[2025-01-14T00:09:28.026+0000] {logging_mixin.py:188} INFO - [2025-01-14T00:09:28.026+0000] {dag.py:3823} INFO - Setting next_dagrun for example_short_circuit_operator to 2025-01-13 00:00:00+00:00, run_after=2025-01-14 00:00:00+00:00
[2025-01-14T00:09:28.039+0000] {processor.py:183} INFO - Processing /home/airflow/.local/lib/python3.8/site-packages/airflow/example_dags/example_short_circuit_operator.py took 0.056 seconds
[2025-01-14T00:09:59.025+0000] {processor.py:161} INFO - Started process (PID=501) to work on /home/airflow/.local/lib/python3.8/site-packages/airflow/example_dags/example_short_circuit_operator.py
[2025-01-14T00:09:59.026+0000] {processor.py:830} INFO - Processing file /home/airflow/.local/lib/python3.8/site-packages/airflow/example_dags/example_short_circuit_operator.py for tasks to queue
[2025-01-14T00:09:59.027+0000] {logging_mixin.py:188} INFO - [2025-01-14T00:09:59.027+0000] {dagbag.py:538} INFO - Filling up the DagBag from /home/airflow/.local/lib/python3.8/site-packages/airflow/example_dags/example_short_circuit_operator.py
[2025-01-14T00:09:59.032+0000] {processor.py:840} INFO - DAG(s) 'example_short_circuit_operator' retrieved from /home/airflow/.local/lib/python3.8/site-packages/airflow/example_dags/example_short_circuit_operator.py
[2025-01-14T00:09:59.047+0000] {logging_mixin.py:188} INFO - [2025-01-14T00:09:59.046+0000] {dag.py:3036} INFO - Sync 1 DAGs
[2025-01-14T00:09:59.060+0000] {logging_mixin.py:188} INFO - [2025-01-14T00:09:59.060+0000] {dag.py:3823} INFO - Setting next_dagrun for example_short_circuit_operator to 2025-01-13 00:00:00+00:00, run_after=2025-01-14 00:00:00+00:00
[2025-01-14T00:09:59.074+0000] {processor.py:183} INFO - Processing /home/airflow/.local/lib/python3.8/site-packages/airflow/example_dags/example_short_circuit_operator.py took 0.051 seconds
[2025-01-14T00:10:30.403+0000] {processor.py:161} INFO - Started process (PID=560) to work on /home/airflow/.local/lib/python3.8/site-packages/airflow/example_dags/example_short_circuit_operator.py
[2025-01-14T00:10:30.404+0000] {processor.py:830} INFO - Processing file /home/airflow/.local/lib/python3.8/site-packages/airflow/example_dags/example_short_circuit_operator.py for tasks to queue
[2025-01-14T00:10:30.405+0000] {logging_mixin.py:188} INFO - [2025-01-14T00:10:30.405+0000] {dagbag.py:538} INFO - Filling up the DagBag from /home/airflow/.local/lib/python3.8/site-packages/airflow/example_dags/example_short_circuit_operator.py
[2025-01-14T00:10:30.409+0000] {processor.py:840} INFO - DAG(s) 'example_short_circuit_operator' retrieved from /home/airflow/.local/lib/python3.8/site-packages/airflow/example_dags/example_short_circuit_operator.py
[2025-01-14T00:10:30.426+0000] {logging_mixin.py:188} INFO - [2025-01-14T00:10:30.425+0000] {dag.py:3036} INFO - Sync 1 DAGs
[2025-01-14T00:10:30.441+0000] {logging_mixin.py:188} INFO - [2025-01-14T00:10:30.441+0000] {dag.py:3823} INFO - Setting next_dagrun for example_short_circuit_operator to 2025-01-13 00:00:00+00:00, run_after=2025-01-14 00:00:00+00:00
[2025-01-14T00:10:30.455+0000] {processor.py:183} INFO - Processing /home/airflow/.local/lib/python3.8/site-packages/airflow/example_dags/example_short_circuit_operator.py took 0.054 seconds
[2025-01-14T00:11:01.614+0000] {processor.py:161} INFO - Started process (PID=619) to work on /home/airflow/.local/lib/python3.8/site-packages/airflow/example_dags/example_short_circuit_operator.py
[2025-01-14T00:11:01.615+0000] {processor.py:830} INFO - Processing file /home/airflow/.local/lib/python3.8/site-packages/airflow/example_dags/example_short_circuit_operator.py for tasks to queue
[2025-01-14T00:11:01.616+0000] {logging_mixin.py:188} INFO - [2025-01-14T00:11:01.616+0000] {dagbag.py:538} INFO - Filling up the DagBag from /home/airflow/.local/lib/python3.8/site-packages/airflow/example_dags/example_short_circuit_operator.py
[2025-01-14T00:11:01.621+0000] {processor.py:840} INFO - DAG(s) 'example_short_circuit_operator' retrieved from /home/airflow/.local/lib/python3.8/site-packages/airflow/example_dags/example_short_circuit_operator.py
[2025-01-14T00:11:01.636+0000] {logging_mixin.py:188} INFO - [2025-01-14T00:11:01.636+0000] {dag.py:3036} INFO - Sync 1 DAGs
[2025-01-14T00:11:01.650+0000] {logging_mixin.py:188} INFO - [2025-01-14T00:11:01.650+0000] {dag.py:3823} INFO - Setting next_dagrun for example_short_circuit_operator to 2025-01-13 00:00:00+00:00, run_after=2025-01-14 00:00:00+00:00
[2025-01-14T00:11:01.662+0000] {processor.py:183} INFO - Processing /home/airflow/.local/lib/python3.8/site-packages/airflow/example_dags/example_short_circuit_operator.py took 0.050 seconds
[2025-01-14T00:11:32.695+0000] {processor.py:161} INFO - Started process (PID=678) to work on /home/airflow/.local/lib/python3.8/site-packages/airflow/example_dags/example_short_circuit_operator.py
[2025-01-14T00:11:32.696+0000] {processor.py:830} INFO - Processing file /home/airflow/.local/lib/python3.8/site-packages/airflow/example_dags/example_short_circuit_operator.py for tasks to queue
[2025-01-14T00:11:32.697+0000] {logging_mixin.py:188} INFO - [2025-01-14T00:11:32.697+0000] {dagbag.py:538} INFO - Filling up the DagBag from /home/airflow/.local/lib/python3.8/site-packages/airflow/example_dags/example_short_circuit_operator.py
[2025-01-14T00:11:32.702+0000] {processor.py:840} INFO - DAG(s) 'example_short_circuit_operator' retrieved from /home/airflow/.local/lib/python3.8/site-packages/airflow/example_dags/example_short_circuit_operator.py
[2025-01-14T00:11:32.716+0000] {logging_mixin.py:188} INFO - [2025-01-14T00:11:32.716+0000] {dag.py:3036} INFO - Sync 1 DAGs
[2025-01-14T00:11:32.730+0000] {logging_mixin.py:188} INFO - [2025-01-14T00:11:32.729+0000] {dag.py:3823} INFO - Setting next_dagrun for example_short_circuit_operator to 2025-01-13 00:00:00+00:00, run_after=2025-01-14 00:00:00+00:00
[2025-01-14T00:11:32.742+0000] {processor.py:183} INFO - Processing /home/airflow/.local/lib/python3.8/site-packages/airflow/example_dags/example_short_circuit_operator.py took 0.048 seconds
[2025-01-14T00:12:04.120+0000] {processor.py:161} INFO - Started process (PID=737) to work on /home/airflow/.local/lib/python3.8/site-packages/airflow/example_dags/example_short_circuit_operator.py
[2025-01-14T00:12:04.120+0000] {processor.py:830} INFO - Processing file /home/airflow/.local/lib/python3.8/site-packages/airflow/example_dags/example_short_circuit_operator.py for tasks to queue
[2025-01-14T00:12:04.121+0000] {logging_mixin.py:188} INFO - [2025-01-14T00:12:04.121+0000] {dagbag.py:538} INFO - Filling up the DagBag from /home/airflow/.local/lib/python3.8/site-packages/airflow/example_dags/example_short_circuit_operator.py
[2025-01-14T00:12:04.125+0000] {processor.py:840} INFO - DAG(s) 'example_short_circuit_operator' retrieved from /home/airflow/.local/lib/python3.8/site-packages/airflow/example_dags/example_short_circuit_operator.py
[2025-01-14T00:12:04.139+0000] {logging_mixin.py:188} INFO - [2025-01-14T00:12:04.138+0000] {dag.py:3036} INFO - Sync 1 DAGs
[2025-01-14T00:12:04.152+0000] {logging_mixin.py:188} INFO - [2025-01-14T00:12:04.152+0000] {dag.py:3823} INFO - Setting next_dagrun for example_short_circuit_operator to 2025-01-13 00:00:00+00:00, run_after=2025-01-14 00:00:00+00:00
[2025-01-14T00:12:04.164+0000] {processor.py:183} INFO - Processing /home/airflow/.local/lib/python3.8/site-packages/airflow/example_dags/example_short_circuit_operator.py took 0.046 seconds
[2025-01-14T00:12:35.241+0000] {processor.py:161} INFO - Started process (PID=796) to work on /home/airflow/.local/lib/python3.8/site-packages/airflow/example_dags/example_short_circuit_operator.py
[2025-01-14T00:12:35.242+0000] {processor.py:830} INFO - Processing file /home/airflow/.local/lib/python3.8/site-packages/airflow/example_dags/example_short_circuit_operator.py for tasks to queue
[2025-01-14T00:12:35.243+0000] {logging_mixin.py:188} INFO - [2025-01-14T00:12:35.242+0000] {dagbag.py:538} INFO - Filling up the DagBag from /home/airflow/.local/lib/python3.8/site-packages/airflow/example_dags/example_short_circuit_operator.py
[2025-01-14T00:12:35.247+0000] {processor.py:840} INFO - DAG(s) 'example_short_circuit_operator' retrieved from /home/airflow/.local/lib/python3.8/site-packages/airflow/example_dags/example_short_circuit_operator.py
[2025-01-14T00:12:35.261+0000] {logging_mixin.py:188} INFO - [2025-01-14T00:12:35.261+0000] {dag.py:3036} INFO - Sync 1 DAGs
[2025-01-14T00:12:35.276+0000] {logging_mixin.py:188} INFO - [2025-01-14T00:12:35.275+0000] {dag.py:3823} INFO - Setting next_dagrun for example_short_circuit_operator to 2025-01-13 00:00:00+00:00, run_after=2025-01-14 00:00:00+00:00
[2025-01-14T00:12:35.290+0000] {processor.py:183} INFO - Processing /home/airflow/.local/lib/python3.8/site-packages/airflow/example_dags/example_short_circuit_operator.py took 0.051 seconds
[2025-01-14T00:13:06.280+0000] {processor.py:161} INFO - Started process (PID=855) to work on /home/airflow/.local/lib/python3.8/site-packages/airflow/example_dags/example_short_circuit_operator.py
[2025-01-14T00:13:06.281+0000] {processor.py:830} INFO - Processing file /home/airflow/.local/lib/python3.8/site-packages/airflow/example_dags/example_short_circuit_operator.py for tasks to queue
[2025-01-14T00:13:06.282+0000] {logging_mixin.py:188} INFO - [2025-01-14T00:13:06.281+0000] {dagbag.py:538} INFO - Filling up the DagBag from /home/airflow/.local/lib/python3.8/site-packages/airflow/example_dags/example_short_circuit_operator.py
[2025-01-14T00:13:06.286+0000] {processor.py:840} INFO - DAG(s) 'example_short_circuit_operator' retrieved from /home/airflow/.local/lib/python3.8/site-packages/airflow/example_dags/example_short_circuit_operator.py
[2025-01-14T00:13:06.299+0000] {logging_mixin.py:188} INFO - [2025-01-14T00:13:06.299+0000] {dag.py:3036} INFO - Sync 1 DAGs
[2025-01-14T00:13:06.313+0000] {logging_mixin.py:188} INFO - [2025-01-14T00:13:06.313+0000] {dag.py:3823} INFO - Setting next_dagrun for example_short_circuit_operator to 2025-01-13 00:00:00+00:00, run_after=2025-01-14 00:00:00+00:00
[2025-01-14T00:13:06.325+0000] {processor.py:183} INFO - Processing /home/airflow/.local/lib/python3.8/site-packages/airflow/example_dags/example_short_circuit_operator.py took 0.047 seconds
[2025-01-14T00:13:37.674+0000] {processor.py:161} INFO - Started process (PID=914) to work on /home/airflow/.local/lib/python3.8/site-packages/airflow/example_dags/example_short_circuit_operator.py
[2025-01-14T00:13:37.675+0000] {processor.py:830} INFO - Processing file /home/airflow/.local/lib/python3.8/site-packages/airflow/example_dags/example_short_circuit_operator.py for tasks to queue
[2025-01-14T00:13:37.676+0000] {logging_mixin.py:188} INFO - [2025-01-14T00:13:37.675+0000] {dagbag.py:538} INFO - Filling up the DagBag from /home/airflow/.local/lib/python3.8/site-packages/airflow/example_dags/example_short_circuit_operator.py
[2025-01-14T00:13:37.681+0000] {processor.py:840} INFO - DAG(s) 'example_short_circuit_operator' retrieved from /home/airflow/.local/lib/python3.8/site-packages/airflow/example_dags/example_short_circuit_operator.py
[2025-01-14T00:13:37.698+0000] {logging_mixin.py:188} INFO - [2025-01-14T00:13:37.698+0000] {dag.py:3036} INFO - Sync 1 DAGs
[2025-01-14T00:13:37.712+0000] {logging_mixin.py:188} INFO - [2025-01-14T00:13:37.712+0000] {dag.py:3823} INFO - Setting next_dagrun for example_short_circuit_operator to 2025-01-13 00:00:00+00:00, run_after=2025-01-14 00:00:00+00:00
[2025-01-14T00:13:37.726+0000] {processor.py:183} INFO - Processing /home/airflow/.local/lib/python3.8/site-packages/airflow/example_dags/example_short_circuit_operator.py took 0.055 seconds
[2025-01-14T00:14:07.978+0000] {processor.py:161} INFO - Started process (PID=973) to work on /home/airflow/.local/lib/python3.8/site-packages/airflow/example_dags/example_short_circuit_operator.py
[2025-01-14T00:14:07.979+0000] {processor.py:830} INFO - Processing file /home/airflow/.local/lib/python3.8/site-packages/airflow/example_dags/example_short_circuit_operator.py for tasks to queue
[2025-01-14T00:14:07.980+0000] {logging_mixin.py:188} INFO - [2025-01-14T00:14:07.980+0000] {dagbag.py:538} INFO - Filling up the DagBag from /home/airflow/.local/lib/python3.8/site-packages/airflow/example_dags/example_short_circuit_operator.py
[2025-01-14T00:14:07.985+0000] {processor.py:840} INFO - DAG(s) 'example_short_circuit_operator' retrieved from /home/airflow/.local/lib/python3.8/site-packages/airflow/example_dags/example_short_circuit_operator.py
[2025-01-14T00:14:08.000+0000] {logging_mixin.py:188} INFO - [2025-01-14T00:14:08.000+0000] {dag.py:3036} INFO - Sync 1 DAGs
[2025-01-14T00:14:08.013+0000] {logging_mixin.py:188} INFO - [2025-01-14T00:14:08.013+0000] {dag.py:3823} INFO - Setting next_dagrun for example_short_circuit_operator to 2025-01-13 00:00:00+00:00, run_after=2025-01-14 00:00:00+00:00
[2025-01-14T00:14:08.026+0000] {processor.py:183} INFO - Processing /home/airflow/.local/lib/python3.8/site-packages/airflow/example_dags/example_short_circuit_operator.py took 0.050 seconds
[2025-01-14T00:14:39.129+0000] {processor.py:161} INFO - Started process (PID=1032) to work on /home/airflow/.local/lib/python3.8/site-packages/airflow/example_dags/example_short_circuit_operator.py
[2025-01-14T00:14:39.130+0000] {processor.py:830} INFO - Processing file /home/airflow/.local/lib/python3.8/site-packages/airflow/example_dags/example_short_circuit_operator.py for tasks to queue
[2025-01-14T00:14:39.131+0000] {logging_mixin.py:188} INFO - [2025-01-14T00:14:39.131+0000] {dagbag.py:538} INFO - Filling up the DagBag from /home/airflow/.local/lib/python3.8/site-packages/airflow/example_dags/example_short_circuit_operator.py
[2025-01-14T00:14:39.137+0000] {processor.py:840} INFO - DAG(s) 'example_short_circuit_operator' retrieved from /home/airflow/.local/lib/python3.8/site-packages/airflow/example_dags/example_short_circuit_operator.py
[2025-01-14T00:14:39.152+0000] {logging_mixin.py:188} INFO - [2025-01-14T00:14:39.152+0000] {dag.py:3036} INFO - Sync 1 DAGs
[2025-01-14T00:14:39.166+0000] {logging_mixin.py:188} INFO - [2025-01-14T00:14:39.166+0000] {dag.py:3823} INFO - Setting next_dagrun for example_short_circuit_operator to 2025-01-13 00:00:00+00:00, run_after=2025-01-14 00:00:00+00:00
[2025-01-14T00:14:39.179+0000] {processor.py:183} INFO - Processing /home/airflow/.local/lib/python3.8/site-packages/airflow/example_dags/example_short_circuit_operator.py took 0.052 seconds
[2025-01-14T00:15:10.153+0000] {processor.py:161} INFO - Started process (PID=1091) to work on /home/airflow/.local/lib/python3.8/site-packages/airflow/example_dags/example_short_circuit_operator.py
[2025-01-14T00:15:10.154+0000] {processor.py:830} INFO - Processing file /home/airflow/.local/lib/python3.8/site-packages/airflow/example_dags/example_short_circuit_operator.py for tasks to queue
[2025-01-14T00:15:10.155+0000] {logging_mixin.py:188} INFO - [2025-01-14T00:15:10.155+0000] {dagbag.py:538} INFO - Filling up the DagBag from /home/airflow/.local/lib/python3.8/site-packages/airflow/example_dags/example_short_circuit_operator.py
[2025-01-14T00:15:10.159+0000] {processor.py:840} INFO - DAG(s) 'example_short_circuit_operator' retrieved from /home/airflow/.local/lib/python3.8/site-packages/airflow/example_dags/example_short_circuit_operator.py
[2025-01-14T00:15:10.177+0000] {logging_mixin.py:188} INFO - [2025-01-14T00:15:10.176+0000] {dag.py:3036} INFO - Sync 1 DAGs
[2025-01-14T00:15:10.190+0000] {logging_mixin.py:188} INFO - [2025-01-14T00:15:10.190+0000] {dag.py:3823} INFO - Setting next_dagrun for example_short_circuit_operator to 2025-01-13 00:00:00+00:00, run_after=2025-01-14 00:00:00+00:00
[2025-01-14T00:15:10.202+0000] {processor.py:183} INFO - Processing /home/airflow/.local/lib/python3.8/site-packages/airflow/example_dags/example_short_circuit_operator.py took 0.051 seconds
[2025-01-14T00:15:41.417+0000] {processor.py:161} INFO - Started process (PID=1150) to work on /home/airflow/.local/lib/python3.8/site-packages/airflow/example_dags/example_short_circuit_operator.py
[2025-01-14T00:15:41.418+0000] {processor.py:830} INFO - Processing file /home/airflow/.local/lib/python3.8/site-packages/airflow/example_dags/example_short_circuit_operator.py for tasks to queue
[2025-01-14T00:15:41.419+0000] {logging_mixin.py:188} INFO - [2025-01-14T00:15:41.419+0000] {dagbag.py:538} INFO - Filling up the DagBag from /home/airflow/.local/lib/python3.8/site-packages/airflow/example_dags/example_short_circuit_operator.py
[2025-01-14T00:15:41.424+0000] {processor.py:840} INFO - DAG(s) 'example_short_circuit_operator' retrieved from /home/airflow/.local/lib/python3.8/site-packages/airflow/example_dags/example_short_circuit_operator.py
[2025-01-14T00:15:41.443+0000] {logging_mixin.py:188} INFO - [2025-01-14T00:15:41.442+0000] {dag.py:3036} INFO - Sync 1 DAGs
[2025-01-14T00:15:41.457+0000] {logging_mixin.py:188} INFO - [2025-01-14T00:15:41.457+0000] {dag.py:3823} INFO - Setting next_dagrun for example_short_circuit_operator to 2025-01-13 00:00:00+00:00, run_after=2025-01-14 00:00:00+00:00
[2025-01-14T00:15:41.470+0000] {processor.py:183} INFO - Processing /home/airflow/.local/lib/python3.8/site-packages/airflow/example_dags/example_short_circuit_operator.py took 0.055 seconds
[2025-01-14T00:16:12.836+0000] {processor.py:161} INFO - Started process (PID=1209) to work on /home/airflow/.local/lib/python3.8/site-packages/airflow/example_dags/example_short_circuit_operator.py
[2025-01-14T00:16:12.836+0000] {processor.py:830} INFO - Processing file /home/airflow/.local/lib/python3.8/site-packages/airflow/example_dags/example_short_circuit_operator.py for tasks to queue
[2025-01-14T00:16:12.837+0000] {logging_mixin.py:188} INFO - [2025-01-14T00:16:12.837+0000] {dagbag.py:538} INFO - Filling up the DagBag from /home/airflow/.local/lib/python3.8/site-packages/airflow/example_dags/example_short_circuit_operator.py
[2025-01-14T00:16:12.842+0000] {processor.py:840} INFO - DAG(s) 'example_short_circuit_operator' retrieved from /home/airflow/.local/lib/python3.8/site-packages/airflow/example_dags/example_short_circuit_operator.py
[2025-01-14T00:16:12.857+0000] {logging_mixin.py:188} INFO - [2025-01-14T00:16:12.857+0000] {dag.py:3036} INFO - Sync 1 DAGs
[2025-01-14T00:16:12.870+0000] {logging_mixin.py:188} INFO - [2025-01-14T00:16:12.869+0000] {dag.py:3823} INFO - Setting next_dagrun for example_short_circuit_operator to 2025-01-13 00:00:00+00:00, run_after=2025-01-14 00:00:00+00:00
[2025-01-14T00:16:12.884+0000] {processor.py:183} INFO - Processing /home/airflow/.local/lib/python3.8/site-packages/airflow/example_dags/example_short_circuit_operator.py took 0.051 seconds
[2025-01-14T00:16:44.030+0000] {processor.py:161} INFO - Started process (PID=1274) to work on /home/airflow/.local/lib/python3.8/site-packages/airflow/example_dags/example_short_circuit_operator.py
[2025-01-14T00:16:44.031+0000] {processor.py:830} INFO - Processing file /home/airflow/.local/lib/python3.8/site-packages/airflow/example_dags/example_short_circuit_operator.py for tasks to queue
[2025-01-14T00:16:44.032+0000] {logging_mixin.py:188} INFO - [2025-01-14T00:16:44.031+0000] {dagbag.py:538} INFO - Filling up the DagBag from /home/airflow/.local/lib/python3.8/site-packages/airflow/example_dags/example_short_circuit_operator.py
[2025-01-14T00:16:44.036+0000] {processor.py:840} INFO - DAG(s) 'example_short_circuit_operator' retrieved from /home/airflow/.local/lib/python3.8/site-packages/airflow/example_dags/example_short_circuit_operator.py
[2025-01-14T00:16:44.049+0000] {logging_mixin.py:188} INFO - [2025-01-14T00:16:44.049+0000] {dag.py:3036} INFO - Sync 1 DAGs
[2025-01-14T00:16:44.062+0000] {logging_mixin.py:188} INFO - [2025-01-14T00:16:44.062+0000] {dag.py:3823} INFO - Setting next_dagrun for example_short_circuit_operator to 2025-01-13 00:00:00+00:00, run_after=2025-01-14 00:00:00+00:00
[2025-01-14T00:16:44.074+0000] {processor.py:183} INFO - Processing /home/airflow/.local/lib/python3.8/site-packages/airflow/example_dags/example_short_circuit_operator.py took 0.046 seconds
[2025-01-14T00:17:15.164+0000] {processor.py:161} INFO - Started process (PID=1333) to work on /home/airflow/.local/lib/python3.8/site-packages/airflow/example_dags/example_short_circuit_operator.py
[2025-01-14T00:17:15.164+0000] {processor.py:830} INFO - Processing file /home/airflow/.local/lib/python3.8/site-packages/airflow/example_dags/example_short_circuit_operator.py for tasks to queue
[2025-01-14T00:17:15.165+0000] {logging_mixin.py:188} INFO - [2025-01-14T00:17:15.165+0000] {dagbag.py:538} INFO - Filling up the DagBag from /home/airflow/.local/lib/python3.8/site-packages/airflow/example_dags/example_short_circuit_operator.py
[2025-01-14T00:17:15.169+0000] {processor.py:840} INFO - DAG(s) 'example_short_circuit_operator' retrieved from /home/airflow/.local/lib/python3.8/site-packages/airflow/example_dags/example_short_circuit_operator.py
[2025-01-14T00:17:15.183+0000] {logging_mixin.py:188} INFO - [2025-01-14T00:17:15.182+0000] {dag.py:3036} INFO - Sync 1 DAGs
[2025-01-14T00:17:15.195+0000] {logging_mixin.py:188} INFO - [2025-01-14T00:17:15.195+0000] {dag.py:3823} INFO - Setting next_dagrun for example_short_circuit_operator to 2025-01-13 00:00:00+00:00, run_after=2025-01-14 00:00:00+00:00
[2025-01-14T00:17:15.207+0000] {processor.py:183} INFO - Processing /home/airflow/.local/lib/python3.8/site-packages/airflow/example_dags/example_short_circuit_operator.py took 0.045 seconds
[2025-01-14T00:17:46.266+0000] {processor.py:161} INFO - Started process (PID=1392) to work on /home/airflow/.local/lib/python3.8/site-packages/airflow/example_dags/example_short_circuit_operator.py
[2025-01-14T00:17:46.266+0000] {processor.py:830} INFO - Processing file /home/airflow/.local/lib/python3.8/site-packages/airflow/example_dags/example_short_circuit_operator.py for tasks to queue
[2025-01-14T00:17:46.267+0000] {logging_mixin.py:188} INFO - [2025-01-14T00:17:46.267+0000] {dagbag.py:538} INFO - Filling up the DagBag from /home/airflow/.local/lib/python3.8/site-packages/airflow/example_dags/example_short_circuit_operator.py
[2025-01-14T00:17:46.272+0000] {processor.py:840} INFO - DAG(s) 'example_short_circuit_operator' retrieved from /home/airflow/.local/lib/python3.8/site-packages/airflow/example_dags/example_short_circuit_operator.py
[2025-01-14T00:17:46.285+0000] {logging_mixin.py:188} INFO - [2025-01-14T00:17:46.285+0000] {dag.py:3036} INFO - Sync 1 DAGs
[2025-01-14T00:17:46.298+0000] {logging_mixin.py:188} INFO - [2025-01-14T00:17:46.298+0000] {dag.py:3823} INFO - Setting next_dagrun for example_short_circuit_operator to 2025-01-13 00:00:00+00:00, run_after=2025-01-14 00:00:00+00:00
[2025-01-14T00:17:46.311+0000] {processor.py:183} INFO - Processing /home/airflow/.local/lib/python3.8/site-packages/airflow/example_dags/example_short_circuit_operator.py took 0.047 seconds
[2025-01-14T00:18:16.717+0000] {processor.py:161} INFO - Started process (PID=1451) to work on /home/airflow/.local/lib/python3.8/site-packages/airflow/example_dags/example_short_circuit_operator.py
[2025-01-14T00:18:16.717+0000] {processor.py:830} INFO - Processing file /home/airflow/.local/lib/python3.8/site-packages/airflow/example_dags/example_short_circuit_operator.py for tasks to queue
[2025-01-14T00:18:16.718+0000] {logging_mixin.py:188} INFO - [2025-01-14T00:18:16.718+0000] {dagbag.py:538} INFO - Filling up the DagBag from /home/airflow/.local/lib/python3.8/site-packages/airflow/example_dags/example_short_circuit_operator.py
[2025-01-14T00:18:16.723+0000] {processor.py:840} INFO - DAG(s) 'example_short_circuit_operator' retrieved from /home/airflow/.local/lib/python3.8/site-packages/airflow/example_dags/example_short_circuit_operator.py
[2025-01-14T00:18:16.736+0000] {logging_mixin.py:188} INFO - [2025-01-14T00:18:16.736+0000] {dag.py:3036} INFO - Sync 1 DAGs
[2025-01-14T00:18:16.748+0000] {logging_mixin.py:188} INFO - [2025-01-14T00:18:16.748+0000] {dag.py:3823} INFO - Setting next_dagrun for example_short_circuit_operator to 2025-01-13 00:00:00+00:00, run_after=2025-01-14 00:00:00+00:00
[2025-01-14T00:18:16.761+0000] {processor.py:183} INFO - Processing /home/airflow/.local/lib/python3.8/site-packages/airflow/example_dags/example_short_circuit_operator.py took 0.046 seconds
[2025-01-14T00:18:47.923+0000] {processor.py:161} INFO - Started process (PID=1510) to work on /home/airflow/.local/lib/python3.8/site-packages/airflow/example_dags/example_short_circuit_operator.py
[2025-01-14T00:18:47.924+0000] {processor.py:830} INFO - Processing file /home/airflow/.local/lib/python3.8/site-packages/airflow/example_dags/example_short_circuit_operator.py for tasks to queue
[2025-01-14T00:18:47.925+0000] {logging_mixin.py:188} INFO - [2025-01-14T00:18:47.925+0000] {dagbag.py:538} INFO - Filling up the DagBag from /home/airflow/.local/lib/python3.8/site-packages/airflow/example_dags/example_short_circuit_operator.py
[2025-01-14T00:18:47.930+0000] {processor.py:840} INFO - DAG(s) 'example_short_circuit_operator' retrieved from /home/airflow/.local/lib/python3.8/site-packages/airflow/example_dags/example_short_circuit_operator.py
[2025-01-14T00:18:47.944+0000] {logging_mixin.py:188} INFO - [2025-01-14T00:18:47.943+0000] {dag.py:3036} INFO - Sync 1 DAGs
[2025-01-14T00:18:47.957+0000] {logging_mixin.py:188} INFO - [2025-01-14T00:18:47.957+0000] {dag.py:3823} INFO - Setting next_dagrun for example_short_circuit_operator to 2025-01-13 00:00:00+00:00, run_after=2025-01-14 00:00:00+00:00
[2025-01-14T00:18:47.969+0000] {processor.py:183} INFO - Processing /home/airflow/.local/lib/python3.8/site-packages/airflow/example_dags/example_short_circuit_operator.py took 0.048 seconds
[2025-01-14T00:19:19.114+0000] {processor.py:161} INFO - Started process (PID=1569) to work on /home/airflow/.local/lib/python3.8/site-packages/airflow/example_dags/example_short_circuit_operator.py
[2025-01-14T00:19:19.114+0000] {processor.py:830} INFO - Processing file /home/airflow/.local/lib/python3.8/site-packages/airflow/example_dags/example_short_circuit_operator.py for tasks to queue
[2025-01-14T00:19:19.116+0000] {logging_mixin.py:188} INFO - [2025-01-14T00:19:19.115+0000] {dagbag.py:538} INFO - Filling up the DagBag from /home/airflow/.local/lib/python3.8/site-packages/airflow/example_dags/example_short_circuit_operator.py
[2025-01-14T00:19:19.120+0000] {processor.py:840} INFO - DAG(s) 'example_short_circuit_operator' retrieved from /home/airflow/.local/lib/python3.8/site-packages/airflow/example_dags/example_short_circuit_operator.py
[2025-01-14T00:19:19.136+0000] {logging_mixin.py:188} INFO - [2025-01-14T00:19:19.136+0000] {dag.py:3036} INFO - Sync 1 DAGs
[2025-01-14T00:19:19.151+0000] {logging_mixin.py:188} INFO - [2025-01-14T00:19:19.151+0000] {dag.py:3823} INFO - Setting next_dagrun for example_short_circuit_operator to 2025-01-13 00:00:00+00:00, run_after=2025-01-14 00:00:00+00:00
[2025-01-14T00:19:19.165+0000] {processor.py:183} INFO - Processing /home/airflow/.local/lib/python3.8/site-packages/airflow/example_dags/example_short_circuit_operator.py took 0.055 seconds
[2025-01-14T00:19:50.474+0000] {processor.py:161} INFO - Started process (PID=1628) to work on /home/airflow/.local/lib/python3.8/site-packages/airflow/example_dags/example_short_circuit_operator.py
[2025-01-14T00:19:50.474+0000] {processor.py:830} INFO - Processing file /home/airflow/.local/lib/python3.8/site-packages/airflow/example_dags/example_short_circuit_operator.py for tasks to queue
[2025-01-14T00:19:50.475+0000] {logging_mixin.py:188} INFO - [2025-01-14T00:19:50.475+0000] {dagbag.py:538} INFO - Filling up the DagBag from /home/airflow/.local/lib/python3.8/site-packages/airflow/example_dags/example_short_circuit_operator.py
[2025-01-14T00:19:50.480+0000] {processor.py:840} INFO - DAG(s) 'example_short_circuit_operator' retrieved from /home/airflow/.local/lib/python3.8/site-packages/airflow/example_dags/example_short_circuit_operator.py
[2025-01-14T00:19:50.494+0000] {logging_mixin.py:188} INFO - [2025-01-14T00:19:50.494+0000] {dag.py:3036} INFO - Sync 1 DAGs
[2025-01-14T00:19:50.507+0000] {logging_mixin.py:188} INFO - [2025-01-14T00:19:50.507+0000] {dag.py:3823} INFO - Setting next_dagrun for example_short_circuit_operator to 2025-01-13 00:00:00+00:00, run_after=2025-01-14 00:00:00+00:00
[2025-01-14T00:19:50.520+0000] {processor.py:183} INFO - Processing /home/airflow/.local/lib/python3.8/site-packages/airflow/example_dags/example_short_circuit_operator.py took 0.048 seconds
[2025-01-14T00:20:22.183+0000] {processor.py:161} INFO - Started process (PID=1687) to work on /home/airflow/.local/lib/python3.8/site-packages/airflow/example_dags/example_short_circuit_operator.py
[2025-01-14T00:20:22.184+0000] {processor.py:830} INFO - Processing file /home/airflow/.local/lib/python3.8/site-packages/airflow/example_dags/example_short_circuit_operator.py for tasks to queue
[2025-01-14T00:20:22.185+0000] {logging_mixin.py:188} INFO - [2025-01-14T00:20:22.185+0000] {dagbag.py:538} INFO - Filling up the DagBag from /home/airflow/.local/lib/python3.8/site-packages/airflow/example_dags/example_short_circuit_operator.py
[2025-01-14T00:20:22.190+0000] {processor.py:840} INFO - DAG(s) 'example_short_circuit_operator' retrieved from /home/airflow/.local/lib/python3.8/site-packages/airflow/example_dags/example_short_circuit_operator.py
[2025-01-14T00:20:22.204+0000] {logging_mixin.py:188} INFO - [2025-01-14T00:20:22.204+0000] {dag.py:3036} INFO - Sync 1 DAGs
[2025-01-14T00:20:22.219+0000] {logging_mixin.py:188} INFO - [2025-01-14T00:20:22.219+0000] {dag.py:3823} INFO - Setting next_dagrun for example_short_circuit_operator to 2025-01-13 00:00:00+00:00, run_after=2025-01-14 00:00:00+00:00
[2025-01-14T00:20:22.233+0000] {processor.py:183} INFO - Processing /home/airflow/.local/lib/python3.8/site-packages/airflow/example_dags/example_short_circuit_operator.py took 0.052 seconds
[2025-01-14T00:20:52.299+0000] {processor.py:161} INFO - Started process (PID=1746) to work on /home/airflow/.local/lib/python3.8/site-packages/airflow/example_dags/example_short_circuit_operator.py
[2025-01-14T00:20:52.299+0000] {processor.py:830} INFO - Processing file /home/airflow/.local/lib/python3.8/site-packages/airflow/example_dags/example_short_circuit_operator.py for tasks to queue
[2025-01-14T00:20:52.301+0000] {logging_mixin.py:188} INFO - [2025-01-14T00:20:52.300+0000] {dagbag.py:538} INFO - Filling up the DagBag from /home/airflow/.local/lib/python3.8/site-packages/airflow/example_dags/example_short_circuit_operator.py
[2025-01-14T00:20:52.305+0000] {processor.py:840} INFO - DAG(s) 'example_short_circuit_operator' retrieved from /home/airflow/.local/lib/python3.8/site-packages/airflow/example_dags/example_short_circuit_operator.py
[2025-01-14T00:20:52.320+0000] {logging_mixin.py:188} INFO - [2025-01-14T00:20:52.320+0000] {dag.py:3036} INFO - Sync 1 DAGs
[2025-01-14T00:20:52.334+0000] {logging_mixin.py:188} INFO - [2025-01-14T00:20:52.334+0000] {dag.py:3823} INFO - Setting next_dagrun for example_short_circuit_operator to 2025-01-13 00:00:00+00:00, run_after=2025-01-14 00:00:00+00:00
[2025-01-14T00:20:52.347+0000] {processor.py:183} INFO - Processing /home/airflow/.local/lib/python3.8/site-packages/airflow/example_dags/example_short_circuit_operator.py took 0.051 seconds
[2025-01-14T00:21:23.210+0000] {processor.py:161} INFO - Started process (PID=1805) to work on /home/airflow/.local/lib/python3.8/site-packages/airflow/example_dags/example_short_circuit_operator.py
[2025-01-14T00:21:23.211+0000] {processor.py:830} INFO - Processing file /home/airflow/.local/lib/python3.8/site-packages/airflow/example_dags/example_short_circuit_operator.py for tasks to queue
[2025-01-14T00:21:23.212+0000] {logging_mixin.py:188} INFO - [2025-01-14T00:21:23.211+0000] {dagbag.py:538} INFO - Filling up the DagBag from /home/airflow/.local/lib/python3.8/site-packages/airflow/example_dags/example_short_circuit_operator.py
[2025-01-14T00:21:23.216+0000] {processor.py:840} INFO - DAG(s) 'example_short_circuit_operator' retrieved from /home/airflow/.local/lib/python3.8/site-packages/airflow/example_dags/example_short_circuit_operator.py
[2025-01-14T00:21:23.232+0000] {logging_mixin.py:188} INFO - [2025-01-14T00:21:23.231+0000] {dag.py:3036} INFO - Sync 1 DAGs
[2025-01-14T00:21:23.245+0000] {logging_mixin.py:188} INFO - [2025-01-14T00:21:23.245+0000] {dag.py:3823} INFO - Setting next_dagrun for example_short_circuit_operator to 2025-01-13 00:00:00+00:00, run_after=2025-01-14 00:00:00+00:00
[2025-01-14T00:21:23.258+0000] {processor.py:183} INFO - Processing /home/airflow/.local/lib/python3.8/site-packages/airflow/example_dags/example_short_circuit_operator.py took 0.050 seconds
[2025-01-14T00:21:54.633+0000] {processor.py:161} INFO - Started process (PID=1864) to work on /home/airflow/.local/lib/python3.8/site-packages/airflow/example_dags/example_short_circuit_operator.py
[2025-01-14T00:21:54.634+0000] {processor.py:830} INFO - Processing file /home/airflow/.local/lib/python3.8/site-packages/airflow/example_dags/example_short_circuit_operator.py for tasks to queue
[2025-01-14T00:21:54.635+0000] {logging_mixin.py:188} INFO - [2025-01-14T00:21:54.635+0000] {dagbag.py:538} INFO - Filling up the DagBag from /home/airflow/.local/lib/python3.8/site-packages/airflow/example_dags/example_short_circuit_operator.py
[2025-01-14T00:21:54.640+0000] {processor.py:840} INFO - DAG(s) 'example_short_circuit_operator' retrieved from /home/airflow/.local/lib/python3.8/site-packages/airflow/example_dags/example_short_circuit_operator.py
[2025-01-14T00:21:54.655+0000] {logging_mixin.py:188} INFO - [2025-01-14T00:21:54.654+0000] {dag.py:3036} INFO - Sync 1 DAGs
[2025-01-14T00:21:54.668+0000] {logging_mixin.py:188} INFO - [2025-01-14T00:21:54.668+0000] {dag.py:3823} INFO - Setting next_dagrun for example_short_circuit_operator to 2025-01-13 00:00:00+00:00, run_after=2025-01-14 00:00:00+00:00
[2025-01-14T00:21:54.680+0000] {processor.py:183} INFO - Processing /home/airflow/.local/lib/python3.8/site-packages/airflow/example_dags/example_short_circuit_operator.py took 0.049 seconds
[2025-01-14T00:22:25.821+0000] {processor.py:161} INFO - Started process (PID=1923) to work on /home/airflow/.local/lib/python3.8/site-packages/airflow/example_dags/example_short_circuit_operator.py
[2025-01-14T00:22:25.821+0000] {processor.py:830} INFO - Processing file /home/airflow/.local/lib/python3.8/site-packages/airflow/example_dags/example_short_circuit_operator.py for tasks to queue
[2025-01-14T00:22:25.822+0000] {logging_mixin.py:188} INFO - [2025-01-14T00:22:25.822+0000] {dagbag.py:538} INFO - Filling up the DagBag from /home/airflow/.local/lib/python3.8/site-packages/airflow/example_dags/example_short_circuit_operator.py
[2025-01-14T00:22:25.827+0000] {processor.py:840} INFO - DAG(s) 'example_short_circuit_operator' retrieved from /home/airflow/.local/lib/python3.8/site-packages/airflow/example_dags/example_short_circuit_operator.py
[2025-01-14T00:22:25.841+0000] {logging_mixin.py:188} INFO - [2025-01-14T00:22:25.841+0000] {dag.py:3036} INFO - Sync 1 DAGs
[2025-01-14T00:22:25.854+0000] {logging_mixin.py:188} INFO - [2025-01-14T00:22:25.854+0000] {dag.py:3823} INFO - Setting next_dagrun for example_short_circuit_operator to 2025-01-13 00:00:00+00:00, run_after=2025-01-14 00:00:00+00:00
[2025-01-14T00:22:25.865+0000] {processor.py:183} INFO - Processing /home/airflow/.local/lib/python3.8/site-packages/airflow/example_dags/example_short_circuit_operator.py took 0.047 seconds
[2025-01-14T00:22:56.927+0000] {processor.py:161} INFO - Started process (PID=1982) to work on /home/airflow/.local/lib/python3.8/site-packages/airflow/example_dags/example_short_circuit_operator.py
[2025-01-14T00:22:56.928+0000] {processor.py:830} INFO - Processing file /home/airflow/.local/lib/python3.8/site-packages/airflow/example_dags/example_short_circuit_operator.py for tasks to queue
[2025-01-14T00:22:56.929+0000] {logging_mixin.py:188} INFO - [2025-01-14T00:22:56.929+0000] {dagbag.py:538} INFO - Filling up the DagBag from /home/airflow/.local/lib/python3.8/site-packages/airflow/example_dags/example_short_circuit_operator.py
[2025-01-14T00:22:56.933+0000] {processor.py:840} INFO - DAG(s) 'example_short_circuit_operator' retrieved from /home/airflow/.local/lib/python3.8/site-packages/airflow/example_dags/example_short_circuit_operator.py
[2025-01-14T00:22:56.947+0000] {logging_mixin.py:188} INFO - [2025-01-14T00:22:56.947+0000] {dag.py:3036} INFO - Sync 1 DAGs
[2025-01-14T00:22:56.960+0000] {logging_mixin.py:188} INFO - [2025-01-14T00:22:56.960+0000] {dag.py:3823} INFO - Setting next_dagrun for example_short_circuit_operator to 2025-01-13 00:00:00+00:00, run_after=2025-01-14 00:00:00+00:00
[2025-01-14T00:22:56.971+0000] {processor.py:183} INFO - Processing /home/airflow/.local/lib/python3.8/site-packages/airflow/example_dags/example_short_circuit_operator.py took 0.046 seconds
[2025-01-14T00:23:28.116+0000] {processor.py:161} INFO - Started process (PID=2041) to work on /home/airflow/.local/lib/python3.8/site-packages/airflow/example_dags/example_short_circuit_operator.py
[2025-01-14T00:23:28.117+0000] {processor.py:830} INFO - Processing file /home/airflow/.local/lib/python3.8/site-packages/airflow/example_dags/example_short_circuit_operator.py for tasks to queue
[2025-01-14T00:23:28.118+0000] {logging_mixin.py:188} INFO - [2025-01-14T00:23:28.118+0000] {dagbag.py:538} INFO - Filling up the DagBag from /home/airflow/.local/lib/python3.8/site-packages/airflow/example_dags/example_short_circuit_operator.py
[2025-01-14T00:23:28.122+0000] {processor.py:840} INFO - DAG(s) 'example_short_circuit_operator' retrieved from /home/airflow/.local/lib/python3.8/site-packages/airflow/example_dags/example_short_circuit_operator.py
[2025-01-14T00:23:28.137+0000] {logging_mixin.py:188} INFO - [2025-01-14T00:23:28.136+0000] {dag.py:3036} INFO - Sync 1 DAGs
[2025-01-14T00:23:28.150+0000] {logging_mixin.py:188} INFO - [2025-01-14T00:23:28.149+0000] {dag.py:3823} INFO - Setting next_dagrun for example_short_circuit_operator to 2025-01-13 00:00:00+00:00, run_after=2025-01-14 00:00:00+00:00
[2025-01-14T00:23:28.162+0000] {processor.py:183} INFO - Processing /home/airflow/.local/lib/python3.8/site-packages/airflow/example_dags/example_short_circuit_operator.py took 0.048 seconds
[2025-01-14T00:23:59.231+0000] {processor.py:161} INFO - Started process (PID=2100) to work on /home/airflow/.local/lib/python3.8/site-packages/airflow/example_dags/example_short_circuit_operator.py
[2025-01-14T00:23:59.231+0000] {processor.py:830} INFO - Processing file /home/airflow/.local/lib/python3.8/site-packages/airflow/example_dags/example_short_circuit_operator.py for tasks to queue
[2025-01-14T00:23:59.232+0000] {logging_mixin.py:188} INFO - [2025-01-14T00:23:59.232+0000] {dagbag.py:538} INFO - Filling up the DagBag from /home/airflow/.local/lib/python3.8/site-packages/airflow/example_dags/example_short_circuit_operator.py
[2025-01-14T00:23:59.237+0000] {processor.py:840} INFO - DAG(s) 'example_short_circuit_operator' retrieved from /home/airflow/.local/lib/python3.8/site-packages/airflow/example_dags/example_short_circuit_operator.py
[2025-01-14T00:23:59.250+0000] {logging_mixin.py:188} INFO - [2025-01-14T00:23:59.250+0000] {dag.py:3036} INFO - Sync 1 DAGs
[2025-01-14T00:23:59.263+0000] {logging_mixin.py:188} INFO - [2025-01-14T00:23:59.263+0000] {dag.py:3823} INFO - Setting next_dagrun for example_short_circuit_operator to 2025-01-13 00:00:00+00:00, run_after=2025-01-14 00:00:00+00:00
[2025-01-14T00:23:59.275+0000] {processor.py:183} INFO - Processing /home/airflow/.local/lib/python3.8/site-packages/airflow/example_dags/example_short_circuit_operator.py took 0.046 seconds
[2025-01-14T00:24:30.332+0000] {processor.py:161} INFO - Started process (PID=2159) to work on /home/airflow/.local/lib/python3.8/site-packages/airflow/example_dags/example_short_circuit_operator.py
[2025-01-14T00:24:30.333+0000] {processor.py:830} INFO - Processing file /home/airflow/.local/lib/python3.8/site-packages/airflow/example_dags/example_short_circuit_operator.py for tasks to queue
[2025-01-14T00:24:30.334+0000] {logging_mixin.py:188} INFO - [2025-01-14T00:24:30.334+0000] {dagbag.py:538} INFO - Filling up the DagBag from /home/airflow/.local/lib/python3.8/site-packages/airflow/example_dags/example_short_circuit_operator.py
[2025-01-14T00:24:30.338+0000] {processor.py:840} INFO - DAG(s) 'example_short_circuit_operator' retrieved from /home/airflow/.local/lib/python3.8/site-packages/airflow/example_dags/example_short_circuit_operator.py
[2025-01-14T00:24:30.353+0000] {logging_mixin.py:188} INFO - [2025-01-14T00:24:30.353+0000] {dag.py:3036} INFO - Sync 1 DAGs
[2025-01-14T00:24:30.368+0000] {logging_mixin.py:188} INFO - [2025-01-14T00:24:30.368+0000] {dag.py:3823} INFO - Setting next_dagrun for example_short_circuit_operator to 2025-01-13 00:00:00+00:00, run_after=2025-01-14 00:00:00+00:00
[2025-01-14T00:24:30.380+0000] {processor.py:183} INFO - Processing /home/airflow/.local/lib/python3.8/site-packages/airflow/example_dags/example_short_circuit_operator.py took 0.050 seconds
[2025-01-14T00:25:00.666+0000] {processor.py:161} INFO - Started process (PID=2218) to work on /home/airflow/.local/lib/python3.8/site-packages/airflow/example_dags/example_short_circuit_operator.py
[2025-01-14T00:25:00.667+0000] {processor.py:830} INFO - Processing file /home/airflow/.local/lib/python3.8/site-packages/airflow/example_dags/example_short_circuit_operator.py for tasks to queue
[2025-01-14T00:25:00.668+0000] {logging_mixin.py:188} INFO - [2025-01-14T00:25:00.667+0000] {dagbag.py:538} INFO - Filling up the DagBag from /home/airflow/.local/lib/python3.8/site-packages/airflow/example_dags/example_short_circuit_operator.py
[2025-01-14T00:25:00.672+0000] {processor.py:840} INFO - DAG(s) 'example_short_circuit_operator' retrieved from /home/airflow/.local/lib/python3.8/site-packages/airflow/example_dags/example_short_circuit_operator.py
[2025-01-14T00:25:00.687+0000] {logging_mixin.py:188} INFO - [2025-01-14T00:25:00.687+0000] {dag.py:3036} INFO - Sync 1 DAGs
[2025-01-14T00:25:00.700+0000] {logging_mixin.py:188} INFO - [2025-01-14T00:25:00.700+0000] {dag.py:3823} INFO - Setting next_dagrun for example_short_circuit_operator to 2025-01-13 00:00:00+00:00, run_after=2025-01-14 00:00:00+00:00
[2025-01-14T00:25:00.713+0000] {processor.py:183} INFO - Processing /home/airflow/.local/lib/python3.8/site-packages/airflow/example_dags/example_short_circuit_operator.py took 0.049 seconds
[2025-01-14T00:25:31.646+0000] {processor.py:161} INFO - Started process (PID=2277) to work on /home/airflow/.local/lib/python3.8/site-packages/airflow/example_dags/example_short_circuit_operator.py
[2025-01-14T00:25:31.647+0000] {processor.py:830} INFO - Processing file /home/airflow/.local/lib/python3.8/site-packages/airflow/example_dags/example_short_circuit_operator.py for tasks to queue
[2025-01-14T00:25:31.648+0000] {logging_mixin.py:188} INFO - [2025-01-14T00:25:31.648+0000] {dagbag.py:538} INFO - Filling up the DagBag from /home/airflow/.local/lib/python3.8/site-packages/airflow/example_dags/example_short_circuit_operator.py
[2025-01-14T00:25:31.653+0000] {processor.py:840} INFO - DAG(s) 'example_short_circuit_operator' retrieved from /home/airflow/.local/lib/python3.8/site-packages/airflow/example_dags/example_short_circuit_operator.py
[2025-01-14T00:25:31.668+0000] {logging_mixin.py:188} INFO - [2025-01-14T00:25:31.668+0000] {dag.py:3036} INFO - Sync 1 DAGs
[2025-01-14T00:25:31.684+0000] {logging_mixin.py:188} INFO - [2025-01-14T00:25:31.684+0000] {dag.py:3823} INFO - Setting next_dagrun for example_short_circuit_operator to 2025-01-13 00:00:00+00:00, run_after=2025-01-14 00:00:00+00:00
[2025-01-14T00:25:31.698+0000] {processor.py:183} INFO - Processing /home/airflow/.local/lib/python3.8/site-packages/airflow/example_dags/example_short_circuit_operator.py took 0.054 seconds
[2025-01-14T00:26:03.263+0000] {processor.py:161} INFO - Started process (PID=2338) to work on /home/airflow/.local/lib/python3.8/site-packages/airflow/example_dags/example_short_circuit_operator.py
[2025-01-14T00:26:03.264+0000] {processor.py:830} INFO - Processing file /home/airflow/.local/lib/python3.8/site-packages/airflow/example_dags/example_short_circuit_operator.py for tasks to queue
[2025-01-14T00:26:03.265+0000] {logging_mixin.py:188} INFO - [2025-01-14T00:26:03.265+0000] {dagbag.py:538} INFO - Filling up the DagBag from /home/airflow/.local/lib/python3.8/site-packages/airflow/example_dags/example_short_circuit_operator.py
[2025-01-14T00:26:03.269+0000] {processor.py:840} INFO - DAG(s) 'example_short_circuit_operator' retrieved from /home/airflow/.local/lib/python3.8/site-packages/airflow/example_dags/example_short_circuit_operator.py
[2025-01-14T00:26:03.285+0000] {logging_mixin.py:188} INFO - [2025-01-14T00:26:03.284+0000] {dag.py:3036} INFO - Sync 1 DAGs
[2025-01-14T00:26:03.300+0000] {logging_mixin.py:188} INFO - [2025-01-14T00:26:03.300+0000] {dag.py:3823} INFO - Setting next_dagrun for example_short_circuit_operator to 2025-01-13 00:00:00+00:00, run_after=2025-01-14 00:00:00+00:00
[2025-01-14T00:26:03.313+0000] {processor.py:183} INFO - Processing /home/airflow/.local/lib/python3.8/site-packages/airflow/example_dags/example_short_circuit_operator.py took 0.052 seconds
[2025-01-14T00:26:34.341+0000] {processor.py:161} INFO - Started process (PID=2397) to work on /home/airflow/.local/lib/python3.8/site-packages/airflow/example_dags/example_short_circuit_operator.py
[2025-01-14T00:26:34.342+0000] {processor.py:830} INFO - Processing file /home/airflow/.local/lib/python3.8/site-packages/airflow/example_dags/example_short_circuit_operator.py for tasks to queue
[2025-01-14T00:26:34.343+0000] {logging_mixin.py:188} INFO - [2025-01-14T00:26:34.343+0000] {dagbag.py:538} INFO - Filling up the DagBag from /home/airflow/.local/lib/python3.8/site-packages/airflow/example_dags/example_short_circuit_operator.py
[2025-01-14T00:26:34.348+0000] {processor.py:840} INFO - DAG(s) 'example_short_circuit_operator' retrieved from /home/airflow/.local/lib/python3.8/site-packages/airflow/example_dags/example_short_circuit_operator.py
[2025-01-14T00:26:34.364+0000] {logging_mixin.py:188} INFO - [2025-01-14T00:26:34.364+0000] {dag.py:3036} INFO - Sync 1 DAGs
[2025-01-14T00:26:34.379+0000] {logging_mixin.py:188} INFO - [2025-01-14T00:26:34.379+0000] {dag.py:3823} INFO - Setting next_dagrun for example_short_circuit_operator to 2025-01-13 00:00:00+00:00, run_after=2025-01-14 00:00:00+00:00
[2025-01-14T00:26:34.499+0000] {processor.py:183} INFO - Processing /home/airflow/.local/lib/python3.8/site-packages/airflow/example_dags/example_short_circuit_operator.py took 0.160 seconds
[2025-01-14T00:27:04.820+0000] {processor.py:161} INFO - Started process (PID=2456) to work on /home/airflow/.local/lib/python3.8/site-packages/airflow/example_dags/example_short_circuit_operator.py
[2025-01-14T00:27:04.821+0000] {processor.py:830} INFO - Processing file /home/airflow/.local/lib/python3.8/site-packages/airflow/example_dags/example_short_circuit_operator.py for tasks to queue
[2025-01-14T00:27:04.822+0000] {logging_mixin.py:188} INFO - [2025-01-14T00:27:04.822+0000] {dagbag.py:538} INFO - Filling up the DagBag from /home/airflow/.local/lib/python3.8/site-packages/airflow/example_dags/example_short_circuit_operator.py
[2025-01-14T00:27:04.826+0000] {processor.py:840} INFO - DAG(s) 'example_short_circuit_operator' retrieved from /home/airflow/.local/lib/python3.8/site-packages/airflow/example_dags/example_short_circuit_operator.py
[2025-01-14T00:27:04.842+0000] {logging_mixin.py:188} INFO - [2025-01-14T00:27:04.841+0000] {dag.py:3036} INFO - Sync 1 DAGs
[2025-01-14T00:27:04.854+0000] {logging_mixin.py:188} INFO - [2025-01-14T00:27:04.854+0000] {dag.py:3823} INFO - Setting next_dagrun for example_short_circuit_operator to 2025-01-13 00:00:00+00:00, run_after=2025-01-14 00:00:00+00:00
[2025-01-14T00:27:04.973+0000] {processor.py:183} INFO - Processing /home/airflow/.local/lib/python3.8/site-packages/airflow/example_dags/example_short_circuit_operator.py took 0.154 seconds
[2025-01-14T00:27:35.580+0000] {processor.py:161} INFO - Started process (PID=2515) to work on /home/airflow/.local/lib/python3.8/site-packages/airflow/example_dags/example_short_circuit_operator.py
[2025-01-14T00:27:35.580+0000] {processor.py:830} INFO - Processing file /home/airflow/.local/lib/python3.8/site-packages/airflow/example_dags/example_short_circuit_operator.py for tasks to queue
[2025-01-14T00:27:35.581+0000] {logging_mixin.py:188} INFO - [2025-01-14T00:27:35.581+0000] {dagbag.py:538} INFO - Filling up the DagBag from /home/airflow/.local/lib/python3.8/site-packages/airflow/example_dags/example_short_circuit_operator.py
[2025-01-14T00:27:35.588+0000] {processor.py:840} INFO - DAG(s) 'example_short_circuit_operator' retrieved from /home/airflow/.local/lib/python3.8/site-packages/airflow/example_dags/example_short_circuit_operator.py
[2025-01-14T00:27:35.605+0000] {logging_mixin.py:188} INFO - [2025-01-14T00:27:35.605+0000] {dag.py:3036} INFO - Sync 1 DAGs
[2025-01-14T00:27:35.621+0000] {logging_mixin.py:188} INFO - [2025-01-14T00:27:35.621+0000] {dag.py:3823} INFO - Setting next_dagrun for example_short_circuit_operator to 2025-01-13 00:00:00+00:00, run_after=2025-01-14 00:00:00+00:00
[2025-01-14T00:27:35.636+0000] {processor.py:183} INFO - Processing /home/airflow/.local/lib/python3.8/site-packages/airflow/example_dags/example_short_circuit_operator.py took 0.059 seconds
