[2025-01-14T00:00:07.613+0000] {processor.py:161} INFO - Started process (PID=10553) to work on /home/airflow/.local/lib/python3.8/site-packages/airflow/example_dags/example_sensors.py
[2025-01-14T00:00:07.613+0000] {processor.py:830} INFO - Processing file /home/airflow/.local/lib/python3.8/site-packages/airflow/example_dags/example_sensors.py for tasks to queue
[2025-01-14T00:00:07.614+0000] {logging_mixin.py:188} INFO - [2025-01-14T00:00:07.614+0000] {dagbag.py:538} INFO - Filling up the DagBag from /home/airflow/.local/lib/python3.8/site-packages/airflow/example_dags/example_sensors.py
[2025-01-14T00:00:07.620+0000] {processor.py:840} INFO - DAG(s) 'example_sensors' retrieved from /home/airflow/.local/lib/python3.8/site-packages/airflow/example_dags/example_sensors.py
[2025-01-14T00:00:07.636+0000] {logging_mixin.py:188} INFO - [2025-01-14T00:00:07.636+0000] {dag.py:3036} INFO - Sync 1 DAGs
[2025-01-14T00:00:07.643+0000] {logging_mixin.py:188} INFO - [2025-01-14T00:00:07.643+0000] {dag.py:3823} INFO - Setting next_dagrun for example_sensors to None, run_after=None
[2025-01-14T00:00:07.655+0000] {processor.py:183} INFO - Processing /home/airflow/.local/lib/python3.8/site-packages/airflow/example_dags/example_sensors.py took 0.044 seconds
[2025-01-14T00:00:37.713+0000] {processor.py:161} INFO - Started process (PID=10614) to work on /home/airflow/.local/lib/python3.8/site-packages/airflow/example_dags/example_sensors.py
[2025-01-14T00:00:37.713+0000] {processor.py:830} INFO - Processing file /home/airflow/.local/lib/python3.8/site-packages/airflow/example_dags/example_sensors.py for tasks to queue
[2025-01-14T00:00:37.714+0000] {logging_mixin.py:188} INFO - [2025-01-14T00:00:37.714+0000] {dagbag.py:538} INFO - Filling up the DagBag from /home/airflow/.local/lib/python3.8/site-packages/airflow/example_dags/example_sensors.py
[2025-01-14T00:00:37.720+0000] {processor.py:840} INFO - DAG(s) 'example_sensors' retrieved from /home/airflow/.local/lib/python3.8/site-packages/airflow/example_dags/example_sensors.py
[2025-01-14T00:00:37.735+0000] {logging_mixin.py:188} INFO - [2025-01-14T00:00:37.735+0000] {dag.py:3036} INFO - Sync 1 DAGs
[2025-01-14T00:00:37.743+0000] {logging_mixin.py:188} INFO - [2025-01-14T00:00:37.742+0000] {dag.py:3823} INFO - Setting next_dagrun for example_sensors to None, run_after=None
[2025-01-14T00:00:37.755+0000] {processor.py:183} INFO - Processing /home/airflow/.local/lib/python3.8/site-packages/airflow/example_dags/example_sensors.py took 0.044 seconds
[2025-01-14T00:01:07.880+0000] {processor.py:161} INFO - Started process (PID=10673) to work on /home/airflow/.local/lib/python3.8/site-packages/airflow/example_dags/example_sensors.py
[2025-01-14T00:01:07.881+0000] {processor.py:830} INFO - Processing file /home/airflow/.local/lib/python3.8/site-packages/airflow/example_dags/example_sensors.py for tasks to queue
[2025-01-14T00:01:07.881+0000] {logging_mixin.py:188} INFO - [2025-01-14T00:01:07.881+0000] {dagbag.py:538} INFO - Filling up the DagBag from /home/airflow/.local/lib/python3.8/site-packages/airflow/example_dags/example_sensors.py
[2025-01-14T00:01:07.887+0000] {processor.py:840} INFO - DAG(s) 'example_sensors' retrieved from /home/airflow/.local/lib/python3.8/site-packages/airflow/example_dags/example_sensors.py
[2025-01-14T00:01:07.903+0000] {logging_mixin.py:188} INFO - [2025-01-14T00:01:07.903+0000] {dag.py:3036} INFO - Sync 1 DAGs
[2025-01-14T00:01:07.910+0000] {logging_mixin.py:188} INFO - [2025-01-14T00:01:07.910+0000] {dag.py:3823} INFO - Setting next_dagrun for example_sensors to None, run_after=None
[2025-01-14T00:01:07.921+0000] {processor.py:183} INFO - Processing /home/airflow/.local/lib/python3.8/site-packages/airflow/example_dags/example_sensors.py took 0.043 seconds
[2025-01-14T00:01:37.965+0000] {processor.py:161} INFO - Started process (PID=10732) to work on /home/airflow/.local/lib/python3.8/site-packages/airflow/example_dags/example_sensors.py
[2025-01-14T00:01:37.966+0000] {processor.py:830} INFO - Processing file /home/airflow/.local/lib/python3.8/site-packages/airflow/example_dags/example_sensors.py for tasks to queue
[2025-01-14T00:01:37.967+0000] {logging_mixin.py:188} INFO - [2025-01-14T00:01:37.966+0000] {dagbag.py:538} INFO - Filling up the DagBag from /home/airflow/.local/lib/python3.8/site-packages/airflow/example_dags/example_sensors.py
[2025-01-14T00:01:37.972+0000] {processor.py:840} INFO - DAG(s) 'example_sensors' retrieved from /home/airflow/.local/lib/python3.8/site-packages/airflow/example_dags/example_sensors.py
[2025-01-14T00:01:37.988+0000] {logging_mixin.py:188} INFO - [2025-01-14T00:01:37.988+0000] {dag.py:3036} INFO - Sync 1 DAGs
[2025-01-14T00:01:37.995+0000] {logging_mixin.py:188} INFO - [2025-01-14T00:01:37.995+0000] {dag.py:3823} INFO - Setting next_dagrun for example_sensors to None, run_after=None
[2025-01-14T00:01:38.006+0000] {processor.py:183} INFO - Processing /home/airflow/.local/lib/python3.8/site-packages/airflow/example_dags/example_sensors.py took 0.043 seconds
[2025-01-14T00:02:08.904+0000] {processor.py:161} INFO - Started process (PID=10791) to work on /home/airflow/.local/lib/python3.8/site-packages/airflow/example_dags/example_sensors.py
[2025-01-14T00:02:08.904+0000] {processor.py:830} INFO - Processing file /home/airflow/.local/lib/python3.8/site-packages/airflow/example_dags/example_sensors.py for tasks to queue
[2025-01-14T00:02:08.905+0000] {logging_mixin.py:188} INFO - [2025-01-14T00:02:08.905+0000] {dagbag.py:538} INFO - Filling up the DagBag from /home/airflow/.local/lib/python3.8/site-packages/airflow/example_dags/example_sensors.py
[2025-01-14T00:02:08.910+0000] {processor.py:840} INFO - DAG(s) 'example_sensors' retrieved from /home/airflow/.local/lib/python3.8/site-packages/airflow/example_dags/example_sensors.py
[2025-01-14T00:02:08.926+0000] {logging_mixin.py:188} INFO - [2025-01-14T00:02:08.926+0000] {dag.py:3036} INFO - Sync 1 DAGs
[2025-01-14T00:02:08.934+0000] {logging_mixin.py:188} INFO - [2025-01-14T00:02:08.934+0000] {dag.py:3823} INFO - Setting next_dagrun for example_sensors to None, run_after=None
[2025-01-14T00:02:08.947+0000] {processor.py:183} INFO - Processing /home/airflow/.local/lib/python3.8/site-packages/airflow/example_dags/example_sensors.py took 0.045 seconds
[2025-01-14T00:02:39.771+0000] {processor.py:161} INFO - Started process (PID=10850) to work on /home/airflow/.local/lib/python3.8/site-packages/airflow/example_dags/example_sensors.py
[2025-01-14T00:02:39.771+0000] {processor.py:830} INFO - Processing file /home/airflow/.local/lib/python3.8/site-packages/airflow/example_dags/example_sensors.py for tasks to queue
[2025-01-14T00:02:39.772+0000] {logging_mixin.py:188} INFO - [2025-01-14T00:02:39.772+0000] {dagbag.py:538} INFO - Filling up the DagBag from /home/airflow/.local/lib/python3.8/site-packages/airflow/example_dags/example_sensors.py
[2025-01-14T00:02:39.778+0000] {processor.py:840} INFO - DAG(s) 'example_sensors' retrieved from /home/airflow/.local/lib/python3.8/site-packages/airflow/example_dags/example_sensors.py
[2025-01-14T00:02:39.795+0000] {logging_mixin.py:188} INFO - [2025-01-14T00:02:39.794+0000] {dag.py:3036} INFO - Sync 1 DAGs
[2025-01-14T00:02:39.803+0000] {logging_mixin.py:188} INFO - [2025-01-14T00:02:39.802+0000] {dag.py:3823} INFO - Setting next_dagrun for example_sensors to None, run_after=None
[2025-01-14T00:02:39.815+0000] {processor.py:183} INFO - Processing /home/airflow/.local/lib/python3.8/site-packages/airflow/example_dags/example_sensors.py took 0.047 seconds
[2025-01-14T00:03:10.011+0000] {processor.py:161} INFO - Started process (PID=10909) to work on /home/airflow/.local/lib/python3.8/site-packages/airflow/example_dags/example_sensors.py
[2025-01-14T00:03:10.012+0000] {processor.py:830} INFO - Processing file /home/airflow/.local/lib/python3.8/site-packages/airflow/example_dags/example_sensors.py for tasks to queue
[2025-01-14T00:03:10.013+0000] {logging_mixin.py:188} INFO - [2025-01-14T00:03:10.012+0000] {dagbag.py:538} INFO - Filling up the DagBag from /home/airflow/.local/lib/python3.8/site-packages/airflow/example_dags/example_sensors.py
[2025-01-14T00:03:10.018+0000] {processor.py:840} INFO - DAG(s) 'example_sensors' retrieved from /home/airflow/.local/lib/python3.8/site-packages/airflow/example_dags/example_sensors.py
[2025-01-14T00:03:10.034+0000] {logging_mixin.py:188} INFO - [2025-01-14T00:03:10.034+0000] {dag.py:3036} INFO - Sync 1 DAGs
[2025-01-14T00:03:10.041+0000] {logging_mixin.py:188} INFO - [2025-01-14T00:03:10.041+0000] {dag.py:3823} INFO - Setting next_dagrun for example_sensors to None, run_after=None
[2025-01-14T00:03:10.053+0000] {processor.py:183} INFO - Processing /home/airflow/.local/lib/python3.8/site-packages/airflow/example_dags/example_sensors.py took 0.044 seconds
[2025-01-14T00:03:40.168+0000] {processor.py:161} INFO - Started process (PID=10968) to work on /home/airflow/.local/lib/python3.8/site-packages/airflow/example_dags/example_sensors.py
[2025-01-14T00:03:40.169+0000] {processor.py:830} INFO - Processing file /home/airflow/.local/lib/python3.8/site-packages/airflow/example_dags/example_sensors.py for tasks to queue
[2025-01-14T00:03:40.169+0000] {logging_mixin.py:188} INFO - [2025-01-14T00:03:40.169+0000] {dagbag.py:538} INFO - Filling up the DagBag from /home/airflow/.local/lib/python3.8/site-packages/airflow/example_dags/example_sensors.py
[2025-01-14T00:03:40.175+0000] {processor.py:840} INFO - DAG(s) 'example_sensors' retrieved from /home/airflow/.local/lib/python3.8/site-packages/airflow/example_dags/example_sensors.py
[2025-01-14T00:03:40.191+0000] {logging_mixin.py:188} INFO - [2025-01-14T00:03:40.191+0000] {dag.py:3036} INFO - Sync 1 DAGs
[2025-01-14T00:03:40.198+0000] {logging_mixin.py:188} INFO - [2025-01-14T00:03:40.198+0000] {dag.py:3823} INFO - Setting next_dagrun for example_sensors to None, run_after=None
[2025-01-14T00:03:40.210+0000] {processor.py:183} INFO - Processing /home/airflow/.local/lib/python3.8/site-packages/airflow/example_dags/example_sensors.py took 0.044 seconds
[2025-01-14T00:04:11.147+0000] {processor.py:161} INFO - Started process (PID=11027) to work on /home/airflow/.local/lib/python3.8/site-packages/airflow/example_dags/example_sensors.py
[2025-01-14T00:04:11.147+0000] {processor.py:830} INFO - Processing file /home/airflow/.local/lib/python3.8/site-packages/airflow/example_dags/example_sensors.py for tasks to queue
[2025-01-14T00:04:11.148+0000] {logging_mixin.py:188} INFO - [2025-01-14T00:04:11.148+0000] {dagbag.py:538} INFO - Filling up the DagBag from /home/airflow/.local/lib/python3.8/site-packages/airflow/example_dags/example_sensors.py
[2025-01-14T00:04:11.154+0000] {processor.py:840} INFO - DAG(s) 'example_sensors' retrieved from /home/airflow/.local/lib/python3.8/site-packages/airflow/example_dags/example_sensors.py
[2025-01-14T00:04:11.170+0000] {logging_mixin.py:188} INFO - [2025-01-14T00:04:11.170+0000] {dag.py:3036} INFO - Sync 1 DAGs
[2025-01-14T00:04:11.179+0000] {logging_mixin.py:188} INFO - [2025-01-14T00:04:11.178+0000] {dag.py:3823} INFO - Setting next_dagrun for example_sensors to None, run_after=None
[2025-01-14T00:04:11.192+0000] {processor.py:183} INFO - Processing /home/airflow/.local/lib/python3.8/site-packages/airflow/example_dags/example_sensors.py took 0.047 seconds
[2025-01-14T00:04:41.342+0000] {processor.py:161} INFO - Started process (PID=11086) to work on /home/airflow/.local/lib/python3.8/site-packages/airflow/example_dags/example_sensors.py
[2025-01-14T00:04:41.343+0000] {processor.py:830} INFO - Processing file /home/airflow/.local/lib/python3.8/site-packages/airflow/example_dags/example_sensors.py for tasks to queue
[2025-01-14T00:04:41.343+0000] {logging_mixin.py:188} INFO - [2025-01-14T00:04:41.343+0000] {dagbag.py:538} INFO - Filling up the DagBag from /home/airflow/.local/lib/python3.8/site-packages/airflow/example_dags/example_sensors.py
[2025-01-14T00:04:41.349+0000] {processor.py:840} INFO - DAG(s) 'example_sensors' retrieved from /home/airflow/.local/lib/python3.8/site-packages/airflow/example_dags/example_sensors.py
[2025-01-14T00:04:41.367+0000] {logging_mixin.py:188} INFO - [2025-01-14T00:04:41.366+0000] {dag.py:3036} INFO - Sync 1 DAGs
[2025-01-14T00:04:41.374+0000] {logging_mixin.py:188} INFO - [2025-01-14T00:04:41.374+0000] {dag.py:3823} INFO - Setting next_dagrun for example_sensors to None, run_after=None
[2025-01-14T00:04:41.482+0000] {processor.py:183} INFO - Processing /home/airflow/.local/lib/python3.8/site-packages/airflow/example_dags/example_sensors.py took 0.142 seconds
[2025-01-14T00:05:11.499+0000] {processor.py:161} INFO - Started process (PID=11145) to work on /home/airflow/.local/lib/python3.8/site-packages/airflow/example_dags/example_sensors.py
[2025-01-14T00:05:11.500+0000] {processor.py:830} INFO - Processing file /home/airflow/.local/lib/python3.8/site-packages/airflow/example_dags/example_sensors.py for tasks to queue
[2025-01-14T00:05:11.501+0000] {logging_mixin.py:188} INFO - [2025-01-14T00:05:11.500+0000] {dagbag.py:538} INFO - Filling up the DagBag from /home/airflow/.local/lib/python3.8/site-packages/airflow/example_dags/example_sensors.py
[2025-01-14T00:05:11.509+0000] {processor.py:840} INFO - DAG(s) 'example_sensors' retrieved from /home/airflow/.local/lib/python3.8/site-packages/airflow/example_dags/example_sensors.py
[2025-01-14T00:05:11.526+0000] {logging_mixin.py:188} INFO - [2025-01-14T00:05:11.526+0000] {dag.py:3036} INFO - Sync 1 DAGs
[2025-01-14T00:05:11.535+0000] {logging_mixin.py:188} INFO - [2025-01-14T00:05:11.534+0000] {dag.py:3823} INFO - Setting next_dagrun for example_sensors to None, run_after=None
[2025-01-14T00:05:11.550+0000] {processor.py:183} INFO - Processing /home/airflow/.local/lib/python3.8/site-packages/airflow/example_dags/example_sensors.py took 0.053 seconds
[2025-01-14T00:06:25.073+0000] {processor.py:161} INFO - Started process (PID=79) to work on /home/airflow/.local/lib/python3.8/site-packages/airflow/example_dags/example_sensors.py
[2025-01-14T00:06:25.074+0000] {processor.py:830} INFO - Processing file /home/airflow/.local/lib/python3.8/site-packages/airflow/example_dags/example_sensors.py for tasks to queue
[2025-01-14T00:06:25.075+0000] {logging_mixin.py:188} INFO - [2025-01-14T00:06:25.074+0000] {dagbag.py:538} INFO - Filling up the DagBag from /home/airflow/.local/lib/python3.8/site-packages/airflow/example_dags/example_sensors.py
[2025-01-14T00:06:25.081+0000] {processor.py:840} INFO - DAG(s) 'example_sensors' retrieved from /home/airflow/.local/lib/python3.8/site-packages/airflow/example_dags/example_sensors.py
[2025-01-14T00:06:25.089+0000] {logging_mixin.py:188} INFO - [2025-01-14T00:06:25.089+0000] {dag.py:3036} INFO - Sync 1 DAGs
[2025-01-14T00:06:25.099+0000] {logging_mixin.py:188} INFO - [2025-01-14T00:06:25.099+0000] {dag.py:3823} INFO - Setting next_dagrun for example_sensors to None, run_after=None
[2025-01-14T00:06:25.113+0000] {processor.py:183} INFO - Processing /home/airflow/.local/lib/python3.8/site-packages/airflow/example_dags/example_sensors.py took 0.042 seconds
[2025-01-14T00:06:56.044+0000] {processor.py:161} INFO - Started process (PID=138) to work on /home/airflow/.local/lib/python3.8/site-packages/airflow/example_dags/example_sensors.py
[2025-01-14T00:06:56.045+0000] {processor.py:830} INFO - Processing file /home/airflow/.local/lib/python3.8/site-packages/airflow/example_dags/example_sensors.py for tasks to queue
[2025-01-14T00:06:56.046+0000] {logging_mixin.py:188} INFO - [2025-01-14T00:06:56.046+0000] {dagbag.py:538} INFO - Filling up the DagBag from /home/airflow/.local/lib/python3.8/site-packages/airflow/example_dags/example_sensors.py
[2025-01-14T00:06:56.052+0000] {processor.py:840} INFO - DAG(s) 'example_sensors' retrieved from /home/airflow/.local/lib/python3.8/site-packages/airflow/example_dags/example_sensors.py
[2025-01-14T00:06:56.123+0000] {logging_mixin.py:188} INFO - [2025-01-14T00:06:56.123+0000] {dag.py:3036} INFO - Sync 1 DAGs
[2025-01-14T00:06:56.130+0000] {logging_mixin.py:188} INFO - [2025-01-14T00:06:56.130+0000] {dag.py:3823} INFO - Setting next_dagrun for example_sensors to None, run_after=None
[2025-01-14T00:06:56.143+0000] {processor.py:183} INFO - Processing /home/airflow/.local/lib/python3.8/site-packages/airflow/example_dags/example_sensors.py took 0.101 seconds
[2025-01-14T00:07:26.531+0000] {processor.py:161} INFO - Started process (PID=197) to work on /home/airflow/.local/lib/python3.8/site-packages/airflow/example_dags/example_sensors.py
[2025-01-14T00:07:26.531+0000] {processor.py:830} INFO - Processing file /home/airflow/.local/lib/python3.8/site-packages/airflow/example_dags/example_sensors.py for tasks to queue
[2025-01-14T00:07:26.532+0000] {logging_mixin.py:188} INFO - [2025-01-14T00:07:26.532+0000] {dagbag.py:538} INFO - Filling up the DagBag from /home/airflow/.local/lib/python3.8/site-packages/airflow/example_dags/example_sensors.py
[2025-01-14T00:07:26.537+0000] {processor.py:840} INFO - DAG(s) 'example_sensors' retrieved from /home/airflow/.local/lib/python3.8/site-packages/airflow/example_dags/example_sensors.py
[2025-01-14T00:07:26.552+0000] {logging_mixin.py:188} INFO - [2025-01-14T00:07:26.552+0000] {dag.py:3036} INFO - Sync 1 DAGs
[2025-01-14T00:07:26.559+0000] {logging_mixin.py:188} INFO - [2025-01-14T00:07:26.559+0000] {dag.py:3823} INFO - Setting next_dagrun for example_sensors to None, run_after=None
[2025-01-14T00:07:26.571+0000] {processor.py:183} INFO - Processing /home/airflow/.local/lib/python3.8/site-packages/airflow/example_dags/example_sensors.py took 0.042 seconds
[2025-01-14T00:07:56.789+0000] {processor.py:161} INFO - Started process (PID=256) to work on /home/airflow/.local/lib/python3.8/site-packages/airflow/example_dags/example_sensors.py
[2025-01-14T00:07:56.790+0000] {processor.py:830} INFO - Processing file /home/airflow/.local/lib/python3.8/site-packages/airflow/example_dags/example_sensors.py for tasks to queue
[2025-01-14T00:07:56.791+0000] {logging_mixin.py:188} INFO - [2025-01-14T00:07:56.791+0000] {dagbag.py:538} INFO - Filling up the DagBag from /home/airflow/.local/lib/python3.8/site-packages/airflow/example_dags/example_sensors.py
[2025-01-14T00:07:56.798+0000] {processor.py:840} INFO - DAG(s) 'example_sensors' retrieved from /home/airflow/.local/lib/python3.8/site-packages/airflow/example_dags/example_sensors.py
[2025-01-14T00:07:56.814+0000] {logging_mixin.py:188} INFO - [2025-01-14T00:07:56.814+0000] {dag.py:3036} INFO - Sync 1 DAGs
[2025-01-14T00:07:56.822+0000] {logging_mixin.py:188} INFO - [2025-01-14T00:07:56.822+0000] {dag.py:3823} INFO - Setting next_dagrun for example_sensors to None, run_after=None
[2025-01-14T00:07:56.835+0000] {processor.py:183} INFO - Processing /home/airflow/.local/lib/python3.8/site-packages/airflow/example_dags/example_sensors.py took 0.048 seconds
[2025-01-14T00:08:27.137+0000] {processor.py:161} INFO - Started process (PID=315) to work on /home/airflow/.local/lib/python3.8/site-packages/airflow/example_dags/example_sensors.py
[2025-01-14T00:08:27.138+0000] {processor.py:830} INFO - Processing file /home/airflow/.local/lib/python3.8/site-packages/airflow/example_dags/example_sensors.py for tasks to queue
[2025-01-14T00:08:27.140+0000] {logging_mixin.py:188} INFO - [2025-01-14T00:08:27.139+0000] {dagbag.py:538} INFO - Filling up the DagBag from /home/airflow/.local/lib/python3.8/site-packages/airflow/example_dags/example_sensors.py
[2025-01-14T00:08:27.145+0000] {processor.py:840} INFO - DAG(s) 'example_sensors' retrieved from /home/airflow/.local/lib/python3.8/site-packages/airflow/example_dags/example_sensors.py
[2025-01-14T00:08:27.161+0000] {logging_mixin.py:188} INFO - [2025-01-14T00:08:27.161+0000] {dag.py:3036} INFO - Sync 1 DAGs
[2025-01-14T00:08:27.170+0000] {logging_mixin.py:188} INFO - [2025-01-14T00:08:27.169+0000] {dag.py:3823} INFO - Setting next_dagrun for example_sensors to None, run_after=None
[2025-01-14T00:08:27.186+0000] {processor.py:183} INFO - Processing /home/airflow/.local/lib/python3.8/site-packages/airflow/example_dags/example_sensors.py took 0.051 seconds
[2025-01-14T00:08:57.351+0000] {processor.py:161} INFO - Started process (PID=374) to work on /home/airflow/.local/lib/python3.8/site-packages/airflow/example_dags/example_sensors.py
[2025-01-14T00:08:57.352+0000] {processor.py:830} INFO - Processing file /home/airflow/.local/lib/python3.8/site-packages/airflow/example_dags/example_sensors.py for tasks to queue
[2025-01-14T00:08:57.353+0000] {logging_mixin.py:188} INFO - [2025-01-14T00:08:57.353+0000] {dagbag.py:538} INFO - Filling up the DagBag from /home/airflow/.local/lib/python3.8/site-packages/airflow/example_dags/example_sensors.py
[2025-01-14T00:08:57.359+0000] {processor.py:840} INFO - DAG(s) 'example_sensors' retrieved from /home/airflow/.local/lib/python3.8/site-packages/airflow/example_dags/example_sensors.py
[2025-01-14T00:08:57.380+0000] {logging_mixin.py:188} INFO - [2025-01-14T00:08:57.380+0000] {dag.py:3036} INFO - Sync 1 DAGs
[2025-01-14T00:08:57.390+0000] {logging_mixin.py:188} INFO - [2025-01-14T00:08:57.390+0000] {dag.py:3823} INFO - Setting next_dagrun for example_sensors to None, run_after=None
[2025-01-14T00:08:57.409+0000] {processor.py:183} INFO - Processing /home/airflow/.local/lib/python3.8/site-packages/airflow/example_dags/example_sensors.py took 0.061 seconds
[2025-01-14T00:09:27.688+0000] {processor.py:161} INFO - Started process (PID=433) to work on /home/airflow/.local/lib/python3.8/site-packages/airflow/example_dags/example_sensors.py
[2025-01-14T00:09:27.688+0000] {processor.py:830} INFO - Processing file /home/airflow/.local/lib/python3.8/site-packages/airflow/example_dags/example_sensors.py for tasks to queue
[2025-01-14T00:09:27.689+0000] {logging_mixin.py:188} INFO - [2025-01-14T00:09:27.689+0000] {dagbag.py:538} INFO - Filling up the DagBag from /home/airflow/.local/lib/python3.8/site-packages/airflow/example_dags/example_sensors.py
[2025-01-14T00:09:27.696+0000] {processor.py:840} INFO - DAG(s) 'example_sensors' retrieved from /home/airflow/.local/lib/python3.8/site-packages/airflow/example_dags/example_sensors.py
[2025-01-14T00:09:27.714+0000] {logging_mixin.py:188} INFO - [2025-01-14T00:09:27.714+0000] {dag.py:3036} INFO - Sync 1 DAGs
[2025-01-14T00:09:27.722+0000] {logging_mixin.py:188} INFO - [2025-01-14T00:09:27.722+0000] {dag.py:3823} INFO - Setting next_dagrun for example_sensors to None, run_after=None
[2025-01-14T00:09:27.736+0000] {processor.py:183} INFO - Processing /home/airflow/.local/lib/python3.8/site-packages/airflow/example_dags/example_sensors.py took 0.050 seconds
[2025-01-14T00:09:58.720+0000] {processor.py:161} INFO - Started process (PID=492) to work on /home/airflow/.local/lib/python3.8/site-packages/airflow/example_dags/example_sensors.py
[2025-01-14T00:09:58.721+0000] {processor.py:830} INFO - Processing file /home/airflow/.local/lib/python3.8/site-packages/airflow/example_dags/example_sensors.py for tasks to queue
[2025-01-14T00:09:58.722+0000] {logging_mixin.py:188} INFO - [2025-01-14T00:09:58.722+0000] {dagbag.py:538} INFO - Filling up the DagBag from /home/airflow/.local/lib/python3.8/site-packages/airflow/example_dags/example_sensors.py
[2025-01-14T00:09:58.727+0000] {processor.py:840} INFO - DAG(s) 'example_sensors' retrieved from /home/airflow/.local/lib/python3.8/site-packages/airflow/example_dags/example_sensors.py
[2025-01-14T00:09:58.743+0000] {logging_mixin.py:188} INFO - [2025-01-14T00:09:58.743+0000] {dag.py:3036} INFO - Sync 1 DAGs
[2025-01-14T00:09:58.750+0000] {logging_mixin.py:188} INFO - [2025-01-14T00:09:58.750+0000] {dag.py:3823} INFO - Setting next_dagrun for example_sensors to None, run_after=None
[2025-01-14T00:09:58.763+0000] {processor.py:183} INFO - Processing /home/airflow/.local/lib/python3.8/site-packages/airflow/example_dags/example_sensors.py took 0.045 seconds
[2025-01-14T00:10:30.161+0000] {processor.py:161} INFO - Started process (PID=551) to work on /home/airflow/.local/lib/python3.8/site-packages/airflow/example_dags/example_sensors.py
[2025-01-14T00:10:30.162+0000] {processor.py:830} INFO - Processing file /home/airflow/.local/lib/python3.8/site-packages/airflow/example_dags/example_sensors.py for tasks to queue
[2025-01-14T00:10:30.163+0000] {logging_mixin.py:188} INFO - [2025-01-14T00:10:30.163+0000] {dagbag.py:538} INFO - Filling up the DagBag from /home/airflow/.local/lib/python3.8/site-packages/airflow/example_dags/example_sensors.py
[2025-01-14T00:10:30.168+0000] {processor.py:840} INFO - DAG(s) 'example_sensors' retrieved from /home/airflow/.local/lib/python3.8/site-packages/airflow/example_dags/example_sensors.py
[2025-01-14T00:10:30.185+0000] {logging_mixin.py:188} INFO - [2025-01-14T00:10:30.185+0000] {dag.py:3036} INFO - Sync 1 DAGs
[2025-01-14T00:10:30.192+0000] {logging_mixin.py:188} INFO - [2025-01-14T00:10:30.192+0000] {dag.py:3823} INFO - Setting next_dagrun for example_sensors to None, run_after=None
[2025-01-14T00:10:30.205+0000] {processor.py:183} INFO - Processing /home/airflow/.local/lib/python3.8/site-packages/airflow/example_dags/example_sensors.py took 0.047 seconds
[2025-01-14T00:11:01.225+0000] {processor.py:161} INFO - Started process (PID=610) to work on /home/airflow/.local/lib/python3.8/site-packages/airflow/example_dags/example_sensors.py
[2025-01-14T00:11:01.225+0000] {processor.py:830} INFO - Processing file /home/airflow/.local/lib/python3.8/site-packages/airflow/example_dags/example_sensors.py for tasks to queue
[2025-01-14T00:11:01.227+0000] {logging_mixin.py:188} INFO - [2025-01-14T00:11:01.227+0000] {dagbag.py:538} INFO - Filling up the DagBag from /home/airflow/.local/lib/python3.8/site-packages/airflow/example_dags/example_sensors.py
[2025-01-14T00:11:01.232+0000] {processor.py:840} INFO - DAG(s) 'example_sensors' retrieved from /home/airflow/.local/lib/python3.8/site-packages/airflow/example_dags/example_sensors.py
[2025-01-14T00:11:01.250+0000] {logging_mixin.py:188} INFO - [2025-01-14T00:11:01.250+0000] {dag.py:3036} INFO - Sync 1 DAGs
[2025-01-14T00:11:01.258+0000] {logging_mixin.py:188} INFO - [2025-01-14T00:11:01.258+0000] {dag.py:3823} INFO - Setting next_dagrun for example_sensors to None, run_after=None
[2025-01-14T00:11:01.272+0000] {processor.py:183} INFO - Processing /home/airflow/.local/lib/python3.8/site-packages/airflow/example_dags/example_sensors.py took 0.049 seconds
[2025-01-14T00:11:32.428+0000] {processor.py:161} INFO - Started process (PID=669) to work on /home/airflow/.local/lib/python3.8/site-packages/airflow/example_dags/example_sensors.py
[2025-01-14T00:11:32.429+0000] {processor.py:830} INFO - Processing file /home/airflow/.local/lib/python3.8/site-packages/airflow/example_dags/example_sensors.py for tasks to queue
[2025-01-14T00:11:32.430+0000] {logging_mixin.py:188} INFO - [2025-01-14T00:11:32.430+0000] {dagbag.py:538} INFO - Filling up the DagBag from /home/airflow/.local/lib/python3.8/site-packages/airflow/example_dags/example_sensors.py
[2025-01-14T00:11:32.436+0000] {processor.py:840} INFO - DAG(s) 'example_sensors' retrieved from /home/airflow/.local/lib/python3.8/site-packages/airflow/example_dags/example_sensors.py
[2025-01-14T00:11:32.452+0000] {logging_mixin.py:188} INFO - [2025-01-14T00:11:32.452+0000] {dag.py:3036} INFO - Sync 1 DAGs
[2025-01-14T00:11:32.460+0000] {logging_mixin.py:188} INFO - [2025-01-14T00:11:32.460+0000] {dag.py:3823} INFO - Setting next_dagrun for example_sensors to None, run_after=None
[2025-01-14T00:11:32.472+0000] {processor.py:183} INFO - Processing /home/airflow/.local/lib/python3.8/site-packages/airflow/example_dags/example_sensors.py took 0.045 seconds
[2025-01-14T00:12:03.770+0000] {processor.py:161} INFO - Started process (PID=728) to work on /home/airflow/.local/lib/python3.8/site-packages/airflow/example_dags/example_sensors.py
[2025-01-14T00:12:03.771+0000] {processor.py:830} INFO - Processing file /home/airflow/.local/lib/python3.8/site-packages/airflow/example_dags/example_sensors.py for tasks to queue
[2025-01-14T00:12:03.772+0000] {logging_mixin.py:188} INFO - [2025-01-14T00:12:03.772+0000] {dagbag.py:538} INFO - Filling up the DagBag from /home/airflow/.local/lib/python3.8/site-packages/airflow/example_dags/example_sensors.py
[2025-01-14T00:12:03.777+0000] {processor.py:840} INFO - DAG(s) 'example_sensors' retrieved from /home/airflow/.local/lib/python3.8/site-packages/airflow/example_dags/example_sensors.py
[2025-01-14T00:12:03.793+0000] {logging_mixin.py:188} INFO - [2025-01-14T00:12:03.793+0000] {dag.py:3036} INFO - Sync 1 DAGs
[2025-01-14T00:12:03.801+0000] {logging_mixin.py:188} INFO - [2025-01-14T00:12:03.801+0000] {dag.py:3823} INFO - Setting next_dagrun for example_sensors to None, run_after=None
[2025-01-14T00:12:03.814+0000] {processor.py:183} INFO - Processing /home/airflow/.local/lib/python3.8/site-packages/airflow/example_dags/example_sensors.py took 0.046 seconds
[2025-01-14T00:12:34.884+0000] {processor.py:161} INFO - Started process (PID=787) to work on /home/airflow/.local/lib/python3.8/site-packages/airflow/example_dags/example_sensors.py
[2025-01-14T00:12:34.885+0000] {processor.py:830} INFO - Processing file /home/airflow/.local/lib/python3.8/site-packages/airflow/example_dags/example_sensors.py for tasks to queue
[2025-01-14T00:12:34.886+0000] {logging_mixin.py:188} INFO - [2025-01-14T00:12:34.886+0000] {dagbag.py:538} INFO - Filling up the DagBag from /home/airflow/.local/lib/python3.8/site-packages/airflow/example_dags/example_sensors.py
[2025-01-14T00:12:34.892+0000] {processor.py:840} INFO - DAG(s) 'example_sensors' retrieved from /home/airflow/.local/lib/python3.8/site-packages/airflow/example_dags/example_sensors.py
[2025-01-14T00:12:34.908+0000] {logging_mixin.py:188} INFO - [2025-01-14T00:12:34.908+0000] {dag.py:3036} INFO - Sync 1 DAGs
[2025-01-14T00:12:34.916+0000] {logging_mixin.py:188} INFO - [2025-01-14T00:12:34.916+0000] {dag.py:3823} INFO - Setting next_dagrun for example_sensors to None, run_after=None
[2025-01-14T00:12:34.929+0000] {processor.py:183} INFO - Processing /home/airflow/.local/lib/python3.8/site-packages/airflow/example_dags/example_sensors.py took 0.048 seconds
[2025-01-14T00:13:05.992+0000] {processor.py:161} INFO - Started process (PID=846) to work on /home/airflow/.local/lib/python3.8/site-packages/airflow/example_dags/example_sensors.py
[2025-01-14T00:13:05.993+0000] {processor.py:830} INFO - Processing file /home/airflow/.local/lib/python3.8/site-packages/airflow/example_dags/example_sensors.py for tasks to queue
[2025-01-14T00:13:05.994+0000] {logging_mixin.py:188} INFO - [2025-01-14T00:13:05.994+0000] {dagbag.py:538} INFO - Filling up the DagBag from /home/airflow/.local/lib/python3.8/site-packages/airflow/example_dags/example_sensors.py
[2025-01-14T00:13:05.999+0000] {processor.py:840} INFO - DAG(s) 'example_sensors' retrieved from /home/airflow/.local/lib/python3.8/site-packages/airflow/example_dags/example_sensors.py
[2025-01-14T00:13:06.015+0000] {logging_mixin.py:188} INFO - [2025-01-14T00:13:06.015+0000] {dag.py:3036} INFO - Sync 1 DAGs
[2025-01-14T00:13:06.023+0000] {logging_mixin.py:188} INFO - [2025-01-14T00:13:06.023+0000] {dag.py:3823} INFO - Setting next_dagrun for example_sensors to None, run_after=None
[2025-01-14T00:13:06.036+0000] {processor.py:183} INFO - Processing /home/airflow/.local/lib/python3.8/site-packages/airflow/example_dags/example_sensors.py took 0.046 seconds
[2025-01-14T00:13:37.158+0000] {processor.py:161} INFO - Started process (PID=905) to work on /home/airflow/.local/lib/python3.8/site-packages/airflow/example_dags/example_sensors.py
[2025-01-14T00:13:37.158+0000] {processor.py:830} INFO - Processing file /home/airflow/.local/lib/python3.8/site-packages/airflow/example_dags/example_sensors.py for tasks to queue
[2025-01-14T00:13:37.159+0000] {logging_mixin.py:188} INFO - [2025-01-14T00:13:37.159+0000] {dagbag.py:538} INFO - Filling up the DagBag from /home/airflow/.local/lib/python3.8/site-packages/airflow/example_dags/example_sensors.py
[2025-01-14T00:13:37.165+0000] {processor.py:840} INFO - DAG(s) 'example_sensors' retrieved from /home/airflow/.local/lib/python3.8/site-packages/airflow/example_dags/example_sensors.py
[2025-01-14T00:13:37.181+0000] {logging_mixin.py:188} INFO - [2025-01-14T00:13:37.181+0000] {dag.py:3036} INFO - Sync 1 DAGs
[2025-01-14T00:13:37.189+0000] {logging_mixin.py:188} INFO - [2025-01-14T00:13:37.189+0000] {dag.py:3823} INFO - Setting next_dagrun for example_sensors to None, run_after=None
[2025-01-14T00:13:37.203+0000] {processor.py:183} INFO - Processing /home/airflow/.local/lib/python3.8/site-packages/airflow/example_dags/example_sensors.py took 0.048 seconds
[2025-01-14T00:14:07.570+0000] {processor.py:161} INFO - Started process (PID=964) to work on /home/airflow/.local/lib/python3.8/site-packages/airflow/example_dags/example_sensors.py
[2025-01-14T00:14:07.570+0000] {processor.py:830} INFO - Processing file /home/airflow/.local/lib/python3.8/site-packages/airflow/example_dags/example_sensors.py for tasks to queue
[2025-01-14T00:14:07.571+0000] {logging_mixin.py:188} INFO - [2025-01-14T00:14:07.571+0000] {dagbag.py:538} INFO - Filling up the DagBag from /home/airflow/.local/lib/python3.8/site-packages/airflow/example_dags/example_sensors.py
[2025-01-14T00:14:07.577+0000] {processor.py:840} INFO - DAG(s) 'example_sensors' retrieved from /home/airflow/.local/lib/python3.8/site-packages/airflow/example_dags/example_sensors.py
[2025-01-14T00:14:07.592+0000] {logging_mixin.py:188} INFO - [2025-01-14T00:14:07.592+0000] {dag.py:3036} INFO - Sync 1 DAGs
[2025-01-14T00:14:07.599+0000] {logging_mixin.py:188} INFO - [2025-01-14T00:14:07.599+0000] {dag.py:3823} INFO - Setting next_dagrun for example_sensors to None, run_after=None
[2025-01-14T00:14:07.612+0000] {processor.py:183} INFO - Processing /home/airflow/.local/lib/python3.8/site-packages/airflow/example_dags/example_sensors.py took 0.044 seconds
[2025-01-14T00:14:38.821+0000] {processor.py:161} INFO - Started process (PID=1023) to work on /home/airflow/.local/lib/python3.8/site-packages/airflow/example_dags/example_sensors.py
[2025-01-14T00:14:38.821+0000] {processor.py:830} INFO - Processing file /home/airflow/.local/lib/python3.8/site-packages/airflow/example_dags/example_sensors.py for tasks to queue
[2025-01-14T00:14:38.822+0000] {logging_mixin.py:188} INFO - [2025-01-14T00:14:38.822+0000] {dagbag.py:538} INFO - Filling up the DagBag from /home/airflow/.local/lib/python3.8/site-packages/airflow/example_dags/example_sensors.py
[2025-01-14T00:14:38.828+0000] {processor.py:840} INFO - DAG(s) 'example_sensors' retrieved from /home/airflow/.local/lib/python3.8/site-packages/airflow/example_dags/example_sensors.py
[2025-01-14T00:14:38.846+0000] {logging_mixin.py:188} INFO - [2025-01-14T00:14:38.846+0000] {dag.py:3036} INFO - Sync 1 DAGs
[2025-01-14T00:14:38.854+0000] {logging_mixin.py:188} INFO - [2025-01-14T00:14:38.854+0000] {dag.py:3823} INFO - Setting next_dagrun for example_sensors to None, run_after=None
[2025-01-14T00:14:38.866+0000] {processor.py:183} INFO - Processing /home/airflow/.local/lib/python3.8/site-packages/airflow/example_dags/example_sensors.py took 0.048 seconds
[2025-01-14T00:15:09.876+0000] {processor.py:161} INFO - Started process (PID=1082) to work on /home/airflow/.local/lib/python3.8/site-packages/airflow/example_dags/example_sensors.py
[2025-01-14T00:15:09.877+0000] {processor.py:830} INFO - Processing file /home/airflow/.local/lib/python3.8/site-packages/airflow/example_dags/example_sensors.py for tasks to queue
[2025-01-14T00:15:09.878+0000] {logging_mixin.py:188} INFO - [2025-01-14T00:15:09.877+0000] {dagbag.py:538} INFO - Filling up the DagBag from /home/airflow/.local/lib/python3.8/site-packages/airflow/example_dags/example_sensors.py
[2025-01-14T00:15:09.883+0000] {processor.py:840} INFO - DAG(s) 'example_sensors' retrieved from /home/airflow/.local/lib/python3.8/site-packages/airflow/example_dags/example_sensors.py
[2025-01-14T00:15:09.898+0000] {logging_mixin.py:188} INFO - [2025-01-14T00:15:09.898+0000] {dag.py:3036} INFO - Sync 1 DAGs
[2025-01-14T00:15:09.906+0000] {logging_mixin.py:188} INFO - [2025-01-14T00:15:09.906+0000] {dag.py:3823} INFO - Setting next_dagrun for example_sensors to None, run_after=None
[2025-01-14T00:15:09.918+0000] {processor.py:183} INFO - Processing /home/airflow/.local/lib/python3.8/site-packages/airflow/example_dags/example_sensors.py took 0.045 seconds
[2025-01-14T00:15:41.122+0000] {processor.py:161} INFO - Started process (PID=1141) to work on /home/airflow/.local/lib/python3.8/site-packages/airflow/example_dags/example_sensors.py
[2025-01-14T00:15:41.123+0000] {processor.py:830} INFO - Processing file /home/airflow/.local/lib/python3.8/site-packages/airflow/example_dags/example_sensors.py for tasks to queue
[2025-01-14T00:15:41.124+0000] {logging_mixin.py:188} INFO - [2025-01-14T00:15:41.124+0000] {dagbag.py:538} INFO - Filling up the DagBag from /home/airflow/.local/lib/python3.8/site-packages/airflow/example_dags/example_sensors.py
[2025-01-14T00:15:41.129+0000] {processor.py:840} INFO - DAG(s) 'example_sensors' retrieved from /home/airflow/.local/lib/python3.8/site-packages/airflow/example_dags/example_sensors.py
[2025-01-14T00:15:41.145+0000] {logging_mixin.py:188} INFO - [2025-01-14T00:15:41.145+0000] {dag.py:3036} INFO - Sync 1 DAGs
[2025-01-14T00:15:41.153+0000] {logging_mixin.py:188} INFO - [2025-01-14T00:15:41.152+0000] {dag.py:3823} INFO - Setting next_dagrun for example_sensors to None, run_after=None
[2025-01-14T00:15:41.164+0000] {processor.py:183} INFO - Processing /home/airflow/.local/lib/python3.8/site-packages/airflow/example_dags/example_sensors.py took 0.044 seconds
[2025-01-14T00:16:12.493+0000] {processor.py:161} INFO - Started process (PID=1200) to work on /home/airflow/.local/lib/python3.8/site-packages/airflow/example_dags/example_sensors.py
[2025-01-14T00:16:12.493+0000] {processor.py:830} INFO - Processing file /home/airflow/.local/lib/python3.8/site-packages/airflow/example_dags/example_sensors.py for tasks to queue
[2025-01-14T00:16:12.494+0000] {logging_mixin.py:188} INFO - [2025-01-14T00:16:12.494+0000] {dagbag.py:538} INFO - Filling up the DagBag from /home/airflow/.local/lib/python3.8/site-packages/airflow/example_dags/example_sensors.py
[2025-01-14T00:16:12.500+0000] {processor.py:840} INFO - DAG(s) 'example_sensors' retrieved from /home/airflow/.local/lib/python3.8/site-packages/airflow/example_dags/example_sensors.py
[2025-01-14T00:16:12.516+0000] {logging_mixin.py:188} INFO - [2025-01-14T00:16:12.515+0000] {dag.py:3036} INFO - Sync 1 DAGs
[2025-01-14T00:16:12.524+0000] {logging_mixin.py:188} INFO - [2025-01-14T00:16:12.524+0000] {dag.py:3823} INFO - Setting next_dagrun for example_sensors to None, run_after=None
[2025-01-14T00:16:12.537+0000] {processor.py:183} INFO - Processing /home/airflow/.local/lib/python3.8/site-packages/airflow/example_dags/example_sensors.py took 0.046 seconds
[2025-01-14T00:16:43.688+0000] {processor.py:161} INFO - Started process (PID=1265) to work on /home/airflow/.local/lib/python3.8/site-packages/airflow/example_dags/example_sensors.py
[2025-01-14T00:16:43.689+0000] {processor.py:830} INFO - Processing file /home/airflow/.local/lib/python3.8/site-packages/airflow/example_dags/example_sensors.py for tasks to queue
[2025-01-14T00:16:43.690+0000] {logging_mixin.py:188} INFO - [2025-01-14T00:16:43.690+0000] {dagbag.py:538} INFO - Filling up the DagBag from /home/airflow/.local/lib/python3.8/site-packages/airflow/example_dags/example_sensors.py
[2025-01-14T00:16:43.695+0000] {processor.py:840} INFO - DAG(s) 'example_sensors' retrieved from /home/airflow/.local/lib/python3.8/site-packages/airflow/example_dags/example_sensors.py
[2025-01-14T00:16:43.710+0000] {logging_mixin.py:188} INFO - [2025-01-14T00:16:43.710+0000] {dag.py:3036} INFO - Sync 1 DAGs
[2025-01-14T00:16:43.717+0000] {logging_mixin.py:188} INFO - [2025-01-14T00:16:43.716+0000] {dag.py:3823} INFO - Setting next_dagrun for example_sensors to None, run_after=None
[2025-01-14T00:16:43.728+0000] {processor.py:183} INFO - Processing /home/airflow/.local/lib/python3.8/site-packages/airflow/example_dags/example_sensors.py took 0.042 seconds
[2025-01-14T00:17:14.824+0000] {processor.py:161} INFO - Started process (PID=1324) to work on /home/airflow/.local/lib/python3.8/site-packages/airflow/example_dags/example_sensors.py
[2025-01-14T00:17:14.825+0000] {processor.py:830} INFO - Processing file /home/airflow/.local/lib/python3.8/site-packages/airflow/example_dags/example_sensors.py for tasks to queue
[2025-01-14T00:17:14.826+0000] {logging_mixin.py:188} INFO - [2025-01-14T00:17:14.826+0000] {dagbag.py:538} INFO - Filling up the DagBag from /home/airflow/.local/lib/python3.8/site-packages/airflow/example_dags/example_sensors.py
[2025-01-14T00:17:14.831+0000] {processor.py:840} INFO - DAG(s) 'example_sensors' retrieved from /home/airflow/.local/lib/python3.8/site-packages/airflow/example_dags/example_sensors.py
[2025-01-14T00:17:14.845+0000] {logging_mixin.py:188} INFO - [2025-01-14T00:17:14.845+0000] {dag.py:3036} INFO - Sync 1 DAGs
[2025-01-14T00:17:14.852+0000] {logging_mixin.py:188} INFO - [2025-01-14T00:17:14.852+0000] {dag.py:3823} INFO - Setting next_dagrun for example_sensors to None, run_after=None
[2025-01-14T00:17:14.864+0000] {processor.py:183} INFO - Processing /home/airflow/.local/lib/python3.8/site-packages/airflow/example_dags/example_sensors.py took 0.042 seconds
[2025-01-14T00:17:45.938+0000] {processor.py:161} INFO - Started process (PID=1383) to work on /home/airflow/.local/lib/python3.8/site-packages/airflow/example_dags/example_sensors.py
[2025-01-14T00:17:45.939+0000] {processor.py:830} INFO - Processing file /home/airflow/.local/lib/python3.8/site-packages/airflow/example_dags/example_sensors.py for tasks to queue
[2025-01-14T00:17:45.940+0000] {logging_mixin.py:188} INFO - [2025-01-14T00:17:45.939+0000] {dagbag.py:538} INFO - Filling up the DagBag from /home/airflow/.local/lib/python3.8/site-packages/airflow/example_dags/example_sensors.py
[2025-01-14T00:17:45.945+0000] {processor.py:840} INFO - DAG(s) 'example_sensors' retrieved from /home/airflow/.local/lib/python3.8/site-packages/airflow/example_dags/example_sensors.py
[2025-01-14T00:17:45.961+0000] {logging_mixin.py:188} INFO - [2025-01-14T00:17:45.960+0000] {dag.py:3036} INFO - Sync 1 DAGs
[2025-01-14T00:17:45.968+0000] {logging_mixin.py:188} INFO - [2025-01-14T00:17:45.968+0000] {dag.py:3823} INFO - Setting next_dagrun for example_sensors to None, run_after=None
[2025-01-14T00:17:45.981+0000] {processor.py:183} INFO - Processing /home/airflow/.local/lib/python3.8/site-packages/airflow/example_dags/example_sensors.py took 0.045 seconds
[2025-01-14T00:18:16.373+0000] {processor.py:161} INFO - Started process (PID=1442) to work on /home/airflow/.local/lib/python3.8/site-packages/airflow/example_dags/example_sensors.py
[2025-01-14T00:18:16.374+0000] {processor.py:830} INFO - Processing file /home/airflow/.local/lib/python3.8/site-packages/airflow/example_dags/example_sensors.py for tasks to queue
[2025-01-14T00:18:16.375+0000] {logging_mixin.py:188} INFO - [2025-01-14T00:18:16.375+0000] {dagbag.py:538} INFO - Filling up the DagBag from /home/airflow/.local/lib/python3.8/site-packages/airflow/example_dags/example_sensors.py
[2025-01-14T00:18:16.380+0000] {processor.py:840} INFO - DAG(s) 'example_sensors' retrieved from /home/airflow/.local/lib/python3.8/site-packages/airflow/example_dags/example_sensors.py
[2025-01-14T00:18:16.395+0000] {logging_mixin.py:188} INFO - [2025-01-14T00:18:16.395+0000] {dag.py:3036} INFO - Sync 1 DAGs
[2025-01-14T00:18:16.402+0000] {logging_mixin.py:188} INFO - [2025-01-14T00:18:16.402+0000] {dag.py:3823} INFO - Setting next_dagrun for example_sensors to None, run_after=None
[2025-01-14T00:18:16.413+0000] {processor.py:183} INFO - Processing /home/airflow/.local/lib/python3.8/site-packages/airflow/example_dags/example_sensors.py took 0.042 seconds
[2025-01-14T00:18:47.573+0000] {processor.py:161} INFO - Started process (PID=1501) to work on /home/airflow/.local/lib/python3.8/site-packages/airflow/example_dags/example_sensors.py
[2025-01-14T00:18:47.574+0000] {processor.py:830} INFO - Processing file /home/airflow/.local/lib/python3.8/site-packages/airflow/example_dags/example_sensors.py for tasks to queue
[2025-01-14T00:18:47.575+0000] {logging_mixin.py:188} INFO - [2025-01-14T00:18:47.574+0000] {dagbag.py:538} INFO - Filling up the DagBag from /home/airflow/.local/lib/python3.8/site-packages/airflow/example_dags/example_sensors.py
[2025-01-14T00:18:47.580+0000] {processor.py:840} INFO - DAG(s) 'example_sensors' retrieved from /home/airflow/.local/lib/python3.8/site-packages/airflow/example_dags/example_sensors.py
[2025-01-14T00:18:47.596+0000] {logging_mixin.py:188} INFO - [2025-01-14T00:18:47.596+0000] {dag.py:3036} INFO - Sync 1 DAGs
[2025-01-14T00:18:47.603+0000] {logging_mixin.py:188} INFO - [2025-01-14T00:18:47.603+0000] {dag.py:3823} INFO - Setting next_dagrun for example_sensors to None, run_after=None
[2025-01-14T00:18:47.615+0000] {processor.py:183} INFO - Processing /home/airflow/.local/lib/python3.8/site-packages/airflow/example_dags/example_sensors.py took 0.044 seconds
[2025-01-14T00:19:18.680+0000] {processor.py:161} INFO - Started process (PID=1560) to work on /home/airflow/.local/lib/python3.8/site-packages/airflow/example_dags/example_sensors.py
[2025-01-14T00:19:18.681+0000] {processor.py:830} INFO - Processing file /home/airflow/.local/lib/python3.8/site-packages/airflow/example_dags/example_sensors.py for tasks to queue
[2025-01-14T00:19:18.682+0000] {logging_mixin.py:188} INFO - [2025-01-14T00:19:18.682+0000] {dagbag.py:538} INFO - Filling up the DagBag from /home/airflow/.local/lib/python3.8/site-packages/airflow/example_dags/example_sensors.py
[2025-01-14T00:19:18.689+0000] {processor.py:840} INFO - DAG(s) 'example_sensors' retrieved from /home/airflow/.local/lib/python3.8/site-packages/airflow/example_dags/example_sensors.py
[2025-01-14T00:19:18.711+0000] {logging_mixin.py:188} INFO - [2025-01-14T00:19:18.710+0000] {dag.py:3036} INFO - Sync 1 DAGs
[2025-01-14T00:19:18.722+0000] {logging_mixin.py:188} INFO - [2025-01-14T00:19:18.721+0000] {dag.py:3823} INFO - Setting next_dagrun for example_sensors to None, run_after=None
[2025-01-14T00:19:18.739+0000] {processor.py:183} INFO - Processing /home/airflow/.local/lib/python3.8/site-packages/airflow/example_dags/example_sensors.py took 0.061 seconds
[2025-01-14T00:19:50.130+0000] {processor.py:161} INFO - Started process (PID=1619) to work on /home/airflow/.local/lib/python3.8/site-packages/airflow/example_dags/example_sensors.py
[2025-01-14T00:19:50.130+0000] {processor.py:830} INFO - Processing file /home/airflow/.local/lib/python3.8/site-packages/airflow/example_dags/example_sensors.py for tasks to queue
[2025-01-14T00:19:50.131+0000] {logging_mixin.py:188} INFO - [2025-01-14T00:19:50.131+0000] {dagbag.py:538} INFO - Filling up the DagBag from /home/airflow/.local/lib/python3.8/site-packages/airflow/example_dags/example_sensors.py
[2025-01-14T00:19:50.137+0000] {processor.py:840} INFO - DAG(s) 'example_sensors' retrieved from /home/airflow/.local/lib/python3.8/site-packages/airflow/example_dags/example_sensors.py
[2025-01-14T00:19:50.152+0000] {logging_mixin.py:188} INFO - [2025-01-14T00:19:50.151+0000] {dag.py:3036} INFO - Sync 1 DAGs
[2025-01-14T00:19:50.159+0000] {logging_mixin.py:188} INFO - [2025-01-14T00:19:50.159+0000] {dag.py:3823} INFO - Setting next_dagrun for example_sensors to None, run_after=None
[2025-01-14T00:19:50.172+0000] {processor.py:183} INFO - Processing /home/airflow/.local/lib/python3.8/site-packages/airflow/example_dags/example_sensors.py took 0.045 seconds
[2025-01-14T00:20:21.774+0000] {processor.py:161} INFO - Started process (PID=1678) to work on /home/airflow/.local/lib/python3.8/site-packages/airflow/example_dags/example_sensors.py
[2025-01-14T00:20:21.774+0000] {processor.py:830} INFO - Processing file /home/airflow/.local/lib/python3.8/site-packages/airflow/example_dags/example_sensors.py for tasks to queue
[2025-01-14T00:20:21.776+0000] {logging_mixin.py:188} INFO - [2025-01-14T00:20:21.776+0000] {dagbag.py:538} INFO - Filling up the DagBag from /home/airflow/.local/lib/python3.8/site-packages/airflow/example_dags/example_sensors.py
[2025-01-14T00:20:21.783+0000] {processor.py:840} INFO - DAG(s) 'example_sensors' retrieved from /home/airflow/.local/lib/python3.8/site-packages/airflow/example_dags/example_sensors.py
[2025-01-14T00:20:21.804+0000] {logging_mixin.py:188} INFO - [2025-01-14T00:20:21.803+0000] {dag.py:3036} INFO - Sync 1 DAGs
[2025-01-14T00:20:21.813+0000] {logging_mixin.py:188} INFO - [2025-01-14T00:20:21.812+0000] {dag.py:3823} INFO - Setting next_dagrun for example_sensors to None, run_after=None
[2025-01-14T00:20:21.830+0000] {processor.py:183} INFO - Processing /home/airflow/.local/lib/python3.8/site-packages/airflow/example_dags/example_sensors.py took 0.058 seconds
[2025-01-14T00:20:51.933+0000] {processor.py:161} INFO - Started process (PID=1737) to work on /home/airflow/.local/lib/python3.8/site-packages/airflow/example_dags/example_sensors.py
[2025-01-14T00:20:51.934+0000] {processor.py:830} INFO - Processing file /home/airflow/.local/lib/python3.8/site-packages/airflow/example_dags/example_sensors.py for tasks to queue
[2025-01-14T00:20:51.935+0000] {logging_mixin.py:188} INFO - [2025-01-14T00:20:51.935+0000] {dagbag.py:538} INFO - Filling up the DagBag from /home/airflow/.local/lib/python3.8/site-packages/airflow/example_dags/example_sensors.py
[2025-01-14T00:20:51.940+0000] {processor.py:840} INFO - DAG(s) 'example_sensors' retrieved from /home/airflow/.local/lib/python3.8/site-packages/airflow/example_dags/example_sensors.py
[2025-01-14T00:20:51.957+0000] {logging_mixin.py:188} INFO - [2025-01-14T00:20:51.956+0000] {dag.py:3036} INFO - Sync 1 DAGs
[2025-01-14T00:20:51.964+0000] {logging_mixin.py:188} INFO - [2025-01-14T00:20:51.964+0000] {dag.py:3823} INFO - Setting next_dagrun for example_sensors to None, run_after=None
[2025-01-14T00:20:51.977+0000] {processor.py:183} INFO - Processing /home/airflow/.local/lib/python3.8/site-packages/airflow/example_dags/example_sensors.py took 0.046 seconds
[2025-01-14T00:21:22.856+0000] {processor.py:161} INFO - Started process (PID=1796) to work on /home/airflow/.local/lib/python3.8/site-packages/airflow/example_dags/example_sensors.py
[2025-01-14T00:21:22.857+0000] {processor.py:830} INFO - Processing file /home/airflow/.local/lib/python3.8/site-packages/airflow/example_dags/example_sensors.py for tasks to queue
[2025-01-14T00:21:22.858+0000] {logging_mixin.py:188} INFO - [2025-01-14T00:21:22.857+0000] {dagbag.py:538} INFO - Filling up the DagBag from /home/airflow/.local/lib/python3.8/site-packages/airflow/example_dags/example_sensors.py
[2025-01-14T00:21:22.863+0000] {processor.py:840} INFO - DAG(s) 'example_sensors' retrieved from /home/airflow/.local/lib/python3.8/site-packages/airflow/example_dags/example_sensors.py
[2025-01-14T00:21:22.878+0000] {logging_mixin.py:188} INFO - [2025-01-14T00:21:22.878+0000] {dag.py:3036} INFO - Sync 1 DAGs
[2025-01-14T00:21:22.885+0000] {logging_mixin.py:188} INFO - [2025-01-14T00:21:22.885+0000] {dag.py:3823} INFO - Setting next_dagrun for example_sensors to None, run_after=None
[2025-01-14T00:21:22.898+0000] {processor.py:183} INFO - Processing /home/airflow/.local/lib/python3.8/site-packages/airflow/example_dags/example_sensors.py took 0.044 seconds
[2025-01-14T00:21:54.384+0000] {processor.py:161} INFO - Started process (PID=1855) to work on /home/airflow/.local/lib/python3.8/site-packages/airflow/example_dags/example_sensors.py
[2025-01-14T00:21:54.384+0000] {processor.py:830} INFO - Processing file /home/airflow/.local/lib/python3.8/site-packages/airflow/example_dags/example_sensors.py for tasks to queue
[2025-01-14T00:21:54.386+0000] {logging_mixin.py:188} INFO - [2025-01-14T00:21:54.385+0000] {dagbag.py:538} INFO - Filling up the DagBag from /home/airflow/.local/lib/python3.8/site-packages/airflow/example_dags/example_sensors.py
[2025-01-14T00:21:54.391+0000] {processor.py:840} INFO - DAG(s) 'example_sensors' retrieved from /home/airflow/.local/lib/python3.8/site-packages/airflow/example_dags/example_sensors.py
[2025-01-14T00:21:54.408+0000] {logging_mixin.py:188} INFO - [2025-01-14T00:21:54.408+0000] {dag.py:3036} INFO - Sync 1 DAGs
[2025-01-14T00:21:54.417+0000] {logging_mixin.py:188} INFO - [2025-01-14T00:21:54.416+0000] {dag.py:3823} INFO - Setting next_dagrun for example_sensors to None, run_after=None
[2025-01-14T00:21:54.429+0000] {processor.py:183} INFO - Processing /home/airflow/.local/lib/python3.8/site-packages/airflow/example_dags/example_sensors.py took 0.047 seconds
[2025-01-14T00:22:25.475+0000] {processor.py:161} INFO - Started process (PID=1914) to work on /home/airflow/.local/lib/python3.8/site-packages/airflow/example_dags/example_sensors.py
[2025-01-14T00:22:25.475+0000] {processor.py:830} INFO - Processing file /home/airflow/.local/lib/python3.8/site-packages/airflow/example_dags/example_sensors.py for tasks to queue
[2025-01-14T00:22:25.476+0000] {logging_mixin.py:188} INFO - [2025-01-14T00:22:25.476+0000] {dagbag.py:538} INFO - Filling up the DagBag from /home/airflow/.local/lib/python3.8/site-packages/airflow/example_dags/example_sensors.py
[2025-01-14T00:22:25.481+0000] {processor.py:840} INFO - DAG(s) 'example_sensors' retrieved from /home/airflow/.local/lib/python3.8/site-packages/airflow/example_dags/example_sensors.py
[2025-01-14T00:22:25.496+0000] {logging_mixin.py:188} INFO - [2025-01-14T00:22:25.496+0000] {dag.py:3036} INFO - Sync 1 DAGs
[2025-01-14T00:22:25.503+0000] {logging_mixin.py:188} INFO - [2025-01-14T00:22:25.503+0000] {dag.py:3823} INFO - Setting next_dagrun for example_sensors to None, run_after=None
[2025-01-14T00:22:25.515+0000] {processor.py:183} INFO - Processing /home/airflow/.local/lib/python3.8/site-packages/airflow/example_dags/example_sensors.py took 0.042 seconds
[2025-01-14T00:22:56.584+0000] {processor.py:161} INFO - Started process (PID=1973) to work on /home/airflow/.local/lib/python3.8/site-packages/airflow/example_dags/example_sensors.py
[2025-01-14T00:22:56.584+0000] {processor.py:830} INFO - Processing file /home/airflow/.local/lib/python3.8/site-packages/airflow/example_dags/example_sensors.py for tasks to queue
[2025-01-14T00:22:56.585+0000] {logging_mixin.py:188} INFO - [2025-01-14T00:22:56.585+0000] {dagbag.py:538} INFO - Filling up the DagBag from /home/airflow/.local/lib/python3.8/site-packages/airflow/example_dags/example_sensors.py
[2025-01-14T00:22:56.591+0000] {processor.py:840} INFO - DAG(s) 'example_sensors' retrieved from /home/airflow/.local/lib/python3.8/site-packages/airflow/example_dags/example_sensors.py
[2025-01-14T00:22:56.608+0000] {logging_mixin.py:188} INFO - [2025-01-14T00:22:56.608+0000] {dag.py:3036} INFO - Sync 1 DAGs
[2025-01-14T00:22:56.615+0000] {logging_mixin.py:188} INFO - [2025-01-14T00:22:56.615+0000] {dag.py:3823} INFO - Setting next_dagrun for example_sensors to None, run_after=None
[2025-01-14T00:22:56.628+0000] {processor.py:183} INFO - Processing /home/airflow/.local/lib/python3.8/site-packages/airflow/example_dags/example_sensors.py took 0.046 seconds
[2025-01-14T00:23:27.771+0000] {processor.py:161} INFO - Started process (PID=2032) to work on /home/airflow/.local/lib/python3.8/site-packages/airflow/example_dags/example_sensors.py
[2025-01-14T00:23:27.771+0000] {processor.py:830} INFO - Processing file /home/airflow/.local/lib/python3.8/site-packages/airflow/example_dags/example_sensors.py for tasks to queue
[2025-01-14T00:23:27.772+0000] {logging_mixin.py:188} INFO - [2025-01-14T00:23:27.772+0000] {dagbag.py:538} INFO - Filling up the DagBag from /home/airflow/.local/lib/python3.8/site-packages/airflow/example_dags/example_sensors.py
[2025-01-14T00:23:27.778+0000] {processor.py:840} INFO - DAG(s) 'example_sensors' retrieved from /home/airflow/.local/lib/python3.8/site-packages/airflow/example_dags/example_sensors.py
[2025-01-14T00:23:27.793+0000] {logging_mixin.py:188} INFO - [2025-01-14T00:23:27.792+0000] {dag.py:3036} INFO - Sync 1 DAGs
[2025-01-14T00:23:27.800+0000] {logging_mixin.py:188} INFO - [2025-01-14T00:23:27.800+0000] {dag.py:3823} INFO - Setting next_dagrun for example_sensors to None, run_after=None
[2025-01-14T00:23:27.812+0000] {processor.py:183} INFO - Processing /home/airflow/.local/lib/python3.8/site-packages/airflow/example_dags/example_sensors.py took 0.043 seconds
[2025-01-14T00:23:58.857+0000] {processor.py:161} INFO - Started process (PID=2091) to work on /home/airflow/.local/lib/python3.8/site-packages/airflow/example_dags/example_sensors.py
[2025-01-14T00:23:58.858+0000] {processor.py:830} INFO - Processing file /home/airflow/.local/lib/python3.8/site-packages/airflow/example_dags/example_sensors.py for tasks to queue
[2025-01-14T00:23:58.859+0000] {logging_mixin.py:188} INFO - [2025-01-14T00:23:58.858+0000] {dagbag.py:538} INFO - Filling up the DagBag from /home/airflow/.local/lib/python3.8/site-packages/airflow/example_dags/example_sensors.py
[2025-01-14T00:23:58.864+0000] {processor.py:840} INFO - DAG(s) 'example_sensors' retrieved from /home/airflow/.local/lib/python3.8/site-packages/airflow/example_dags/example_sensors.py
[2025-01-14T00:23:58.880+0000] {logging_mixin.py:188} INFO - [2025-01-14T00:23:58.880+0000] {dag.py:3036} INFO - Sync 1 DAGs
[2025-01-14T00:23:58.887+0000] {logging_mixin.py:188} INFO - [2025-01-14T00:23:58.887+0000] {dag.py:3823} INFO - Setting next_dagrun for example_sensors to None, run_after=None
[2025-01-14T00:23:58.899+0000] {processor.py:183} INFO - Processing /home/airflow/.local/lib/python3.8/site-packages/airflow/example_dags/example_sensors.py took 0.044 seconds
[2025-01-14T00:24:29.991+0000] {processor.py:161} INFO - Started process (PID=2150) to work on /home/airflow/.local/lib/python3.8/site-packages/airflow/example_dags/example_sensors.py
[2025-01-14T00:24:29.992+0000] {processor.py:830} INFO - Processing file /home/airflow/.local/lib/python3.8/site-packages/airflow/example_dags/example_sensors.py for tasks to queue
[2025-01-14T00:24:29.993+0000] {logging_mixin.py:188} INFO - [2025-01-14T00:24:29.992+0000] {dagbag.py:538} INFO - Filling up the DagBag from /home/airflow/.local/lib/python3.8/site-packages/airflow/example_dags/example_sensors.py
[2025-01-14T00:24:29.998+0000] {processor.py:840} INFO - DAG(s) 'example_sensors' retrieved from /home/airflow/.local/lib/python3.8/site-packages/airflow/example_dags/example_sensors.py
[2025-01-14T00:24:30.013+0000] {logging_mixin.py:188} INFO - [2025-01-14T00:24:30.013+0000] {dag.py:3036} INFO - Sync 1 DAGs
[2025-01-14T00:24:30.021+0000] {logging_mixin.py:188} INFO - [2025-01-14T00:24:30.020+0000] {dag.py:3823} INFO - Setting next_dagrun for example_sensors to None, run_after=None
[2025-01-14T00:24:30.034+0000] {processor.py:183} INFO - Processing /home/airflow/.local/lib/python3.8/site-packages/airflow/example_dags/example_sensors.py took 0.045 seconds
[2025-01-14T00:25:00.411+0000] {processor.py:161} INFO - Started process (PID=2209) to work on /home/airflow/.local/lib/python3.8/site-packages/airflow/example_dags/example_sensors.py
[2025-01-14T00:25:00.412+0000] {processor.py:830} INFO - Processing file /home/airflow/.local/lib/python3.8/site-packages/airflow/example_dags/example_sensors.py for tasks to queue
[2025-01-14T00:25:00.413+0000] {logging_mixin.py:188} INFO - [2025-01-14T00:25:00.413+0000] {dagbag.py:538} INFO - Filling up the DagBag from /home/airflow/.local/lib/python3.8/site-packages/airflow/example_dags/example_sensors.py
[2025-01-14T00:25:00.419+0000] {processor.py:840} INFO - DAG(s) 'example_sensors' retrieved from /home/airflow/.local/lib/python3.8/site-packages/airflow/example_dags/example_sensors.py
[2025-01-14T00:25:00.436+0000] {logging_mixin.py:188} INFO - [2025-01-14T00:25:00.436+0000] {dag.py:3036} INFO - Sync 1 DAGs
[2025-01-14T00:25:00.443+0000] {logging_mixin.py:188} INFO - [2025-01-14T00:25:00.443+0000] {dag.py:3823} INFO - Setting next_dagrun for example_sensors to None, run_after=None
[2025-01-14T00:25:00.455+0000] {processor.py:183} INFO - Processing /home/airflow/.local/lib/python3.8/site-packages/airflow/example_dags/example_sensors.py took 0.047 seconds
[2025-01-14T00:25:31.373+0000] {processor.py:161} INFO - Started process (PID=2268) to work on /home/airflow/.local/lib/python3.8/site-packages/airflow/example_dags/example_sensors.py
[2025-01-14T00:25:31.374+0000] {processor.py:830} INFO - Processing file /home/airflow/.local/lib/python3.8/site-packages/airflow/example_dags/example_sensors.py for tasks to queue
[2025-01-14T00:25:31.375+0000] {logging_mixin.py:188} INFO - [2025-01-14T00:25:31.374+0000] {dagbag.py:538} INFO - Filling up the DagBag from /home/airflow/.local/lib/python3.8/site-packages/airflow/example_dags/example_sensors.py
[2025-01-14T00:25:31.380+0000] {processor.py:840} INFO - DAG(s) 'example_sensors' retrieved from /home/airflow/.local/lib/python3.8/site-packages/airflow/example_dags/example_sensors.py
[2025-01-14T00:25:31.395+0000] {logging_mixin.py:188} INFO - [2025-01-14T00:25:31.395+0000] {dag.py:3036} INFO - Sync 1 DAGs
[2025-01-14T00:25:31.403+0000] {logging_mixin.py:188} INFO - [2025-01-14T00:25:31.403+0000] {dag.py:3823} INFO - Setting next_dagrun for example_sensors to None, run_after=None
[2025-01-14T00:25:31.415+0000] {processor.py:183} INFO - Processing /home/airflow/.local/lib/python3.8/site-packages/airflow/example_dags/example_sensors.py took 0.045 seconds
[2025-01-14T00:26:02.951+0000] {processor.py:161} INFO - Started process (PID=2329) to work on /home/airflow/.local/lib/python3.8/site-packages/airflow/example_dags/example_sensors.py
[2025-01-14T00:26:02.952+0000] {processor.py:830} INFO - Processing file /home/airflow/.local/lib/python3.8/site-packages/airflow/example_dags/example_sensors.py for tasks to queue
[2025-01-14T00:26:02.953+0000] {logging_mixin.py:188} INFO - [2025-01-14T00:26:02.952+0000] {dagbag.py:538} INFO - Filling up the DagBag from /home/airflow/.local/lib/python3.8/site-packages/airflow/example_dags/example_sensors.py
[2025-01-14T00:26:02.958+0000] {processor.py:840} INFO - DAG(s) 'example_sensors' retrieved from /home/airflow/.local/lib/python3.8/site-packages/airflow/example_dags/example_sensors.py
[2025-01-14T00:26:02.974+0000] {logging_mixin.py:188} INFO - [2025-01-14T00:26:02.974+0000] {dag.py:3036} INFO - Sync 1 DAGs
[2025-01-14T00:26:02.982+0000] {logging_mixin.py:188} INFO - [2025-01-14T00:26:02.982+0000] {dag.py:3823} INFO - Setting next_dagrun for example_sensors to None, run_after=None
[2025-01-14T00:26:02.995+0000] {processor.py:183} INFO - Processing /home/airflow/.local/lib/python3.8/site-packages/airflow/example_dags/example_sensors.py took 0.047 seconds
[2025-01-14T00:26:33.567+0000] {processor.py:161} INFO - Started process (PID=2388) to work on /home/airflow/.local/lib/python3.8/site-packages/airflow/example_dags/example_sensors.py
[2025-01-14T00:26:33.568+0000] {processor.py:830} INFO - Processing file /home/airflow/.local/lib/python3.8/site-packages/airflow/example_dags/example_sensors.py for tasks to queue
[2025-01-14T00:26:33.569+0000] {logging_mixin.py:188} INFO - [2025-01-14T00:26:33.569+0000] {dagbag.py:538} INFO - Filling up the DagBag from /home/airflow/.local/lib/python3.8/site-packages/airflow/example_dags/example_sensors.py
[2025-01-14T00:26:33.575+0000] {processor.py:840} INFO - DAG(s) 'example_sensors' retrieved from /home/airflow/.local/lib/python3.8/site-packages/airflow/example_dags/example_sensors.py
[2025-01-14T00:26:33.593+0000] {logging_mixin.py:188} INFO - [2025-01-14T00:26:33.593+0000] {dag.py:3036} INFO - Sync 1 DAGs
[2025-01-14T00:26:33.603+0000] {logging_mixin.py:188} INFO - [2025-01-14T00:26:33.603+0000] {dag.py:3823} INFO - Setting next_dagrun for example_sensors to None, run_after=None
[2025-01-14T00:26:33.713+0000] {processor.py:183} INFO - Processing /home/airflow/.local/lib/python3.8/site-packages/airflow/example_dags/example_sensors.py took 0.148 seconds
[2025-01-14T00:27:04.276+0000] {processor.py:161} INFO - Started process (PID=2447) to work on /home/airflow/.local/lib/python3.8/site-packages/airflow/example_dags/example_sensors.py
[2025-01-14T00:27:04.277+0000] {processor.py:830} INFO - Processing file /home/airflow/.local/lib/python3.8/site-packages/airflow/example_dags/example_sensors.py for tasks to queue
[2025-01-14T00:27:04.278+0000] {logging_mixin.py:188} INFO - [2025-01-14T00:27:04.278+0000] {dagbag.py:538} INFO - Filling up the DagBag from /home/airflow/.local/lib/python3.8/site-packages/airflow/example_dags/example_sensors.py
[2025-01-14T00:27:04.283+0000] {processor.py:840} INFO - DAG(s) 'example_sensors' retrieved from /home/airflow/.local/lib/python3.8/site-packages/airflow/example_dags/example_sensors.py
[2025-01-14T00:27:04.299+0000] {logging_mixin.py:188} INFO - [2025-01-14T00:27:04.298+0000] {dag.py:3036} INFO - Sync 1 DAGs
[2025-01-14T00:27:04.306+0000] {logging_mixin.py:188} INFO - [2025-01-14T00:27:04.305+0000] {dag.py:3823} INFO - Setting next_dagrun for example_sensors to None, run_after=None
[2025-01-14T00:27:04.319+0000] {processor.py:183} INFO - Processing /home/airflow/.local/lib/python3.8/site-packages/airflow/example_dags/example_sensors.py took 0.044 seconds
[2025-01-14T00:27:35.195+0000] {processor.py:161} INFO - Started process (PID=2506) to work on /home/airflow/.local/lib/python3.8/site-packages/airflow/example_dags/example_sensors.py
[2025-01-14T00:27:35.195+0000] {processor.py:830} INFO - Processing file /home/airflow/.local/lib/python3.8/site-packages/airflow/example_dags/example_sensors.py for tasks to queue
[2025-01-14T00:27:35.196+0000] {logging_mixin.py:188} INFO - [2025-01-14T00:27:35.196+0000] {dagbag.py:538} INFO - Filling up the DagBag from /home/airflow/.local/lib/python3.8/site-packages/airflow/example_dags/example_sensors.py
[2025-01-14T00:27:35.202+0000] {processor.py:840} INFO - DAG(s) 'example_sensors' retrieved from /home/airflow/.local/lib/python3.8/site-packages/airflow/example_dags/example_sensors.py
[2025-01-14T00:27:35.219+0000] {logging_mixin.py:188} INFO - [2025-01-14T00:27:35.219+0000] {dag.py:3036} INFO - Sync 1 DAGs
[2025-01-14T00:27:35.227+0000] {logging_mixin.py:188} INFO - [2025-01-14T00:27:35.227+0000] {dag.py:3823} INFO - Setting next_dagrun for example_sensors to None, run_after=None
[2025-01-14T00:27:35.240+0000] {processor.py:183} INFO - Processing /home/airflow/.local/lib/python3.8/site-packages/airflow/example_dags/example_sensors.py took 0.047 seconds
[2025-01-14T00:28:05.596+0000] {processor.py:161} INFO - Started process (PID=2565) to work on /home/airflow/.local/lib/python3.8/site-packages/airflow/example_dags/example_sensors.py
[2025-01-14T00:28:05.596+0000] {processor.py:830} INFO - Processing file /home/airflow/.local/lib/python3.8/site-packages/airflow/example_dags/example_sensors.py for tasks to queue
[2025-01-14T00:28:05.597+0000] {logging_mixin.py:188} INFO - [2025-01-14T00:28:05.597+0000] {dagbag.py:538} INFO - Filling up the DagBag from /home/airflow/.local/lib/python3.8/site-packages/airflow/example_dags/example_sensors.py
[2025-01-14T00:28:05.602+0000] {processor.py:840} INFO - DAG(s) 'example_sensors' retrieved from /home/airflow/.local/lib/python3.8/site-packages/airflow/example_dags/example_sensors.py
[2025-01-14T00:28:05.618+0000] {logging_mixin.py:188} INFO - [2025-01-14T00:28:05.618+0000] {dag.py:3036} INFO - Sync 1 DAGs
[2025-01-14T00:28:05.625+0000] {logging_mixin.py:188} INFO - [2025-01-14T00:28:05.625+0000] {dag.py:3823} INFO - Setting next_dagrun for example_sensors to None, run_after=None
[2025-01-14T00:28:05.638+0000] {processor.py:183} INFO - Processing /home/airflow/.local/lib/python3.8/site-packages/airflow/example_dags/example_sensors.py took 0.044 seconds
[2025-01-14T00:28:36.918+0000] {processor.py:161} INFO - Started process (PID=2624) to work on /home/airflow/.local/lib/python3.8/site-packages/airflow/example_dags/example_sensors.py
[2025-01-14T00:28:36.918+0000] {processor.py:830} INFO - Processing file /home/airflow/.local/lib/python3.8/site-packages/airflow/example_dags/example_sensors.py for tasks to queue
[2025-01-14T00:28:36.919+0000] {logging_mixin.py:188} INFO - [2025-01-14T00:28:36.919+0000] {dagbag.py:538} INFO - Filling up the DagBag from /home/airflow/.local/lib/python3.8/site-packages/airflow/example_dags/example_sensors.py
[2025-01-14T00:28:36.926+0000] {processor.py:840} INFO - DAG(s) 'example_sensors' retrieved from /home/airflow/.local/lib/python3.8/site-packages/airflow/example_dags/example_sensors.py
[2025-01-14T00:28:36.945+0000] {logging_mixin.py:188} INFO - [2025-01-14T00:28:36.944+0000] {dag.py:3036} INFO - Sync 1 DAGs
[2025-01-14T00:28:36.953+0000] {logging_mixin.py:188} INFO - [2025-01-14T00:28:36.953+0000] {dag.py:3823} INFO - Setting next_dagrun for example_sensors to None, run_after=None
[2025-01-14T00:28:36.967+0000] {processor.py:183} INFO - Processing /home/airflow/.local/lib/python3.8/site-packages/airflow/example_dags/example_sensors.py took 0.051 seconds
[2025-01-14T00:29:08.450+0000] {processor.py:161} INFO - Started process (PID=2683) to work on /home/airflow/.local/lib/python3.8/site-packages/airflow/example_dags/example_sensors.py
[2025-01-14T00:29:08.450+0000] {processor.py:830} INFO - Processing file /home/airflow/.local/lib/python3.8/site-packages/airflow/example_dags/example_sensors.py for tasks to queue
[2025-01-14T00:29:08.451+0000] {logging_mixin.py:188} INFO - [2025-01-14T00:29:08.451+0000] {dagbag.py:538} INFO - Filling up the DagBag from /home/airflow/.local/lib/python3.8/site-packages/airflow/example_dags/example_sensors.py
[2025-01-14T00:29:08.457+0000] {processor.py:840} INFO - DAG(s) 'example_sensors' retrieved from /home/airflow/.local/lib/python3.8/site-packages/airflow/example_dags/example_sensors.py
[2025-01-14T00:29:08.473+0000] {logging_mixin.py:188} INFO - [2025-01-14T00:29:08.472+0000] {dag.py:3036} INFO - Sync 1 DAGs
[2025-01-14T00:29:08.480+0000] {logging_mixin.py:188} INFO - [2025-01-14T00:29:08.480+0000] {dag.py:3823} INFO - Setting next_dagrun for example_sensors to None, run_after=None
[2025-01-14T00:29:08.493+0000] {processor.py:183} INFO - Processing /home/airflow/.local/lib/python3.8/site-packages/airflow/example_dags/example_sensors.py took 0.045 seconds
[2025-01-14T00:29:39.077+0000] {processor.py:161} INFO - Started process (PID=2742) to work on /home/airflow/.local/lib/python3.8/site-packages/airflow/example_dags/example_sensors.py
[2025-01-14T00:29:39.078+0000] {processor.py:830} INFO - Processing file /home/airflow/.local/lib/python3.8/site-packages/airflow/example_dags/example_sensors.py for tasks to queue
[2025-01-14T00:29:39.079+0000] {logging_mixin.py:188} INFO - [2025-01-14T00:29:39.079+0000] {dagbag.py:538} INFO - Filling up the DagBag from /home/airflow/.local/lib/python3.8/site-packages/airflow/example_dags/example_sensors.py
[2025-01-14T00:29:39.084+0000] {processor.py:840} INFO - DAG(s) 'example_sensors' retrieved from /home/airflow/.local/lib/python3.8/site-packages/airflow/example_dags/example_sensors.py
[2025-01-14T00:29:39.104+0000] {logging_mixin.py:188} INFO - [2025-01-14T00:29:39.104+0000] {dag.py:3036} INFO - Sync 1 DAGs
[2025-01-14T00:29:39.111+0000] {logging_mixin.py:188} INFO - [2025-01-14T00:29:39.111+0000] {dag.py:3823} INFO - Setting next_dagrun for example_sensors to None, run_after=None
[2025-01-14T00:29:39.124+0000] {processor.py:183} INFO - Processing /home/airflow/.local/lib/python3.8/site-packages/airflow/example_dags/example_sensors.py took 0.049 seconds
[2025-01-14T00:30:09.779+0000] {processor.py:161} INFO - Started process (PID=2801) to work on /home/airflow/.local/lib/python3.8/site-packages/airflow/example_dags/example_sensors.py
[2025-01-14T00:30:09.779+0000] {processor.py:830} INFO - Processing file /home/airflow/.local/lib/python3.8/site-packages/airflow/example_dags/example_sensors.py for tasks to queue
[2025-01-14T00:30:09.781+0000] {logging_mixin.py:188} INFO - [2025-01-14T00:30:09.780+0000] {dagbag.py:538} INFO - Filling up the DagBag from /home/airflow/.local/lib/python3.8/site-packages/airflow/example_dags/example_sensors.py
[2025-01-14T00:30:09.786+0000] {processor.py:840} INFO - DAG(s) 'example_sensors' retrieved from /home/airflow/.local/lib/python3.8/site-packages/airflow/example_dags/example_sensors.py
[2025-01-14T00:30:09.801+0000] {logging_mixin.py:188} INFO - [2025-01-14T00:30:09.801+0000] {dag.py:3036} INFO - Sync 1 DAGs
[2025-01-14T00:30:09.808+0000] {logging_mixin.py:188} INFO - [2025-01-14T00:30:09.808+0000] {dag.py:3823} INFO - Setting next_dagrun for example_sensors to None, run_after=None
[2025-01-14T00:30:09.820+0000] {processor.py:183} INFO - Processing /home/airflow/.local/lib/python3.8/site-packages/airflow/example_dags/example_sensors.py took 0.043 seconds
[2025-01-14T00:30:40.600+0000] {processor.py:161} INFO - Started process (PID=2860) to work on /home/airflow/.local/lib/python3.8/site-packages/airflow/example_dags/example_sensors.py
[2025-01-14T00:30:40.601+0000] {processor.py:830} INFO - Processing file /home/airflow/.local/lib/python3.8/site-packages/airflow/example_dags/example_sensors.py for tasks to queue
[2025-01-14T00:30:40.602+0000] {logging_mixin.py:188} INFO - [2025-01-14T00:30:40.601+0000] {dagbag.py:538} INFO - Filling up the DagBag from /home/airflow/.local/lib/python3.8/site-packages/airflow/example_dags/example_sensors.py
[2025-01-14T00:30:40.607+0000] {processor.py:840} INFO - DAG(s) 'example_sensors' retrieved from /home/airflow/.local/lib/python3.8/site-packages/airflow/example_dags/example_sensors.py
[2025-01-14T00:30:40.623+0000] {logging_mixin.py:188} INFO - [2025-01-14T00:30:40.623+0000] {dag.py:3036} INFO - Sync 1 DAGs
[2025-01-14T00:30:40.630+0000] {logging_mixin.py:188} INFO - [2025-01-14T00:30:40.630+0000] {dag.py:3823} INFO - Setting next_dagrun for example_sensors to None, run_after=None
[2025-01-14T00:30:40.642+0000] {processor.py:183} INFO - Processing /home/airflow/.local/lib/python3.8/site-packages/airflow/example_dags/example_sensors.py took 0.044 seconds
[2025-01-14T00:31:11.444+0000] {processor.py:161} INFO - Started process (PID=2919) to work on /home/airflow/.local/lib/python3.8/site-packages/airflow/example_dags/example_sensors.py
[2025-01-14T00:31:11.445+0000] {processor.py:830} INFO - Processing file /home/airflow/.local/lib/python3.8/site-packages/airflow/example_dags/example_sensors.py for tasks to queue
[2025-01-14T00:31:11.446+0000] {logging_mixin.py:188} INFO - [2025-01-14T00:31:11.446+0000] {dagbag.py:538} INFO - Filling up the DagBag from /home/airflow/.local/lib/python3.8/site-packages/airflow/example_dags/example_sensors.py
[2025-01-14T00:31:11.452+0000] {processor.py:840} INFO - DAG(s) 'example_sensors' retrieved from /home/airflow/.local/lib/python3.8/site-packages/airflow/example_dags/example_sensors.py
[2025-01-14T00:31:11.467+0000] {logging_mixin.py:188} INFO - [2025-01-14T00:31:11.467+0000] {dag.py:3036} INFO - Sync 1 DAGs
[2025-01-14T00:31:11.474+0000] {logging_mixin.py:188} INFO - [2025-01-14T00:31:11.474+0000] {dag.py:3823} INFO - Setting next_dagrun for example_sensors to None, run_after=None
[2025-01-14T00:31:11.487+0000] {processor.py:183} INFO - Processing /home/airflow/.local/lib/python3.8/site-packages/airflow/example_dags/example_sensors.py took 0.044 seconds
[2025-01-14T00:31:42.206+0000] {processor.py:161} INFO - Started process (PID=2978) to work on /home/airflow/.local/lib/python3.8/site-packages/airflow/example_dags/example_sensors.py
[2025-01-14T00:31:42.206+0000] {processor.py:830} INFO - Processing file /home/airflow/.local/lib/python3.8/site-packages/airflow/example_dags/example_sensors.py for tasks to queue
[2025-01-14T00:31:42.207+0000] {logging_mixin.py:188} INFO - [2025-01-14T00:31:42.207+0000] {dagbag.py:538} INFO - Filling up the DagBag from /home/airflow/.local/lib/python3.8/site-packages/airflow/example_dags/example_sensors.py
[2025-01-14T00:31:42.213+0000] {processor.py:840} INFO - DAG(s) 'example_sensors' retrieved from /home/airflow/.local/lib/python3.8/site-packages/airflow/example_dags/example_sensors.py
[2025-01-14T00:31:42.231+0000] {logging_mixin.py:188} INFO - [2025-01-14T00:31:42.231+0000] {dag.py:3036} INFO - Sync 1 DAGs
[2025-01-14T00:31:42.239+0000] {logging_mixin.py:188} INFO - [2025-01-14T00:31:42.239+0000] {dag.py:3823} INFO - Setting next_dagrun for example_sensors to None, run_after=None
[2025-01-14T00:31:42.253+0000] {processor.py:183} INFO - Processing /home/airflow/.local/lib/python3.8/site-packages/airflow/example_dags/example_sensors.py took 0.049 seconds
[2025-01-14T00:32:12.305+0000] {processor.py:161} INFO - Started process (PID=3037) to work on /home/airflow/.local/lib/python3.8/site-packages/airflow/example_dags/example_sensors.py
[2025-01-14T00:32:12.306+0000] {processor.py:830} INFO - Processing file /home/airflow/.local/lib/python3.8/site-packages/airflow/example_dags/example_sensors.py for tasks to queue
[2025-01-14T00:32:12.307+0000] {logging_mixin.py:188} INFO - [2025-01-14T00:32:12.307+0000] {dagbag.py:538} INFO - Filling up the DagBag from /home/airflow/.local/lib/python3.8/site-packages/airflow/example_dags/example_sensors.py
[2025-01-14T00:32:12.312+0000] {processor.py:840} INFO - DAG(s) 'example_sensors' retrieved from /home/airflow/.local/lib/python3.8/site-packages/airflow/example_dags/example_sensors.py
[2025-01-14T00:32:12.328+0000] {logging_mixin.py:188} INFO - [2025-01-14T00:32:12.328+0000] {dag.py:3036} INFO - Sync 1 DAGs
[2025-01-14T00:32:12.335+0000] {logging_mixin.py:188} INFO - [2025-01-14T00:32:12.335+0000] {dag.py:3823} INFO - Setting next_dagrun for example_sensors to None, run_after=None
[2025-01-14T00:32:12.348+0000] {processor.py:183} INFO - Processing /home/airflow/.local/lib/python3.8/site-packages/airflow/example_dags/example_sensors.py took 0.044 seconds
[2025-01-14T00:32:42.416+0000] {processor.py:161} INFO - Started process (PID=3096) to work on /home/airflow/.local/lib/python3.8/site-packages/airflow/example_dags/example_sensors.py
[2025-01-14T00:32:42.416+0000] {processor.py:830} INFO - Processing file /home/airflow/.local/lib/python3.8/site-packages/airflow/example_dags/example_sensors.py for tasks to queue
[2025-01-14T00:32:42.418+0000] {logging_mixin.py:188} INFO - [2025-01-14T00:32:42.417+0000] {dagbag.py:538} INFO - Filling up the DagBag from /home/airflow/.local/lib/python3.8/site-packages/airflow/example_dags/example_sensors.py
[2025-01-14T00:32:42.423+0000] {processor.py:840} INFO - DAG(s) 'example_sensors' retrieved from /home/airflow/.local/lib/python3.8/site-packages/airflow/example_dags/example_sensors.py
[2025-01-14T00:32:42.440+0000] {logging_mixin.py:188} INFO - [2025-01-14T00:32:42.440+0000] {dag.py:3036} INFO - Sync 1 DAGs
[2025-01-14T00:32:42.448+0000] {logging_mixin.py:188} INFO - [2025-01-14T00:32:42.448+0000] {dag.py:3823} INFO - Setting next_dagrun for example_sensors to None, run_after=None
[2025-01-14T00:32:42.463+0000] {processor.py:183} INFO - Processing /home/airflow/.local/lib/python3.8/site-packages/airflow/example_dags/example_sensors.py took 0.049 seconds
