[2025-01-14T00:00:09.640+0000] {processor.py:161} INFO - Started process (PID=10580) to work on /home/airflow/.local/lib/python3.8/site-packages/airflow/example_dags/example_latest_only_with_trigger.py
[2025-01-14T00:00:09.641+0000] {processor.py:830} INFO - Processing file /home/airflow/.local/lib/python3.8/site-packages/airflow/example_dags/example_latest_only_with_trigger.py for tasks to queue
[2025-01-14T00:00:09.641+0000] {logging_mixin.py:188} INFO - [2025-01-14T00:00:09.641+0000] {dagbag.py:538} INFO - Filling up the DagBag from /home/airflow/.local/lib/python3.8/site-packages/airflow/example_dags/example_latest_only_with_trigger.py
[2025-01-14T00:00:09.645+0000] {processor.py:840} INFO - DAG(s) 'latest_only_with_trigger' retrieved from /home/airflow/.local/lib/python3.8/site-packages/airflow/example_dags/example_latest_only_with_trigger.py
[2025-01-14T00:00:09.658+0000] {logging_mixin.py:188} INFO - [2025-01-14T00:00:09.658+0000] {dag.py:3036} INFO - Sync 1 DAGs
[2025-01-14T00:00:09.672+0000] {logging_mixin.py:188} INFO - [2025-01-14T00:00:09.672+0000] {dag.py:3823} INFO - Setting next_dagrun for latest_only_with_trigger to 2025-01-13 20:00:00+00:00, run_after=2025-01-14 00:00:00+00:00
[2025-01-14T00:00:09.684+0000] {processor.py:183} INFO - Processing /home/airflow/.local/lib/python3.8/site-packages/airflow/example_dags/example_latest_only_with_trigger.py took 0.046 seconds
[2025-01-14T00:00:40.689+0000] {processor.py:161} INFO - Started process (PID=10639) to work on /home/airflow/.local/lib/python3.8/site-packages/airflow/example_dags/example_latest_only_with_trigger.py
[2025-01-14T00:00:40.690+0000] {processor.py:830} INFO - Processing file /home/airflow/.local/lib/python3.8/site-packages/airflow/example_dags/example_latest_only_with_trigger.py for tasks to queue
[2025-01-14T00:00:40.690+0000] {logging_mixin.py:188} INFO - [2025-01-14T00:00:40.690+0000] {dagbag.py:538} INFO - Filling up the DagBag from /home/airflow/.local/lib/python3.8/site-packages/airflow/example_dags/example_latest_only_with_trigger.py
[2025-01-14T00:00:40.694+0000] {processor.py:840} INFO - DAG(s) 'latest_only_with_trigger' retrieved from /home/airflow/.local/lib/python3.8/site-packages/airflow/example_dags/example_latest_only_with_trigger.py
[2025-01-14T00:00:40.708+0000] {logging_mixin.py:188} INFO - [2025-01-14T00:00:40.707+0000] {dag.py:3036} INFO - Sync 1 DAGs
[2025-01-14T00:00:40.721+0000] {logging_mixin.py:188} INFO - [2025-01-14T00:00:40.721+0000] {dag.py:3823} INFO - Setting next_dagrun for latest_only_with_trigger to 2025-01-13 20:00:00+00:00, run_after=2025-01-14 00:00:00+00:00
[2025-01-14T00:00:40.733+0000] {processor.py:183} INFO - Processing /home/airflow/.local/lib/python3.8/site-packages/airflow/example_dags/example_latest_only_with_trigger.py took 0.046 seconds
[2025-01-14T00:01:10.846+0000] {processor.py:161} INFO - Started process (PID=10698) to work on /home/airflow/.local/lib/python3.8/site-packages/airflow/example_dags/example_latest_only_with_trigger.py
[2025-01-14T00:01:10.847+0000] {processor.py:830} INFO - Processing file /home/airflow/.local/lib/python3.8/site-packages/airflow/example_dags/example_latest_only_with_trigger.py for tasks to queue
[2025-01-14T00:01:10.848+0000] {logging_mixin.py:188} INFO - [2025-01-14T00:01:10.847+0000] {dagbag.py:538} INFO - Filling up the DagBag from /home/airflow/.local/lib/python3.8/site-packages/airflow/example_dags/example_latest_only_with_trigger.py
[2025-01-14T00:01:10.851+0000] {processor.py:840} INFO - DAG(s) 'latest_only_with_trigger' retrieved from /home/airflow/.local/lib/python3.8/site-packages/airflow/example_dags/example_latest_only_with_trigger.py
[2025-01-14T00:01:10.865+0000] {logging_mixin.py:188} INFO - [2025-01-14T00:01:10.864+0000] {dag.py:3036} INFO - Sync 1 DAGs
[2025-01-14T00:01:10.878+0000] {logging_mixin.py:188} INFO - [2025-01-14T00:01:10.877+0000] {dag.py:3823} INFO - Setting next_dagrun for latest_only_with_trigger to 2025-01-13 20:00:00+00:00, run_after=2025-01-14 00:00:00+00:00
[2025-01-14T00:01:10.890+0000] {processor.py:183} INFO - Processing /home/airflow/.local/lib/python3.8/site-packages/airflow/example_dags/example_latest_only_with_trigger.py took 0.045 seconds
[2025-01-14T00:01:41.857+0000] {processor.py:161} INFO - Started process (PID=10757) to work on /home/airflow/.local/lib/python3.8/site-packages/airflow/example_dags/example_latest_only_with_trigger.py
[2025-01-14T00:01:41.857+0000] {processor.py:830} INFO - Processing file /home/airflow/.local/lib/python3.8/site-packages/airflow/example_dags/example_latest_only_with_trigger.py for tasks to queue
[2025-01-14T00:01:41.858+0000] {logging_mixin.py:188} INFO - [2025-01-14T00:01:41.858+0000] {dagbag.py:538} INFO - Filling up the DagBag from /home/airflow/.local/lib/python3.8/site-packages/airflow/example_dags/example_latest_only_with_trigger.py
[2025-01-14T00:01:41.862+0000] {processor.py:840} INFO - DAG(s) 'latest_only_with_trigger' retrieved from /home/airflow/.local/lib/python3.8/site-packages/airflow/example_dags/example_latest_only_with_trigger.py
[2025-01-14T00:01:41.875+0000] {logging_mixin.py:188} INFO - [2025-01-14T00:01:41.875+0000] {dag.py:3036} INFO - Sync 1 DAGs
[2025-01-14T00:01:41.889+0000] {logging_mixin.py:188} INFO - [2025-01-14T00:01:41.889+0000] {dag.py:3823} INFO - Setting next_dagrun for latest_only_with_trigger to 2025-01-13 20:00:00+00:00, run_after=2025-01-14 00:00:00+00:00
[2025-01-14T00:01:41.901+0000] {processor.py:183} INFO - Processing /home/airflow/.local/lib/python3.8/site-packages/airflow/example_dags/example_latest_only_with_trigger.py took 0.046 seconds
[2025-01-14T00:02:12.711+0000] {processor.py:161} INFO - Started process (PID=10816) to work on /home/airflow/.local/lib/python3.8/site-packages/airflow/example_dags/example_latest_only_with_trigger.py
[2025-01-14T00:02:12.712+0000] {processor.py:830} INFO - Processing file /home/airflow/.local/lib/python3.8/site-packages/airflow/example_dags/example_latest_only_with_trigger.py for tasks to queue
[2025-01-14T00:02:12.713+0000] {logging_mixin.py:188} INFO - [2025-01-14T00:02:12.712+0000] {dagbag.py:538} INFO - Filling up the DagBag from /home/airflow/.local/lib/python3.8/site-packages/airflow/example_dags/example_latest_only_with_trigger.py
[2025-01-14T00:02:12.716+0000] {processor.py:840} INFO - DAG(s) 'latest_only_with_trigger' retrieved from /home/airflow/.local/lib/python3.8/site-packages/airflow/example_dags/example_latest_only_with_trigger.py
[2025-01-14T00:02:12.729+0000] {logging_mixin.py:188} INFO - [2025-01-14T00:02:12.729+0000] {dag.py:3036} INFO - Sync 1 DAGs
[2025-01-14T00:02:12.743+0000] {logging_mixin.py:188} INFO - [2025-01-14T00:02:12.743+0000] {dag.py:3823} INFO - Setting next_dagrun for latest_only_with_trigger to 2025-01-13 20:00:00+00:00, run_after=2025-01-14 00:00:00+00:00
[2025-01-14T00:02:12.755+0000] {processor.py:183} INFO - Processing /home/airflow/.local/lib/python3.8/site-packages/airflow/example_dags/example_latest_only_with_trigger.py took 0.046 seconds
[2025-01-14T00:02:43.780+0000] {processor.py:161} INFO - Started process (PID=10875) to work on /home/airflow/.local/lib/python3.8/site-packages/airflow/example_dags/example_latest_only_with_trigger.py
[2025-01-14T00:02:43.781+0000] {processor.py:830} INFO - Processing file /home/airflow/.local/lib/python3.8/site-packages/airflow/example_dags/example_latest_only_with_trigger.py for tasks to queue
[2025-01-14T00:02:43.782+0000] {logging_mixin.py:188} INFO - [2025-01-14T00:02:43.782+0000] {dagbag.py:538} INFO - Filling up the DagBag from /home/airflow/.local/lib/python3.8/site-packages/airflow/example_dags/example_latest_only_with_trigger.py
[2025-01-14T00:02:43.787+0000] {processor.py:840} INFO - DAG(s) 'latest_only_with_trigger' retrieved from /home/airflow/.local/lib/python3.8/site-packages/airflow/example_dags/example_latest_only_with_trigger.py
[2025-01-14T00:02:43.804+0000] {logging_mixin.py:188} INFO - [2025-01-14T00:02:43.804+0000] {dag.py:3036} INFO - Sync 1 DAGs
[2025-01-14T00:02:43.821+0000] {logging_mixin.py:188} INFO - [2025-01-14T00:02:43.820+0000] {dag.py:3823} INFO - Setting next_dagrun for latest_only_with_trigger to 2025-01-13 20:00:00+00:00, run_after=2025-01-14 00:00:00+00:00
[2025-01-14T00:02:43.836+0000] {processor.py:183} INFO - Processing /home/airflow/.local/lib/python3.8/site-packages/airflow/example_dags/example_latest_only_with_trigger.py took 0.058 seconds
[2025-01-14T00:03:14.002+0000] {processor.py:161} INFO - Started process (PID=10934) to work on /home/airflow/.local/lib/python3.8/site-packages/airflow/example_dags/example_latest_only_with_trigger.py
[2025-01-14T00:03:14.003+0000] {processor.py:830} INFO - Processing file /home/airflow/.local/lib/python3.8/site-packages/airflow/example_dags/example_latest_only_with_trigger.py for tasks to queue
[2025-01-14T00:03:14.004+0000] {logging_mixin.py:188} INFO - [2025-01-14T00:03:14.004+0000] {dagbag.py:538} INFO - Filling up the DagBag from /home/airflow/.local/lib/python3.8/site-packages/airflow/example_dags/example_latest_only_with_trigger.py
[2025-01-14T00:03:14.009+0000] {processor.py:840} INFO - DAG(s) 'latest_only_with_trigger' retrieved from /home/airflow/.local/lib/python3.8/site-packages/airflow/example_dags/example_latest_only_with_trigger.py
[2025-01-14T00:03:14.029+0000] {logging_mixin.py:188} INFO - [2025-01-14T00:03:14.029+0000] {dag.py:3036} INFO - Sync 1 DAGs
[2025-01-14T00:03:14.054+0000] {logging_mixin.py:188} INFO - [2025-01-14T00:03:14.053+0000] {dag.py:3823} INFO - Setting next_dagrun for latest_only_with_trigger to 2025-01-13 20:00:00+00:00, run_after=2025-01-14 00:00:00+00:00
[2025-01-14T00:03:14.073+0000] {processor.py:183} INFO - Processing /home/airflow/.local/lib/python3.8/site-packages/airflow/example_dags/example_latest_only_with_trigger.py took 0.074 seconds
[2025-01-14T00:03:45.080+0000] {processor.py:161} INFO - Started process (PID=10993) to work on /home/airflow/.local/lib/python3.8/site-packages/airflow/example_dags/example_latest_only_with_trigger.py
[2025-01-14T00:03:45.081+0000] {processor.py:830} INFO - Processing file /home/airflow/.local/lib/python3.8/site-packages/airflow/example_dags/example_latest_only_with_trigger.py for tasks to queue
[2025-01-14T00:03:45.081+0000] {logging_mixin.py:188} INFO - [2025-01-14T00:03:45.081+0000] {dagbag.py:538} INFO - Filling up the DagBag from /home/airflow/.local/lib/python3.8/site-packages/airflow/example_dags/example_latest_only_with_trigger.py
[2025-01-14T00:03:45.085+0000] {processor.py:840} INFO - DAG(s) 'latest_only_with_trigger' retrieved from /home/airflow/.local/lib/python3.8/site-packages/airflow/example_dags/example_latest_only_with_trigger.py
[2025-01-14T00:03:45.100+0000] {logging_mixin.py:188} INFO - [2025-01-14T00:03:45.099+0000] {dag.py:3036} INFO - Sync 1 DAGs
[2025-01-14T00:03:45.113+0000] {logging_mixin.py:188} INFO - [2025-01-14T00:03:45.113+0000] {dag.py:3823} INFO - Setting next_dagrun for latest_only_with_trigger to 2025-01-13 20:00:00+00:00, run_after=2025-01-14 00:00:00+00:00
[2025-01-14T00:03:45.124+0000] {processor.py:183} INFO - Processing /home/airflow/.local/lib/python3.8/site-packages/airflow/example_dags/example_latest_only_with_trigger.py took 0.047 seconds
[2025-01-14T00:04:16.002+0000] {processor.py:161} INFO - Started process (PID=11052) to work on /home/airflow/.local/lib/python3.8/site-packages/airflow/example_dags/example_latest_only_with_trigger.py
[2025-01-14T00:04:16.003+0000] {processor.py:830} INFO - Processing file /home/airflow/.local/lib/python3.8/site-packages/airflow/example_dags/example_latest_only_with_trigger.py for tasks to queue
[2025-01-14T00:04:16.003+0000] {logging_mixin.py:188} INFO - [2025-01-14T00:04:16.003+0000] {dagbag.py:538} INFO - Filling up the DagBag from /home/airflow/.local/lib/python3.8/site-packages/airflow/example_dags/example_latest_only_with_trigger.py
[2025-01-14T00:04:16.007+0000] {processor.py:840} INFO - DAG(s) 'latest_only_with_trigger' retrieved from /home/airflow/.local/lib/python3.8/site-packages/airflow/example_dags/example_latest_only_with_trigger.py
[2025-01-14T00:04:16.021+0000] {logging_mixin.py:188} INFO - [2025-01-14T00:04:16.021+0000] {dag.py:3036} INFO - Sync 1 DAGs
[2025-01-14T00:04:16.034+0000] {logging_mixin.py:188} INFO - [2025-01-14T00:04:16.034+0000] {dag.py:3823} INFO - Setting next_dagrun for latest_only_with_trigger to 2025-01-13 20:00:00+00:00, run_after=2025-01-14 00:00:00+00:00
[2025-01-14T00:04:16.046+0000] {processor.py:183} INFO - Processing /home/airflow/.local/lib/python3.8/site-packages/airflow/example_dags/example_latest_only_with_trigger.py took 0.046 seconds
[2025-01-14T00:04:46.469+0000] {processor.py:161} INFO - Started process (PID=11111) to work on /home/airflow/.local/lib/python3.8/site-packages/airflow/example_dags/example_latest_only_with_trigger.py
[2025-01-14T00:04:46.469+0000] {processor.py:830} INFO - Processing file /home/airflow/.local/lib/python3.8/site-packages/airflow/example_dags/example_latest_only_with_trigger.py for tasks to queue
[2025-01-14T00:04:46.470+0000] {logging_mixin.py:188} INFO - [2025-01-14T00:04:46.470+0000] {dagbag.py:538} INFO - Filling up the DagBag from /home/airflow/.local/lib/python3.8/site-packages/airflow/example_dags/example_latest_only_with_trigger.py
[2025-01-14T00:04:46.474+0000] {processor.py:840} INFO - DAG(s) 'latest_only_with_trigger' retrieved from /home/airflow/.local/lib/python3.8/site-packages/airflow/example_dags/example_latest_only_with_trigger.py
[2025-01-14T00:04:46.488+0000] {logging_mixin.py:188} INFO - [2025-01-14T00:04:46.488+0000] {dag.py:3036} INFO - Sync 1 DAGs
[2025-01-14T00:04:46.501+0000] {logging_mixin.py:188} INFO - [2025-01-14T00:04:46.501+0000] {dag.py:3823} INFO - Setting next_dagrun for latest_only_with_trigger to 2025-01-13 20:00:00+00:00, run_after=2025-01-14 00:00:00+00:00
[2025-01-14T00:04:46.514+0000] {processor.py:183} INFO - Processing /home/airflow/.local/lib/python3.8/site-packages/airflow/example_dags/example_latest_only_with_trigger.py took 0.048 seconds
[2025-01-14T00:05:17.383+0000] {processor.py:161} INFO - Started process (PID=11170) to work on /home/airflow/.local/lib/python3.8/site-packages/airflow/example_dags/example_latest_only_with_trigger.py
[2025-01-14T00:05:17.384+0000] {processor.py:830} INFO - Processing file /home/airflow/.local/lib/python3.8/site-packages/airflow/example_dags/example_latest_only_with_trigger.py for tasks to queue
[2025-01-14T00:05:17.385+0000] {logging_mixin.py:188} INFO - [2025-01-14T00:05:17.384+0000] {dagbag.py:538} INFO - Filling up the DagBag from /home/airflow/.local/lib/python3.8/site-packages/airflow/example_dags/example_latest_only_with_trigger.py
[2025-01-14T00:05:17.388+0000] {processor.py:840} INFO - DAG(s) 'latest_only_with_trigger' retrieved from /home/airflow/.local/lib/python3.8/site-packages/airflow/example_dags/example_latest_only_with_trigger.py
[2025-01-14T00:05:17.402+0000] {logging_mixin.py:188} INFO - [2025-01-14T00:05:17.402+0000] {dag.py:3036} INFO - Sync 1 DAGs
[2025-01-14T00:05:17.416+0000] {logging_mixin.py:188} INFO - [2025-01-14T00:05:17.415+0000] {dag.py:3823} INFO - Setting next_dagrun for latest_only_with_trigger to 2025-01-13 20:00:00+00:00, run_after=2025-01-14 00:00:00+00:00
[2025-01-14T00:05:17.428+0000] {processor.py:183} INFO - Processing /home/airflow/.local/lib/python3.8/site-packages/airflow/example_dags/example_latest_only_with_trigger.py took 0.047 seconds
[2025-01-14T00:06:23.932+0000] {processor.py:161} INFO - Started process (PID=55) to work on /home/airflow/.local/lib/python3.8/site-packages/airflow/example_dags/example_latest_only_with_trigger.py
[2025-01-14T00:06:23.933+0000] {processor.py:830} INFO - Processing file /home/airflow/.local/lib/python3.8/site-packages/airflow/example_dags/example_latest_only_with_trigger.py for tasks to queue
[2025-01-14T00:06:23.935+0000] {logging_mixin.py:188} INFO - [2025-01-14T00:06:23.935+0000] {dagbag.py:538} INFO - Filling up the DagBag from /home/airflow/.local/lib/python3.8/site-packages/airflow/example_dags/example_latest_only_with_trigger.py
[2025-01-14T00:06:23.945+0000] {processor.py:840} INFO - DAG(s) 'latest_only_with_trigger' retrieved from /home/airflow/.local/lib/python3.8/site-packages/airflow/example_dags/example_latest_only_with_trigger.py
[2025-01-14T00:06:23.961+0000] {logging_mixin.py:188} INFO - [2025-01-14T00:06:23.961+0000] {dag.py:3036} INFO - Sync 1 DAGs
[2025-01-14T00:06:23.991+0000] {logging_mixin.py:188} INFO - [2025-01-14T00:06:23.991+0000] {dag.py:3823} INFO - Setting next_dagrun for latest_only_with_trigger to 2025-01-13 20:00:00+00:00, run_after=2025-01-14 00:00:00+00:00
[2025-01-14T00:06:24.013+0000] {processor.py:183} INFO - Processing /home/airflow/.local/lib/python3.8/site-packages/airflow/example_dags/example_latest_only_with_trigger.py took 0.083 seconds
[2025-01-14T00:06:54.590+0000] {processor.py:161} INFO - Started process (PID=114) to work on /home/airflow/.local/lib/python3.8/site-packages/airflow/example_dags/example_latest_only_with_trigger.py
[2025-01-14T00:06:54.591+0000] {processor.py:830} INFO - Processing file /home/airflow/.local/lib/python3.8/site-packages/airflow/example_dags/example_latest_only_with_trigger.py for tasks to queue
[2025-01-14T00:06:54.592+0000] {logging_mixin.py:188} INFO - [2025-01-14T00:06:54.592+0000] {dagbag.py:538} INFO - Filling up the DagBag from /home/airflow/.local/lib/python3.8/site-packages/airflow/example_dags/example_latest_only_with_trigger.py
[2025-01-14T00:06:54.595+0000] {processor.py:840} INFO - DAG(s) 'latest_only_with_trigger' retrieved from /home/airflow/.local/lib/python3.8/site-packages/airflow/example_dags/example_latest_only_with_trigger.py
[2025-01-14T00:06:54.669+0000] {logging_mixin.py:188} INFO - [2025-01-14T00:06:54.669+0000] {dag.py:3036} INFO - Sync 1 DAGs
[2025-01-14T00:06:54.682+0000] {logging_mixin.py:188} INFO - [2025-01-14T00:06:54.681+0000] {dag.py:3823} INFO - Setting next_dagrun for latest_only_with_trigger to 2025-01-13 20:00:00+00:00, run_after=2025-01-14 00:00:00+00:00
[2025-01-14T00:06:54.694+0000] {processor.py:183} INFO - Processing /home/airflow/.local/lib/python3.8/site-packages/airflow/example_dags/example_latest_only_with_trigger.py took 0.106 seconds
[2025-01-14T00:07:25.664+0000] {processor.py:161} INFO - Started process (PID=173) to work on /home/airflow/.local/lib/python3.8/site-packages/airflow/example_dags/example_latest_only_with_trigger.py
[2025-01-14T00:07:25.666+0000] {processor.py:830} INFO - Processing file /home/airflow/.local/lib/python3.8/site-packages/airflow/example_dags/example_latest_only_with_trigger.py for tasks to queue
[2025-01-14T00:07:25.667+0000] {logging_mixin.py:188} INFO - [2025-01-14T00:07:25.667+0000] {dagbag.py:538} INFO - Filling up the DagBag from /home/airflow/.local/lib/python3.8/site-packages/airflow/example_dags/example_latest_only_with_trigger.py
[2025-01-14T00:07:25.670+0000] {processor.py:840} INFO - DAG(s) 'latest_only_with_trigger' retrieved from /home/airflow/.local/lib/python3.8/site-packages/airflow/example_dags/example_latest_only_with_trigger.py
[2025-01-14T00:07:25.684+0000] {logging_mixin.py:188} INFO - [2025-01-14T00:07:25.684+0000] {dag.py:3036} INFO - Sync 1 DAGs
[2025-01-14T00:07:25.696+0000] {logging_mixin.py:188} INFO - [2025-01-14T00:07:25.696+0000] {dag.py:3823} INFO - Setting next_dagrun for latest_only_with_trigger to 2025-01-13 20:00:00+00:00, run_after=2025-01-14 00:00:00+00:00
[2025-01-14T00:07:25.708+0000] {processor.py:183} INFO - Processing /home/airflow/.local/lib/python3.8/site-packages/airflow/example_dags/example_latest_only_with_trigger.py took 0.045 seconds
[2025-01-14T00:07:55.919+0000] {processor.py:161} INFO - Started process (PID=232) to work on /home/airflow/.local/lib/python3.8/site-packages/airflow/example_dags/example_latest_only_with_trigger.py
[2025-01-14T00:07:55.920+0000] {processor.py:830} INFO - Processing file /home/airflow/.local/lib/python3.8/site-packages/airflow/example_dags/example_latest_only_with_trigger.py for tasks to queue
[2025-01-14T00:07:55.922+0000] {logging_mixin.py:188} INFO - [2025-01-14T00:07:55.921+0000] {dagbag.py:538} INFO - Filling up the DagBag from /home/airflow/.local/lib/python3.8/site-packages/airflow/example_dags/example_latest_only_with_trigger.py
[2025-01-14T00:07:55.925+0000] {processor.py:840} INFO - DAG(s) 'latest_only_with_trigger' retrieved from /home/airflow/.local/lib/python3.8/site-packages/airflow/example_dags/example_latest_only_with_trigger.py
[2025-01-14T00:07:55.938+0000] {logging_mixin.py:188} INFO - [2025-01-14T00:07:55.937+0000] {dag.py:3036} INFO - Sync 1 DAGs
[2025-01-14T00:07:55.951+0000] {logging_mixin.py:188} INFO - [2025-01-14T00:07:55.951+0000] {dag.py:3823} INFO - Setting next_dagrun for latest_only_with_trigger to 2025-01-13 20:00:00+00:00, run_after=2025-01-14 00:00:00+00:00
[2025-01-14T00:07:55.963+0000] {processor.py:183} INFO - Processing /home/airflow/.local/lib/python3.8/site-packages/airflow/example_dags/example_latest_only_with_trigger.py took 0.046 seconds
[2025-01-14T00:08:26.202+0000] {processor.py:161} INFO - Started process (PID=291) to work on /home/airflow/.local/lib/python3.8/site-packages/airflow/example_dags/example_latest_only_with_trigger.py
[2025-01-14T00:08:26.203+0000] {processor.py:830} INFO - Processing file /home/airflow/.local/lib/python3.8/site-packages/airflow/example_dags/example_latest_only_with_trigger.py for tasks to queue
[2025-01-14T00:08:26.205+0000] {logging_mixin.py:188} INFO - [2025-01-14T00:08:26.204+0000] {dagbag.py:538} INFO - Filling up the DagBag from /home/airflow/.local/lib/python3.8/site-packages/airflow/example_dags/example_latest_only_with_trigger.py
[2025-01-14T00:08:26.208+0000] {processor.py:840} INFO - DAG(s) 'latest_only_with_trigger' retrieved from /home/airflow/.local/lib/python3.8/site-packages/airflow/example_dags/example_latest_only_with_trigger.py
[2025-01-14T00:08:26.222+0000] {logging_mixin.py:188} INFO - [2025-01-14T00:08:26.222+0000] {dag.py:3036} INFO - Sync 1 DAGs
[2025-01-14T00:08:26.236+0000] {logging_mixin.py:188} INFO - [2025-01-14T00:08:26.235+0000] {dag.py:3823} INFO - Setting next_dagrun for latest_only_with_trigger to 2025-01-13 20:00:00+00:00, run_after=2025-01-14 00:00:00+00:00
[2025-01-14T00:08:26.248+0000] {processor.py:183} INFO - Processing /home/airflow/.local/lib/python3.8/site-packages/airflow/example_dags/example_latest_only_with_trigger.py took 0.048 seconds
[2025-01-14T00:08:56.425+0000] {processor.py:161} INFO - Started process (PID=350) to work on /home/airflow/.local/lib/python3.8/site-packages/airflow/example_dags/example_latest_only_with_trigger.py
[2025-01-14T00:08:56.425+0000] {processor.py:830} INFO - Processing file /home/airflow/.local/lib/python3.8/site-packages/airflow/example_dags/example_latest_only_with_trigger.py for tasks to queue
[2025-01-14T00:08:56.427+0000] {logging_mixin.py:188} INFO - [2025-01-14T00:08:56.426+0000] {dagbag.py:538} INFO - Filling up the DagBag from /home/airflow/.local/lib/python3.8/site-packages/airflow/example_dags/example_latest_only_with_trigger.py
[2025-01-14T00:08:56.430+0000] {processor.py:840} INFO - DAG(s) 'latest_only_with_trigger' retrieved from /home/airflow/.local/lib/python3.8/site-packages/airflow/example_dags/example_latest_only_with_trigger.py
[2025-01-14T00:08:56.444+0000] {logging_mixin.py:188} INFO - [2025-01-14T00:08:56.444+0000] {dag.py:3036} INFO - Sync 1 DAGs
[2025-01-14T00:08:56.458+0000] {logging_mixin.py:188} INFO - [2025-01-14T00:08:56.458+0000] {dag.py:3823} INFO - Setting next_dagrun for latest_only_with_trigger to 2025-01-13 20:00:00+00:00, run_after=2025-01-14 00:00:00+00:00
[2025-01-14T00:08:56.471+0000] {processor.py:183} INFO - Processing /home/airflow/.local/lib/python3.8/site-packages/airflow/example_dags/example_latest_only_with_trigger.py took 0.048 seconds
[2025-01-14T00:09:26.875+0000] {processor.py:161} INFO - Started process (PID=409) to work on /home/airflow/.local/lib/python3.8/site-packages/airflow/example_dags/example_latest_only_with_trigger.py
[2025-01-14T00:09:26.876+0000] {processor.py:830} INFO - Processing file /home/airflow/.local/lib/python3.8/site-packages/airflow/example_dags/example_latest_only_with_trigger.py for tasks to queue
[2025-01-14T00:09:26.877+0000] {logging_mixin.py:188} INFO - [2025-01-14T00:09:26.876+0000] {dagbag.py:538} INFO - Filling up the DagBag from /home/airflow/.local/lib/python3.8/site-packages/airflow/example_dags/example_latest_only_with_trigger.py
[2025-01-14T00:09:26.880+0000] {processor.py:840} INFO - DAG(s) 'latest_only_with_trigger' retrieved from /home/airflow/.local/lib/python3.8/site-packages/airflow/example_dags/example_latest_only_with_trigger.py
[2025-01-14T00:09:26.894+0000] {logging_mixin.py:188} INFO - [2025-01-14T00:09:26.893+0000] {dag.py:3036} INFO - Sync 1 DAGs
[2025-01-14T00:09:26.909+0000] {logging_mixin.py:188} INFO - [2025-01-14T00:09:26.909+0000] {dag.py:3823} INFO - Setting next_dagrun for latest_only_with_trigger to 2025-01-13 20:00:00+00:00, run_after=2025-01-14 00:00:00+00:00
[2025-01-14T00:09:26.921+0000] {processor.py:183} INFO - Processing /home/airflow/.local/lib/python3.8/site-packages/airflow/example_dags/example_latest_only_with_trigger.py took 0.048 seconds
[2025-01-14T00:09:57.906+0000] {processor.py:161} INFO - Started process (PID=468) to work on /home/airflow/.local/lib/python3.8/site-packages/airflow/example_dags/example_latest_only_with_trigger.py
[2025-01-14T00:09:57.907+0000] {processor.py:830} INFO - Processing file /home/airflow/.local/lib/python3.8/site-packages/airflow/example_dags/example_latest_only_with_trigger.py for tasks to queue
[2025-01-14T00:09:57.908+0000] {logging_mixin.py:188} INFO - [2025-01-14T00:09:57.907+0000] {dagbag.py:538} INFO - Filling up the DagBag from /home/airflow/.local/lib/python3.8/site-packages/airflow/example_dags/example_latest_only_with_trigger.py
[2025-01-14T00:09:57.911+0000] {processor.py:840} INFO - DAG(s) 'latest_only_with_trigger' retrieved from /home/airflow/.local/lib/python3.8/site-packages/airflow/example_dags/example_latest_only_with_trigger.py
[2025-01-14T00:09:57.924+0000] {logging_mixin.py:188} INFO - [2025-01-14T00:09:57.923+0000] {dag.py:3036} INFO - Sync 1 DAGs
[2025-01-14T00:09:57.937+0000] {logging_mixin.py:188} INFO - [2025-01-14T00:09:57.936+0000] {dag.py:3823} INFO - Setting next_dagrun for latest_only_with_trigger to 2025-01-13 20:00:00+00:00, run_after=2025-01-14 00:00:00+00:00
[2025-01-14T00:09:57.949+0000] {processor.py:183} INFO - Processing /home/airflow/.local/lib/python3.8/site-packages/airflow/example_dags/example_latest_only_with_trigger.py took 0.046 seconds
[2025-01-14T00:10:29.230+0000] {processor.py:161} INFO - Started process (PID=527) to work on /home/airflow/.local/lib/python3.8/site-packages/airflow/example_dags/example_latest_only_with_trigger.py
[2025-01-14T00:10:29.231+0000] {processor.py:830} INFO - Processing file /home/airflow/.local/lib/python3.8/site-packages/airflow/example_dags/example_latest_only_with_trigger.py for tasks to queue
[2025-01-14T00:10:29.232+0000] {logging_mixin.py:188} INFO - [2025-01-14T00:10:29.232+0000] {dagbag.py:538} INFO - Filling up the DagBag from /home/airflow/.local/lib/python3.8/site-packages/airflow/example_dags/example_latest_only_with_trigger.py
[2025-01-14T00:10:29.236+0000] {processor.py:840} INFO - DAG(s) 'latest_only_with_trigger' retrieved from /home/airflow/.local/lib/python3.8/site-packages/airflow/example_dags/example_latest_only_with_trigger.py
[2025-01-14T00:10:29.249+0000] {logging_mixin.py:188} INFO - [2025-01-14T00:10:29.249+0000] {dag.py:3036} INFO - Sync 1 DAGs
[2025-01-14T00:10:29.263+0000] {logging_mixin.py:188} INFO - [2025-01-14T00:10:29.262+0000] {dag.py:3823} INFO - Setting next_dagrun for latest_only_with_trigger to 2025-01-13 20:00:00+00:00, run_after=2025-01-14 00:00:00+00:00
[2025-01-14T00:10:29.274+0000] {processor.py:183} INFO - Processing /home/airflow/.local/lib/python3.8/site-packages/airflow/example_dags/example_latest_only_with_trigger.py took 0.046 seconds
[2025-01-14T00:11:00.305+0000] {processor.py:161} INFO - Started process (PID=586) to work on /home/airflow/.local/lib/python3.8/site-packages/airflow/example_dags/example_latest_only_with_trigger.py
[2025-01-14T00:11:00.306+0000] {processor.py:830} INFO - Processing file /home/airflow/.local/lib/python3.8/site-packages/airflow/example_dags/example_latest_only_with_trigger.py for tasks to queue
[2025-01-14T00:11:00.307+0000] {logging_mixin.py:188} INFO - [2025-01-14T00:11:00.306+0000] {dagbag.py:538} INFO - Filling up the DagBag from /home/airflow/.local/lib/python3.8/site-packages/airflow/example_dags/example_latest_only_with_trigger.py
[2025-01-14T00:11:00.310+0000] {processor.py:840} INFO - DAG(s) 'latest_only_with_trigger' retrieved from /home/airflow/.local/lib/python3.8/site-packages/airflow/example_dags/example_latest_only_with_trigger.py
[2025-01-14T00:11:00.324+0000] {logging_mixin.py:188} INFO - [2025-01-14T00:11:00.324+0000] {dag.py:3036} INFO - Sync 1 DAGs
[2025-01-14T00:11:00.338+0000] {logging_mixin.py:188} INFO - [2025-01-14T00:11:00.338+0000] {dag.py:3823} INFO - Setting next_dagrun for latest_only_with_trigger to 2025-01-13 20:00:00+00:00, run_after=2025-01-14 00:00:00+00:00
[2025-01-14T00:11:00.351+0000] {processor.py:183} INFO - Processing /home/airflow/.local/lib/python3.8/site-packages/airflow/example_dags/example_latest_only_with_trigger.py took 0.048 seconds
[2025-01-14T00:11:31.563+0000] {processor.py:161} INFO - Started process (PID=645) to work on /home/airflow/.local/lib/python3.8/site-packages/airflow/example_dags/example_latest_only_with_trigger.py
[2025-01-14T00:11:31.563+0000] {processor.py:830} INFO - Processing file /home/airflow/.local/lib/python3.8/site-packages/airflow/example_dags/example_latest_only_with_trigger.py for tasks to queue
[2025-01-14T00:11:31.565+0000] {logging_mixin.py:188} INFO - [2025-01-14T00:11:31.564+0000] {dagbag.py:538} INFO - Filling up the DagBag from /home/airflow/.local/lib/python3.8/site-packages/airflow/example_dags/example_latest_only_with_trigger.py
[2025-01-14T00:11:31.568+0000] {processor.py:840} INFO - DAG(s) 'latest_only_with_trigger' retrieved from /home/airflow/.local/lib/python3.8/site-packages/airflow/example_dags/example_latest_only_with_trigger.py
[2025-01-14T00:11:31.581+0000] {logging_mixin.py:188} INFO - [2025-01-14T00:11:31.581+0000] {dag.py:3036} INFO - Sync 1 DAGs
[2025-01-14T00:11:31.594+0000] {logging_mixin.py:188} INFO - [2025-01-14T00:11:31.593+0000] {dag.py:3823} INFO - Setting next_dagrun for latest_only_with_trigger to 2025-01-13 20:00:00+00:00, run_after=2025-01-14 00:00:00+00:00
[2025-01-14T00:11:31.606+0000] {processor.py:183} INFO - Processing /home/airflow/.local/lib/python3.8/site-packages/airflow/example_dags/example_latest_only_with_trigger.py took 0.045 seconds
[2025-01-14T00:12:02.812+0000] {processor.py:161} INFO - Started process (PID=704) to work on /home/airflow/.local/lib/python3.8/site-packages/airflow/example_dags/example_latest_only_with_trigger.py
[2025-01-14T00:12:02.812+0000] {processor.py:830} INFO - Processing file /home/airflow/.local/lib/python3.8/site-packages/airflow/example_dags/example_latest_only_with_trigger.py for tasks to queue
[2025-01-14T00:12:02.813+0000] {logging_mixin.py:188} INFO - [2025-01-14T00:12:02.813+0000] {dagbag.py:538} INFO - Filling up the DagBag from /home/airflow/.local/lib/python3.8/site-packages/airflow/example_dags/example_latest_only_with_trigger.py
[2025-01-14T00:12:02.817+0000] {processor.py:840} INFO - DAG(s) 'latest_only_with_trigger' retrieved from /home/airflow/.local/lib/python3.8/site-packages/airflow/example_dags/example_latest_only_with_trigger.py
[2025-01-14T00:12:02.830+0000] {logging_mixin.py:188} INFO - [2025-01-14T00:12:02.830+0000] {dag.py:3036} INFO - Sync 1 DAGs
[2025-01-14T00:12:02.844+0000] {logging_mixin.py:188} INFO - [2025-01-14T00:12:02.844+0000] {dag.py:3823} INFO - Setting next_dagrun for latest_only_with_trigger to 2025-01-13 20:00:00+00:00, run_after=2025-01-14 00:00:00+00:00
[2025-01-14T00:12:02.856+0000] {processor.py:183} INFO - Processing /home/airflow/.local/lib/python3.8/site-packages/airflow/example_dags/example_latest_only_with_trigger.py took 0.046 seconds
[2025-01-14T00:12:34.032+0000] {processor.py:161} INFO - Started process (PID=763) to work on /home/airflow/.local/lib/python3.8/site-packages/airflow/example_dags/example_latest_only_with_trigger.py
[2025-01-14T00:12:34.033+0000] {processor.py:830} INFO - Processing file /home/airflow/.local/lib/python3.8/site-packages/airflow/example_dags/example_latest_only_with_trigger.py for tasks to queue
[2025-01-14T00:12:34.034+0000] {logging_mixin.py:188} INFO - [2025-01-14T00:12:34.034+0000] {dagbag.py:538} INFO - Filling up the DagBag from /home/airflow/.local/lib/python3.8/site-packages/airflow/example_dags/example_latest_only_with_trigger.py
[2025-01-14T00:12:34.037+0000] {processor.py:840} INFO - DAG(s) 'latest_only_with_trigger' retrieved from /home/airflow/.local/lib/python3.8/site-packages/airflow/example_dags/example_latest_only_with_trigger.py
[2025-01-14T00:12:34.050+0000] {logging_mixin.py:188} INFO - [2025-01-14T00:12:34.050+0000] {dag.py:3036} INFO - Sync 1 DAGs
[2025-01-14T00:12:34.065+0000] {logging_mixin.py:188} INFO - [2025-01-14T00:12:34.065+0000] {dag.py:3823} INFO - Setting next_dagrun for latest_only_with_trigger to 2025-01-13 20:00:00+00:00, run_after=2025-01-14 00:00:00+00:00
[2025-01-14T00:12:34.079+0000] {processor.py:183} INFO - Processing /home/airflow/.local/lib/python3.8/site-packages/airflow/example_dags/example_latest_only_with_trigger.py took 0.049 seconds
[2025-01-14T00:13:05.139+0000] {processor.py:161} INFO - Started process (PID=822) to work on /home/airflow/.local/lib/python3.8/site-packages/airflow/example_dags/example_latest_only_with_trigger.py
[2025-01-14T00:13:05.139+0000] {processor.py:830} INFO - Processing file /home/airflow/.local/lib/python3.8/site-packages/airflow/example_dags/example_latest_only_with_trigger.py for tasks to queue
[2025-01-14T00:13:05.141+0000] {logging_mixin.py:188} INFO - [2025-01-14T00:13:05.140+0000] {dagbag.py:538} INFO - Filling up the DagBag from /home/airflow/.local/lib/python3.8/site-packages/airflow/example_dags/example_latest_only_with_trigger.py
[2025-01-14T00:13:05.144+0000] {processor.py:840} INFO - DAG(s) 'latest_only_with_trigger' retrieved from /home/airflow/.local/lib/python3.8/site-packages/airflow/example_dags/example_latest_only_with_trigger.py
[2025-01-14T00:13:05.157+0000] {logging_mixin.py:188} INFO - [2025-01-14T00:13:05.157+0000] {dag.py:3036} INFO - Sync 1 DAGs
[2025-01-14T00:13:05.169+0000] {logging_mixin.py:188} INFO - [2025-01-14T00:13:05.169+0000] {dag.py:3823} INFO - Setting next_dagrun for latest_only_with_trigger to 2025-01-13 20:00:00+00:00, run_after=2025-01-14 00:00:00+00:00
[2025-01-14T00:13:05.183+0000] {processor.py:183} INFO - Processing /home/airflow/.local/lib/python3.8/site-packages/airflow/example_dags/example_latest_only_with_trigger.py took 0.046 seconds
[2025-01-14T00:13:36.233+0000] {processor.py:161} INFO - Started process (PID=881) to work on /home/airflow/.local/lib/python3.8/site-packages/airflow/example_dags/example_latest_only_with_trigger.py
[2025-01-14T00:13:36.233+0000] {processor.py:830} INFO - Processing file /home/airflow/.local/lib/python3.8/site-packages/airflow/example_dags/example_latest_only_with_trigger.py for tasks to queue
[2025-01-14T00:13:36.234+0000] {logging_mixin.py:188} INFO - [2025-01-14T00:13:36.234+0000] {dagbag.py:538} INFO - Filling up the DagBag from /home/airflow/.local/lib/python3.8/site-packages/airflow/example_dags/example_latest_only_with_trigger.py
[2025-01-14T00:13:36.238+0000] {processor.py:840} INFO - DAG(s) 'latest_only_with_trigger' retrieved from /home/airflow/.local/lib/python3.8/site-packages/airflow/example_dags/example_latest_only_with_trigger.py
[2025-01-14T00:13:36.251+0000] {logging_mixin.py:188} INFO - [2025-01-14T00:13:36.251+0000] {dag.py:3036} INFO - Sync 1 DAGs
[2025-01-14T00:13:36.266+0000] {logging_mixin.py:188} INFO - [2025-01-14T00:13:36.266+0000] {dag.py:3823} INFO - Setting next_dagrun for latest_only_with_trigger to 2025-01-13 20:00:00+00:00, run_after=2025-01-14 00:00:00+00:00
[2025-01-14T00:13:36.281+0000] {processor.py:183} INFO - Processing /home/airflow/.local/lib/python3.8/site-packages/airflow/example_dags/example_latest_only_with_trigger.py took 0.050 seconds
[2025-01-14T00:14:06.566+0000] {processor.py:161} INFO - Started process (PID=940) to work on /home/airflow/.local/lib/python3.8/site-packages/airflow/example_dags/example_latest_only_with_trigger.py
[2025-01-14T00:14:06.567+0000] {processor.py:830} INFO - Processing file /home/airflow/.local/lib/python3.8/site-packages/airflow/example_dags/example_latest_only_with_trigger.py for tasks to queue
[2025-01-14T00:14:06.568+0000] {logging_mixin.py:188} INFO - [2025-01-14T00:14:06.568+0000] {dagbag.py:538} INFO - Filling up the DagBag from /home/airflow/.local/lib/python3.8/site-packages/airflow/example_dags/example_latest_only_with_trigger.py
[2025-01-14T00:14:06.571+0000] {processor.py:840} INFO - DAG(s) 'latest_only_with_trigger' retrieved from /home/airflow/.local/lib/python3.8/site-packages/airflow/example_dags/example_latest_only_with_trigger.py
[2025-01-14T00:14:06.585+0000] {logging_mixin.py:188} INFO - [2025-01-14T00:14:06.585+0000] {dag.py:3036} INFO - Sync 1 DAGs
[2025-01-14T00:14:06.598+0000] {logging_mixin.py:188} INFO - [2025-01-14T00:14:06.598+0000] {dag.py:3823} INFO - Setting next_dagrun for latest_only_with_trigger to 2025-01-13 20:00:00+00:00, run_after=2025-01-14 00:00:00+00:00
[2025-01-14T00:14:06.610+0000] {processor.py:183} INFO - Processing /home/airflow/.local/lib/python3.8/site-packages/airflow/example_dags/example_latest_only_with_trigger.py took 0.046 seconds
[2025-01-14T00:14:37.851+0000] {processor.py:161} INFO - Started process (PID=999) to work on /home/airflow/.local/lib/python3.8/site-packages/airflow/example_dags/example_latest_only_with_trigger.py
[2025-01-14T00:14:37.852+0000] {processor.py:830} INFO - Processing file /home/airflow/.local/lib/python3.8/site-packages/airflow/example_dags/example_latest_only_with_trigger.py for tasks to queue
[2025-01-14T00:14:37.853+0000] {logging_mixin.py:188} INFO - [2025-01-14T00:14:37.853+0000] {dagbag.py:538} INFO - Filling up the DagBag from /home/airflow/.local/lib/python3.8/site-packages/airflow/example_dags/example_latest_only_with_trigger.py
[2025-01-14T00:14:37.856+0000] {processor.py:840} INFO - DAG(s) 'latest_only_with_trigger' retrieved from /home/airflow/.local/lib/python3.8/site-packages/airflow/example_dags/example_latest_only_with_trigger.py
[2025-01-14T00:14:37.869+0000] {logging_mixin.py:188} INFO - [2025-01-14T00:14:37.869+0000] {dag.py:3036} INFO - Sync 1 DAGs
[2025-01-14T00:14:37.882+0000] {logging_mixin.py:188} INFO - [2025-01-14T00:14:37.882+0000] {dag.py:3823} INFO - Setting next_dagrun for latest_only_with_trigger to 2025-01-13 20:00:00+00:00, run_after=2025-01-14 00:00:00+00:00
[2025-01-14T00:14:37.894+0000] {processor.py:183} INFO - Processing /home/airflow/.local/lib/python3.8/site-packages/airflow/example_dags/example_latest_only_with_trigger.py took 0.045 seconds
[2025-01-14T00:15:09.069+0000] {processor.py:161} INFO - Started process (PID=1058) to work on /home/airflow/.local/lib/python3.8/site-packages/airflow/example_dags/example_latest_only_with_trigger.py
[2025-01-14T00:15:09.070+0000] {processor.py:830} INFO - Processing file /home/airflow/.local/lib/python3.8/site-packages/airflow/example_dags/example_latest_only_with_trigger.py for tasks to queue
[2025-01-14T00:15:09.071+0000] {logging_mixin.py:188} INFO - [2025-01-14T00:15:09.071+0000] {dagbag.py:538} INFO - Filling up the DagBag from /home/airflow/.local/lib/python3.8/site-packages/airflow/example_dags/example_latest_only_with_trigger.py
[2025-01-14T00:15:09.075+0000] {processor.py:840} INFO - DAG(s) 'latest_only_with_trigger' retrieved from /home/airflow/.local/lib/python3.8/site-packages/airflow/example_dags/example_latest_only_with_trigger.py
[2025-01-14T00:15:09.089+0000] {logging_mixin.py:188} INFO - [2025-01-14T00:15:09.088+0000] {dag.py:3036} INFO - Sync 1 DAGs
[2025-01-14T00:15:09.102+0000] {logging_mixin.py:188} INFO - [2025-01-14T00:15:09.102+0000] {dag.py:3823} INFO - Setting next_dagrun for latest_only_with_trigger to 2025-01-13 20:00:00+00:00, run_after=2025-01-14 00:00:00+00:00
[2025-01-14T00:15:09.114+0000] {processor.py:183} INFO - Processing /home/airflow/.local/lib/python3.8/site-packages/airflow/example_dags/example_latest_only_with_trigger.py took 0.047 seconds
[2025-01-14T00:15:40.303+0000] {processor.py:161} INFO - Started process (PID=1117) to work on /home/airflow/.local/lib/python3.8/site-packages/airflow/example_dags/example_latest_only_with_trigger.py
[2025-01-14T00:15:40.304+0000] {processor.py:830} INFO - Processing file /home/airflow/.local/lib/python3.8/site-packages/airflow/example_dags/example_latest_only_with_trigger.py for tasks to queue
[2025-01-14T00:15:40.305+0000] {logging_mixin.py:188} INFO - [2025-01-14T00:15:40.305+0000] {dagbag.py:538} INFO - Filling up the DagBag from /home/airflow/.local/lib/python3.8/site-packages/airflow/example_dags/example_latest_only_with_trigger.py
[2025-01-14T00:15:40.309+0000] {processor.py:840} INFO - DAG(s) 'latest_only_with_trigger' retrieved from /home/airflow/.local/lib/python3.8/site-packages/airflow/example_dags/example_latest_only_with_trigger.py
[2025-01-14T00:15:40.324+0000] {logging_mixin.py:188} INFO - [2025-01-14T00:15:40.324+0000] {dag.py:3036} INFO - Sync 1 DAGs
[2025-01-14T00:15:40.338+0000] {logging_mixin.py:188} INFO - [2025-01-14T00:15:40.338+0000] {dag.py:3823} INFO - Setting next_dagrun for latest_only_with_trigger to 2025-01-13 20:00:00+00:00, run_after=2025-01-14 00:00:00+00:00
[2025-01-14T00:15:40.351+0000] {processor.py:183} INFO - Processing /home/airflow/.local/lib/python3.8/site-packages/airflow/example_dags/example_latest_only_with_trigger.py took 0.051 seconds
[2025-01-14T00:16:11.626+0000] {processor.py:161} INFO - Started process (PID=1176) to work on /home/airflow/.local/lib/python3.8/site-packages/airflow/example_dags/example_latest_only_with_trigger.py
[2025-01-14T00:16:11.627+0000] {processor.py:830} INFO - Processing file /home/airflow/.local/lib/python3.8/site-packages/airflow/example_dags/example_latest_only_with_trigger.py for tasks to queue
[2025-01-14T00:16:11.628+0000] {logging_mixin.py:188} INFO - [2025-01-14T00:16:11.628+0000] {dagbag.py:538} INFO - Filling up the DagBag from /home/airflow/.local/lib/python3.8/site-packages/airflow/example_dags/example_latest_only_with_trigger.py
[2025-01-14T00:16:11.632+0000] {processor.py:840} INFO - DAG(s) 'latest_only_with_trigger' retrieved from /home/airflow/.local/lib/python3.8/site-packages/airflow/example_dags/example_latest_only_with_trigger.py
[2025-01-14T00:16:11.646+0000] {logging_mixin.py:188} INFO - [2025-01-14T00:16:11.646+0000] {dag.py:3036} INFO - Sync 1 DAGs
[2025-01-14T00:16:11.660+0000] {logging_mixin.py:188} INFO - [2025-01-14T00:16:11.660+0000] {dag.py:3823} INFO - Setting next_dagrun for latest_only_with_trigger to 2025-01-13 20:00:00+00:00, run_after=2025-01-14 00:00:00+00:00
[2025-01-14T00:16:11.672+0000] {processor.py:183} INFO - Processing /home/airflow/.local/lib/python3.8/site-packages/airflow/example_dags/example_latest_only_with_trigger.py took 0.048 seconds
[2025-01-14T00:16:42.737+0000] {processor.py:161} INFO - Started process (PID=1235) to work on /home/airflow/.local/lib/python3.8/site-packages/airflow/example_dags/example_latest_only_with_trigger.py
[2025-01-14T00:16:42.738+0000] {processor.py:830} INFO - Processing file /home/airflow/.local/lib/python3.8/site-packages/airflow/example_dags/example_latest_only_with_trigger.py for tasks to queue
[2025-01-14T00:16:42.739+0000] {logging_mixin.py:188} INFO - [2025-01-14T00:16:42.739+0000] {dagbag.py:538} INFO - Filling up the DagBag from /home/airflow/.local/lib/python3.8/site-packages/airflow/example_dags/example_latest_only_with_trigger.py
[2025-01-14T00:16:42.742+0000] {processor.py:840} INFO - DAG(s) 'latest_only_with_trigger' retrieved from /home/airflow/.local/lib/python3.8/site-packages/airflow/example_dags/example_latest_only_with_trigger.py
[2025-01-14T00:16:42.755+0000] {logging_mixin.py:188} INFO - [2025-01-14T00:16:42.755+0000] {dag.py:3036} INFO - Sync 1 DAGs
[2025-01-14T00:16:42.769+0000] {logging_mixin.py:188} INFO - [2025-01-14T00:16:42.769+0000] {dag.py:3823} INFO - Setting next_dagrun for latest_only_with_trigger to 2025-01-13 20:00:00+00:00, run_after=2025-01-14 00:00:00+00:00
[2025-01-14T00:16:42.782+0000] {processor.py:183} INFO - Processing /home/airflow/.local/lib/python3.8/site-packages/airflow/example_dags/example_latest_only_with_trigger.py took 0.046 seconds
[2025-01-14T00:17:13.954+0000] {processor.py:161} INFO - Started process (PID=1300) to work on /home/airflow/.local/lib/python3.8/site-packages/airflow/example_dags/example_latest_only_with_trigger.py
[2025-01-14T00:17:13.955+0000] {processor.py:830} INFO - Processing file /home/airflow/.local/lib/python3.8/site-packages/airflow/example_dags/example_latest_only_with_trigger.py for tasks to queue
[2025-01-14T00:17:13.956+0000] {logging_mixin.py:188} INFO - [2025-01-14T00:17:13.956+0000] {dagbag.py:538} INFO - Filling up the DagBag from /home/airflow/.local/lib/python3.8/site-packages/airflow/example_dags/example_latest_only_with_trigger.py
[2025-01-14T00:17:13.960+0000] {processor.py:840} INFO - DAG(s) 'latest_only_with_trigger' retrieved from /home/airflow/.local/lib/python3.8/site-packages/airflow/example_dags/example_latest_only_with_trigger.py
[2025-01-14T00:17:13.974+0000] {logging_mixin.py:188} INFO - [2025-01-14T00:17:13.974+0000] {dag.py:3036} INFO - Sync 1 DAGs
[2025-01-14T00:17:13.987+0000] {logging_mixin.py:188} INFO - [2025-01-14T00:17:13.987+0000] {dag.py:3823} INFO - Setting next_dagrun for latest_only_with_trigger to 2025-01-13 20:00:00+00:00, run_after=2025-01-14 00:00:00+00:00
[2025-01-14T00:17:13.999+0000] {processor.py:183} INFO - Processing /home/airflow/.local/lib/python3.8/site-packages/airflow/example_dags/example_latest_only_with_trigger.py took 0.047 seconds
[2025-01-14T00:17:45.065+0000] {processor.py:161} INFO - Started process (PID=1359) to work on /home/airflow/.local/lib/python3.8/site-packages/airflow/example_dags/example_latest_only_with_trigger.py
[2025-01-14T00:17:45.066+0000] {processor.py:830} INFO - Processing file /home/airflow/.local/lib/python3.8/site-packages/airflow/example_dags/example_latest_only_with_trigger.py for tasks to queue
[2025-01-14T00:17:45.067+0000] {logging_mixin.py:188} INFO - [2025-01-14T00:17:45.066+0000] {dagbag.py:538} INFO - Filling up the DagBag from /home/airflow/.local/lib/python3.8/site-packages/airflow/example_dags/example_latest_only_with_trigger.py
[2025-01-14T00:17:45.070+0000] {processor.py:840} INFO - DAG(s) 'latest_only_with_trigger' retrieved from /home/airflow/.local/lib/python3.8/site-packages/airflow/example_dags/example_latest_only_with_trigger.py
[2025-01-14T00:17:45.082+0000] {logging_mixin.py:188} INFO - [2025-01-14T00:17:45.082+0000] {dag.py:3036} INFO - Sync 1 DAGs
[2025-01-14T00:17:45.095+0000] {logging_mixin.py:188} INFO - [2025-01-14T00:17:45.095+0000] {dag.py:3823} INFO - Setting next_dagrun for latest_only_with_trigger to 2025-01-13 20:00:00+00:00, run_after=2025-01-14 00:00:00+00:00
[2025-01-14T00:17:45.107+0000] {processor.py:183} INFO - Processing /home/airflow/.local/lib/python3.8/site-packages/airflow/example_dags/example_latest_only_with_trigger.py took 0.044 seconds
[2025-01-14T00:18:15.536+0000] {processor.py:161} INFO - Started process (PID=1418) to work on /home/airflow/.local/lib/python3.8/site-packages/airflow/example_dags/example_latest_only_with_trigger.py
[2025-01-14T00:18:15.537+0000] {processor.py:830} INFO - Processing file /home/airflow/.local/lib/python3.8/site-packages/airflow/example_dags/example_latest_only_with_trigger.py for tasks to queue
[2025-01-14T00:18:15.538+0000] {logging_mixin.py:188} INFO - [2025-01-14T00:18:15.538+0000] {dagbag.py:538} INFO - Filling up the DagBag from /home/airflow/.local/lib/python3.8/site-packages/airflow/example_dags/example_latest_only_with_trigger.py
[2025-01-14T00:18:15.542+0000] {processor.py:840} INFO - DAG(s) 'latest_only_with_trigger' retrieved from /home/airflow/.local/lib/python3.8/site-packages/airflow/example_dags/example_latest_only_with_trigger.py
[2025-01-14T00:18:15.554+0000] {logging_mixin.py:188} INFO - [2025-01-14T00:18:15.554+0000] {dag.py:3036} INFO - Sync 1 DAGs
[2025-01-14T00:18:15.567+0000] {logging_mixin.py:188} INFO - [2025-01-14T00:18:15.567+0000] {dag.py:3823} INFO - Setting next_dagrun for latest_only_with_trigger to 2025-01-13 20:00:00+00:00, run_after=2025-01-14 00:00:00+00:00
[2025-01-14T00:18:15.579+0000] {processor.py:183} INFO - Processing /home/airflow/.local/lib/python3.8/site-packages/airflow/example_dags/example_latest_only_with_trigger.py took 0.045 seconds
[2025-01-14T00:18:46.657+0000] {processor.py:161} INFO - Started process (PID=1477) to work on /home/airflow/.local/lib/python3.8/site-packages/airflow/example_dags/example_latest_only_with_trigger.py
[2025-01-14T00:18:46.658+0000] {processor.py:830} INFO - Processing file /home/airflow/.local/lib/python3.8/site-packages/airflow/example_dags/example_latest_only_with_trigger.py for tasks to queue
[2025-01-14T00:18:46.659+0000] {logging_mixin.py:188} INFO - [2025-01-14T00:18:46.659+0000] {dagbag.py:538} INFO - Filling up the DagBag from /home/airflow/.local/lib/python3.8/site-packages/airflow/example_dags/example_latest_only_with_trigger.py
[2025-01-14T00:18:46.662+0000] {processor.py:840} INFO - DAG(s) 'latest_only_with_trigger' retrieved from /home/airflow/.local/lib/python3.8/site-packages/airflow/example_dags/example_latest_only_with_trigger.py
[2025-01-14T00:18:46.678+0000] {logging_mixin.py:188} INFO - [2025-01-14T00:18:46.678+0000] {dag.py:3036} INFO - Sync 1 DAGs
[2025-01-14T00:18:46.691+0000] {logging_mixin.py:188} INFO - [2025-01-14T00:18:46.691+0000] {dag.py:3823} INFO - Setting next_dagrun for latest_only_with_trigger to 2025-01-13 20:00:00+00:00, run_after=2025-01-14 00:00:00+00:00
[2025-01-14T00:18:46.703+0000] {processor.py:183} INFO - Processing /home/airflow/.local/lib/python3.8/site-packages/airflow/example_dags/example_latest_only_with_trigger.py took 0.049 seconds
[2025-01-14T00:19:17.802+0000] {processor.py:161} INFO - Started process (PID=1536) to work on /home/airflow/.local/lib/python3.8/site-packages/airflow/example_dags/example_latest_only_with_trigger.py
[2025-01-14T00:19:17.802+0000] {processor.py:830} INFO - Processing file /home/airflow/.local/lib/python3.8/site-packages/airflow/example_dags/example_latest_only_with_trigger.py for tasks to queue
[2025-01-14T00:19:17.804+0000] {logging_mixin.py:188} INFO - [2025-01-14T00:19:17.803+0000] {dagbag.py:538} INFO - Filling up the DagBag from /home/airflow/.local/lib/python3.8/site-packages/airflow/example_dags/example_latest_only_with_trigger.py
[2025-01-14T00:19:17.807+0000] {processor.py:840} INFO - DAG(s) 'latest_only_with_trigger' retrieved from /home/airflow/.local/lib/python3.8/site-packages/airflow/example_dags/example_latest_only_with_trigger.py
[2025-01-14T00:19:17.821+0000] {logging_mixin.py:188} INFO - [2025-01-14T00:19:17.821+0000] {dag.py:3036} INFO - Sync 1 DAGs
[2025-01-14T00:19:17.834+0000] {logging_mixin.py:188} INFO - [2025-01-14T00:19:17.834+0000] {dag.py:3823} INFO - Setting next_dagrun for latest_only_with_trigger to 2025-01-13 20:00:00+00:00, run_after=2025-01-14 00:00:00+00:00
[2025-01-14T00:19:17.846+0000] {processor.py:183} INFO - Processing /home/airflow/.local/lib/python3.8/site-packages/airflow/example_dags/example_latest_only_with_trigger.py took 0.046 seconds
[2025-01-14T00:19:49.137+0000] {processor.py:161} INFO - Started process (PID=1595) to work on /home/airflow/.local/lib/python3.8/site-packages/airflow/example_dags/example_latest_only_with_trigger.py
[2025-01-14T00:19:49.138+0000] {processor.py:830} INFO - Processing file /home/airflow/.local/lib/python3.8/site-packages/airflow/example_dags/example_latest_only_with_trigger.py for tasks to queue
[2025-01-14T00:19:49.139+0000] {logging_mixin.py:188} INFO - [2025-01-14T00:19:49.139+0000] {dagbag.py:538} INFO - Filling up the DagBag from /home/airflow/.local/lib/python3.8/site-packages/airflow/example_dags/example_latest_only_with_trigger.py
[2025-01-14T00:19:49.143+0000] {processor.py:840} INFO - DAG(s) 'latest_only_with_trigger' retrieved from /home/airflow/.local/lib/python3.8/site-packages/airflow/example_dags/example_latest_only_with_trigger.py
[2025-01-14T00:19:49.157+0000] {logging_mixin.py:188} INFO - [2025-01-14T00:19:49.157+0000] {dag.py:3036} INFO - Sync 1 DAGs
[2025-01-14T00:19:49.171+0000] {logging_mixin.py:188} INFO - [2025-01-14T00:19:49.171+0000] {dag.py:3823} INFO - Setting next_dagrun for latest_only_with_trigger to 2025-01-13 20:00:00+00:00, run_after=2025-01-14 00:00:00+00:00
[2025-01-14T00:19:49.183+0000] {processor.py:183} INFO - Processing /home/airflow/.local/lib/python3.8/site-packages/airflow/example_dags/example_latest_only_with_trigger.py took 0.048 seconds
[2025-01-14T00:20:20.596+0000] {processor.py:161} INFO - Started process (PID=1654) to work on /home/airflow/.local/lib/python3.8/site-packages/airflow/example_dags/example_latest_only_with_trigger.py
[2025-01-14T00:20:20.597+0000] {processor.py:830} INFO - Processing file /home/airflow/.local/lib/python3.8/site-packages/airflow/example_dags/example_latest_only_with_trigger.py for tasks to queue
[2025-01-14T00:20:20.599+0000] {logging_mixin.py:188} INFO - [2025-01-14T00:20:20.598+0000] {dagbag.py:538} INFO - Filling up the DagBag from /home/airflow/.local/lib/python3.8/site-packages/airflow/example_dags/example_latest_only_with_trigger.py
[2025-01-14T00:20:20.605+0000] {processor.py:840} INFO - DAG(s) 'latest_only_with_trigger' retrieved from /home/airflow/.local/lib/python3.8/site-packages/airflow/example_dags/example_latest_only_with_trigger.py
[2025-01-14T00:20:20.625+0000] {logging_mixin.py:188} INFO - [2025-01-14T00:20:20.625+0000] {dag.py:3036} INFO - Sync 1 DAGs
[2025-01-14T00:20:20.648+0000] {logging_mixin.py:188} INFO - [2025-01-14T00:20:20.648+0000] {dag.py:3823} INFO - Setting next_dagrun for latest_only_with_trigger to 2025-01-13 20:00:00+00:00, run_after=2025-01-14 00:00:00+00:00
[2025-01-14T00:20:20.667+0000] {processor.py:183} INFO - Processing /home/airflow/.local/lib/python3.8/site-packages/airflow/example_dags/example_latest_only_with_trigger.py took 0.074 seconds
[2025-01-14T00:20:51.033+0000] {processor.py:161} INFO - Started process (PID=1713) to work on /home/airflow/.local/lib/python3.8/site-packages/airflow/example_dags/example_latest_only_with_trigger.py
[2025-01-14T00:20:51.034+0000] {processor.py:830} INFO - Processing file /home/airflow/.local/lib/python3.8/site-packages/airflow/example_dags/example_latest_only_with_trigger.py for tasks to queue
[2025-01-14T00:20:51.035+0000] {logging_mixin.py:188} INFO - [2025-01-14T00:20:51.035+0000] {dagbag.py:538} INFO - Filling up the DagBag from /home/airflow/.local/lib/python3.8/site-packages/airflow/example_dags/example_latest_only_with_trigger.py
[2025-01-14T00:20:51.038+0000] {processor.py:840} INFO - DAG(s) 'latest_only_with_trigger' retrieved from /home/airflow/.local/lib/python3.8/site-packages/airflow/example_dags/example_latest_only_with_trigger.py
[2025-01-14T00:20:51.052+0000] {logging_mixin.py:188} INFO - [2025-01-14T00:20:51.052+0000] {dag.py:3036} INFO - Sync 1 DAGs
[2025-01-14T00:20:51.066+0000] {logging_mixin.py:188} INFO - [2025-01-14T00:20:51.066+0000] {dag.py:3823} INFO - Setting next_dagrun for latest_only_with_trigger to 2025-01-13 20:00:00+00:00, run_after=2025-01-14 00:00:00+00:00
[2025-01-14T00:20:51.080+0000] {processor.py:183} INFO - Processing /home/airflow/.local/lib/python3.8/site-packages/airflow/example_dags/example_latest_only_with_trigger.py took 0.049 seconds
[2025-01-14T00:21:22.116+0000] {processor.py:161} INFO - Started process (PID=1772) to work on /home/airflow/.local/lib/python3.8/site-packages/airflow/example_dags/example_latest_only_with_trigger.py
[2025-01-14T00:21:22.117+0000] {processor.py:830} INFO - Processing file /home/airflow/.local/lib/python3.8/site-packages/airflow/example_dags/example_latest_only_with_trigger.py for tasks to queue
[2025-01-14T00:21:22.118+0000] {logging_mixin.py:188} INFO - [2025-01-14T00:21:22.118+0000] {dagbag.py:538} INFO - Filling up the DagBag from /home/airflow/.local/lib/python3.8/site-packages/airflow/example_dags/example_latest_only_with_trigger.py
[2025-01-14T00:21:22.121+0000] {processor.py:840} INFO - DAG(s) 'latest_only_with_trigger' retrieved from /home/airflow/.local/lib/python3.8/site-packages/airflow/example_dags/example_latest_only_with_trigger.py
[2025-01-14T00:21:22.134+0000] {logging_mixin.py:188} INFO - [2025-01-14T00:21:22.134+0000] {dag.py:3036} INFO - Sync 1 DAGs
[2025-01-14T00:21:22.147+0000] {logging_mixin.py:188} INFO - [2025-01-14T00:21:22.147+0000] {dag.py:3823} INFO - Setting next_dagrun for latest_only_with_trigger to 2025-01-13 20:00:00+00:00, run_after=2025-01-14 00:00:00+00:00
[2025-01-14T00:21:22.159+0000] {processor.py:183} INFO - Processing /home/airflow/.local/lib/python3.8/site-packages/airflow/example_dags/example_latest_only_with_trigger.py took 0.044 seconds
[2025-01-14T00:21:53.431+0000] {processor.py:161} INFO - Started process (PID=1831) to work on /home/airflow/.local/lib/python3.8/site-packages/airflow/example_dags/example_latest_only_with_trigger.py
[2025-01-14T00:21:53.432+0000] {processor.py:830} INFO - Processing file /home/airflow/.local/lib/python3.8/site-packages/airflow/example_dags/example_latest_only_with_trigger.py for tasks to queue
[2025-01-14T00:21:53.433+0000] {logging_mixin.py:188} INFO - [2025-01-14T00:21:53.433+0000] {dagbag.py:538} INFO - Filling up the DagBag from /home/airflow/.local/lib/python3.8/site-packages/airflow/example_dags/example_latest_only_with_trigger.py
[2025-01-14T00:21:53.437+0000] {processor.py:840} INFO - DAG(s) 'latest_only_with_trigger' retrieved from /home/airflow/.local/lib/python3.8/site-packages/airflow/example_dags/example_latest_only_with_trigger.py
[2025-01-14T00:21:53.452+0000] {logging_mixin.py:188} INFO - [2025-01-14T00:21:53.452+0000] {dag.py:3036} INFO - Sync 1 DAGs
[2025-01-14T00:21:53.465+0000] {logging_mixin.py:188} INFO - [2025-01-14T00:21:53.465+0000] {dag.py:3823} INFO - Setting next_dagrun for latest_only_with_trigger to 2025-01-13 20:00:00+00:00, run_after=2025-01-14 00:00:00+00:00
[2025-01-14T00:21:53.479+0000] {processor.py:183} INFO - Processing /home/airflow/.local/lib/python3.8/site-packages/airflow/example_dags/example_latest_only_with_trigger.py took 0.050 seconds
[2025-01-14T00:22:24.606+0000] {processor.py:161} INFO - Started process (PID=1890) to work on /home/airflow/.local/lib/python3.8/site-packages/airflow/example_dags/example_latest_only_with_trigger.py
[2025-01-14T00:22:24.607+0000] {processor.py:830} INFO - Processing file /home/airflow/.local/lib/python3.8/site-packages/airflow/example_dags/example_latest_only_with_trigger.py for tasks to queue
[2025-01-14T00:22:24.608+0000] {logging_mixin.py:188} INFO - [2025-01-14T00:22:24.607+0000] {dagbag.py:538} INFO - Filling up the DagBag from /home/airflow/.local/lib/python3.8/site-packages/airflow/example_dags/example_latest_only_with_trigger.py
[2025-01-14T00:22:24.611+0000] {processor.py:840} INFO - DAG(s) 'latest_only_with_trigger' retrieved from /home/airflow/.local/lib/python3.8/site-packages/airflow/example_dags/example_latest_only_with_trigger.py
[2025-01-14T00:22:24.624+0000] {logging_mixin.py:188} INFO - [2025-01-14T00:22:24.624+0000] {dag.py:3036} INFO - Sync 1 DAGs
[2025-01-14T00:22:24.637+0000] {logging_mixin.py:188} INFO - [2025-01-14T00:22:24.637+0000] {dag.py:3823} INFO - Setting next_dagrun for latest_only_with_trigger to 2025-01-13 20:00:00+00:00, run_after=2025-01-14 00:00:00+00:00
[2025-01-14T00:22:24.651+0000] {processor.py:183} INFO - Processing /home/airflow/.local/lib/python3.8/site-packages/airflow/example_dags/example_latest_only_with_trigger.py took 0.047 seconds
[2025-01-14T00:22:55.720+0000] {processor.py:161} INFO - Started process (PID=1949) to work on /home/airflow/.local/lib/python3.8/site-packages/airflow/example_dags/example_latest_only_with_trigger.py
[2025-01-14T00:22:55.720+0000] {processor.py:830} INFO - Processing file /home/airflow/.local/lib/python3.8/site-packages/airflow/example_dags/example_latest_only_with_trigger.py for tasks to queue
[2025-01-14T00:22:55.721+0000] {logging_mixin.py:188} INFO - [2025-01-14T00:22:55.721+0000] {dagbag.py:538} INFO - Filling up the DagBag from /home/airflow/.local/lib/python3.8/site-packages/airflow/example_dags/example_latest_only_with_trigger.py
[2025-01-14T00:22:55.725+0000] {processor.py:840} INFO - DAG(s) 'latest_only_with_trigger' retrieved from /home/airflow/.local/lib/python3.8/site-packages/airflow/example_dags/example_latest_only_with_trigger.py
[2025-01-14T00:22:55.738+0000] {logging_mixin.py:188} INFO - [2025-01-14T00:22:55.738+0000] {dag.py:3036} INFO - Sync 1 DAGs
[2025-01-14T00:22:55.753+0000] {logging_mixin.py:188} INFO - [2025-01-14T00:22:55.753+0000] {dag.py:3823} INFO - Setting next_dagrun for latest_only_with_trigger to 2025-01-13 20:00:00+00:00, run_after=2025-01-14 00:00:00+00:00
[2025-01-14T00:22:55.766+0000] {processor.py:183} INFO - Processing /home/airflow/.local/lib/python3.8/site-packages/airflow/example_dags/example_latest_only_with_trigger.py took 0.048 seconds
[2025-01-14T00:23:26.858+0000] {processor.py:161} INFO - Started process (PID=2008) to work on /home/airflow/.local/lib/python3.8/site-packages/airflow/example_dags/example_latest_only_with_trigger.py
[2025-01-14T00:23:26.859+0000] {processor.py:830} INFO - Processing file /home/airflow/.local/lib/python3.8/site-packages/airflow/example_dags/example_latest_only_with_trigger.py for tasks to queue
[2025-01-14T00:23:26.860+0000] {logging_mixin.py:188} INFO - [2025-01-14T00:23:26.859+0000] {dagbag.py:538} INFO - Filling up the DagBag from /home/airflow/.local/lib/python3.8/site-packages/airflow/example_dags/example_latest_only_with_trigger.py
[2025-01-14T00:23:26.863+0000] {processor.py:840} INFO - DAG(s) 'latest_only_with_trigger' retrieved from /home/airflow/.local/lib/python3.8/site-packages/airflow/example_dags/example_latest_only_with_trigger.py
[2025-01-14T00:23:26.876+0000] {logging_mixin.py:188} INFO - [2025-01-14T00:23:26.876+0000] {dag.py:3036} INFO - Sync 1 DAGs
[2025-01-14T00:23:26.889+0000] {logging_mixin.py:188} INFO - [2025-01-14T00:23:26.889+0000] {dag.py:3823} INFO - Setting next_dagrun for latest_only_with_trigger to 2025-01-13 20:00:00+00:00, run_after=2025-01-14 00:00:00+00:00
[2025-01-14T00:23:26.902+0000] {processor.py:183} INFO - Processing /home/airflow/.local/lib/python3.8/site-packages/airflow/example_dags/example_latest_only_with_trigger.py took 0.045 seconds
[2025-01-14T00:23:58.048+0000] {processor.py:161} INFO - Started process (PID=2067) to work on /home/airflow/.local/lib/python3.8/site-packages/airflow/example_dags/example_latest_only_with_trigger.py
[2025-01-14T00:23:58.049+0000] {processor.py:830} INFO - Processing file /home/airflow/.local/lib/python3.8/site-packages/airflow/example_dags/example_latest_only_with_trigger.py for tasks to queue
[2025-01-14T00:23:58.050+0000] {logging_mixin.py:188} INFO - [2025-01-14T00:23:58.050+0000] {dagbag.py:538} INFO - Filling up the DagBag from /home/airflow/.local/lib/python3.8/site-packages/airflow/example_dags/example_latest_only_with_trigger.py
[2025-01-14T00:23:58.053+0000] {processor.py:840} INFO - DAG(s) 'latest_only_with_trigger' retrieved from /home/airflow/.local/lib/python3.8/site-packages/airflow/example_dags/example_latest_only_with_trigger.py
[2025-01-14T00:23:58.066+0000] {logging_mixin.py:188} INFO - [2025-01-14T00:23:58.066+0000] {dag.py:3036} INFO - Sync 1 DAGs
[2025-01-14T00:23:58.081+0000] {logging_mixin.py:188} INFO - [2025-01-14T00:23:58.081+0000] {dag.py:3823} INFO - Setting next_dagrun for latest_only_with_trigger to 2025-01-13 20:00:00+00:00, run_after=2025-01-14 00:00:00+00:00
[2025-01-14T00:23:58.094+0000] {processor.py:183} INFO - Processing /home/airflow/.local/lib/python3.8/site-packages/airflow/example_dags/example_latest_only_with_trigger.py took 0.048 seconds
[2025-01-14T00:24:29.164+0000] {processor.py:161} INFO - Started process (PID=2126) to work on /home/airflow/.local/lib/python3.8/site-packages/airflow/example_dags/example_latest_only_with_trigger.py
[2025-01-14T00:24:29.165+0000] {processor.py:830} INFO - Processing file /home/airflow/.local/lib/python3.8/site-packages/airflow/example_dags/example_latest_only_with_trigger.py for tasks to queue
[2025-01-14T00:24:29.166+0000] {logging_mixin.py:188} INFO - [2025-01-14T00:24:29.166+0000] {dagbag.py:538} INFO - Filling up the DagBag from /home/airflow/.local/lib/python3.8/site-packages/airflow/example_dags/example_latest_only_with_trigger.py
[2025-01-14T00:24:29.170+0000] {processor.py:840} INFO - DAG(s) 'latest_only_with_trigger' retrieved from /home/airflow/.local/lib/python3.8/site-packages/airflow/example_dags/example_latest_only_with_trigger.py
[2025-01-14T00:24:29.184+0000] {logging_mixin.py:188} INFO - [2025-01-14T00:24:29.184+0000] {dag.py:3036} INFO - Sync 1 DAGs
[2025-01-14T00:24:29.198+0000] {logging_mixin.py:188} INFO - [2025-01-14T00:24:29.198+0000] {dag.py:3823} INFO - Setting next_dagrun for latest_only_with_trigger to 2025-01-13 20:00:00+00:00, run_after=2025-01-14 00:00:00+00:00
[2025-01-14T00:24:29.211+0000] {processor.py:183} INFO - Processing /home/airflow/.local/lib/python3.8/site-packages/airflow/example_dags/example_latest_only_with_trigger.py took 0.049 seconds
[2025-01-14T00:24:59.430+0000] {processor.py:161} INFO - Started process (PID=2184) to work on /home/airflow/.local/lib/python3.8/site-packages/airflow/example_dags/example_latest_only_with_trigger.py
[2025-01-14T00:24:59.431+0000] {processor.py:830} INFO - Processing file /home/airflow/.local/lib/python3.8/site-packages/airflow/example_dags/example_latest_only_with_trigger.py for tasks to queue
[2025-01-14T00:24:59.432+0000] {logging_mixin.py:188} INFO - [2025-01-14T00:24:59.432+0000] {dagbag.py:538} INFO - Filling up the DagBag from /home/airflow/.local/lib/python3.8/site-packages/airflow/example_dags/example_latest_only_with_trigger.py
[2025-01-14T00:24:59.435+0000] {processor.py:840} INFO - DAG(s) 'latest_only_with_trigger' retrieved from /home/airflow/.local/lib/python3.8/site-packages/airflow/example_dags/example_latest_only_with_trigger.py
[2025-01-14T00:24:59.448+0000] {logging_mixin.py:188} INFO - [2025-01-14T00:24:59.448+0000] {dag.py:3036} INFO - Sync 1 DAGs
[2025-01-14T00:24:59.461+0000] {logging_mixin.py:188} INFO - [2025-01-14T00:24:59.460+0000] {dag.py:3823} INFO - Setting next_dagrun for latest_only_with_trigger to 2025-01-13 20:00:00+00:00, run_after=2025-01-14 00:00:00+00:00
[2025-01-14T00:24:59.472+0000] {processor.py:183} INFO - Processing /home/airflow/.local/lib/python3.8/site-packages/airflow/example_dags/example_latest_only_with_trigger.py took 0.044 seconds
[2025-01-14T00:25:30.579+0000] {processor.py:161} INFO - Started process (PID=2244) to work on /home/airflow/.local/lib/python3.8/site-packages/airflow/example_dags/example_latest_only_with_trigger.py
[2025-01-14T00:25:30.580+0000] {processor.py:830} INFO - Processing file /home/airflow/.local/lib/python3.8/site-packages/airflow/example_dags/example_latest_only_with_trigger.py for tasks to queue
[2025-01-14T00:25:30.581+0000] {logging_mixin.py:188} INFO - [2025-01-14T00:25:30.581+0000] {dagbag.py:538} INFO - Filling up the DagBag from /home/airflow/.local/lib/python3.8/site-packages/airflow/example_dags/example_latest_only_with_trigger.py
[2025-01-14T00:25:30.584+0000] {processor.py:840} INFO - DAG(s) 'latest_only_with_trigger' retrieved from /home/airflow/.local/lib/python3.8/site-packages/airflow/example_dags/example_latest_only_with_trigger.py
[2025-01-14T00:25:30.598+0000] {logging_mixin.py:188} INFO - [2025-01-14T00:25:30.598+0000] {dag.py:3036} INFO - Sync 1 DAGs
[2025-01-14T00:25:30.615+0000] {logging_mixin.py:188} INFO - [2025-01-14T00:25:30.615+0000] {dag.py:3823} INFO - Setting next_dagrun for latest_only_with_trigger to 2025-01-13 20:00:00+00:00, run_after=2025-01-14 00:00:00+00:00
[2025-01-14T00:25:30.628+0000] {processor.py:183} INFO - Processing /home/airflow/.local/lib/python3.8/site-packages/airflow/example_dags/example_latest_only_with_trigger.py took 0.050 seconds
[2025-01-14T00:26:01.833+0000] {processor.py:161} INFO - Started process (PID=2303) to work on /home/airflow/.local/lib/python3.8/site-packages/airflow/example_dags/example_latest_only_with_trigger.py
[2025-01-14T00:26:01.834+0000] {processor.py:830} INFO - Processing file /home/airflow/.local/lib/python3.8/site-packages/airflow/example_dags/example_latest_only_with_trigger.py for tasks to queue
[2025-01-14T00:26:01.835+0000] {logging_mixin.py:188} INFO - [2025-01-14T00:26:01.835+0000] {dagbag.py:538} INFO - Filling up the DagBag from /home/airflow/.local/lib/python3.8/site-packages/airflow/example_dags/example_latest_only_with_trigger.py
[2025-01-14T00:26:01.838+0000] {processor.py:840} INFO - DAG(s) 'latest_only_with_trigger' retrieved from /home/airflow/.local/lib/python3.8/site-packages/airflow/example_dags/example_latest_only_with_trigger.py
[2025-01-14T00:26:01.851+0000] {logging_mixin.py:188} INFO - [2025-01-14T00:26:01.851+0000] {dag.py:3036} INFO - Sync 1 DAGs
[2025-01-14T00:26:01.864+0000] {logging_mixin.py:188} INFO - [2025-01-14T00:26:01.864+0000] {dag.py:3823} INFO - Setting next_dagrun for latest_only_with_trigger to 2025-01-13 20:00:00+00:00, run_after=2025-01-14 00:00:00+00:00
[2025-01-14T00:26:01.877+0000] {processor.py:183} INFO - Processing /home/airflow/.local/lib/python3.8/site-packages/airflow/example_dags/example_latest_only_with_trigger.py took 0.046 seconds
[2025-01-14T00:26:32.380+0000] {processor.py:161} INFO - Started process (PID=2362) to work on /home/airflow/.local/lib/python3.8/site-packages/airflow/example_dags/example_latest_only_with_trigger.py
[2025-01-14T00:26:32.381+0000] {processor.py:830} INFO - Processing file /home/airflow/.local/lib/python3.8/site-packages/airflow/example_dags/example_latest_only_with_trigger.py for tasks to queue
[2025-01-14T00:26:32.382+0000] {logging_mixin.py:188} INFO - [2025-01-14T00:26:32.382+0000] {dagbag.py:538} INFO - Filling up the DagBag from /home/airflow/.local/lib/python3.8/site-packages/airflow/example_dags/example_latest_only_with_trigger.py
[2025-01-14T00:26:32.385+0000] {processor.py:840} INFO - DAG(s) 'latest_only_with_trigger' retrieved from /home/airflow/.local/lib/python3.8/site-packages/airflow/example_dags/example_latest_only_with_trigger.py
[2025-01-14T00:26:32.399+0000] {logging_mixin.py:188} INFO - [2025-01-14T00:26:32.399+0000] {dag.py:3036} INFO - Sync 1 DAGs
[2025-01-14T00:26:32.414+0000] {logging_mixin.py:188} INFO - [2025-01-14T00:26:32.414+0000] {dag.py:3823} INFO - Setting next_dagrun for latest_only_with_trigger to 2025-01-13 20:00:00+00:00, run_after=2025-01-14 00:00:00+00:00
[2025-01-14T00:26:32.427+0000] {processor.py:183} INFO - Processing /home/airflow/.local/lib/python3.8/site-packages/airflow/example_dags/example_latest_only_with_trigger.py took 0.049 seconds
[2025-01-14T00:27:03.316+0000] {processor.py:161} INFO - Started process (PID=2421) to work on /home/airflow/.local/lib/python3.8/site-packages/airflow/example_dags/example_latest_only_with_trigger.py
[2025-01-14T00:27:03.317+0000] {processor.py:830} INFO - Processing file /home/airflow/.local/lib/python3.8/site-packages/airflow/example_dags/example_latest_only_with_trigger.py for tasks to queue
[2025-01-14T00:27:03.318+0000] {logging_mixin.py:188} INFO - [2025-01-14T00:27:03.318+0000] {dagbag.py:538} INFO - Filling up the DagBag from /home/airflow/.local/lib/python3.8/site-packages/airflow/example_dags/example_latest_only_with_trigger.py
[2025-01-14T00:27:03.322+0000] {processor.py:840} INFO - DAG(s) 'latest_only_with_trigger' retrieved from /home/airflow/.local/lib/python3.8/site-packages/airflow/example_dags/example_latest_only_with_trigger.py
[2025-01-14T00:27:03.337+0000] {logging_mixin.py:188} INFO - [2025-01-14T00:27:03.336+0000] {dag.py:3036} INFO - Sync 1 DAGs
[2025-01-14T00:27:03.351+0000] {logging_mixin.py:188} INFO - [2025-01-14T00:27:03.351+0000] {dag.py:3823} INFO - Setting next_dagrun for latest_only_with_trigger to 2025-01-13 20:00:00+00:00, run_after=2025-01-14 00:00:00+00:00
[2025-01-14T00:27:03.365+0000] {processor.py:183} INFO - Processing /home/airflow/.local/lib/python3.8/site-packages/airflow/example_dags/example_latest_only_with_trigger.py took 0.051 seconds
[2025-01-14T00:27:34.074+0000] {processor.py:161} INFO - Started process (PID=2480) to work on /home/airflow/.local/lib/python3.8/site-packages/airflow/example_dags/example_latest_only_with_trigger.py
[2025-01-14T00:27:34.075+0000] {processor.py:830} INFO - Processing file /home/airflow/.local/lib/python3.8/site-packages/airflow/example_dags/example_latest_only_with_trigger.py for tasks to queue
[2025-01-14T00:27:34.076+0000] {logging_mixin.py:188} INFO - [2025-01-14T00:27:34.076+0000] {dagbag.py:538} INFO - Filling up the DagBag from /home/airflow/.local/lib/python3.8/site-packages/airflow/example_dags/example_latest_only_with_trigger.py
[2025-01-14T00:27:34.080+0000] {processor.py:840} INFO - DAG(s) 'latest_only_with_trigger' retrieved from /home/airflow/.local/lib/python3.8/site-packages/airflow/example_dags/example_latest_only_with_trigger.py
[2025-01-14T00:27:34.095+0000] {logging_mixin.py:188} INFO - [2025-01-14T00:27:34.094+0000] {dag.py:3036} INFO - Sync 1 DAGs
[2025-01-14T00:27:34.111+0000] {logging_mixin.py:188} INFO - [2025-01-14T00:27:34.111+0000] {dag.py:3823} INFO - Setting next_dagrun for latest_only_with_trigger to 2025-01-13 20:00:00+00:00, run_after=2025-01-14 00:00:00+00:00
[2025-01-14T00:27:34.125+0000] {processor.py:183} INFO - Processing /home/airflow/.local/lib/python3.8/site-packages/airflow/example_dags/example_latest_only_with_trigger.py took 0.053 seconds
