[2025-01-14T00:00:09.270+0000] {processor.py:161} INFO - Started process (PID=10572) to work on /home/airflow/.local/lib/python3.8/site-packages/airflow/example_dags/example_time_delta_sensor_async.py
[2025-01-14T00:00:09.270+0000] {processor.py:830} INFO - Processing file /home/airflow/.local/lib/python3.8/site-packages/airflow/example_dags/example_time_delta_sensor_async.py for tasks to queue
[2025-01-14T00:00:09.271+0000] {logging_mixin.py:188} INFO - [2025-01-14T00:00:09.271+0000] {dagbag.py:538} INFO - Filling up the DagBag from /home/airflow/.local/lib/python3.8/site-packages/airflow/example_dags/example_time_delta_sensor_async.py
[2025-01-14T00:00:09.274+0000] {processor.py:840} INFO - DAG(s) 'example_time_delta_sensor_async' retrieved from /home/airflow/.local/lib/python3.8/site-packages/airflow/example_dags/example_time_delta_sensor_async.py
[2025-01-14T00:00:09.287+0000] {logging_mixin.py:188} INFO - [2025-01-14T00:00:09.287+0000] {dag.py:3036} INFO - Sync 1 DAGs
[2025-01-14T00:00:09.294+0000] {logging_mixin.py:188} INFO - [2025-01-14T00:00:09.294+0000] {dag.py:3823} INFO - Setting next_dagrun for example_time_delta_sensor_async to None, run_after=None
[2025-01-14T00:00:09.306+0000] {processor.py:183} INFO - Processing /home/airflow/.local/lib/python3.8/site-packages/airflow/example_dags/example_time_delta_sensor_async.py took 0.039 seconds
[2025-01-14T00:00:40.289+0000] {processor.py:161} INFO - Started process (PID=10630) to work on /home/airflow/.local/lib/python3.8/site-packages/airflow/example_dags/example_time_delta_sensor_async.py
[2025-01-14T00:00:40.289+0000] {processor.py:830} INFO - Processing file /home/airflow/.local/lib/python3.8/site-packages/airflow/example_dags/example_time_delta_sensor_async.py for tasks to queue
[2025-01-14T00:00:40.290+0000] {logging_mixin.py:188} INFO - [2025-01-14T00:00:40.290+0000] {dagbag.py:538} INFO - Filling up the DagBag from /home/airflow/.local/lib/python3.8/site-packages/airflow/example_dags/example_time_delta_sensor_async.py
[2025-01-14T00:00:40.293+0000] {processor.py:840} INFO - DAG(s) 'example_time_delta_sensor_async' retrieved from /home/airflow/.local/lib/python3.8/site-packages/airflow/example_dags/example_time_delta_sensor_async.py
[2025-01-14T00:00:40.307+0000] {logging_mixin.py:188} INFO - [2025-01-14T00:00:40.307+0000] {dag.py:3036} INFO - Sync 1 DAGs
[2025-01-14T00:00:40.315+0000] {logging_mixin.py:188} INFO - [2025-01-14T00:00:40.315+0000] {dag.py:3823} INFO - Setting next_dagrun for example_time_delta_sensor_async to None, run_after=None
[2025-01-14T00:00:40.329+0000] {processor.py:183} INFO - Processing /home/airflow/.local/lib/python3.8/site-packages/airflow/example_dags/example_time_delta_sensor_async.py took 0.042 seconds
[2025-01-14T00:01:10.383+0000] {processor.py:161} INFO - Started process (PID=10688) to work on /home/airflow/.local/lib/python3.8/site-packages/airflow/example_dags/example_time_delta_sensor_async.py
[2025-01-14T00:01:10.384+0000] {processor.py:830} INFO - Processing file /home/airflow/.local/lib/python3.8/site-packages/airflow/example_dags/example_time_delta_sensor_async.py for tasks to queue
[2025-01-14T00:01:10.385+0000] {logging_mixin.py:188} INFO - [2025-01-14T00:01:10.384+0000] {dagbag.py:538} INFO - Filling up the DagBag from /home/airflow/.local/lib/python3.8/site-packages/airflow/example_dags/example_time_delta_sensor_async.py
[2025-01-14T00:01:10.387+0000] {processor.py:840} INFO - DAG(s) 'example_time_delta_sensor_async' retrieved from /home/airflow/.local/lib/python3.8/site-packages/airflow/example_dags/example_time_delta_sensor_async.py
[2025-01-14T00:01:10.400+0000] {logging_mixin.py:188} INFO - [2025-01-14T00:01:10.400+0000] {dag.py:3036} INFO - Sync 1 DAGs
[2025-01-14T00:01:10.408+0000] {logging_mixin.py:188} INFO - [2025-01-14T00:01:10.407+0000] {dag.py:3823} INFO - Setting next_dagrun for example_time_delta_sensor_async to None, run_after=None
[2025-01-14T00:01:10.419+0000] {processor.py:183} INFO - Processing /home/airflow/.local/lib/python3.8/site-packages/airflow/example_dags/example_time_delta_sensor_async.py took 0.038 seconds
[2025-01-14T00:01:40.458+0000] {processor.py:161} INFO - Started process (PID=10747) to work on /home/airflow/.local/lib/python3.8/site-packages/airflow/example_dags/example_time_delta_sensor_async.py
[2025-01-14T00:01:40.458+0000] {processor.py:830} INFO - Processing file /home/airflow/.local/lib/python3.8/site-packages/airflow/example_dags/example_time_delta_sensor_async.py for tasks to queue
[2025-01-14T00:01:40.459+0000] {logging_mixin.py:188} INFO - [2025-01-14T00:01:40.458+0000] {dagbag.py:538} INFO - Filling up the DagBag from /home/airflow/.local/lib/python3.8/site-packages/airflow/example_dags/example_time_delta_sensor_async.py
[2025-01-14T00:01:40.461+0000] {processor.py:840} INFO - DAG(s) 'example_time_delta_sensor_async' retrieved from /home/airflow/.local/lib/python3.8/site-packages/airflow/example_dags/example_time_delta_sensor_async.py
[2025-01-14T00:01:40.474+0000] {logging_mixin.py:188} INFO - [2025-01-14T00:01:40.474+0000] {dag.py:3036} INFO - Sync 1 DAGs
[2025-01-14T00:01:40.481+0000] {logging_mixin.py:188} INFO - [2025-01-14T00:01:40.481+0000] {dag.py:3823} INFO - Setting next_dagrun for example_time_delta_sensor_async to None, run_after=None
[2025-01-14T00:01:40.493+0000] {processor.py:183} INFO - Processing /home/airflow/.local/lib/python3.8/site-packages/airflow/example_dags/example_time_delta_sensor_async.py took 0.038 seconds
[2025-01-14T00:02:11.338+0000] {processor.py:161} INFO - Started process (PID=10806) to work on /home/airflow/.local/lib/python3.8/site-packages/airflow/example_dags/example_time_delta_sensor_async.py
[2025-01-14T00:02:11.339+0000] {processor.py:830} INFO - Processing file /home/airflow/.local/lib/python3.8/site-packages/airflow/example_dags/example_time_delta_sensor_async.py for tasks to queue
[2025-01-14T00:02:11.340+0000] {logging_mixin.py:188} INFO - [2025-01-14T00:02:11.340+0000] {dagbag.py:538} INFO - Filling up the DagBag from /home/airflow/.local/lib/python3.8/site-packages/airflow/example_dags/example_time_delta_sensor_async.py
[2025-01-14T00:02:11.344+0000] {processor.py:840} INFO - DAG(s) 'example_time_delta_sensor_async' retrieved from /home/airflow/.local/lib/python3.8/site-packages/airflow/example_dags/example_time_delta_sensor_async.py
[2025-01-14T00:02:11.362+0000] {logging_mixin.py:188} INFO - [2025-01-14T00:02:11.362+0000] {dag.py:3036} INFO - Sync 1 DAGs
[2025-01-14T00:02:11.375+0000] {logging_mixin.py:188} INFO - [2025-01-14T00:02:11.375+0000] {dag.py:3823} INFO - Setting next_dagrun for example_time_delta_sensor_async to None, run_after=None
[2025-01-14T00:02:11.394+0000] {processor.py:183} INFO - Processing /home/airflow/.local/lib/python3.8/site-packages/airflow/example_dags/example_time_delta_sensor_async.py took 0.058 seconds
[2025-01-14T00:02:42.267+0000] {processor.py:161} INFO - Started process (PID=10865) to work on /home/airflow/.local/lib/python3.8/site-packages/airflow/example_dags/example_time_delta_sensor_async.py
[2025-01-14T00:02:42.268+0000] {processor.py:830} INFO - Processing file /home/airflow/.local/lib/python3.8/site-packages/airflow/example_dags/example_time_delta_sensor_async.py for tasks to queue
[2025-01-14T00:02:42.268+0000] {logging_mixin.py:188} INFO - [2025-01-14T00:02:42.268+0000] {dagbag.py:538} INFO - Filling up the DagBag from /home/airflow/.local/lib/python3.8/site-packages/airflow/example_dags/example_time_delta_sensor_async.py
[2025-01-14T00:02:42.271+0000] {processor.py:840} INFO - DAG(s) 'example_time_delta_sensor_async' retrieved from /home/airflow/.local/lib/python3.8/site-packages/airflow/example_dags/example_time_delta_sensor_async.py
[2025-01-14T00:02:42.285+0000] {logging_mixin.py:188} INFO - [2025-01-14T00:02:42.285+0000] {dag.py:3036} INFO - Sync 1 DAGs
[2025-01-14T00:02:42.293+0000] {logging_mixin.py:188} INFO - [2025-01-14T00:02:42.293+0000] {dag.py:3823} INFO - Setting next_dagrun for example_time_delta_sensor_async to None, run_after=None
[2025-01-14T00:02:42.305+0000] {processor.py:183} INFO - Processing /home/airflow/.local/lib/python3.8/site-packages/airflow/example_dags/example_time_delta_sensor_async.py took 0.041 seconds
[2025-01-14T00:03:12.528+0000] {processor.py:161} INFO - Started process (PID=10924) to work on /home/airflow/.local/lib/python3.8/site-packages/airflow/example_dags/example_time_delta_sensor_async.py
[2025-01-14T00:03:12.529+0000] {processor.py:830} INFO - Processing file /home/airflow/.local/lib/python3.8/site-packages/airflow/example_dags/example_time_delta_sensor_async.py for tasks to queue
[2025-01-14T00:03:12.530+0000] {logging_mixin.py:188} INFO - [2025-01-14T00:03:12.530+0000] {dagbag.py:538} INFO - Filling up the DagBag from /home/airflow/.local/lib/python3.8/site-packages/airflow/example_dags/example_time_delta_sensor_async.py
[2025-01-14T00:03:12.533+0000] {processor.py:840} INFO - DAG(s) 'example_time_delta_sensor_async' retrieved from /home/airflow/.local/lib/python3.8/site-packages/airflow/example_dags/example_time_delta_sensor_async.py
[2025-01-14T00:03:12.547+0000] {logging_mixin.py:188} INFO - [2025-01-14T00:03:12.547+0000] {dag.py:3036} INFO - Sync 1 DAGs
[2025-01-14T00:03:12.554+0000] {logging_mixin.py:188} INFO - [2025-01-14T00:03:12.554+0000] {dag.py:3823} INFO - Setting next_dagrun for example_time_delta_sensor_async to None, run_after=None
[2025-01-14T00:03:12.567+0000] {processor.py:183} INFO - Processing /home/airflow/.local/lib/python3.8/site-packages/airflow/example_dags/example_time_delta_sensor_async.py took 0.041 seconds
[2025-01-14T00:03:42.677+0000] {processor.py:161} INFO - Started process (PID=10983) to work on /home/airflow/.local/lib/python3.8/site-packages/airflow/example_dags/example_time_delta_sensor_async.py
[2025-01-14T00:03:42.679+0000] {processor.py:830} INFO - Processing file /home/airflow/.local/lib/python3.8/site-packages/airflow/example_dags/example_time_delta_sensor_async.py for tasks to queue
[2025-01-14T00:03:42.679+0000] {logging_mixin.py:188} INFO - [2025-01-14T00:03:42.679+0000] {dagbag.py:538} INFO - Filling up the DagBag from /home/airflow/.local/lib/python3.8/site-packages/airflow/example_dags/example_time_delta_sensor_async.py
[2025-01-14T00:03:42.682+0000] {processor.py:840} INFO - DAG(s) 'example_time_delta_sensor_async' retrieved from /home/airflow/.local/lib/python3.8/site-packages/airflow/example_dags/example_time_delta_sensor_async.py
[2025-01-14T00:03:42.695+0000] {logging_mixin.py:188} INFO - [2025-01-14T00:03:42.695+0000] {dag.py:3036} INFO - Sync 1 DAGs
[2025-01-14T00:03:42.702+0000] {logging_mixin.py:188} INFO - [2025-01-14T00:03:42.702+0000] {dag.py:3823} INFO - Setting next_dagrun for example_time_delta_sensor_async to None, run_after=None
[2025-01-14T00:03:42.714+0000] {processor.py:183} INFO - Processing /home/airflow/.local/lib/python3.8/site-packages/airflow/example_dags/example_time_delta_sensor_async.py took 0.039 seconds
[2025-01-14T00:04:13.609+0000] {processor.py:161} INFO - Started process (PID=11042) to work on /home/airflow/.local/lib/python3.8/site-packages/airflow/example_dags/example_time_delta_sensor_async.py
[2025-01-14T00:04:13.610+0000] {processor.py:830} INFO - Processing file /home/airflow/.local/lib/python3.8/site-packages/airflow/example_dags/example_time_delta_sensor_async.py for tasks to queue
[2025-01-14T00:04:13.611+0000] {logging_mixin.py:188} INFO - [2025-01-14T00:04:13.611+0000] {dagbag.py:538} INFO - Filling up the DagBag from /home/airflow/.local/lib/python3.8/site-packages/airflow/example_dags/example_time_delta_sensor_async.py
[2025-01-14T00:04:13.615+0000] {processor.py:840} INFO - DAG(s) 'example_time_delta_sensor_async' retrieved from /home/airflow/.local/lib/python3.8/site-packages/airflow/example_dags/example_time_delta_sensor_async.py
[2025-01-14T00:04:13.636+0000] {logging_mixin.py:188} INFO - [2025-01-14T00:04:13.635+0000] {dag.py:3036} INFO - Sync 1 DAGs
[2025-01-14T00:04:13.650+0000] {logging_mixin.py:188} INFO - [2025-01-14T00:04:13.649+0000] {dag.py:3823} INFO - Setting next_dagrun for example_time_delta_sensor_async to None, run_after=None
[2025-01-14T00:04:13.666+0000] {processor.py:183} INFO - Processing /home/airflow/.local/lib/python3.8/site-packages/airflow/example_dags/example_time_delta_sensor_async.py took 0.060 seconds
[2025-01-14T00:04:43.981+0000] {processor.py:161} INFO - Started process (PID=11101) to work on /home/airflow/.local/lib/python3.8/site-packages/airflow/example_dags/example_time_delta_sensor_async.py
[2025-01-14T00:04:43.982+0000] {processor.py:830} INFO - Processing file /home/airflow/.local/lib/python3.8/site-packages/airflow/example_dags/example_time_delta_sensor_async.py for tasks to queue
[2025-01-14T00:04:43.983+0000] {logging_mixin.py:188} INFO - [2025-01-14T00:04:43.983+0000] {dagbag.py:538} INFO - Filling up the DagBag from /home/airflow/.local/lib/python3.8/site-packages/airflow/example_dags/example_time_delta_sensor_async.py
[2025-01-14T00:04:43.986+0000] {processor.py:840} INFO - DAG(s) 'example_time_delta_sensor_async' retrieved from /home/airflow/.local/lib/python3.8/site-packages/airflow/example_dags/example_time_delta_sensor_async.py
[2025-01-14T00:04:43.999+0000] {logging_mixin.py:188} INFO - [2025-01-14T00:04:43.999+0000] {dag.py:3036} INFO - Sync 1 DAGs
[2025-01-14T00:04:44.006+0000] {logging_mixin.py:188} INFO - [2025-01-14T00:04:44.006+0000] {dag.py:3823} INFO - Setting next_dagrun for example_time_delta_sensor_async to None, run_after=None
[2025-01-14T00:04:44.046+0000] {processor.py:183} INFO - Processing /home/airflow/.local/lib/python3.8/site-packages/airflow/example_dags/example_time_delta_sensor_async.py took 0.066 seconds
[2025-01-14T00:05:14.986+0000] {processor.py:161} INFO - Started process (PID=11160) to work on /home/airflow/.local/lib/python3.8/site-packages/airflow/example_dags/example_time_delta_sensor_async.py
[2025-01-14T00:05:14.987+0000] {processor.py:830} INFO - Processing file /home/airflow/.local/lib/python3.8/site-packages/airflow/example_dags/example_time_delta_sensor_async.py for tasks to queue
[2025-01-14T00:05:14.987+0000] {logging_mixin.py:188} INFO - [2025-01-14T00:05:14.987+0000] {dagbag.py:538} INFO - Filling up the DagBag from /home/airflow/.local/lib/python3.8/site-packages/airflow/example_dags/example_time_delta_sensor_async.py
[2025-01-14T00:05:14.992+0000] {processor.py:840} INFO - DAG(s) 'example_time_delta_sensor_async' retrieved from /home/airflow/.local/lib/python3.8/site-packages/airflow/example_dags/example_time_delta_sensor_async.py
[2025-01-14T00:05:15.014+0000] {logging_mixin.py:188} INFO - [2025-01-14T00:05:15.014+0000] {dag.py:3036} INFO - Sync 1 DAGs
[2025-01-14T00:05:15.024+0000] {logging_mixin.py:188} INFO - [2025-01-14T00:05:15.024+0000] {dag.py:3823} INFO - Setting next_dagrun for example_time_delta_sensor_async to None, run_after=None
[2025-01-14T00:05:15.041+0000] {processor.py:183} INFO - Processing /home/airflow/.local/lib/python3.8/site-packages/airflow/example_dags/example_time_delta_sensor_async.py took 0.059 seconds
[2025-01-14T00:06:23.425+0000] {processor.py:161} INFO - Started process (PID=47) to work on /home/airflow/.local/lib/python3.8/site-packages/airflow/example_dags/example_time_delta_sensor_async.py
[2025-01-14T00:06:23.426+0000] {processor.py:830} INFO - Processing file /home/airflow/.local/lib/python3.8/site-packages/airflow/example_dags/example_time_delta_sensor_async.py for tasks to queue
[2025-01-14T00:06:23.427+0000] {logging_mixin.py:188} INFO - [2025-01-14T00:06:23.427+0000] {dagbag.py:538} INFO - Filling up the DagBag from /home/airflow/.local/lib/python3.8/site-packages/airflow/example_dags/example_time_delta_sensor_async.py
[2025-01-14T00:06:23.432+0000] {processor.py:840} INFO - DAG(s) 'example_time_delta_sensor_async' retrieved from /home/airflow/.local/lib/python3.8/site-packages/airflow/example_dags/example_time_delta_sensor_async.py
[2025-01-14T00:06:23.442+0000] {logging_mixin.py:188} INFO - [2025-01-14T00:06:23.442+0000] {dag.py:3036} INFO - Sync 1 DAGs
[2025-01-14T00:06:23.455+0000] {logging_mixin.py:188} INFO - [2025-01-14T00:06:23.454+0000] {dag.py:3823} INFO - Setting next_dagrun for example_time_delta_sensor_async to None, run_after=None
[2025-01-14T00:06:23.472+0000] {processor.py:183} INFO - Processing /home/airflow/.local/lib/python3.8/site-packages/airflow/example_dags/example_time_delta_sensor_async.py took 0.048 seconds
[2025-01-14T00:06:53.626+0000] {processor.py:161} INFO - Started process (PID=103) to work on /home/airflow/.local/lib/python3.8/site-packages/airflow/example_dags/example_time_delta_sensor_async.py
[2025-01-14T00:06:53.627+0000] {processor.py:830} INFO - Processing file /home/airflow/.local/lib/python3.8/site-packages/airflow/example_dags/example_time_delta_sensor_async.py for tasks to queue
[2025-01-14T00:06:53.628+0000] {logging_mixin.py:188} INFO - [2025-01-14T00:06:53.628+0000] {dagbag.py:538} INFO - Filling up the DagBag from /home/airflow/.local/lib/python3.8/site-packages/airflow/example_dags/example_time_delta_sensor_async.py
[2025-01-14T00:06:53.631+0000] {processor.py:840} INFO - DAG(s) 'example_time_delta_sensor_async' retrieved from /home/airflow/.local/lib/python3.8/site-packages/airflow/example_dags/example_time_delta_sensor_async.py
[2025-01-14T00:06:53.692+0000] {logging_mixin.py:188} INFO - [2025-01-14T00:06:53.692+0000] {dag.py:3036} INFO - Sync 1 DAGs
[2025-01-14T00:06:53.698+0000] {logging_mixin.py:188} INFO - [2025-01-14T00:06:53.698+0000] {dag.py:3823} INFO - Setting next_dagrun for example_time_delta_sensor_async to None, run_after=None
[2025-01-14T00:06:53.711+0000] {processor.py:183} INFO - Processing /home/airflow/.local/lib/python3.8/site-packages/airflow/example_dags/example_time_delta_sensor_async.py took 0.086 seconds
[2025-01-14T00:07:23.873+0000] {processor.py:161} INFO - Started process (PID=161) to work on /home/airflow/.local/lib/python3.8/site-packages/airflow/example_dags/example_time_delta_sensor_async.py
[2025-01-14T00:07:23.875+0000] {processor.py:830} INFO - Processing file /home/airflow/.local/lib/python3.8/site-packages/airflow/example_dags/example_time_delta_sensor_async.py for tasks to queue
[2025-01-14T00:07:23.876+0000] {logging_mixin.py:188} INFO - [2025-01-14T00:07:23.875+0000] {dagbag.py:538} INFO - Filling up the DagBag from /home/airflow/.local/lib/python3.8/site-packages/airflow/example_dags/example_time_delta_sensor_async.py
[2025-01-14T00:07:23.878+0000] {processor.py:840} INFO - DAG(s) 'example_time_delta_sensor_async' retrieved from /home/airflow/.local/lib/python3.8/site-packages/airflow/example_dags/example_time_delta_sensor_async.py
[2025-01-14T00:07:23.891+0000] {logging_mixin.py:188} INFO - [2025-01-14T00:07:23.891+0000] {dag.py:3036} INFO - Sync 1 DAGs
[2025-01-14T00:07:23.899+0000] {logging_mixin.py:188} INFO - [2025-01-14T00:07:23.899+0000] {dag.py:3823} INFO - Setting next_dagrun for example_time_delta_sensor_async to None, run_after=None
[2025-01-14T00:07:23.912+0000] {processor.py:183} INFO - Processing /home/airflow/.local/lib/python3.8/site-packages/airflow/example_dags/example_time_delta_sensor_async.py took 0.041 seconds
[2025-01-14T00:07:54.177+0000] {processor.py:161} INFO - Started process (PID=220) to work on /home/airflow/.local/lib/python3.8/site-packages/airflow/example_dags/example_time_delta_sensor_async.py
[2025-01-14T00:07:54.178+0000] {processor.py:830} INFO - Processing file /home/airflow/.local/lib/python3.8/site-packages/airflow/example_dags/example_time_delta_sensor_async.py for tasks to queue
[2025-01-14T00:07:54.179+0000] {logging_mixin.py:188} INFO - [2025-01-14T00:07:54.179+0000] {dagbag.py:538} INFO - Filling up the DagBag from /home/airflow/.local/lib/python3.8/site-packages/airflow/example_dags/example_time_delta_sensor_async.py
[2025-01-14T00:07:54.182+0000] {processor.py:840} INFO - DAG(s) 'example_time_delta_sensor_async' retrieved from /home/airflow/.local/lib/python3.8/site-packages/airflow/example_dags/example_time_delta_sensor_async.py
[2025-01-14T00:07:54.195+0000] {logging_mixin.py:188} INFO - [2025-01-14T00:07:54.194+0000] {dag.py:3036} INFO - Sync 1 DAGs
[2025-01-14T00:07:54.202+0000] {logging_mixin.py:188} INFO - [2025-01-14T00:07:54.202+0000] {dag.py:3823} INFO - Setting next_dagrun for example_time_delta_sensor_async to None, run_after=None
[2025-01-14T00:07:54.214+0000] {processor.py:183} INFO - Processing /home/airflow/.local/lib/python3.8/site-packages/airflow/example_dags/example_time_delta_sensor_async.py took 0.039 seconds
[2025-01-14T00:08:24.476+0000] {processor.py:161} INFO - Started process (PID=279) to work on /home/airflow/.local/lib/python3.8/site-packages/airflow/example_dags/example_time_delta_sensor_async.py
[2025-01-14T00:08:24.477+0000] {processor.py:830} INFO - Processing file /home/airflow/.local/lib/python3.8/site-packages/airflow/example_dags/example_time_delta_sensor_async.py for tasks to queue
[2025-01-14T00:08:24.478+0000] {logging_mixin.py:188} INFO - [2025-01-14T00:08:24.478+0000] {dagbag.py:538} INFO - Filling up the DagBag from /home/airflow/.local/lib/python3.8/site-packages/airflow/example_dags/example_time_delta_sensor_async.py
[2025-01-14T00:08:24.481+0000] {processor.py:840} INFO - DAG(s) 'example_time_delta_sensor_async' retrieved from /home/airflow/.local/lib/python3.8/site-packages/airflow/example_dags/example_time_delta_sensor_async.py
[2025-01-14T00:08:24.496+0000] {logging_mixin.py:188} INFO - [2025-01-14T00:08:24.496+0000] {dag.py:3036} INFO - Sync 1 DAGs
[2025-01-14T00:08:24.504+0000] {logging_mixin.py:188} INFO - [2025-01-14T00:08:24.504+0000] {dag.py:3823} INFO - Setting next_dagrun for example_time_delta_sensor_async to None, run_after=None
[2025-01-14T00:08:24.516+0000] {processor.py:183} INFO - Processing /home/airflow/.local/lib/python3.8/site-packages/airflow/example_dags/example_time_delta_sensor_async.py took 0.043 seconds
[2025-01-14T00:08:54.758+0000] {processor.py:161} INFO - Started process (PID=338) to work on /home/airflow/.local/lib/python3.8/site-packages/airflow/example_dags/example_time_delta_sensor_async.py
[2025-01-14T00:08:54.759+0000] {processor.py:830} INFO - Processing file /home/airflow/.local/lib/python3.8/site-packages/airflow/example_dags/example_time_delta_sensor_async.py for tasks to queue
[2025-01-14T00:08:54.760+0000] {logging_mixin.py:188} INFO - [2025-01-14T00:08:54.760+0000] {dagbag.py:538} INFO - Filling up the DagBag from /home/airflow/.local/lib/python3.8/site-packages/airflow/example_dags/example_time_delta_sensor_async.py
[2025-01-14T00:08:54.764+0000] {processor.py:840} INFO - DAG(s) 'example_time_delta_sensor_async' retrieved from /home/airflow/.local/lib/python3.8/site-packages/airflow/example_dags/example_time_delta_sensor_async.py
[2025-01-14T00:08:54.778+0000] {logging_mixin.py:188} INFO - [2025-01-14T00:08:54.778+0000] {dag.py:3036} INFO - Sync 1 DAGs
[2025-01-14T00:08:54.786+0000] {logging_mixin.py:188} INFO - [2025-01-14T00:08:54.785+0000] {dag.py:3823} INFO - Setting next_dagrun for example_time_delta_sensor_async to None, run_after=None
[2025-01-14T00:08:54.799+0000] {processor.py:183} INFO - Processing /home/airflow/.local/lib/python3.8/site-packages/airflow/example_dags/example_time_delta_sensor_async.py took 0.042 seconds
[2025-01-14T00:09:25.093+0000] {processor.py:161} INFO - Started process (PID=397) to work on /home/airflow/.local/lib/python3.8/site-packages/airflow/example_dags/example_time_delta_sensor_async.py
[2025-01-14T00:09:25.094+0000] {processor.py:830} INFO - Processing file /home/airflow/.local/lib/python3.8/site-packages/airflow/example_dags/example_time_delta_sensor_async.py for tasks to queue
[2025-01-14T00:09:25.095+0000] {logging_mixin.py:188} INFO - [2025-01-14T00:09:25.095+0000] {dagbag.py:538} INFO - Filling up the DagBag from /home/airflow/.local/lib/python3.8/site-packages/airflow/example_dags/example_time_delta_sensor_async.py
[2025-01-14T00:09:25.098+0000] {processor.py:840} INFO - DAG(s) 'example_time_delta_sensor_async' retrieved from /home/airflow/.local/lib/python3.8/site-packages/airflow/example_dags/example_time_delta_sensor_async.py
[2025-01-14T00:09:25.112+0000] {logging_mixin.py:188} INFO - [2025-01-14T00:09:25.112+0000] {dag.py:3036} INFO - Sync 1 DAGs
[2025-01-14T00:09:25.119+0000] {logging_mixin.py:188} INFO - [2025-01-14T00:09:25.119+0000] {dag.py:3823} INFO - Setting next_dagrun for example_time_delta_sensor_async to None, run_after=None
[2025-01-14T00:09:25.133+0000] {processor.py:183} INFO - Processing /home/airflow/.local/lib/python3.8/site-packages/airflow/example_dags/example_time_delta_sensor_async.py took 0.042 seconds
[2025-01-14T00:09:55.352+0000] {processor.py:161} INFO - Started process (PID=456) to work on /home/airflow/.local/lib/python3.8/site-packages/airflow/example_dags/example_time_delta_sensor_async.py
[2025-01-14T00:09:55.354+0000] {processor.py:830} INFO - Processing file /home/airflow/.local/lib/python3.8/site-packages/airflow/example_dags/example_time_delta_sensor_async.py for tasks to queue
[2025-01-14T00:09:55.355+0000] {logging_mixin.py:188} INFO - [2025-01-14T00:09:55.355+0000] {dagbag.py:538} INFO - Filling up the DagBag from /home/airflow/.local/lib/python3.8/site-packages/airflow/example_dags/example_time_delta_sensor_async.py
[2025-01-14T00:09:55.358+0000] {processor.py:840} INFO - DAG(s) 'example_time_delta_sensor_async' retrieved from /home/airflow/.local/lib/python3.8/site-packages/airflow/example_dags/example_time_delta_sensor_async.py
[2025-01-14T00:09:55.371+0000] {logging_mixin.py:188} INFO - [2025-01-14T00:09:55.371+0000] {dag.py:3036} INFO - Sync 1 DAGs
[2025-01-14T00:09:55.378+0000] {logging_mixin.py:188} INFO - [2025-01-14T00:09:55.378+0000] {dag.py:3823} INFO - Setting next_dagrun for example_time_delta_sensor_async to None, run_after=None
[2025-01-14T00:09:55.391+0000] {processor.py:183} INFO - Processing /home/airflow/.local/lib/python3.8/site-packages/airflow/example_dags/example_time_delta_sensor_async.py took 0.041 seconds
[2025-01-14T00:10:25.615+0000] {processor.py:161} INFO - Started process (PID=515) to work on /home/airflow/.local/lib/python3.8/site-packages/airflow/example_dags/example_time_delta_sensor_async.py
[2025-01-14T00:10:25.616+0000] {processor.py:830} INFO - Processing file /home/airflow/.local/lib/python3.8/site-packages/airflow/example_dags/example_time_delta_sensor_async.py for tasks to queue
[2025-01-14T00:10:25.617+0000] {logging_mixin.py:188} INFO - [2025-01-14T00:10:25.617+0000] {dagbag.py:538} INFO - Filling up the DagBag from /home/airflow/.local/lib/python3.8/site-packages/airflow/example_dags/example_time_delta_sensor_async.py
[2025-01-14T00:10:25.620+0000] {processor.py:840} INFO - DAG(s) 'example_time_delta_sensor_async' retrieved from /home/airflow/.local/lib/python3.8/site-packages/airflow/example_dags/example_time_delta_sensor_async.py
[2025-01-14T00:10:25.634+0000] {logging_mixin.py:188} INFO - [2025-01-14T00:10:25.633+0000] {dag.py:3036} INFO - Sync 1 DAGs
[2025-01-14T00:10:25.642+0000] {logging_mixin.py:188} INFO - [2025-01-14T00:10:25.642+0000] {dag.py:3823} INFO - Setting next_dagrun for example_time_delta_sensor_async to None, run_after=None
[2025-01-14T00:10:25.655+0000] {processor.py:183} INFO - Processing /home/airflow/.local/lib/python3.8/site-packages/airflow/example_dags/example_time_delta_sensor_async.py took 0.042 seconds
[2025-01-14T00:10:55.681+0000] {processor.py:161} INFO - Started process (PID=574) to work on /home/airflow/.local/lib/python3.8/site-packages/airflow/example_dags/example_time_delta_sensor_async.py
[2025-01-14T00:10:55.682+0000] {processor.py:830} INFO - Processing file /home/airflow/.local/lib/python3.8/site-packages/airflow/example_dags/example_time_delta_sensor_async.py for tasks to queue
[2025-01-14T00:10:55.683+0000] {logging_mixin.py:188} INFO - [2025-01-14T00:10:55.683+0000] {dagbag.py:538} INFO - Filling up the DagBag from /home/airflow/.local/lib/python3.8/site-packages/airflow/example_dags/example_time_delta_sensor_async.py
[2025-01-14T00:10:55.686+0000] {processor.py:840} INFO - DAG(s) 'example_time_delta_sensor_async' retrieved from /home/airflow/.local/lib/python3.8/site-packages/airflow/example_dags/example_time_delta_sensor_async.py
[2025-01-14T00:10:55.699+0000] {logging_mixin.py:188} INFO - [2025-01-14T00:10:55.699+0000] {dag.py:3036} INFO - Sync 1 DAGs
[2025-01-14T00:10:55.707+0000] {logging_mixin.py:188} INFO - [2025-01-14T00:10:55.707+0000] {dag.py:3823} INFO - Setting next_dagrun for example_time_delta_sensor_async to None, run_after=None
[2025-01-14T00:10:55.720+0000] {processor.py:183} INFO - Processing /home/airflow/.local/lib/python3.8/site-packages/airflow/example_dags/example_time_delta_sensor_async.py took 0.042 seconds
[2025-01-14T00:11:25.943+0000] {processor.py:161} INFO - Started process (PID=633) to work on /home/airflow/.local/lib/python3.8/site-packages/airflow/example_dags/example_time_delta_sensor_async.py
[2025-01-14T00:11:25.944+0000] {processor.py:830} INFO - Processing file /home/airflow/.local/lib/python3.8/site-packages/airflow/example_dags/example_time_delta_sensor_async.py for tasks to queue
[2025-01-14T00:11:25.945+0000] {logging_mixin.py:188} INFO - [2025-01-14T00:11:25.945+0000] {dagbag.py:538} INFO - Filling up the DagBag from /home/airflow/.local/lib/python3.8/site-packages/airflow/example_dags/example_time_delta_sensor_async.py
[2025-01-14T00:11:25.948+0000] {processor.py:840} INFO - DAG(s) 'example_time_delta_sensor_async' retrieved from /home/airflow/.local/lib/python3.8/site-packages/airflow/example_dags/example_time_delta_sensor_async.py
[2025-01-14T00:11:25.961+0000] {logging_mixin.py:188} INFO - [2025-01-14T00:11:25.961+0000] {dag.py:3036} INFO - Sync 1 DAGs
[2025-01-14T00:11:25.968+0000] {logging_mixin.py:188} INFO - [2025-01-14T00:11:25.968+0000] {dag.py:3823} INFO - Setting next_dagrun for example_time_delta_sensor_async to None, run_after=None
[2025-01-14T00:11:25.980+0000] {processor.py:183} INFO - Processing /home/airflow/.local/lib/python3.8/site-packages/airflow/example_dags/example_time_delta_sensor_async.py took 0.039 seconds
[2025-01-14T00:11:56.185+0000] {processor.py:161} INFO - Started process (PID=692) to work on /home/airflow/.local/lib/python3.8/site-packages/airflow/example_dags/example_time_delta_sensor_async.py
[2025-01-14T00:11:56.185+0000] {processor.py:830} INFO - Processing file /home/airflow/.local/lib/python3.8/site-packages/airflow/example_dags/example_time_delta_sensor_async.py for tasks to queue
[2025-01-14T00:11:56.187+0000] {logging_mixin.py:188} INFO - [2025-01-14T00:11:56.187+0000] {dagbag.py:538} INFO - Filling up the DagBag from /home/airflow/.local/lib/python3.8/site-packages/airflow/example_dags/example_time_delta_sensor_async.py
[2025-01-14T00:11:56.190+0000] {processor.py:840} INFO - DAG(s) 'example_time_delta_sensor_async' retrieved from /home/airflow/.local/lib/python3.8/site-packages/airflow/example_dags/example_time_delta_sensor_async.py
[2025-01-14T00:11:56.205+0000] {logging_mixin.py:188} INFO - [2025-01-14T00:11:56.205+0000] {dag.py:3036} INFO - Sync 1 DAGs
[2025-01-14T00:11:56.213+0000] {logging_mixin.py:188} INFO - [2025-01-14T00:11:56.213+0000] {dag.py:3823} INFO - Setting next_dagrun for example_time_delta_sensor_async to None, run_after=None
[2025-01-14T00:11:56.226+0000] {processor.py:183} INFO - Processing /home/airflow/.local/lib/python3.8/site-packages/airflow/example_dags/example_time_delta_sensor_async.py took 0.044 seconds
[2025-01-14T00:12:26.406+0000] {processor.py:161} INFO - Started process (PID=751) to work on /home/airflow/.local/lib/python3.8/site-packages/airflow/example_dags/example_time_delta_sensor_async.py
[2025-01-14T00:12:26.407+0000] {processor.py:830} INFO - Processing file /home/airflow/.local/lib/python3.8/site-packages/airflow/example_dags/example_time_delta_sensor_async.py for tasks to queue
[2025-01-14T00:12:26.408+0000] {logging_mixin.py:188} INFO - [2025-01-14T00:12:26.408+0000] {dagbag.py:538} INFO - Filling up the DagBag from /home/airflow/.local/lib/python3.8/site-packages/airflow/example_dags/example_time_delta_sensor_async.py
[2025-01-14T00:12:26.411+0000] {processor.py:840} INFO - DAG(s) 'example_time_delta_sensor_async' retrieved from /home/airflow/.local/lib/python3.8/site-packages/airflow/example_dags/example_time_delta_sensor_async.py
[2025-01-14T00:12:26.424+0000] {logging_mixin.py:188} INFO - [2025-01-14T00:12:26.424+0000] {dag.py:3036} INFO - Sync 1 DAGs
[2025-01-14T00:12:26.432+0000] {logging_mixin.py:188} INFO - [2025-01-14T00:12:26.432+0000] {dag.py:3823} INFO - Setting next_dagrun for example_time_delta_sensor_async to None, run_after=None
[2025-01-14T00:12:26.444+0000] {processor.py:183} INFO - Processing /home/airflow/.local/lib/python3.8/site-packages/airflow/example_dags/example_time_delta_sensor_async.py took 0.041 seconds
[2025-01-14T00:12:56.503+0000] {processor.py:161} INFO - Started process (PID=810) to work on /home/airflow/.local/lib/python3.8/site-packages/airflow/example_dags/example_time_delta_sensor_async.py
[2025-01-14T00:12:56.503+0000] {processor.py:830} INFO - Processing file /home/airflow/.local/lib/python3.8/site-packages/airflow/example_dags/example_time_delta_sensor_async.py for tasks to queue
[2025-01-14T00:12:56.504+0000] {logging_mixin.py:188} INFO - [2025-01-14T00:12:56.504+0000] {dagbag.py:538} INFO - Filling up the DagBag from /home/airflow/.local/lib/python3.8/site-packages/airflow/example_dags/example_time_delta_sensor_async.py
[2025-01-14T00:12:56.508+0000] {processor.py:840} INFO - DAG(s) 'example_time_delta_sensor_async' retrieved from /home/airflow/.local/lib/python3.8/site-packages/airflow/example_dags/example_time_delta_sensor_async.py
[2025-01-14T00:12:56.521+0000] {logging_mixin.py:188} INFO - [2025-01-14T00:12:56.521+0000] {dag.py:3036} INFO - Sync 1 DAGs
[2025-01-14T00:12:56.528+0000] {logging_mixin.py:188} INFO - [2025-01-14T00:12:56.528+0000] {dag.py:3823} INFO - Setting next_dagrun for example_time_delta_sensor_async to None, run_after=None
[2025-01-14T00:12:56.540+0000] {processor.py:183} INFO - Processing /home/airflow/.local/lib/python3.8/site-packages/airflow/example_dags/example_time_delta_sensor_async.py took 0.040 seconds
[2025-01-14T00:13:26.572+0000] {processor.py:161} INFO - Started process (PID=869) to work on /home/airflow/.local/lib/python3.8/site-packages/airflow/example_dags/example_time_delta_sensor_async.py
[2025-01-14T00:13:26.573+0000] {processor.py:830} INFO - Processing file /home/airflow/.local/lib/python3.8/site-packages/airflow/example_dags/example_time_delta_sensor_async.py for tasks to queue
[2025-01-14T00:13:26.574+0000] {logging_mixin.py:188} INFO - [2025-01-14T00:13:26.574+0000] {dagbag.py:538} INFO - Filling up the DagBag from /home/airflow/.local/lib/python3.8/site-packages/airflow/example_dags/example_time_delta_sensor_async.py
[2025-01-14T00:13:26.577+0000] {processor.py:840} INFO - DAG(s) 'example_time_delta_sensor_async' retrieved from /home/airflow/.local/lib/python3.8/site-packages/airflow/example_dags/example_time_delta_sensor_async.py
[2025-01-14T00:13:26.590+0000] {logging_mixin.py:188} INFO - [2025-01-14T00:13:26.590+0000] {dag.py:3036} INFO - Sync 1 DAGs
[2025-01-14T00:13:26.597+0000] {logging_mixin.py:188} INFO - [2025-01-14T00:13:26.597+0000] {dag.py:3823} INFO - Setting next_dagrun for example_time_delta_sensor_async to None, run_after=None
[2025-01-14T00:13:26.609+0000] {processor.py:183} INFO - Processing /home/airflow/.local/lib/python3.8/site-packages/airflow/example_dags/example_time_delta_sensor_async.py took 0.039 seconds
[2025-01-14T00:13:56.915+0000] {processor.py:161} INFO - Started process (PID=928) to work on /home/airflow/.local/lib/python3.8/site-packages/airflow/example_dags/example_time_delta_sensor_async.py
[2025-01-14T00:13:56.916+0000] {processor.py:830} INFO - Processing file /home/airflow/.local/lib/python3.8/site-packages/airflow/example_dags/example_time_delta_sensor_async.py for tasks to queue
[2025-01-14T00:13:56.917+0000] {logging_mixin.py:188} INFO - [2025-01-14T00:13:56.917+0000] {dagbag.py:538} INFO - Filling up the DagBag from /home/airflow/.local/lib/python3.8/site-packages/airflow/example_dags/example_time_delta_sensor_async.py
[2025-01-14T00:13:56.920+0000] {processor.py:840} INFO - DAG(s) 'example_time_delta_sensor_async' retrieved from /home/airflow/.local/lib/python3.8/site-packages/airflow/example_dags/example_time_delta_sensor_async.py
[2025-01-14T00:13:56.933+0000] {logging_mixin.py:188} INFO - [2025-01-14T00:13:56.933+0000] {dag.py:3036} INFO - Sync 1 DAGs
[2025-01-14T00:13:56.941+0000] {logging_mixin.py:188} INFO - [2025-01-14T00:13:56.940+0000] {dag.py:3823} INFO - Setting next_dagrun for example_time_delta_sensor_async to None, run_after=None
[2025-01-14T00:13:56.953+0000] {processor.py:183} INFO - Processing /home/airflow/.local/lib/python3.8/site-packages/airflow/example_dags/example_time_delta_sensor_async.py took 0.040 seconds
[2025-01-14T00:14:27.211+0000] {processor.py:161} INFO - Started process (PID=987) to work on /home/airflow/.local/lib/python3.8/site-packages/airflow/example_dags/example_time_delta_sensor_async.py
[2025-01-14T00:14:27.212+0000] {processor.py:830} INFO - Processing file /home/airflow/.local/lib/python3.8/site-packages/airflow/example_dags/example_time_delta_sensor_async.py for tasks to queue
[2025-01-14T00:14:27.213+0000] {logging_mixin.py:188} INFO - [2025-01-14T00:14:27.213+0000] {dagbag.py:538} INFO - Filling up the DagBag from /home/airflow/.local/lib/python3.8/site-packages/airflow/example_dags/example_time_delta_sensor_async.py
[2025-01-14T00:14:27.217+0000] {processor.py:840} INFO - DAG(s) 'example_time_delta_sensor_async' retrieved from /home/airflow/.local/lib/python3.8/site-packages/airflow/example_dags/example_time_delta_sensor_async.py
[2025-01-14T00:14:27.230+0000] {logging_mixin.py:188} INFO - [2025-01-14T00:14:27.230+0000] {dag.py:3036} INFO - Sync 1 DAGs
[2025-01-14T00:14:27.237+0000] {logging_mixin.py:188} INFO - [2025-01-14T00:14:27.237+0000] {dag.py:3823} INFO - Setting next_dagrun for example_time_delta_sensor_async to None, run_after=None
[2025-01-14T00:14:27.249+0000] {processor.py:183} INFO - Processing /home/airflow/.local/lib/python3.8/site-packages/airflow/example_dags/example_time_delta_sensor_async.py took 0.040 seconds
[2025-01-14T00:14:57.399+0000] {processor.py:161} INFO - Started process (PID=1046) to work on /home/airflow/.local/lib/python3.8/site-packages/airflow/example_dags/example_time_delta_sensor_async.py
[2025-01-14T00:14:57.400+0000] {processor.py:830} INFO - Processing file /home/airflow/.local/lib/python3.8/site-packages/airflow/example_dags/example_time_delta_sensor_async.py for tasks to queue
[2025-01-14T00:14:57.401+0000] {logging_mixin.py:188} INFO - [2025-01-14T00:14:57.401+0000] {dagbag.py:538} INFO - Filling up the DagBag from /home/airflow/.local/lib/python3.8/site-packages/airflow/example_dags/example_time_delta_sensor_async.py
[2025-01-14T00:14:57.404+0000] {processor.py:840} INFO - DAG(s) 'example_time_delta_sensor_async' retrieved from /home/airflow/.local/lib/python3.8/site-packages/airflow/example_dags/example_time_delta_sensor_async.py
[2025-01-14T00:14:57.416+0000] {logging_mixin.py:188} INFO - [2025-01-14T00:14:57.416+0000] {dag.py:3036} INFO - Sync 1 DAGs
[2025-01-14T00:14:57.423+0000] {logging_mixin.py:188} INFO - [2025-01-14T00:14:57.423+0000] {dag.py:3823} INFO - Setting next_dagrun for example_time_delta_sensor_async to None, run_after=None
[2025-01-14T00:14:57.435+0000] {processor.py:183} INFO - Processing /home/airflow/.local/lib/python3.8/site-packages/airflow/example_dags/example_time_delta_sensor_async.py took 0.038 seconds
[2025-01-14T00:15:27.659+0000] {processor.py:161} INFO - Started process (PID=1105) to work on /home/airflow/.local/lib/python3.8/site-packages/airflow/example_dags/example_time_delta_sensor_async.py
[2025-01-14T00:15:27.660+0000] {processor.py:830} INFO - Processing file /home/airflow/.local/lib/python3.8/site-packages/airflow/example_dags/example_time_delta_sensor_async.py for tasks to queue
[2025-01-14T00:15:27.661+0000] {logging_mixin.py:188} INFO - [2025-01-14T00:15:27.661+0000] {dagbag.py:538} INFO - Filling up the DagBag from /home/airflow/.local/lib/python3.8/site-packages/airflow/example_dags/example_time_delta_sensor_async.py
[2025-01-14T00:15:27.664+0000] {processor.py:840} INFO - DAG(s) 'example_time_delta_sensor_async' retrieved from /home/airflow/.local/lib/python3.8/site-packages/airflow/example_dags/example_time_delta_sensor_async.py
[2025-01-14T00:15:27.677+0000] {logging_mixin.py:188} INFO - [2025-01-14T00:15:27.677+0000] {dag.py:3036} INFO - Sync 1 DAGs
[2025-01-14T00:15:27.685+0000] {logging_mixin.py:188} INFO - [2025-01-14T00:15:27.685+0000] {dag.py:3823} INFO - Setting next_dagrun for example_time_delta_sensor_async to None, run_after=None
[2025-01-14T00:15:27.697+0000] {processor.py:183} INFO - Processing /home/airflow/.local/lib/python3.8/site-packages/airflow/example_dags/example_time_delta_sensor_async.py took 0.040 seconds
[2025-01-14T00:15:57.904+0000] {processor.py:161} INFO - Started process (PID=1164) to work on /home/airflow/.local/lib/python3.8/site-packages/airflow/example_dags/example_time_delta_sensor_async.py
[2025-01-14T00:15:57.905+0000] {processor.py:830} INFO - Processing file /home/airflow/.local/lib/python3.8/site-packages/airflow/example_dags/example_time_delta_sensor_async.py for tasks to queue
[2025-01-14T00:15:57.906+0000] {logging_mixin.py:188} INFO - [2025-01-14T00:15:57.906+0000] {dagbag.py:538} INFO - Filling up the DagBag from /home/airflow/.local/lib/python3.8/site-packages/airflow/example_dags/example_time_delta_sensor_async.py
[2025-01-14T00:15:57.909+0000] {processor.py:840} INFO - DAG(s) 'example_time_delta_sensor_async' retrieved from /home/airflow/.local/lib/python3.8/site-packages/airflow/example_dags/example_time_delta_sensor_async.py
[2025-01-14T00:15:57.922+0000] {logging_mixin.py:188} INFO - [2025-01-14T00:15:57.922+0000] {dag.py:3036} INFO - Sync 1 DAGs
[2025-01-14T00:15:57.929+0000] {logging_mixin.py:188} INFO - [2025-01-14T00:15:57.929+0000] {dag.py:3823} INFO - Setting next_dagrun for example_time_delta_sensor_async to None, run_after=None
[2025-01-14T00:15:57.942+0000] {processor.py:183} INFO - Processing /home/airflow/.local/lib/python3.8/site-packages/airflow/example_dags/example_time_delta_sensor_async.py took 0.041 seconds
[2025-01-14T00:16:28.113+0000] {processor.py:161} INFO - Started process (PID=1223) to work on /home/airflow/.local/lib/python3.8/site-packages/airflow/example_dags/example_time_delta_sensor_async.py
[2025-01-14T00:16:28.114+0000] {processor.py:830} INFO - Processing file /home/airflow/.local/lib/python3.8/site-packages/airflow/example_dags/example_time_delta_sensor_async.py for tasks to queue
[2025-01-14T00:16:28.115+0000] {logging_mixin.py:188} INFO - [2025-01-14T00:16:28.115+0000] {dagbag.py:538} INFO - Filling up the DagBag from /home/airflow/.local/lib/python3.8/site-packages/airflow/example_dags/example_time_delta_sensor_async.py
[2025-01-14T00:16:28.118+0000] {processor.py:840} INFO - DAG(s) 'example_time_delta_sensor_async' retrieved from /home/airflow/.local/lib/python3.8/site-packages/airflow/example_dags/example_time_delta_sensor_async.py
[2025-01-14T00:16:28.132+0000] {logging_mixin.py:188} INFO - [2025-01-14T00:16:28.132+0000] {dag.py:3036} INFO - Sync 1 DAGs
[2025-01-14T00:16:28.141+0000] {logging_mixin.py:188} INFO - [2025-01-14T00:16:28.141+0000] {dag.py:3823} INFO - Setting next_dagrun for example_time_delta_sensor_async to None, run_after=None
[2025-01-14T00:16:28.155+0000] {processor.py:183} INFO - Processing /home/airflow/.local/lib/python3.8/site-packages/airflow/example_dags/example_time_delta_sensor_async.py took 0.044 seconds
[2025-01-14T00:16:58.284+0000] {processor.py:161} INFO - Started process (PID=1282) to work on /home/airflow/.local/lib/python3.8/site-packages/airflow/example_dags/example_time_delta_sensor_async.py
[2025-01-14T00:16:58.285+0000] {processor.py:830} INFO - Processing file /home/airflow/.local/lib/python3.8/site-packages/airflow/example_dags/example_time_delta_sensor_async.py for tasks to queue
[2025-01-14T00:16:58.286+0000] {logging_mixin.py:188} INFO - [2025-01-14T00:16:58.286+0000] {dagbag.py:538} INFO - Filling up the DagBag from /home/airflow/.local/lib/python3.8/site-packages/airflow/example_dags/example_time_delta_sensor_async.py
[2025-01-14T00:16:58.289+0000] {processor.py:840} INFO - DAG(s) 'example_time_delta_sensor_async' retrieved from /home/airflow/.local/lib/python3.8/site-packages/airflow/example_dags/example_time_delta_sensor_async.py
[2025-01-14T00:16:58.302+0000] {logging_mixin.py:188} INFO - [2025-01-14T00:16:58.302+0000] {dag.py:3036} INFO - Sync 1 DAGs
[2025-01-14T00:16:58.309+0000] {logging_mixin.py:188} INFO - [2025-01-14T00:16:58.309+0000] {dag.py:3823} INFO - Setting next_dagrun for example_time_delta_sensor_async to None, run_after=None
[2025-01-14T00:16:58.321+0000] {processor.py:183} INFO - Processing /home/airflow/.local/lib/python3.8/site-packages/airflow/example_dags/example_time_delta_sensor_async.py took 0.039 seconds
[2025-01-14T00:17:28.413+0000] {processor.py:161} INFO - Started process (PID=1341) to work on /home/airflow/.local/lib/python3.8/site-packages/airflow/example_dags/example_time_delta_sensor_async.py
[2025-01-14T00:17:28.414+0000] {processor.py:830} INFO - Processing file /home/airflow/.local/lib/python3.8/site-packages/airflow/example_dags/example_time_delta_sensor_async.py for tasks to queue
[2025-01-14T00:17:28.415+0000] {logging_mixin.py:188} INFO - [2025-01-14T00:17:28.415+0000] {dagbag.py:538} INFO - Filling up the DagBag from /home/airflow/.local/lib/python3.8/site-packages/airflow/example_dags/example_time_delta_sensor_async.py
[2025-01-14T00:17:28.418+0000] {processor.py:840} INFO - DAG(s) 'example_time_delta_sensor_async' retrieved from /home/airflow/.local/lib/python3.8/site-packages/airflow/example_dags/example_time_delta_sensor_async.py
[2025-01-14T00:17:28.431+0000] {logging_mixin.py:188} INFO - [2025-01-14T00:17:28.431+0000] {dag.py:3036} INFO - Sync 1 DAGs
[2025-01-14T00:17:28.439+0000] {logging_mixin.py:188} INFO - [2025-01-14T00:17:28.439+0000] {dag.py:3823} INFO - Setting next_dagrun for example_time_delta_sensor_async to None, run_after=None
[2025-01-14T00:17:28.452+0000] {processor.py:183} INFO - Processing /home/airflow/.local/lib/python3.8/site-packages/airflow/example_dags/example_time_delta_sensor_async.py took 0.041 seconds
[2025-01-14T00:17:58.710+0000] {processor.py:161} INFO - Started process (PID=1400) to work on /home/airflow/.local/lib/python3.8/site-packages/airflow/example_dags/example_time_delta_sensor_async.py
[2025-01-14T00:17:58.710+0000] {processor.py:830} INFO - Processing file /home/airflow/.local/lib/python3.8/site-packages/airflow/example_dags/example_time_delta_sensor_async.py for tasks to queue
[2025-01-14T00:17:58.712+0000] {logging_mixin.py:188} INFO - [2025-01-14T00:17:58.712+0000] {dagbag.py:538} INFO - Filling up the DagBag from /home/airflow/.local/lib/python3.8/site-packages/airflow/example_dags/example_time_delta_sensor_async.py
[2025-01-14T00:17:58.715+0000] {processor.py:840} INFO - DAG(s) 'example_time_delta_sensor_async' retrieved from /home/airflow/.local/lib/python3.8/site-packages/airflow/example_dags/example_time_delta_sensor_async.py
[2025-01-14T00:17:58.732+0000] {logging_mixin.py:188} INFO - [2025-01-14T00:17:58.732+0000] {dag.py:3036} INFO - Sync 1 DAGs
[2025-01-14T00:17:58.744+0000] {logging_mixin.py:188} INFO - [2025-01-14T00:17:58.744+0000] {dag.py:3823} INFO - Setting next_dagrun for example_time_delta_sensor_async to None, run_after=None
[2025-01-14T00:17:58.760+0000] {processor.py:183} INFO - Processing /home/airflow/.local/lib/python3.8/site-packages/airflow/example_dags/example_time_delta_sensor_async.py took 0.053 seconds
[2025-01-14T00:18:28.981+0000] {processor.py:161} INFO - Started process (PID=1459) to work on /home/airflow/.local/lib/python3.8/site-packages/airflow/example_dags/example_time_delta_sensor_async.py
[2025-01-14T00:18:28.982+0000] {processor.py:830} INFO - Processing file /home/airflow/.local/lib/python3.8/site-packages/airflow/example_dags/example_time_delta_sensor_async.py for tasks to queue
[2025-01-14T00:18:28.983+0000] {logging_mixin.py:188} INFO - [2025-01-14T00:18:28.983+0000] {dagbag.py:538} INFO - Filling up the DagBag from /home/airflow/.local/lib/python3.8/site-packages/airflow/example_dags/example_time_delta_sensor_async.py
[2025-01-14T00:18:28.986+0000] {processor.py:840} INFO - DAG(s) 'example_time_delta_sensor_async' retrieved from /home/airflow/.local/lib/python3.8/site-packages/airflow/example_dags/example_time_delta_sensor_async.py
[2025-01-14T00:18:29.001+0000] {logging_mixin.py:188} INFO - [2025-01-14T00:18:29.000+0000] {dag.py:3036} INFO - Sync 1 DAGs
[2025-01-14T00:18:29.009+0000] {logging_mixin.py:188} INFO - [2025-01-14T00:18:29.009+0000] {dag.py:3823} INFO - Setting next_dagrun for example_time_delta_sensor_async to None, run_after=None
[2025-01-14T00:18:29.022+0000] {processor.py:183} INFO - Processing /home/airflow/.local/lib/python3.8/site-packages/airflow/example_dags/example_time_delta_sensor_async.py took 0.043 seconds
[2025-01-14T00:18:59.182+0000] {processor.py:161} INFO - Started process (PID=1518) to work on /home/airflow/.local/lib/python3.8/site-packages/airflow/example_dags/example_time_delta_sensor_async.py
[2025-01-14T00:18:59.183+0000] {processor.py:830} INFO - Processing file /home/airflow/.local/lib/python3.8/site-packages/airflow/example_dags/example_time_delta_sensor_async.py for tasks to queue
[2025-01-14T00:18:59.184+0000] {logging_mixin.py:188} INFO - [2025-01-14T00:18:59.184+0000] {dagbag.py:538} INFO - Filling up the DagBag from /home/airflow/.local/lib/python3.8/site-packages/airflow/example_dags/example_time_delta_sensor_async.py
[2025-01-14T00:18:59.187+0000] {processor.py:840} INFO - DAG(s) 'example_time_delta_sensor_async' retrieved from /home/airflow/.local/lib/python3.8/site-packages/airflow/example_dags/example_time_delta_sensor_async.py
[2025-01-14T00:18:59.202+0000] {logging_mixin.py:188} INFO - [2025-01-14T00:18:59.202+0000] {dag.py:3036} INFO - Sync 1 DAGs
[2025-01-14T00:18:59.211+0000] {logging_mixin.py:188} INFO - [2025-01-14T00:18:59.210+0000] {dag.py:3823} INFO - Setting next_dagrun for example_time_delta_sensor_async to None, run_after=None
[2025-01-14T00:18:59.224+0000] {processor.py:183} INFO - Processing /home/airflow/.local/lib/python3.8/site-packages/airflow/example_dags/example_time_delta_sensor_async.py took 0.044 seconds
[2025-01-14T00:19:29.379+0000] {processor.py:161} INFO - Started process (PID=1577) to work on /home/airflow/.local/lib/python3.8/site-packages/airflow/example_dags/example_time_delta_sensor_async.py
[2025-01-14T00:19:29.379+0000] {processor.py:830} INFO - Processing file /home/airflow/.local/lib/python3.8/site-packages/airflow/example_dags/example_time_delta_sensor_async.py for tasks to queue
[2025-01-14T00:19:29.381+0000] {logging_mixin.py:188} INFO - [2025-01-14T00:19:29.381+0000] {dagbag.py:538} INFO - Filling up the DagBag from /home/airflow/.local/lib/python3.8/site-packages/airflow/example_dags/example_time_delta_sensor_async.py
[2025-01-14T00:19:29.383+0000] {processor.py:840} INFO - DAG(s) 'example_time_delta_sensor_async' retrieved from /home/airflow/.local/lib/python3.8/site-packages/airflow/example_dags/example_time_delta_sensor_async.py
[2025-01-14T00:19:29.397+0000] {logging_mixin.py:188} INFO - [2025-01-14T00:19:29.397+0000] {dag.py:3036} INFO - Sync 1 DAGs
[2025-01-14T00:19:29.405+0000] {logging_mixin.py:188} INFO - [2025-01-14T00:19:29.405+0000] {dag.py:3823} INFO - Setting next_dagrun for example_time_delta_sensor_async to None, run_after=None
[2025-01-14T00:19:29.417+0000] {processor.py:183} INFO - Processing /home/airflow/.local/lib/python3.8/site-packages/airflow/example_dags/example_time_delta_sensor_async.py took 0.040 seconds
[2025-01-14T00:19:59.672+0000] {processor.py:161} INFO - Started process (PID=1636) to work on /home/airflow/.local/lib/python3.8/site-packages/airflow/example_dags/example_time_delta_sensor_async.py
[2025-01-14T00:19:59.673+0000] {processor.py:830} INFO - Processing file /home/airflow/.local/lib/python3.8/site-packages/airflow/example_dags/example_time_delta_sensor_async.py for tasks to queue
[2025-01-14T00:19:59.675+0000] {logging_mixin.py:188} INFO - [2025-01-14T00:19:59.675+0000] {dagbag.py:538} INFO - Filling up the DagBag from /home/airflow/.local/lib/python3.8/site-packages/airflow/example_dags/example_time_delta_sensor_async.py
[2025-01-14T00:19:59.678+0000] {processor.py:840} INFO - DAG(s) 'example_time_delta_sensor_async' retrieved from /home/airflow/.local/lib/python3.8/site-packages/airflow/example_dags/example_time_delta_sensor_async.py
[2025-01-14T00:19:59.691+0000] {logging_mixin.py:188} INFO - [2025-01-14T00:19:59.690+0000] {dag.py:3036} INFO - Sync 1 DAGs
[2025-01-14T00:19:59.698+0000] {logging_mixin.py:188} INFO - [2025-01-14T00:19:59.698+0000] {dag.py:3823} INFO - Setting next_dagrun for example_time_delta_sensor_async to None, run_after=None
[2025-01-14T00:19:59.711+0000] {processor.py:183} INFO - Processing /home/airflow/.local/lib/python3.8/site-packages/airflow/example_dags/example_time_delta_sensor_async.py took 0.040 seconds
[2025-01-14T00:20:30.380+0000] {processor.py:161} INFO - Started process (PID=1695) to work on /home/airflow/.local/lib/python3.8/site-packages/airflow/example_dags/example_time_delta_sensor_async.py
[2025-01-14T00:20:30.381+0000] {processor.py:830} INFO - Processing file /home/airflow/.local/lib/python3.8/site-packages/airflow/example_dags/example_time_delta_sensor_async.py for tasks to queue
[2025-01-14T00:20:30.382+0000] {logging_mixin.py:188} INFO - [2025-01-14T00:20:30.382+0000] {dagbag.py:538} INFO - Filling up the DagBag from /home/airflow/.local/lib/python3.8/site-packages/airflow/example_dags/example_time_delta_sensor_async.py
[2025-01-14T00:20:30.385+0000] {processor.py:840} INFO - DAG(s) 'example_time_delta_sensor_async' retrieved from /home/airflow/.local/lib/python3.8/site-packages/airflow/example_dags/example_time_delta_sensor_async.py
[2025-01-14T00:20:30.398+0000] {logging_mixin.py:188} INFO - [2025-01-14T00:20:30.398+0000] {dag.py:3036} INFO - Sync 1 DAGs
[2025-01-14T00:20:30.407+0000] {logging_mixin.py:188} INFO - [2025-01-14T00:20:30.407+0000] {dag.py:3823} INFO - Setting next_dagrun for example_time_delta_sensor_async to None, run_after=None
[2025-01-14T00:20:30.423+0000] {processor.py:183} INFO - Processing /home/airflow/.local/lib/python3.8/site-packages/airflow/example_dags/example_time_delta_sensor_async.py took 0.045 seconds
[2025-01-14T00:21:00.483+0000] {processor.py:161} INFO - Started process (PID=1754) to work on /home/airflow/.local/lib/python3.8/site-packages/airflow/example_dags/example_time_delta_sensor_async.py
[2025-01-14T00:21:00.484+0000] {processor.py:830} INFO - Processing file /home/airflow/.local/lib/python3.8/site-packages/airflow/example_dags/example_time_delta_sensor_async.py for tasks to queue
[2025-01-14T00:21:00.486+0000] {logging_mixin.py:188} INFO - [2025-01-14T00:21:00.486+0000] {dagbag.py:538} INFO - Filling up the DagBag from /home/airflow/.local/lib/python3.8/site-packages/airflow/example_dags/example_time_delta_sensor_async.py
[2025-01-14T00:21:00.490+0000] {processor.py:840} INFO - DAG(s) 'example_time_delta_sensor_async' retrieved from /home/airflow/.local/lib/python3.8/site-packages/airflow/example_dags/example_time_delta_sensor_async.py
[2025-01-14T00:21:00.505+0000] {logging_mixin.py:188} INFO - [2025-01-14T00:21:00.505+0000] {dag.py:3036} INFO - Sync 1 DAGs
[2025-01-14T00:21:00.513+0000] {logging_mixin.py:188} INFO - [2025-01-14T00:21:00.513+0000] {dag.py:3823} INFO - Setting next_dagrun for example_time_delta_sensor_async to None, run_after=None
[2025-01-14T00:21:00.527+0000] {processor.py:183} INFO - Processing /home/airflow/.local/lib/python3.8/site-packages/airflow/example_dags/example_time_delta_sensor_async.py took 0.046 seconds
[2025-01-14T00:21:30.680+0000] {processor.py:161} INFO - Started process (PID=1813) to work on /home/airflow/.local/lib/python3.8/site-packages/airflow/example_dags/example_time_delta_sensor_async.py
[2025-01-14T00:21:30.681+0000] {processor.py:830} INFO - Processing file /home/airflow/.local/lib/python3.8/site-packages/airflow/example_dags/example_time_delta_sensor_async.py for tasks to queue
[2025-01-14T00:21:30.684+0000] {logging_mixin.py:188} INFO - [2025-01-14T00:21:30.683+0000] {dagbag.py:538} INFO - Filling up the DagBag from /home/airflow/.local/lib/python3.8/site-packages/airflow/example_dags/example_time_delta_sensor_async.py
[2025-01-14T00:21:30.687+0000] {processor.py:840} INFO - DAG(s) 'example_time_delta_sensor_async' retrieved from /home/airflow/.local/lib/python3.8/site-packages/airflow/example_dags/example_time_delta_sensor_async.py
[2025-01-14T00:21:30.701+0000] {logging_mixin.py:188} INFO - [2025-01-14T00:21:30.700+0000] {dag.py:3036} INFO - Sync 1 DAGs
[2025-01-14T00:21:30.708+0000] {logging_mixin.py:188} INFO - [2025-01-14T00:21:30.708+0000] {dag.py:3823} INFO - Setting next_dagrun for example_time_delta_sensor_async to None, run_after=None
[2025-01-14T00:21:30.720+0000] {processor.py:183} INFO - Processing /home/airflow/.local/lib/python3.8/site-packages/airflow/example_dags/example_time_delta_sensor_async.py took 0.042 seconds
[2025-01-14T00:22:00.846+0000] {processor.py:161} INFO - Started process (PID=1872) to work on /home/airflow/.local/lib/python3.8/site-packages/airflow/example_dags/example_time_delta_sensor_async.py
[2025-01-14T00:22:00.847+0000] {processor.py:830} INFO - Processing file /home/airflow/.local/lib/python3.8/site-packages/airflow/example_dags/example_time_delta_sensor_async.py for tasks to queue
[2025-01-14T00:22:00.848+0000] {logging_mixin.py:188} INFO - [2025-01-14T00:22:00.848+0000] {dagbag.py:538} INFO - Filling up the DagBag from /home/airflow/.local/lib/python3.8/site-packages/airflow/example_dags/example_time_delta_sensor_async.py
[2025-01-14T00:22:00.852+0000] {processor.py:840} INFO - DAG(s) 'example_time_delta_sensor_async' retrieved from /home/airflow/.local/lib/python3.8/site-packages/airflow/example_dags/example_time_delta_sensor_async.py
[2025-01-14T00:22:00.864+0000] {logging_mixin.py:188} INFO - [2025-01-14T00:22:00.864+0000] {dag.py:3036} INFO - Sync 1 DAGs
[2025-01-14T00:22:00.872+0000] {logging_mixin.py:188} INFO - [2025-01-14T00:22:00.872+0000] {dag.py:3823} INFO - Setting next_dagrun for example_time_delta_sensor_async to None, run_after=None
[2025-01-14T00:22:00.886+0000] {processor.py:183} INFO - Processing /home/airflow/.local/lib/python3.8/site-packages/airflow/example_dags/example_time_delta_sensor_async.py took 0.042 seconds
[2025-01-14T00:22:31.041+0000] {processor.py:161} INFO - Started process (PID=1931) to work on /home/airflow/.local/lib/python3.8/site-packages/airflow/example_dags/example_time_delta_sensor_async.py
[2025-01-14T00:22:31.042+0000] {processor.py:830} INFO - Processing file /home/airflow/.local/lib/python3.8/site-packages/airflow/example_dags/example_time_delta_sensor_async.py for tasks to queue
[2025-01-14T00:22:31.043+0000] {logging_mixin.py:188} INFO - [2025-01-14T00:22:31.043+0000] {dagbag.py:538} INFO - Filling up the DagBag from /home/airflow/.local/lib/python3.8/site-packages/airflow/example_dags/example_time_delta_sensor_async.py
[2025-01-14T00:22:31.047+0000] {processor.py:840} INFO - DAG(s) 'example_time_delta_sensor_async' retrieved from /home/airflow/.local/lib/python3.8/site-packages/airflow/example_dags/example_time_delta_sensor_async.py
[2025-01-14T00:22:31.060+0000] {logging_mixin.py:188} INFO - [2025-01-14T00:22:31.060+0000] {dag.py:3036} INFO - Sync 1 DAGs
[2025-01-14T00:22:31.067+0000] {logging_mixin.py:188} INFO - [2025-01-14T00:22:31.067+0000] {dag.py:3823} INFO - Setting next_dagrun for example_time_delta_sensor_async to None, run_after=None
[2025-01-14T00:22:31.079+0000] {processor.py:183} INFO - Processing /home/airflow/.local/lib/python3.8/site-packages/airflow/example_dags/example_time_delta_sensor_async.py took 0.040 seconds
[2025-01-14T00:23:01.151+0000] {processor.py:161} INFO - Started process (PID=1990) to work on /home/airflow/.local/lib/python3.8/site-packages/airflow/example_dags/example_time_delta_sensor_async.py
[2025-01-14T00:23:01.152+0000] {processor.py:830} INFO - Processing file /home/airflow/.local/lib/python3.8/site-packages/airflow/example_dags/example_time_delta_sensor_async.py for tasks to queue
[2025-01-14T00:23:01.153+0000] {logging_mixin.py:188} INFO - [2025-01-14T00:23:01.153+0000] {dagbag.py:538} INFO - Filling up the DagBag from /home/airflow/.local/lib/python3.8/site-packages/airflow/example_dags/example_time_delta_sensor_async.py
[2025-01-14T00:23:01.156+0000] {processor.py:840} INFO - DAG(s) 'example_time_delta_sensor_async' retrieved from /home/airflow/.local/lib/python3.8/site-packages/airflow/example_dags/example_time_delta_sensor_async.py
[2025-01-14T00:23:01.169+0000] {logging_mixin.py:188} INFO - [2025-01-14T00:23:01.168+0000] {dag.py:3036} INFO - Sync 1 DAGs
[2025-01-14T00:23:01.176+0000] {logging_mixin.py:188} INFO - [2025-01-14T00:23:01.176+0000] {dag.py:3823} INFO - Setting next_dagrun for example_time_delta_sensor_async to None, run_after=None
[2025-01-14T00:23:01.188+0000] {processor.py:183} INFO - Processing /home/airflow/.local/lib/python3.8/site-packages/airflow/example_dags/example_time_delta_sensor_async.py took 0.039 seconds
[2025-01-14T00:23:31.340+0000] {processor.py:161} INFO - Started process (PID=2049) to work on /home/airflow/.local/lib/python3.8/site-packages/airflow/example_dags/example_time_delta_sensor_async.py
[2025-01-14T00:23:31.361+0000] {processor.py:830} INFO - Processing file /home/airflow/.local/lib/python3.8/site-packages/airflow/example_dags/example_time_delta_sensor_async.py for tasks to queue
[2025-01-14T00:23:31.363+0000] {logging_mixin.py:188} INFO - [2025-01-14T00:23:31.363+0000] {dagbag.py:538} INFO - Filling up the DagBag from /home/airflow/.local/lib/python3.8/site-packages/airflow/example_dags/example_time_delta_sensor_async.py
[2025-01-14T00:23:31.367+0000] {processor.py:840} INFO - DAG(s) 'example_time_delta_sensor_async' retrieved from /home/airflow/.local/lib/python3.8/site-packages/airflow/example_dags/example_time_delta_sensor_async.py
[2025-01-14T00:23:31.383+0000] {logging_mixin.py:188} INFO - [2025-01-14T00:23:31.383+0000] {dag.py:3036} INFO - Sync 1 DAGs
[2025-01-14T00:23:31.392+0000] {logging_mixin.py:188} INFO - [2025-01-14T00:23:31.392+0000] {dag.py:3823} INFO - Setting next_dagrun for example_time_delta_sensor_async to None, run_after=None
[2025-01-14T00:23:31.407+0000] {processor.py:183} INFO - Processing /home/airflow/.local/lib/python3.8/site-packages/airflow/example_dags/example_time_delta_sensor_async.py took 0.070 seconds
[2025-01-14T00:24:01.444+0000] {processor.py:161} INFO - Started process (PID=2108) to work on /home/airflow/.local/lib/python3.8/site-packages/airflow/example_dags/example_time_delta_sensor_async.py
[2025-01-14T00:24:01.445+0000] {processor.py:830} INFO - Processing file /home/airflow/.local/lib/python3.8/site-packages/airflow/example_dags/example_time_delta_sensor_async.py for tasks to queue
[2025-01-14T00:24:01.446+0000] {logging_mixin.py:188} INFO - [2025-01-14T00:24:01.445+0000] {dagbag.py:538} INFO - Filling up the DagBag from /home/airflow/.local/lib/python3.8/site-packages/airflow/example_dags/example_time_delta_sensor_async.py
[2025-01-14T00:24:01.449+0000] {processor.py:840} INFO - DAG(s) 'example_time_delta_sensor_async' retrieved from /home/airflow/.local/lib/python3.8/site-packages/airflow/example_dags/example_time_delta_sensor_async.py
[2025-01-14T00:24:01.463+0000] {logging_mixin.py:188} INFO - [2025-01-14T00:24:01.463+0000] {dag.py:3036} INFO - Sync 1 DAGs
[2025-01-14T00:24:01.471+0000] {logging_mixin.py:188} INFO - [2025-01-14T00:24:01.471+0000] {dag.py:3823} INFO - Setting next_dagrun for example_time_delta_sensor_async to None, run_after=None
[2025-01-14T00:24:01.483+0000] {processor.py:183} INFO - Processing /home/airflow/.local/lib/python3.8/site-packages/airflow/example_dags/example_time_delta_sensor_async.py took 0.042 seconds
[2025-01-14T00:24:31.766+0000] {processor.py:161} INFO - Started process (PID=2167) to work on /home/airflow/.local/lib/python3.8/site-packages/airflow/example_dags/example_time_delta_sensor_async.py
[2025-01-14T00:24:31.766+0000] {processor.py:830} INFO - Processing file /home/airflow/.local/lib/python3.8/site-packages/airflow/example_dags/example_time_delta_sensor_async.py for tasks to queue
[2025-01-14T00:24:31.767+0000] {logging_mixin.py:188} INFO - [2025-01-14T00:24:31.767+0000] {dagbag.py:538} INFO - Filling up the DagBag from /home/airflow/.local/lib/python3.8/site-packages/airflow/example_dags/example_time_delta_sensor_async.py
[2025-01-14T00:24:31.770+0000] {processor.py:840} INFO - DAG(s) 'example_time_delta_sensor_async' retrieved from /home/airflow/.local/lib/python3.8/site-packages/airflow/example_dags/example_time_delta_sensor_async.py
[2025-01-14T00:24:31.783+0000] {logging_mixin.py:188} INFO - [2025-01-14T00:24:31.783+0000] {dag.py:3036} INFO - Sync 1 DAGs
[2025-01-14T00:24:31.790+0000] {logging_mixin.py:188} INFO - [2025-01-14T00:24:31.790+0000] {dag.py:3823} INFO - Setting next_dagrun for example_time_delta_sensor_async to None, run_after=None
[2025-01-14T00:24:31.803+0000] {processor.py:183} INFO - Processing /home/airflow/.local/lib/python3.8/site-packages/airflow/example_dags/example_time_delta_sensor_async.py took 0.039 seconds
[2025-01-14T00:25:01.851+0000] {processor.py:161} INFO - Started process (PID=2226) to work on /home/airflow/.local/lib/python3.8/site-packages/airflow/example_dags/example_time_delta_sensor_async.py
[2025-01-14T00:25:01.852+0000] {processor.py:830} INFO - Processing file /home/airflow/.local/lib/python3.8/site-packages/airflow/example_dags/example_time_delta_sensor_async.py for tasks to queue
[2025-01-14T00:25:01.854+0000] {logging_mixin.py:188} INFO - [2025-01-14T00:25:01.854+0000] {dagbag.py:538} INFO - Filling up the DagBag from /home/airflow/.local/lib/python3.8/site-packages/airflow/example_dags/example_time_delta_sensor_async.py
[2025-01-14T00:25:01.858+0000] {processor.py:840} INFO - DAG(s) 'example_time_delta_sensor_async' retrieved from /home/airflow/.local/lib/python3.8/site-packages/airflow/example_dags/example_time_delta_sensor_async.py
[2025-01-14T00:25:01.873+0000] {logging_mixin.py:188} INFO - [2025-01-14T00:25:01.873+0000] {dag.py:3036} INFO - Sync 1 DAGs
[2025-01-14T00:25:01.881+0000] {logging_mixin.py:188} INFO - [2025-01-14T00:25:01.881+0000] {dag.py:3823} INFO - Setting next_dagrun for example_time_delta_sensor_async to None, run_after=None
[2025-01-14T00:25:01.896+0000] {processor.py:183} INFO - Processing /home/airflow/.local/lib/python3.8/site-packages/airflow/example_dags/example_time_delta_sensor_async.py took 0.048 seconds
[2025-01-14T00:25:32.119+0000] {processor.py:161} INFO - Started process (PID=2285) to work on /home/airflow/.local/lib/python3.8/site-packages/airflow/example_dags/example_time_delta_sensor_async.py
[2025-01-14T00:25:32.119+0000] {processor.py:830} INFO - Processing file /home/airflow/.local/lib/python3.8/site-packages/airflow/example_dags/example_time_delta_sensor_async.py for tasks to queue
[2025-01-14T00:25:32.120+0000] {logging_mixin.py:188} INFO - [2025-01-14T00:25:32.120+0000] {dagbag.py:538} INFO - Filling up the DagBag from /home/airflow/.local/lib/python3.8/site-packages/airflow/example_dags/example_time_delta_sensor_async.py
[2025-01-14T00:25:32.123+0000] {processor.py:840} INFO - DAG(s) 'example_time_delta_sensor_async' retrieved from /home/airflow/.local/lib/python3.8/site-packages/airflow/example_dags/example_time_delta_sensor_async.py
[2025-01-14T00:25:32.137+0000] {logging_mixin.py:188} INFO - [2025-01-14T00:25:32.136+0000] {dag.py:3036} INFO - Sync 1 DAGs
[2025-01-14T00:25:32.145+0000] {logging_mixin.py:188} INFO - [2025-01-14T00:25:32.144+0000] {dag.py:3823} INFO - Setting next_dagrun for example_time_delta_sensor_async to None, run_after=None
[2025-01-14T00:25:32.157+0000] {processor.py:183} INFO - Processing /home/airflow/.local/lib/python3.8/site-packages/airflow/example_dags/example_time_delta_sensor_async.py took 0.041 seconds
[2025-01-14T00:26:02.485+0000] {processor.py:161} INFO - Started process (PID=2322) to work on /home/airflow/.local/lib/python3.8/site-packages/airflow/example_dags/example_time_delta_sensor_async.py
[2025-01-14T00:26:02.486+0000] {processor.py:830} INFO - Processing file /home/airflow/.local/lib/python3.8/site-packages/airflow/example_dags/example_time_delta_sensor_async.py for tasks to queue
[2025-01-14T00:26:02.487+0000] {logging_mixin.py:188} INFO - [2025-01-14T00:26:02.487+0000] {dagbag.py:538} INFO - Filling up the DagBag from /home/airflow/.local/lib/python3.8/site-packages/airflow/example_dags/example_time_delta_sensor_async.py
[2025-01-14T00:26:02.490+0000] {processor.py:840} INFO - DAG(s) 'example_time_delta_sensor_async' retrieved from /home/airflow/.local/lib/python3.8/site-packages/airflow/example_dags/example_time_delta_sensor_async.py
[2025-01-14T00:26:02.502+0000] {logging_mixin.py:188} INFO - [2025-01-14T00:26:02.502+0000] {dag.py:3036} INFO - Sync 1 DAGs
[2025-01-14T00:26:02.509+0000] {logging_mixin.py:188} INFO - [2025-01-14T00:26:02.509+0000] {dag.py:3823} INFO - Setting next_dagrun for example_time_delta_sensor_async to None, run_after=None
[2025-01-14T00:26:02.522+0000] {processor.py:183} INFO - Processing /home/airflow/.local/lib/python3.8/site-packages/airflow/example_dags/example_time_delta_sensor_async.py took 0.038 seconds
[2025-01-14T00:26:32.735+0000] {processor.py:161} INFO - Started process (PID=2372) to work on /home/airflow/.local/lib/python3.8/site-packages/airflow/example_dags/example_time_delta_sensor_async.py
[2025-01-14T00:26:32.735+0000] {processor.py:830} INFO - Processing file /home/airflow/.local/lib/python3.8/site-packages/airflow/example_dags/example_time_delta_sensor_async.py for tasks to queue
[2025-01-14T00:26:32.737+0000] {logging_mixin.py:188} INFO - [2025-01-14T00:26:32.736+0000] {dagbag.py:538} INFO - Filling up the DagBag from /home/airflow/.local/lib/python3.8/site-packages/airflow/example_dags/example_time_delta_sensor_async.py
[2025-01-14T00:26:32.739+0000] {processor.py:840} INFO - DAG(s) 'example_time_delta_sensor_async' retrieved from /home/airflow/.local/lib/python3.8/site-packages/airflow/example_dags/example_time_delta_sensor_async.py
[2025-01-14T00:26:32.752+0000] {logging_mixin.py:188} INFO - [2025-01-14T00:26:32.752+0000] {dag.py:3036} INFO - Sync 1 DAGs
[2025-01-14T00:26:32.759+0000] {logging_mixin.py:188} INFO - [2025-01-14T00:26:32.759+0000] {dag.py:3823} INFO - Setting next_dagrun for example_time_delta_sensor_async to None, run_after=None
[2025-01-14T00:26:32.772+0000] {processor.py:183} INFO - Processing /home/airflow/.local/lib/python3.8/site-packages/airflow/example_dags/example_time_delta_sensor_async.py took 0.040 seconds
[2025-01-14T00:27:03.585+0000] {processor.py:161} INFO - Started process (PID=2428) to work on /home/airflow/.local/lib/python3.8/site-packages/airflow/example_dags/example_time_delta_sensor_async.py
[2025-01-14T00:27:03.586+0000] {processor.py:830} INFO - Processing file /home/airflow/.local/lib/python3.8/site-packages/airflow/example_dags/example_time_delta_sensor_async.py for tasks to queue
[2025-01-14T00:27:03.587+0000] {logging_mixin.py:188} INFO - [2025-01-14T00:27:03.587+0000] {dagbag.py:538} INFO - Filling up the DagBag from /home/airflow/.local/lib/python3.8/site-packages/airflow/example_dags/example_time_delta_sensor_async.py
[2025-01-14T00:27:03.590+0000] {processor.py:840} INFO - DAG(s) 'example_time_delta_sensor_async' retrieved from /home/airflow/.local/lib/python3.8/site-packages/airflow/example_dags/example_time_delta_sensor_async.py
[2025-01-14T00:27:03.604+0000] {logging_mixin.py:188} INFO - [2025-01-14T00:27:03.604+0000] {dag.py:3036} INFO - Sync 1 DAGs
[2025-01-14T00:27:03.613+0000] {logging_mixin.py:188} INFO - [2025-01-14T00:27:03.613+0000] {dag.py:3823} INFO - Setting next_dagrun for example_time_delta_sensor_async to None, run_after=None
[2025-01-14T00:27:03.628+0000] {processor.py:183} INFO - Processing /home/airflow/.local/lib/python3.8/site-packages/airflow/example_dags/example_time_delta_sensor_async.py took 0.044 seconds
[2025-01-14T00:27:34.196+0000] {processor.py:161} INFO - Started process (PID=2482) to work on /home/airflow/.local/lib/python3.8/site-packages/airflow/example_dags/example_time_delta_sensor_async.py
[2025-01-14T00:27:34.197+0000] {processor.py:830} INFO - Processing file /home/airflow/.local/lib/python3.8/site-packages/airflow/example_dags/example_time_delta_sensor_async.py for tasks to queue
[2025-01-14T00:27:34.198+0000] {logging_mixin.py:188} INFO - [2025-01-14T00:27:34.198+0000] {dagbag.py:538} INFO - Filling up the DagBag from /home/airflow/.local/lib/python3.8/site-packages/airflow/example_dags/example_time_delta_sensor_async.py
[2025-01-14T00:27:34.201+0000] {processor.py:840} INFO - DAG(s) 'example_time_delta_sensor_async' retrieved from /home/airflow/.local/lib/python3.8/site-packages/airflow/example_dags/example_time_delta_sensor_async.py
[2025-01-14T00:27:34.214+0000] {logging_mixin.py:188} INFO - [2025-01-14T00:27:34.214+0000] {dag.py:3036} INFO - Sync 1 DAGs
[2025-01-14T00:27:34.221+0000] {logging_mixin.py:188} INFO - [2025-01-14T00:27:34.221+0000] {dag.py:3823} INFO - Setting next_dagrun for example_time_delta_sensor_async to None, run_after=None
[2025-01-14T00:27:34.237+0000] {processor.py:183} INFO - Processing /home/airflow/.local/lib/python3.8/site-packages/airflow/example_dags/example_time_delta_sensor_async.py took 0.043 seconds
