[2025-01-14T00:00:05.211+0000] {processor.py:161} INFO - Started process (PID=10540) to work on /home/airflow/.local/lib/python3.8/site-packages/airflow/example_dags/example_params_ui_tutorial.py
[2025-01-14T00:00:05.211+0000] {processor.py:830} INFO - Processing file /home/airflow/.local/lib/python3.8/site-packages/airflow/example_dags/example_params_ui_tutorial.py for tasks to queue
[2025-01-14T00:00:05.212+0000] {logging_mixin.py:188} INFO - [2025-01-14T00:00:05.212+0000] {dagbag.py:538} INFO - Filling up the DagBag from /home/airflow/.local/lib/python3.8/site-packages/airflow/example_dags/example_params_ui_tutorial.py
[2025-01-14T00:00:05.220+0000] {processor.py:840} INFO - DAG(s) 'example_params_ui_tutorial' retrieved from /home/airflow/.local/lib/python3.8/site-packages/airflow/example_dags/example_params_ui_tutorial.py
[2025-01-14T00:00:05.312+0000] {logging_mixin.py:188} INFO - [2025-01-14T00:00:05.312+0000] {dag.py:3036} INFO - Sync 1 DAGs
[2025-01-14T00:00:05.319+0000] {logging_mixin.py:188} INFO - [2025-01-14T00:00:05.319+0000] {dag.py:3823} INFO - Setting next_dagrun for example_params_ui_tutorial to None, run_after=None
[2025-01-14T00:00:05.332+0000] {processor.py:183} INFO - Processing /home/airflow/.local/lib/python3.8/site-packages/airflow/example_dags/example_params_ui_tutorial.py took 0.124 seconds
[2025-01-14T00:00:36.240+0000] {processor.py:161} INFO - Started process (PID=10601) to work on /home/airflow/.local/lib/python3.8/site-packages/airflow/example_dags/example_params_ui_tutorial.py
[2025-01-14T00:00:36.241+0000] {processor.py:830} INFO - Processing file /home/airflow/.local/lib/python3.8/site-packages/airflow/example_dags/example_params_ui_tutorial.py for tasks to queue
[2025-01-14T00:00:36.242+0000] {logging_mixin.py:188} INFO - [2025-01-14T00:00:36.242+0000] {dagbag.py:538} INFO - Filling up the DagBag from /home/airflow/.local/lib/python3.8/site-packages/airflow/example_dags/example_params_ui_tutorial.py
[2025-01-14T00:00:36.249+0000] {processor.py:840} INFO - DAG(s) 'example_params_ui_tutorial' retrieved from /home/airflow/.local/lib/python3.8/site-packages/airflow/example_dags/example_params_ui_tutorial.py
[2025-01-14T00:00:36.286+0000] {logging_mixin.py:188} INFO - [2025-01-14T00:00:36.286+0000] {dag.py:3036} INFO - Sync 1 DAGs
[2025-01-14T00:00:36.293+0000] {logging_mixin.py:188} INFO - [2025-01-14T00:00:36.293+0000] {dag.py:3823} INFO - Setting next_dagrun for example_params_ui_tutorial to None, run_after=None
[2025-01-14T00:00:36.305+0000] {processor.py:183} INFO - Processing /home/airflow/.local/lib/python3.8/site-packages/airflow/example_dags/example_params_ui_tutorial.py took 0.067 seconds
[2025-01-14T00:01:06.350+0000] {processor.py:161} INFO - Started process (PID=10660) to work on /home/airflow/.local/lib/python3.8/site-packages/airflow/example_dags/example_params_ui_tutorial.py
[2025-01-14T00:01:06.351+0000] {processor.py:830} INFO - Processing file /home/airflow/.local/lib/python3.8/site-packages/airflow/example_dags/example_params_ui_tutorial.py for tasks to queue
[2025-01-14T00:01:06.351+0000] {logging_mixin.py:188} INFO - [2025-01-14T00:01:06.351+0000] {dagbag.py:538} INFO - Filling up the DagBag from /home/airflow/.local/lib/python3.8/site-packages/airflow/example_dags/example_params_ui_tutorial.py
[2025-01-14T00:01:06.359+0000] {processor.py:840} INFO - DAG(s) 'example_params_ui_tutorial' retrieved from /home/airflow/.local/lib/python3.8/site-packages/airflow/example_dags/example_params_ui_tutorial.py
[2025-01-14T00:01:06.395+0000] {logging_mixin.py:188} INFO - [2025-01-14T00:01:06.394+0000] {dag.py:3036} INFO - Sync 1 DAGs
[2025-01-14T00:01:06.402+0000] {logging_mixin.py:188} INFO - [2025-01-14T00:01:06.402+0000] {dag.py:3823} INFO - Setting next_dagrun for example_params_ui_tutorial to None, run_after=None
[2025-01-14T00:01:06.413+0000] {processor.py:183} INFO - Processing /home/airflow/.local/lib/python3.8/site-packages/airflow/example_dags/example_params_ui_tutorial.py took 0.066 seconds
[2025-01-14T00:01:36.477+0000] {processor.py:161} INFO - Started process (PID=10719) to work on /home/airflow/.local/lib/python3.8/site-packages/airflow/example_dags/example_params_ui_tutorial.py
[2025-01-14T00:01:36.478+0000] {processor.py:830} INFO - Processing file /home/airflow/.local/lib/python3.8/site-packages/airflow/example_dags/example_params_ui_tutorial.py for tasks to queue
[2025-01-14T00:01:36.478+0000] {logging_mixin.py:188} INFO - [2025-01-14T00:01:36.478+0000] {dagbag.py:538} INFO - Filling up the DagBag from /home/airflow/.local/lib/python3.8/site-packages/airflow/example_dags/example_params_ui_tutorial.py
[2025-01-14T00:01:36.486+0000] {processor.py:840} INFO - DAG(s) 'example_params_ui_tutorial' retrieved from /home/airflow/.local/lib/python3.8/site-packages/airflow/example_dags/example_params_ui_tutorial.py
[2025-01-14T00:01:36.522+0000] {logging_mixin.py:188} INFO - [2025-01-14T00:01:36.522+0000] {dag.py:3036} INFO - Sync 1 DAGs
[2025-01-14T00:01:36.529+0000] {logging_mixin.py:188} INFO - [2025-01-14T00:01:36.529+0000] {dag.py:3823} INFO - Setting next_dagrun for example_params_ui_tutorial to None, run_after=None
[2025-01-14T00:01:36.541+0000] {processor.py:183} INFO - Processing /home/airflow/.local/lib/python3.8/site-packages/airflow/example_dags/example_params_ui_tutorial.py took 0.067 seconds
[2025-01-14T00:02:07.464+0000] {processor.py:161} INFO - Started process (PID=10778) to work on /home/airflow/.local/lib/python3.8/site-packages/airflow/example_dags/example_params_ui_tutorial.py
[2025-01-14T00:02:07.465+0000] {processor.py:830} INFO - Processing file /home/airflow/.local/lib/python3.8/site-packages/airflow/example_dags/example_params_ui_tutorial.py for tasks to queue
[2025-01-14T00:02:07.466+0000] {logging_mixin.py:188} INFO - [2025-01-14T00:02:07.465+0000] {dagbag.py:538} INFO - Filling up the DagBag from /home/airflow/.local/lib/python3.8/site-packages/airflow/example_dags/example_params_ui_tutorial.py
[2025-01-14T00:02:07.474+0000] {processor.py:840} INFO - DAG(s) 'example_params_ui_tutorial' retrieved from /home/airflow/.local/lib/python3.8/site-packages/airflow/example_dags/example_params_ui_tutorial.py
[2025-01-14T00:02:07.510+0000] {logging_mixin.py:188} INFO - [2025-01-14T00:02:07.510+0000] {dag.py:3036} INFO - Sync 1 DAGs
[2025-01-14T00:02:07.517+0000] {logging_mixin.py:188} INFO - [2025-01-14T00:02:07.517+0000] {dag.py:3823} INFO - Setting next_dagrun for example_params_ui_tutorial to None, run_after=None
[2025-01-14T00:02:07.531+0000] {processor.py:183} INFO - Processing /home/airflow/.local/lib/python3.8/site-packages/airflow/example_dags/example_params_ui_tutorial.py took 0.068 seconds
[2025-01-14T00:02:38.265+0000] {processor.py:161} INFO - Started process (PID=10837) to work on /home/airflow/.local/lib/python3.8/site-packages/airflow/example_dags/example_params_ui_tutorial.py
[2025-01-14T00:02:38.266+0000] {processor.py:830} INFO - Processing file /home/airflow/.local/lib/python3.8/site-packages/airflow/example_dags/example_params_ui_tutorial.py for tasks to queue
[2025-01-14T00:02:38.267+0000] {logging_mixin.py:188} INFO - [2025-01-14T00:02:38.266+0000] {dagbag.py:538} INFO - Filling up the DagBag from /home/airflow/.local/lib/python3.8/site-packages/airflow/example_dags/example_params_ui_tutorial.py
[2025-01-14T00:02:38.275+0000] {processor.py:840} INFO - DAG(s) 'example_params_ui_tutorial' retrieved from /home/airflow/.local/lib/python3.8/site-packages/airflow/example_dags/example_params_ui_tutorial.py
[2025-01-14T00:02:38.312+0000] {logging_mixin.py:188} INFO - [2025-01-14T00:02:38.312+0000] {dag.py:3036} INFO - Sync 1 DAGs
[2025-01-14T00:02:38.319+0000] {logging_mixin.py:188} INFO - [2025-01-14T00:02:38.319+0000] {dag.py:3823} INFO - Setting next_dagrun for example_params_ui_tutorial to None, run_after=None
[2025-01-14T00:02:38.372+0000] {processor.py:183} INFO - Processing /home/airflow/.local/lib/python3.8/site-packages/airflow/example_dags/example_params_ui_tutorial.py took 0.109 seconds
[2025-01-14T00:03:08.550+0000] {processor.py:161} INFO - Started process (PID=10896) to work on /home/airflow/.local/lib/python3.8/site-packages/airflow/example_dags/example_params_ui_tutorial.py
[2025-01-14T00:03:08.551+0000] {processor.py:830} INFO - Processing file /home/airflow/.local/lib/python3.8/site-packages/airflow/example_dags/example_params_ui_tutorial.py for tasks to queue
[2025-01-14T00:03:08.552+0000] {logging_mixin.py:188} INFO - [2025-01-14T00:03:08.551+0000] {dagbag.py:538} INFO - Filling up the DagBag from /home/airflow/.local/lib/python3.8/site-packages/airflow/example_dags/example_params_ui_tutorial.py
[2025-01-14T00:03:08.560+0000] {processor.py:840} INFO - DAG(s) 'example_params_ui_tutorial' retrieved from /home/airflow/.local/lib/python3.8/site-packages/airflow/example_dags/example_params_ui_tutorial.py
[2025-01-14T00:03:08.598+0000] {logging_mixin.py:188} INFO - [2025-01-14T00:03:08.598+0000] {dag.py:3036} INFO - Sync 1 DAGs
[2025-01-14T00:03:08.606+0000] {logging_mixin.py:188} INFO - [2025-01-14T00:03:08.605+0000] {dag.py:3823} INFO - Setting next_dagrun for example_params_ui_tutorial to None, run_after=None
[2025-01-14T00:03:08.619+0000] {processor.py:183} INFO - Processing /home/airflow/.local/lib/python3.8/site-packages/airflow/example_dags/example_params_ui_tutorial.py took 0.071 seconds
[2025-01-14T00:03:38.684+0000] {processor.py:161} INFO - Started process (PID=10955) to work on /home/airflow/.local/lib/python3.8/site-packages/airflow/example_dags/example_params_ui_tutorial.py
[2025-01-14T00:03:38.685+0000] {processor.py:830} INFO - Processing file /home/airflow/.local/lib/python3.8/site-packages/airflow/example_dags/example_params_ui_tutorial.py for tasks to queue
[2025-01-14T00:03:38.686+0000] {logging_mixin.py:188} INFO - [2025-01-14T00:03:38.686+0000] {dagbag.py:538} INFO - Filling up the DagBag from /home/airflow/.local/lib/python3.8/site-packages/airflow/example_dags/example_params_ui_tutorial.py
[2025-01-14T00:03:38.693+0000] {processor.py:840} INFO - DAG(s) 'example_params_ui_tutorial' retrieved from /home/airflow/.local/lib/python3.8/site-packages/airflow/example_dags/example_params_ui_tutorial.py
[2025-01-14T00:03:38.737+0000] {logging_mixin.py:188} INFO - [2025-01-14T00:03:38.737+0000] {dag.py:3036} INFO - Sync 1 DAGs
[2025-01-14T00:03:38.745+0000] {logging_mixin.py:188} INFO - [2025-01-14T00:03:38.744+0000] {dag.py:3823} INFO - Setting next_dagrun for example_params_ui_tutorial to None, run_after=None
[2025-01-14T00:03:38.757+0000] {processor.py:183} INFO - Processing /home/airflow/.local/lib/python3.8/site-packages/airflow/example_dags/example_params_ui_tutorial.py took 0.075 seconds
[2025-01-14T00:04:09.665+0000] {processor.py:161} INFO - Started process (PID=11014) to work on /home/airflow/.local/lib/python3.8/site-packages/airflow/example_dags/example_params_ui_tutorial.py
[2025-01-14T00:04:09.666+0000] {processor.py:830} INFO - Processing file /home/airflow/.local/lib/python3.8/site-packages/airflow/example_dags/example_params_ui_tutorial.py for tasks to queue
[2025-01-14T00:04:09.667+0000] {logging_mixin.py:188} INFO - [2025-01-14T00:04:09.666+0000] {dagbag.py:538} INFO - Filling up the DagBag from /home/airflow/.local/lib/python3.8/site-packages/airflow/example_dags/example_params_ui_tutorial.py
[2025-01-14T00:04:09.675+0000] {processor.py:840} INFO - DAG(s) 'example_params_ui_tutorial' retrieved from /home/airflow/.local/lib/python3.8/site-packages/airflow/example_dags/example_params_ui_tutorial.py
[2025-01-14T00:04:09.714+0000] {logging_mixin.py:188} INFO - [2025-01-14T00:04:09.714+0000] {dag.py:3036} INFO - Sync 1 DAGs
[2025-01-14T00:04:09.722+0000] {logging_mixin.py:188} INFO - [2025-01-14T00:04:09.722+0000] {dag.py:3823} INFO - Setting next_dagrun for example_params_ui_tutorial to None, run_after=None
[2025-01-14T00:04:09.737+0000] {processor.py:183} INFO - Processing /home/airflow/.local/lib/python3.8/site-packages/airflow/example_dags/example_params_ui_tutorial.py took 0.075 seconds
[2025-01-14T00:04:40.748+0000] {processor.py:161} INFO - Started process (PID=11073) to work on /home/airflow/.local/lib/python3.8/site-packages/airflow/example_dags/example_params_ui_tutorial.py
[2025-01-14T00:04:40.749+0000] {processor.py:830} INFO - Processing file /home/airflow/.local/lib/python3.8/site-packages/airflow/example_dags/example_params_ui_tutorial.py for tasks to queue
[2025-01-14T00:04:40.749+0000] {logging_mixin.py:188} INFO - [2025-01-14T00:04:40.749+0000] {dagbag.py:538} INFO - Filling up the DagBag from /home/airflow/.local/lib/python3.8/site-packages/airflow/example_dags/example_params_ui_tutorial.py
[2025-01-14T00:04:40.757+0000] {processor.py:840} INFO - DAG(s) 'example_params_ui_tutorial' retrieved from /home/airflow/.local/lib/python3.8/site-packages/airflow/example_dags/example_params_ui_tutorial.py
[2025-01-14T00:04:40.794+0000] {logging_mixin.py:188} INFO - [2025-01-14T00:04:40.794+0000] {dag.py:3036} INFO - Sync 1 DAGs
[2025-01-14T00:04:40.802+0000] {logging_mixin.py:188} INFO - [2025-01-14T00:04:40.802+0000] {dag.py:3823} INFO - Setting next_dagrun for example_params_ui_tutorial to None, run_after=None
[2025-01-14T00:04:40.815+0000] {processor.py:183} INFO - Processing /home/airflow/.local/lib/python3.8/site-packages/airflow/example_dags/example_params_ui_tutorial.py took 0.069 seconds
[2025-01-14T00:05:11.007+0000] {processor.py:161} INFO - Started process (PID=11132) to work on /home/airflow/.local/lib/python3.8/site-packages/airflow/example_dags/example_params_ui_tutorial.py
[2025-01-14T00:05:11.008+0000] {processor.py:830} INFO - Processing file /home/airflow/.local/lib/python3.8/site-packages/airflow/example_dags/example_params_ui_tutorial.py for tasks to queue
[2025-01-14T00:05:11.008+0000] {logging_mixin.py:188} INFO - [2025-01-14T00:05:11.008+0000] {dagbag.py:538} INFO - Filling up the DagBag from /home/airflow/.local/lib/python3.8/site-packages/airflow/example_dags/example_params_ui_tutorial.py
[2025-01-14T00:05:11.016+0000] {processor.py:840} INFO - DAG(s) 'example_params_ui_tutorial' retrieved from /home/airflow/.local/lib/python3.8/site-packages/airflow/example_dags/example_params_ui_tutorial.py
[2025-01-14T00:05:11.053+0000] {logging_mixin.py:188} INFO - [2025-01-14T00:05:11.053+0000] {dag.py:3036} INFO - Sync 1 DAGs
[2025-01-14T00:05:11.060+0000] {logging_mixin.py:188} INFO - [2025-01-14T00:05:11.060+0000] {dag.py:3823} INFO - Setting next_dagrun for example_params_ui_tutorial to None, run_after=None
[2025-01-14T00:05:11.075+0000] {processor.py:183} INFO - Processing /home/airflow/.local/lib/python3.8/site-packages/airflow/example_dags/example_params_ui_tutorial.py took 0.070 seconds
[2025-01-14T00:06:24.451+0000] {processor.py:161} INFO - Started process (PID=63) to work on /home/airflow/.local/lib/python3.8/site-packages/airflow/example_dags/example_params_ui_tutorial.py
[2025-01-14T00:06:24.452+0000] {processor.py:830} INFO - Processing file /home/airflow/.local/lib/python3.8/site-packages/airflow/example_dags/example_params_ui_tutorial.py for tasks to queue
[2025-01-14T00:06:24.453+0000] {logging_mixin.py:188} INFO - [2025-01-14T00:06:24.453+0000] {dagbag.py:538} INFO - Filling up the DagBag from /home/airflow/.local/lib/python3.8/site-packages/airflow/example_dags/example_params_ui_tutorial.py
[2025-01-14T00:06:24.470+0000] {processor.py:840} INFO - DAG(s) 'example_params_ui_tutorial' retrieved from /home/airflow/.local/lib/python3.8/site-packages/airflow/example_dags/example_params_ui_tutorial.py
[2025-01-14T00:06:24.485+0000] {logging_mixin.py:188} INFO - [2025-01-14T00:06:24.485+0000] {dag.py:3036} INFO - Sync 1 DAGs
[2025-01-14T00:06:24.503+0000] {logging_mixin.py:188} INFO - [2025-01-14T00:06:24.503+0000] {dag.py:3823} INFO - Setting next_dagrun for example_params_ui_tutorial to None, run_after=None
[2025-01-14T00:06:24.521+0000] {processor.py:183} INFO - Processing /home/airflow/.local/lib/python3.8/site-packages/airflow/example_dags/example_params_ui_tutorial.py took 0.072 seconds
[2025-01-14T00:06:55.131+0000] {processor.py:161} INFO - Started process (PID=122) to work on /home/airflow/.local/lib/python3.8/site-packages/airflow/example_dags/example_params_ui_tutorial.py
[2025-01-14T00:06:55.132+0000] {processor.py:830} INFO - Processing file /home/airflow/.local/lib/python3.8/site-packages/airflow/example_dags/example_params_ui_tutorial.py for tasks to queue
[2025-01-14T00:06:55.133+0000] {logging_mixin.py:188} INFO - [2025-01-14T00:06:55.133+0000] {dagbag.py:538} INFO - Filling up the DagBag from /home/airflow/.local/lib/python3.8/site-packages/airflow/example_dags/example_params_ui_tutorial.py
[2025-01-14T00:06:55.140+0000] {processor.py:840} INFO - DAG(s) 'example_params_ui_tutorial' retrieved from /home/airflow/.local/lib/python3.8/site-packages/airflow/example_dags/example_params_ui_tutorial.py
[2025-01-14T00:06:55.223+0000] {logging_mixin.py:188} INFO - [2025-01-14T00:06:55.223+0000] {dag.py:3036} INFO - Sync 1 DAGs
[2025-01-14T00:06:55.229+0000] {logging_mixin.py:188} INFO - [2025-01-14T00:06:55.229+0000] {dag.py:3823} INFO - Setting next_dagrun for example_params_ui_tutorial to None, run_after=None
[2025-01-14T00:06:55.243+0000] {processor.py:183} INFO - Processing /home/airflow/.local/lib/python3.8/site-packages/airflow/example_dags/example_params_ui_tutorial.py took 0.113 seconds
[2025-01-14T00:07:25.955+0000] {processor.py:161} INFO - Started process (PID=181) to work on /home/airflow/.local/lib/python3.8/site-packages/airflow/example_dags/example_params_ui_tutorial.py
[2025-01-14T00:07:25.956+0000] {processor.py:830} INFO - Processing file /home/airflow/.local/lib/python3.8/site-packages/airflow/example_dags/example_params_ui_tutorial.py for tasks to queue
[2025-01-14T00:07:25.957+0000] {logging_mixin.py:188} INFO - [2025-01-14T00:07:25.957+0000] {dagbag.py:538} INFO - Filling up the DagBag from /home/airflow/.local/lib/python3.8/site-packages/airflow/example_dags/example_params_ui_tutorial.py
[2025-01-14T00:07:25.964+0000] {processor.py:840} INFO - DAG(s) 'example_params_ui_tutorial' retrieved from /home/airflow/.local/lib/python3.8/site-packages/airflow/example_dags/example_params_ui_tutorial.py
[2025-01-14T00:07:26.001+0000] {logging_mixin.py:188} INFO - [2025-01-14T00:07:26.001+0000] {dag.py:3036} INFO - Sync 1 DAGs
[2025-01-14T00:07:26.009+0000] {logging_mixin.py:188} INFO - [2025-01-14T00:07:26.008+0000] {dag.py:3823} INFO - Setting next_dagrun for example_params_ui_tutorial to None, run_after=None
[2025-01-14T00:07:26.020+0000] {processor.py:183} INFO - Processing /home/airflow/.local/lib/python3.8/site-packages/airflow/example_dags/example_params_ui_tutorial.py took 0.067 seconds
[2025-01-14T00:07:56.220+0000] {processor.py:161} INFO - Started process (PID=240) to work on /home/airflow/.local/lib/python3.8/site-packages/airflow/example_dags/example_params_ui_tutorial.py
[2025-01-14T00:07:56.221+0000] {processor.py:830} INFO - Processing file /home/airflow/.local/lib/python3.8/site-packages/airflow/example_dags/example_params_ui_tutorial.py for tasks to queue
[2025-01-14T00:07:56.222+0000] {logging_mixin.py:188} INFO - [2025-01-14T00:07:56.222+0000] {dagbag.py:538} INFO - Filling up the DagBag from /home/airflow/.local/lib/python3.8/site-packages/airflow/example_dags/example_params_ui_tutorial.py
[2025-01-14T00:07:56.229+0000] {processor.py:840} INFO - DAG(s) 'example_params_ui_tutorial' retrieved from /home/airflow/.local/lib/python3.8/site-packages/airflow/example_dags/example_params_ui_tutorial.py
[2025-01-14T00:07:56.265+0000] {logging_mixin.py:188} INFO - [2025-01-14T00:07:56.265+0000] {dag.py:3036} INFO - Sync 1 DAGs
[2025-01-14T00:07:56.272+0000] {logging_mixin.py:188} INFO - [2025-01-14T00:07:56.272+0000] {dag.py:3823} INFO - Setting next_dagrun for example_params_ui_tutorial to None, run_after=None
[2025-01-14T00:07:56.284+0000] {processor.py:183} INFO - Processing /home/airflow/.local/lib/python3.8/site-packages/airflow/example_dags/example_params_ui_tutorial.py took 0.065 seconds
[2025-01-14T00:08:26.504+0000] {processor.py:161} INFO - Started process (PID=299) to work on /home/airflow/.local/lib/python3.8/site-packages/airflow/example_dags/example_params_ui_tutorial.py
[2025-01-14T00:08:26.505+0000] {processor.py:830} INFO - Processing file /home/airflow/.local/lib/python3.8/site-packages/airflow/example_dags/example_params_ui_tutorial.py for tasks to queue
[2025-01-14T00:08:26.506+0000] {logging_mixin.py:188} INFO - [2025-01-14T00:08:26.506+0000] {dagbag.py:538} INFO - Filling up the DagBag from /home/airflow/.local/lib/python3.8/site-packages/airflow/example_dags/example_params_ui_tutorial.py
[2025-01-14T00:08:26.513+0000] {processor.py:840} INFO - DAG(s) 'example_params_ui_tutorial' retrieved from /home/airflow/.local/lib/python3.8/site-packages/airflow/example_dags/example_params_ui_tutorial.py
[2025-01-14T00:08:26.549+0000] {logging_mixin.py:188} INFO - [2025-01-14T00:08:26.549+0000] {dag.py:3036} INFO - Sync 1 DAGs
[2025-01-14T00:08:26.557+0000] {logging_mixin.py:188} INFO - [2025-01-14T00:08:26.557+0000] {dag.py:3823} INFO - Setting next_dagrun for example_params_ui_tutorial to None, run_after=None
[2025-01-14T00:08:26.570+0000] {processor.py:183} INFO - Processing /home/airflow/.local/lib/python3.8/site-packages/airflow/example_dags/example_params_ui_tutorial.py took 0.067 seconds
[2025-01-14T00:08:56.732+0000] {processor.py:161} INFO - Started process (PID=358) to work on /home/airflow/.local/lib/python3.8/site-packages/airflow/example_dags/example_params_ui_tutorial.py
[2025-01-14T00:08:56.732+0000] {processor.py:830} INFO - Processing file /home/airflow/.local/lib/python3.8/site-packages/airflow/example_dags/example_params_ui_tutorial.py for tasks to queue
[2025-01-14T00:08:56.733+0000] {logging_mixin.py:188} INFO - [2025-01-14T00:08:56.733+0000] {dagbag.py:538} INFO - Filling up the DagBag from /home/airflow/.local/lib/python3.8/site-packages/airflow/example_dags/example_params_ui_tutorial.py
[2025-01-14T00:08:56.741+0000] {processor.py:840} INFO - DAG(s) 'example_params_ui_tutorial' retrieved from /home/airflow/.local/lib/python3.8/site-packages/airflow/example_dags/example_params_ui_tutorial.py
[2025-01-14T00:08:56.777+0000] {logging_mixin.py:188} INFO - [2025-01-14T00:08:56.777+0000] {dag.py:3036} INFO - Sync 1 DAGs
[2025-01-14T00:08:56.784+0000] {logging_mixin.py:188} INFO - [2025-01-14T00:08:56.784+0000] {dag.py:3823} INFO - Setting next_dagrun for example_params_ui_tutorial to None, run_after=None
[2025-01-14T00:08:56.796+0000] {processor.py:183} INFO - Processing /home/airflow/.local/lib/python3.8/site-packages/airflow/example_dags/example_params_ui_tutorial.py took 0.066 seconds
[2025-01-14T00:09:27.117+0000] {processor.py:161} INFO - Started process (PID=417) to work on /home/airflow/.local/lib/python3.8/site-packages/airflow/example_dags/example_params_ui_tutorial.py
[2025-01-14T00:09:27.118+0000] {processor.py:830} INFO - Processing file /home/airflow/.local/lib/python3.8/site-packages/airflow/example_dags/example_params_ui_tutorial.py for tasks to queue
[2025-01-14T00:09:27.119+0000] {logging_mixin.py:188} INFO - [2025-01-14T00:09:27.119+0000] {dagbag.py:538} INFO - Filling up the DagBag from /home/airflow/.local/lib/python3.8/site-packages/airflow/example_dags/example_params_ui_tutorial.py
[2025-01-14T00:09:27.126+0000] {processor.py:840} INFO - DAG(s) 'example_params_ui_tutorial' retrieved from /home/airflow/.local/lib/python3.8/site-packages/airflow/example_dags/example_params_ui_tutorial.py
[2025-01-14T00:09:27.165+0000] {logging_mixin.py:188} INFO - [2025-01-14T00:09:27.165+0000] {dag.py:3036} INFO - Sync 1 DAGs
[2025-01-14T00:09:27.173+0000] {logging_mixin.py:188} INFO - [2025-01-14T00:09:27.173+0000] {dag.py:3823} INFO - Setting next_dagrun for example_params_ui_tutorial to None, run_after=None
[2025-01-14T00:09:27.186+0000] {processor.py:183} INFO - Processing /home/airflow/.local/lib/python3.8/site-packages/airflow/example_dags/example_params_ui_tutorial.py took 0.071 seconds
[2025-01-14T00:09:58.151+0000] {processor.py:161} INFO - Started process (PID=476) to work on /home/airflow/.local/lib/python3.8/site-packages/airflow/example_dags/example_params_ui_tutorial.py
[2025-01-14T00:09:58.152+0000] {processor.py:830} INFO - Processing file /home/airflow/.local/lib/python3.8/site-packages/airflow/example_dags/example_params_ui_tutorial.py for tasks to queue
[2025-01-14T00:09:58.153+0000] {logging_mixin.py:188} INFO - [2025-01-14T00:09:58.153+0000] {dagbag.py:538} INFO - Filling up the DagBag from /home/airflow/.local/lib/python3.8/site-packages/airflow/example_dags/example_params_ui_tutorial.py
[2025-01-14T00:09:58.161+0000] {processor.py:840} INFO - DAG(s) 'example_params_ui_tutorial' retrieved from /home/airflow/.local/lib/python3.8/site-packages/airflow/example_dags/example_params_ui_tutorial.py
[2025-01-14T00:09:58.209+0000] {logging_mixin.py:188} INFO - [2025-01-14T00:09:58.208+0000] {dag.py:3036} INFO - Sync 1 DAGs
[2025-01-14T00:09:58.217+0000] {logging_mixin.py:188} INFO - [2025-01-14T00:09:58.217+0000] {dag.py:3823} INFO - Setting next_dagrun for example_params_ui_tutorial to None, run_after=None
[2025-01-14T00:09:58.232+0000] {processor.py:183} INFO - Processing /home/airflow/.local/lib/python3.8/site-packages/airflow/example_dags/example_params_ui_tutorial.py took 0.083 seconds
[2025-01-14T00:10:29.530+0000] {processor.py:161} INFO - Started process (PID=535) to work on /home/airflow/.local/lib/python3.8/site-packages/airflow/example_dags/example_params_ui_tutorial.py
[2025-01-14T00:10:29.531+0000] {processor.py:830} INFO - Processing file /home/airflow/.local/lib/python3.8/site-packages/airflow/example_dags/example_params_ui_tutorial.py for tasks to queue
[2025-01-14T00:10:29.532+0000] {logging_mixin.py:188} INFO - [2025-01-14T00:10:29.532+0000] {dagbag.py:538} INFO - Filling up the DagBag from /home/airflow/.local/lib/python3.8/site-packages/airflow/example_dags/example_params_ui_tutorial.py
[2025-01-14T00:10:29.539+0000] {processor.py:840} INFO - DAG(s) 'example_params_ui_tutorial' retrieved from /home/airflow/.local/lib/python3.8/site-packages/airflow/example_dags/example_params_ui_tutorial.py
[2025-01-14T00:10:29.576+0000] {logging_mixin.py:188} INFO - [2025-01-14T00:10:29.576+0000] {dag.py:3036} INFO - Sync 1 DAGs
[2025-01-14T00:10:29.584+0000] {logging_mixin.py:188} INFO - [2025-01-14T00:10:29.584+0000] {dag.py:3823} INFO - Setting next_dagrun for example_params_ui_tutorial to None, run_after=None
[2025-01-14T00:10:29.596+0000] {processor.py:183} INFO - Processing /home/airflow/.local/lib/python3.8/site-packages/airflow/example_dags/example_params_ui_tutorial.py took 0.067 seconds
[2025-01-14T00:11:00.581+0000] {processor.py:161} INFO - Started process (PID=594) to work on /home/airflow/.local/lib/python3.8/site-packages/airflow/example_dags/example_params_ui_tutorial.py
[2025-01-14T00:11:00.582+0000] {processor.py:830} INFO - Processing file /home/airflow/.local/lib/python3.8/site-packages/airflow/example_dags/example_params_ui_tutorial.py for tasks to queue
[2025-01-14T00:11:00.583+0000] {logging_mixin.py:188} INFO - [2025-01-14T00:11:00.583+0000] {dagbag.py:538} INFO - Filling up the DagBag from /home/airflow/.local/lib/python3.8/site-packages/airflow/example_dags/example_params_ui_tutorial.py
[2025-01-14T00:11:00.591+0000] {processor.py:840} INFO - DAG(s) 'example_params_ui_tutorial' retrieved from /home/airflow/.local/lib/python3.8/site-packages/airflow/example_dags/example_params_ui_tutorial.py
[2025-01-14T00:11:00.631+0000] {logging_mixin.py:188} INFO - [2025-01-14T00:11:00.631+0000] {dag.py:3036} INFO - Sync 1 DAGs
[2025-01-14T00:11:00.640+0000] {logging_mixin.py:188} INFO - [2025-01-14T00:11:00.640+0000] {dag.py:3823} INFO - Setting next_dagrun for example_params_ui_tutorial to None, run_after=None
[2025-01-14T00:11:00.655+0000] {processor.py:183} INFO - Processing /home/airflow/.local/lib/python3.8/site-packages/airflow/example_dags/example_params_ui_tutorial.py took 0.076 seconds
[2025-01-14T00:11:31.850+0000] {processor.py:161} INFO - Started process (PID=653) to work on /home/airflow/.local/lib/python3.8/site-packages/airflow/example_dags/example_params_ui_tutorial.py
[2025-01-14T00:11:31.851+0000] {processor.py:830} INFO - Processing file /home/airflow/.local/lib/python3.8/site-packages/airflow/example_dags/example_params_ui_tutorial.py for tasks to queue
[2025-01-14T00:11:31.852+0000] {logging_mixin.py:188} INFO - [2025-01-14T00:11:31.852+0000] {dagbag.py:538} INFO - Filling up the DagBag from /home/airflow/.local/lib/python3.8/site-packages/airflow/example_dags/example_params_ui_tutorial.py
[2025-01-14T00:11:31.859+0000] {processor.py:840} INFO - DAG(s) 'example_params_ui_tutorial' retrieved from /home/airflow/.local/lib/python3.8/site-packages/airflow/example_dags/example_params_ui_tutorial.py
[2025-01-14T00:11:31.896+0000] {logging_mixin.py:188} INFO - [2025-01-14T00:11:31.896+0000] {dag.py:3036} INFO - Sync 1 DAGs
[2025-01-14T00:11:31.903+0000] {logging_mixin.py:188} INFO - [2025-01-14T00:11:31.903+0000] {dag.py:3823} INFO - Setting next_dagrun for example_params_ui_tutorial to None, run_after=None
[2025-01-14T00:11:31.916+0000] {processor.py:183} INFO - Processing /home/airflow/.local/lib/python3.8/site-packages/airflow/example_dags/example_params_ui_tutorial.py took 0.068 seconds
[2025-01-14T00:12:03.143+0000] {processor.py:161} INFO - Started process (PID=712) to work on /home/airflow/.local/lib/python3.8/site-packages/airflow/example_dags/example_params_ui_tutorial.py
[2025-01-14T00:12:03.143+0000] {processor.py:830} INFO - Processing file /home/airflow/.local/lib/python3.8/site-packages/airflow/example_dags/example_params_ui_tutorial.py for tasks to queue
[2025-01-14T00:12:03.144+0000] {logging_mixin.py:188} INFO - [2025-01-14T00:12:03.144+0000] {dagbag.py:538} INFO - Filling up the DagBag from /home/airflow/.local/lib/python3.8/site-packages/airflow/example_dags/example_params_ui_tutorial.py
[2025-01-14T00:12:03.152+0000] {processor.py:840} INFO - DAG(s) 'example_params_ui_tutorial' retrieved from /home/airflow/.local/lib/python3.8/site-packages/airflow/example_dags/example_params_ui_tutorial.py
[2025-01-14T00:12:03.194+0000] {logging_mixin.py:188} INFO - [2025-01-14T00:12:03.193+0000] {dag.py:3036} INFO - Sync 1 DAGs
[2025-01-14T00:12:03.202+0000] {logging_mixin.py:188} INFO - [2025-01-14T00:12:03.201+0000] {dag.py:3823} INFO - Setting next_dagrun for example_params_ui_tutorial to None, run_after=None
[2025-01-14T00:12:03.217+0000] {processor.py:183} INFO - Processing /home/airflow/.local/lib/python3.8/site-packages/airflow/example_dags/example_params_ui_tutorial.py took 0.076 seconds
[2025-01-14T00:12:34.348+0000] {processor.py:161} INFO - Started process (PID=771) to work on /home/airflow/.local/lib/python3.8/site-packages/airflow/example_dags/example_params_ui_tutorial.py
[2025-01-14T00:12:34.349+0000] {processor.py:830} INFO - Processing file /home/airflow/.local/lib/python3.8/site-packages/airflow/example_dags/example_params_ui_tutorial.py for tasks to queue
[2025-01-14T00:12:34.350+0000] {logging_mixin.py:188} INFO - [2025-01-14T00:12:34.350+0000] {dagbag.py:538} INFO - Filling up the DagBag from /home/airflow/.local/lib/python3.8/site-packages/airflow/example_dags/example_params_ui_tutorial.py
[2025-01-14T00:12:34.357+0000] {processor.py:840} INFO - DAG(s) 'example_params_ui_tutorial' retrieved from /home/airflow/.local/lib/python3.8/site-packages/airflow/example_dags/example_params_ui_tutorial.py
[2025-01-14T00:12:34.394+0000] {logging_mixin.py:188} INFO - [2025-01-14T00:12:34.394+0000] {dag.py:3036} INFO - Sync 1 DAGs
[2025-01-14T00:12:34.402+0000] {logging_mixin.py:188} INFO - [2025-01-14T00:12:34.401+0000] {dag.py:3823} INFO - Setting next_dagrun for example_params_ui_tutorial to None, run_after=None
[2025-01-14T00:12:34.415+0000] {processor.py:183} INFO - Processing /home/airflow/.local/lib/python3.8/site-packages/airflow/example_dags/example_params_ui_tutorial.py took 0.069 seconds
[2025-01-14T00:13:05.438+0000] {processor.py:161} INFO - Started process (PID=830) to work on /home/airflow/.local/lib/python3.8/site-packages/airflow/example_dags/example_params_ui_tutorial.py
[2025-01-14T00:13:05.439+0000] {processor.py:830} INFO - Processing file /home/airflow/.local/lib/python3.8/site-packages/airflow/example_dags/example_params_ui_tutorial.py for tasks to queue
[2025-01-14T00:13:05.440+0000] {logging_mixin.py:188} INFO - [2025-01-14T00:13:05.440+0000] {dagbag.py:538} INFO - Filling up the DagBag from /home/airflow/.local/lib/python3.8/site-packages/airflow/example_dags/example_params_ui_tutorial.py
[2025-01-14T00:13:05.447+0000] {processor.py:840} INFO - DAG(s) 'example_params_ui_tutorial' retrieved from /home/airflow/.local/lib/python3.8/site-packages/airflow/example_dags/example_params_ui_tutorial.py
[2025-01-14T00:13:05.484+0000] {logging_mixin.py:188} INFO - [2025-01-14T00:13:05.484+0000] {dag.py:3036} INFO - Sync 1 DAGs
[2025-01-14T00:13:05.492+0000] {logging_mixin.py:188} INFO - [2025-01-14T00:13:05.492+0000] {dag.py:3823} INFO - Setting next_dagrun for example_params_ui_tutorial to None, run_after=None
[2025-01-14T00:13:05.504+0000] {processor.py:183} INFO - Processing /home/airflow/.local/lib/python3.8/site-packages/airflow/example_dags/example_params_ui_tutorial.py took 0.068 seconds
[2025-01-14T00:13:36.548+0000] {processor.py:161} INFO - Started process (PID=889) to work on /home/airflow/.local/lib/python3.8/site-packages/airflow/example_dags/example_params_ui_tutorial.py
[2025-01-14T00:13:36.549+0000] {processor.py:830} INFO - Processing file /home/airflow/.local/lib/python3.8/site-packages/airflow/example_dags/example_params_ui_tutorial.py for tasks to queue
[2025-01-14T00:13:36.549+0000] {logging_mixin.py:188} INFO - [2025-01-14T00:13:36.549+0000] {dagbag.py:538} INFO - Filling up the DagBag from /home/airflow/.local/lib/python3.8/site-packages/airflow/example_dags/example_params_ui_tutorial.py
[2025-01-14T00:13:36.557+0000] {processor.py:840} INFO - DAG(s) 'example_params_ui_tutorial' retrieved from /home/airflow/.local/lib/python3.8/site-packages/airflow/example_dags/example_params_ui_tutorial.py
[2025-01-14T00:13:36.593+0000] {logging_mixin.py:188} INFO - [2025-01-14T00:13:36.593+0000] {dag.py:3036} INFO - Sync 1 DAGs
[2025-01-14T00:13:36.601+0000] {logging_mixin.py:188} INFO - [2025-01-14T00:13:36.600+0000] {dag.py:3823} INFO - Setting next_dagrun for example_params_ui_tutorial to None, run_after=None
[2025-01-14T00:13:36.613+0000] {processor.py:183} INFO - Processing /home/airflow/.local/lib/python3.8/site-packages/airflow/example_dags/example_params_ui_tutorial.py took 0.067 seconds
[2025-01-14T00:14:06.862+0000] {processor.py:161} INFO - Started process (PID=948) to work on /home/airflow/.local/lib/python3.8/site-packages/airflow/example_dags/example_params_ui_tutorial.py
[2025-01-14T00:14:06.863+0000] {processor.py:830} INFO - Processing file /home/airflow/.local/lib/python3.8/site-packages/airflow/example_dags/example_params_ui_tutorial.py for tasks to queue
[2025-01-14T00:14:06.864+0000] {logging_mixin.py:188} INFO - [2025-01-14T00:14:06.864+0000] {dagbag.py:538} INFO - Filling up the DagBag from /home/airflow/.local/lib/python3.8/site-packages/airflow/example_dags/example_params_ui_tutorial.py
[2025-01-14T00:14:06.871+0000] {processor.py:840} INFO - DAG(s) 'example_params_ui_tutorial' retrieved from /home/airflow/.local/lib/python3.8/site-packages/airflow/example_dags/example_params_ui_tutorial.py
[2025-01-14T00:14:06.909+0000] {logging_mixin.py:188} INFO - [2025-01-14T00:14:06.909+0000] {dag.py:3036} INFO - Sync 1 DAGs
[2025-01-14T00:14:06.916+0000] {logging_mixin.py:188} INFO - [2025-01-14T00:14:06.916+0000] {dag.py:3823} INFO - Setting next_dagrun for example_params_ui_tutorial to None, run_after=None
[2025-01-14T00:14:06.929+0000] {processor.py:183} INFO - Processing /home/airflow/.local/lib/python3.8/site-packages/airflow/example_dags/example_params_ui_tutorial.py took 0.069 seconds
[2025-01-14T00:14:38.148+0000] {processor.py:161} INFO - Started process (PID=1007) to work on /home/airflow/.local/lib/python3.8/site-packages/airflow/example_dags/example_params_ui_tutorial.py
[2025-01-14T00:14:38.149+0000] {processor.py:830} INFO - Processing file /home/airflow/.local/lib/python3.8/site-packages/airflow/example_dags/example_params_ui_tutorial.py for tasks to queue
[2025-01-14T00:14:38.150+0000] {logging_mixin.py:188} INFO - [2025-01-14T00:14:38.150+0000] {dagbag.py:538} INFO - Filling up the DagBag from /home/airflow/.local/lib/python3.8/site-packages/airflow/example_dags/example_params_ui_tutorial.py
[2025-01-14T00:14:38.157+0000] {processor.py:840} INFO - DAG(s) 'example_params_ui_tutorial' retrieved from /home/airflow/.local/lib/python3.8/site-packages/airflow/example_dags/example_params_ui_tutorial.py
[2025-01-14T00:14:38.195+0000] {logging_mixin.py:188} INFO - [2025-01-14T00:14:38.195+0000] {dag.py:3036} INFO - Sync 1 DAGs
[2025-01-14T00:14:38.203+0000] {logging_mixin.py:188} INFO - [2025-01-14T00:14:38.203+0000] {dag.py:3823} INFO - Setting next_dagrun for example_params_ui_tutorial to None, run_after=None
[2025-01-14T00:14:38.218+0000] {processor.py:183} INFO - Processing /home/airflow/.local/lib/python3.8/site-packages/airflow/example_dags/example_params_ui_tutorial.py took 0.072 seconds
[2025-01-14T00:15:09.308+0000] {processor.py:161} INFO - Started process (PID=1066) to work on /home/airflow/.local/lib/python3.8/site-packages/airflow/example_dags/example_params_ui_tutorial.py
[2025-01-14T00:15:09.309+0000] {processor.py:830} INFO - Processing file /home/airflow/.local/lib/python3.8/site-packages/airflow/example_dags/example_params_ui_tutorial.py for tasks to queue
[2025-01-14T00:15:09.310+0000] {logging_mixin.py:188} INFO - [2025-01-14T00:15:09.310+0000] {dagbag.py:538} INFO - Filling up the DagBag from /home/airflow/.local/lib/python3.8/site-packages/airflow/example_dags/example_params_ui_tutorial.py
[2025-01-14T00:15:09.317+0000] {processor.py:840} INFO - DAG(s) 'example_params_ui_tutorial' retrieved from /home/airflow/.local/lib/python3.8/site-packages/airflow/example_dags/example_params_ui_tutorial.py
[2025-01-14T00:15:09.353+0000] {logging_mixin.py:188} INFO - [2025-01-14T00:15:09.353+0000] {dag.py:3036} INFO - Sync 1 DAGs
[2025-01-14T00:15:09.360+0000] {logging_mixin.py:188} INFO - [2025-01-14T00:15:09.360+0000] {dag.py:3823} INFO - Setting next_dagrun for example_params_ui_tutorial to None, run_after=None
[2025-01-14T00:15:09.372+0000] {processor.py:183} INFO - Processing /home/airflow/.local/lib/python3.8/site-packages/airflow/example_dags/example_params_ui_tutorial.py took 0.067 seconds
[2025-01-14T00:15:40.581+0000] {processor.py:161} INFO - Started process (PID=1125) to work on /home/airflow/.local/lib/python3.8/site-packages/airflow/example_dags/example_params_ui_tutorial.py
[2025-01-14T00:15:40.582+0000] {processor.py:830} INFO - Processing file /home/airflow/.local/lib/python3.8/site-packages/airflow/example_dags/example_params_ui_tutorial.py for tasks to queue
[2025-01-14T00:15:40.583+0000] {logging_mixin.py:188} INFO - [2025-01-14T00:15:40.583+0000] {dagbag.py:538} INFO - Filling up the DagBag from /home/airflow/.local/lib/python3.8/site-packages/airflow/example_dags/example_params_ui_tutorial.py
[2025-01-14T00:15:40.590+0000] {processor.py:840} INFO - DAG(s) 'example_params_ui_tutorial' retrieved from /home/airflow/.local/lib/python3.8/site-packages/airflow/example_dags/example_params_ui_tutorial.py
[2025-01-14T00:15:40.626+0000] {logging_mixin.py:188} INFO - [2025-01-14T00:15:40.626+0000] {dag.py:3036} INFO - Sync 1 DAGs
[2025-01-14T00:15:40.634+0000] {logging_mixin.py:188} INFO - [2025-01-14T00:15:40.633+0000] {dag.py:3823} INFO - Setting next_dagrun for example_params_ui_tutorial to None, run_after=None
[2025-01-14T00:15:40.646+0000] {processor.py:183} INFO - Processing /home/airflow/.local/lib/python3.8/site-packages/airflow/example_dags/example_params_ui_tutorial.py took 0.067 seconds
[2025-01-14T00:16:11.926+0000] {processor.py:161} INFO - Started process (PID=1184) to work on /home/airflow/.local/lib/python3.8/site-packages/airflow/example_dags/example_params_ui_tutorial.py
[2025-01-14T00:16:11.927+0000] {processor.py:830} INFO - Processing file /home/airflow/.local/lib/python3.8/site-packages/airflow/example_dags/example_params_ui_tutorial.py for tasks to queue
[2025-01-14T00:16:11.928+0000] {logging_mixin.py:188} INFO - [2025-01-14T00:16:11.928+0000] {dagbag.py:538} INFO - Filling up the DagBag from /home/airflow/.local/lib/python3.8/site-packages/airflow/example_dags/example_params_ui_tutorial.py
[2025-01-14T00:16:11.935+0000] {processor.py:840} INFO - DAG(s) 'example_params_ui_tutorial' retrieved from /home/airflow/.local/lib/python3.8/site-packages/airflow/example_dags/example_params_ui_tutorial.py
[2025-01-14T00:16:11.974+0000] {logging_mixin.py:188} INFO - [2025-01-14T00:16:11.974+0000] {dag.py:3036} INFO - Sync 1 DAGs
[2025-01-14T00:16:11.984+0000] {logging_mixin.py:188} INFO - [2025-01-14T00:16:11.984+0000] {dag.py:3823} INFO - Setting next_dagrun for example_params_ui_tutorial to None, run_after=None
[2025-01-14T00:16:11.998+0000] {processor.py:183} INFO - Processing /home/airflow/.local/lib/python3.8/site-packages/airflow/example_dags/example_params_ui_tutorial.py took 0.073 seconds
[2025-01-14T00:16:43.095+0000] {processor.py:161} INFO - Started process (PID=1249) to work on /home/airflow/.local/lib/python3.8/site-packages/airflow/example_dags/example_params_ui_tutorial.py
[2025-01-14T00:16:43.095+0000] {processor.py:830} INFO - Processing file /home/airflow/.local/lib/python3.8/site-packages/airflow/example_dags/example_params_ui_tutorial.py for tasks to queue
[2025-01-14T00:16:43.096+0000] {logging_mixin.py:188} INFO - [2025-01-14T00:16:43.096+0000] {dagbag.py:538} INFO - Filling up the DagBag from /home/airflow/.local/lib/python3.8/site-packages/airflow/example_dags/example_params_ui_tutorial.py
[2025-01-14T00:16:43.103+0000] {processor.py:840} INFO - DAG(s) 'example_params_ui_tutorial' retrieved from /home/airflow/.local/lib/python3.8/site-packages/airflow/example_dags/example_params_ui_tutorial.py
[2025-01-14T00:16:43.140+0000] {logging_mixin.py:188} INFO - [2025-01-14T00:16:43.140+0000] {dag.py:3036} INFO - Sync 1 DAGs
[2025-01-14T00:16:43.147+0000] {logging_mixin.py:188} INFO - [2025-01-14T00:16:43.147+0000] {dag.py:3823} INFO - Setting next_dagrun for example_params_ui_tutorial to None, run_after=None
[2025-01-14T00:16:43.160+0000] {processor.py:183} INFO - Processing /home/airflow/.local/lib/python3.8/site-packages/airflow/example_dags/example_params_ui_tutorial.py took 0.067 seconds
[2025-01-14T00:17:14.250+0000] {processor.py:161} INFO - Started process (PID=1308) to work on /home/airflow/.local/lib/python3.8/site-packages/airflow/example_dags/example_params_ui_tutorial.py
[2025-01-14T00:17:14.251+0000] {processor.py:830} INFO - Processing file /home/airflow/.local/lib/python3.8/site-packages/airflow/example_dags/example_params_ui_tutorial.py for tasks to queue
[2025-01-14T00:17:14.252+0000] {logging_mixin.py:188} INFO - [2025-01-14T00:17:14.251+0000] {dagbag.py:538} INFO - Filling up the DagBag from /home/airflow/.local/lib/python3.8/site-packages/airflow/example_dags/example_params_ui_tutorial.py
[2025-01-14T00:17:14.259+0000] {processor.py:840} INFO - DAG(s) 'example_params_ui_tutorial' retrieved from /home/airflow/.local/lib/python3.8/site-packages/airflow/example_dags/example_params_ui_tutorial.py
[2025-01-14T00:17:14.294+0000] {logging_mixin.py:188} INFO - [2025-01-14T00:17:14.294+0000] {dag.py:3036} INFO - Sync 1 DAGs
[2025-01-14T00:17:14.302+0000] {logging_mixin.py:188} INFO - [2025-01-14T00:17:14.302+0000] {dag.py:3823} INFO - Setting next_dagrun for example_params_ui_tutorial to None, run_after=None
[2025-01-14T00:17:14.314+0000] {processor.py:183} INFO - Processing /home/airflow/.local/lib/python3.8/site-packages/airflow/example_dags/example_params_ui_tutorial.py took 0.066 seconds
[2025-01-14T00:17:45.363+0000] {processor.py:161} INFO - Started process (PID=1367) to work on /home/airflow/.local/lib/python3.8/site-packages/airflow/example_dags/example_params_ui_tutorial.py
[2025-01-14T00:17:45.364+0000] {processor.py:830} INFO - Processing file /home/airflow/.local/lib/python3.8/site-packages/airflow/example_dags/example_params_ui_tutorial.py for tasks to queue
[2025-01-14T00:17:45.365+0000] {logging_mixin.py:188} INFO - [2025-01-14T00:17:45.365+0000] {dagbag.py:538} INFO - Filling up the DagBag from /home/airflow/.local/lib/python3.8/site-packages/airflow/example_dags/example_params_ui_tutorial.py
[2025-01-14T00:17:45.372+0000] {processor.py:840} INFO - DAG(s) 'example_params_ui_tutorial' retrieved from /home/airflow/.local/lib/python3.8/site-packages/airflow/example_dags/example_params_ui_tutorial.py
[2025-01-14T00:17:45.408+0000] {logging_mixin.py:188} INFO - [2025-01-14T00:17:45.408+0000] {dag.py:3036} INFO - Sync 1 DAGs
[2025-01-14T00:17:45.416+0000] {logging_mixin.py:188} INFO - [2025-01-14T00:17:45.416+0000] {dag.py:3823} INFO - Setting next_dagrun for example_params_ui_tutorial to None, run_after=None
[2025-01-14T00:17:45.428+0000] {processor.py:183} INFO - Processing /home/airflow/.local/lib/python3.8/site-packages/airflow/example_dags/example_params_ui_tutorial.py took 0.067 seconds
[2025-01-14T00:18:15.779+0000] {processor.py:161} INFO - Started process (PID=1426) to work on /home/airflow/.local/lib/python3.8/site-packages/airflow/example_dags/example_params_ui_tutorial.py
[2025-01-14T00:18:15.780+0000] {processor.py:830} INFO - Processing file /home/airflow/.local/lib/python3.8/site-packages/airflow/example_dags/example_params_ui_tutorial.py for tasks to queue
[2025-01-14T00:18:15.781+0000] {logging_mixin.py:188} INFO - [2025-01-14T00:18:15.781+0000] {dagbag.py:538} INFO - Filling up the DagBag from /home/airflow/.local/lib/python3.8/site-packages/airflow/example_dags/example_params_ui_tutorial.py
[2025-01-14T00:18:15.788+0000] {processor.py:840} INFO - DAG(s) 'example_params_ui_tutorial' retrieved from /home/airflow/.local/lib/python3.8/site-packages/airflow/example_dags/example_params_ui_tutorial.py
[2025-01-14T00:18:15.827+0000] {logging_mixin.py:188} INFO - [2025-01-14T00:18:15.827+0000] {dag.py:3036} INFO - Sync 1 DAGs
[2025-01-14T00:18:15.835+0000] {logging_mixin.py:188} INFO - [2025-01-14T00:18:15.835+0000] {dag.py:3823} INFO - Setting next_dagrun for example_params_ui_tutorial to None, run_after=None
[2025-01-14T00:18:15.848+0000] {processor.py:183} INFO - Processing /home/airflow/.local/lib/python3.8/site-packages/airflow/example_dags/example_params_ui_tutorial.py took 0.070 seconds
[2025-01-14T00:18:46.958+0000] {processor.py:161} INFO - Started process (PID=1485) to work on /home/airflow/.local/lib/python3.8/site-packages/airflow/example_dags/example_params_ui_tutorial.py
[2025-01-14T00:18:46.959+0000] {processor.py:830} INFO - Processing file /home/airflow/.local/lib/python3.8/site-packages/airflow/example_dags/example_params_ui_tutorial.py for tasks to queue
[2025-01-14T00:18:46.960+0000] {logging_mixin.py:188} INFO - [2025-01-14T00:18:46.960+0000] {dagbag.py:538} INFO - Filling up the DagBag from /home/airflow/.local/lib/python3.8/site-packages/airflow/example_dags/example_params_ui_tutorial.py
[2025-01-14T00:18:46.967+0000] {processor.py:840} INFO - DAG(s) 'example_params_ui_tutorial' retrieved from /home/airflow/.local/lib/python3.8/site-packages/airflow/example_dags/example_params_ui_tutorial.py
[2025-01-14T00:18:47.003+0000] {logging_mixin.py:188} INFO - [2025-01-14T00:18:47.003+0000] {dag.py:3036} INFO - Sync 1 DAGs
[2025-01-14T00:18:47.010+0000] {logging_mixin.py:188} INFO - [2025-01-14T00:18:47.010+0000] {dag.py:3823} INFO - Setting next_dagrun for example_params_ui_tutorial to None, run_after=None
[2025-01-14T00:18:47.023+0000] {processor.py:183} INFO - Processing /home/airflow/.local/lib/python3.8/site-packages/airflow/example_dags/example_params_ui_tutorial.py took 0.067 seconds
[2025-01-14T00:19:18.038+0000] {processor.py:161} INFO - Started process (PID=1544) to work on /home/airflow/.local/lib/python3.8/site-packages/airflow/example_dags/example_params_ui_tutorial.py
[2025-01-14T00:19:18.039+0000] {processor.py:830} INFO - Processing file /home/airflow/.local/lib/python3.8/site-packages/airflow/example_dags/example_params_ui_tutorial.py for tasks to queue
[2025-01-14T00:19:18.040+0000] {logging_mixin.py:188} INFO - [2025-01-14T00:19:18.039+0000] {dagbag.py:538} INFO - Filling up the DagBag from /home/airflow/.local/lib/python3.8/site-packages/airflow/example_dags/example_params_ui_tutorial.py
[2025-01-14T00:19:18.047+0000] {processor.py:840} INFO - DAG(s) 'example_params_ui_tutorial' retrieved from /home/airflow/.local/lib/python3.8/site-packages/airflow/example_dags/example_params_ui_tutorial.py
[2025-01-14T00:19:18.089+0000] {logging_mixin.py:188} INFO - [2025-01-14T00:19:18.088+0000] {dag.py:3036} INFO - Sync 1 DAGs
[2025-01-14T00:19:18.098+0000] {logging_mixin.py:188} INFO - [2025-01-14T00:19:18.097+0000] {dag.py:3823} INFO - Setting next_dagrun for example_params_ui_tutorial to None, run_after=None
[2025-01-14T00:19:18.111+0000] {processor.py:183} INFO - Processing /home/airflow/.local/lib/python3.8/site-packages/airflow/example_dags/example_params_ui_tutorial.py took 0.075 seconds
[2025-01-14T00:19:49.517+0000] {processor.py:161} INFO - Started process (PID=1603) to work on /home/airflow/.local/lib/python3.8/site-packages/airflow/example_dags/example_params_ui_tutorial.py
[2025-01-14T00:19:49.517+0000] {processor.py:830} INFO - Processing file /home/airflow/.local/lib/python3.8/site-packages/airflow/example_dags/example_params_ui_tutorial.py for tasks to queue
[2025-01-14T00:19:49.518+0000] {logging_mixin.py:188} INFO - [2025-01-14T00:19:49.518+0000] {dagbag.py:538} INFO - Filling up the DagBag from /home/airflow/.local/lib/python3.8/site-packages/airflow/example_dags/example_params_ui_tutorial.py
[2025-01-14T00:19:49.528+0000] {processor.py:840} INFO - DAG(s) 'example_params_ui_tutorial' retrieved from /home/airflow/.local/lib/python3.8/site-packages/airflow/example_dags/example_params_ui_tutorial.py
[2025-01-14T00:19:49.572+0000] {logging_mixin.py:188} INFO - [2025-01-14T00:19:49.572+0000] {dag.py:3036} INFO - Sync 1 DAGs
[2025-01-14T00:19:49.579+0000] {logging_mixin.py:188} INFO - [2025-01-14T00:19:49.579+0000] {dag.py:3823} INFO - Setting next_dagrun for example_params_ui_tutorial to None, run_after=None
[2025-01-14T00:19:49.595+0000] {processor.py:183} INFO - Processing /home/airflow/.local/lib/python3.8/site-packages/airflow/example_dags/example_params_ui_tutorial.py took 0.080 seconds
[2025-01-14T00:20:21.025+0000] {processor.py:161} INFO - Started process (PID=1662) to work on /home/airflow/.local/lib/python3.8/site-packages/airflow/example_dags/example_params_ui_tutorial.py
[2025-01-14T00:20:21.026+0000] {processor.py:830} INFO - Processing file /home/airflow/.local/lib/python3.8/site-packages/airflow/example_dags/example_params_ui_tutorial.py for tasks to queue
[2025-01-14T00:20:21.028+0000] {logging_mixin.py:188} INFO - [2025-01-14T00:20:21.028+0000] {dagbag.py:538} INFO - Filling up the DagBag from /home/airflow/.local/lib/python3.8/site-packages/airflow/example_dags/example_params_ui_tutorial.py
[2025-01-14T00:20:21.037+0000] {processor.py:840} INFO - DAG(s) 'example_params_ui_tutorial' retrieved from /home/airflow/.local/lib/python3.8/site-packages/airflow/example_dags/example_params_ui_tutorial.py
[2025-01-14T00:20:21.087+0000] {logging_mixin.py:188} INFO - [2025-01-14T00:20:21.087+0000] {dag.py:3036} INFO - Sync 1 DAGs
[2025-01-14T00:20:21.098+0000] {logging_mixin.py:188} INFO - [2025-01-14T00:20:21.098+0000] {dag.py:3823} INFO - Setting next_dagrun for example_params_ui_tutorial to None, run_after=None
[2025-01-14T00:20:21.114+0000] {processor.py:183} INFO - Processing /home/airflow/.local/lib/python3.8/site-packages/airflow/example_dags/example_params_ui_tutorial.py took 0.092 seconds
[2025-01-14T00:20:51.278+0000] {processor.py:161} INFO - Started process (PID=1721) to work on /home/airflow/.local/lib/python3.8/site-packages/airflow/example_dags/example_params_ui_tutorial.py
[2025-01-14T00:20:51.279+0000] {processor.py:830} INFO - Processing file /home/airflow/.local/lib/python3.8/site-packages/airflow/example_dags/example_params_ui_tutorial.py for tasks to queue
[2025-01-14T00:20:51.280+0000] {logging_mixin.py:188} INFO - [2025-01-14T00:20:51.280+0000] {dagbag.py:538} INFO - Filling up the DagBag from /home/airflow/.local/lib/python3.8/site-packages/airflow/example_dags/example_params_ui_tutorial.py
[2025-01-14T00:20:51.288+0000] {processor.py:840} INFO - DAG(s) 'example_params_ui_tutorial' retrieved from /home/airflow/.local/lib/python3.8/site-packages/airflow/example_dags/example_params_ui_tutorial.py
[2025-01-14T00:20:51.328+0000] {logging_mixin.py:188} INFO - [2025-01-14T00:20:51.328+0000] {dag.py:3036} INFO - Sync 1 DAGs
[2025-01-14T00:20:51.336+0000] {logging_mixin.py:188} INFO - [2025-01-14T00:20:51.336+0000] {dag.py:3823} INFO - Setting next_dagrun for example_params_ui_tutorial to None, run_after=None
[2025-01-14T00:20:51.349+0000] {processor.py:183} INFO - Processing /home/airflow/.local/lib/python3.8/site-packages/airflow/example_dags/example_params_ui_tutorial.py took 0.073 seconds
[2025-01-14T00:21:22.355+0000] {processor.py:161} INFO - Started process (PID=1780) to work on /home/airflow/.local/lib/python3.8/site-packages/airflow/example_dags/example_params_ui_tutorial.py
[2025-01-14T00:21:22.356+0000] {processor.py:830} INFO - Processing file /home/airflow/.local/lib/python3.8/site-packages/airflow/example_dags/example_params_ui_tutorial.py for tasks to queue
[2025-01-14T00:21:22.357+0000] {logging_mixin.py:188} INFO - [2025-01-14T00:21:22.357+0000] {dagbag.py:538} INFO - Filling up the DagBag from /home/airflow/.local/lib/python3.8/site-packages/airflow/example_dags/example_params_ui_tutorial.py
[2025-01-14T00:21:22.365+0000] {processor.py:840} INFO - DAG(s) 'example_params_ui_tutorial' retrieved from /home/airflow/.local/lib/python3.8/site-packages/airflow/example_dags/example_params_ui_tutorial.py
[2025-01-14T00:21:22.402+0000] {logging_mixin.py:188} INFO - [2025-01-14T00:21:22.402+0000] {dag.py:3036} INFO - Sync 1 DAGs
[2025-01-14T00:21:22.409+0000] {logging_mixin.py:188} INFO - [2025-01-14T00:21:22.409+0000] {dag.py:3823} INFO - Setting next_dagrun for example_params_ui_tutorial to None, run_after=None
[2025-01-14T00:21:22.421+0000] {processor.py:183} INFO - Processing /home/airflow/.local/lib/python3.8/site-packages/airflow/example_dags/example_params_ui_tutorial.py took 0.068 seconds
[2025-01-14T00:21:53.742+0000] {processor.py:161} INFO - Started process (PID=1839) to work on /home/airflow/.local/lib/python3.8/site-packages/airflow/example_dags/example_params_ui_tutorial.py
[2025-01-14T00:21:53.742+0000] {processor.py:830} INFO - Processing file /home/airflow/.local/lib/python3.8/site-packages/airflow/example_dags/example_params_ui_tutorial.py for tasks to queue
[2025-01-14T00:21:53.743+0000] {logging_mixin.py:188} INFO - [2025-01-14T00:21:53.743+0000] {dagbag.py:538} INFO - Filling up the DagBag from /home/airflow/.local/lib/python3.8/site-packages/airflow/example_dags/example_params_ui_tutorial.py
[2025-01-14T00:21:53.751+0000] {processor.py:840} INFO - DAG(s) 'example_params_ui_tutorial' retrieved from /home/airflow/.local/lib/python3.8/site-packages/airflow/example_dags/example_params_ui_tutorial.py
[2025-01-14T00:21:53.789+0000] {logging_mixin.py:188} INFO - [2025-01-14T00:21:53.788+0000] {dag.py:3036} INFO - Sync 1 DAGs
[2025-01-14T00:21:53.797+0000] {logging_mixin.py:188} INFO - [2025-01-14T00:21:53.796+0000] {dag.py:3823} INFO - Setting next_dagrun for example_params_ui_tutorial to None, run_after=None
[2025-01-14T00:21:53.811+0000] {processor.py:183} INFO - Processing /home/airflow/.local/lib/python3.8/site-packages/airflow/example_dags/example_params_ui_tutorial.py took 0.072 seconds
[2025-01-14T00:22:24.908+0000] {processor.py:161} INFO - Started process (PID=1898) to work on /home/airflow/.local/lib/python3.8/site-packages/airflow/example_dags/example_params_ui_tutorial.py
[2025-01-14T00:22:24.908+0000] {processor.py:830} INFO - Processing file /home/airflow/.local/lib/python3.8/site-packages/airflow/example_dags/example_params_ui_tutorial.py for tasks to queue
[2025-01-14T00:22:24.909+0000] {logging_mixin.py:188} INFO - [2025-01-14T00:22:24.909+0000] {dagbag.py:538} INFO - Filling up the DagBag from /home/airflow/.local/lib/python3.8/site-packages/airflow/example_dags/example_params_ui_tutorial.py
[2025-01-14T00:22:24.917+0000] {processor.py:840} INFO - DAG(s) 'example_params_ui_tutorial' retrieved from /home/airflow/.local/lib/python3.8/site-packages/airflow/example_dags/example_params_ui_tutorial.py
[2025-01-14T00:22:24.955+0000] {logging_mixin.py:188} INFO - [2025-01-14T00:22:24.954+0000] {dag.py:3036} INFO - Sync 1 DAGs
[2025-01-14T00:22:24.962+0000] {logging_mixin.py:188} INFO - [2025-01-14T00:22:24.962+0000] {dag.py:3823} INFO - Setting next_dagrun for example_params_ui_tutorial to None, run_after=None
[2025-01-14T00:22:24.976+0000] {processor.py:183} INFO - Processing /home/airflow/.local/lib/python3.8/site-packages/airflow/example_dags/example_params_ui_tutorial.py took 0.070 seconds
[2025-01-14T00:22:56.021+0000] {processor.py:161} INFO - Started process (PID=1957) to work on /home/airflow/.local/lib/python3.8/site-packages/airflow/example_dags/example_params_ui_tutorial.py
[2025-01-14T00:22:56.021+0000] {processor.py:830} INFO - Processing file /home/airflow/.local/lib/python3.8/site-packages/airflow/example_dags/example_params_ui_tutorial.py for tasks to queue
[2025-01-14T00:22:56.022+0000] {logging_mixin.py:188} INFO - [2025-01-14T00:22:56.022+0000] {dagbag.py:538} INFO - Filling up the DagBag from /home/airflow/.local/lib/python3.8/site-packages/airflow/example_dags/example_params_ui_tutorial.py
[2025-01-14T00:22:56.029+0000] {processor.py:840} INFO - DAG(s) 'example_params_ui_tutorial' retrieved from /home/airflow/.local/lib/python3.8/site-packages/airflow/example_dags/example_params_ui_tutorial.py
[2025-01-14T00:22:56.066+0000] {logging_mixin.py:188} INFO - [2025-01-14T00:22:56.066+0000] {dag.py:3036} INFO - Sync 1 DAGs
[2025-01-14T00:22:56.074+0000] {logging_mixin.py:188} INFO - [2025-01-14T00:22:56.073+0000] {dag.py:3823} INFO - Setting next_dagrun for example_params_ui_tutorial to None, run_after=None
[2025-01-14T00:22:56.086+0000] {processor.py:183} INFO - Processing /home/airflow/.local/lib/python3.8/site-packages/airflow/example_dags/example_params_ui_tutorial.py took 0.067 seconds
[2025-01-14T00:23:27.203+0000] {processor.py:161} INFO - Started process (PID=2016) to work on /home/airflow/.local/lib/python3.8/site-packages/airflow/example_dags/example_params_ui_tutorial.py
[2025-01-14T00:23:27.203+0000] {processor.py:830} INFO - Processing file /home/airflow/.local/lib/python3.8/site-packages/airflow/example_dags/example_params_ui_tutorial.py for tasks to queue
[2025-01-14T00:23:27.204+0000] {logging_mixin.py:188} INFO - [2025-01-14T00:23:27.204+0000] {dagbag.py:538} INFO - Filling up the DagBag from /home/airflow/.local/lib/python3.8/site-packages/airflow/example_dags/example_params_ui_tutorial.py
[2025-01-14T00:23:27.211+0000] {processor.py:840} INFO - DAG(s) 'example_params_ui_tutorial' retrieved from /home/airflow/.local/lib/python3.8/site-packages/airflow/example_dags/example_params_ui_tutorial.py
[2025-01-14T00:23:27.248+0000] {logging_mixin.py:188} INFO - [2025-01-14T00:23:27.247+0000] {dag.py:3036} INFO - Sync 1 DAGs
[2025-01-14T00:23:27.255+0000] {logging_mixin.py:188} INFO - [2025-01-14T00:23:27.255+0000] {dag.py:3823} INFO - Setting next_dagrun for example_params_ui_tutorial to None, run_after=None
[2025-01-14T00:23:27.267+0000] {processor.py:183} INFO - Processing /home/airflow/.local/lib/python3.8/site-packages/airflow/example_dags/example_params_ui_tutorial.py took 0.066 seconds
[2025-01-14T00:23:58.295+0000] {processor.py:161} INFO - Started process (PID=2075) to work on /home/airflow/.local/lib/python3.8/site-packages/airflow/example_dags/example_params_ui_tutorial.py
[2025-01-14T00:23:58.296+0000] {processor.py:830} INFO - Processing file /home/airflow/.local/lib/python3.8/site-packages/airflow/example_dags/example_params_ui_tutorial.py for tasks to queue
[2025-01-14T00:23:58.297+0000] {logging_mixin.py:188} INFO - [2025-01-14T00:23:58.297+0000] {dagbag.py:538} INFO - Filling up the DagBag from /home/airflow/.local/lib/python3.8/site-packages/airflow/example_dags/example_params_ui_tutorial.py
[2025-01-14T00:23:58.304+0000] {processor.py:840} INFO - DAG(s) 'example_params_ui_tutorial' retrieved from /home/airflow/.local/lib/python3.8/site-packages/airflow/example_dags/example_params_ui_tutorial.py
[2025-01-14T00:23:58.340+0000] {logging_mixin.py:188} INFO - [2025-01-14T00:23:58.340+0000] {dag.py:3036} INFO - Sync 1 DAGs
[2025-01-14T00:23:58.348+0000] {logging_mixin.py:188} INFO - [2025-01-14T00:23:58.348+0000] {dag.py:3823} INFO - Setting next_dagrun for example_params_ui_tutorial to None, run_after=None
[2025-01-14T00:23:58.360+0000] {processor.py:183} INFO - Processing /home/airflow/.local/lib/python3.8/site-packages/airflow/example_dags/example_params_ui_tutorial.py took 0.068 seconds
[2025-01-14T00:24:29.470+0000] {processor.py:161} INFO - Started process (PID=2134) to work on /home/airflow/.local/lib/python3.8/site-packages/airflow/example_dags/example_params_ui_tutorial.py
[2025-01-14T00:24:29.470+0000] {processor.py:830} INFO - Processing file /home/airflow/.local/lib/python3.8/site-packages/airflow/example_dags/example_params_ui_tutorial.py for tasks to queue
[2025-01-14T00:24:29.471+0000] {logging_mixin.py:188} INFO - [2025-01-14T00:24:29.471+0000] {dagbag.py:538} INFO - Filling up the DagBag from /home/airflow/.local/lib/python3.8/site-packages/airflow/example_dags/example_params_ui_tutorial.py
[2025-01-14T00:24:29.478+0000] {processor.py:840} INFO - DAG(s) 'example_params_ui_tutorial' retrieved from /home/airflow/.local/lib/python3.8/site-packages/airflow/example_dags/example_params_ui_tutorial.py
[2025-01-14T00:24:29.515+0000] {logging_mixin.py:188} INFO - [2025-01-14T00:24:29.515+0000] {dag.py:3036} INFO - Sync 1 DAGs
[2025-01-14T00:24:29.523+0000] {logging_mixin.py:188} INFO - [2025-01-14T00:24:29.523+0000] {dag.py:3823} INFO - Setting next_dagrun for example_params_ui_tutorial to None, run_after=None
[2025-01-14T00:24:29.535+0000] {processor.py:183} INFO - Processing /home/airflow/.local/lib/python3.8/site-packages/airflow/example_dags/example_params_ui_tutorial.py took 0.068 seconds
[2025-01-14T00:24:59.779+0000] {processor.py:161} INFO - Started process (PID=2193) to work on /home/airflow/.local/lib/python3.8/site-packages/airflow/example_dags/example_params_ui_tutorial.py
[2025-01-14T00:24:59.780+0000] {processor.py:830} INFO - Processing file /home/airflow/.local/lib/python3.8/site-packages/airflow/example_dags/example_params_ui_tutorial.py for tasks to queue
[2025-01-14T00:24:59.781+0000] {logging_mixin.py:188} INFO - [2025-01-14T00:24:59.781+0000] {dagbag.py:538} INFO - Filling up the DagBag from /home/airflow/.local/lib/python3.8/site-packages/airflow/example_dags/example_params_ui_tutorial.py
[2025-01-14T00:24:59.790+0000] {processor.py:840} INFO - DAG(s) 'example_params_ui_tutorial' retrieved from /home/airflow/.local/lib/python3.8/site-packages/airflow/example_dags/example_params_ui_tutorial.py
[2025-01-14T00:24:59.828+0000] {logging_mixin.py:188} INFO - [2025-01-14T00:24:59.828+0000] {dag.py:3036} INFO - Sync 1 DAGs
[2025-01-14T00:24:59.835+0000] {logging_mixin.py:188} INFO - [2025-01-14T00:24:59.835+0000] {dag.py:3823} INFO - Setting next_dagrun for example_params_ui_tutorial to None, run_after=None
[2025-01-14T00:24:59.848+0000] {processor.py:183} INFO - Processing /home/airflow/.local/lib/python3.8/site-packages/airflow/example_dags/example_params_ui_tutorial.py took 0.071 seconds
[2025-01-14T00:25:30.854+0000] {processor.py:161} INFO - Started process (PID=2252) to work on /home/airflow/.local/lib/python3.8/site-packages/airflow/example_dags/example_params_ui_tutorial.py
[2025-01-14T00:25:30.854+0000] {processor.py:830} INFO - Processing file /home/airflow/.local/lib/python3.8/site-packages/airflow/example_dags/example_params_ui_tutorial.py for tasks to queue
[2025-01-14T00:25:30.856+0000] {logging_mixin.py:188} INFO - [2025-01-14T00:25:30.855+0000] {dagbag.py:538} INFO - Filling up the DagBag from /home/airflow/.local/lib/python3.8/site-packages/airflow/example_dags/example_params_ui_tutorial.py
[2025-01-14T00:25:30.863+0000] {processor.py:840} INFO - DAG(s) 'example_params_ui_tutorial' retrieved from /home/airflow/.local/lib/python3.8/site-packages/airflow/example_dags/example_params_ui_tutorial.py
[2025-01-14T00:25:30.900+0000] {logging_mixin.py:188} INFO - [2025-01-14T00:25:30.900+0000] {dag.py:3036} INFO - Sync 1 DAGs
[2025-01-14T00:25:30.907+0000] {logging_mixin.py:188} INFO - [2025-01-14T00:25:30.907+0000] {dag.py:3823} INFO - Setting next_dagrun for example_params_ui_tutorial to None, run_after=None
[2025-01-14T00:25:30.919+0000] {processor.py:183} INFO - Processing /home/airflow/.local/lib/python3.8/site-packages/airflow/example_dags/example_params_ui_tutorial.py took 0.067 seconds
[2025-01-14T00:26:02.108+0000] {processor.py:161} INFO - Started process (PID=2311) to work on /home/airflow/.local/lib/python3.8/site-packages/airflow/example_dags/example_params_ui_tutorial.py
[2025-01-14T00:26:02.108+0000] {processor.py:830} INFO - Processing file /home/airflow/.local/lib/python3.8/site-packages/airflow/example_dags/example_params_ui_tutorial.py for tasks to queue
[2025-01-14T00:26:02.109+0000] {logging_mixin.py:188} INFO - [2025-01-14T00:26:02.109+0000] {dagbag.py:538} INFO - Filling up the DagBag from /home/airflow/.local/lib/python3.8/site-packages/airflow/example_dags/example_params_ui_tutorial.py
[2025-01-14T00:26:02.116+0000] {processor.py:840} INFO - DAG(s) 'example_params_ui_tutorial' retrieved from /home/airflow/.local/lib/python3.8/site-packages/airflow/example_dags/example_params_ui_tutorial.py
[2025-01-14T00:26:02.153+0000] {logging_mixin.py:188} INFO - [2025-01-14T00:26:02.152+0000] {dag.py:3036} INFO - Sync 1 DAGs
[2025-01-14T00:26:02.160+0000] {logging_mixin.py:188} INFO - [2025-01-14T00:26:02.160+0000] {dag.py:3823} INFO - Setting next_dagrun for example_params_ui_tutorial to None, run_after=None
[2025-01-14T00:26:02.172+0000] {processor.py:183} INFO - Processing /home/airflow/.local/lib/python3.8/site-packages/airflow/example_dags/example_params_ui_tutorial.py took 0.066 seconds
[2025-01-14T00:26:32.649+0000] {processor.py:161} INFO - Started process (PID=2370) to work on /home/airflow/.local/lib/python3.8/site-packages/airflow/example_dags/example_params_ui_tutorial.py
[2025-01-14T00:26:32.650+0000] {processor.py:830} INFO - Processing file /home/airflow/.local/lib/python3.8/site-packages/airflow/example_dags/example_params_ui_tutorial.py for tasks to queue
[2025-01-14T00:26:32.651+0000] {logging_mixin.py:188} INFO - [2025-01-14T00:26:32.651+0000] {dagbag.py:538} INFO - Filling up the DagBag from /home/airflow/.local/lib/python3.8/site-packages/airflow/example_dags/example_params_ui_tutorial.py
[2025-01-14T00:26:32.660+0000] {processor.py:840} INFO - DAG(s) 'example_params_ui_tutorial' retrieved from /home/airflow/.local/lib/python3.8/site-packages/airflow/example_dags/example_params_ui_tutorial.py
[2025-01-14T00:26:32.698+0000] {logging_mixin.py:188} INFO - [2025-01-14T00:26:32.698+0000] {dag.py:3036} INFO - Sync 1 DAGs
[2025-01-14T00:26:32.706+0000] {logging_mixin.py:188} INFO - [2025-01-14T00:26:32.706+0000] {dag.py:3823} INFO - Setting next_dagrun for example_params_ui_tutorial to None, run_after=None
[2025-01-14T00:26:32.719+0000] {processor.py:183} INFO - Processing /home/airflow/.local/lib/python3.8/site-packages/airflow/example_dags/example_params_ui_tutorial.py took 0.072 seconds
[2025-01-14T00:27:03.687+0000] {processor.py:161} INFO - Started process (PID=2431) to work on /home/airflow/.local/lib/python3.8/site-packages/airflow/example_dags/example_params_ui_tutorial.py
[2025-01-14T00:27:03.687+0000] {processor.py:830} INFO - Processing file /home/airflow/.local/lib/python3.8/site-packages/airflow/example_dags/example_params_ui_tutorial.py for tasks to queue
[2025-01-14T00:27:03.688+0000] {logging_mixin.py:188} INFO - [2025-01-14T00:27:03.688+0000] {dagbag.py:538} INFO - Filling up the DagBag from /home/airflow/.local/lib/python3.8/site-packages/airflow/example_dags/example_params_ui_tutorial.py
[2025-01-14T00:27:03.696+0000] {processor.py:840} INFO - DAG(s) 'example_params_ui_tutorial' retrieved from /home/airflow/.local/lib/python3.8/site-packages/airflow/example_dags/example_params_ui_tutorial.py
[2025-01-14T00:27:03.734+0000] {logging_mixin.py:188} INFO - [2025-01-14T00:27:03.733+0000] {dag.py:3036} INFO - Sync 1 DAGs
[2025-01-14T00:27:03.741+0000] {logging_mixin.py:188} INFO - [2025-01-14T00:27:03.741+0000] {dag.py:3823} INFO - Setting next_dagrun for example_params_ui_tutorial to None, run_after=None
[2025-01-14T00:27:03.754+0000] {processor.py:183} INFO - Processing /home/airflow/.local/lib/python3.8/site-packages/airflow/example_dags/example_params_ui_tutorial.py took 0.070 seconds
[2025-01-14T00:27:34.529+0000] {processor.py:161} INFO - Started process (PID=2490) to work on /home/airflow/.local/lib/python3.8/site-packages/airflow/example_dags/example_params_ui_tutorial.py
[2025-01-14T00:27:34.530+0000] {processor.py:830} INFO - Processing file /home/airflow/.local/lib/python3.8/site-packages/airflow/example_dags/example_params_ui_tutorial.py for tasks to queue
[2025-01-14T00:27:34.531+0000] {logging_mixin.py:188} INFO - [2025-01-14T00:27:34.531+0000] {dagbag.py:538} INFO - Filling up the DagBag from /home/airflow/.local/lib/python3.8/site-packages/airflow/example_dags/example_params_ui_tutorial.py
[2025-01-14T00:27:34.540+0000] {processor.py:840} INFO - DAG(s) 'example_params_ui_tutorial' retrieved from /home/airflow/.local/lib/python3.8/site-packages/airflow/example_dags/example_params_ui_tutorial.py
[2025-01-14T00:27:34.578+0000] {logging_mixin.py:188} INFO - [2025-01-14T00:27:34.578+0000] {dag.py:3036} INFO - Sync 1 DAGs
[2025-01-14T00:27:34.586+0000] {logging_mixin.py:188} INFO - [2025-01-14T00:27:34.586+0000] {dag.py:3823} INFO - Setting next_dagrun for example_params_ui_tutorial to None, run_after=None
[2025-01-14T00:27:34.599+0000] {processor.py:183} INFO - Processing /home/airflow/.local/lib/python3.8/site-packages/airflow/example_dags/example_params_ui_tutorial.py took 0.072 seconds
