[2025-01-14T00:00:07.670+0000] {processor.py:161} INFO - Started process (PID=10555) to work on /home/airflow/.local/lib/python3.8/site-packages/airflow/example_dags/example_sla_dag.py
[2025-01-14T00:00:07.671+0000] {processor.py:830} INFO - Processing file /home/airflow/.local/lib/python3.8/site-packages/airflow/example_dags/example_sla_dag.py for tasks to queue
[2025-01-14T00:00:07.671+0000] {logging_mixin.py:188} INFO - [2025-01-14T00:00:07.671+0000] {dagbag.py:538} INFO - Filling up the DagBag from /home/airflow/.local/lib/python3.8/site-packages/airflow/example_dags/example_sla_dag.py
[2025-01-14T00:00:07.677+0000] {processor.py:840} INFO - DAG(s) 'example_sla_dag' retrieved from /home/airflow/.local/lib/python3.8/site-packages/airflow/example_dags/example_sla_dag.py
[2025-01-14T00:00:07.690+0000] {logging_mixin.py:188} INFO - [2025-01-14T00:00:07.690+0000] {dag.py:3036} INFO - Sync 1 DAGs
[2025-01-14T00:00:07.706+0000] {logging_mixin.py:188} INFO - [2025-01-14T00:00:07.706+0000] {dag.py:3823} INFO - Setting next_dagrun for example_sla_dag to 2025-01-13 23:58:00+00:00, run_after=2025-01-14 00:00:00+00:00
[2025-01-14T00:00:07.720+0000] {processor.py:183} INFO - Processing /home/airflow/.local/lib/python3.8/site-packages/airflow/example_dags/example_sla_dag.py took 0.051 seconds
[2025-01-14T00:00:37.841+0000] {processor.py:161} INFO - Started process (PID=10616) to work on /home/airflow/.local/lib/python3.8/site-packages/airflow/example_dags/example_sla_dag.py
[2025-01-14T00:00:37.841+0000] {processor.py:830} INFO - Processing file /home/airflow/.local/lib/python3.8/site-packages/airflow/example_dags/example_sla_dag.py for tasks to queue
[2025-01-14T00:00:37.842+0000] {logging_mixin.py:188} INFO - [2025-01-14T00:00:37.842+0000] {dagbag.py:538} INFO - Filling up the DagBag from /home/airflow/.local/lib/python3.8/site-packages/airflow/example_dags/example_sla_dag.py
[2025-01-14T00:00:37.847+0000] {processor.py:840} INFO - DAG(s) 'example_sla_dag' retrieved from /home/airflow/.local/lib/python3.8/site-packages/airflow/example_dags/example_sla_dag.py
[2025-01-14T00:00:37.860+0000] {logging_mixin.py:188} INFO - [2025-01-14T00:00:37.860+0000] {dag.py:3036} INFO - Sync 1 DAGs
[2025-01-14T00:00:37.876+0000] {logging_mixin.py:188} INFO - [2025-01-14T00:00:37.875+0000] {dag.py:3823} INFO - Setting next_dagrun for example_sla_dag to 2025-01-13 23:58:00+00:00, run_after=2025-01-14 00:00:00+00:00
[2025-01-14T00:00:37.888+0000] {processor.py:183} INFO - Processing /home/airflow/.local/lib/python3.8/site-packages/airflow/example_dags/example_sla_dag.py took 0.049 seconds
[2025-01-14T00:01:07.939+0000] {processor.py:161} INFO - Started process (PID=10675) to work on /home/airflow/.local/lib/python3.8/site-packages/airflow/example_dags/example_sla_dag.py
[2025-01-14T00:01:07.940+0000] {processor.py:830} INFO - Processing file /home/airflow/.local/lib/python3.8/site-packages/airflow/example_dags/example_sla_dag.py for tasks to queue
[2025-01-14T00:01:07.941+0000] {logging_mixin.py:188} INFO - [2025-01-14T00:01:07.941+0000] {dagbag.py:538} INFO - Filling up the DagBag from /home/airflow/.local/lib/python3.8/site-packages/airflow/example_dags/example_sla_dag.py
[2025-01-14T00:01:07.946+0000] {processor.py:840} INFO - DAG(s) 'example_sla_dag' retrieved from /home/airflow/.local/lib/python3.8/site-packages/airflow/example_dags/example_sla_dag.py
[2025-01-14T00:01:07.959+0000] {logging_mixin.py:188} INFO - [2025-01-14T00:01:07.959+0000] {dag.py:3036} INFO - Sync 1 DAGs
[2025-01-14T00:01:07.974+0000] {logging_mixin.py:188} INFO - [2025-01-14T00:01:07.974+0000] {dag.py:3823} INFO - Setting next_dagrun for example_sla_dag to 2025-01-13 23:58:00+00:00, run_after=2025-01-14 00:00:00+00:00
[2025-01-14T00:01:07.986+0000] {processor.py:183} INFO - Processing /home/airflow/.local/lib/python3.8/site-packages/airflow/example_dags/example_sla_dag.py took 0.049 seconds
[2025-01-14T00:01:38.024+0000] {processor.py:161} INFO - Started process (PID=10734) to work on /home/airflow/.local/lib/python3.8/site-packages/airflow/example_dags/example_sla_dag.py
[2025-01-14T00:01:38.024+0000] {processor.py:830} INFO - Processing file /home/airflow/.local/lib/python3.8/site-packages/airflow/example_dags/example_sla_dag.py for tasks to queue
[2025-01-14T00:01:38.025+0000] {logging_mixin.py:188} INFO - [2025-01-14T00:01:38.025+0000] {dagbag.py:538} INFO - Filling up the DagBag from /home/airflow/.local/lib/python3.8/site-packages/airflow/example_dags/example_sla_dag.py
[2025-01-14T00:01:38.030+0000] {processor.py:840} INFO - DAG(s) 'example_sla_dag' retrieved from /home/airflow/.local/lib/python3.8/site-packages/airflow/example_dags/example_sla_dag.py
[2025-01-14T00:01:38.043+0000] {logging_mixin.py:188} INFO - [2025-01-14T00:01:38.043+0000] {dag.py:3036} INFO - Sync 1 DAGs
[2025-01-14T00:01:38.058+0000] {logging_mixin.py:188} INFO - [2025-01-14T00:01:38.057+0000] {dag.py:3823} INFO - Setting next_dagrun for example_sla_dag to 2025-01-13 23:58:00+00:00, run_after=2025-01-14 00:00:00+00:00
[2025-01-14T00:01:38.070+0000] {processor.py:183} INFO - Processing /home/airflow/.local/lib/python3.8/site-packages/airflow/example_dags/example_sla_dag.py took 0.048 seconds
[2025-01-14T00:02:08.963+0000] {processor.py:161} INFO - Started process (PID=10793) to work on /home/airflow/.local/lib/python3.8/site-packages/airflow/example_dags/example_sla_dag.py
[2025-01-14T00:02:08.964+0000] {processor.py:830} INFO - Processing file /home/airflow/.local/lib/python3.8/site-packages/airflow/example_dags/example_sla_dag.py for tasks to queue
[2025-01-14T00:02:08.965+0000] {logging_mixin.py:188} INFO - [2025-01-14T00:02:08.965+0000] {dagbag.py:538} INFO - Filling up the DagBag from /home/airflow/.local/lib/python3.8/site-packages/airflow/example_dags/example_sla_dag.py
[2025-01-14T00:02:08.970+0000] {processor.py:840} INFO - DAG(s) 'example_sla_dag' retrieved from /home/airflow/.local/lib/python3.8/site-packages/airflow/example_dags/example_sla_dag.py
[2025-01-14T00:02:08.985+0000] {logging_mixin.py:188} INFO - [2025-01-14T00:02:08.985+0000] {dag.py:3036} INFO - Sync 1 DAGs
[2025-01-14T00:02:09.001+0000] {logging_mixin.py:188} INFO - [2025-01-14T00:02:09.001+0000] {dag.py:3823} INFO - Setting next_dagrun for example_sla_dag to 2025-01-14 00:00:00+00:00, run_after=2025-01-14 00:02:00+00:00
[2025-01-14T00:02:09.013+0000] {processor.py:183} INFO - Processing /home/airflow/.local/lib/python3.8/site-packages/airflow/example_dags/example_sla_dag.py took 0.052 seconds
[2025-01-14T00:02:39.833+0000] {processor.py:161} INFO - Started process (PID=10852) to work on /home/airflow/.local/lib/python3.8/site-packages/airflow/example_dags/example_sla_dag.py
[2025-01-14T00:02:39.834+0000] {processor.py:830} INFO - Processing file /home/airflow/.local/lib/python3.8/site-packages/airflow/example_dags/example_sla_dag.py for tasks to queue
[2025-01-14T00:02:39.835+0000] {logging_mixin.py:188} INFO - [2025-01-14T00:02:39.834+0000] {dagbag.py:538} INFO - Filling up the DagBag from /home/airflow/.local/lib/python3.8/site-packages/airflow/example_dags/example_sla_dag.py
[2025-01-14T00:02:39.840+0000] {processor.py:840} INFO - DAG(s) 'example_sla_dag' retrieved from /home/airflow/.local/lib/python3.8/site-packages/airflow/example_dags/example_sla_dag.py
[2025-01-14T00:02:39.855+0000] {logging_mixin.py:188} INFO - [2025-01-14T00:02:39.855+0000] {dag.py:3036} INFO - Sync 1 DAGs
[2025-01-14T00:02:39.872+0000] {logging_mixin.py:188} INFO - [2025-01-14T00:02:39.872+0000] {dag.py:3823} INFO - Setting next_dagrun for example_sla_dag to 2025-01-14 00:00:00+00:00, run_after=2025-01-14 00:02:00+00:00
[2025-01-14T00:02:39.885+0000] {processor.py:183} INFO - Processing /home/airflow/.local/lib/python3.8/site-packages/airflow/example_dags/example_sla_dag.py took 0.054 seconds
[2025-01-14T00:03:10.071+0000] {processor.py:161} INFO - Started process (PID=10911) to work on /home/airflow/.local/lib/python3.8/site-packages/airflow/example_dags/example_sla_dag.py
[2025-01-14T00:03:10.071+0000] {processor.py:830} INFO - Processing file /home/airflow/.local/lib/python3.8/site-packages/airflow/example_dags/example_sla_dag.py for tasks to queue
[2025-01-14T00:03:10.072+0000] {logging_mixin.py:188} INFO - [2025-01-14T00:03:10.072+0000] {dagbag.py:538} INFO - Filling up the DagBag from /home/airflow/.local/lib/python3.8/site-packages/airflow/example_dags/example_sla_dag.py
[2025-01-14T00:03:10.077+0000] {processor.py:840} INFO - DAG(s) 'example_sla_dag' retrieved from /home/airflow/.local/lib/python3.8/site-packages/airflow/example_dags/example_sla_dag.py
[2025-01-14T00:03:10.090+0000] {logging_mixin.py:188} INFO - [2025-01-14T00:03:10.090+0000] {dag.py:3036} INFO - Sync 1 DAGs
[2025-01-14T00:03:10.105+0000] {logging_mixin.py:188} INFO - [2025-01-14T00:03:10.105+0000] {dag.py:3823} INFO - Setting next_dagrun for example_sla_dag to 2025-01-14 00:00:00+00:00, run_after=2025-01-14 00:02:00+00:00
[2025-01-14T00:03:10.116+0000] {processor.py:183} INFO - Processing /home/airflow/.local/lib/python3.8/site-packages/airflow/example_dags/example_sla_dag.py took 0.047 seconds
[2025-01-14T00:03:40.228+0000] {processor.py:161} INFO - Started process (PID=10970) to work on /home/airflow/.local/lib/python3.8/site-packages/airflow/example_dags/example_sla_dag.py
[2025-01-14T00:03:40.228+0000] {processor.py:830} INFO - Processing file /home/airflow/.local/lib/python3.8/site-packages/airflow/example_dags/example_sla_dag.py for tasks to queue
[2025-01-14T00:03:40.229+0000] {logging_mixin.py:188} INFO - [2025-01-14T00:03:40.229+0000] {dagbag.py:538} INFO - Filling up the DagBag from /home/airflow/.local/lib/python3.8/site-packages/airflow/example_dags/example_sla_dag.py
[2025-01-14T00:03:40.234+0000] {processor.py:840} INFO - DAG(s) 'example_sla_dag' retrieved from /home/airflow/.local/lib/python3.8/site-packages/airflow/example_dags/example_sla_dag.py
[2025-01-14T00:03:40.247+0000] {logging_mixin.py:188} INFO - [2025-01-14T00:03:40.247+0000] {dag.py:3036} INFO - Sync 1 DAGs
[2025-01-14T00:03:40.262+0000] {logging_mixin.py:188} INFO - [2025-01-14T00:03:40.261+0000] {dag.py:3823} INFO - Setting next_dagrun for example_sla_dag to 2025-01-14 00:00:00+00:00, run_after=2025-01-14 00:02:00+00:00
[2025-01-14T00:03:40.273+0000] {processor.py:183} INFO - Processing /home/airflow/.local/lib/python3.8/site-packages/airflow/example_dags/example_sla_dag.py took 0.047 seconds
[2025-01-14T00:04:11.208+0000] {processor.py:161} INFO - Started process (PID=11029) to work on /home/airflow/.local/lib/python3.8/site-packages/airflow/example_dags/example_sla_dag.py
[2025-01-14T00:04:11.209+0000] {processor.py:830} INFO - Processing file /home/airflow/.local/lib/python3.8/site-packages/airflow/example_dags/example_sla_dag.py for tasks to queue
[2025-01-14T00:04:11.209+0000] {logging_mixin.py:188} INFO - [2025-01-14T00:04:11.209+0000] {dagbag.py:538} INFO - Filling up the DagBag from /home/airflow/.local/lib/python3.8/site-packages/airflow/example_dags/example_sla_dag.py
[2025-01-14T00:04:11.215+0000] {processor.py:840} INFO - DAG(s) 'example_sla_dag' retrieved from /home/airflow/.local/lib/python3.8/site-packages/airflow/example_dags/example_sla_dag.py
[2025-01-14T00:04:11.229+0000] {logging_mixin.py:188} INFO - [2025-01-14T00:04:11.229+0000] {dag.py:3036} INFO - Sync 1 DAGs
[2025-01-14T00:04:11.245+0000] {logging_mixin.py:188} INFO - [2025-01-14T00:04:11.245+0000] {dag.py:3823} INFO - Setting next_dagrun for example_sla_dag to 2025-01-14 00:02:00+00:00, run_after=2025-01-14 00:04:00+00:00
[2025-01-14T00:04:11.259+0000] {processor.py:183} INFO - Processing /home/airflow/.local/lib/python3.8/site-packages/airflow/example_dags/example_sla_dag.py took 0.053 seconds
[2025-01-14T00:04:41.498+0000] {processor.py:161} INFO - Started process (PID=11088) to work on /home/airflow/.local/lib/python3.8/site-packages/airflow/example_dags/example_sla_dag.py
[2025-01-14T00:04:41.499+0000] {processor.py:830} INFO - Processing file /home/airflow/.local/lib/python3.8/site-packages/airflow/example_dags/example_sla_dag.py for tasks to queue
[2025-01-14T00:04:41.500+0000] {logging_mixin.py:188} INFO - [2025-01-14T00:04:41.499+0000] {dagbag.py:538} INFO - Filling up the DagBag from /home/airflow/.local/lib/python3.8/site-packages/airflow/example_dags/example_sla_dag.py
[2025-01-14T00:04:41.505+0000] {processor.py:840} INFO - DAG(s) 'example_sla_dag' retrieved from /home/airflow/.local/lib/python3.8/site-packages/airflow/example_dags/example_sla_dag.py
[2025-01-14T00:04:41.521+0000] {logging_mixin.py:188} INFO - [2025-01-14T00:04:41.521+0000] {dag.py:3036} INFO - Sync 1 DAGs
[2025-01-14T00:04:41.538+0000] {logging_mixin.py:188} INFO - [2025-01-14T00:04:41.538+0000] {dag.py:3823} INFO - Setting next_dagrun for example_sla_dag to 2025-01-14 00:02:00+00:00, run_after=2025-01-14 00:04:00+00:00
[2025-01-14T00:04:41.551+0000] {processor.py:183} INFO - Processing /home/airflow/.local/lib/python3.8/site-packages/airflow/example_dags/example_sla_dag.py took 0.055 seconds
[2025-01-14T00:05:11.567+0000] {processor.py:161} INFO - Started process (PID=11147) to work on /home/airflow/.local/lib/python3.8/site-packages/airflow/example_dags/example_sla_dag.py
[2025-01-14T00:05:11.568+0000] {processor.py:830} INFO - Processing file /home/airflow/.local/lib/python3.8/site-packages/airflow/example_dags/example_sla_dag.py for tasks to queue
[2025-01-14T00:05:11.569+0000] {logging_mixin.py:188} INFO - [2025-01-14T00:05:11.569+0000] {dagbag.py:538} INFO - Filling up the DagBag from /home/airflow/.local/lib/python3.8/site-packages/airflow/example_dags/example_sla_dag.py
[2025-01-14T00:05:11.575+0000] {processor.py:840} INFO - DAG(s) 'example_sla_dag' retrieved from /home/airflow/.local/lib/python3.8/site-packages/airflow/example_dags/example_sla_dag.py
[2025-01-14T00:05:11.589+0000] {logging_mixin.py:188} INFO - [2025-01-14T00:05:11.589+0000] {dag.py:3036} INFO - Sync 1 DAGs
[2025-01-14T00:05:11.606+0000] {logging_mixin.py:188} INFO - [2025-01-14T00:05:11.606+0000] {dag.py:3823} INFO - Setting next_dagrun for example_sla_dag to 2025-01-14 00:02:00+00:00, run_after=2025-01-14 00:04:00+00:00
[2025-01-14T00:05:11.622+0000] {processor.py:183} INFO - Processing /home/airflow/.local/lib/python3.8/site-packages/airflow/example_dags/example_sla_dag.py took 0.057 seconds
[2025-01-14T00:06:25.134+0000] {processor.py:161} INFO - Started process (PID=81) to work on /home/airflow/.local/lib/python3.8/site-packages/airflow/example_dags/example_sla_dag.py
[2025-01-14T00:06:25.135+0000] {processor.py:830} INFO - Processing file /home/airflow/.local/lib/python3.8/site-packages/airflow/example_dags/example_sla_dag.py for tasks to queue
[2025-01-14T00:06:25.137+0000] {logging_mixin.py:188} INFO - [2025-01-14T00:06:25.137+0000] {dagbag.py:538} INFO - Filling up the DagBag from /home/airflow/.local/lib/python3.8/site-packages/airflow/example_dags/example_sla_dag.py
[2025-01-14T00:06:25.151+0000] {processor.py:840} INFO - DAG(s) 'example_sla_dag' retrieved from /home/airflow/.local/lib/python3.8/site-packages/airflow/example_dags/example_sla_dag.py
[2025-01-14T00:06:25.164+0000] {logging_mixin.py:188} INFO - [2025-01-14T00:06:25.164+0000] {dag.py:3036} INFO - Sync 1 DAGs
[2025-01-14T00:06:25.181+0000] {logging_mixin.py:188} INFO - [2025-01-14T00:06:25.181+0000] {dag.py:3823} INFO - Setting next_dagrun for example_sla_dag to 2025-01-14 00:04:00+00:00, run_after=2025-01-14 00:06:00+00:00
[2025-01-14T00:06:25.198+0000] {processor.py:183} INFO - Processing /home/airflow/.local/lib/python3.8/site-packages/airflow/example_dags/example_sla_dag.py took 0.070 seconds
[2025-01-14T00:06:56.157+0000] {processor.py:161} INFO - Started process (PID=140) to work on /home/airflow/.local/lib/python3.8/site-packages/airflow/example_dags/example_sla_dag.py
[2025-01-14T00:06:56.158+0000] {processor.py:830} INFO - Processing file /home/airflow/.local/lib/python3.8/site-packages/airflow/example_dags/example_sla_dag.py for tasks to queue
[2025-01-14T00:06:56.159+0000] {logging_mixin.py:188} INFO - [2025-01-14T00:06:56.158+0000] {dagbag.py:538} INFO - Filling up the DagBag from /home/airflow/.local/lib/python3.8/site-packages/airflow/example_dags/example_sla_dag.py
[2025-01-14T00:06:56.164+0000] {processor.py:840} INFO - DAG(s) 'example_sla_dag' retrieved from /home/airflow/.local/lib/python3.8/site-packages/airflow/example_dags/example_sla_dag.py
[2025-01-14T00:06:56.224+0000] {logging_mixin.py:188} INFO - [2025-01-14T00:06:56.224+0000] {dag.py:3036} INFO - Sync 1 DAGs
[2025-01-14T00:06:56.237+0000] {logging_mixin.py:188} INFO - [2025-01-14T00:06:56.237+0000] {dag.py:3823} INFO - Setting next_dagrun for example_sla_dag to 2025-01-14 00:04:00+00:00, run_after=2025-01-14 00:06:00+00:00
[2025-01-14T00:06:56.250+0000] {processor.py:183} INFO - Processing /home/airflow/.local/lib/python3.8/site-packages/airflow/example_dags/example_sla_dag.py took 0.096 seconds
[2025-01-14T00:07:26.650+0000] {processor.py:161} INFO - Started process (PID=199) to work on /home/airflow/.local/lib/python3.8/site-packages/airflow/example_dags/example_sla_dag.py
[2025-01-14T00:07:26.650+0000] {processor.py:830} INFO - Processing file /home/airflow/.local/lib/python3.8/site-packages/airflow/example_dags/example_sla_dag.py for tasks to queue
[2025-01-14T00:07:26.651+0000] {logging_mixin.py:188} INFO - [2025-01-14T00:07:26.651+0000] {dagbag.py:538} INFO - Filling up the DagBag from /home/airflow/.local/lib/python3.8/site-packages/airflow/example_dags/example_sla_dag.py
[2025-01-14T00:07:26.657+0000] {processor.py:840} INFO - DAG(s) 'example_sla_dag' retrieved from /home/airflow/.local/lib/python3.8/site-packages/airflow/example_dags/example_sla_dag.py
[2025-01-14T00:07:26.669+0000] {logging_mixin.py:188} INFO - [2025-01-14T00:07:26.669+0000] {dag.py:3036} INFO - Sync 1 DAGs
[2025-01-14T00:07:26.685+0000] {logging_mixin.py:188} INFO - [2025-01-14T00:07:26.685+0000] {dag.py:3823} INFO - Setting next_dagrun for example_sla_dag to 2025-01-14 00:04:00+00:00, run_after=2025-01-14 00:06:00+00:00
[2025-01-14T00:07:26.698+0000] {processor.py:183} INFO - Processing /home/airflow/.local/lib/python3.8/site-packages/airflow/example_dags/example_sla_dag.py took 0.050 seconds
[2025-01-14T00:07:56.920+0000] {processor.py:161} INFO - Started process (PID=258) to work on /home/airflow/.local/lib/python3.8/site-packages/airflow/example_dags/example_sla_dag.py
[2025-01-14T00:07:56.921+0000] {processor.py:830} INFO - Processing file /home/airflow/.local/lib/python3.8/site-packages/airflow/example_dags/example_sla_dag.py for tasks to queue
[2025-01-14T00:07:56.922+0000] {logging_mixin.py:188} INFO - [2025-01-14T00:07:56.922+0000] {dagbag.py:538} INFO - Filling up the DagBag from /home/airflow/.local/lib/python3.8/site-packages/airflow/example_dags/example_sla_dag.py
[2025-01-14T00:07:56.927+0000] {processor.py:840} INFO - DAG(s) 'example_sla_dag' retrieved from /home/airflow/.local/lib/python3.8/site-packages/airflow/example_dags/example_sla_dag.py
[2025-01-14T00:07:56.940+0000] {logging_mixin.py:188} INFO - [2025-01-14T00:07:56.940+0000] {dag.py:3036} INFO - Sync 1 DAGs
[2025-01-14T00:07:56.955+0000] {logging_mixin.py:188} INFO - [2025-01-14T00:07:56.955+0000] {dag.py:3823} INFO - Setting next_dagrun for example_sla_dag to 2025-01-14 00:04:00+00:00, run_after=2025-01-14 00:06:00+00:00
[2025-01-14T00:07:56.967+0000] {processor.py:183} INFO - Processing /home/airflow/.local/lib/python3.8/site-packages/airflow/example_dags/example_sla_dag.py took 0.049 seconds
[2025-01-14T00:08:27.203+0000] {processor.py:161} INFO - Started process (PID=317) to work on /home/airflow/.local/lib/python3.8/site-packages/airflow/example_dags/example_sla_dag.py
[2025-01-14T00:08:27.204+0000] {processor.py:830} INFO - Processing file /home/airflow/.local/lib/python3.8/site-packages/airflow/example_dags/example_sla_dag.py for tasks to queue
[2025-01-14T00:08:27.205+0000] {logging_mixin.py:188} INFO - [2025-01-14T00:08:27.205+0000] {dagbag.py:538} INFO - Filling up the DagBag from /home/airflow/.local/lib/python3.8/site-packages/airflow/example_dags/example_sla_dag.py
[2025-01-14T00:08:27.211+0000] {processor.py:840} INFO - DAG(s) 'example_sla_dag' retrieved from /home/airflow/.local/lib/python3.8/site-packages/airflow/example_dags/example_sla_dag.py
[2025-01-14T00:08:27.225+0000] {logging_mixin.py:188} INFO - [2025-01-14T00:08:27.224+0000] {dag.py:3036} INFO - Sync 1 DAGs
[2025-01-14T00:08:27.240+0000] {logging_mixin.py:188} INFO - [2025-01-14T00:08:27.240+0000] {dag.py:3823} INFO - Setting next_dagrun for example_sla_dag to 2025-01-14 00:06:00+00:00, run_after=2025-01-14 00:08:00+00:00
[2025-01-14T00:08:27.253+0000] {processor.py:183} INFO - Processing /home/airflow/.local/lib/python3.8/site-packages/airflow/example_dags/example_sla_dag.py took 0.051 seconds
[2025-01-14T00:08:57.427+0000] {processor.py:161} INFO - Started process (PID=376) to work on /home/airflow/.local/lib/python3.8/site-packages/airflow/example_dags/example_sla_dag.py
[2025-01-14T00:08:57.428+0000] {processor.py:830} INFO - Processing file /home/airflow/.local/lib/python3.8/site-packages/airflow/example_dags/example_sla_dag.py for tasks to queue
[2025-01-14T00:08:57.430+0000] {logging_mixin.py:188} INFO - [2025-01-14T00:08:57.429+0000] {dagbag.py:538} INFO - Filling up the DagBag from /home/airflow/.local/lib/python3.8/site-packages/airflow/example_dags/example_sla_dag.py
[2025-01-14T00:08:57.436+0000] {processor.py:840} INFO - DAG(s) 'example_sla_dag' retrieved from /home/airflow/.local/lib/python3.8/site-packages/airflow/example_dags/example_sla_dag.py
[2025-01-14T00:08:57.451+0000] {logging_mixin.py:188} INFO - [2025-01-14T00:08:57.451+0000] {dag.py:3036} INFO - Sync 1 DAGs
[2025-01-14T00:08:57.470+0000] {logging_mixin.py:188} INFO - [2025-01-14T00:08:57.469+0000] {dag.py:3823} INFO - Setting next_dagrun for example_sla_dag to 2025-01-14 00:06:00+00:00, run_after=2025-01-14 00:08:00+00:00
[2025-01-14T00:08:57.486+0000] {processor.py:183} INFO - Processing /home/airflow/.local/lib/python3.8/site-packages/airflow/example_dags/example_sla_dag.py took 0.062 seconds
[2025-01-14T00:09:27.750+0000] {processor.py:161} INFO - Started process (PID=435) to work on /home/airflow/.local/lib/python3.8/site-packages/airflow/example_dags/example_sla_dag.py
[2025-01-14T00:09:27.751+0000] {processor.py:830} INFO - Processing file /home/airflow/.local/lib/python3.8/site-packages/airflow/example_dags/example_sla_dag.py for tasks to queue
[2025-01-14T00:09:27.752+0000] {logging_mixin.py:188} INFO - [2025-01-14T00:09:27.752+0000] {dagbag.py:538} INFO - Filling up the DagBag from /home/airflow/.local/lib/python3.8/site-packages/airflow/example_dags/example_sla_dag.py
[2025-01-14T00:09:27.757+0000] {processor.py:840} INFO - DAG(s) 'example_sla_dag' retrieved from /home/airflow/.local/lib/python3.8/site-packages/airflow/example_dags/example_sla_dag.py
[2025-01-14T00:09:27.769+0000] {logging_mixin.py:188} INFO - [2025-01-14T00:09:27.769+0000] {dag.py:3036} INFO - Sync 1 DAGs
[2025-01-14T00:09:27.785+0000] {logging_mixin.py:188} INFO - [2025-01-14T00:09:27.785+0000] {dag.py:3823} INFO - Setting next_dagrun for example_sla_dag to 2025-01-14 00:06:00+00:00, run_after=2025-01-14 00:08:00+00:00
[2025-01-14T00:09:27.797+0000] {processor.py:183} INFO - Processing /home/airflow/.local/lib/python3.8/site-packages/airflow/example_dags/example_sla_dag.py took 0.048 seconds
[2025-01-14T00:09:58.778+0000] {processor.py:161} INFO - Started process (PID=494) to work on /home/airflow/.local/lib/python3.8/site-packages/airflow/example_dags/example_sla_dag.py
[2025-01-14T00:09:58.779+0000] {processor.py:830} INFO - Processing file /home/airflow/.local/lib/python3.8/site-packages/airflow/example_dags/example_sla_dag.py for tasks to queue
[2025-01-14T00:09:58.780+0000] {logging_mixin.py:188} INFO - [2025-01-14T00:09:58.780+0000] {dagbag.py:538} INFO - Filling up the DagBag from /home/airflow/.local/lib/python3.8/site-packages/airflow/example_dags/example_sla_dag.py
[2025-01-14T00:09:58.785+0000] {processor.py:840} INFO - DAG(s) 'example_sla_dag' retrieved from /home/airflow/.local/lib/python3.8/site-packages/airflow/example_dags/example_sla_dag.py
[2025-01-14T00:09:58.797+0000] {logging_mixin.py:188} INFO - [2025-01-14T00:09:58.797+0000] {dag.py:3036} INFO - Sync 1 DAGs
[2025-01-14T00:09:58.813+0000] {logging_mixin.py:188} INFO - [2025-01-14T00:09:58.812+0000] {dag.py:3823} INFO - Setting next_dagrun for example_sla_dag to 2025-01-14 00:06:00+00:00, run_after=2025-01-14 00:08:00+00:00
[2025-01-14T00:09:58.825+0000] {processor.py:183} INFO - Processing /home/airflow/.local/lib/python3.8/site-packages/airflow/example_dags/example_sla_dag.py took 0.049 seconds
[2025-01-14T00:10:30.220+0000] {processor.py:161} INFO - Started process (PID=553) to work on /home/airflow/.local/lib/python3.8/site-packages/airflow/example_dags/example_sla_dag.py
[2025-01-14T00:10:30.221+0000] {processor.py:830} INFO - Processing file /home/airflow/.local/lib/python3.8/site-packages/airflow/example_dags/example_sla_dag.py for tasks to queue
[2025-01-14T00:10:30.222+0000] {logging_mixin.py:188} INFO - [2025-01-14T00:10:30.221+0000] {dagbag.py:538} INFO - Filling up the DagBag from /home/airflow/.local/lib/python3.8/site-packages/airflow/example_dags/example_sla_dag.py
[2025-01-14T00:10:30.227+0000] {processor.py:840} INFO - DAG(s) 'example_sla_dag' retrieved from /home/airflow/.local/lib/python3.8/site-packages/airflow/example_dags/example_sla_dag.py
[2025-01-14T00:10:30.239+0000] {logging_mixin.py:188} INFO - [2025-01-14T00:10:30.239+0000] {dag.py:3036} INFO - Sync 1 DAGs
[2025-01-14T00:10:30.254+0000] {logging_mixin.py:188} INFO - [2025-01-14T00:10:30.254+0000] {dag.py:3823} INFO - Setting next_dagrun for example_sla_dag to 2025-01-14 00:08:00+00:00, run_after=2025-01-14 00:10:00+00:00
[2025-01-14T00:10:30.266+0000] {processor.py:183} INFO - Processing /home/airflow/.local/lib/python3.8/site-packages/airflow/example_dags/example_sla_dag.py took 0.048 seconds
[2025-01-14T00:11:01.362+0000] {processor.py:161} INFO - Started process (PID=612) to work on /home/airflow/.local/lib/python3.8/site-packages/airflow/example_dags/example_sla_dag.py
[2025-01-14T00:11:01.363+0000] {processor.py:830} INFO - Processing file /home/airflow/.local/lib/python3.8/site-packages/airflow/example_dags/example_sla_dag.py for tasks to queue
[2025-01-14T00:11:01.364+0000] {logging_mixin.py:188} INFO - [2025-01-14T00:11:01.364+0000] {dagbag.py:538} INFO - Filling up the DagBag from /home/airflow/.local/lib/python3.8/site-packages/airflow/example_dags/example_sla_dag.py
[2025-01-14T00:11:01.370+0000] {processor.py:840} INFO - DAG(s) 'example_sla_dag' retrieved from /home/airflow/.local/lib/python3.8/site-packages/airflow/example_dags/example_sla_dag.py
[2025-01-14T00:11:01.385+0000] {logging_mixin.py:188} INFO - [2025-01-14T00:11:01.384+0000] {dag.py:3036} INFO - Sync 1 DAGs
[2025-01-14T00:11:01.400+0000] {logging_mixin.py:188} INFO - [2025-01-14T00:11:01.400+0000] {dag.py:3823} INFO - Setting next_dagrun for example_sla_dag to 2025-01-14 00:08:00+00:00, run_after=2025-01-14 00:10:00+00:00
[2025-01-14T00:11:01.413+0000] {processor.py:183} INFO - Processing /home/airflow/.local/lib/python3.8/site-packages/airflow/example_dags/example_sla_dag.py took 0.052 seconds
[2025-01-14T00:11:32.485+0000] {processor.py:161} INFO - Started process (PID=671) to work on /home/airflow/.local/lib/python3.8/site-packages/airflow/example_dags/example_sla_dag.py
[2025-01-14T00:11:32.486+0000] {processor.py:830} INFO - Processing file /home/airflow/.local/lib/python3.8/site-packages/airflow/example_dags/example_sla_dag.py for tasks to queue
[2025-01-14T00:11:32.487+0000] {logging_mixin.py:188} INFO - [2025-01-14T00:11:32.487+0000] {dagbag.py:538} INFO - Filling up the DagBag from /home/airflow/.local/lib/python3.8/site-packages/airflow/example_dags/example_sla_dag.py
[2025-01-14T00:11:32.492+0000] {processor.py:840} INFO - DAG(s) 'example_sla_dag' retrieved from /home/airflow/.local/lib/python3.8/site-packages/airflow/example_dags/example_sla_dag.py
[2025-01-14T00:11:32.504+0000] {logging_mixin.py:188} INFO - [2025-01-14T00:11:32.504+0000] {dag.py:3036} INFO - Sync 1 DAGs
[2025-01-14T00:11:32.519+0000] {logging_mixin.py:188} INFO - [2025-01-14T00:11:32.518+0000] {dag.py:3823} INFO - Setting next_dagrun for example_sla_dag to 2025-01-14 00:08:00+00:00, run_after=2025-01-14 00:10:00+00:00
[2025-01-14T00:11:32.531+0000] {processor.py:183} INFO - Processing /home/airflow/.local/lib/python3.8/site-packages/airflow/example_dags/example_sla_dag.py took 0.048 seconds
[2025-01-14T00:12:03.897+0000] {processor.py:161} INFO - Started process (PID=730) to work on /home/airflow/.local/lib/python3.8/site-packages/airflow/example_dags/example_sla_dag.py
[2025-01-14T00:12:03.897+0000] {processor.py:830} INFO - Processing file /home/airflow/.local/lib/python3.8/site-packages/airflow/example_dags/example_sla_dag.py for tasks to queue
[2025-01-14T00:12:03.898+0000] {logging_mixin.py:188} INFO - [2025-01-14T00:12:03.898+0000] {dagbag.py:538} INFO - Filling up the DagBag from /home/airflow/.local/lib/python3.8/site-packages/airflow/example_dags/example_sla_dag.py
[2025-01-14T00:12:03.904+0000] {processor.py:840} INFO - DAG(s) 'example_sla_dag' retrieved from /home/airflow/.local/lib/python3.8/site-packages/airflow/example_dags/example_sla_dag.py
[2025-01-14T00:12:03.916+0000] {logging_mixin.py:188} INFO - [2025-01-14T00:12:03.916+0000] {dag.py:3036} INFO - Sync 1 DAGs
[2025-01-14T00:12:03.931+0000] {logging_mixin.py:188} INFO - [2025-01-14T00:12:03.931+0000] {dag.py:3823} INFO - Setting next_dagrun for example_sla_dag to 2025-01-14 00:10:00+00:00, run_after=2025-01-14 00:12:00+00:00
[2025-01-14T00:12:03.943+0000] {processor.py:183} INFO - Processing /home/airflow/.local/lib/python3.8/site-packages/airflow/example_dags/example_sla_dag.py took 0.049 seconds
[2025-01-14T00:12:34.944+0000] {processor.py:161} INFO - Started process (PID=789) to work on /home/airflow/.local/lib/python3.8/site-packages/airflow/example_dags/example_sla_dag.py
[2025-01-14T00:12:34.945+0000] {processor.py:830} INFO - Processing file /home/airflow/.local/lib/python3.8/site-packages/airflow/example_dags/example_sla_dag.py for tasks to queue
[2025-01-14T00:12:34.946+0000] {logging_mixin.py:188} INFO - [2025-01-14T00:12:34.945+0000] {dagbag.py:538} INFO - Filling up the DagBag from /home/airflow/.local/lib/python3.8/site-packages/airflow/example_dags/example_sla_dag.py
[2025-01-14T00:12:34.951+0000] {processor.py:840} INFO - DAG(s) 'example_sla_dag' retrieved from /home/airflow/.local/lib/python3.8/site-packages/airflow/example_dags/example_sla_dag.py
[2025-01-14T00:12:34.962+0000] {logging_mixin.py:188} INFO - [2025-01-14T00:12:34.962+0000] {dag.py:3036} INFO - Sync 1 DAGs
[2025-01-14T00:12:34.979+0000] {logging_mixin.py:188} INFO - [2025-01-14T00:12:34.979+0000] {dag.py:3823} INFO - Setting next_dagrun for example_sla_dag to 2025-01-14 00:10:00+00:00, run_after=2025-01-14 00:12:00+00:00
[2025-01-14T00:12:34.993+0000] {processor.py:183} INFO - Processing /home/airflow/.local/lib/python3.8/site-packages/airflow/example_dags/example_sla_dag.py took 0.050 seconds
[2025-01-14T00:13:06.050+0000] {processor.py:161} INFO - Started process (PID=848) to work on /home/airflow/.local/lib/python3.8/site-packages/airflow/example_dags/example_sla_dag.py
[2025-01-14T00:13:06.051+0000] {processor.py:830} INFO - Processing file /home/airflow/.local/lib/python3.8/site-packages/airflow/example_dags/example_sla_dag.py for tasks to queue
[2025-01-14T00:13:06.052+0000] {logging_mixin.py:188} INFO - [2025-01-14T00:13:06.052+0000] {dagbag.py:538} INFO - Filling up the DagBag from /home/airflow/.local/lib/python3.8/site-packages/airflow/example_dags/example_sla_dag.py
[2025-01-14T00:13:06.057+0000] {processor.py:840} INFO - DAG(s) 'example_sla_dag' retrieved from /home/airflow/.local/lib/python3.8/site-packages/airflow/example_dags/example_sla_dag.py
[2025-01-14T00:13:06.069+0000] {logging_mixin.py:188} INFO - [2025-01-14T00:13:06.069+0000] {dag.py:3036} INFO - Sync 1 DAGs
[2025-01-14T00:13:06.086+0000] {logging_mixin.py:188} INFO - [2025-01-14T00:13:06.086+0000] {dag.py:3823} INFO - Setting next_dagrun for example_sla_dag to 2025-01-14 00:10:00+00:00, run_after=2025-01-14 00:12:00+00:00
[2025-01-14T00:13:06.098+0000] {processor.py:183} INFO - Processing /home/airflow/.local/lib/python3.8/site-packages/airflow/example_dags/example_sla_dag.py took 0.050 seconds
[2025-01-14T00:13:37.219+0000] {processor.py:161} INFO - Started process (PID=907) to work on /home/airflow/.local/lib/python3.8/site-packages/airflow/example_dags/example_sla_dag.py
[2025-01-14T00:13:37.219+0000] {processor.py:830} INFO - Processing file /home/airflow/.local/lib/python3.8/site-packages/airflow/example_dags/example_sla_dag.py for tasks to queue
[2025-01-14T00:13:37.221+0000] {logging_mixin.py:188} INFO - [2025-01-14T00:13:37.220+0000] {dagbag.py:538} INFO - Filling up the DagBag from /home/airflow/.local/lib/python3.8/site-packages/airflow/example_dags/example_sla_dag.py
[2025-01-14T00:13:37.226+0000] {processor.py:840} INFO - DAG(s) 'example_sla_dag' retrieved from /home/airflow/.local/lib/python3.8/site-packages/airflow/example_dags/example_sla_dag.py
[2025-01-14T00:13:37.239+0000] {logging_mixin.py:188} INFO - [2025-01-14T00:13:37.239+0000] {dag.py:3036} INFO - Sync 1 DAGs
[2025-01-14T00:13:37.255+0000] {logging_mixin.py:188} INFO - [2025-01-14T00:13:37.255+0000] {dag.py:3823} INFO - Setting next_dagrun for example_sla_dag to 2025-01-14 00:10:00+00:00, run_after=2025-01-14 00:12:00+00:00
[2025-01-14T00:13:37.268+0000] {processor.py:183} INFO - Processing /home/airflow/.local/lib/python3.8/site-packages/airflow/example_dags/example_sla_dag.py took 0.051 seconds
[2025-01-14T00:14:07.691+0000] {processor.py:161} INFO - Started process (PID=966) to work on /home/airflow/.local/lib/python3.8/site-packages/airflow/example_dags/example_sla_dag.py
[2025-01-14T00:14:07.691+0000] {processor.py:830} INFO - Processing file /home/airflow/.local/lib/python3.8/site-packages/airflow/example_dags/example_sla_dag.py for tasks to queue
[2025-01-14T00:14:07.692+0000] {logging_mixin.py:188} INFO - [2025-01-14T00:14:07.692+0000] {dagbag.py:538} INFO - Filling up the DagBag from /home/airflow/.local/lib/python3.8/site-packages/airflow/example_dags/example_sla_dag.py
[2025-01-14T00:14:07.698+0000] {processor.py:840} INFO - DAG(s) 'example_sla_dag' retrieved from /home/airflow/.local/lib/python3.8/site-packages/airflow/example_dags/example_sla_dag.py
[2025-01-14T00:14:07.711+0000] {logging_mixin.py:188} INFO - [2025-01-14T00:14:07.710+0000] {dag.py:3036} INFO - Sync 1 DAGs
[2025-01-14T00:14:07.726+0000] {logging_mixin.py:188} INFO - [2025-01-14T00:14:07.726+0000] {dag.py:3823} INFO - Setting next_dagrun for example_sla_dag to 2025-01-14 00:12:00+00:00, run_after=2025-01-14 00:14:00+00:00
[2025-01-14T00:14:07.739+0000] {processor.py:183} INFO - Processing /home/airflow/.local/lib/python3.8/site-packages/airflow/example_dags/example_sla_dag.py took 0.051 seconds
[2025-01-14T00:14:38.884+0000] {processor.py:161} INFO - Started process (PID=1025) to work on /home/airflow/.local/lib/python3.8/site-packages/airflow/example_dags/example_sla_dag.py
[2025-01-14T00:14:38.885+0000] {processor.py:830} INFO - Processing file /home/airflow/.local/lib/python3.8/site-packages/airflow/example_dags/example_sla_dag.py for tasks to queue
[2025-01-14T00:14:38.886+0000] {logging_mixin.py:188} INFO - [2025-01-14T00:14:38.886+0000] {dagbag.py:538} INFO - Filling up the DagBag from /home/airflow/.local/lib/python3.8/site-packages/airflow/example_dags/example_sla_dag.py
[2025-01-14T00:14:38.891+0000] {processor.py:840} INFO - DAG(s) 'example_sla_dag' retrieved from /home/airflow/.local/lib/python3.8/site-packages/airflow/example_dags/example_sla_dag.py
[2025-01-14T00:14:38.905+0000] {logging_mixin.py:188} INFO - [2025-01-14T00:14:38.905+0000] {dag.py:3036} INFO - Sync 1 DAGs
[2025-01-14T00:14:38.921+0000] {logging_mixin.py:188} INFO - [2025-01-14T00:14:38.920+0000] {dag.py:3823} INFO - Setting next_dagrun for example_sla_dag to 2025-01-14 00:12:00+00:00, run_after=2025-01-14 00:14:00+00:00
[2025-01-14T00:14:38.933+0000] {processor.py:183} INFO - Processing /home/airflow/.local/lib/python3.8/site-packages/airflow/example_dags/example_sla_dag.py took 0.051 seconds
[2025-01-14T00:15:09.933+0000] {processor.py:161} INFO - Started process (PID=1084) to work on /home/airflow/.local/lib/python3.8/site-packages/airflow/example_dags/example_sla_dag.py
[2025-01-14T00:15:09.933+0000] {processor.py:830} INFO - Processing file /home/airflow/.local/lib/python3.8/site-packages/airflow/example_dags/example_sla_dag.py for tasks to queue
[2025-01-14T00:15:09.935+0000] {logging_mixin.py:188} INFO - [2025-01-14T00:15:09.934+0000] {dagbag.py:538} INFO - Filling up the DagBag from /home/airflow/.local/lib/python3.8/site-packages/airflow/example_dags/example_sla_dag.py
[2025-01-14T00:15:09.942+0000] {processor.py:840} INFO - DAG(s) 'example_sla_dag' retrieved from /home/airflow/.local/lib/python3.8/site-packages/airflow/example_dags/example_sla_dag.py
[2025-01-14T00:15:09.954+0000] {logging_mixin.py:188} INFO - [2025-01-14T00:15:09.954+0000] {dag.py:3036} INFO - Sync 1 DAGs
[2025-01-14T00:15:09.969+0000] {logging_mixin.py:188} INFO - [2025-01-14T00:15:09.969+0000] {dag.py:3823} INFO - Setting next_dagrun for example_sla_dag to 2025-01-14 00:12:00+00:00, run_after=2025-01-14 00:14:00+00:00
[2025-01-14T00:15:09.982+0000] {processor.py:183} INFO - Processing /home/airflow/.local/lib/python3.8/site-packages/airflow/example_dags/example_sla_dag.py took 0.052 seconds
[2025-01-14T00:15:41.179+0000] {processor.py:161} INFO - Started process (PID=1143) to work on /home/airflow/.local/lib/python3.8/site-packages/airflow/example_dags/example_sla_dag.py
[2025-01-14T00:15:41.180+0000] {processor.py:830} INFO - Processing file /home/airflow/.local/lib/python3.8/site-packages/airflow/example_dags/example_sla_dag.py for tasks to queue
[2025-01-14T00:15:41.181+0000] {logging_mixin.py:188} INFO - [2025-01-14T00:15:41.181+0000] {dagbag.py:538} INFO - Filling up the DagBag from /home/airflow/.local/lib/python3.8/site-packages/airflow/example_dags/example_sla_dag.py
[2025-01-14T00:15:41.186+0000] {processor.py:840} INFO - DAG(s) 'example_sla_dag' retrieved from /home/airflow/.local/lib/python3.8/site-packages/airflow/example_dags/example_sla_dag.py
[2025-01-14T00:15:41.198+0000] {logging_mixin.py:188} INFO - [2025-01-14T00:15:41.198+0000] {dag.py:3036} INFO - Sync 1 DAGs
[2025-01-14T00:15:41.215+0000] {logging_mixin.py:188} INFO - [2025-01-14T00:15:41.214+0000] {dag.py:3823} INFO - Setting next_dagrun for example_sla_dag to 2025-01-14 00:12:00+00:00, run_after=2025-01-14 00:14:00+00:00
[2025-01-14T00:15:41.227+0000] {processor.py:183} INFO - Processing /home/airflow/.local/lib/python3.8/site-packages/airflow/example_dags/example_sla_dag.py took 0.050 seconds
[2025-01-14T00:16:12.615+0000] {processor.py:161} INFO - Started process (PID=1202) to work on /home/airflow/.local/lib/python3.8/site-packages/airflow/example_dags/example_sla_dag.py
[2025-01-14T00:16:12.615+0000] {processor.py:830} INFO - Processing file /home/airflow/.local/lib/python3.8/site-packages/airflow/example_dags/example_sla_dag.py for tasks to queue
[2025-01-14T00:16:12.616+0000] {logging_mixin.py:188} INFO - [2025-01-14T00:16:12.616+0000] {dagbag.py:538} INFO - Filling up the DagBag from /home/airflow/.local/lib/python3.8/site-packages/airflow/example_dags/example_sla_dag.py
[2025-01-14T00:16:12.622+0000] {processor.py:840} INFO - DAG(s) 'example_sla_dag' retrieved from /home/airflow/.local/lib/python3.8/site-packages/airflow/example_dags/example_sla_dag.py
[2025-01-14T00:16:12.634+0000] {logging_mixin.py:188} INFO - [2025-01-14T00:16:12.633+0000] {dag.py:3036} INFO - Sync 1 DAGs
[2025-01-14T00:16:12.649+0000] {logging_mixin.py:188} INFO - [2025-01-14T00:16:12.648+0000] {dag.py:3823} INFO - Setting next_dagrun for example_sla_dag to 2025-01-14 00:14:00+00:00, run_after=2025-01-14 00:16:00+00:00
[2025-01-14T00:16:12.661+0000] {processor.py:183} INFO - Processing /home/airflow/.local/lib/python3.8/site-packages/airflow/example_dags/example_sla_dag.py took 0.048 seconds
[2025-01-14T00:16:43.807+0000] {processor.py:161} INFO - Started process (PID=1267) to work on /home/airflow/.local/lib/python3.8/site-packages/airflow/example_dags/example_sla_dag.py
[2025-01-14T00:16:43.808+0000] {processor.py:830} INFO - Processing file /home/airflow/.local/lib/python3.8/site-packages/airflow/example_dags/example_sla_dag.py for tasks to queue
[2025-01-14T00:16:43.809+0000] {logging_mixin.py:188} INFO - [2025-01-14T00:16:43.809+0000] {dagbag.py:538} INFO - Filling up the DagBag from /home/airflow/.local/lib/python3.8/site-packages/airflow/example_dags/example_sla_dag.py
[2025-01-14T00:16:43.814+0000] {processor.py:840} INFO - DAG(s) 'example_sla_dag' retrieved from /home/airflow/.local/lib/python3.8/site-packages/airflow/example_dags/example_sla_dag.py
[2025-01-14T00:16:43.826+0000] {logging_mixin.py:188} INFO - [2025-01-14T00:16:43.826+0000] {dag.py:3036} INFO - Sync 1 DAGs
[2025-01-14T00:16:43.841+0000] {logging_mixin.py:188} INFO - [2025-01-14T00:16:43.841+0000] {dag.py:3823} INFO - Setting next_dagrun for example_sla_dag to 2025-01-14 00:14:00+00:00, run_after=2025-01-14 00:16:00+00:00
[2025-01-14T00:16:43.853+0000] {processor.py:183} INFO - Processing /home/airflow/.local/lib/python3.8/site-packages/airflow/example_dags/example_sla_dag.py took 0.047 seconds
[2025-01-14T00:17:14.946+0000] {processor.py:161} INFO - Started process (PID=1326) to work on /home/airflow/.local/lib/python3.8/site-packages/airflow/example_dags/example_sla_dag.py
[2025-01-14T00:17:14.946+0000] {processor.py:830} INFO - Processing file /home/airflow/.local/lib/python3.8/site-packages/airflow/example_dags/example_sla_dag.py for tasks to queue
[2025-01-14T00:17:14.947+0000] {logging_mixin.py:188} INFO - [2025-01-14T00:17:14.947+0000] {dagbag.py:538} INFO - Filling up the DagBag from /home/airflow/.local/lib/python3.8/site-packages/airflow/example_dags/example_sla_dag.py
[2025-01-14T00:17:14.952+0000] {processor.py:840} INFO - DAG(s) 'example_sla_dag' retrieved from /home/airflow/.local/lib/python3.8/site-packages/airflow/example_dags/example_sla_dag.py
[2025-01-14T00:17:14.966+0000] {logging_mixin.py:188} INFO - [2025-01-14T00:17:14.965+0000] {dag.py:3036} INFO - Sync 1 DAGs
[2025-01-14T00:17:14.981+0000] {logging_mixin.py:188} INFO - [2025-01-14T00:17:14.980+0000] {dag.py:3823} INFO - Setting next_dagrun for example_sla_dag to 2025-01-14 00:14:00+00:00, run_after=2025-01-14 00:16:00+00:00
[2025-01-14T00:17:14.992+0000] {processor.py:183} INFO - Processing /home/airflow/.local/lib/python3.8/site-packages/airflow/example_dags/example_sla_dag.py took 0.048 seconds
[2025-01-14T00:17:45.994+0000] {processor.py:161} INFO - Started process (PID=1385) to work on /home/airflow/.local/lib/python3.8/site-packages/airflow/example_dags/example_sla_dag.py
[2025-01-14T00:17:45.995+0000] {processor.py:830} INFO - Processing file /home/airflow/.local/lib/python3.8/site-packages/airflow/example_dags/example_sla_dag.py for tasks to queue
[2025-01-14T00:17:45.996+0000] {logging_mixin.py:188} INFO - [2025-01-14T00:17:45.996+0000] {dagbag.py:538} INFO - Filling up the DagBag from /home/airflow/.local/lib/python3.8/site-packages/airflow/example_dags/example_sla_dag.py
[2025-01-14T00:17:46.001+0000] {processor.py:840} INFO - DAG(s) 'example_sla_dag' retrieved from /home/airflow/.local/lib/python3.8/site-packages/airflow/example_dags/example_sla_dag.py
[2025-01-14T00:17:46.013+0000] {logging_mixin.py:188} INFO - [2025-01-14T00:17:46.013+0000] {dag.py:3036} INFO - Sync 1 DAGs
[2025-01-14T00:17:46.027+0000] {logging_mixin.py:188} INFO - [2025-01-14T00:17:46.027+0000] {dag.py:3823} INFO - Setting next_dagrun for example_sla_dag to 2025-01-14 00:14:00+00:00, run_after=2025-01-14 00:16:00+00:00
[2025-01-14T00:17:46.039+0000] {processor.py:183} INFO - Processing /home/airflow/.local/lib/python3.8/site-packages/airflow/example_dags/example_sla_dag.py took 0.046 seconds
[2025-01-14T00:18:16.494+0000] {processor.py:161} INFO - Started process (PID=1444) to work on /home/airflow/.local/lib/python3.8/site-packages/airflow/example_dags/example_sla_dag.py
[2025-01-14T00:18:16.495+0000] {processor.py:830} INFO - Processing file /home/airflow/.local/lib/python3.8/site-packages/airflow/example_dags/example_sla_dag.py for tasks to queue
[2025-01-14T00:18:16.496+0000] {logging_mixin.py:188} INFO - [2025-01-14T00:18:16.496+0000] {dagbag.py:538} INFO - Filling up the DagBag from /home/airflow/.local/lib/python3.8/site-packages/airflow/example_dags/example_sla_dag.py
[2025-01-14T00:18:16.501+0000] {processor.py:840} INFO - DAG(s) 'example_sla_dag' retrieved from /home/airflow/.local/lib/python3.8/site-packages/airflow/example_dags/example_sla_dag.py
[2025-01-14T00:18:16.514+0000] {logging_mixin.py:188} INFO - [2025-01-14T00:18:16.514+0000] {dag.py:3036} INFO - Sync 1 DAGs
[2025-01-14T00:18:16.529+0000] {logging_mixin.py:188} INFO - [2025-01-14T00:18:16.529+0000] {dag.py:3823} INFO - Setting next_dagrun for example_sla_dag to 2025-01-14 00:16:00+00:00, run_after=2025-01-14 00:18:00+00:00
[2025-01-14T00:18:16.541+0000] {processor.py:183} INFO - Processing /home/airflow/.local/lib/python3.8/site-packages/airflow/example_dags/example_sla_dag.py took 0.049 seconds
[2025-01-14T00:18:47.695+0000] {processor.py:161} INFO - Started process (PID=1503) to work on /home/airflow/.local/lib/python3.8/site-packages/airflow/example_dags/example_sla_dag.py
[2025-01-14T00:18:47.696+0000] {processor.py:830} INFO - Processing file /home/airflow/.local/lib/python3.8/site-packages/airflow/example_dags/example_sla_dag.py for tasks to queue
[2025-01-14T00:18:47.697+0000] {logging_mixin.py:188} INFO - [2025-01-14T00:18:47.697+0000] {dagbag.py:538} INFO - Filling up the DagBag from /home/airflow/.local/lib/python3.8/site-packages/airflow/example_dags/example_sla_dag.py
[2025-01-14T00:18:47.702+0000] {processor.py:840} INFO - DAG(s) 'example_sla_dag' retrieved from /home/airflow/.local/lib/python3.8/site-packages/airflow/example_dags/example_sla_dag.py
[2025-01-14T00:18:47.714+0000] {logging_mixin.py:188} INFO - [2025-01-14T00:18:47.714+0000] {dag.py:3036} INFO - Sync 1 DAGs
[2025-01-14T00:18:47.730+0000] {logging_mixin.py:188} INFO - [2025-01-14T00:18:47.729+0000] {dag.py:3823} INFO - Setting next_dagrun for example_sla_dag to 2025-01-14 00:16:00+00:00, run_after=2025-01-14 00:18:00+00:00
[2025-01-14T00:18:47.742+0000] {processor.py:183} INFO - Processing /home/airflow/.local/lib/python3.8/site-packages/airflow/example_dags/example_sla_dag.py took 0.048 seconds
[2025-01-14T00:19:18.859+0000] {processor.py:161} INFO - Started process (PID=1562) to work on /home/airflow/.local/lib/python3.8/site-packages/airflow/example_dags/example_sla_dag.py
[2025-01-14T00:19:18.860+0000] {processor.py:830} INFO - Processing file /home/airflow/.local/lib/python3.8/site-packages/airflow/example_dags/example_sla_dag.py for tasks to queue
[2025-01-14T00:19:18.861+0000] {logging_mixin.py:188} INFO - [2025-01-14T00:19:18.861+0000] {dagbag.py:538} INFO - Filling up the DagBag from /home/airflow/.local/lib/python3.8/site-packages/airflow/example_dags/example_sla_dag.py
[2025-01-14T00:19:18.867+0000] {processor.py:840} INFO - DAG(s) 'example_sla_dag' retrieved from /home/airflow/.local/lib/python3.8/site-packages/airflow/example_dags/example_sla_dag.py
[2025-01-14T00:19:18.882+0000] {logging_mixin.py:188} INFO - [2025-01-14T00:19:18.881+0000] {dag.py:3036} INFO - Sync 1 DAGs
[2025-01-14T00:19:18.901+0000] {logging_mixin.py:188} INFO - [2025-01-14T00:19:18.901+0000] {dag.py:3823} INFO - Setting next_dagrun for example_sla_dag to 2025-01-14 00:16:00+00:00, run_after=2025-01-14 00:18:00+00:00
[2025-01-14T00:19:18.914+0000] {processor.py:183} INFO - Processing /home/airflow/.local/lib/python3.8/site-packages/airflow/example_dags/example_sla_dag.py took 0.058 seconds
[2025-01-14T00:19:50.187+0000] {processor.py:161} INFO - Started process (PID=1621) to work on /home/airflow/.local/lib/python3.8/site-packages/airflow/example_dags/example_sla_dag.py
[2025-01-14T00:19:50.188+0000] {processor.py:830} INFO - Processing file /home/airflow/.local/lib/python3.8/site-packages/airflow/example_dags/example_sla_dag.py for tasks to queue
[2025-01-14T00:19:50.189+0000] {logging_mixin.py:188} INFO - [2025-01-14T00:19:50.189+0000] {dagbag.py:538} INFO - Filling up the DagBag from /home/airflow/.local/lib/python3.8/site-packages/airflow/example_dags/example_sla_dag.py
[2025-01-14T00:19:50.194+0000] {processor.py:840} INFO - DAG(s) 'example_sla_dag' retrieved from /home/airflow/.local/lib/python3.8/site-packages/airflow/example_dags/example_sla_dag.py
[2025-01-14T00:19:50.211+0000] {logging_mixin.py:188} INFO - [2025-01-14T00:19:50.211+0000] {dag.py:3036} INFO - Sync 1 DAGs
[2025-01-14T00:19:50.227+0000] {logging_mixin.py:188} INFO - [2025-01-14T00:19:50.226+0000] {dag.py:3823} INFO - Setting next_dagrun for example_sla_dag to 2025-01-14 00:16:00+00:00, run_after=2025-01-14 00:18:00+00:00
[2025-01-14T00:19:50.239+0000] {processor.py:183} INFO - Processing /home/airflow/.local/lib/python3.8/site-packages/airflow/example_dags/example_sla_dag.py took 0.054 seconds
[2025-01-14T00:20:21.851+0000] {processor.py:161} INFO - Started process (PID=1680) to work on /home/airflow/.local/lib/python3.8/site-packages/airflow/example_dags/example_sla_dag.py
[2025-01-14T00:20:21.852+0000] {processor.py:830} INFO - Processing file /home/airflow/.local/lib/python3.8/site-packages/airflow/example_dags/example_sla_dag.py for tasks to queue
[2025-01-14T00:20:21.853+0000] {logging_mixin.py:188} INFO - [2025-01-14T00:20:21.853+0000] {dagbag.py:538} INFO - Filling up the DagBag from /home/airflow/.local/lib/python3.8/site-packages/airflow/example_dags/example_sla_dag.py
[2025-01-14T00:20:21.861+0000] {processor.py:840} INFO - DAG(s) 'example_sla_dag' retrieved from /home/airflow/.local/lib/python3.8/site-packages/airflow/example_dags/example_sla_dag.py
[2025-01-14T00:20:21.874+0000] {logging_mixin.py:188} INFO - [2025-01-14T00:20:21.874+0000] {dag.py:3036} INFO - Sync 1 DAGs
[2025-01-14T00:20:21.890+0000] {logging_mixin.py:188} INFO - [2025-01-14T00:20:21.890+0000] {dag.py:3823} INFO - Setting next_dagrun for example_sla_dag to 2025-01-14 00:18:00+00:00, run_after=2025-01-14 00:20:00+00:00
[2025-01-14T00:20:21.937+0000] {processor.py:183} INFO - Processing /home/airflow/.local/lib/python3.8/site-packages/airflow/example_dags/example_sla_dag.py took 0.090 seconds
[2025-01-14T00:20:51.997+0000] {processor.py:161} INFO - Started process (PID=1739) to work on /home/airflow/.local/lib/python3.8/site-packages/airflow/example_dags/example_sla_dag.py
[2025-01-14T00:20:51.997+0000] {processor.py:830} INFO - Processing file /home/airflow/.local/lib/python3.8/site-packages/airflow/example_dags/example_sla_dag.py for tasks to queue
[2025-01-14T00:20:51.998+0000] {logging_mixin.py:188} INFO - [2025-01-14T00:20:51.998+0000] {dagbag.py:538} INFO - Filling up the DagBag from /home/airflow/.local/lib/python3.8/site-packages/airflow/example_dags/example_sla_dag.py
[2025-01-14T00:20:52.004+0000] {processor.py:840} INFO - DAG(s) 'example_sla_dag' retrieved from /home/airflow/.local/lib/python3.8/site-packages/airflow/example_dags/example_sla_dag.py
[2025-01-14T00:20:52.017+0000] {logging_mixin.py:188} INFO - [2025-01-14T00:20:52.017+0000] {dag.py:3036} INFO - Sync 1 DAGs
[2025-01-14T00:20:52.034+0000] {logging_mixin.py:188} INFO - [2025-01-14T00:20:52.034+0000] {dag.py:3823} INFO - Setting next_dagrun for example_sla_dag to 2025-01-14 00:18:00+00:00, run_after=2025-01-14 00:20:00+00:00
[2025-01-14T00:20:52.047+0000] {processor.py:183} INFO - Processing /home/airflow/.local/lib/python3.8/site-packages/airflow/example_dags/example_sla_dag.py took 0.053 seconds
[2025-01-14T00:21:22.912+0000] {processor.py:161} INFO - Started process (PID=1798) to work on /home/airflow/.local/lib/python3.8/site-packages/airflow/example_dags/example_sla_dag.py
[2025-01-14T00:21:22.913+0000] {processor.py:830} INFO - Processing file /home/airflow/.local/lib/python3.8/site-packages/airflow/example_dags/example_sla_dag.py for tasks to queue
[2025-01-14T00:21:22.914+0000] {logging_mixin.py:188} INFO - [2025-01-14T00:21:22.914+0000] {dagbag.py:538} INFO - Filling up the DagBag from /home/airflow/.local/lib/python3.8/site-packages/airflow/example_dags/example_sla_dag.py
[2025-01-14T00:21:22.919+0000] {processor.py:840} INFO - DAG(s) 'example_sla_dag' retrieved from /home/airflow/.local/lib/python3.8/site-packages/airflow/example_dags/example_sla_dag.py
[2025-01-14T00:21:22.931+0000] {logging_mixin.py:188} INFO - [2025-01-14T00:21:22.931+0000] {dag.py:3036} INFO - Sync 1 DAGs
[2025-01-14T00:21:22.946+0000] {logging_mixin.py:188} INFO - [2025-01-14T00:21:22.945+0000] {dag.py:3823} INFO - Setting next_dagrun for example_sla_dag to 2025-01-14 00:18:00+00:00, run_after=2025-01-14 00:20:00+00:00
[2025-01-14T00:21:22.957+0000] {processor.py:183} INFO - Processing /home/airflow/.local/lib/python3.8/site-packages/airflow/example_dags/example_sla_dag.py took 0.047 seconds
[2025-01-14T00:21:54.443+0000] {processor.py:161} INFO - Started process (PID=1857) to work on /home/airflow/.local/lib/python3.8/site-packages/airflow/example_dags/example_sla_dag.py
[2025-01-14T00:21:54.444+0000] {processor.py:830} INFO - Processing file /home/airflow/.local/lib/python3.8/site-packages/airflow/example_dags/example_sla_dag.py for tasks to queue
[2025-01-14T00:21:54.445+0000] {logging_mixin.py:188} INFO - [2025-01-14T00:21:54.444+0000] {dagbag.py:538} INFO - Filling up the DagBag from /home/airflow/.local/lib/python3.8/site-packages/airflow/example_dags/example_sla_dag.py
[2025-01-14T00:21:54.450+0000] {processor.py:840} INFO - DAG(s) 'example_sla_dag' retrieved from /home/airflow/.local/lib/python3.8/site-packages/airflow/example_dags/example_sla_dag.py
[2025-01-14T00:21:54.463+0000] {logging_mixin.py:188} INFO - [2025-01-14T00:21:54.463+0000] {dag.py:3036} INFO - Sync 1 DAGs
[2025-01-14T00:21:54.478+0000] {logging_mixin.py:188} INFO - [2025-01-14T00:21:54.478+0000] {dag.py:3823} INFO - Setting next_dagrun for example_sla_dag to 2025-01-14 00:18:00+00:00, run_after=2025-01-14 00:20:00+00:00
[2025-01-14T00:21:54.490+0000] {processor.py:183} INFO - Processing /home/airflow/.local/lib/python3.8/site-packages/airflow/example_dags/example_sla_dag.py took 0.049 seconds
[2025-01-14T00:22:25.598+0000] {processor.py:161} INFO - Started process (PID=1916) to work on /home/airflow/.local/lib/python3.8/site-packages/airflow/example_dags/example_sla_dag.py
[2025-01-14T00:22:25.599+0000] {processor.py:830} INFO - Processing file /home/airflow/.local/lib/python3.8/site-packages/airflow/example_dags/example_sla_dag.py for tasks to queue
[2025-01-14T00:22:25.600+0000] {logging_mixin.py:188} INFO - [2025-01-14T00:22:25.599+0000] {dagbag.py:538} INFO - Filling up the DagBag from /home/airflow/.local/lib/python3.8/site-packages/airflow/example_dags/example_sla_dag.py
[2025-01-14T00:22:25.604+0000] {processor.py:840} INFO - DAG(s) 'example_sla_dag' retrieved from /home/airflow/.local/lib/python3.8/site-packages/airflow/example_dags/example_sla_dag.py
[2025-01-14T00:22:25.617+0000] {logging_mixin.py:188} INFO - [2025-01-14T00:22:25.617+0000] {dag.py:3036} INFO - Sync 1 DAGs
[2025-01-14T00:22:25.632+0000] {logging_mixin.py:188} INFO - [2025-01-14T00:22:25.632+0000] {dag.py:3823} INFO - Setting next_dagrun for example_sla_dag to 2025-01-14 00:20:00+00:00, run_after=2025-01-14 00:22:00+00:00
[2025-01-14T00:22:25.644+0000] {processor.py:183} INFO - Processing /home/airflow/.local/lib/python3.8/site-packages/airflow/example_dags/example_sla_dag.py took 0.048 seconds
[2025-01-14T00:22:56.706+0000] {processor.py:161} INFO - Started process (PID=1975) to work on /home/airflow/.local/lib/python3.8/site-packages/airflow/example_dags/example_sla_dag.py
[2025-01-14T00:22:56.707+0000] {processor.py:830} INFO - Processing file /home/airflow/.local/lib/python3.8/site-packages/airflow/example_dags/example_sla_dag.py for tasks to queue
[2025-01-14T00:22:56.708+0000] {logging_mixin.py:188} INFO - [2025-01-14T00:22:56.708+0000] {dagbag.py:538} INFO - Filling up the DagBag from /home/airflow/.local/lib/python3.8/site-packages/airflow/example_dags/example_sla_dag.py
[2025-01-14T00:22:56.713+0000] {processor.py:840} INFO - DAG(s) 'example_sla_dag' retrieved from /home/airflow/.local/lib/python3.8/site-packages/airflow/example_dags/example_sla_dag.py
[2025-01-14T00:22:56.726+0000] {logging_mixin.py:188} INFO - [2025-01-14T00:22:56.726+0000] {dag.py:3036} INFO - Sync 1 DAGs
[2025-01-14T00:22:56.740+0000] {logging_mixin.py:188} INFO - [2025-01-14T00:22:56.740+0000] {dag.py:3823} INFO - Setting next_dagrun for example_sla_dag to 2025-01-14 00:20:00+00:00, run_after=2025-01-14 00:22:00+00:00
[2025-01-14T00:22:56.752+0000] {processor.py:183} INFO - Processing /home/airflow/.local/lib/python3.8/site-packages/airflow/example_dags/example_sla_dag.py took 0.048 seconds
[2025-01-14T00:23:27.892+0000] {processor.py:161} INFO - Started process (PID=2034) to work on /home/airflow/.local/lib/python3.8/site-packages/airflow/example_dags/example_sla_dag.py
[2025-01-14T00:23:27.892+0000] {processor.py:830} INFO - Processing file /home/airflow/.local/lib/python3.8/site-packages/airflow/example_dags/example_sla_dag.py for tasks to queue
[2025-01-14T00:23:27.893+0000] {logging_mixin.py:188} INFO - [2025-01-14T00:23:27.893+0000] {dagbag.py:538} INFO - Filling up the DagBag from /home/airflow/.local/lib/python3.8/site-packages/airflow/example_dags/example_sla_dag.py
[2025-01-14T00:23:27.898+0000] {processor.py:840} INFO - DAG(s) 'example_sla_dag' retrieved from /home/airflow/.local/lib/python3.8/site-packages/airflow/example_dags/example_sla_dag.py
[2025-01-14T00:23:27.911+0000] {logging_mixin.py:188} INFO - [2025-01-14T00:23:27.910+0000] {dag.py:3036} INFO - Sync 1 DAGs
[2025-01-14T00:23:27.925+0000] {logging_mixin.py:188} INFO - [2025-01-14T00:23:27.925+0000] {dag.py:3823} INFO - Setting next_dagrun for example_sla_dag to 2025-01-14 00:20:00+00:00, run_after=2025-01-14 00:22:00+00:00
[2025-01-14T00:23:27.937+0000] {processor.py:183} INFO - Processing /home/airflow/.local/lib/python3.8/site-packages/airflow/example_dags/example_sla_dag.py took 0.047 seconds
[2025-01-14T00:23:58.990+0000] {processor.py:161} INFO - Started process (PID=2093) to work on /home/airflow/.local/lib/python3.8/site-packages/airflow/example_dags/example_sla_dag.py
[2025-01-14T00:23:58.990+0000] {processor.py:830} INFO - Processing file /home/airflow/.local/lib/python3.8/site-packages/airflow/example_dags/example_sla_dag.py for tasks to queue
[2025-01-14T00:23:58.992+0000] {logging_mixin.py:188} INFO - [2025-01-14T00:23:58.991+0000] {dagbag.py:538} INFO - Filling up the DagBag from /home/airflow/.local/lib/python3.8/site-packages/airflow/example_dags/example_sla_dag.py
[2025-01-14T00:23:58.997+0000] {processor.py:840} INFO - DAG(s) 'example_sla_dag' retrieved from /home/airflow/.local/lib/python3.8/site-packages/airflow/example_dags/example_sla_dag.py
[2025-01-14T00:23:59.011+0000] {logging_mixin.py:188} INFO - [2025-01-14T00:23:59.011+0000] {dag.py:3036} INFO - Sync 1 DAGs
[2025-01-14T00:23:59.028+0000] {logging_mixin.py:188} INFO - [2025-01-14T00:23:59.027+0000] {dag.py:3823} INFO - Setting next_dagrun for example_sla_dag to 2025-01-14 00:20:00+00:00, run_after=2025-01-14 00:22:00+00:00
[2025-01-14T00:23:59.043+0000] {processor.py:183} INFO - Processing /home/airflow/.local/lib/python3.8/site-packages/airflow/example_dags/example_sla_dag.py took 0.056 seconds
[2025-01-14T00:24:30.053+0000] {processor.py:161} INFO - Started process (PID=2152) to work on /home/airflow/.local/lib/python3.8/site-packages/airflow/example_dags/example_sla_dag.py
[2025-01-14T00:24:30.054+0000] {processor.py:830} INFO - Processing file /home/airflow/.local/lib/python3.8/site-packages/airflow/example_dags/example_sla_dag.py for tasks to queue
[2025-01-14T00:24:30.055+0000] {logging_mixin.py:188} INFO - [2025-01-14T00:24:30.055+0000] {dagbag.py:538} INFO - Filling up the DagBag from /home/airflow/.local/lib/python3.8/site-packages/airflow/example_dags/example_sla_dag.py
[2025-01-14T00:24:30.060+0000] {processor.py:840} INFO - DAG(s) 'example_sla_dag' retrieved from /home/airflow/.local/lib/python3.8/site-packages/airflow/example_dags/example_sla_dag.py
[2025-01-14T00:24:30.072+0000] {logging_mixin.py:188} INFO - [2025-01-14T00:24:30.072+0000] {dag.py:3036} INFO - Sync 1 DAGs
[2025-01-14T00:24:30.089+0000] {logging_mixin.py:188} INFO - [2025-01-14T00:24:30.088+0000] {dag.py:3823} INFO - Setting next_dagrun for example_sla_dag to 2025-01-14 00:22:00+00:00, run_after=2025-01-14 00:24:00+00:00
[2025-01-14T00:24:30.102+0000] {processor.py:183} INFO - Processing /home/airflow/.local/lib/python3.8/site-packages/airflow/example_dags/example_sla_dag.py took 0.051 seconds
[2025-01-14T00:25:00.469+0000] {processor.py:161} INFO - Started process (PID=2211) to work on /home/airflow/.local/lib/python3.8/site-packages/airflow/example_dags/example_sla_dag.py
[2025-01-14T00:25:00.470+0000] {processor.py:830} INFO - Processing file /home/airflow/.local/lib/python3.8/site-packages/airflow/example_dags/example_sla_dag.py for tasks to queue
[2025-01-14T00:25:00.471+0000] {logging_mixin.py:188} INFO - [2025-01-14T00:25:00.471+0000] {dagbag.py:538} INFO - Filling up the DagBag from /home/airflow/.local/lib/python3.8/site-packages/airflow/example_dags/example_sla_dag.py
[2025-01-14T00:25:00.477+0000] {processor.py:840} INFO - DAG(s) 'example_sla_dag' retrieved from /home/airflow/.local/lib/python3.8/site-packages/airflow/example_dags/example_sla_dag.py
[2025-01-14T00:25:00.490+0000] {logging_mixin.py:188} INFO - [2025-01-14T00:25:00.489+0000] {dag.py:3036} INFO - Sync 1 DAGs
[2025-01-14T00:25:00.505+0000] {logging_mixin.py:188} INFO - [2025-01-14T00:25:00.505+0000] {dag.py:3823} INFO - Setting next_dagrun for example_sla_dag to 2025-01-14 00:22:00+00:00, run_after=2025-01-14 00:24:00+00:00
[2025-01-14T00:25:00.517+0000] {processor.py:183} INFO - Processing /home/airflow/.local/lib/python3.8/site-packages/airflow/example_dags/example_sla_dag.py took 0.049 seconds
[2025-01-14T00:25:31.430+0000] {processor.py:161} INFO - Started process (PID=2270) to work on /home/airflow/.local/lib/python3.8/site-packages/airflow/example_dags/example_sla_dag.py
[2025-01-14T00:25:31.431+0000] {processor.py:830} INFO - Processing file /home/airflow/.local/lib/python3.8/site-packages/airflow/example_dags/example_sla_dag.py for tasks to queue
[2025-01-14T00:25:31.432+0000] {logging_mixin.py:188} INFO - [2025-01-14T00:25:31.432+0000] {dagbag.py:538} INFO - Filling up the DagBag from /home/airflow/.local/lib/python3.8/site-packages/airflow/example_dags/example_sla_dag.py
[2025-01-14T00:25:31.437+0000] {processor.py:840} INFO - DAG(s) 'example_sla_dag' retrieved from /home/airflow/.local/lib/python3.8/site-packages/airflow/example_dags/example_sla_dag.py
[2025-01-14T00:25:31.449+0000] {logging_mixin.py:188} INFO - [2025-01-14T00:25:31.449+0000] {dag.py:3036} INFO - Sync 1 DAGs
[2025-01-14T00:25:31.464+0000] {logging_mixin.py:188} INFO - [2025-01-14T00:25:31.464+0000] {dag.py:3823} INFO - Setting next_dagrun for example_sla_dag to 2025-01-14 00:22:00+00:00, run_after=2025-01-14 00:24:00+00:00
[2025-01-14T00:25:31.476+0000] {processor.py:183} INFO - Processing /home/airflow/.local/lib/python3.8/site-packages/airflow/example_dags/example_sla_dag.py took 0.047 seconds
[2025-01-14T00:26:03.048+0000] {processor.py:161} INFO - Started process (PID=2331) to work on /home/airflow/.local/lib/python3.8/site-packages/airflow/example_dags/example_sla_dag.py
[2025-01-14T00:26:03.048+0000] {processor.py:830} INFO - Processing file /home/airflow/.local/lib/python3.8/site-packages/airflow/example_dags/example_sla_dag.py for tasks to queue
[2025-01-14T00:26:03.049+0000] {logging_mixin.py:188} INFO - [2025-01-14T00:26:03.049+0000] {dagbag.py:538} INFO - Filling up the DagBag from /home/airflow/.local/lib/python3.8/site-packages/airflow/example_dags/example_sla_dag.py
[2025-01-14T00:26:03.055+0000] {processor.py:840} INFO - DAG(s) 'example_sla_dag' retrieved from /home/airflow/.local/lib/python3.8/site-packages/airflow/example_dags/example_sla_dag.py
[2025-01-14T00:26:03.067+0000] {logging_mixin.py:188} INFO - [2025-01-14T00:26:03.067+0000] {dag.py:3036} INFO - Sync 1 DAGs
[2025-01-14T00:26:03.084+0000] {logging_mixin.py:188} INFO - [2025-01-14T00:26:03.083+0000] {dag.py:3823} INFO - Setting next_dagrun for example_sla_dag to 2025-01-14 00:24:00+00:00, run_after=2025-01-14 00:26:00+00:00
[2025-01-14T00:26:03.097+0000] {processor.py:183} INFO - Processing /home/airflow/.local/lib/python3.8/site-packages/airflow/example_dags/example_sla_dag.py took 0.051 seconds
[2025-01-14T00:26:33.732+0000] {processor.py:161} INFO - Started process (PID=2390) to work on /home/airflow/.local/lib/python3.8/site-packages/airflow/example_dags/example_sla_dag.py
[2025-01-14T00:26:33.733+0000] {processor.py:830} INFO - Processing file /home/airflow/.local/lib/python3.8/site-packages/airflow/example_dags/example_sla_dag.py for tasks to queue
[2025-01-14T00:26:33.734+0000] {logging_mixin.py:188} INFO - [2025-01-14T00:26:33.733+0000] {dagbag.py:538} INFO - Filling up the DagBag from /home/airflow/.local/lib/python3.8/site-packages/airflow/example_dags/example_sla_dag.py
[2025-01-14T00:26:33.739+0000] {processor.py:840} INFO - DAG(s) 'example_sla_dag' retrieved from /home/airflow/.local/lib/python3.8/site-packages/airflow/example_dags/example_sla_dag.py
[2025-01-14T00:26:33.753+0000] {logging_mixin.py:188} INFO - [2025-01-14T00:26:33.753+0000] {dag.py:3036} INFO - Sync 1 DAGs
[2025-01-14T00:26:33.770+0000] {logging_mixin.py:188} INFO - [2025-01-14T00:26:33.770+0000] {dag.py:3823} INFO - Setting next_dagrun for example_sla_dag to 2025-01-14 00:24:00+00:00, run_after=2025-01-14 00:26:00+00:00
[2025-01-14T00:26:33.880+0000] {processor.py:183} INFO - Processing /home/airflow/.local/lib/python3.8/site-packages/airflow/example_dags/example_sla_dag.py took 0.151 seconds
[2025-01-14T00:27:04.499+0000] {processor.py:161} INFO - Started process (PID=2449) to work on /home/airflow/.local/lib/python3.8/site-packages/airflow/example_dags/example_sla_dag.py
[2025-01-14T00:27:04.500+0000] {processor.py:830} INFO - Processing file /home/airflow/.local/lib/python3.8/site-packages/airflow/example_dags/example_sla_dag.py for tasks to queue
[2025-01-14T00:27:04.501+0000] {logging_mixin.py:188} INFO - [2025-01-14T00:27:04.501+0000] {dagbag.py:538} INFO - Filling up the DagBag from /home/airflow/.local/lib/python3.8/site-packages/airflow/example_dags/example_sla_dag.py
[2025-01-14T00:27:04.506+0000] {processor.py:840} INFO - DAG(s) 'example_sla_dag' retrieved from /home/airflow/.local/lib/python3.8/site-packages/airflow/example_dags/example_sla_dag.py
[2025-01-14T00:27:04.519+0000] {logging_mixin.py:188} INFO - [2025-01-14T00:27:04.519+0000] {dag.py:3036} INFO - Sync 1 DAGs
[2025-01-14T00:27:04.534+0000] {logging_mixin.py:188} INFO - [2025-01-14T00:27:04.534+0000] {dag.py:3823} INFO - Setting next_dagrun for example_sla_dag to 2025-01-14 00:24:00+00:00, run_after=2025-01-14 00:26:00+00:00
[2025-01-14T00:27:04.546+0000] {processor.py:183} INFO - Processing /home/airflow/.local/lib/python3.8/site-packages/airflow/example_dags/example_sla_dag.py took 0.049 seconds
[2025-01-14T00:27:35.257+0000] {processor.py:161} INFO - Started process (PID=2508) to work on /home/airflow/.local/lib/python3.8/site-packages/airflow/example_dags/example_sla_dag.py
[2025-01-14T00:27:35.257+0000] {processor.py:830} INFO - Processing file /home/airflow/.local/lib/python3.8/site-packages/airflow/example_dags/example_sla_dag.py for tasks to queue
[2025-01-14T00:27:35.258+0000] {logging_mixin.py:188} INFO - [2025-01-14T00:27:35.258+0000] {dagbag.py:538} INFO - Filling up the DagBag from /home/airflow/.local/lib/python3.8/site-packages/airflow/example_dags/example_sla_dag.py
[2025-01-14T00:27:35.264+0000] {processor.py:840} INFO - DAG(s) 'example_sla_dag' retrieved from /home/airflow/.local/lib/python3.8/site-packages/airflow/example_dags/example_sla_dag.py
[2025-01-14T00:27:35.278+0000] {logging_mixin.py:188} INFO - [2025-01-14T00:27:35.278+0000] {dag.py:3036} INFO - Sync 1 DAGs
[2025-01-14T00:27:35.296+0000] {logging_mixin.py:188} INFO - [2025-01-14T00:27:35.296+0000] {dag.py:3823} INFO - Setting next_dagrun for example_sla_dag to 2025-01-14 00:24:00+00:00, run_after=2025-01-14 00:26:00+00:00
[2025-01-14T00:27:35.309+0000] {processor.py:183} INFO - Processing /home/airflow/.local/lib/python3.8/site-packages/airflow/example_dags/example_sla_dag.py took 0.055 seconds
[2025-01-14T00:28:05.725+0000] {processor.py:161} INFO - Started process (PID=2567) to work on /home/airflow/.local/lib/python3.8/site-packages/airflow/example_dags/example_sla_dag.py
[2025-01-14T00:28:05.725+0000] {processor.py:830} INFO - Processing file /home/airflow/.local/lib/python3.8/site-packages/airflow/example_dags/example_sla_dag.py for tasks to queue
[2025-01-14T00:28:05.726+0000] {logging_mixin.py:188} INFO - [2025-01-14T00:28:05.726+0000] {dagbag.py:538} INFO - Filling up the DagBag from /home/airflow/.local/lib/python3.8/site-packages/airflow/example_dags/example_sla_dag.py
[2025-01-14T00:28:05.732+0000] {processor.py:840} INFO - DAG(s) 'example_sla_dag' retrieved from /home/airflow/.local/lib/python3.8/site-packages/airflow/example_dags/example_sla_dag.py
[2025-01-14T00:28:05.744+0000] {logging_mixin.py:188} INFO - [2025-01-14T00:28:05.744+0000] {dag.py:3036} INFO - Sync 1 DAGs
[2025-01-14T00:28:05.760+0000] {logging_mixin.py:188} INFO - [2025-01-14T00:28:05.759+0000] {dag.py:3823} INFO - Setting next_dagrun for example_sla_dag to 2025-01-14 00:26:00+00:00, run_after=2025-01-14 00:28:00+00:00
[2025-01-14T00:28:05.771+0000] {processor.py:183} INFO - Processing /home/airflow/.local/lib/python3.8/site-packages/airflow/example_dags/example_sla_dag.py took 0.049 seconds
[2025-01-14T00:28:36.982+0000] {processor.py:161} INFO - Started process (PID=2626) to work on /home/airflow/.local/lib/python3.8/site-packages/airflow/example_dags/example_sla_dag.py
[2025-01-14T00:28:36.983+0000] {processor.py:830} INFO - Processing file /home/airflow/.local/lib/python3.8/site-packages/airflow/example_dags/example_sla_dag.py for tasks to queue
[2025-01-14T00:28:36.984+0000] {logging_mixin.py:188} INFO - [2025-01-14T00:28:36.984+0000] {dagbag.py:538} INFO - Filling up the DagBag from /home/airflow/.local/lib/python3.8/site-packages/airflow/example_dags/example_sla_dag.py
[2025-01-14T00:28:36.990+0000] {processor.py:840} INFO - DAG(s) 'example_sla_dag' retrieved from /home/airflow/.local/lib/python3.8/site-packages/airflow/example_dags/example_sla_dag.py
[2025-01-14T00:28:37.004+0000] {logging_mixin.py:188} INFO - [2025-01-14T00:28:37.004+0000] {dag.py:3036} INFO - Sync 1 DAGs
[2025-01-14T00:28:37.020+0000] {logging_mixin.py:188} INFO - [2025-01-14T00:28:37.020+0000] {dag.py:3823} INFO - Setting next_dagrun for example_sla_dag to 2025-01-14 00:26:00+00:00, run_after=2025-01-14 00:28:00+00:00
[2025-01-14T00:28:37.034+0000] {processor.py:183} INFO - Processing /home/airflow/.local/lib/python3.8/site-packages/airflow/example_dags/example_sla_dag.py took 0.053 seconds
[2025-01-14T00:29:08.510+0000] {processor.py:161} INFO - Started process (PID=2685) to work on /home/airflow/.local/lib/python3.8/site-packages/airflow/example_dags/example_sla_dag.py
[2025-01-14T00:29:08.510+0000] {processor.py:830} INFO - Processing file /home/airflow/.local/lib/python3.8/site-packages/airflow/example_dags/example_sla_dag.py for tasks to queue
[2025-01-14T00:29:08.511+0000] {logging_mixin.py:188} INFO - [2025-01-14T00:29:08.511+0000] {dagbag.py:538} INFO - Filling up the DagBag from /home/airflow/.local/lib/python3.8/site-packages/airflow/example_dags/example_sla_dag.py
[2025-01-14T00:29:08.517+0000] {processor.py:840} INFO - DAG(s) 'example_sla_dag' retrieved from /home/airflow/.local/lib/python3.8/site-packages/airflow/example_dags/example_sla_dag.py
[2025-01-14T00:29:08.530+0000] {logging_mixin.py:188} INFO - [2025-01-14T00:29:08.530+0000] {dag.py:3036} INFO - Sync 1 DAGs
[2025-01-14T00:29:08.546+0000] {logging_mixin.py:188} INFO - [2025-01-14T00:29:08.546+0000] {dag.py:3823} INFO - Setting next_dagrun for example_sla_dag to 2025-01-14 00:26:00+00:00, run_after=2025-01-14 00:28:00+00:00
[2025-01-14T00:29:08.558+0000] {processor.py:183} INFO - Processing /home/airflow/.local/lib/python3.8/site-packages/airflow/example_dags/example_sla_dag.py took 0.050 seconds
[2025-01-14T00:29:39.138+0000] {processor.py:161} INFO - Started process (PID=2744) to work on /home/airflow/.local/lib/python3.8/site-packages/airflow/example_dags/example_sla_dag.py
[2025-01-14T00:29:39.138+0000] {processor.py:830} INFO - Processing file /home/airflow/.local/lib/python3.8/site-packages/airflow/example_dags/example_sla_dag.py for tasks to queue
[2025-01-14T00:29:39.139+0000] {logging_mixin.py:188} INFO - [2025-01-14T00:29:39.139+0000] {dagbag.py:538} INFO - Filling up the DagBag from /home/airflow/.local/lib/python3.8/site-packages/airflow/example_dags/example_sla_dag.py
[2025-01-14T00:29:39.145+0000] {processor.py:840} INFO - DAG(s) 'example_sla_dag' retrieved from /home/airflow/.local/lib/python3.8/site-packages/airflow/example_dags/example_sla_dag.py
[2025-01-14T00:29:39.157+0000] {logging_mixin.py:188} INFO - [2025-01-14T00:29:39.157+0000] {dag.py:3036} INFO - Sync 1 DAGs
[2025-01-14T00:29:39.174+0000] {logging_mixin.py:188} INFO - [2025-01-14T00:29:39.173+0000] {dag.py:3823} INFO - Setting next_dagrun for example_sla_dag to 2025-01-14 00:26:00+00:00, run_after=2025-01-14 00:28:00+00:00
[2025-01-14T00:29:39.187+0000] {processor.py:183} INFO - Processing /home/airflow/.local/lib/python3.8/site-packages/airflow/example_dags/example_sla_dag.py took 0.051 seconds
[2025-01-14T00:30:09.835+0000] {processor.py:161} INFO - Started process (PID=2803) to work on /home/airflow/.local/lib/python3.8/site-packages/airflow/example_dags/example_sla_dag.py
[2025-01-14T00:30:09.836+0000] {processor.py:830} INFO - Processing file /home/airflow/.local/lib/python3.8/site-packages/airflow/example_dags/example_sla_dag.py for tasks to queue
[2025-01-14T00:30:09.837+0000] {logging_mixin.py:188} INFO - [2025-01-14T00:30:09.837+0000] {dagbag.py:538} INFO - Filling up the DagBag from /home/airflow/.local/lib/python3.8/site-packages/airflow/example_dags/example_sla_dag.py
[2025-01-14T00:30:09.842+0000] {processor.py:840} INFO - DAG(s) 'example_sla_dag' retrieved from /home/airflow/.local/lib/python3.8/site-packages/airflow/example_dags/example_sla_dag.py
[2025-01-14T00:30:09.855+0000] {logging_mixin.py:188} INFO - [2025-01-14T00:30:09.855+0000] {dag.py:3036} INFO - Sync 1 DAGs
[2025-01-14T00:30:09.870+0000] {logging_mixin.py:188} INFO - [2025-01-14T00:30:09.870+0000] {dag.py:3823} INFO - Setting next_dagrun for example_sla_dag to 2025-01-14 00:28:00+00:00, run_after=2025-01-14 00:30:00+00:00
[2025-01-14T00:30:09.882+0000] {processor.py:183} INFO - Processing /home/airflow/.local/lib/python3.8/site-packages/airflow/example_dags/example_sla_dag.py took 0.050 seconds
[2025-01-14T00:30:40.656+0000] {processor.py:161} INFO - Started process (PID=2862) to work on /home/airflow/.local/lib/python3.8/site-packages/airflow/example_dags/example_sla_dag.py
[2025-01-14T00:30:40.657+0000] {processor.py:830} INFO - Processing file /home/airflow/.local/lib/python3.8/site-packages/airflow/example_dags/example_sla_dag.py for tasks to queue
[2025-01-14T00:30:40.658+0000] {logging_mixin.py:188} INFO - [2025-01-14T00:30:40.658+0000] {dagbag.py:538} INFO - Filling up the DagBag from /home/airflow/.local/lib/python3.8/site-packages/airflow/example_dags/example_sla_dag.py
[2025-01-14T00:30:40.665+0000] {processor.py:840} INFO - DAG(s) 'example_sla_dag' retrieved from /home/airflow/.local/lib/python3.8/site-packages/airflow/example_dags/example_sla_dag.py
[2025-01-14T00:30:40.678+0000] {logging_mixin.py:188} INFO - [2025-01-14T00:30:40.677+0000] {dag.py:3036} INFO - Sync 1 DAGs
[2025-01-14T00:30:40.693+0000] {logging_mixin.py:188} INFO - [2025-01-14T00:30:40.693+0000] {dag.py:3823} INFO - Setting next_dagrun for example_sla_dag to 2025-01-14 00:28:00+00:00, run_after=2025-01-14 00:30:00+00:00
[2025-01-14T00:30:40.706+0000] {processor.py:183} INFO - Processing /home/airflow/.local/lib/python3.8/site-packages/airflow/example_dags/example_sla_dag.py took 0.052 seconds
[2025-01-14T00:31:11.502+0000] {processor.py:161} INFO - Started process (PID=2921) to work on /home/airflow/.local/lib/python3.8/site-packages/airflow/example_dags/example_sla_dag.py
[2025-01-14T00:31:11.503+0000] {processor.py:830} INFO - Processing file /home/airflow/.local/lib/python3.8/site-packages/airflow/example_dags/example_sla_dag.py for tasks to queue
[2025-01-14T00:31:11.503+0000] {logging_mixin.py:188} INFO - [2025-01-14T00:31:11.503+0000] {dagbag.py:538} INFO - Filling up the DagBag from /home/airflow/.local/lib/python3.8/site-packages/airflow/example_dags/example_sla_dag.py
[2025-01-14T00:31:11.509+0000] {processor.py:840} INFO - DAG(s) 'example_sla_dag' retrieved from /home/airflow/.local/lib/python3.8/site-packages/airflow/example_dags/example_sla_dag.py
[2025-01-14T00:31:11.521+0000] {logging_mixin.py:188} INFO - [2025-01-14T00:31:11.521+0000] {dag.py:3036} INFO - Sync 1 DAGs
[2025-01-14T00:31:11.535+0000] {logging_mixin.py:188} INFO - [2025-01-14T00:31:11.535+0000] {dag.py:3823} INFO - Setting next_dagrun for example_sla_dag to 2025-01-14 00:28:00+00:00, run_after=2025-01-14 00:30:00+00:00
[2025-01-14T00:31:11.548+0000] {processor.py:183} INFO - Processing /home/airflow/.local/lib/python3.8/site-packages/airflow/example_dags/example_sla_dag.py took 0.048 seconds
[2025-01-14T00:31:42.269+0000] {processor.py:161} INFO - Started process (PID=2980) to work on /home/airflow/.local/lib/python3.8/site-packages/airflow/example_dags/example_sla_dag.py
[2025-01-14T00:31:42.270+0000] {processor.py:830} INFO - Processing file /home/airflow/.local/lib/python3.8/site-packages/airflow/example_dags/example_sla_dag.py for tasks to queue
[2025-01-14T00:31:42.271+0000] {logging_mixin.py:188} INFO - [2025-01-14T00:31:42.271+0000] {dagbag.py:538} INFO - Filling up the DagBag from /home/airflow/.local/lib/python3.8/site-packages/airflow/example_dags/example_sla_dag.py
[2025-01-14T00:31:42.277+0000] {processor.py:840} INFO - DAG(s) 'example_sla_dag' retrieved from /home/airflow/.local/lib/python3.8/site-packages/airflow/example_dags/example_sla_dag.py
[2025-01-14T00:31:42.290+0000] {logging_mixin.py:188} INFO - [2025-01-14T00:31:42.289+0000] {dag.py:3036} INFO - Sync 1 DAGs
[2025-01-14T00:31:42.306+0000] {logging_mixin.py:188} INFO - [2025-01-14T00:31:42.306+0000] {dag.py:3823} INFO - Setting next_dagrun for example_sla_dag to 2025-01-14 00:28:00+00:00, run_after=2025-01-14 00:30:00+00:00
[2025-01-14T00:31:42.319+0000] {processor.py:183} INFO - Processing /home/airflow/.local/lib/python3.8/site-packages/airflow/example_dags/example_sla_dag.py took 0.052 seconds
[2025-01-14T00:32:12.364+0000] {processor.py:161} INFO - Started process (PID=3039) to work on /home/airflow/.local/lib/python3.8/site-packages/airflow/example_dags/example_sla_dag.py
[2025-01-14T00:32:12.365+0000] {processor.py:830} INFO - Processing file /home/airflow/.local/lib/python3.8/site-packages/airflow/example_dags/example_sla_dag.py for tasks to queue
[2025-01-14T00:32:12.366+0000] {logging_mixin.py:188} INFO - [2025-01-14T00:32:12.366+0000] {dagbag.py:538} INFO - Filling up the DagBag from /home/airflow/.local/lib/python3.8/site-packages/airflow/example_dags/example_sla_dag.py
[2025-01-14T00:32:12.372+0000] {processor.py:840} INFO - DAG(s) 'example_sla_dag' retrieved from /home/airflow/.local/lib/python3.8/site-packages/airflow/example_dags/example_sla_dag.py
[2025-01-14T00:32:12.384+0000] {logging_mixin.py:188} INFO - [2025-01-14T00:32:12.383+0000] {dag.py:3036} INFO - Sync 1 DAGs
[2025-01-14T00:32:12.399+0000] {logging_mixin.py:188} INFO - [2025-01-14T00:32:12.399+0000] {dag.py:3823} INFO - Setting next_dagrun for example_sla_dag to 2025-01-14 00:30:00+00:00, run_after=2025-01-14 00:32:00+00:00
[2025-01-14T00:32:12.411+0000] {processor.py:183} INFO - Processing /home/airflow/.local/lib/python3.8/site-packages/airflow/example_dags/example_sla_dag.py took 0.049 seconds
[2025-01-14T00:32:42.479+0000] {processor.py:161} INFO - Started process (PID=3098) to work on /home/airflow/.local/lib/python3.8/site-packages/airflow/example_dags/example_sla_dag.py
[2025-01-14T00:32:42.480+0000] {processor.py:830} INFO - Processing file /home/airflow/.local/lib/python3.8/site-packages/airflow/example_dags/example_sla_dag.py for tasks to queue
[2025-01-14T00:32:42.481+0000] {logging_mixin.py:188} INFO - [2025-01-14T00:32:42.481+0000] {dagbag.py:538} INFO - Filling up the DagBag from /home/airflow/.local/lib/python3.8/site-packages/airflow/example_dags/example_sla_dag.py
[2025-01-14T00:32:42.486+0000] {processor.py:840} INFO - DAG(s) 'example_sla_dag' retrieved from /home/airflow/.local/lib/python3.8/site-packages/airflow/example_dags/example_sla_dag.py
[2025-01-14T00:32:42.499+0000] {logging_mixin.py:188} INFO - [2025-01-14T00:32:42.499+0000] {dag.py:3036} INFO - Sync 1 DAGs
[2025-01-14T00:32:42.515+0000] {logging_mixin.py:188} INFO - [2025-01-14T00:32:42.515+0000] {dag.py:3823} INFO - Setting next_dagrun for example_sla_dag to 2025-01-14 00:30:00+00:00, run_after=2025-01-14 00:32:00+00:00
[2025-01-14T00:32:42.528+0000] {processor.py:183} INFO - Processing /home/airflow/.local/lib/python3.8/site-packages/airflow/example_dags/example_sla_dag.py took 0.051 seconds
