[2025-01-14T00:00:05.004+0000] {processor.py:161} INFO - Started process (PID=10535) to work on /home/airflow/.local/lib/python3.8/site-packages/airflow/example_dags/example_branch_labels.py
[2025-01-14T00:00:05.004+0000] {processor.py:830} INFO - Processing file /home/airflow/.local/lib/python3.8/site-packages/airflow/example_dags/example_branch_labels.py for tasks to queue
[2025-01-14T00:00:05.006+0000] {logging_mixin.py:188} INFO - [2025-01-14T00:00:05.005+0000] {dagbag.py:538} INFO - Filling up the DagBag from /home/airflow/.local/lib/python3.8/site-packages/airflow/example_dags/example_branch_labels.py
[2025-01-14T00:00:05.011+0000] {processor.py:840} INFO - DAG(s) 'example_branch_labels' retrieved from /home/airflow/.local/lib/python3.8/site-packages/airflow/example_dags/example_branch_labels.py
[2025-01-14T00:00:05.027+0000] {logging_mixin.py:188} INFO - [2025-01-14T00:00:05.027+0000] {dag.py:3036} INFO - Sync 1 DAGs
[2025-01-14T00:00:05.044+0000] {logging_mixin.py:188} INFO - [2025-01-14T00:00:05.043+0000] {dag.py:3823} INFO - Setting next_dagrun for example_branch_labels to 2025-01-13 00:00:00+00:00, run_after=2025-01-14 00:00:00+00:00
[2025-01-14T00:00:05.059+0000] {processor.py:183} INFO - Processing /home/airflow/.local/lib/python3.8/site-packages/airflow/example_dags/example_branch_labels.py took 0.058 seconds
[2025-01-14T00:00:35.099+0000] {processor.py:161} INFO - Started process (PID=10596) to work on /home/airflow/.local/lib/python3.8/site-packages/airflow/example_dags/example_branch_labels.py
[2025-01-14T00:00:35.100+0000] {processor.py:830} INFO - Processing file /home/airflow/.local/lib/python3.8/site-packages/airflow/example_dags/example_branch_labels.py for tasks to queue
[2025-01-14T00:00:35.101+0000] {logging_mixin.py:188} INFO - [2025-01-14T00:00:35.101+0000] {dagbag.py:538} INFO - Filling up the DagBag from /home/airflow/.local/lib/python3.8/site-packages/airflow/example_dags/example_branch_labels.py
[2025-01-14T00:00:35.105+0000] {processor.py:840} INFO - DAG(s) 'example_branch_labels' retrieved from /home/airflow/.local/lib/python3.8/site-packages/airflow/example_dags/example_branch_labels.py
[2025-01-14T00:00:35.120+0000] {logging_mixin.py:188} INFO - [2025-01-14T00:00:35.120+0000] {dag.py:3036} INFO - Sync 1 DAGs
[2025-01-14T00:00:35.134+0000] {logging_mixin.py:188} INFO - [2025-01-14T00:00:35.134+0000] {dag.py:3823} INFO - Setting next_dagrun for example_branch_labels to 2025-01-13 00:00:00+00:00, run_after=2025-01-14 00:00:00+00:00
[2025-01-14T00:00:35.146+0000] {processor.py:183} INFO - Processing /home/airflow/.local/lib/python3.8/site-packages/airflow/example_dags/example_branch_labels.py took 0.049 seconds
[2025-01-14T00:01:05.208+0000] {processor.py:161} INFO - Started process (PID=10655) to work on /home/airflow/.local/lib/python3.8/site-packages/airflow/example_dags/example_branch_labels.py
[2025-01-14T00:01:05.209+0000] {processor.py:830} INFO - Processing file /home/airflow/.local/lib/python3.8/site-packages/airflow/example_dags/example_branch_labels.py for tasks to queue
[2025-01-14T00:01:05.210+0000] {logging_mixin.py:188} INFO - [2025-01-14T00:01:05.210+0000] {dagbag.py:538} INFO - Filling up the DagBag from /home/airflow/.local/lib/python3.8/site-packages/airflow/example_dags/example_branch_labels.py
[2025-01-14T00:01:05.215+0000] {processor.py:840} INFO - DAG(s) 'example_branch_labels' retrieved from /home/airflow/.local/lib/python3.8/site-packages/airflow/example_dags/example_branch_labels.py
[2025-01-14T00:01:05.230+0000] {logging_mixin.py:188} INFO - [2025-01-14T00:01:05.230+0000] {dag.py:3036} INFO - Sync 1 DAGs
[2025-01-14T00:01:05.244+0000] {logging_mixin.py:188} INFO - [2025-01-14T00:01:05.244+0000] {dag.py:3823} INFO - Setting next_dagrun for example_branch_labels to 2025-01-13 00:00:00+00:00, run_after=2025-01-14 00:00:00+00:00
[2025-01-14T00:01:05.257+0000] {processor.py:183} INFO - Processing /home/airflow/.local/lib/python3.8/site-packages/airflow/example_dags/example_branch_labels.py took 0.051 seconds
[2025-01-14T00:01:35.338+0000] {processor.py:161} INFO - Started process (PID=10714) to work on /home/airflow/.local/lib/python3.8/site-packages/airflow/example_dags/example_branch_labels.py
[2025-01-14T00:01:35.339+0000] {processor.py:830} INFO - Processing file /home/airflow/.local/lib/python3.8/site-packages/airflow/example_dags/example_branch_labels.py for tasks to queue
[2025-01-14T00:01:35.339+0000] {logging_mixin.py:188} INFO - [2025-01-14T00:01:35.339+0000] {dagbag.py:538} INFO - Filling up the DagBag from /home/airflow/.local/lib/python3.8/site-packages/airflow/example_dags/example_branch_labels.py
[2025-01-14T00:01:35.344+0000] {processor.py:840} INFO - DAG(s) 'example_branch_labels' retrieved from /home/airflow/.local/lib/python3.8/site-packages/airflow/example_dags/example_branch_labels.py
[2025-01-14T00:01:35.358+0000] {logging_mixin.py:188} INFO - [2025-01-14T00:01:35.358+0000] {dag.py:3036} INFO - Sync 1 DAGs
[2025-01-14T00:01:35.372+0000] {logging_mixin.py:188} INFO - [2025-01-14T00:01:35.371+0000] {dag.py:3823} INFO - Setting next_dagrun for example_branch_labels to 2025-01-13 00:00:00+00:00, run_after=2025-01-14 00:00:00+00:00
[2025-01-14T00:01:35.384+0000] {processor.py:183} INFO - Processing /home/airflow/.local/lib/python3.8/site-packages/airflow/example_dags/example_branch_labels.py took 0.049 seconds
[2025-01-14T00:02:06.322+0000] {processor.py:161} INFO - Started process (PID=10773) to work on /home/airflow/.local/lib/python3.8/site-packages/airflow/example_dags/example_branch_labels.py
[2025-01-14T00:02:06.323+0000] {processor.py:830} INFO - Processing file /home/airflow/.local/lib/python3.8/site-packages/airflow/example_dags/example_branch_labels.py for tasks to queue
[2025-01-14T00:02:06.323+0000] {logging_mixin.py:188} INFO - [2025-01-14T00:02:06.323+0000] {dagbag.py:538} INFO - Filling up the DagBag from /home/airflow/.local/lib/python3.8/site-packages/airflow/example_dags/example_branch_labels.py
[2025-01-14T00:02:06.328+0000] {processor.py:840} INFO - DAG(s) 'example_branch_labels' retrieved from /home/airflow/.local/lib/python3.8/site-packages/airflow/example_dags/example_branch_labels.py
[2025-01-14T00:02:06.342+0000] {logging_mixin.py:188} INFO - [2025-01-14T00:02:06.342+0000] {dag.py:3036} INFO - Sync 1 DAGs
[2025-01-14T00:02:06.355+0000] {logging_mixin.py:188} INFO - [2025-01-14T00:02:06.355+0000] {dag.py:3823} INFO - Setting next_dagrun for example_branch_labels to 2025-01-13 00:00:00+00:00, run_after=2025-01-14 00:00:00+00:00
[2025-01-14T00:02:06.369+0000] {processor.py:183} INFO - Processing /home/airflow/.local/lib/python3.8/site-packages/airflow/example_dags/example_branch_labels.py took 0.049 seconds
[2025-01-14T00:02:37.125+0000] {processor.py:161} INFO - Started process (PID=10832) to work on /home/airflow/.local/lib/python3.8/site-packages/airflow/example_dags/example_branch_labels.py
[2025-01-14T00:02:37.126+0000] {processor.py:830} INFO - Processing file /home/airflow/.local/lib/python3.8/site-packages/airflow/example_dags/example_branch_labels.py for tasks to queue
[2025-01-14T00:02:37.127+0000] {logging_mixin.py:188} INFO - [2025-01-14T00:02:37.127+0000] {dagbag.py:538} INFO - Filling up the DagBag from /home/airflow/.local/lib/python3.8/site-packages/airflow/example_dags/example_branch_labels.py
[2025-01-14T00:02:37.131+0000] {processor.py:840} INFO - DAG(s) 'example_branch_labels' retrieved from /home/airflow/.local/lib/python3.8/site-packages/airflow/example_dags/example_branch_labels.py
[2025-01-14T00:02:37.146+0000] {logging_mixin.py:188} INFO - [2025-01-14T00:02:37.146+0000] {dag.py:3036} INFO - Sync 1 DAGs
[2025-01-14T00:02:37.160+0000] {logging_mixin.py:188} INFO - [2025-01-14T00:02:37.160+0000] {dag.py:3823} INFO - Setting next_dagrun for example_branch_labels to 2025-01-13 00:00:00+00:00, run_after=2025-01-14 00:00:00+00:00
[2025-01-14T00:02:37.174+0000] {processor.py:183} INFO - Processing /home/airflow/.local/lib/python3.8/site-packages/airflow/example_dags/example_branch_labels.py took 0.051 seconds
[2025-01-14T00:03:07.409+0000] {processor.py:161} INFO - Started process (PID=10891) to work on /home/airflow/.local/lib/python3.8/site-packages/airflow/example_dags/example_branch_labels.py
[2025-01-14T00:03:07.410+0000] {processor.py:830} INFO - Processing file /home/airflow/.local/lib/python3.8/site-packages/airflow/example_dags/example_branch_labels.py for tasks to queue
[2025-01-14T00:03:07.411+0000] {logging_mixin.py:188} INFO - [2025-01-14T00:03:07.411+0000] {dagbag.py:538} INFO - Filling up the DagBag from /home/airflow/.local/lib/python3.8/site-packages/airflow/example_dags/example_branch_labels.py
[2025-01-14T00:03:07.416+0000] {processor.py:840} INFO - DAG(s) 'example_branch_labels' retrieved from /home/airflow/.local/lib/python3.8/site-packages/airflow/example_dags/example_branch_labels.py
[2025-01-14T00:03:07.431+0000] {logging_mixin.py:188} INFO - [2025-01-14T00:03:07.431+0000] {dag.py:3036} INFO - Sync 1 DAGs
[2025-01-14T00:03:07.446+0000] {logging_mixin.py:188} INFO - [2025-01-14T00:03:07.446+0000] {dag.py:3823} INFO - Setting next_dagrun for example_branch_labels to 2025-01-13 00:00:00+00:00, run_after=2025-01-14 00:00:00+00:00
[2025-01-14T00:03:07.459+0000] {processor.py:183} INFO - Processing /home/airflow/.local/lib/python3.8/site-packages/airflow/example_dags/example_branch_labels.py took 0.052 seconds
[2025-01-14T00:03:37.515+0000] {processor.py:161} INFO - Started process (PID=10950) to work on /home/airflow/.local/lib/python3.8/site-packages/airflow/example_dags/example_branch_labels.py
[2025-01-14T00:03:37.516+0000] {processor.py:830} INFO - Processing file /home/airflow/.local/lib/python3.8/site-packages/airflow/example_dags/example_branch_labels.py for tasks to queue
[2025-01-14T00:03:37.517+0000] {logging_mixin.py:188} INFO - [2025-01-14T00:03:37.517+0000] {dagbag.py:538} INFO - Filling up the DagBag from /home/airflow/.local/lib/python3.8/site-packages/airflow/example_dags/example_branch_labels.py
[2025-01-14T00:03:37.521+0000] {processor.py:840} INFO - DAG(s) 'example_branch_labels' retrieved from /home/airflow/.local/lib/python3.8/site-packages/airflow/example_dags/example_branch_labels.py
[2025-01-14T00:03:37.535+0000] {logging_mixin.py:188} INFO - [2025-01-14T00:03:37.535+0000] {dag.py:3036} INFO - Sync 1 DAGs
[2025-01-14T00:03:37.548+0000] {logging_mixin.py:188} INFO - [2025-01-14T00:03:37.548+0000] {dag.py:3823} INFO - Setting next_dagrun for example_branch_labels to 2025-01-13 00:00:00+00:00, run_after=2025-01-14 00:00:00+00:00
[2025-01-14T00:03:37.559+0000] {processor.py:183} INFO - Processing /home/airflow/.local/lib/python3.8/site-packages/airflow/example_dags/example_branch_labels.py took 0.046 seconds
[2025-01-14T00:04:08.399+0000] {processor.py:161} INFO - Started process (PID=11008) to work on /home/airflow/.local/lib/python3.8/site-packages/airflow/example_dags/example_branch_labels.py
[2025-01-14T00:04:08.399+0000] {processor.py:830} INFO - Processing file /home/airflow/.local/lib/python3.8/site-packages/airflow/example_dags/example_branch_labels.py for tasks to queue
[2025-01-14T00:04:08.400+0000] {logging_mixin.py:188} INFO - [2025-01-14T00:04:08.400+0000] {dagbag.py:538} INFO - Filling up the DagBag from /home/airflow/.local/lib/python3.8/site-packages/airflow/example_dags/example_branch_labels.py
[2025-01-14T00:04:08.405+0000] {processor.py:840} INFO - DAG(s) 'example_branch_labels' retrieved from /home/airflow/.local/lib/python3.8/site-packages/airflow/example_dags/example_branch_labels.py
[2025-01-14T00:04:08.420+0000] {logging_mixin.py:188} INFO - [2025-01-14T00:04:08.419+0000] {dag.py:3036} INFO - Sync 1 DAGs
[2025-01-14T00:04:08.434+0000] {logging_mixin.py:188} INFO - [2025-01-14T00:04:08.434+0000] {dag.py:3823} INFO - Setting next_dagrun for example_branch_labels to 2025-01-13 00:00:00+00:00, run_after=2025-01-14 00:00:00+00:00
[2025-01-14T00:04:08.449+0000] {processor.py:183} INFO - Processing /home/airflow/.local/lib/python3.8/site-packages/airflow/example_dags/example_branch_labels.py took 0.052 seconds
[2025-01-14T00:04:38.470+0000] {processor.py:161} INFO - Started process (PID=11066) to work on /home/airflow/.local/lib/python3.8/site-packages/airflow/example_dags/example_branch_labels.py
[2025-01-14T00:04:38.471+0000] {processor.py:830} INFO - Processing file /home/airflow/.local/lib/python3.8/site-packages/airflow/example_dags/example_branch_labels.py for tasks to queue
[2025-01-14T00:04:38.472+0000] {logging_mixin.py:188} INFO - [2025-01-14T00:04:38.472+0000] {dagbag.py:538} INFO - Filling up the DagBag from /home/airflow/.local/lib/python3.8/site-packages/airflow/example_dags/example_branch_labels.py
[2025-01-14T00:04:38.477+0000] {processor.py:840} INFO - DAG(s) 'example_branch_labels' retrieved from /home/airflow/.local/lib/python3.8/site-packages/airflow/example_dags/example_branch_labels.py
[2025-01-14T00:04:38.491+0000] {logging_mixin.py:188} INFO - [2025-01-14T00:04:38.491+0000] {dag.py:3036} INFO - Sync 1 DAGs
[2025-01-14T00:04:38.504+0000] {logging_mixin.py:188} INFO - [2025-01-14T00:04:38.504+0000] {dag.py:3823} INFO - Setting next_dagrun for example_branch_labels to 2025-01-13 00:00:00+00:00, run_after=2025-01-14 00:00:00+00:00
[2025-01-14T00:04:38.516+0000] {processor.py:183} INFO - Processing /home/airflow/.local/lib/python3.8/site-packages/airflow/example_dags/example_branch_labels.py took 0.048 seconds
[2025-01-14T00:05:08.797+0000] {processor.py:161} INFO - Started process (PID=11125) to work on /home/airflow/.local/lib/python3.8/site-packages/airflow/example_dags/example_branch_labels.py
[2025-01-14T00:05:08.798+0000] {processor.py:830} INFO - Processing file /home/airflow/.local/lib/python3.8/site-packages/airflow/example_dags/example_branch_labels.py for tasks to queue
[2025-01-14T00:05:08.798+0000] {logging_mixin.py:188} INFO - [2025-01-14T00:05:08.798+0000] {dagbag.py:538} INFO - Filling up the DagBag from /home/airflow/.local/lib/python3.8/site-packages/airflow/example_dags/example_branch_labels.py
[2025-01-14T00:05:08.804+0000] {processor.py:840} INFO - DAG(s) 'example_branch_labels' retrieved from /home/airflow/.local/lib/python3.8/site-packages/airflow/example_dags/example_branch_labels.py
[2025-01-14T00:05:08.822+0000] {logging_mixin.py:188} INFO - [2025-01-14T00:05:08.822+0000] {dag.py:3036} INFO - Sync 1 DAGs
[2025-01-14T00:05:08.838+0000] {logging_mixin.py:188} INFO - [2025-01-14T00:05:08.837+0000] {dag.py:3823} INFO - Setting next_dagrun for example_branch_labels to 2025-01-13 00:00:00+00:00, run_after=2025-01-14 00:00:00+00:00
[2025-01-14T00:05:08.852+0000] {processor.py:183} INFO - Processing /home/airflow/.local/lib/python3.8/site-packages/airflow/example_dags/example_branch_labels.py took 0.057 seconds
[2025-01-14T00:06:24.101+0000] {processor.py:161} INFO - Started process (PID=58) to work on /home/airflow/.local/lib/python3.8/site-packages/airflow/example_dags/example_branch_labels.py
[2025-01-14T00:06:24.102+0000] {processor.py:830} INFO - Processing file /home/airflow/.local/lib/python3.8/site-packages/airflow/example_dags/example_branch_labels.py for tasks to queue
[2025-01-14T00:06:24.104+0000] {logging_mixin.py:188} INFO - [2025-01-14T00:06:24.104+0000] {dagbag.py:538} INFO - Filling up the DagBag from /home/airflow/.local/lib/python3.8/site-packages/airflow/example_dags/example_branch_labels.py
[2025-01-14T00:06:24.113+0000] {processor.py:840} INFO - DAG(s) 'example_branch_labels' retrieved from /home/airflow/.local/lib/python3.8/site-packages/airflow/example_dags/example_branch_labels.py
[2025-01-14T00:06:24.124+0000] {logging_mixin.py:188} INFO - [2025-01-14T00:06:24.124+0000] {dag.py:3036} INFO - Sync 1 DAGs
[2025-01-14T00:06:24.147+0000] {logging_mixin.py:188} INFO - [2025-01-14T00:06:24.147+0000] {dag.py:3823} INFO - Setting next_dagrun for example_branch_labels to 2025-01-13 00:00:00+00:00, run_after=2025-01-14 00:00:00+00:00
[2025-01-14T00:06:24.165+0000] {processor.py:183} INFO - Processing /home/airflow/.local/lib/python3.8/site-packages/airflow/example_dags/example_branch_labels.py took 0.068 seconds
[2025-01-14T00:06:54.812+0000] {processor.py:161} INFO - Started process (PID=117) to work on /home/airflow/.local/lib/python3.8/site-packages/airflow/example_dags/example_branch_labels.py
[2025-01-14T00:06:54.812+0000] {processor.py:830} INFO - Processing file /home/airflow/.local/lib/python3.8/site-packages/airflow/example_dags/example_branch_labels.py for tasks to queue
[2025-01-14T00:06:54.814+0000] {logging_mixin.py:188} INFO - [2025-01-14T00:06:54.813+0000] {dagbag.py:538} INFO - Filling up the DagBag from /home/airflow/.local/lib/python3.8/site-packages/airflow/example_dags/example_branch_labels.py
[2025-01-14T00:06:54.819+0000] {processor.py:840} INFO - DAG(s) 'example_branch_labels' retrieved from /home/airflow/.local/lib/python3.8/site-packages/airflow/example_dags/example_branch_labels.py
[2025-01-14T00:06:54.881+0000] {logging_mixin.py:188} INFO - [2025-01-14T00:06:54.881+0000] {dag.py:3036} INFO - Sync 1 DAGs
[2025-01-14T00:06:54.893+0000] {logging_mixin.py:188} INFO - [2025-01-14T00:06:54.893+0000] {dag.py:3823} INFO - Setting next_dagrun for example_branch_labels to 2025-01-13 00:00:00+00:00, run_after=2025-01-14 00:00:00+00:00
[2025-01-14T00:06:54.905+0000] {processor.py:183} INFO - Processing /home/airflow/.local/lib/python3.8/site-packages/airflow/example_dags/example_branch_labels.py took 0.095 seconds
[2025-01-14T00:07:25.778+0000] {processor.py:161} INFO - Started process (PID=176) to work on /home/airflow/.local/lib/python3.8/site-packages/airflow/example_dags/example_branch_labels.py
[2025-01-14T00:07:25.779+0000] {processor.py:830} INFO - Processing file /home/airflow/.local/lib/python3.8/site-packages/airflow/example_dags/example_branch_labels.py for tasks to queue
[2025-01-14T00:07:25.780+0000] {logging_mixin.py:188} INFO - [2025-01-14T00:07:25.780+0000] {dagbag.py:538} INFO - Filling up the DagBag from /home/airflow/.local/lib/python3.8/site-packages/airflow/example_dags/example_branch_labels.py
[2025-01-14T00:07:25.785+0000] {processor.py:840} INFO - DAG(s) 'example_branch_labels' retrieved from /home/airflow/.local/lib/python3.8/site-packages/airflow/example_dags/example_branch_labels.py
[2025-01-14T00:07:25.798+0000] {logging_mixin.py:188} INFO - [2025-01-14T00:07:25.798+0000] {dag.py:3036} INFO - Sync 1 DAGs
[2025-01-14T00:07:25.811+0000] {logging_mixin.py:188} INFO - [2025-01-14T00:07:25.811+0000] {dag.py:3823} INFO - Setting next_dagrun for example_branch_labels to 2025-01-13 00:00:00+00:00, run_after=2025-01-14 00:00:00+00:00
[2025-01-14T00:07:25.823+0000] {processor.py:183} INFO - Processing /home/airflow/.local/lib/python3.8/site-packages/airflow/example_dags/example_branch_labels.py took 0.047 seconds
[2025-01-14T00:07:56.037+0000] {processor.py:161} INFO - Started process (PID=235) to work on /home/airflow/.local/lib/python3.8/site-packages/airflow/example_dags/example_branch_labels.py
[2025-01-14T00:07:56.038+0000] {processor.py:830} INFO - Processing file /home/airflow/.local/lib/python3.8/site-packages/airflow/example_dags/example_branch_labels.py for tasks to queue
[2025-01-14T00:07:56.039+0000] {logging_mixin.py:188} INFO - [2025-01-14T00:07:56.038+0000] {dagbag.py:538} INFO - Filling up the DagBag from /home/airflow/.local/lib/python3.8/site-packages/airflow/example_dags/example_branch_labels.py
[2025-01-14T00:07:56.044+0000] {processor.py:840} INFO - DAG(s) 'example_branch_labels' retrieved from /home/airflow/.local/lib/python3.8/site-packages/airflow/example_dags/example_branch_labels.py
[2025-01-14T00:07:56.059+0000] {logging_mixin.py:188} INFO - [2025-01-14T00:07:56.058+0000] {dag.py:3036} INFO - Sync 1 DAGs
[2025-01-14T00:07:56.073+0000] {logging_mixin.py:188} INFO - [2025-01-14T00:07:56.073+0000] {dag.py:3823} INFO - Setting next_dagrun for example_branch_labels to 2025-01-13 00:00:00+00:00, run_after=2025-01-14 00:00:00+00:00
[2025-01-14T00:07:56.085+0000] {processor.py:183} INFO - Processing /home/airflow/.local/lib/python3.8/site-packages/airflow/example_dags/example_branch_labels.py took 0.050 seconds
[2025-01-14T00:08:26.320+0000] {processor.py:161} INFO - Started process (PID=294) to work on /home/airflow/.local/lib/python3.8/site-packages/airflow/example_dags/example_branch_labels.py
[2025-01-14T00:08:26.321+0000] {processor.py:830} INFO - Processing file /home/airflow/.local/lib/python3.8/site-packages/airflow/example_dags/example_branch_labels.py for tasks to queue
[2025-01-14T00:08:26.322+0000] {logging_mixin.py:188} INFO - [2025-01-14T00:08:26.322+0000] {dagbag.py:538} INFO - Filling up the DagBag from /home/airflow/.local/lib/python3.8/site-packages/airflow/example_dags/example_branch_labels.py
[2025-01-14T00:08:26.329+0000] {processor.py:840} INFO - DAG(s) 'example_branch_labels' retrieved from /home/airflow/.local/lib/python3.8/site-packages/airflow/example_dags/example_branch_labels.py
[2025-01-14T00:08:26.343+0000] {logging_mixin.py:188} INFO - [2025-01-14T00:08:26.343+0000] {dag.py:3036} INFO - Sync 1 DAGs
[2025-01-14T00:08:26.358+0000] {logging_mixin.py:188} INFO - [2025-01-14T00:08:26.358+0000] {dag.py:3823} INFO - Setting next_dagrun for example_branch_labels to 2025-01-13 00:00:00+00:00, run_after=2025-01-14 00:00:00+00:00
[2025-01-14T00:08:26.370+0000] {processor.py:183} INFO - Processing /home/airflow/.local/lib/python3.8/site-packages/airflow/example_dags/example_branch_labels.py took 0.052 seconds
[2025-01-14T00:08:56.538+0000] {processor.py:161} INFO - Started process (PID=353) to work on /home/airflow/.local/lib/python3.8/site-packages/airflow/example_dags/example_branch_labels.py
[2025-01-14T00:08:56.539+0000] {processor.py:830} INFO - Processing file /home/airflow/.local/lib/python3.8/site-packages/airflow/example_dags/example_branch_labels.py for tasks to queue
[2025-01-14T00:08:56.540+0000] {logging_mixin.py:188} INFO - [2025-01-14T00:08:56.540+0000] {dagbag.py:538} INFO - Filling up the DagBag from /home/airflow/.local/lib/python3.8/site-packages/airflow/example_dags/example_branch_labels.py
[2025-01-14T00:08:56.545+0000] {processor.py:840} INFO - DAG(s) 'example_branch_labels' retrieved from /home/airflow/.local/lib/python3.8/site-packages/airflow/example_dags/example_branch_labels.py
[2025-01-14T00:08:56.560+0000] {logging_mixin.py:188} INFO - [2025-01-14T00:08:56.559+0000] {dag.py:3036} INFO - Sync 1 DAGs
[2025-01-14T00:08:56.575+0000] {logging_mixin.py:188} INFO - [2025-01-14T00:08:56.575+0000] {dag.py:3823} INFO - Setting next_dagrun for example_branch_labels to 2025-01-13 00:00:00+00:00, run_after=2025-01-14 00:00:00+00:00
[2025-01-14T00:08:56.590+0000] {processor.py:183} INFO - Processing /home/airflow/.local/lib/python3.8/site-packages/airflow/example_dags/example_branch_labels.py took 0.054 seconds
[2025-01-14T00:09:26.966+0000] {processor.py:161} INFO - Started process (PID=412) to work on /home/airflow/.local/lib/python3.8/site-packages/airflow/example_dags/example_branch_labels.py
[2025-01-14T00:09:26.967+0000] {processor.py:830} INFO - Processing file /home/airflow/.local/lib/python3.8/site-packages/airflow/example_dags/example_branch_labels.py for tasks to queue
[2025-01-14T00:09:26.968+0000] {logging_mixin.py:188} INFO - [2025-01-14T00:09:26.968+0000] {dagbag.py:538} INFO - Filling up the DagBag from /home/airflow/.local/lib/python3.8/site-packages/airflow/example_dags/example_branch_labels.py
[2025-01-14T00:09:26.973+0000] {processor.py:840} INFO - DAG(s) 'example_branch_labels' retrieved from /home/airflow/.local/lib/python3.8/site-packages/airflow/example_dags/example_branch_labels.py
[2025-01-14T00:09:26.986+0000] {logging_mixin.py:188} INFO - [2025-01-14T00:09:26.986+0000] {dag.py:3036} INFO - Sync 1 DAGs
[2025-01-14T00:09:27.000+0000] {logging_mixin.py:188} INFO - [2025-01-14T00:09:27.000+0000] {dag.py:3823} INFO - Setting next_dagrun for example_branch_labels to 2025-01-13 00:00:00+00:00, run_after=2025-01-14 00:00:00+00:00
[2025-01-14T00:09:27.013+0000] {processor.py:183} INFO - Processing /home/airflow/.local/lib/python3.8/site-packages/airflow/example_dags/example_branch_labels.py took 0.049 seconds
[2025-01-14T00:09:57.998+0000] {processor.py:161} INFO - Started process (PID=471) to work on /home/airflow/.local/lib/python3.8/site-packages/airflow/example_dags/example_branch_labels.py
[2025-01-14T00:09:57.999+0000] {processor.py:830} INFO - Processing file /home/airflow/.local/lib/python3.8/site-packages/airflow/example_dags/example_branch_labels.py for tasks to queue
[2025-01-14T00:09:58.000+0000] {logging_mixin.py:188} INFO - [2025-01-14T00:09:57.999+0000] {dagbag.py:538} INFO - Filling up the DagBag from /home/airflow/.local/lib/python3.8/site-packages/airflow/example_dags/example_branch_labels.py
[2025-01-14T00:09:58.005+0000] {processor.py:840} INFO - DAG(s) 'example_branch_labels' retrieved from /home/airflow/.local/lib/python3.8/site-packages/airflow/example_dags/example_branch_labels.py
[2025-01-14T00:09:58.018+0000] {logging_mixin.py:188} INFO - [2025-01-14T00:09:58.017+0000] {dag.py:3036} INFO - Sync 1 DAGs
[2025-01-14T00:09:58.032+0000] {logging_mixin.py:188} INFO - [2025-01-14T00:09:58.032+0000] {dag.py:3823} INFO - Setting next_dagrun for example_branch_labels to 2025-01-13 00:00:00+00:00, run_after=2025-01-14 00:00:00+00:00
[2025-01-14T00:09:58.044+0000] {processor.py:183} INFO - Processing /home/airflow/.local/lib/python3.8/site-packages/airflow/example_dags/example_branch_labels.py took 0.047 seconds
[2025-01-14T00:10:29.349+0000] {processor.py:161} INFO - Started process (PID=530) to work on /home/airflow/.local/lib/python3.8/site-packages/airflow/example_dags/example_branch_labels.py
[2025-01-14T00:10:29.350+0000] {processor.py:830} INFO - Processing file /home/airflow/.local/lib/python3.8/site-packages/airflow/example_dags/example_branch_labels.py for tasks to queue
[2025-01-14T00:10:29.351+0000] {logging_mixin.py:188} INFO - [2025-01-14T00:10:29.351+0000] {dagbag.py:538} INFO - Filling up the DagBag from /home/airflow/.local/lib/python3.8/site-packages/airflow/example_dags/example_branch_labels.py
[2025-01-14T00:10:29.356+0000] {processor.py:840} INFO - DAG(s) 'example_branch_labels' retrieved from /home/airflow/.local/lib/python3.8/site-packages/airflow/example_dags/example_branch_labels.py
[2025-01-14T00:10:29.368+0000] {logging_mixin.py:188} INFO - [2025-01-14T00:10:29.368+0000] {dag.py:3036} INFO - Sync 1 DAGs
[2025-01-14T00:10:29.383+0000] {logging_mixin.py:188} INFO - [2025-01-14T00:10:29.382+0000] {dag.py:3823} INFO - Setting next_dagrun for example_branch_labels to 2025-01-13 00:00:00+00:00, run_after=2025-01-14 00:00:00+00:00
[2025-01-14T00:10:29.399+0000] {processor.py:183} INFO - Processing /home/airflow/.local/lib/python3.8/site-packages/airflow/example_dags/example_branch_labels.py took 0.052 seconds
[2025-01-14T00:11:00.373+0000] {processor.py:161} INFO - Started process (PID=589) to work on /home/airflow/.local/lib/python3.8/site-packages/airflow/example_dags/example_branch_labels.py
[2025-01-14T00:11:00.374+0000] {processor.py:830} INFO - Processing file /home/airflow/.local/lib/python3.8/site-packages/airflow/example_dags/example_branch_labels.py for tasks to queue
[2025-01-14T00:11:00.375+0000] {logging_mixin.py:188} INFO - [2025-01-14T00:11:00.375+0000] {dagbag.py:538} INFO - Filling up the DagBag from /home/airflow/.local/lib/python3.8/site-packages/airflow/example_dags/example_branch_labels.py
[2025-01-14T00:11:00.380+0000] {processor.py:840} INFO - DAG(s) 'example_branch_labels' retrieved from /home/airflow/.local/lib/python3.8/site-packages/airflow/example_dags/example_branch_labels.py
[2025-01-14T00:11:00.394+0000] {logging_mixin.py:188} INFO - [2025-01-14T00:11:00.394+0000] {dag.py:3036} INFO - Sync 1 DAGs
[2025-01-14T00:11:00.409+0000] {logging_mixin.py:188} INFO - [2025-01-14T00:11:00.408+0000] {dag.py:3823} INFO - Setting next_dagrun for example_branch_labels to 2025-01-13 00:00:00+00:00, run_after=2025-01-14 00:00:00+00:00
[2025-01-14T00:11:00.421+0000] {processor.py:183} INFO - Processing /home/airflow/.local/lib/python3.8/site-packages/airflow/example_dags/example_branch_labels.py took 0.050 seconds
[2025-01-14T00:11:31.674+0000] {processor.py:161} INFO - Started process (PID=648) to work on /home/airflow/.local/lib/python3.8/site-packages/airflow/example_dags/example_branch_labels.py
[2025-01-14T00:11:31.674+0000] {processor.py:830} INFO - Processing file /home/airflow/.local/lib/python3.8/site-packages/airflow/example_dags/example_branch_labels.py for tasks to queue
[2025-01-14T00:11:31.675+0000] {logging_mixin.py:188} INFO - [2025-01-14T00:11:31.675+0000] {dagbag.py:538} INFO - Filling up the DagBag from /home/airflow/.local/lib/python3.8/site-packages/airflow/example_dags/example_branch_labels.py
[2025-01-14T00:11:31.680+0000] {processor.py:840} INFO - DAG(s) 'example_branch_labels' retrieved from /home/airflow/.local/lib/python3.8/site-packages/airflow/example_dags/example_branch_labels.py
[2025-01-14T00:11:31.694+0000] {logging_mixin.py:188} INFO - [2025-01-14T00:11:31.694+0000] {dag.py:3036} INFO - Sync 1 DAGs
[2025-01-14T00:11:31.708+0000] {logging_mixin.py:188} INFO - [2025-01-14T00:11:31.708+0000] {dag.py:3823} INFO - Setting next_dagrun for example_branch_labels to 2025-01-13 00:00:00+00:00, run_after=2025-01-14 00:00:00+00:00
[2025-01-14T00:11:31.720+0000] {processor.py:183} INFO - Processing /home/airflow/.local/lib/python3.8/site-packages/airflow/example_dags/example_branch_labels.py took 0.048 seconds
[2025-01-14T00:12:02.938+0000] {processor.py:161} INFO - Started process (PID=707) to work on /home/airflow/.local/lib/python3.8/site-packages/airflow/example_dags/example_branch_labels.py
[2025-01-14T00:12:02.938+0000] {processor.py:830} INFO - Processing file /home/airflow/.local/lib/python3.8/site-packages/airflow/example_dags/example_branch_labels.py for tasks to queue
[2025-01-14T00:12:02.939+0000] {logging_mixin.py:188} INFO - [2025-01-14T00:12:02.939+0000] {dagbag.py:538} INFO - Filling up the DagBag from /home/airflow/.local/lib/python3.8/site-packages/airflow/example_dags/example_branch_labels.py
[2025-01-14T00:12:02.945+0000] {processor.py:840} INFO - DAG(s) 'example_branch_labels' retrieved from /home/airflow/.local/lib/python3.8/site-packages/airflow/example_dags/example_branch_labels.py
[2025-01-14T00:12:02.959+0000] {logging_mixin.py:188} INFO - [2025-01-14T00:12:02.959+0000] {dag.py:3036} INFO - Sync 1 DAGs
[2025-01-14T00:12:02.976+0000] {logging_mixin.py:188} INFO - [2025-01-14T00:12:02.976+0000] {dag.py:3823} INFO - Setting next_dagrun for example_branch_labels to 2025-01-13 00:00:00+00:00, run_after=2025-01-14 00:00:00+00:00
[2025-01-14T00:12:02.991+0000] {processor.py:183} INFO - Processing /home/airflow/.local/lib/python3.8/site-packages/airflow/example_dags/example_branch_labels.py took 0.056 seconds
[2025-01-14T00:12:34.160+0000] {processor.py:161} INFO - Started process (PID=766) to work on /home/airflow/.local/lib/python3.8/site-packages/airflow/example_dags/example_branch_labels.py
[2025-01-14T00:12:34.161+0000] {processor.py:830} INFO - Processing file /home/airflow/.local/lib/python3.8/site-packages/airflow/example_dags/example_branch_labels.py for tasks to queue
[2025-01-14T00:12:34.162+0000] {logging_mixin.py:188} INFO - [2025-01-14T00:12:34.162+0000] {dagbag.py:538} INFO - Filling up the DagBag from /home/airflow/.local/lib/python3.8/site-packages/airflow/example_dags/example_branch_labels.py
[2025-01-14T00:12:34.167+0000] {processor.py:840} INFO - DAG(s) 'example_branch_labels' retrieved from /home/airflow/.local/lib/python3.8/site-packages/airflow/example_dags/example_branch_labels.py
[2025-01-14T00:12:34.181+0000] {logging_mixin.py:188} INFO - [2025-01-14T00:12:34.181+0000] {dag.py:3036} INFO - Sync 1 DAGs
[2025-01-14T00:12:34.195+0000] {logging_mixin.py:188} INFO - [2025-01-14T00:12:34.195+0000] {dag.py:3823} INFO - Setting next_dagrun for example_branch_labels to 2025-01-13 00:00:00+00:00, run_after=2025-01-14 00:00:00+00:00
[2025-01-14T00:12:34.209+0000] {processor.py:183} INFO - Processing /home/airflow/.local/lib/python3.8/site-packages/airflow/example_dags/example_branch_labels.py took 0.050 seconds
[2025-01-14T00:13:05.258+0000] {processor.py:161} INFO - Started process (PID=825) to work on /home/airflow/.local/lib/python3.8/site-packages/airflow/example_dags/example_branch_labels.py
[2025-01-14T00:13:05.259+0000] {processor.py:830} INFO - Processing file /home/airflow/.local/lib/python3.8/site-packages/airflow/example_dags/example_branch_labels.py for tasks to queue
[2025-01-14T00:13:05.260+0000] {logging_mixin.py:188} INFO - [2025-01-14T00:13:05.260+0000] {dagbag.py:538} INFO - Filling up the DagBag from /home/airflow/.local/lib/python3.8/site-packages/airflow/example_dags/example_branch_labels.py
[2025-01-14T00:13:05.265+0000] {processor.py:840} INFO - DAG(s) 'example_branch_labels' retrieved from /home/airflow/.local/lib/python3.8/site-packages/airflow/example_dags/example_branch_labels.py
[2025-01-14T00:13:05.278+0000] {logging_mixin.py:188} INFO - [2025-01-14T00:13:05.278+0000] {dag.py:3036} INFO - Sync 1 DAGs
[2025-01-14T00:13:05.292+0000] {logging_mixin.py:188} INFO - [2025-01-14T00:13:05.292+0000] {dag.py:3823} INFO - Setting next_dagrun for example_branch_labels to 2025-01-13 00:00:00+00:00, run_after=2025-01-14 00:00:00+00:00
[2025-01-14T00:13:05.305+0000] {processor.py:183} INFO - Processing /home/airflow/.local/lib/python3.8/site-packages/airflow/example_dags/example_branch_labels.py took 0.049 seconds
[2025-01-14T00:13:36.361+0000] {processor.py:161} INFO - Started process (PID=884) to work on /home/airflow/.local/lib/python3.8/site-packages/airflow/example_dags/example_branch_labels.py
[2025-01-14T00:13:36.362+0000] {processor.py:830} INFO - Processing file /home/airflow/.local/lib/python3.8/site-packages/airflow/example_dags/example_branch_labels.py for tasks to queue
[2025-01-14T00:13:36.363+0000] {logging_mixin.py:188} INFO - [2025-01-14T00:13:36.363+0000] {dagbag.py:538} INFO - Filling up the DagBag from /home/airflow/.local/lib/python3.8/site-packages/airflow/example_dags/example_branch_labels.py
[2025-01-14T00:13:36.368+0000] {processor.py:840} INFO - DAG(s) 'example_branch_labels' retrieved from /home/airflow/.local/lib/python3.8/site-packages/airflow/example_dags/example_branch_labels.py
[2025-01-14T00:13:36.382+0000] {logging_mixin.py:188} INFO - [2025-01-14T00:13:36.382+0000] {dag.py:3036} INFO - Sync 1 DAGs
[2025-01-14T00:13:36.396+0000] {logging_mixin.py:188} INFO - [2025-01-14T00:13:36.396+0000] {dag.py:3823} INFO - Setting next_dagrun for example_branch_labels to 2025-01-13 00:00:00+00:00, run_after=2025-01-14 00:00:00+00:00
[2025-01-14T00:13:36.410+0000] {processor.py:183} INFO - Processing /home/airflow/.local/lib/python3.8/site-packages/airflow/example_dags/example_branch_labels.py took 0.051 seconds
[2025-01-14T00:14:06.680+0000] {processor.py:161} INFO - Started process (PID=943) to work on /home/airflow/.local/lib/python3.8/site-packages/airflow/example_dags/example_branch_labels.py
[2025-01-14T00:14:06.681+0000] {processor.py:830} INFO - Processing file /home/airflow/.local/lib/python3.8/site-packages/airflow/example_dags/example_branch_labels.py for tasks to queue
[2025-01-14T00:14:06.682+0000] {logging_mixin.py:188} INFO - [2025-01-14T00:14:06.682+0000] {dagbag.py:538} INFO - Filling up the DagBag from /home/airflow/.local/lib/python3.8/site-packages/airflow/example_dags/example_branch_labels.py
[2025-01-14T00:14:06.686+0000] {processor.py:840} INFO - DAG(s) 'example_branch_labels' retrieved from /home/airflow/.local/lib/python3.8/site-packages/airflow/example_dags/example_branch_labels.py
[2025-01-14T00:14:06.699+0000] {logging_mixin.py:188} INFO - [2025-01-14T00:14:06.699+0000] {dag.py:3036} INFO - Sync 1 DAGs
[2025-01-14T00:14:06.712+0000] {logging_mixin.py:188} INFO - [2025-01-14T00:14:06.712+0000] {dag.py:3823} INFO - Setting next_dagrun for example_branch_labels to 2025-01-13 00:00:00+00:00, run_after=2025-01-14 00:00:00+00:00
[2025-01-14T00:14:06.724+0000] {processor.py:183} INFO - Processing /home/airflow/.local/lib/python3.8/site-packages/airflow/example_dags/example_branch_labels.py took 0.046 seconds
[2025-01-14T00:14:37.962+0000] {processor.py:161} INFO - Started process (PID=1002) to work on /home/airflow/.local/lib/python3.8/site-packages/airflow/example_dags/example_branch_labels.py
[2025-01-14T00:14:37.963+0000] {processor.py:830} INFO - Processing file /home/airflow/.local/lib/python3.8/site-packages/airflow/example_dags/example_branch_labels.py for tasks to queue
[2025-01-14T00:14:37.964+0000] {logging_mixin.py:188} INFO - [2025-01-14T00:14:37.964+0000] {dagbag.py:538} INFO - Filling up the DagBag from /home/airflow/.local/lib/python3.8/site-packages/airflow/example_dags/example_branch_labels.py
[2025-01-14T00:14:37.969+0000] {processor.py:840} INFO - DAG(s) 'example_branch_labels' retrieved from /home/airflow/.local/lib/python3.8/site-packages/airflow/example_dags/example_branch_labels.py
[2025-01-14T00:14:37.982+0000] {logging_mixin.py:188} INFO - [2025-01-14T00:14:37.982+0000] {dag.py:3036} INFO - Sync 1 DAGs
[2025-01-14T00:14:37.996+0000] {logging_mixin.py:188} INFO - [2025-01-14T00:14:37.995+0000] {dag.py:3823} INFO - Setting next_dagrun for example_branch_labels to 2025-01-13 00:00:00+00:00, run_after=2025-01-14 00:00:00+00:00
[2025-01-14T00:14:38.007+0000] {processor.py:183} INFO - Processing /home/airflow/.local/lib/python3.8/site-packages/airflow/example_dags/example_branch_labels.py took 0.047 seconds
[2025-01-14T00:15:09.142+0000] {processor.py:161} INFO - Started process (PID=1061) to work on /home/airflow/.local/lib/python3.8/site-packages/airflow/example_dags/example_branch_labels.py
[2025-01-14T00:15:09.143+0000] {processor.py:830} INFO - Processing file /home/airflow/.local/lib/python3.8/site-packages/airflow/example_dags/example_branch_labels.py for tasks to queue
[2025-01-14T00:15:09.144+0000] {logging_mixin.py:188} INFO - [2025-01-14T00:15:09.144+0000] {dagbag.py:538} INFO - Filling up the DagBag from /home/airflow/.local/lib/python3.8/site-packages/airflow/example_dags/example_branch_labels.py
[2025-01-14T00:15:09.149+0000] {processor.py:840} INFO - DAG(s) 'example_branch_labels' retrieved from /home/airflow/.local/lib/python3.8/site-packages/airflow/example_dags/example_branch_labels.py
[2025-01-14T00:15:09.162+0000] {logging_mixin.py:188} INFO - [2025-01-14T00:15:09.161+0000] {dag.py:3036} INFO - Sync 1 DAGs
[2025-01-14T00:15:09.175+0000] {logging_mixin.py:188} INFO - [2025-01-14T00:15:09.175+0000] {dag.py:3823} INFO - Setting next_dagrun for example_branch_labels to 2025-01-13 00:00:00+00:00, run_after=2025-01-14 00:00:00+00:00
[2025-01-14T00:15:09.187+0000] {processor.py:183} INFO - Processing /home/airflow/.local/lib/python3.8/site-packages/airflow/example_dags/example_branch_labels.py took 0.047 seconds
[2025-01-14T00:15:40.417+0000] {processor.py:161} INFO - Started process (PID=1120) to work on /home/airflow/.local/lib/python3.8/site-packages/airflow/example_dags/example_branch_labels.py
[2025-01-14T00:15:40.418+0000] {processor.py:830} INFO - Processing file /home/airflow/.local/lib/python3.8/site-packages/airflow/example_dags/example_branch_labels.py for tasks to queue
[2025-01-14T00:15:40.419+0000] {logging_mixin.py:188} INFO - [2025-01-14T00:15:40.419+0000] {dagbag.py:538} INFO - Filling up the DagBag from /home/airflow/.local/lib/python3.8/site-packages/airflow/example_dags/example_branch_labels.py
[2025-01-14T00:15:40.424+0000] {processor.py:840} INFO - DAG(s) 'example_branch_labels' retrieved from /home/airflow/.local/lib/python3.8/site-packages/airflow/example_dags/example_branch_labels.py
[2025-01-14T00:15:40.436+0000] {logging_mixin.py:188} INFO - [2025-01-14T00:15:40.436+0000] {dag.py:3036} INFO - Sync 1 DAGs
[2025-01-14T00:15:40.450+0000] {logging_mixin.py:188} INFO - [2025-01-14T00:15:40.450+0000] {dag.py:3823} INFO - Setting next_dagrun for example_branch_labels to 2025-01-13 00:00:00+00:00, run_after=2025-01-14 00:00:00+00:00
[2025-01-14T00:15:40.461+0000] {processor.py:183} INFO - Processing /home/airflow/.local/lib/python3.8/site-packages/airflow/example_dags/example_branch_labels.py took 0.046 seconds
[2025-01-14T00:16:11.738+0000] {processor.py:161} INFO - Started process (PID=1179) to work on /home/airflow/.local/lib/python3.8/site-packages/airflow/example_dags/example_branch_labels.py
[2025-01-14T00:16:11.739+0000] {processor.py:830} INFO - Processing file /home/airflow/.local/lib/python3.8/site-packages/airflow/example_dags/example_branch_labels.py for tasks to queue
[2025-01-14T00:16:11.740+0000] {logging_mixin.py:188} INFO - [2025-01-14T00:16:11.740+0000] {dagbag.py:538} INFO - Filling up the DagBag from /home/airflow/.local/lib/python3.8/site-packages/airflow/example_dags/example_branch_labels.py
[2025-01-14T00:16:11.745+0000] {processor.py:840} INFO - DAG(s) 'example_branch_labels' retrieved from /home/airflow/.local/lib/python3.8/site-packages/airflow/example_dags/example_branch_labels.py
[2025-01-14T00:16:11.758+0000] {logging_mixin.py:188} INFO - [2025-01-14T00:16:11.758+0000] {dag.py:3036} INFO - Sync 1 DAGs
[2025-01-14T00:16:11.774+0000] {logging_mixin.py:188} INFO - [2025-01-14T00:16:11.774+0000] {dag.py:3823} INFO - Setting next_dagrun for example_branch_labels to 2025-01-13 00:00:00+00:00, run_after=2025-01-14 00:00:00+00:00
[2025-01-14T00:16:11.786+0000] {processor.py:183} INFO - Processing /home/airflow/.local/lib/python3.8/site-packages/airflow/example_dags/example_branch_labels.py took 0.050 seconds
[2025-01-14T00:16:42.909+0000] {processor.py:161} INFO - Started process (PID=1244) to work on /home/airflow/.local/lib/python3.8/site-packages/airflow/example_dags/example_branch_labels.py
[2025-01-14T00:16:42.909+0000] {processor.py:830} INFO - Processing file /home/airflow/.local/lib/python3.8/site-packages/airflow/example_dags/example_branch_labels.py for tasks to queue
[2025-01-14T00:16:42.910+0000] {logging_mixin.py:188} INFO - [2025-01-14T00:16:42.910+0000] {dagbag.py:538} INFO - Filling up the DagBag from /home/airflow/.local/lib/python3.8/site-packages/airflow/example_dags/example_branch_labels.py
[2025-01-14T00:16:42.918+0000] {processor.py:840} INFO - DAG(s) 'example_branch_labels' retrieved from /home/airflow/.local/lib/python3.8/site-packages/airflow/example_dags/example_branch_labels.py
[2025-01-14T00:16:42.933+0000] {logging_mixin.py:188} INFO - [2025-01-14T00:16:42.932+0000] {dag.py:3036} INFO - Sync 1 DAGs
[2025-01-14T00:16:42.946+0000] {logging_mixin.py:188} INFO - [2025-01-14T00:16:42.946+0000] {dag.py:3823} INFO - Setting next_dagrun for example_branch_labels to 2025-01-13 00:00:00+00:00, run_after=2025-01-14 00:00:00+00:00
[2025-01-14T00:16:42.959+0000] {processor.py:183} INFO - Processing /home/airflow/.local/lib/python3.8/site-packages/airflow/example_dags/example_branch_labels.py took 0.053 seconds
[2025-01-14T00:17:14.073+0000] {processor.py:161} INFO - Started process (PID=1303) to work on /home/airflow/.local/lib/python3.8/site-packages/airflow/example_dags/example_branch_labels.py
[2025-01-14T00:17:14.074+0000] {processor.py:830} INFO - Processing file /home/airflow/.local/lib/python3.8/site-packages/airflow/example_dags/example_branch_labels.py for tasks to queue
[2025-01-14T00:17:14.075+0000] {logging_mixin.py:188} INFO - [2025-01-14T00:17:14.075+0000] {dagbag.py:538} INFO - Filling up the DagBag from /home/airflow/.local/lib/python3.8/site-packages/airflow/example_dags/example_branch_labels.py
[2025-01-14T00:17:14.080+0000] {processor.py:840} INFO - DAG(s) 'example_branch_labels' retrieved from /home/airflow/.local/lib/python3.8/site-packages/airflow/example_dags/example_branch_labels.py
[2025-01-14T00:17:14.093+0000] {logging_mixin.py:188} INFO - [2025-01-14T00:17:14.093+0000] {dag.py:3036} INFO - Sync 1 DAGs
[2025-01-14T00:17:14.106+0000] {logging_mixin.py:188} INFO - [2025-01-14T00:17:14.106+0000] {dag.py:3823} INFO - Setting next_dagrun for example_branch_labels to 2025-01-13 00:00:00+00:00, run_after=2025-01-14 00:00:00+00:00
[2025-01-14T00:17:14.120+0000] {processor.py:183} INFO - Processing /home/airflow/.local/lib/python3.8/site-packages/airflow/example_dags/example_branch_labels.py took 0.048 seconds
[2025-01-14T00:17:45.182+0000] {processor.py:161} INFO - Started process (PID=1362) to work on /home/airflow/.local/lib/python3.8/site-packages/airflow/example_dags/example_branch_labels.py
[2025-01-14T00:17:45.183+0000] {processor.py:830} INFO - Processing file /home/airflow/.local/lib/python3.8/site-packages/airflow/example_dags/example_branch_labels.py for tasks to queue
[2025-01-14T00:17:45.184+0000] {logging_mixin.py:188} INFO - [2025-01-14T00:17:45.184+0000] {dagbag.py:538} INFO - Filling up the DagBag from /home/airflow/.local/lib/python3.8/site-packages/airflow/example_dags/example_branch_labels.py
[2025-01-14T00:17:45.189+0000] {processor.py:840} INFO - DAG(s) 'example_branch_labels' retrieved from /home/airflow/.local/lib/python3.8/site-packages/airflow/example_dags/example_branch_labels.py
[2025-01-14T00:17:45.202+0000] {logging_mixin.py:188} INFO - [2025-01-14T00:17:45.202+0000] {dag.py:3036} INFO - Sync 1 DAGs
[2025-01-14T00:17:45.216+0000] {logging_mixin.py:188} INFO - [2025-01-14T00:17:45.216+0000] {dag.py:3823} INFO - Setting next_dagrun for example_branch_labels to 2025-01-13 00:00:00+00:00, run_after=2025-01-14 00:00:00+00:00
[2025-01-14T00:17:45.229+0000] {processor.py:183} INFO - Processing /home/airflow/.local/lib/python3.8/site-packages/airflow/example_dags/example_branch_labels.py took 0.050 seconds
[2025-01-14T00:18:15.635+0000] {processor.py:161} INFO - Started process (PID=1421) to work on /home/airflow/.local/lib/python3.8/site-packages/airflow/example_dags/example_branch_labels.py
[2025-01-14T00:18:15.636+0000] {processor.py:830} INFO - Processing file /home/airflow/.local/lib/python3.8/site-packages/airflow/example_dags/example_branch_labels.py for tasks to queue
[2025-01-14T00:18:15.637+0000] {logging_mixin.py:188} INFO - [2025-01-14T00:18:15.637+0000] {dagbag.py:538} INFO - Filling up the DagBag from /home/airflow/.local/lib/python3.8/site-packages/airflow/example_dags/example_branch_labels.py
[2025-01-14T00:18:15.642+0000] {processor.py:840} INFO - DAG(s) 'example_branch_labels' retrieved from /home/airflow/.local/lib/python3.8/site-packages/airflow/example_dags/example_branch_labels.py
[2025-01-14T00:18:15.656+0000] {logging_mixin.py:188} INFO - [2025-01-14T00:18:15.655+0000] {dag.py:3036} INFO - Sync 1 DAGs
[2025-01-14T00:18:15.670+0000] {logging_mixin.py:188} INFO - [2025-01-14T00:18:15.670+0000] {dag.py:3823} INFO - Setting next_dagrun for example_branch_labels to 2025-01-13 00:00:00+00:00, run_after=2025-01-14 00:00:00+00:00
[2025-01-14T00:18:15.683+0000] {processor.py:183} INFO - Processing /home/airflow/.local/lib/python3.8/site-packages/airflow/example_dags/example_branch_labels.py took 0.050 seconds
[2025-01-14T00:18:46.778+0000] {processor.py:161} INFO - Started process (PID=1480) to work on /home/airflow/.local/lib/python3.8/site-packages/airflow/example_dags/example_branch_labels.py
[2025-01-14T00:18:46.779+0000] {processor.py:830} INFO - Processing file /home/airflow/.local/lib/python3.8/site-packages/airflow/example_dags/example_branch_labels.py for tasks to queue
[2025-01-14T00:18:46.780+0000] {logging_mixin.py:188} INFO - [2025-01-14T00:18:46.780+0000] {dagbag.py:538} INFO - Filling up the DagBag from /home/airflow/.local/lib/python3.8/site-packages/airflow/example_dags/example_branch_labels.py
[2025-01-14T00:18:46.785+0000] {processor.py:840} INFO - DAG(s) 'example_branch_labels' retrieved from /home/airflow/.local/lib/python3.8/site-packages/airflow/example_dags/example_branch_labels.py
[2025-01-14T00:18:46.798+0000] {logging_mixin.py:188} INFO - [2025-01-14T00:18:46.798+0000] {dag.py:3036} INFO - Sync 1 DAGs
[2025-01-14T00:18:46.811+0000] {logging_mixin.py:188} INFO - [2025-01-14T00:18:46.811+0000] {dag.py:3823} INFO - Setting next_dagrun for example_branch_labels to 2025-01-13 00:00:00+00:00, run_after=2025-01-14 00:00:00+00:00
[2025-01-14T00:18:46.824+0000] {processor.py:183} INFO - Processing /home/airflow/.local/lib/python3.8/site-packages/airflow/example_dags/example_branch_labels.py took 0.048 seconds
[2025-01-14T00:19:17.893+0000] {processor.py:161} INFO - Started process (PID=1539) to work on /home/airflow/.local/lib/python3.8/site-packages/airflow/example_dags/example_branch_labels.py
[2025-01-14T00:19:17.893+0000] {processor.py:830} INFO - Processing file /home/airflow/.local/lib/python3.8/site-packages/airflow/example_dags/example_branch_labels.py for tasks to queue
[2025-01-14T00:19:17.894+0000] {logging_mixin.py:188} INFO - [2025-01-14T00:19:17.894+0000] {dagbag.py:538} INFO - Filling up the DagBag from /home/airflow/.local/lib/python3.8/site-packages/airflow/example_dags/example_branch_labels.py
[2025-01-14T00:19:17.899+0000] {processor.py:840} INFO - DAG(s) 'example_branch_labels' retrieved from /home/airflow/.local/lib/python3.8/site-packages/airflow/example_dags/example_branch_labels.py
[2025-01-14T00:19:17.913+0000] {logging_mixin.py:188} INFO - [2025-01-14T00:19:17.913+0000] {dag.py:3036} INFO - Sync 1 DAGs
[2025-01-14T00:19:17.929+0000] {logging_mixin.py:188} INFO - [2025-01-14T00:19:17.928+0000] {dag.py:3823} INFO - Setting next_dagrun for example_branch_labels to 2025-01-13 00:00:00+00:00, run_after=2025-01-14 00:00:00+00:00
[2025-01-14T00:19:17.941+0000] {processor.py:183} INFO - Processing /home/airflow/.local/lib/python3.8/site-packages/airflow/example_dags/example_branch_labels.py took 0.050 seconds
[2025-01-14T00:19:49.330+0000] {processor.py:161} INFO - Started process (PID=1598) to work on /home/airflow/.local/lib/python3.8/site-packages/airflow/example_dags/example_branch_labels.py
[2025-01-14T00:19:49.331+0000] {processor.py:830} INFO - Processing file /home/airflow/.local/lib/python3.8/site-packages/airflow/example_dags/example_branch_labels.py for tasks to queue
[2025-01-14T00:19:49.332+0000] {logging_mixin.py:188} INFO - [2025-01-14T00:19:49.332+0000] {dagbag.py:538} INFO - Filling up the DagBag from /home/airflow/.local/lib/python3.8/site-packages/airflow/example_dags/example_branch_labels.py
[2025-01-14T00:19:49.337+0000] {processor.py:840} INFO - DAG(s) 'example_branch_labels' retrieved from /home/airflow/.local/lib/python3.8/site-packages/airflow/example_dags/example_branch_labels.py
[2025-01-14T00:19:49.351+0000] {logging_mixin.py:188} INFO - [2025-01-14T00:19:49.351+0000] {dag.py:3036} INFO - Sync 1 DAGs
[2025-01-14T00:19:49.365+0000] {logging_mixin.py:188} INFO - [2025-01-14T00:19:49.365+0000] {dag.py:3823} INFO - Setting next_dagrun for example_branch_labels to 2025-01-13 00:00:00+00:00, run_after=2025-01-14 00:00:00+00:00
[2025-01-14T00:19:49.378+0000] {processor.py:183} INFO - Processing /home/airflow/.local/lib/python3.8/site-packages/airflow/example_dags/example_branch_labels.py took 0.050 seconds
[2025-01-14T00:20:20.767+0000] {processor.py:161} INFO - Started process (PID=1657) to work on /home/airflow/.local/lib/python3.8/site-packages/airflow/example_dags/example_branch_labels.py
[2025-01-14T00:20:20.768+0000] {processor.py:830} INFO - Processing file /home/airflow/.local/lib/python3.8/site-packages/airflow/example_dags/example_branch_labels.py for tasks to queue
[2025-01-14T00:20:20.769+0000] {logging_mixin.py:188} INFO - [2025-01-14T00:20:20.769+0000] {dagbag.py:538} INFO - Filling up the DagBag from /home/airflow/.local/lib/python3.8/site-packages/airflow/example_dags/example_branch_labels.py
[2025-01-14T00:20:20.778+0000] {processor.py:840} INFO - DAG(s) 'example_branch_labels' retrieved from /home/airflow/.local/lib/python3.8/site-packages/airflow/example_dags/example_branch_labels.py
[2025-01-14T00:20:20.797+0000] {logging_mixin.py:188} INFO - [2025-01-14T00:20:20.796+0000] {dag.py:3036} INFO - Sync 1 DAGs
[2025-01-14T00:20:20.818+0000] {logging_mixin.py:188} INFO - [2025-01-14T00:20:20.818+0000] {dag.py:3823} INFO - Setting next_dagrun for example_branch_labels to 2025-01-13 00:00:00+00:00, run_after=2025-01-14 00:00:00+00:00
[2025-01-14T00:20:20.836+0000] {processor.py:183} INFO - Processing /home/airflow/.local/lib/python3.8/site-packages/airflow/example_dags/example_branch_labels.py took 0.071 seconds
[2025-01-14T00:20:51.128+0000] {processor.py:161} INFO - Started process (PID=1716) to work on /home/airflow/.local/lib/python3.8/site-packages/airflow/example_dags/example_branch_labels.py
[2025-01-14T00:20:51.128+0000] {processor.py:830} INFO - Processing file /home/airflow/.local/lib/python3.8/site-packages/airflow/example_dags/example_branch_labels.py for tasks to queue
[2025-01-14T00:20:51.130+0000] {logging_mixin.py:188} INFO - [2025-01-14T00:20:51.129+0000] {dagbag.py:538} INFO - Filling up the DagBag from /home/airflow/.local/lib/python3.8/site-packages/airflow/example_dags/example_branch_labels.py
[2025-01-14T00:20:51.134+0000] {processor.py:840} INFO - DAG(s) 'example_branch_labels' retrieved from /home/airflow/.local/lib/python3.8/site-packages/airflow/example_dags/example_branch_labels.py
[2025-01-14T00:20:51.148+0000] {logging_mixin.py:188} INFO - [2025-01-14T00:20:51.148+0000] {dag.py:3036} INFO - Sync 1 DAGs
[2025-01-14T00:20:51.162+0000] {logging_mixin.py:188} INFO - [2025-01-14T00:20:51.161+0000] {dag.py:3823} INFO - Setting next_dagrun for example_branch_labels to 2025-01-13 00:00:00+00:00, run_after=2025-01-14 00:00:00+00:00
[2025-01-14T00:20:51.173+0000] {processor.py:183} INFO - Processing /home/airflow/.local/lib/python3.8/site-packages/airflow/example_dags/example_branch_labels.py took 0.047 seconds
[2025-01-14T00:21:22.208+0000] {processor.py:161} INFO - Started process (PID=1775) to work on /home/airflow/.local/lib/python3.8/site-packages/airflow/example_dags/example_branch_labels.py
[2025-01-14T00:21:22.209+0000] {processor.py:830} INFO - Processing file /home/airflow/.local/lib/python3.8/site-packages/airflow/example_dags/example_branch_labels.py for tasks to queue
[2025-01-14T00:21:22.210+0000] {logging_mixin.py:188} INFO - [2025-01-14T00:21:22.210+0000] {dagbag.py:538} INFO - Filling up the DagBag from /home/airflow/.local/lib/python3.8/site-packages/airflow/example_dags/example_branch_labels.py
[2025-01-14T00:21:22.215+0000] {processor.py:840} INFO - DAG(s) 'example_branch_labels' retrieved from /home/airflow/.local/lib/python3.8/site-packages/airflow/example_dags/example_branch_labels.py
[2025-01-14T00:21:22.229+0000] {logging_mixin.py:188} INFO - [2025-01-14T00:21:22.229+0000] {dag.py:3036} INFO - Sync 1 DAGs
[2025-01-14T00:21:22.243+0000] {logging_mixin.py:188} INFO - [2025-01-14T00:21:22.243+0000] {dag.py:3823} INFO - Setting next_dagrun for example_branch_labels to 2025-01-13 00:00:00+00:00, run_after=2025-01-14 00:00:00+00:00
[2025-01-14T00:21:22.255+0000] {processor.py:183} INFO - Processing /home/airflow/.local/lib/python3.8/site-packages/airflow/example_dags/example_branch_labels.py took 0.049 seconds
[2025-01-14T00:21:53.544+0000] {processor.py:161} INFO - Started process (PID=1834) to work on /home/airflow/.local/lib/python3.8/site-packages/airflow/example_dags/example_branch_labels.py
[2025-01-14T00:21:53.545+0000] {processor.py:830} INFO - Processing file /home/airflow/.local/lib/python3.8/site-packages/airflow/example_dags/example_branch_labels.py for tasks to queue
[2025-01-14T00:21:53.546+0000] {logging_mixin.py:188} INFO - [2025-01-14T00:21:53.546+0000] {dagbag.py:538} INFO - Filling up the DagBag from /home/airflow/.local/lib/python3.8/site-packages/airflow/example_dags/example_branch_labels.py
[2025-01-14T00:21:53.551+0000] {processor.py:840} INFO - DAG(s) 'example_branch_labels' retrieved from /home/airflow/.local/lib/python3.8/site-packages/airflow/example_dags/example_branch_labels.py
[2025-01-14T00:21:53.566+0000] {logging_mixin.py:188} INFO - [2025-01-14T00:21:53.566+0000] {dag.py:3036} INFO - Sync 1 DAGs
[2025-01-14T00:21:53.579+0000] {logging_mixin.py:188} INFO - [2025-01-14T00:21:53.579+0000] {dag.py:3823} INFO - Setting next_dagrun for example_branch_labels to 2025-01-13 00:00:00+00:00, run_after=2025-01-14 00:00:00+00:00
[2025-01-14T00:21:53.591+0000] {processor.py:183} INFO - Processing /home/airflow/.local/lib/python3.8/site-packages/airflow/example_dags/example_branch_labels.py took 0.049 seconds
[2025-01-14T00:22:24.718+0000] {processor.py:161} INFO - Started process (PID=1893) to work on /home/airflow/.local/lib/python3.8/site-packages/airflow/example_dags/example_branch_labels.py
[2025-01-14T00:22:24.719+0000] {processor.py:830} INFO - Processing file /home/airflow/.local/lib/python3.8/site-packages/airflow/example_dags/example_branch_labels.py for tasks to queue
[2025-01-14T00:22:24.720+0000] {logging_mixin.py:188} INFO - [2025-01-14T00:22:24.719+0000] {dagbag.py:538} INFO - Filling up the DagBag from /home/airflow/.local/lib/python3.8/site-packages/airflow/example_dags/example_branch_labels.py
[2025-01-14T00:22:24.724+0000] {processor.py:840} INFO - DAG(s) 'example_branch_labels' retrieved from /home/airflow/.local/lib/python3.8/site-packages/airflow/example_dags/example_branch_labels.py
[2025-01-14T00:22:24.736+0000] {logging_mixin.py:188} INFO - [2025-01-14T00:22:24.736+0000] {dag.py:3036} INFO - Sync 1 DAGs
[2025-01-14T00:22:24.749+0000] {logging_mixin.py:188} INFO - [2025-01-14T00:22:24.749+0000] {dag.py:3823} INFO - Setting next_dagrun for example_branch_labels to 2025-01-13 00:00:00+00:00, run_after=2025-01-14 00:00:00+00:00
[2025-01-14T00:22:24.761+0000] {processor.py:183} INFO - Processing /home/airflow/.local/lib/python3.8/site-packages/airflow/example_dags/example_branch_labels.py took 0.045 seconds
[2025-01-14T00:22:55.837+0000] {processor.py:161} INFO - Started process (PID=1952) to work on /home/airflow/.local/lib/python3.8/site-packages/airflow/example_dags/example_branch_labels.py
[2025-01-14T00:22:55.837+0000] {processor.py:830} INFO - Processing file /home/airflow/.local/lib/python3.8/site-packages/airflow/example_dags/example_branch_labels.py for tasks to queue
[2025-01-14T00:22:55.838+0000] {logging_mixin.py:188} INFO - [2025-01-14T00:22:55.838+0000] {dagbag.py:538} INFO - Filling up the DagBag from /home/airflow/.local/lib/python3.8/site-packages/airflow/example_dags/example_branch_labels.py
[2025-01-14T00:22:55.843+0000] {processor.py:840} INFO - DAG(s) 'example_branch_labels' retrieved from /home/airflow/.local/lib/python3.8/site-packages/airflow/example_dags/example_branch_labels.py
[2025-01-14T00:22:55.855+0000] {logging_mixin.py:188} INFO - [2025-01-14T00:22:55.855+0000] {dag.py:3036} INFO - Sync 1 DAGs
[2025-01-14T00:22:55.869+0000] {logging_mixin.py:188} INFO - [2025-01-14T00:22:55.869+0000] {dag.py:3823} INFO - Setting next_dagrun for example_branch_labels to 2025-01-13 00:00:00+00:00, run_after=2025-01-14 00:00:00+00:00
[2025-01-14T00:22:55.880+0000] {processor.py:183} INFO - Processing /home/airflow/.local/lib/python3.8/site-packages/airflow/example_dags/example_branch_labels.py took 0.046 seconds
[2025-01-14T00:23:27.026+0000] {processor.py:161} INFO - Started process (PID=2011) to work on /home/airflow/.local/lib/python3.8/site-packages/airflow/example_dags/example_branch_labels.py
[2025-01-14T00:23:27.026+0000] {processor.py:830} INFO - Processing file /home/airflow/.local/lib/python3.8/site-packages/airflow/example_dags/example_branch_labels.py for tasks to queue
[2025-01-14T00:23:27.027+0000] {logging_mixin.py:188} INFO - [2025-01-14T00:23:27.027+0000] {dagbag.py:538} INFO - Filling up the DagBag from /home/airflow/.local/lib/python3.8/site-packages/airflow/example_dags/example_branch_labels.py
[2025-01-14T00:23:27.032+0000] {processor.py:840} INFO - DAG(s) 'example_branch_labels' retrieved from /home/airflow/.local/lib/python3.8/site-packages/airflow/example_dags/example_branch_labels.py
[2025-01-14T00:23:27.045+0000] {logging_mixin.py:188} INFO - [2025-01-14T00:23:27.045+0000] {dag.py:3036} INFO - Sync 1 DAGs
[2025-01-14T00:23:27.059+0000] {logging_mixin.py:188} INFO - [2025-01-14T00:23:27.058+0000] {dag.py:3823} INFO - Setting next_dagrun for example_branch_labels to 2025-01-13 00:00:00+00:00, run_after=2025-01-14 00:00:00+00:00
[2025-01-14T00:23:27.071+0000] {processor.py:183} INFO - Processing /home/airflow/.local/lib/python3.8/site-packages/airflow/example_dags/example_branch_labels.py took 0.047 seconds
[2025-01-14T00:23:58.139+0000] {processor.py:161} INFO - Started process (PID=2070) to work on /home/airflow/.local/lib/python3.8/site-packages/airflow/example_dags/example_branch_labels.py
[2025-01-14T00:23:58.140+0000] {processor.py:830} INFO - Processing file /home/airflow/.local/lib/python3.8/site-packages/airflow/example_dags/example_branch_labels.py for tasks to queue
[2025-01-14T00:23:58.141+0000] {logging_mixin.py:188} INFO - [2025-01-14T00:23:58.141+0000] {dagbag.py:538} INFO - Filling up the DagBag from /home/airflow/.local/lib/python3.8/site-packages/airflow/example_dags/example_branch_labels.py
[2025-01-14T00:23:58.146+0000] {processor.py:840} INFO - DAG(s) 'example_branch_labels' retrieved from /home/airflow/.local/lib/python3.8/site-packages/airflow/example_dags/example_branch_labels.py
[2025-01-14T00:23:58.159+0000] {logging_mixin.py:188} INFO - [2025-01-14T00:23:58.159+0000] {dag.py:3036} INFO - Sync 1 DAGs
[2025-01-14T00:23:58.173+0000] {logging_mixin.py:188} INFO - [2025-01-14T00:23:58.173+0000] {dag.py:3823} INFO - Setting next_dagrun for example_branch_labels to 2025-01-13 00:00:00+00:00, run_after=2025-01-14 00:00:00+00:00
[2025-01-14T00:23:58.186+0000] {processor.py:183} INFO - Processing /home/airflow/.local/lib/python3.8/site-packages/airflow/example_dags/example_branch_labels.py took 0.049 seconds
[2025-01-14T00:24:29.340+0000] {processor.py:161} INFO - Started process (PID=2129) to work on /home/airflow/.local/lib/python3.8/site-packages/airflow/example_dags/example_branch_labels.py
[2025-01-14T00:24:29.341+0000] {processor.py:830} INFO - Processing file /home/airflow/.local/lib/python3.8/site-packages/airflow/example_dags/example_branch_labels.py for tasks to queue
[2025-01-14T00:24:29.342+0000] {logging_mixin.py:188} INFO - [2025-01-14T00:24:29.341+0000] {dagbag.py:538} INFO - Filling up the DagBag from /home/airflow/.local/lib/python3.8/site-packages/airflow/example_dags/example_branch_labels.py
[2025-01-14T00:24:29.346+0000] {processor.py:840} INFO - DAG(s) 'example_branch_labels' retrieved from /home/airflow/.local/lib/python3.8/site-packages/airflow/example_dags/example_branch_labels.py
[2025-01-14T00:24:29.360+0000] {logging_mixin.py:188} INFO - [2025-01-14T00:24:29.360+0000] {dag.py:3036} INFO - Sync 1 DAGs
[2025-01-14T00:24:29.373+0000] {logging_mixin.py:188} INFO - [2025-01-14T00:24:29.373+0000] {dag.py:3823} INFO - Setting next_dagrun for example_branch_labels to 2025-01-13 00:00:00+00:00, run_after=2025-01-14 00:00:00+00:00
[2025-01-14T00:24:29.387+0000] {processor.py:183} INFO - Processing /home/airflow/.local/lib/python3.8/site-packages/airflow/example_dags/example_branch_labels.py took 0.049 seconds
[2025-01-14T00:24:59.602+0000] {processor.py:161} INFO - Started process (PID=2188) to work on /home/airflow/.local/lib/python3.8/site-packages/airflow/example_dags/example_branch_labels.py
[2025-01-14T00:24:59.603+0000] {processor.py:830} INFO - Processing file /home/airflow/.local/lib/python3.8/site-packages/airflow/example_dags/example_branch_labels.py for tasks to queue
[2025-01-14T00:24:59.604+0000] {logging_mixin.py:188} INFO - [2025-01-14T00:24:59.604+0000] {dagbag.py:538} INFO - Filling up the DagBag from /home/airflow/.local/lib/python3.8/site-packages/airflow/example_dags/example_branch_labels.py
[2025-01-14T00:24:59.609+0000] {processor.py:840} INFO - DAG(s) 'example_branch_labels' retrieved from /home/airflow/.local/lib/python3.8/site-packages/airflow/example_dags/example_branch_labels.py
[2025-01-14T00:24:59.622+0000] {logging_mixin.py:188} INFO - [2025-01-14T00:24:59.622+0000] {dag.py:3036} INFO - Sync 1 DAGs
[2025-01-14T00:24:59.636+0000] {logging_mixin.py:188} INFO - [2025-01-14T00:24:59.636+0000] {dag.py:3823} INFO - Setting next_dagrun for example_branch_labels to 2025-01-13 00:00:00+00:00, run_after=2025-01-14 00:00:00+00:00
[2025-01-14T00:24:59.648+0000] {processor.py:183} INFO - Processing /home/airflow/.local/lib/python3.8/site-packages/airflow/example_dags/example_branch_labels.py took 0.048 seconds
[2025-01-14T00:25:30.693+0000] {processor.py:161} INFO - Started process (PID=2247) to work on /home/airflow/.local/lib/python3.8/site-packages/airflow/example_dags/example_branch_labels.py
[2025-01-14T00:25:30.694+0000] {processor.py:830} INFO - Processing file /home/airflow/.local/lib/python3.8/site-packages/airflow/example_dags/example_branch_labels.py for tasks to queue
[2025-01-14T00:25:30.695+0000] {logging_mixin.py:188} INFO - [2025-01-14T00:25:30.695+0000] {dagbag.py:538} INFO - Filling up the DagBag from /home/airflow/.local/lib/python3.8/site-packages/airflow/example_dags/example_branch_labels.py
[2025-01-14T00:25:30.699+0000] {processor.py:840} INFO - DAG(s) 'example_branch_labels' retrieved from /home/airflow/.local/lib/python3.8/site-packages/airflow/example_dags/example_branch_labels.py
[2025-01-14T00:25:30.712+0000] {logging_mixin.py:188} INFO - [2025-01-14T00:25:30.712+0000] {dag.py:3036} INFO - Sync 1 DAGs
[2025-01-14T00:25:30.725+0000] {logging_mixin.py:188} INFO - [2025-01-14T00:25:30.725+0000] {dag.py:3823} INFO - Setting next_dagrun for example_branch_labels to 2025-01-13 00:00:00+00:00, run_after=2025-01-14 00:00:00+00:00
[2025-01-14T00:25:30.737+0000] {processor.py:183} INFO - Processing /home/airflow/.local/lib/python3.8/site-packages/airflow/example_dags/example_branch_labels.py took 0.046 seconds
[2025-01-14T00:26:01.946+0000] {processor.py:161} INFO - Started process (PID=2306) to work on /home/airflow/.local/lib/python3.8/site-packages/airflow/example_dags/example_branch_labels.py
[2025-01-14T00:26:01.947+0000] {processor.py:830} INFO - Processing file /home/airflow/.local/lib/python3.8/site-packages/airflow/example_dags/example_branch_labels.py for tasks to queue
[2025-01-14T00:26:01.948+0000] {logging_mixin.py:188} INFO - [2025-01-14T00:26:01.948+0000] {dagbag.py:538} INFO - Filling up the DagBag from /home/airflow/.local/lib/python3.8/site-packages/airflow/example_dags/example_branch_labels.py
[2025-01-14T00:26:01.953+0000] {processor.py:840} INFO - DAG(s) 'example_branch_labels' retrieved from /home/airflow/.local/lib/python3.8/site-packages/airflow/example_dags/example_branch_labels.py
[2025-01-14T00:26:01.966+0000] {logging_mixin.py:188} INFO - [2025-01-14T00:26:01.966+0000] {dag.py:3036} INFO - Sync 1 DAGs
[2025-01-14T00:26:01.979+0000] {logging_mixin.py:188} INFO - [2025-01-14T00:26:01.979+0000] {dag.py:3823} INFO - Setting next_dagrun for example_branch_labels to 2025-01-13 00:00:00+00:00, run_after=2025-01-14 00:00:00+00:00
[2025-01-14T00:26:01.991+0000] {processor.py:183} INFO - Processing /home/airflow/.local/lib/python3.8/site-packages/airflow/example_dags/example_branch_labels.py took 0.047 seconds
[2025-01-14T00:26:32.496+0000] {processor.py:161} INFO - Started process (PID=2365) to work on /home/airflow/.local/lib/python3.8/site-packages/airflow/example_dags/example_branch_labels.py
[2025-01-14T00:26:32.497+0000] {processor.py:830} INFO - Processing file /home/airflow/.local/lib/python3.8/site-packages/airflow/example_dags/example_branch_labels.py for tasks to queue
[2025-01-14T00:26:32.498+0000] {logging_mixin.py:188} INFO - [2025-01-14T00:26:32.498+0000] {dagbag.py:538} INFO - Filling up the DagBag from /home/airflow/.local/lib/python3.8/site-packages/airflow/example_dags/example_branch_labels.py
[2025-01-14T00:26:32.503+0000] {processor.py:840} INFO - DAG(s) 'example_branch_labels' retrieved from /home/airflow/.local/lib/python3.8/site-packages/airflow/example_dags/example_branch_labels.py
[2025-01-14T00:26:32.516+0000] {logging_mixin.py:188} INFO - [2025-01-14T00:26:32.516+0000] {dag.py:3036} INFO - Sync 1 DAGs
[2025-01-14T00:26:32.532+0000] {logging_mixin.py:188} INFO - [2025-01-14T00:26:32.532+0000] {dag.py:3823} INFO - Setting next_dagrun for example_branch_labels to 2025-01-13 00:00:00+00:00, run_after=2025-01-14 00:00:00+00:00
[2025-01-14T00:26:32.545+0000] {processor.py:183} INFO - Processing /home/airflow/.local/lib/python3.8/site-packages/airflow/example_dags/example_branch_labels.py took 0.050 seconds
[2025-01-14T00:27:03.441+0000] {processor.py:161} INFO - Started process (PID=2424) to work on /home/airflow/.local/lib/python3.8/site-packages/airflow/example_dags/example_branch_labels.py
[2025-01-14T00:27:03.441+0000] {processor.py:830} INFO - Processing file /home/airflow/.local/lib/python3.8/site-packages/airflow/example_dags/example_branch_labels.py for tasks to queue
[2025-01-14T00:27:03.443+0000] {logging_mixin.py:188} INFO - [2025-01-14T00:27:03.443+0000] {dagbag.py:538} INFO - Filling up the DagBag from /home/airflow/.local/lib/python3.8/site-packages/airflow/example_dags/example_branch_labels.py
[2025-01-14T00:27:03.449+0000] {processor.py:840} INFO - DAG(s) 'example_branch_labels' retrieved from /home/airflow/.local/lib/python3.8/site-packages/airflow/example_dags/example_branch_labels.py
[2025-01-14T00:27:03.464+0000] {logging_mixin.py:188} INFO - [2025-01-14T00:27:03.463+0000] {dag.py:3036} INFO - Sync 1 DAGs
[2025-01-14T00:27:03.479+0000] {logging_mixin.py:188} INFO - [2025-01-14T00:27:03.479+0000] {dag.py:3823} INFO - Setting next_dagrun for example_branch_labels to 2025-01-13 00:00:00+00:00, run_after=2025-01-14 00:00:00+00:00
[2025-01-14T00:27:03.494+0000] {processor.py:183} INFO - Processing /home/airflow/.local/lib/python3.8/site-packages/airflow/example_dags/example_branch_labels.py took 0.056 seconds
[2025-01-14T00:27:34.317+0000] {processor.py:161} INFO - Started process (PID=2485) to work on /home/airflow/.local/lib/python3.8/site-packages/airflow/example_dags/example_branch_labels.py
[2025-01-14T00:27:34.318+0000] {processor.py:830} INFO - Processing file /home/airflow/.local/lib/python3.8/site-packages/airflow/example_dags/example_branch_labels.py for tasks to queue
[2025-01-14T00:27:34.319+0000] {logging_mixin.py:188} INFO - [2025-01-14T00:27:34.319+0000] {dagbag.py:538} INFO - Filling up the DagBag from /home/airflow/.local/lib/python3.8/site-packages/airflow/example_dags/example_branch_labels.py
[2025-01-14T00:27:34.325+0000] {processor.py:840} INFO - DAG(s) 'example_branch_labels' retrieved from /home/airflow/.local/lib/python3.8/site-packages/airflow/example_dags/example_branch_labels.py
[2025-01-14T00:27:34.340+0000] {logging_mixin.py:188} INFO - [2025-01-14T00:27:34.340+0000] {dag.py:3036} INFO - Sync 1 DAGs
[2025-01-14T00:27:34.359+0000] {logging_mixin.py:188} INFO - [2025-01-14T00:27:34.359+0000] {dag.py:3823} INFO - Setting next_dagrun for example_branch_labels to 2025-01-13 00:00:00+00:00, run_after=2025-01-14 00:00:00+00:00
[2025-01-14T00:27:34.373+0000] {processor.py:183} INFO - Processing /home/airflow/.local/lib/python3.8/site-packages/airflow/example_dags/example_branch_labels.py took 0.059 seconds
[2025-01-14T00:28:04.842+0000] {processor.py:161} INFO - Started process (PID=2544) to work on /home/airflow/.local/lib/python3.8/site-packages/airflow/example_dags/example_branch_labels.py
[2025-01-14T00:28:04.843+0000] {processor.py:830} INFO - Processing file /home/airflow/.local/lib/python3.8/site-packages/airflow/example_dags/example_branch_labels.py for tasks to queue
[2025-01-14T00:28:04.844+0000] {logging_mixin.py:188} INFO - [2025-01-14T00:28:04.844+0000] {dagbag.py:538} INFO - Filling up the DagBag from /home/airflow/.local/lib/python3.8/site-packages/airflow/example_dags/example_branch_labels.py
[2025-01-14T00:28:04.849+0000] {processor.py:840} INFO - DAG(s) 'example_branch_labels' retrieved from /home/airflow/.local/lib/python3.8/site-packages/airflow/example_dags/example_branch_labels.py
[2025-01-14T00:28:04.863+0000] {logging_mixin.py:188} INFO - [2025-01-14T00:28:04.863+0000] {dag.py:3036} INFO - Sync 1 DAGs
[2025-01-14T00:28:04.879+0000] {logging_mixin.py:188} INFO - [2025-01-14T00:28:04.878+0000] {dag.py:3823} INFO - Setting next_dagrun for example_branch_labels to 2025-01-13 00:00:00+00:00, run_after=2025-01-14 00:00:00+00:00
[2025-01-14T00:28:04.891+0000] {processor.py:183} INFO - Processing /home/airflow/.local/lib/python3.8/site-packages/airflow/example_dags/example_branch_labels.py took 0.051 seconds
[2025-01-14T00:28:35.784+0000] {processor.py:161} INFO - Started process (PID=2603) to work on /home/airflow/.local/lib/python3.8/site-packages/airflow/example_dags/example_branch_labels.py
[2025-01-14T00:28:35.785+0000] {processor.py:830} INFO - Processing file /home/airflow/.local/lib/python3.8/site-packages/airflow/example_dags/example_branch_labels.py for tasks to queue
[2025-01-14T00:28:35.786+0000] {logging_mixin.py:188} INFO - [2025-01-14T00:28:35.786+0000] {dagbag.py:538} INFO - Filling up the DagBag from /home/airflow/.local/lib/python3.8/site-packages/airflow/example_dags/example_branch_labels.py
[2025-01-14T00:28:35.793+0000] {processor.py:840} INFO - DAG(s) 'example_branch_labels' retrieved from /home/airflow/.local/lib/python3.8/site-packages/airflow/example_dags/example_branch_labels.py
[2025-01-14T00:28:35.814+0000] {logging_mixin.py:188} INFO - [2025-01-14T00:28:35.813+0000] {dag.py:3036} INFO - Sync 1 DAGs
[2025-01-14T00:28:35.955+0000] {logging_mixin.py:188} INFO - [2025-01-14T00:28:35.955+0000] {dag.py:3823} INFO - Setting next_dagrun for example_branch_labels to 2025-01-13 00:00:00+00:00, run_after=2025-01-14 00:00:00+00:00
[2025-01-14T00:28:35.968+0000] {processor.py:183} INFO - Processing /home/airflow/.local/lib/python3.8/site-packages/airflow/example_dags/example_branch_labels.py took 0.187 seconds
[2025-01-14T00:29:06.515+0000] {processor.py:161} INFO - Started process (PID=2662) to work on /home/airflow/.local/lib/python3.8/site-packages/airflow/example_dags/example_branch_labels.py
[2025-01-14T00:29:06.515+0000] {processor.py:830} INFO - Processing file /home/airflow/.local/lib/python3.8/site-packages/airflow/example_dags/example_branch_labels.py for tasks to queue
[2025-01-14T00:29:06.517+0000] {logging_mixin.py:188} INFO - [2025-01-14T00:29:06.516+0000] {dagbag.py:538} INFO - Filling up the DagBag from /home/airflow/.local/lib/python3.8/site-packages/airflow/example_dags/example_branch_labels.py
[2025-01-14T00:29:06.524+0000] {processor.py:840} INFO - DAG(s) 'example_branch_labels' retrieved from /home/airflow/.local/lib/python3.8/site-packages/airflow/example_dags/example_branch_labels.py
[2025-01-14T00:29:06.540+0000] {logging_mixin.py:188} INFO - [2025-01-14T00:29:06.540+0000] {dag.py:3036} INFO - Sync 1 DAGs
[2025-01-14T00:29:06.656+0000] {logging_mixin.py:188} INFO - [2025-01-14T00:29:06.655+0000] {dag.py:3823} INFO - Setting next_dagrun for example_branch_labels to 2025-01-13 00:00:00+00:00, run_after=2025-01-14 00:00:00+00:00
[2025-01-14T00:29:06.669+0000] {processor.py:183} INFO - Processing /home/airflow/.local/lib/python3.8/site-packages/airflow/example_dags/example_branch_labels.py took 0.156 seconds
[2025-01-14T00:29:36.968+0000] {processor.py:161} INFO - Started process (PID=2721) to work on /home/airflow/.local/lib/python3.8/site-packages/airflow/example_dags/example_branch_labels.py
[2025-01-14T00:29:36.969+0000] {processor.py:830} INFO - Processing file /home/airflow/.local/lib/python3.8/site-packages/airflow/example_dags/example_branch_labels.py for tasks to queue
[2025-01-14T00:29:36.970+0000] {logging_mixin.py:188} INFO - [2025-01-14T00:29:36.970+0000] {dagbag.py:538} INFO - Filling up the DagBag from /home/airflow/.local/lib/python3.8/site-packages/airflow/example_dags/example_branch_labels.py
[2025-01-14T00:29:36.976+0000] {processor.py:840} INFO - DAG(s) 'example_branch_labels' retrieved from /home/airflow/.local/lib/python3.8/site-packages/airflow/example_dags/example_branch_labels.py
[2025-01-14T00:29:36.997+0000] {logging_mixin.py:188} INFO - [2025-01-14T00:29:36.997+0000] {dag.py:3036} INFO - Sync 1 DAGs
[2025-01-14T00:29:37.012+0000] {logging_mixin.py:188} INFO - [2025-01-14T00:29:37.012+0000] {dag.py:3823} INFO - Setting next_dagrun for example_branch_labels to 2025-01-13 00:00:00+00:00, run_after=2025-01-14 00:00:00+00:00
[2025-01-14T00:29:37.027+0000] {processor.py:183} INFO - Processing /home/airflow/.local/lib/python3.8/site-packages/airflow/example_dags/example_branch_labels.py took 0.061 seconds
[2025-01-14T00:30:07.127+0000] {processor.py:161} INFO - Started process (PID=2780) to work on /home/airflow/.local/lib/python3.8/site-packages/airflow/example_dags/example_branch_labels.py
[2025-01-14T00:30:07.127+0000] {processor.py:830} INFO - Processing file /home/airflow/.local/lib/python3.8/site-packages/airflow/example_dags/example_branch_labels.py for tasks to queue
[2025-01-14T00:30:07.128+0000] {logging_mixin.py:188} INFO - [2025-01-14T00:30:07.128+0000] {dagbag.py:538} INFO - Filling up the DagBag from /home/airflow/.local/lib/python3.8/site-packages/airflow/example_dags/example_branch_labels.py
[2025-01-14T00:30:07.134+0000] {processor.py:840} INFO - DAG(s) 'example_branch_labels' retrieved from /home/airflow/.local/lib/python3.8/site-packages/airflow/example_dags/example_branch_labels.py
[2025-01-14T00:30:07.147+0000] {logging_mixin.py:188} INFO - [2025-01-14T00:30:07.147+0000] {dag.py:3036} INFO - Sync 1 DAGs
[2025-01-14T00:30:07.162+0000] {logging_mixin.py:188} INFO - [2025-01-14T00:30:07.161+0000] {dag.py:3823} INFO - Setting next_dagrun for example_branch_labels to 2025-01-13 00:00:00+00:00, run_after=2025-01-14 00:00:00+00:00
[2025-01-14T00:30:07.173+0000] {processor.py:183} INFO - Processing /home/airflow/.local/lib/python3.8/site-packages/airflow/example_dags/example_branch_labels.py took 0.049 seconds
[2025-01-14T00:30:37.932+0000] {processor.py:161} INFO - Started process (PID=2839) to work on /home/airflow/.local/lib/python3.8/site-packages/airflow/example_dags/example_branch_labels.py
[2025-01-14T00:30:37.933+0000] {processor.py:830} INFO - Processing file /home/airflow/.local/lib/python3.8/site-packages/airflow/example_dags/example_branch_labels.py for tasks to queue
[2025-01-14T00:30:37.934+0000] {logging_mixin.py:188} INFO - [2025-01-14T00:30:37.934+0000] {dagbag.py:538} INFO - Filling up the DagBag from /home/airflow/.local/lib/python3.8/site-packages/airflow/example_dags/example_branch_labels.py
[2025-01-14T00:30:37.939+0000] {processor.py:840} INFO - DAG(s) 'example_branch_labels' retrieved from /home/airflow/.local/lib/python3.8/site-packages/airflow/example_dags/example_branch_labels.py
[2025-01-14T00:30:37.953+0000] {logging_mixin.py:188} INFO - [2025-01-14T00:30:37.953+0000] {dag.py:3036} INFO - Sync 1 DAGs
[2025-01-14T00:30:37.966+0000] {logging_mixin.py:188} INFO - [2025-01-14T00:30:37.966+0000] {dag.py:3823} INFO - Setting next_dagrun for example_branch_labels to 2025-01-13 00:00:00+00:00, run_after=2025-01-14 00:00:00+00:00
[2025-01-14T00:30:37.978+0000] {processor.py:183} INFO - Processing /home/airflow/.local/lib/python3.8/site-packages/airflow/example_dags/example_branch_labels.py took 0.048 seconds
[2025-01-14T00:31:08.789+0000] {processor.py:161} INFO - Started process (PID=2898) to work on /home/airflow/.local/lib/python3.8/site-packages/airflow/example_dags/example_branch_labels.py
[2025-01-14T00:31:08.790+0000] {processor.py:830} INFO - Processing file /home/airflow/.local/lib/python3.8/site-packages/airflow/example_dags/example_branch_labels.py for tasks to queue
[2025-01-14T00:31:08.791+0000] {logging_mixin.py:188} INFO - [2025-01-14T00:31:08.791+0000] {dagbag.py:538} INFO - Filling up the DagBag from /home/airflow/.local/lib/python3.8/site-packages/airflow/example_dags/example_branch_labels.py
[2025-01-14T00:31:08.796+0000] {processor.py:840} INFO - DAG(s) 'example_branch_labels' retrieved from /home/airflow/.local/lib/python3.8/site-packages/airflow/example_dags/example_branch_labels.py
[2025-01-14T00:31:08.809+0000] {logging_mixin.py:188} INFO - [2025-01-14T00:31:08.809+0000] {dag.py:3036} INFO - Sync 1 DAGs
[2025-01-14T00:31:08.823+0000] {logging_mixin.py:188} INFO - [2025-01-14T00:31:08.823+0000] {dag.py:3823} INFO - Setting next_dagrun for example_branch_labels to 2025-01-13 00:00:00+00:00, run_after=2025-01-14 00:00:00+00:00
[2025-01-14T00:31:08.835+0000] {processor.py:183} INFO - Processing /home/airflow/.local/lib/python3.8/site-packages/airflow/example_dags/example_branch_labels.py took 0.048 seconds
[2025-01-14T00:31:39.502+0000] {processor.py:161} INFO - Started process (PID=2957) to work on /home/airflow/.local/lib/python3.8/site-packages/airflow/example_dags/example_branch_labels.py
[2025-01-14T00:31:39.503+0000] {processor.py:830} INFO - Processing file /home/airflow/.local/lib/python3.8/site-packages/airflow/example_dags/example_branch_labels.py for tasks to queue
[2025-01-14T00:31:39.504+0000] {logging_mixin.py:188} INFO - [2025-01-14T00:31:39.504+0000] {dagbag.py:538} INFO - Filling up the DagBag from /home/airflow/.local/lib/python3.8/site-packages/airflow/example_dags/example_branch_labels.py
[2025-01-14T00:31:39.510+0000] {processor.py:840} INFO - DAG(s) 'example_branch_labels' retrieved from /home/airflow/.local/lib/python3.8/site-packages/airflow/example_dags/example_branch_labels.py
[2025-01-14T00:31:39.524+0000] {logging_mixin.py:188} INFO - [2025-01-14T00:31:39.524+0000] {dag.py:3036} INFO - Sync 1 DAGs
[2025-01-14T00:31:39.539+0000] {logging_mixin.py:188} INFO - [2025-01-14T00:31:39.539+0000] {dag.py:3823} INFO - Setting next_dagrun for example_branch_labels to 2025-01-13 00:00:00+00:00, run_after=2025-01-14 00:00:00+00:00
[2025-01-14T00:31:39.551+0000] {processor.py:183} INFO - Processing /home/airflow/.local/lib/python3.8/site-packages/airflow/example_dags/example_branch_labels.py took 0.051 seconds
[2025-01-14T00:32:10.471+0000] {processor.py:161} INFO - Started process (PID=3016) to work on /home/airflow/.local/lib/python3.8/site-packages/airflow/example_dags/example_branch_labels.py
[2025-01-14T00:32:10.472+0000] {processor.py:830} INFO - Processing file /home/airflow/.local/lib/python3.8/site-packages/airflow/example_dags/example_branch_labels.py for tasks to queue
[2025-01-14T00:32:10.473+0000] {logging_mixin.py:188} INFO - [2025-01-14T00:32:10.473+0000] {dagbag.py:538} INFO - Filling up the DagBag from /home/airflow/.local/lib/python3.8/site-packages/airflow/example_dags/example_branch_labels.py
[2025-01-14T00:32:10.479+0000] {processor.py:840} INFO - DAG(s) 'example_branch_labels' retrieved from /home/airflow/.local/lib/python3.8/site-packages/airflow/example_dags/example_branch_labels.py
[2025-01-14T00:32:10.496+0000] {logging_mixin.py:188} INFO - [2025-01-14T00:32:10.496+0000] {dag.py:3036} INFO - Sync 1 DAGs
[2025-01-14T00:32:10.512+0000] {logging_mixin.py:188} INFO - [2025-01-14T00:32:10.512+0000] {dag.py:3823} INFO - Setting next_dagrun for example_branch_labels to 2025-01-13 00:00:00+00:00, run_after=2025-01-14 00:00:00+00:00
[2025-01-14T00:32:10.529+0000] {processor.py:183} INFO - Processing /home/airflow/.local/lib/python3.8/site-packages/airflow/example_dags/example_branch_labels.py took 0.060 seconds
[2025-01-14T00:32:40.621+0000] {processor.py:161} INFO - Started process (PID=3075) to work on /home/airflow/.local/lib/python3.8/site-packages/airflow/example_dags/example_branch_labels.py
[2025-01-14T00:32:40.622+0000] {processor.py:830} INFO - Processing file /home/airflow/.local/lib/python3.8/site-packages/airflow/example_dags/example_branch_labels.py for tasks to queue
[2025-01-14T00:32:40.623+0000] {logging_mixin.py:188} INFO - [2025-01-14T00:32:40.623+0000] {dagbag.py:538} INFO - Filling up the DagBag from /home/airflow/.local/lib/python3.8/site-packages/airflow/example_dags/example_branch_labels.py
[2025-01-14T00:32:40.628+0000] {processor.py:840} INFO - DAG(s) 'example_branch_labels' retrieved from /home/airflow/.local/lib/python3.8/site-packages/airflow/example_dags/example_branch_labels.py
[2025-01-14T00:32:40.642+0000] {logging_mixin.py:188} INFO - [2025-01-14T00:32:40.642+0000] {dag.py:3036} INFO - Sync 1 DAGs
[2025-01-14T00:32:40.658+0000] {logging_mixin.py:188} INFO - [2025-01-14T00:32:40.658+0000] {dag.py:3823} INFO - Setting next_dagrun for example_branch_labels to 2025-01-13 00:00:00+00:00, run_after=2025-01-14 00:00:00+00:00
[2025-01-14T00:32:40.673+0000] {processor.py:183} INFO - Processing /home/airflow/.local/lib/python3.8/site-packages/airflow/example_dags/example_branch_labels.py took 0.053 seconds
