[2025-01-14T00:00:07.475+0000] {processor.py:161} INFO - Started process (PID=10549) to work on /home/airflow/.local/lib/python3.8/site-packages/airflow/example_dags/example_bash_operator.py
[2025-01-14T00:00:07.475+0000] {processor.py:830} INFO - Processing file /home/airflow/.local/lib/python3.8/site-packages/airflow/example_dags/example_bash_operator.py for tasks to queue
[2025-01-14T00:00:07.476+0000] {logging_mixin.py:188} INFO - [2025-01-14T00:00:07.476+0000] {dagbag.py:538} INFO - Filling up the DagBag from /home/airflow/.local/lib/python3.8/site-packages/airflow/example_dags/example_bash_operator.py
[2025-01-14T00:00:07.484+0000] {processor.py:840} INFO - DAG(s) 'example_bash_operator' retrieved from /home/airflow/.local/lib/python3.8/site-packages/airflow/example_dags/example_bash_operator.py
[2025-01-14T00:00:07.504+0000] {logging_mixin.py:188} INFO - [2025-01-14T00:00:07.504+0000] {dag.py:3036} INFO - Sync 1 DAGs
[2025-01-14T00:00:07.520+0000] {logging_mixin.py:188} INFO - [2025-01-14T00:00:07.519+0000] {dag.py:3823} INFO - Setting next_dagrun for example_bash_operator to 2025-01-13 00:00:00+00:00, run_after=2025-01-14 00:00:00+00:00
[2025-01-14T00:00:07.533+0000] {processor.py:183} INFO - Processing /home/airflow/.local/lib/python3.8/site-packages/airflow/example_dags/example_bash_operator.py took 0.060 seconds
[2025-01-14T00:00:37.580+0000] {processor.py:161} INFO - Started process (PID=10610) to work on /home/airflow/.local/lib/python3.8/site-packages/airflow/example_dags/example_bash_operator.py
[2025-01-14T00:00:37.580+0000] {processor.py:830} INFO - Processing file /home/airflow/.local/lib/python3.8/site-packages/airflow/example_dags/example_bash_operator.py for tasks to queue
[2025-01-14T00:00:37.581+0000] {logging_mixin.py:188} INFO - [2025-01-14T00:00:37.581+0000] {dagbag.py:538} INFO - Filling up the DagBag from /home/airflow/.local/lib/python3.8/site-packages/airflow/example_dags/example_bash_operator.py
[2025-01-14T00:00:37.588+0000] {processor.py:840} INFO - DAG(s) 'example_bash_operator' retrieved from /home/airflow/.local/lib/python3.8/site-packages/airflow/example_dags/example_bash_operator.py
[2025-01-14T00:00:37.607+0000] {logging_mixin.py:188} INFO - [2025-01-14T00:00:37.607+0000] {dag.py:3036} INFO - Sync 1 DAGs
[2025-01-14T00:00:37.621+0000] {logging_mixin.py:188} INFO - [2025-01-14T00:00:37.621+0000] {dag.py:3823} INFO - Setting next_dagrun for example_bash_operator to 2025-01-13 00:00:00+00:00, run_after=2025-01-14 00:00:00+00:00
[2025-01-14T00:00:37.634+0000] {processor.py:183} INFO - Processing /home/airflow/.local/lib/python3.8/site-packages/airflow/example_dags/example_bash_operator.py took 0.056 seconds
[2025-01-14T00:01:07.700+0000] {processor.py:161} INFO - Started process (PID=10669) to work on /home/airflow/.local/lib/python3.8/site-packages/airflow/example_dags/example_bash_operator.py
[2025-01-14T00:01:07.701+0000] {processor.py:830} INFO - Processing file /home/airflow/.local/lib/python3.8/site-packages/airflow/example_dags/example_bash_operator.py for tasks to queue
[2025-01-14T00:01:07.701+0000] {logging_mixin.py:188} INFO - [2025-01-14T00:01:07.701+0000] {dagbag.py:538} INFO - Filling up the DagBag from /home/airflow/.local/lib/python3.8/site-packages/airflow/example_dags/example_bash_operator.py
[2025-01-14T00:01:07.708+0000] {processor.py:840} INFO - DAG(s) 'example_bash_operator' retrieved from /home/airflow/.local/lib/python3.8/site-packages/airflow/example_dags/example_bash_operator.py
[2025-01-14T00:01:07.727+0000] {logging_mixin.py:188} INFO - [2025-01-14T00:01:07.727+0000] {dag.py:3036} INFO - Sync 1 DAGs
[2025-01-14T00:01:07.740+0000] {logging_mixin.py:188} INFO - [2025-01-14T00:01:07.740+0000] {dag.py:3823} INFO - Setting next_dagrun for example_bash_operator to 2025-01-13 00:00:00+00:00, run_after=2025-01-14 00:00:00+00:00
[2025-01-14T00:01:07.752+0000] {processor.py:183} INFO - Processing /home/airflow/.local/lib/python3.8/site-packages/airflow/example_dags/example_bash_operator.py took 0.054 seconds
[2025-01-14T00:01:37.784+0000] {processor.py:161} INFO - Started process (PID=10728) to work on /home/airflow/.local/lib/python3.8/site-packages/airflow/example_dags/example_bash_operator.py
[2025-01-14T00:01:37.785+0000] {processor.py:830} INFO - Processing file /home/airflow/.local/lib/python3.8/site-packages/airflow/example_dags/example_bash_operator.py for tasks to queue
[2025-01-14T00:01:37.785+0000] {logging_mixin.py:188} INFO - [2025-01-14T00:01:37.785+0000] {dagbag.py:538} INFO - Filling up the DagBag from /home/airflow/.local/lib/python3.8/site-packages/airflow/example_dags/example_bash_operator.py
[2025-01-14T00:01:37.793+0000] {processor.py:840} INFO - DAG(s) 'example_bash_operator' retrieved from /home/airflow/.local/lib/python3.8/site-packages/airflow/example_dags/example_bash_operator.py
[2025-01-14T00:01:37.812+0000] {logging_mixin.py:188} INFO - [2025-01-14T00:01:37.812+0000] {dag.py:3036} INFO - Sync 1 DAGs
[2025-01-14T00:01:37.825+0000] {logging_mixin.py:188} INFO - [2025-01-14T00:01:37.825+0000] {dag.py:3823} INFO - Setting next_dagrun for example_bash_operator to 2025-01-13 00:00:00+00:00, run_after=2025-01-14 00:00:00+00:00
[2025-01-14T00:01:37.837+0000] {processor.py:183} INFO - Processing /home/airflow/.local/lib/python3.8/site-packages/airflow/example_dags/example_bash_operator.py took 0.054 seconds
[2025-01-14T00:02:08.776+0000] {processor.py:161} INFO - Started process (PID=10787) to work on /home/airflow/.local/lib/python3.8/site-packages/airflow/example_dags/example_bash_operator.py
[2025-01-14T00:02:08.777+0000] {processor.py:830} INFO - Processing file /home/airflow/.local/lib/python3.8/site-packages/airflow/example_dags/example_bash_operator.py for tasks to queue
[2025-01-14T00:02:08.777+0000] {logging_mixin.py:188} INFO - [2025-01-14T00:02:08.777+0000] {dagbag.py:538} INFO - Filling up the DagBag from /home/airflow/.local/lib/python3.8/site-packages/airflow/example_dags/example_bash_operator.py
[2025-01-14T00:02:08.784+0000] {processor.py:840} INFO - DAG(s) 'example_bash_operator' retrieved from /home/airflow/.local/lib/python3.8/site-packages/airflow/example_dags/example_bash_operator.py
[2025-01-14T00:02:08.803+0000] {logging_mixin.py:188} INFO - [2025-01-14T00:02:08.803+0000] {dag.py:3036} INFO - Sync 1 DAGs
[2025-01-14T00:02:08.817+0000] {logging_mixin.py:188} INFO - [2025-01-14T00:02:08.817+0000] {dag.py:3823} INFO - Setting next_dagrun for example_bash_operator to 2025-01-13 00:00:00+00:00, run_after=2025-01-14 00:00:00+00:00
[2025-01-14T00:02:08.828+0000] {processor.py:183} INFO - Processing /home/airflow/.local/lib/python3.8/site-packages/airflow/example_dags/example_bash_operator.py took 0.055 seconds
[2025-01-14T00:02:39.632+0000] {processor.py:161} INFO - Started process (PID=10846) to work on /home/airflow/.local/lib/python3.8/site-packages/airflow/example_dags/example_bash_operator.py
[2025-01-14T00:02:39.634+0000] {processor.py:830} INFO - Processing file /home/airflow/.local/lib/python3.8/site-packages/airflow/example_dags/example_bash_operator.py for tasks to queue
[2025-01-14T00:02:39.634+0000] {logging_mixin.py:188} INFO - [2025-01-14T00:02:39.634+0000] {dagbag.py:538} INFO - Filling up the DagBag from /home/airflow/.local/lib/python3.8/site-packages/airflow/example_dags/example_bash_operator.py
[2025-01-14T00:02:39.642+0000] {processor.py:840} INFO - DAG(s) 'example_bash_operator' retrieved from /home/airflow/.local/lib/python3.8/site-packages/airflow/example_dags/example_bash_operator.py
[2025-01-14T00:02:39.662+0000] {logging_mixin.py:188} INFO - [2025-01-14T00:02:39.662+0000] {dag.py:3036} INFO - Sync 1 DAGs
[2025-01-14T00:02:39.677+0000] {logging_mixin.py:188} INFO - [2025-01-14T00:02:39.677+0000] {dag.py:3823} INFO - Setting next_dagrun for example_bash_operator to 2025-01-13 00:00:00+00:00, run_after=2025-01-14 00:00:00+00:00
[2025-01-14T00:02:39.689+0000] {processor.py:183} INFO - Processing /home/airflow/.local/lib/python3.8/site-packages/airflow/example_dags/example_bash_operator.py took 0.059 seconds
[2025-01-14T00:03:09.878+0000] {processor.py:161} INFO - Started process (PID=10905) to work on /home/airflow/.local/lib/python3.8/site-packages/airflow/example_dags/example_bash_operator.py
[2025-01-14T00:03:09.879+0000] {processor.py:830} INFO - Processing file /home/airflow/.local/lib/python3.8/site-packages/airflow/example_dags/example_bash_operator.py for tasks to queue
[2025-01-14T00:03:09.880+0000] {logging_mixin.py:188} INFO - [2025-01-14T00:03:09.879+0000] {dagbag.py:538} INFO - Filling up the DagBag from /home/airflow/.local/lib/python3.8/site-packages/airflow/example_dags/example_bash_operator.py
[2025-01-14T00:03:09.887+0000] {processor.py:840} INFO - DAG(s) 'example_bash_operator' retrieved from /home/airflow/.local/lib/python3.8/site-packages/airflow/example_dags/example_bash_operator.py
[2025-01-14T00:03:09.907+0000] {logging_mixin.py:188} INFO - [2025-01-14T00:03:09.907+0000] {dag.py:3036} INFO - Sync 1 DAGs
[2025-01-14T00:03:09.921+0000] {logging_mixin.py:188} INFO - [2025-01-14T00:03:09.921+0000] {dag.py:3823} INFO - Setting next_dagrun for example_bash_operator to 2025-01-13 00:00:00+00:00, run_after=2025-01-14 00:00:00+00:00
[2025-01-14T00:03:09.935+0000] {processor.py:183} INFO - Processing /home/airflow/.local/lib/python3.8/site-packages/airflow/example_dags/example_bash_operator.py took 0.058 seconds
[2025-01-14T00:03:40.014+0000] {processor.py:161} INFO - Started process (PID=10964) to work on /home/airflow/.local/lib/python3.8/site-packages/airflow/example_dags/example_bash_operator.py
[2025-01-14T00:03:40.015+0000] {processor.py:830} INFO - Processing file /home/airflow/.local/lib/python3.8/site-packages/airflow/example_dags/example_bash_operator.py for tasks to queue
[2025-01-14T00:03:40.016+0000] {logging_mixin.py:188} INFO - [2025-01-14T00:03:40.015+0000] {dagbag.py:538} INFO - Filling up the DagBag from /home/airflow/.local/lib/python3.8/site-packages/airflow/example_dags/example_bash_operator.py
[2025-01-14T00:03:40.024+0000] {processor.py:840} INFO - DAG(s) 'example_bash_operator' retrieved from /home/airflow/.local/lib/python3.8/site-packages/airflow/example_dags/example_bash_operator.py
[2025-01-14T00:03:40.043+0000] {logging_mixin.py:188} INFO - [2025-01-14T00:03:40.043+0000] {dag.py:3036} INFO - Sync 1 DAGs
[2025-01-14T00:03:40.058+0000] {logging_mixin.py:188} INFO - [2025-01-14T00:03:40.058+0000] {dag.py:3823} INFO - Setting next_dagrun for example_bash_operator to 2025-01-13 00:00:00+00:00, run_after=2025-01-14 00:00:00+00:00
[2025-01-14T00:03:40.071+0000] {processor.py:183} INFO - Processing /home/airflow/.local/lib/python3.8/site-packages/airflow/example_dags/example_bash_operator.py took 0.059 seconds
[2025-01-14T00:04:11.002+0000] {processor.py:161} INFO - Started process (PID=11023) to work on /home/airflow/.local/lib/python3.8/site-packages/airflow/example_dags/example_bash_operator.py
[2025-01-14T00:04:11.003+0000] {processor.py:830} INFO - Processing file /home/airflow/.local/lib/python3.8/site-packages/airflow/example_dags/example_bash_operator.py for tasks to queue
[2025-01-14T00:04:11.003+0000] {logging_mixin.py:188} INFO - [2025-01-14T00:04:11.003+0000] {dagbag.py:538} INFO - Filling up the DagBag from /home/airflow/.local/lib/python3.8/site-packages/airflow/example_dags/example_bash_operator.py
[2025-01-14T00:04:11.011+0000] {processor.py:840} INFO - DAG(s) 'example_bash_operator' retrieved from /home/airflow/.local/lib/python3.8/site-packages/airflow/example_dags/example_bash_operator.py
[2025-01-14T00:04:11.034+0000] {logging_mixin.py:188} INFO - [2025-01-14T00:04:11.033+0000] {dag.py:3036} INFO - Sync 1 DAGs
[2025-01-14T00:04:11.052+0000] {logging_mixin.py:188} INFO - [2025-01-14T00:04:11.052+0000] {dag.py:3823} INFO - Setting next_dagrun for example_bash_operator to 2025-01-13 00:00:00+00:00, run_after=2025-01-14 00:00:00+00:00
[2025-01-14T00:04:11.066+0000] {processor.py:183} INFO - Processing /home/airflow/.local/lib/python3.8/site-packages/airflow/example_dags/example_bash_operator.py took 0.066 seconds
[2025-01-14T00:04:41.153+0000] {processor.py:161} INFO - Started process (PID=11082) to work on /home/airflow/.local/lib/python3.8/site-packages/airflow/example_dags/example_bash_operator.py
[2025-01-14T00:04:41.154+0000] {processor.py:830} INFO - Processing file /home/airflow/.local/lib/python3.8/site-packages/airflow/example_dags/example_bash_operator.py for tasks to queue
[2025-01-14T00:04:41.154+0000] {logging_mixin.py:188} INFO - [2025-01-14T00:04:41.154+0000] {dagbag.py:538} INFO - Filling up the DagBag from /home/airflow/.local/lib/python3.8/site-packages/airflow/example_dags/example_bash_operator.py
[2025-01-14T00:04:41.162+0000] {processor.py:840} INFO - DAG(s) 'example_bash_operator' retrieved from /home/airflow/.local/lib/python3.8/site-packages/airflow/example_dags/example_bash_operator.py
[2025-01-14T00:04:41.187+0000] {logging_mixin.py:188} INFO - [2025-01-14T00:04:41.187+0000] {dag.py:3036} INFO - Sync 1 DAGs
[2025-01-14T00:04:41.201+0000] {logging_mixin.py:188} INFO - [2025-01-14T00:04:41.201+0000] {dag.py:3823} INFO - Setting next_dagrun for example_bash_operator to 2025-01-13 00:00:00+00:00, run_after=2025-01-14 00:00:00+00:00
[2025-01-14T00:04:41.214+0000] {processor.py:183} INFO - Processing /home/airflow/.local/lib/python3.8/site-packages/airflow/example_dags/example_bash_operator.py took 0.063 seconds
[2025-01-14T00:05:11.356+0000] {processor.py:161} INFO - Started process (PID=11141) to work on /home/airflow/.local/lib/python3.8/site-packages/airflow/example_dags/example_bash_operator.py
[2025-01-14T00:05:11.357+0000] {processor.py:830} INFO - Processing file /home/airflow/.local/lib/python3.8/site-packages/airflow/example_dags/example_bash_operator.py for tasks to queue
[2025-01-14T00:05:11.357+0000] {logging_mixin.py:188} INFO - [2025-01-14T00:05:11.357+0000] {dagbag.py:538} INFO - Filling up the DagBag from /home/airflow/.local/lib/python3.8/site-packages/airflow/example_dags/example_bash_operator.py
[2025-01-14T00:05:11.364+0000] {processor.py:840} INFO - DAG(s) 'example_bash_operator' retrieved from /home/airflow/.local/lib/python3.8/site-packages/airflow/example_dags/example_bash_operator.py
[2025-01-14T00:05:11.386+0000] {logging_mixin.py:188} INFO - [2025-01-14T00:05:11.386+0000] {dag.py:3036} INFO - Sync 1 DAGs
[2025-01-14T00:05:11.400+0000] {logging_mixin.py:188} INFO - [2025-01-14T00:05:11.400+0000] {dag.py:3823} INFO - Setting next_dagrun for example_bash_operator to 2025-01-13 00:00:00+00:00, run_after=2025-01-14 00:00:00+00:00
[2025-01-14T00:05:11.413+0000] {processor.py:183} INFO - Processing /home/airflow/.local/lib/python3.8/site-packages/airflow/example_dags/example_bash_operator.py took 0.059 seconds
[2025-01-14T00:06:24.944+0000] {processor.py:161} INFO - Started process (PID=75) to work on /home/airflow/.local/lib/python3.8/site-packages/airflow/example_dags/example_bash_operator.py
[2025-01-14T00:06:24.945+0000] {processor.py:830} INFO - Processing file /home/airflow/.local/lib/python3.8/site-packages/airflow/example_dags/example_bash_operator.py for tasks to queue
[2025-01-14T00:06:24.946+0000] {logging_mixin.py:188} INFO - [2025-01-14T00:06:24.946+0000] {dagbag.py:538} INFO - Filling up the DagBag from /home/airflow/.local/lib/python3.8/site-packages/airflow/example_dags/example_bash_operator.py
[2025-01-14T00:06:24.954+0000] {processor.py:840} INFO - DAG(s) 'example_bash_operator' retrieved from /home/airflow/.local/lib/python3.8/site-packages/airflow/example_dags/example_bash_operator.py
[2025-01-14T00:06:24.966+0000] {logging_mixin.py:188} INFO - [2025-01-14T00:06:24.966+0000] {dag.py:3036} INFO - Sync 1 DAGs
[2025-01-14T00:06:24.984+0000] {logging_mixin.py:188} INFO - [2025-01-14T00:06:24.984+0000] {dag.py:3823} INFO - Setting next_dagrun for example_bash_operator to 2025-01-13 00:00:00+00:00, run_after=2025-01-14 00:00:00+00:00
[2025-01-14T00:06:24.997+0000] {processor.py:183} INFO - Processing /home/airflow/.local/lib/python3.8/site-packages/airflow/example_dags/example_bash_operator.py took 0.055 seconds
[2025-01-14T00:06:55.796+0000] {processor.py:161} INFO - Started process (PID=134) to work on /home/airflow/.local/lib/python3.8/site-packages/airflow/example_dags/example_bash_operator.py
[2025-01-14T00:06:55.797+0000] {processor.py:830} INFO - Processing file /home/airflow/.local/lib/python3.8/site-packages/airflow/example_dags/example_bash_operator.py for tasks to queue
[2025-01-14T00:06:55.798+0000] {logging_mixin.py:188} INFO - [2025-01-14T00:06:55.798+0000] {dagbag.py:538} INFO - Filling up the DagBag from /home/airflow/.local/lib/python3.8/site-packages/airflow/example_dags/example_bash_operator.py
[2025-01-14T00:06:55.806+0000] {processor.py:840} INFO - DAG(s) 'example_bash_operator' retrieved from /home/airflow/.local/lib/python3.8/site-packages/airflow/example_dags/example_bash_operator.py
[2025-01-14T00:06:55.875+0000] {logging_mixin.py:188} INFO - [2025-01-14T00:06:55.875+0000] {dag.py:3036} INFO - Sync 1 DAGs
[2025-01-14T00:06:55.890+0000] {logging_mixin.py:188} INFO - [2025-01-14T00:06:55.890+0000] {dag.py:3823} INFO - Setting next_dagrun for example_bash_operator to 2025-01-13 00:00:00+00:00, run_after=2025-01-14 00:00:00+00:00
[2025-01-14T00:06:55.904+0000] {processor.py:183} INFO - Processing /home/airflow/.local/lib/python3.8/site-packages/airflow/example_dags/example_bash_operator.py took 0.109 seconds
[2025-01-14T00:07:26.409+0000] {processor.py:161} INFO - Started process (PID=193) to work on /home/airflow/.local/lib/python3.8/site-packages/airflow/example_dags/example_bash_operator.py
[2025-01-14T00:07:26.409+0000] {processor.py:830} INFO - Processing file /home/airflow/.local/lib/python3.8/site-packages/airflow/example_dags/example_bash_operator.py for tasks to queue
[2025-01-14T00:07:26.410+0000] {logging_mixin.py:188} INFO - [2025-01-14T00:07:26.410+0000] {dagbag.py:538} INFO - Filling up the DagBag from /home/airflow/.local/lib/python3.8/site-packages/airflow/example_dags/example_bash_operator.py
[2025-01-14T00:07:26.417+0000] {processor.py:840} INFO - DAG(s) 'example_bash_operator' retrieved from /home/airflow/.local/lib/python3.8/site-packages/airflow/example_dags/example_bash_operator.py
[2025-01-14T00:07:26.435+0000] {logging_mixin.py:188} INFO - [2025-01-14T00:07:26.435+0000] {dag.py:3036} INFO - Sync 1 DAGs
[2025-01-14T00:07:26.448+0000] {logging_mixin.py:188} INFO - [2025-01-14T00:07:26.448+0000] {dag.py:3823} INFO - Setting next_dagrun for example_bash_operator to 2025-01-13 00:00:00+00:00, run_after=2025-01-14 00:00:00+00:00
[2025-01-14T00:07:26.460+0000] {processor.py:183} INFO - Processing /home/airflow/.local/lib/python3.8/site-packages/airflow/example_dags/example_bash_operator.py took 0.053 seconds
[2025-01-14T00:07:56.662+0000] {processor.py:161} INFO - Started process (PID=252) to work on /home/airflow/.local/lib/python3.8/site-packages/airflow/example_dags/example_bash_operator.py
[2025-01-14T00:07:56.663+0000] {processor.py:830} INFO - Processing file /home/airflow/.local/lib/python3.8/site-packages/airflow/example_dags/example_bash_operator.py for tasks to queue
[2025-01-14T00:07:56.664+0000] {logging_mixin.py:188} INFO - [2025-01-14T00:07:56.664+0000] {dagbag.py:538} INFO - Filling up the DagBag from /home/airflow/.local/lib/python3.8/site-packages/airflow/example_dags/example_bash_operator.py
[2025-01-14T00:07:56.671+0000] {processor.py:840} INFO - DAG(s) 'example_bash_operator' retrieved from /home/airflow/.local/lib/python3.8/site-packages/airflow/example_dags/example_bash_operator.py
[2025-01-14T00:07:56.689+0000] {logging_mixin.py:188} INFO - [2025-01-14T00:07:56.689+0000] {dag.py:3036} INFO - Sync 1 DAGs
[2025-01-14T00:07:56.705+0000] {logging_mixin.py:188} INFO - [2025-01-14T00:07:56.705+0000] {dag.py:3823} INFO - Setting next_dagrun for example_bash_operator to 2025-01-13 00:00:00+00:00, run_after=2025-01-14 00:00:00+00:00
[2025-01-14T00:07:56.717+0000] {processor.py:183} INFO - Processing /home/airflow/.local/lib/python3.8/site-packages/airflow/example_dags/example_bash_operator.py took 0.057 seconds
[2025-01-14T00:08:26.981+0000] {processor.py:161} INFO - Started process (PID=311) to work on /home/airflow/.local/lib/python3.8/site-packages/airflow/example_dags/example_bash_operator.py
[2025-01-14T00:08:26.982+0000] {processor.py:830} INFO - Processing file /home/airflow/.local/lib/python3.8/site-packages/airflow/example_dags/example_bash_operator.py for tasks to queue
[2025-01-14T00:08:26.983+0000] {logging_mixin.py:188} INFO - [2025-01-14T00:08:26.983+0000] {dagbag.py:538} INFO - Filling up the DagBag from /home/airflow/.local/lib/python3.8/site-packages/airflow/example_dags/example_bash_operator.py
[2025-01-14T00:08:26.992+0000] {processor.py:840} INFO - DAG(s) 'example_bash_operator' retrieved from /home/airflow/.local/lib/python3.8/site-packages/airflow/example_dags/example_bash_operator.py
[2025-01-14T00:08:27.015+0000] {logging_mixin.py:188} INFO - [2025-01-14T00:08:27.015+0000] {dag.py:3036} INFO - Sync 1 DAGs
[2025-01-14T00:08:27.032+0000] {logging_mixin.py:188} INFO - [2025-01-14T00:08:27.032+0000] {dag.py:3823} INFO - Setting next_dagrun for example_bash_operator to 2025-01-13 00:00:00+00:00, run_after=2025-01-14 00:00:00+00:00
[2025-01-14T00:08:27.048+0000] {processor.py:183} INFO - Processing /home/airflow/.local/lib/python3.8/site-packages/airflow/example_dags/example_bash_operator.py took 0.070 seconds
[2025-01-14T00:08:57.183+0000] {processor.py:161} INFO - Started process (PID=370) to work on /home/airflow/.local/lib/python3.8/site-packages/airflow/example_dags/example_bash_operator.py
[2025-01-14T00:08:57.183+0000] {processor.py:830} INFO - Processing file /home/airflow/.local/lib/python3.8/site-packages/airflow/example_dags/example_bash_operator.py for tasks to queue
[2025-01-14T00:08:57.185+0000] {logging_mixin.py:188} INFO - [2025-01-14T00:08:57.184+0000] {dagbag.py:538} INFO - Filling up the DagBag from /home/airflow/.local/lib/python3.8/site-packages/airflow/example_dags/example_bash_operator.py
[2025-01-14T00:08:57.193+0000] {processor.py:840} INFO - DAG(s) 'example_bash_operator' retrieved from /home/airflow/.local/lib/python3.8/site-packages/airflow/example_dags/example_bash_operator.py
[2025-01-14T00:08:57.219+0000] {logging_mixin.py:188} INFO - [2025-01-14T00:08:57.219+0000] {dag.py:3036} INFO - Sync 1 DAGs
[2025-01-14T00:08:57.235+0000] {logging_mixin.py:188} INFO - [2025-01-14T00:08:57.235+0000] {dag.py:3823} INFO - Setting next_dagrun for example_bash_operator to 2025-01-13 00:00:00+00:00, run_after=2025-01-14 00:00:00+00:00
[2025-01-14T00:08:57.250+0000] {processor.py:183} INFO - Processing /home/airflow/.local/lib/python3.8/site-packages/airflow/example_dags/example_bash_operator.py took 0.070 seconds
[2025-01-14T00:09:27.555+0000] {processor.py:161} INFO - Started process (PID=429) to work on /home/airflow/.local/lib/python3.8/site-packages/airflow/example_dags/example_bash_operator.py
[2025-01-14T00:09:27.556+0000] {processor.py:830} INFO - Processing file /home/airflow/.local/lib/python3.8/site-packages/airflow/example_dags/example_bash_operator.py for tasks to queue
[2025-01-14T00:09:27.557+0000] {logging_mixin.py:188} INFO - [2025-01-14T00:09:27.557+0000] {dagbag.py:538} INFO - Filling up the DagBag from /home/airflow/.local/lib/python3.8/site-packages/airflow/example_dags/example_bash_operator.py
[2025-01-14T00:09:27.564+0000] {processor.py:840} INFO - DAG(s) 'example_bash_operator' retrieved from /home/airflow/.local/lib/python3.8/site-packages/airflow/example_dags/example_bash_operator.py
[2025-01-14T00:09:27.582+0000] {logging_mixin.py:188} INFO - [2025-01-14T00:09:27.582+0000] {dag.py:3036} INFO - Sync 1 DAGs
[2025-01-14T00:09:27.596+0000] {logging_mixin.py:188} INFO - [2025-01-14T00:09:27.596+0000] {dag.py:3823} INFO - Setting next_dagrun for example_bash_operator to 2025-01-13 00:00:00+00:00, run_after=2025-01-14 00:00:00+00:00
[2025-01-14T00:09:27.608+0000] {processor.py:183} INFO - Processing /home/airflow/.local/lib/python3.8/site-packages/airflow/example_dags/example_bash_operator.py took 0.055 seconds
[2025-01-14T00:09:58.589+0000] {processor.py:161} INFO - Started process (PID=488) to work on /home/airflow/.local/lib/python3.8/site-packages/airflow/example_dags/example_bash_operator.py
[2025-01-14T00:09:58.590+0000] {processor.py:830} INFO - Processing file /home/airflow/.local/lib/python3.8/site-packages/airflow/example_dags/example_bash_operator.py for tasks to queue
[2025-01-14T00:09:58.591+0000] {logging_mixin.py:188} INFO - [2025-01-14T00:09:58.591+0000] {dagbag.py:538} INFO - Filling up the DagBag from /home/airflow/.local/lib/python3.8/site-packages/airflow/example_dags/example_bash_operator.py
[2025-01-14T00:09:58.598+0000] {processor.py:840} INFO - DAG(s) 'example_bash_operator' retrieved from /home/airflow/.local/lib/python3.8/site-packages/airflow/example_dags/example_bash_operator.py
[2025-01-14T00:09:58.616+0000] {logging_mixin.py:188} INFO - [2025-01-14T00:09:58.616+0000] {dag.py:3036} INFO - Sync 1 DAGs
[2025-01-14T00:09:58.631+0000] {logging_mixin.py:188} INFO - [2025-01-14T00:09:58.631+0000] {dag.py:3823} INFO - Setting next_dagrun for example_bash_operator to 2025-01-13 00:00:00+00:00, run_after=2025-01-14 00:00:00+00:00
[2025-01-14T00:09:58.643+0000] {processor.py:183} INFO - Processing /home/airflow/.local/lib/python3.8/site-packages/airflow/example_dags/example_bash_operator.py took 0.056 seconds
[2025-01-14T00:10:29.980+0000] {processor.py:161} INFO - Started process (PID=547) to work on /home/airflow/.local/lib/python3.8/site-packages/airflow/example_dags/example_bash_operator.py
[2025-01-14T00:10:29.980+0000] {processor.py:830} INFO - Processing file /home/airflow/.local/lib/python3.8/site-packages/airflow/example_dags/example_bash_operator.py for tasks to queue
[2025-01-14T00:10:29.981+0000] {logging_mixin.py:188} INFO - [2025-01-14T00:10:29.981+0000] {dagbag.py:538} INFO - Filling up the DagBag from /home/airflow/.local/lib/python3.8/site-packages/airflow/example_dags/example_bash_operator.py
[2025-01-14T00:10:29.988+0000] {processor.py:840} INFO - DAG(s) 'example_bash_operator' retrieved from /home/airflow/.local/lib/python3.8/site-packages/airflow/example_dags/example_bash_operator.py
[2025-01-14T00:10:30.006+0000] {logging_mixin.py:188} INFO - [2025-01-14T00:10:30.006+0000] {dag.py:3036} INFO - Sync 1 DAGs
[2025-01-14T00:10:30.019+0000] {logging_mixin.py:188} INFO - [2025-01-14T00:10:30.019+0000] {dag.py:3823} INFO - Setting next_dagrun for example_bash_operator to 2025-01-13 00:00:00+00:00, run_after=2025-01-14 00:00:00+00:00
[2025-01-14T00:10:30.031+0000] {processor.py:183} INFO - Processing /home/airflow/.local/lib/python3.8/site-packages/airflow/example_dags/example_bash_operator.py took 0.053 seconds
[2025-01-14T00:11:01.086+0000] {processor.py:161} INFO - Started process (PID=606) to work on /home/airflow/.local/lib/python3.8/site-packages/airflow/example_dags/example_bash_operator.py
[2025-01-14T00:11:01.087+0000] {processor.py:830} INFO - Processing file /home/airflow/.local/lib/python3.8/site-packages/airflow/example_dags/example_bash_operator.py for tasks to queue
[2025-01-14T00:11:01.088+0000] {logging_mixin.py:188} INFO - [2025-01-14T00:11:01.088+0000] {dagbag.py:538} INFO - Filling up the DagBag from /home/airflow/.local/lib/python3.8/site-packages/airflow/example_dags/example_bash_operator.py
[2025-01-14T00:11:01.096+0000] {processor.py:840} INFO - DAG(s) 'example_bash_operator' retrieved from /home/airflow/.local/lib/python3.8/site-packages/airflow/example_dags/example_bash_operator.py
[2025-01-14T00:11:01.116+0000] {logging_mixin.py:188} INFO - [2025-01-14T00:11:01.116+0000] {dag.py:3036} INFO - Sync 1 DAGs
[2025-01-14T00:11:01.130+0000] {logging_mixin.py:188} INFO - [2025-01-14T00:11:01.130+0000] {dag.py:3823} INFO - Setting next_dagrun for example_bash_operator to 2025-01-13 00:00:00+00:00, run_after=2025-01-14 00:00:00+00:00
[2025-01-14T00:11:01.143+0000] {processor.py:183} INFO - Processing /home/airflow/.local/lib/python3.8/site-packages/airflow/example_dags/example_bash_operator.py took 0.059 seconds
[2025-01-14T00:11:32.301+0000] {processor.py:161} INFO - Started process (PID=665) to work on /home/airflow/.local/lib/python3.8/site-packages/airflow/example_dags/example_bash_operator.py
[2025-01-14T00:11:32.301+0000] {processor.py:830} INFO - Processing file /home/airflow/.local/lib/python3.8/site-packages/airflow/example_dags/example_bash_operator.py for tasks to queue
[2025-01-14T00:11:32.302+0000] {logging_mixin.py:188} INFO - [2025-01-14T00:11:32.302+0000] {dagbag.py:538} INFO - Filling up the DagBag from /home/airflow/.local/lib/python3.8/site-packages/airflow/example_dags/example_bash_operator.py
[2025-01-14T00:11:32.309+0000] {processor.py:840} INFO - DAG(s) 'example_bash_operator' retrieved from /home/airflow/.local/lib/python3.8/site-packages/airflow/example_dags/example_bash_operator.py
[2025-01-14T00:11:32.327+0000] {logging_mixin.py:188} INFO - [2025-01-14T00:11:32.327+0000] {dag.py:3036} INFO - Sync 1 DAGs
[2025-01-14T00:11:32.341+0000] {logging_mixin.py:188} INFO - [2025-01-14T00:11:32.341+0000] {dag.py:3823} INFO - Setting next_dagrun for example_bash_operator to 2025-01-13 00:00:00+00:00, run_after=2025-01-14 00:00:00+00:00
[2025-01-14T00:11:32.353+0000] {processor.py:183} INFO - Processing /home/airflow/.local/lib/python3.8/site-packages/airflow/example_dags/example_bash_operator.py took 0.055 seconds
[2025-01-14T00:12:03.633+0000] {processor.py:161} INFO - Started process (PID=724) to work on /home/airflow/.local/lib/python3.8/site-packages/airflow/example_dags/example_bash_operator.py
[2025-01-14T00:12:03.634+0000] {processor.py:830} INFO - Processing file /home/airflow/.local/lib/python3.8/site-packages/airflow/example_dags/example_bash_operator.py for tasks to queue
[2025-01-14T00:12:03.635+0000] {logging_mixin.py:188} INFO - [2025-01-14T00:12:03.634+0000] {dagbag.py:538} INFO - Filling up the DagBag from /home/airflow/.local/lib/python3.8/site-packages/airflow/example_dags/example_bash_operator.py
[2025-01-14T00:12:03.642+0000] {processor.py:840} INFO - DAG(s) 'example_bash_operator' retrieved from /home/airflow/.local/lib/python3.8/site-packages/airflow/example_dags/example_bash_operator.py
[2025-01-14T00:12:03.662+0000] {logging_mixin.py:188} INFO - [2025-01-14T00:12:03.661+0000] {dag.py:3036} INFO - Sync 1 DAGs
[2025-01-14T00:12:03.677+0000] {logging_mixin.py:188} INFO - [2025-01-14T00:12:03.677+0000] {dag.py:3823} INFO - Setting next_dagrun for example_bash_operator to 2025-01-13 00:00:00+00:00, run_after=2025-01-14 00:00:00+00:00
[2025-01-14T00:12:03.690+0000] {processor.py:183} INFO - Processing /home/airflow/.local/lib/python3.8/site-packages/airflow/example_dags/example_bash_operator.py took 0.060 seconds
[2025-01-14T00:12:34.753+0000] {processor.py:161} INFO - Started process (PID=783) to work on /home/airflow/.local/lib/python3.8/site-packages/airflow/example_dags/example_bash_operator.py
[2025-01-14T00:12:34.754+0000] {processor.py:830} INFO - Processing file /home/airflow/.local/lib/python3.8/site-packages/airflow/example_dags/example_bash_operator.py for tasks to queue
[2025-01-14T00:12:34.755+0000] {logging_mixin.py:188} INFO - [2025-01-14T00:12:34.755+0000] {dagbag.py:538} INFO - Filling up the DagBag from /home/airflow/.local/lib/python3.8/site-packages/airflow/example_dags/example_bash_operator.py
[2025-01-14T00:12:34.762+0000] {processor.py:840} INFO - DAG(s) 'example_bash_operator' retrieved from /home/airflow/.local/lib/python3.8/site-packages/airflow/example_dags/example_bash_operator.py
[2025-01-14T00:12:34.780+0000] {logging_mixin.py:188} INFO - [2025-01-14T00:12:34.780+0000] {dag.py:3036} INFO - Sync 1 DAGs
[2025-01-14T00:12:34.793+0000] {logging_mixin.py:188} INFO - [2025-01-14T00:12:34.793+0000] {dag.py:3823} INFO - Setting next_dagrun for example_bash_operator to 2025-01-13 00:00:00+00:00, run_after=2025-01-14 00:00:00+00:00
[2025-01-14T00:12:34.805+0000] {processor.py:183} INFO - Processing /home/airflow/.local/lib/python3.8/site-packages/airflow/example_dags/example_bash_operator.py took 0.054 seconds
[2025-01-14T00:13:05.856+0000] {processor.py:161} INFO - Started process (PID=842) to work on /home/airflow/.local/lib/python3.8/site-packages/airflow/example_dags/example_bash_operator.py
[2025-01-14T00:13:05.857+0000] {processor.py:830} INFO - Processing file /home/airflow/.local/lib/python3.8/site-packages/airflow/example_dags/example_bash_operator.py for tasks to queue
[2025-01-14T00:13:05.858+0000] {logging_mixin.py:188} INFO - [2025-01-14T00:13:05.858+0000] {dagbag.py:538} INFO - Filling up the DagBag from /home/airflow/.local/lib/python3.8/site-packages/airflow/example_dags/example_bash_operator.py
[2025-01-14T00:13:05.865+0000] {processor.py:840} INFO - DAG(s) 'example_bash_operator' retrieved from /home/airflow/.local/lib/python3.8/site-packages/airflow/example_dags/example_bash_operator.py
[2025-01-14T00:13:05.885+0000] {logging_mixin.py:188} INFO - [2025-01-14T00:13:05.885+0000] {dag.py:3036} INFO - Sync 1 DAGs
[2025-01-14T00:13:05.900+0000] {logging_mixin.py:188} INFO - [2025-01-14T00:13:05.899+0000] {dag.py:3823} INFO - Setting next_dagrun for example_bash_operator to 2025-01-13 00:00:00+00:00, run_after=2025-01-14 00:00:00+00:00
[2025-01-14T00:13:05.913+0000] {processor.py:183} INFO - Processing /home/airflow/.local/lib/python3.8/site-packages/airflow/example_dags/example_bash_operator.py took 0.059 seconds
[2025-01-14T00:13:37.025+0000] {processor.py:161} INFO - Started process (PID=901) to work on /home/airflow/.local/lib/python3.8/site-packages/airflow/example_dags/example_bash_operator.py
[2025-01-14T00:13:37.026+0000] {processor.py:830} INFO - Processing file /home/airflow/.local/lib/python3.8/site-packages/airflow/example_dags/example_bash_operator.py for tasks to queue
[2025-01-14T00:13:37.027+0000] {logging_mixin.py:188} INFO - [2025-01-14T00:13:37.027+0000] {dagbag.py:538} INFO - Filling up the DagBag from /home/airflow/.local/lib/python3.8/site-packages/airflow/example_dags/example_bash_operator.py
[2025-01-14T00:13:37.035+0000] {processor.py:840} INFO - DAG(s) 'example_bash_operator' retrieved from /home/airflow/.local/lib/python3.8/site-packages/airflow/example_dags/example_bash_operator.py
[2025-01-14T00:13:37.054+0000] {logging_mixin.py:188} INFO - [2025-01-14T00:13:37.053+0000] {dag.py:3036} INFO - Sync 1 DAGs
[2025-01-14T00:13:37.068+0000] {logging_mixin.py:188} INFO - [2025-01-14T00:13:37.068+0000] {dag.py:3823} INFO - Setting next_dagrun for example_bash_operator to 2025-01-13 00:00:00+00:00, run_after=2025-01-14 00:00:00+00:00
[2025-01-14T00:13:37.081+0000] {processor.py:183} INFO - Processing /home/airflow/.local/lib/python3.8/site-packages/airflow/example_dags/example_bash_operator.py took 0.058 seconds
[2025-01-14T00:14:07.307+0000] {processor.py:161} INFO - Started process (PID=960) to work on /home/airflow/.local/lib/python3.8/site-packages/airflow/example_dags/example_bash_operator.py
[2025-01-14T00:14:07.307+0000] {processor.py:830} INFO - Processing file /home/airflow/.local/lib/python3.8/site-packages/airflow/example_dags/example_bash_operator.py for tasks to queue
[2025-01-14T00:14:07.309+0000] {logging_mixin.py:188} INFO - [2025-01-14T00:14:07.308+0000] {dagbag.py:538} INFO - Filling up the DagBag from /home/airflow/.local/lib/python3.8/site-packages/airflow/example_dags/example_bash_operator.py
[2025-01-14T00:14:07.316+0000] {processor.py:840} INFO - DAG(s) 'example_bash_operator' retrieved from /home/airflow/.local/lib/python3.8/site-packages/airflow/example_dags/example_bash_operator.py
[2025-01-14T00:14:07.338+0000] {logging_mixin.py:188} INFO - [2025-01-14T00:14:07.338+0000] {dag.py:3036} INFO - Sync 1 DAGs
[2025-01-14T00:14:07.354+0000] {logging_mixin.py:188} INFO - [2025-01-14T00:14:07.353+0000] {dag.py:3823} INFO - Setting next_dagrun for example_bash_operator to 2025-01-13 00:00:00+00:00, run_after=2025-01-14 00:00:00+00:00
[2025-01-14T00:14:07.490+0000] {processor.py:183} INFO - Processing /home/airflow/.local/lib/python3.8/site-packages/airflow/example_dags/example_bash_operator.py took 0.186 seconds
[2025-01-14T00:14:38.682+0000] {processor.py:161} INFO - Started process (PID=1019) to work on /home/airflow/.local/lib/python3.8/site-packages/airflow/example_dags/example_bash_operator.py
[2025-01-14T00:14:38.683+0000] {processor.py:830} INFO - Processing file /home/airflow/.local/lib/python3.8/site-packages/airflow/example_dags/example_bash_operator.py for tasks to queue
[2025-01-14T00:14:38.685+0000] {logging_mixin.py:188} INFO - [2025-01-14T00:14:38.684+0000] {dagbag.py:538} INFO - Filling up the DagBag from /home/airflow/.local/lib/python3.8/site-packages/airflow/example_dags/example_bash_operator.py
[2025-01-14T00:14:38.692+0000] {processor.py:840} INFO - DAG(s) 'example_bash_operator' retrieved from /home/airflow/.local/lib/python3.8/site-packages/airflow/example_dags/example_bash_operator.py
[2025-01-14T00:14:38.715+0000] {logging_mixin.py:188} INFO - [2025-01-14T00:14:38.715+0000] {dag.py:3036} INFO - Sync 1 DAGs
[2025-01-14T00:14:38.730+0000] {logging_mixin.py:188} INFO - [2025-01-14T00:14:38.730+0000] {dag.py:3823} INFO - Setting next_dagrun for example_bash_operator to 2025-01-13 00:00:00+00:00, run_after=2025-01-14 00:00:00+00:00
[2025-01-14T00:14:38.743+0000] {processor.py:183} INFO - Processing /home/airflow/.local/lib/python3.8/site-packages/airflow/example_dags/example_bash_operator.py took 0.063 seconds
[2025-01-14T00:15:09.738+0000] {processor.py:161} INFO - Started process (PID=1078) to work on /home/airflow/.local/lib/python3.8/site-packages/airflow/example_dags/example_bash_operator.py
[2025-01-14T00:15:09.739+0000] {processor.py:830} INFO - Processing file /home/airflow/.local/lib/python3.8/site-packages/airflow/example_dags/example_bash_operator.py for tasks to queue
[2025-01-14T00:15:09.740+0000] {logging_mixin.py:188} INFO - [2025-01-14T00:15:09.740+0000] {dagbag.py:538} INFO - Filling up the DagBag from /home/airflow/.local/lib/python3.8/site-packages/airflow/example_dags/example_bash_operator.py
[2025-01-14T00:15:09.747+0000] {processor.py:840} INFO - DAG(s) 'example_bash_operator' retrieved from /home/airflow/.local/lib/python3.8/site-packages/airflow/example_dags/example_bash_operator.py
[2025-01-14T00:15:09.766+0000] {logging_mixin.py:188} INFO - [2025-01-14T00:15:09.765+0000] {dag.py:3036} INFO - Sync 1 DAGs
[2025-01-14T00:15:09.781+0000] {logging_mixin.py:188} INFO - [2025-01-14T00:15:09.781+0000] {dag.py:3823} INFO - Setting next_dagrun for example_bash_operator to 2025-01-13 00:00:00+00:00, run_after=2025-01-14 00:00:00+00:00
[2025-01-14T00:15:09.794+0000] {processor.py:183} INFO - Processing /home/airflow/.local/lib/python3.8/site-packages/airflow/example_dags/example_bash_operator.py took 0.058 seconds
[2025-01-14T00:15:40.991+0000] {processor.py:161} INFO - Started process (PID=1137) to work on /home/airflow/.local/lib/python3.8/site-packages/airflow/example_dags/example_bash_operator.py
[2025-01-14T00:15:40.992+0000] {processor.py:830} INFO - Processing file /home/airflow/.local/lib/python3.8/site-packages/airflow/example_dags/example_bash_operator.py for tasks to queue
[2025-01-14T00:15:40.993+0000] {logging_mixin.py:188} INFO - [2025-01-14T00:15:40.993+0000] {dagbag.py:538} INFO - Filling up the DagBag from /home/airflow/.local/lib/python3.8/site-packages/airflow/example_dags/example_bash_operator.py
[2025-01-14T00:15:41.000+0000] {processor.py:840} INFO - DAG(s) 'example_bash_operator' retrieved from /home/airflow/.local/lib/python3.8/site-packages/airflow/example_dags/example_bash_operator.py
[2025-01-14T00:15:41.020+0000] {logging_mixin.py:188} INFO - [2025-01-14T00:15:41.019+0000] {dag.py:3036} INFO - Sync 1 DAGs
[2025-01-14T00:15:41.034+0000] {logging_mixin.py:188} INFO - [2025-01-14T00:15:41.034+0000] {dag.py:3823} INFO - Setting next_dagrun for example_bash_operator to 2025-01-13 00:00:00+00:00, run_after=2025-01-14 00:00:00+00:00
[2025-01-14T00:15:41.046+0000] {processor.py:183} INFO - Processing /home/airflow/.local/lib/python3.8/site-packages/airflow/example_dags/example_bash_operator.py took 0.057 seconds
[2025-01-14T00:16:12.371+0000] {processor.py:161} INFO - Started process (PID=1196) to work on /home/airflow/.local/lib/python3.8/site-packages/airflow/example_dags/example_bash_operator.py
[2025-01-14T00:16:12.372+0000] {processor.py:830} INFO - Processing file /home/airflow/.local/lib/python3.8/site-packages/airflow/example_dags/example_bash_operator.py for tasks to queue
[2025-01-14T00:16:12.373+0000] {logging_mixin.py:188} INFO - [2025-01-14T00:16:12.372+0000] {dagbag.py:538} INFO - Filling up the DagBag from /home/airflow/.local/lib/python3.8/site-packages/airflow/example_dags/example_bash_operator.py
[2025-01-14T00:16:12.379+0000] {processor.py:840} INFO - DAG(s) 'example_bash_operator' retrieved from /home/airflow/.local/lib/python3.8/site-packages/airflow/example_dags/example_bash_operator.py
[2025-01-14T00:16:12.397+0000] {logging_mixin.py:188} INFO - [2025-01-14T00:16:12.397+0000] {dag.py:3036} INFO - Sync 1 DAGs
[2025-01-14T00:16:12.411+0000] {logging_mixin.py:188} INFO - [2025-01-14T00:16:12.410+0000] {dag.py:3823} INFO - Setting next_dagrun for example_bash_operator to 2025-01-13 00:00:00+00:00, run_after=2025-01-14 00:00:00+00:00
[2025-01-14T00:16:12.422+0000] {processor.py:183} INFO - Processing /home/airflow/.local/lib/python3.8/site-packages/airflow/example_dags/example_bash_operator.py took 0.053 seconds
[2025-01-14T00:16:43.567+0000] {processor.py:161} INFO - Started process (PID=1261) to work on /home/airflow/.local/lib/python3.8/site-packages/airflow/example_dags/example_bash_operator.py
[2025-01-14T00:16:43.568+0000] {processor.py:830} INFO - Processing file /home/airflow/.local/lib/python3.8/site-packages/airflow/example_dags/example_bash_operator.py for tasks to queue
[2025-01-14T00:16:43.569+0000] {logging_mixin.py:188} INFO - [2025-01-14T00:16:43.569+0000] {dagbag.py:538} INFO - Filling up the DagBag from /home/airflow/.local/lib/python3.8/site-packages/airflow/example_dags/example_bash_operator.py
[2025-01-14T00:16:43.576+0000] {processor.py:840} INFO - DAG(s) 'example_bash_operator' retrieved from /home/airflow/.local/lib/python3.8/site-packages/airflow/example_dags/example_bash_operator.py
[2025-01-14T00:16:43.593+0000] {logging_mixin.py:188} INFO - [2025-01-14T00:16:43.593+0000] {dag.py:3036} INFO - Sync 1 DAGs
[2025-01-14T00:16:43.606+0000] {logging_mixin.py:188} INFO - [2025-01-14T00:16:43.606+0000] {dag.py:3823} INFO - Setting next_dagrun for example_bash_operator to 2025-01-13 00:00:00+00:00, run_after=2025-01-14 00:00:00+00:00
[2025-01-14T00:16:43.618+0000] {processor.py:183} INFO - Processing /home/airflow/.local/lib/python3.8/site-packages/airflow/example_dags/example_bash_operator.py took 0.052 seconds
[2025-01-14T00:17:14.696+0000] {processor.py:161} INFO - Started process (PID=1320) to work on /home/airflow/.local/lib/python3.8/site-packages/airflow/example_dags/example_bash_operator.py
[2025-01-14T00:17:14.696+0000] {processor.py:830} INFO - Processing file /home/airflow/.local/lib/python3.8/site-packages/airflow/example_dags/example_bash_operator.py for tasks to queue
[2025-01-14T00:17:14.697+0000] {logging_mixin.py:188} INFO - [2025-01-14T00:17:14.697+0000] {dagbag.py:538} INFO - Filling up the DagBag from /home/airflow/.local/lib/python3.8/site-packages/airflow/example_dags/example_bash_operator.py
[2025-01-14T00:17:14.704+0000] {processor.py:840} INFO - DAG(s) 'example_bash_operator' retrieved from /home/airflow/.local/lib/python3.8/site-packages/airflow/example_dags/example_bash_operator.py
[2025-01-14T00:17:14.722+0000] {logging_mixin.py:188} INFO - [2025-01-14T00:17:14.722+0000] {dag.py:3036} INFO - Sync 1 DAGs
[2025-01-14T00:17:14.736+0000] {logging_mixin.py:188} INFO - [2025-01-14T00:17:14.736+0000] {dag.py:3823} INFO - Setting next_dagrun for example_bash_operator to 2025-01-13 00:00:00+00:00, run_after=2025-01-14 00:00:00+00:00
[2025-01-14T00:17:14.749+0000] {processor.py:183} INFO - Processing /home/airflow/.local/lib/python3.8/site-packages/airflow/example_dags/example_bash_operator.py took 0.055 seconds
[2025-01-14T00:17:45.809+0000] {processor.py:161} INFO - Started process (PID=1379) to work on /home/airflow/.local/lib/python3.8/site-packages/airflow/example_dags/example_bash_operator.py
[2025-01-14T00:17:45.810+0000] {processor.py:830} INFO - Processing file /home/airflow/.local/lib/python3.8/site-packages/airflow/example_dags/example_bash_operator.py for tasks to queue
[2025-01-14T00:17:45.811+0000] {logging_mixin.py:188} INFO - [2025-01-14T00:17:45.811+0000] {dagbag.py:538} INFO - Filling up the DagBag from /home/airflow/.local/lib/python3.8/site-packages/airflow/example_dags/example_bash_operator.py
[2025-01-14T00:17:45.818+0000] {processor.py:840} INFO - DAG(s) 'example_bash_operator' retrieved from /home/airflow/.local/lib/python3.8/site-packages/airflow/example_dags/example_bash_operator.py
[2025-01-14T00:17:45.839+0000] {logging_mixin.py:188} INFO - [2025-01-14T00:17:45.839+0000] {dag.py:3036} INFO - Sync 1 DAGs
[2025-01-14T00:17:45.853+0000] {logging_mixin.py:188} INFO - [2025-01-14T00:17:45.853+0000] {dag.py:3823} INFO - Setting next_dagrun for example_bash_operator to 2025-01-13 00:00:00+00:00, run_after=2025-01-14 00:00:00+00:00
[2025-01-14T00:17:45.866+0000] {processor.py:183} INFO - Processing /home/airflow/.local/lib/python3.8/site-packages/airflow/example_dags/example_bash_operator.py took 0.059 seconds
[2025-01-14T00:18:16.245+0000] {processor.py:161} INFO - Started process (PID=1438) to work on /home/airflow/.local/lib/python3.8/site-packages/airflow/example_dags/example_bash_operator.py
[2025-01-14T00:18:16.246+0000] {processor.py:830} INFO - Processing file /home/airflow/.local/lib/python3.8/site-packages/airflow/example_dags/example_bash_operator.py for tasks to queue
[2025-01-14T00:18:16.247+0000] {logging_mixin.py:188} INFO - [2025-01-14T00:18:16.247+0000] {dagbag.py:538} INFO - Filling up the DagBag from /home/airflow/.local/lib/python3.8/site-packages/airflow/example_dags/example_bash_operator.py
[2025-01-14T00:18:16.254+0000] {processor.py:840} INFO - DAG(s) 'example_bash_operator' retrieved from /home/airflow/.local/lib/python3.8/site-packages/airflow/example_dags/example_bash_operator.py
[2025-01-14T00:18:16.273+0000] {logging_mixin.py:188} INFO - [2025-01-14T00:18:16.273+0000] {dag.py:3036} INFO - Sync 1 DAGs
[2025-01-14T00:18:16.287+0000] {logging_mixin.py:188} INFO - [2025-01-14T00:18:16.287+0000] {dag.py:3823} INFO - Setting next_dagrun for example_bash_operator to 2025-01-13 00:00:00+00:00, run_after=2025-01-14 00:00:00+00:00
[2025-01-14T00:18:16.300+0000] {processor.py:183} INFO - Processing /home/airflow/.local/lib/python3.8/site-packages/airflow/example_dags/example_bash_operator.py took 0.057 seconds
[2025-01-14T00:18:47.433+0000] {processor.py:161} INFO - Started process (PID=1497) to work on /home/airflow/.local/lib/python3.8/site-packages/airflow/example_dags/example_bash_operator.py
[2025-01-14T00:18:47.434+0000] {processor.py:830} INFO - Processing file /home/airflow/.local/lib/python3.8/site-packages/airflow/example_dags/example_bash_operator.py for tasks to queue
[2025-01-14T00:18:47.435+0000] {logging_mixin.py:188} INFO - [2025-01-14T00:18:47.435+0000] {dagbag.py:538} INFO - Filling up the DagBag from /home/airflow/.local/lib/python3.8/site-packages/airflow/example_dags/example_bash_operator.py
[2025-01-14T00:18:47.443+0000] {processor.py:840} INFO - DAG(s) 'example_bash_operator' retrieved from /home/airflow/.local/lib/python3.8/site-packages/airflow/example_dags/example_bash_operator.py
[2025-01-14T00:18:47.462+0000] {logging_mixin.py:188} INFO - [2025-01-14T00:18:47.462+0000] {dag.py:3036} INFO - Sync 1 DAGs
[2025-01-14T00:18:47.477+0000] {logging_mixin.py:188} INFO - [2025-01-14T00:18:47.477+0000] {dag.py:3823} INFO - Setting next_dagrun for example_bash_operator to 2025-01-13 00:00:00+00:00, run_after=2025-01-14 00:00:00+00:00
[2025-01-14T00:18:47.493+0000] {processor.py:183} INFO - Processing /home/airflow/.local/lib/python3.8/site-packages/airflow/example_dags/example_bash_operator.py took 0.062 seconds
[2025-01-14T00:19:18.534+0000] {processor.py:161} INFO - Started process (PID=1556) to work on /home/airflow/.local/lib/python3.8/site-packages/airflow/example_dags/example_bash_operator.py
[2025-01-14T00:19:18.535+0000] {processor.py:830} INFO - Processing file /home/airflow/.local/lib/python3.8/site-packages/airflow/example_dags/example_bash_operator.py for tasks to queue
[2025-01-14T00:19:18.536+0000] {logging_mixin.py:188} INFO - [2025-01-14T00:19:18.536+0000] {dagbag.py:538} INFO - Filling up the DagBag from /home/airflow/.local/lib/python3.8/site-packages/airflow/example_dags/example_bash_operator.py
[2025-01-14T00:19:18.544+0000] {processor.py:840} INFO - DAG(s) 'example_bash_operator' retrieved from /home/airflow/.local/lib/python3.8/site-packages/airflow/example_dags/example_bash_operator.py
[2025-01-14T00:19:18.565+0000] {logging_mixin.py:188} INFO - [2025-01-14T00:19:18.564+0000] {dag.py:3036} INFO - Sync 1 DAGs
[2025-01-14T00:19:18.583+0000] {logging_mixin.py:188} INFO - [2025-01-14T00:19:18.583+0000] {dag.py:3823} INFO - Setting next_dagrun for example_bash_operator to 2025-01-13 00:00:00+00:00, run_after=2025-01-14 00:00:00+00:00
[2025-01-14T00:19:18.597+0000] {processor.py:183} INFO - Processing /home/airflow/.local/lib/python3.8/site-packages/airflow/example_dags/example_bash_operator.py took 0.066 seconds
[2025-01-14T00:19:49.996+0000] {processor.py:161} INFO - Started process (PID=1615) to work on /home/airflow/.local/lib/python3.8/site-packages/airflow/example_dags/example_bash_operator.py
[2025-01-14T00:19:49.997+0000] {processor.py:830} INFO - Processing file /home/airflow/.local/lib/python3.8/site-packages/airflow/example_dags/example_bash_operator.py for tasks to queue
[2025-01-14T00:19:49.998+0000] {logging_mixin.py:188} INFO - [2025-01-14T00:19:49.998+0000] {dagbag.py:538} INFO - Filling up the DagBag from /home/airflow/.local/lib/python3.8/site-packages/airflow/example_dags/example_bash_operator.py
[2025-01-14T00:19:50.005+0000] {processor.py:840} INFO - DAG(s) 'example_bash_operator' retrieved from /home/airflow/.local/lib/python3.8/site-packages/airflow/example_dags/example_bash_operator.py
[2025-01-14T00:19:50.025+0000] {logging_mixin.py:188} INFO - [2025-01-14T00:19:50.024+0000] {dag.py:3036} INFO - Sync 1 DAGs
[2025-01-14T00:19:50.039+0000] {logging_mixin.py:188} INFO - [2025-01-14T00:19:50.039+0000] {dag.py:3823} INFO - Setting next_dagrun for example_bash_operator to 2025-01-13 00:00:00+00:00, run_after=2025-01-14 00:00:00+00:00
[2025-01-14T00:19:50.053+0000] {processor.py:183} INFO - Processing /home/airflow/.local/lib/python3.8/site-packages/airflow/example_dags/example_bash_operator.py took 0.059 seconds
[2025-01-14T00:20:21.561+0000] {processor.py:161} INFO - Started process (PID=1674) to work on /home/airflow/.local/lib/python3.8/site-packages/airflow/example_dags/example_bash_operator.py
[2025-01-14T00:20:21.562+0000] {processor.py:830} INFO - Processing file /home/airflow/.local/lib/python3.8/site-packages/airflow/example_dags/example_bash_operator.py for tasks to queue
[2025-01-14T00:20:21.566+0000] {logging_mixin.py:188} INFO - [2025-01-14T00:20:21.566+0000] {dagbag.py:538} INFO - Filling up the DagBag from /home/airflow/.local/lib/python3.8/site-packages/airflow/example_dags/example_bash_operator.py
[2025-01-14T00:20:21.580+0000] {processor.py:840} INFO - DAG(s) 'example_bash_operator' retrieved from /home/airflow/.local/lib/python3.8/site-packages/airflow/example_dags/example_bash_operator.py
[2025-01-14T00:20:21.640+0000] {logging_mixin.py:188} INFO - [2025-01-14T00:20:21.640+0000] {dag.py:3036} INFO - Sync 1 DAGs
[2025-01-14T00:20:21.662+0000] {logging_mixin.py:188} INFO - [2025-01-14T00:20:21.662+0000] {dag.py:3823} INFO - Setting next_dagrun for example_bash_operator to 2025-01-13 00:00:00+00:00, run_after=2025-01-14 00:00:00+00:00
[2025-01-14T00:20:21.681+0000] {processor.py:183} INFO - Processing /home/airflow/.local/lib/python3.8/site-packages/airflow/example_dags/example_bash_operator.py took 0.124 seconds
[2025-01-14T00:20:51.744+0000] {processor.py:161} INFO - Started process (PID=1733) to work on /home/airflow/.local/lib/python3.8/site-packages/airflow/example_dags/example_bash_operator.py
[2025-01-14T00:20:51.745+0000] {processor.py:830} INFO - Processing file /home/airflow/.local/lib/python3.8/site-packages/airflow/example_dags/example_bash_operator.py for tasks to queue
[2025-01-14T00:20:51.746+0000] {logging_mixin.py:188} INFO - [2025-01-14T00:20:51.746+0000] {dagbag.py:538} INFO - Filling up the DagBag from /home/airflow/.local/lib/python3.8/site-packages/airflow/example_dags/example_bash_operator.py
[2025-01-14T00:20:51.753+0000] {processor.py:840} INFO - DAG(s) 'example_bash_operator' retrieved from /home/airflow/.local/lib/python3.8/site-packages/airflow/example_dags/example_bash_operator.py
[2025-01-14T00:20:51.772+0000] {logging_mixin.py:188} INFO - [2025-01-14T00:20:51.772+0000] {dag.py:3036} INFO - Sync 1 DAGs
[2025-01-14T00:20:51.786+0000] {logging_mixin.py:188} INFO - [2025-01-14T00:20:51.786+0000] {dag.py:3823} INFO - Setting next_dagrun for example_bash_operator to 2025-01-13 00:00:00+00:00, run_after=2025-01-14 00:00:00+00:00
[2025-01-14T00:20:51.799+0000] {processor.py:183} INFO - Processing /home/airflow/.local/lib/python3.8/site-packages/airflow/example_dags/example_bash_operator.py took 0.057 seconds
[2025-01-14T00:21:22.728+0000] {processor.py:161} INFO - Started process (PID=1792) to work on /home/airflow/.local/lib/python3.8/site-packages/airflow/example_dags/example_bash_operator.py
[2025-01-14T00:21:22.729+0000] {processor.py:830} INFO - Processing file /home/airflow/.local/lib/python3.8/site-packages/airflow/example_dags/example_bash_operator.py for tasks to queue
[2025-01-14T00:21:22.730+0000] {logging_mixin.py:188} INFO - [2025-01-14T00:21:22.730+0000] {dagbag.py:538} INFO - Filling up the DagBag from /home/airflow/.local/lib/python3.8/site-packages/airflow/example_dags/example_bash_operator.py
[2025-01-14T00:21:22.737+0000] {processor.py:840} INFO - DAG(s) 'example_bash_operator' retrieved from /home/airflow/.local/lib/python3.8/site-packages/airflow/example_dags/example_bash_operator.py
[2025-01-14T00:21:22.755+0000] {logging_mixin.py:188} INFO - [2025-01-14T00:21:22.755+0000] {dag.py:3036} INFO - Sync 1 DAGs
[2025-01-14T00:21:22.768+0000] {logging_mixin.py:188} INFO - [2025-01-14T00:21:22.768+0000] {dag.py:3823} INFO - Setting next_dagrun for example_bash_operator to 2025-01-13 00:00:00+00:00, run_after=2025-01-14 00:00:00+00:00
[2025-01-14T00:21:22.781+0000] {processor.py:183} INFO - Processing /home/airflow/.local/lib/python3.8/site-packages/airflow/example_dags/example_bash_operator.py took 0.054 seconds
[2025-01-14T00:21:54.191+0000] {processor.py:161} INFO - Started process (PID=1851) to work on /home/airflow/.local/lib/python3.8/site-packages/airflow/example_dags/example_bash_operator.py
[2025-01-14T00:21:54.192+0000] {processor.py:830} INFO - Processing file /home/airflow/.local/lib/python3.8/site-packages/airflow/example_dags/example_bash_operator.py for tasks to queue
[2025-01-14T00:21:54.193+0000] {logging_mixin.py:188} INFO - [2025-01-14T00:21:54.193+0000] {dagbag.py:538} INFO - Filling up the DagBag from /home/airflow/.local/lib/python3.8/site-packages/airflow/example_dags/example_bash_operator.py
[2025-01-14T00:21:54.200+0000] {processor.py:840} INFO - DAG(s) 'example_bash_operator' retrieved from /home/airflow/.local/lib/python3.8/site-packages/airflow/example_dags/example_bash_operator.py
[2025-01-14T00:21:54.219+0000] {logging_mixin.py:188} INFO - [2025-01-14T00:21:54.219+0000] {dag.py:3036} INFO - Sync 1 DAGs
[2025-01-14T00:21:54.234+0000] {logging_mixin.py:188} INFO - [2025-01-14T00:21:54.234+0000] {dag.py:3823} INFO - Setting next_dagrun for example_bash_operator to 2025-01-13 00:00:00+00:00, run_after=2025-01-14 00:00:00+00:00
[2025-01-14T00:21:54.246+0000] {processor.py:183} INFO - Processing /home/airflow/.local/lib/python3.8/site-packages/airflow/example_dags/example_bash_operator.py took 0.056 seconds
[2025-01-14T00:22:25.347+0000] {processor.py:161} INFO - Started process (PID=1910) to work on /home/airflow/.local/lib/python3.8/site-packages/airflow/example_dags/example_bash_operator.py
[2025-01-14T00:22:25.347+0000] {processor.py:830} INFO - Processing file /home/airflow/.local/lib/python3.8/site-packages/airflow/example_dags/example_bash_operator.py for tasks to queue
[2025-01-14T00:22:25.349+0000] {logging_mixin.py:188} INFO - [2025-01-14T00:22:25.349+0000] {dagbag.py:538} INFO - Filling up the DagBag from /home/airflow/.local/lib/python3.8/site-packages/airflow/example_dags/example_bash_operator.py
[2025-01-14T00:22:25.356+0000] {processor.py:840} INFO - DAG(s) 'example_bash_operator' retrieved from /home/airflow/.local/lib/python3.8/site-packages/airflow/example_dags/example_bash_operator.py
[2025-01-14T00:22:25.374+0000] {logging_mixin.py:188} INFO - [2025-01-14T00:22:25.374+0000] {dag.py:3036} INFO - Sync 1 DAGs
[2025-01-14T00:22:25.388+0000] {logging_mixin.py:188} INFO - [2025-01-14T00:22:25.388+0000] {dag.py:3823} INFO - Setting next_dagrun for example_bash_operator to 2025-01-13 00:00:00+00:00, run_after=2025-01-14 00:00:00+00:00
[2025-01-14T00:22:25.400+0000] {processor.py:183} INFO - Processing /home/airflow/.local/lib/python3.8/site-packages/airflow/example_dags/example_bash_operator.py took 0.055 seconds
[2025-01-14T00:22:56.457+0000] {processor.py:161} INFO - Started process (PID=1969) to work on /home/airflow/.local/lib/python3.8/site-packages/airflow/example_dags/example_bash_operator.py
[2025-01-14T00:22:56.457+0000] {processor.py:830} INFO - Processing file /home/airflow/.local/lib/python3.8/site-packages/airflow/example_dags/example_bash_operator.py for tasks to queue
[2025-01-14T00:22:56.459+0000] {logging_mixin.py:188} INFO - [2025-01-14T00:22:56.458+0000] {dagbag.py:538} INFO - Filling up the DagBag from /home/airflow/.local/lib/python3.8/site-packages/airflow/example_dags/example_bash_operator.py
[2025-01-14T00:22:56.466+0000] {processor.py:840} INFO - DAG(s) 'example_bash_operator' retrieved from /home/airflow/.local/lib/python3.8/site-packages/airflow/example_dags/example_bash_operator.py
[2025-01-14T00:22:56.485+0000] {logging_mixin.py:188} INFO - [2025-01-14T00:22:56.485+0000] {dag.py:3036} INFO - Sync 1 DAGs
[2025-01-14T00:22:56.498+0000] {logging_mixin.py:188} INFO - [2025-01-14T00:22:56.498+0000] {dag.py:3823} INFO - Setting next_dagrun for example_bash_operator to 2025-01-13 00:00:00+00:00, run_after=2025-01-14 00:00:00+00:00
[2025-01-14T00:22:56.510+0000] {processor.py:183} INFO - Processing /home/airflow/.local/lib/python3.8/site-packages/airflow/example_dags/example_bash_operator.py took 0.055 seconds
[2025-01-14T00:23:27.652+0000] {processor.py:161} INFO - Started process (PID=2028) to work on /home/airflow/.local/lib/python3.8/site-packages/airflow/example_dags/example_bash_operator.py
[2025-01-14T00:23:27.652+0000] {processor.py:830} INFO - Processing file /home/airflow/.local/lib/python3.8/site-packages/airflow/example_dags/example_bash_operator.py for tasks to queue
[2025-01-14T00:23:27.653+0000] {logging_mixin.py:188} INFO - [2025-01-14T00:23:27.653+0000] {dagbag.py:538} INFO - Filling up the DagBag from /home/airflow/.local/lib/python3.8/site-packages/airflow/example_dags/example_bash_operator.py
[2025-01-14T00:23:27.660+0000] {processor.py:840} INFO - DAG(s) 'example_bash_operator' retrieved from /home/airflow/.local/lib/python3.8/site-packages/airflow/example_dags/example_bash_operator.py
[2025-01-14T00:23:27.678+0000] {logging_mixin.py:188} INFO - [2025-01-14T00:23:27.677+0000] {dag.py:3036} INFO - Sync 1 DAGs
[2025-01-14T00:23:27.690+0000] {logging_mixin.py:188} INFO - [2025-01-14T00:23:27.690+0000] {dag.py:3823} INFO - Setting next_dagrun for example_bash_operator to 2025-01-13 00:00:00+00:00, run_after=2025-01-14 00:00:00+00:00
[2025-01-14T00:23:27.702+0000] {processor.py:183} INFO - Processing /home/airflow/.local/lib/python3.8/site-packages/airflow/example_dags/example_bash_operator.py took 0.052 seconds
[2025-01-14T00:23:58.733+0000] {processor.py:161} INFO - Started process (PID=2087) to work on /home/airflow/.local/lib/python3.8/site-packages/airflow/example_dags/example_bash_operator.py
[2025-01-14T00:23:58.734+0000] {processor.py:830} INFO - Processing file /home/airflow/.local/lib/python3.8/site-packages/airflow/example_dags/example_bash_operator.py for tasks to queue
[2025-01-14T00:23:58.735+0000] {logging_mixin.py:188} INFO - [2025-01-14T00:23:58.735+0000] {dagbag.py:538} INFO - Filling up the DagBag from /home/airflow/.local/lib/python3.8/site-packages/airflow/example_dags/example_bash_operator.py
[2025-01-14T00:23:58.742+0000] {processor.py:840} INFO - DAG(s) 'example_bash_operator' retrieved from /home/airflow/.local/lib/python3.8/site-packages/airflow/example_dags/example_bash_operator.py
[2025-01-14T00:23:58.761+0000] {logging_mixin.py:188} INFO - [2025-01-14T00:23:58.760+0000] {dag.py:3036} INFO - Sync 1 DAGs
[2025-01-14T00:23:58.773+0000] {logging_mixin.py:188} INFO - [2025-01-14T00:23:58.773+0000] {dag.py:3823} INFO - Setting next_dagrun for example_bash_operator to 2025-01-13 00:00:00+00:00, run_after=2025-01-14 00:00:00+00:00
[2025-01-14T00:23:58.785+0000] {processor.py:183} INFO - Processing /home/airflow/.local/lib/python3.8/site-packages/airflow/example_dags/example_bash_operator.py took 0.053 seconds
[2025-01-14T00:24:29.863+0000] {processor.py:161} INFO - Started process (PID=2146) to work on /home/airflow/.local/lib/python3.8/site-packages/airflow/example_dags/example_bash_operator.py
[2025-01-14T00:24:29.863+0000] {processor.py:830} INFO - Processing file /home/airflow/.local/lib/python3.8/site-packages/airflow/example_dags/example_bash_operator.py for tasks to queue
[2025-01-14T00:24:29.864+0000] {logging_mixin.py:188} INFO - [2025-01-14T00:24:29.864+0000] {dagbag.py:538} INFO - Filling up the DagBag from /home/airflow/.local/lib/python3.8/site-packages/airflow/example_dags/example_bash_operator.py
[2025-01-14T00:24:29.871+0000] {processor.py:840} INFO - DAG(s) 'example_bash_operator' retrieved from /home/airflow/.local/lib/python3.8/site-packages/airflow/example_dags/example_bash_operator.py
[2025-01-14T00:24:29.890+0000] {logging_mixin.py:188} INFO - [2025-01-14T00:24:29.890+0000] {dag.py:3036} INFO - Sync 1 DAGs
[2025-01-14T00:24:29.904+0000] {logging_mixin.py:188} INFO - [2025-01-14T00:24:29.904+0000] {dag.py:3823} INFO - Setting next_dagrun for example_bash_operator to 2025-01-13 00:00:00+00:00, run_after=2025-01-14 00:00:00+00:00
[2025-01-14T00:24:29.916+0000] {processor.py:183} INFO - Processing /home/airflow/.local/lib/python3.8/site-packages/airflow/example_dags/example_bash_operator.py took 0.055 seconds
[2025-01-14T00:25:00.227+0000] {processor.py:161} INFO - Started process (PID=2205) to work on /home/airflow/.local/lib/python3.8/site-packages/airflow/example_dags/example_bash_operator.py
[2025-01-14T00:25:00.228+0000] {processor.py:830} INFO - Processing file /home/airflow/.local/lib/python3.8/site-packages/airflow/example_dags/example_bash_operator.py for tasks to queue
[2025-01-14T00:25:00.229+0000] {logging_mixin.py:188} INFO - [2025-01-14T00:25:00.228+0000] {dagbag.py:538} INFO - Filling up the DagBag from /home/airflow/.local/lib/python3.8/site-packages/airflow/example_dags/example_bash_operator.py
[2025-01-14T00:25:00.236+0000] {processor.py:840} INFO - DAG(s) 'example_bash_operator' retrieved from /home/airflow/.local/lib/python3.8/site-packages/airflow/example_dags/example_bash_operator.py
[2025-01-14T00:25:00.254+0000] {logging_mixin.py:188} INFO - [2025-01-14T00:25:00.254+0000] {dag.py:3036} INFO - Sync 1 DAGs
[2025-01-14T00:25:00.269+0000] {logging_mixin.py:188} INFO - [2025-01-14T00:25:00.269+0000] {dag.py:3823} INFO - Setting next_dagrun for example_bash_operator to 2025-01-13 00:00:00+00:00, run_after=2025-01-14 00:00:00+00:00
[2025-01-14T00:25:00.281+0000] {processor.py:183} INFO - Processing /home/airflow/.local/lib/python3.8/site-packages/airflow/example_dags/example_bash_operator.py took 0.056 seconds
[2025-01-14T00:25:31.240+0000] {processor.py:161} INFO - Started process (PID=2264) to work on /home/airflow/.local/lib/python3.8/site-packages/airflow/example_dags/example_bash_operator.py
[2025-01-14T00:25:31.241+0000] {processor.py:830} INFO - Processing file /home/airflow/.local/lib/python3.8/site-packages/airflow/example_dags/example_bash_operator.py for tasks to queue
[2025-01-14T00:25:31.242+0000] {logging_mixin.py:188} INFO - [2025-01-14T00:25:31.241+0000] {dagbag.py:538} INFO - Filling up the DagBag from /home/airflow/.local/lib/python3.8/site-packages/airflow/example_dags/example_bash_operator.py
[2025-01-14T00:25:31.249+0000] {processor.py:840} INFO - DAG(s) 'example_bash_operator' retrieved from /home/airflow/.local/lib/python3.8/site-packages/airflow/example_dags/example_bash_operator.py
[2025-01-14T00:25:31.267+0000] {logging_mixin.py:188} INFO - [2025-01-14T00:25:31.267+0000] {dag.py:3036} INFO - Sync 1 DAGs
[2025-01-14T00:25:31.281+0000] {logging_mixin.py:188} INFO - [2025-01-14T00:25:31.281+0000] {dag.py:3823} INFO - Setting next_dagrun for example_bash_operator to 2025-01-13 00:00:00+00:00, run_after=2025-01-14 00:00:00+00:00
[2025-01-14T00:25:31.294+0000] {processor.py:183} INFO - Processing /home/airflow/.local/lib/python3.8/site-packages/airflow/example_dags/example_bash_operator.py took 0.056 seconds
[2025-01-14T00:26:02.708+0000] {processor.py:161} INFO - Started process (PID=2325) to work on /home/airflow/.local/lib/python3.8/site-packages/airflow/example_dags/example_bash_operator.py
[2025-01-14T00:26:02.708+0000] {processor.py:830} INFO - Processing file /home/airflow/.local/lib/python3.8/site-packages/airflow/example_dags/example_bash_operator.py for tasks to queue
[2025-01-14T00:26:02.710+0000] {logging_mixin.py:188} INFO - [2025-01-14T00:26:02.709+0000] {dagbag.py:538} INFO - Filling up the DagBag from /home/airflow/.local/lib/python3.8/site-packages/airflow/example_dags/example_bash_operator.py
[2025-01-14T00:26:02.717+0000] {processor.py:840} INFO - DAG(s) 'example_bash_operator' retrieved from /home/airflow/.local/lib/python3.8/site-packages/airflow/example_dags/example_bash_operator.py
[2025-01-14T00:26:02.739+0000] {logging_mixin.py:188} INFO - [2025-01-14T00:26:02.739+0000] {dag.py:3036} INFO - Sync 1 DAGs
[2025-01-14T00:26:02.754+0000] {logging_mixin.py:188} INFO - [2025-01-14T00:26:02.754+0000] {dag.py:3823} INFO - Setting next_dagrun for example_bash_operator to 2025-01-13 00:00:00+00:00, run_after=2025-01-14 00:00:00+00:00
[2025-01-14T00:26:02.866+0000] {processor.py:183} INFO - Processing /home/airflow/.local/lib/python3.8/site-packages/airflow/example_dags/example_bash_operator.py took 0.161 seconds
[2025-01-14T00:26:33.303+0000] {processor.py:161} INFO - Started process (PID=2384) to work on /home/airflow/.local/lib/python3.8/site-packages/airflow/example_dags/example_bash_operator.py
[2025-01-14T00:26:33.303+0000] {processor.py:830} INFO - Processing file /home/airflow/.local/lib/python3.8/site-packages/airflow/example_dags/example_bash_operator.py for tasks to queue
[2025-01-14T00:26:33.305+0000] {logging_mixin.py:188} INFO - [2025-01-14T00:26:33.304+0000] {dagbag.py:538} INFO - Filling up the DagBag from /home/airflow/.local/lib/python3.8/site-packages/airflow/example_dags/example_bash_operator.py
[2025-01-14T00:26:33.312+0000] {processor.py:840} INFO - DAG(s) 'example_bash_operator' retrieved from /home/airflow/.local/lib/python3.8/site-packages/airflow/example_dags/example_bash_operator.py
[2025-01-14T00:26:33.331+0000] {logging_mixin.py:188} INFO - [2025-01-14T00:26:33.331+0000] {dag.py:3036} INFO - Sync 1 DAGs
[2025-01-14T00:26:33.347+0000] {logging_mixin.py:188} INFO - [2025-01-14T00:26:33.347+0000] {dag.py:3823} INFO - Setting next_dagrun for example_bash_operator to 2025-01-13 00:00:00+00:00, run_after=2025-01-14 00:00:00+00:00
[2025-01-14T00:26:33.471+0000] {processor.py:183} INFO - Processing /home/airflow/.local/lib/python3.8/site-packages/airflow/example_dags/example_bash_operator.py took 0.170 seconds
[2025-01-14T00:27:04.148+0000] {processor.py:161} INFO - Started process (PID=2443) to work on /home/airflow/.local/lib/python3.8/site-packages/airflow/example_dags/example_bash_operator.py
[2025-01-14T00:27:04.149+0000] {processor.py:830} INFO - Processing file /home/airflow/.local/lib/python3.8/site-packages/airflow/example_dags/example_bash_operator.py for tasks to queue
[2025-01-14T00:27:04.150+0000] {logging_mixin.py:188} INFO - [2025-01-14T00:27:04.150+0000] {dagbag.py:538} INFO - Filling up the DagBag from /home/airflow/.local/lib/python3.8/site-packages/airflow/example_dags/example_bash_operator.py
[2025-01-14T00:27:04.158+0000] {processor.py:840} INFO - DAG(s) 'example_bash_operator' retrieved from /home/airflow/.local/lib/python3.8/site-packages/airflow/example_dags/example_bash_operator.py
[2025-01-14T00:27:04.177+0000] {logging_mixin.py:188} INFO - [2025-01-14T00:27:04.177+0000] {dag.py:3036} INFO - Sync 1 DAGs
[2025-01-14T00:27:04.191+0000] {logging_mixin.py:188} INFO - [2025-01-14T00:27:04.191+0000] {dag.py:3823} INFO - Setting next_dagrun for example_bash_operator to 2025-01-13 00:00:00+00:00, run_after=2025-01-14 00:00:00+00:00
[2025-01-14T00:27:04.204+0000] {processor.py:183} INFO - Processing /home/airflow/.local/lib/python3.8/site-packages/airflow/example_dags/example_bash_operator.py took 0.058 seconds
[2025-01-14T00:27:34.976+0000] {processor.py:161} INFO - Started process (PID=2502) to work on /home/airflow/.local/lib/python3.8/site-packages/airflow/example_dags/example_bash_operator.py
[2025-01-14T00:27:34.977+0000] {processor.py:830} INFO - Processing file /home/airflow/.local/lib/python3.8/site-packages/airflow/example_dags/example_bash_operator.py for tasks to queue
[2025-01-14T00:27:34.978+0000] {logging_mixin.py:188} INFO - [2025-01-14T00:27:34.978+0000] {dagbag.py:538} INFO - Filling up the DagBag from /home/airflow/.local/lib/python3.8/site-packages/airflow/example_dags/example_bash_operator.py
[2025-01-14T00:27:34.986+0000] {processor.py:840} INFO - DAG(s) 'example_bash_operator' retrieved from /home/airflow/.local/lib/python3.8/site-packages/airflow/example_dags/example_bash_operator.py
[2025-01-14T00:27:35.006+0000] {logging_mixin.py:188} INFO - [2025-01-14T00:27:35.006+0000] {dag.py:3036} INFO - Sync 1 DAGs
[2025-01-14T00:27:35.022+0000] {logging_mixin.py:188} INFO - [2025-01-14T00:27:35.022+0000] {dag.py:3823} INFO - Setting next_dagrun for example_bash_operator to 2025-01-13 00:00:00+00:00, run_after=2025-01-14 00:00:00+00:00
[2025-01-14T00:27:35.036+0000] {processor.py:183} INFO - Processing /home/airflow/.local/lib/python3.8/site-packages/airflow/example_dags/example_bash_operator.py took 0.062 seconds
[2025-01-14T00:28:05.468+0000] {processor.py:161} INFO - Started process (PID=2561) to work on /home/airflow/.local/lib/python3.8/site-packages/airflow/example_dags/example_bash_operator.py
[2025-01-14T00:28:05.468+0000] {processor.py:830} INFO - Processing file /home/airflow/.local/lib/python3.8/site-packages/airflow/example_dags/example_bash_operator.py for tasks to queue
[2025-01-14T00:28:05.469+0000] {logging_mixin.py:188} INFO - [2025-01-14T00:28:05.469+0000] {dagbag.py:538} INFO - Filling up the DagBag from /home/airflow/.local/lib/python3.8/site-packages/airflow/example_dags/example_bash_operator.py
[2025-01-14T00:28:05.477+0000] {processor.py:840} INFO - DAG(s) 'example_bash_operator' retrieved from /home/airflow/.local/lib/python3.8/site-packages/airflow/example_dags/example_bash_operator.py
[2025-01-14T00:28:05.497+0000] {logging_mixin.py:188} INFO - [2025-01-14T00:28:05.497+0000] {dag.py:3036} INFO - Sync 1 DAGs
[2025-01-14T00:28:05.511+0000] {logging_mixin.py:188} INFO - [2025-01-14T00:28:05.511+0000] {dag.py:3823} INFO - Setting next_dagrun for example_bash_operator to 2025-01-13 00:00:00+00:00, run_after=2025-01-14 00:00:00+00:00
[2025-01-14T00:28:05.523+0000] {processor.py:183} INFO - Processing /home/airflow/.local/lib/python3.8/site-packages/airflow/example_dags/example_bash_operator.py took 0.058 seconds
[2025-01-14T00:28:36.777+0000] {processor.py:161} INFO - Started process (PID=2620) to work on /home/airflow/.local/lib/python3.8/site-packages/airflow/example_dags/example_bash_operator.py
[2025-01-14T00:28:36.778+0000] {processor.py:830} INFO - Processing file /home/airflow/.local/lib/python3.8/site-packages/airflow/example_dags/example_bash_operator.py for tasks to queue
[2025-01-14T00:28:36.779+0000] {logging_mixin.py:188} INFO - [2025-01-14T00:28:36.779+0000] {dagbag.py:538} INFO - Filling up the DagBag from /home/airflow/.local/lib/python3.8/site-packages/airflow/example_dags/example_bash_operator.py
[2025-01-14T00:28:36.787+0000] {processor.py:840} INFO - DAG(s) 'example_bash_operator' retrieved from /home/airflow/.local/lib/python3.8/site-packages/airflow/example_dags/example_bash_operator.py
[2025-01-14T00:28:36.806+0000] {logging_mixin.py:188} INFO - [2025-01-14T00:28:36.806+0000] {dag.py:3036} INFO - Sync 1 DAGs
[2025-01-14T00:28:36.822+0000] {logging_mixin.py:188} INFO - [2025-01-14T00:28:36.822+0000] {dag.py:3823} INFO - Setting next_dagrun for example_bash_operator to 2025-01-13 00:00:00+00:00, run_after=2025-01-14 00:00:00+00:00
[2025-01-14T00:28:36.836+0000] {processor.py:183} INFO - Processing /home/airflow/.local/lib/python3.8/site-packages/airflow/example_dags/example_bash_operator.py took 0.061 seconds
[2025-01-14T00:29:07.991+0000] {processor.py:161} INFO - Started process (PID=2679) to work on /home/airflow/.local/lib/python3.8/site-packages/airflow/example_dags/example_bash_operator.py
[2025-01-14T00:29:07.991+0000] {processor.py:830} INFO - Processing file /home/airflow/.local/lib/python3.8/site-packages/airflow/example_dags/example_bash_operator.py for tasks to queue
[2025-01-14T00:29:07.992+0000] {logging_mixin.py:188} INFO - [2025-01-14T00:29:07.992+0000] {dagbag.py:538} INFO - Filling up the DagBag from /home/airflow/.local/lib/python3.8/site-packages/airflow/example_dags/example_bash_operator.py
[2025-01-14T00:29:08.100+0000] {processor.py:840} INFO - DAG(s) 'example_bash_operator' retrieved from /home/airflow/.local/lib/python3.8/site-packages/airflow/example_dags/example_bash_operator.py
[2025-01-14T00:29:08.120+0000] {logging_mixin.py:188} INFO - [2025-01-14T00:29:08.120+0000] {dag.py:3036} INFO - Sync 1 DAGs
[2025-01-14T00:29:08.134+0000] {logging_mixin.py:188} INFO - [2025-01-14T00:29:08.133+0000] {dag.py:3823} INFO - Setting next_dagrun for example_bash_operator to 2025-01-13 00:00:00+00:00, run_after=2025-01-14 00:00:00+00:00
[2025-01-14T00:29:08.146+0000] {processor.py:183} INFO - Processing /home/airflow/.local/lib/python3.8/site-packages/airflow/example_dags/example_bash_operator.py took 0.158 seconds
[2025-01-14T00:29:38.891+0000] {processor.py:161} INFO - Started process (PID=2738) to work on /home/airflow/.local/lib/python3.8/site-packages/airflow/example_dags/example_bash_operator.py
[2025-01-14T00:29:38.892+0000] {processor.py:830} INFO - Processing file /home/airflow/.local/lib/python3.8/site-packages/airflow/example_dags/example_bash_operator.py for tasks to queue
[2025-01-14T00:29:38.893+0000] {logging_mixin.py:188} INFO - [2025-01-14T00:29:38.893+0000] {dagbag.py:538} INFO - Filling up the DagBag from /home/airflow/.local/lib/python3.8/site-packages/airflow/example_dags/example_bash_operator.py
[2025-01-14T00:29:38.900+0000] {processor.py:840} INFO - DAG(s) 'example_bash_operator' retrieved from /home/airflow/.local/lib/python3.8/site-packages/airflow/example_dags/example_bash_operator.py
[2025-01-14T00:29:38.918+0000] {logging_mixin.py:188} INFO - [2025-01-14T00:29:38.918+0000] {dag.py:3036} INFO - Sync 1 DAGs
[2025-01-14T00:29:38.932+0000] {logging_mixin.py:188} INFO - [2025-01-14T00:29:38.932+0000] {dag.py:3823} INFO - Setting next_dagrun for example_bash_operator to 2025-01-13 00:00:00+00:00, run_after=2025-01-14 00:00:00+00:00
[2025-01-14T00:29:38.945+0000] {processor.py:183} INFO - Processing /home/airflow/.local/lib/python3.8/site-packages/airflow/example_dags/example_bash_operator.py took 0.056 seconds
[2025-01-14T00:30:09.649+0000] {processor.py:161} INFO - Started process (PID=2797) to work on /home/airflow/.local/lib/python3.8/site-packages/airflow/example_dags/example_bash_operator.py
[2025-01-14T00:30:09.650+0000] {processor.py:830} INFO - Processing file /home/airflow/.local/lib/python3.8/site-packages/airflow/example_dags/example_bash_operator.py for tasks to queue
[2025-01-14T00:30:09.651+0000] {logging_mixin.py:188} INFO - [2025-01-14T00:30:09.651+0000] {dagbag.py:538} INFO - Filling up the DagBag from /home/airflow/.local/lib/python3.8/site-packages/airflow/example_dags/example_bash_operator.py
[2025-01-14T00:30:09.658+0000] {processor.py:840} INFO - DAG(s) 'example_bash_operator' retrieved from /home/airflow/.local/lib/python3.8/site-packages/airflow/example_dags/example_bash_operator.py
[2025-01-14T00:30:09.676+0000] {logging_mixin.py:188} INFO - [2025-01-14T00:30:09.676+0000] {dag.py:3036} INFO - Sync 1 DAGs
[2025-01-14T00:30:09.691+0000] {logging_mixin.py:188} INFO - [2025-01-14T00:30:09.690+0000] {dag.py:3823} INFO - Setting next_dagrun for example_bash_operator to 2025-01-13 00:00:00+00:00, run_after=2025-01-14 00:00:00+00:00
[2025-01-14T00:30:09.703+0000] {processor.py:183} INFO - Processing /home/airflow/.local/lib/python3.8/site-packages/airflow/example_dags/example_bash_operator.py took 0.056 seconds
[2025-01-14T00:30:40.469+0000] {processor.py:161} INFO - Started process (PID=2856) to work on /home/airflow/.local/lib/python3.8/site-packages/airflow/example_dags/example_bash_operator.py
[2025-01-14T00:30:40.470+0000] {processor.py:830} INFO - Processing file /home/airflow/.local/lib/python3.8/site-packages/airflow/example_dags/example_bash_operator.py for tasks to queue
[2025-01-14T00:30:40.471+0000] {logging_mixin.py:188} INFO - [2025-01-14T00:30:40.470+0000] {dagbag.py:538} INFO - Filling up the DagBag from /home/airflow/.local/lib/python3.8/site-packages/airflow/example_dags/example_bash_operator.py
[2025-01-14T00:30:40.478+0000] {processor.py:840} INFO - DAG(s) 'example_bash_operator' retrieved from /home/airflow/.local/lib/python3.8/site-packages/airflow/example_dags/example_bash_operator.py
[2025-01-14T00:30:40.496+0000] {logging_mixin.py:188} INFO - [2025-01-14T00:30:40.496+0000] {dag.py:3036} INFO - Sync 1 DAGs
[2025-01-14T00:30:40.510+0000] {logging_mixin.py:188} INFO - [2025-01-14T00:30:40.510+0000] {dag.py:3823} INFO - Setting next_dagrun for example_bash_operator to 2025-01-13 00:00:00+00:00, run_after=2025-01-14 00:00:00+00:00
[2025-01-14T00:30:40.523+0000] {processor.py:183} INFO - Processing /home/airflow/.local/lib/python3.8/site-packages/airflow/example_dags/example_bash_operator.py took 0.056 seconds
[2025-01-14T00:31:11.307+0000] {processor.py:161} INFO - Started process (PID=2915) to work on /home/airflow/.local/lib/python3.8/site-packages/airflow/example_dags/example_bash_operator.py
[2025-01-14T00:31:11.308+0000] {processor.py:830} INFO - Processing file /home/airflow/.local/lib/python3.8/site-packages/airflow/example_dags/example_bash_operator.py for tasks to queue
[2025-01-14T00:31:11.309+0000] {logging_mixin.py:188} INFO - [2025-01-14T00:31:11.309+0000] {dagbag.py:538} INFO - Filling up the DagBag from /home/airflow/.local/lib/python3.8/site-packages/airflow/example_dags/example_bash_operator.py
[2025-01-14T00:31:11.316+0000] {processor.py:840} INFO - DAG(s) 'example_bash_operator' retrieved from /home/airflow/.local/lib/python3.8/site-packages/airflow/example_dags/example_bash_operator.py
[2025-01-14T00:31:11.335+0000] {logging_mixin.py:188} INFO - [2025-01-14T00:31:11.335+0000] {dag.py:3036} INFO - Sync 1 DAGs
[2025-01-14T00:31:11.350+0000] {logging_mixin.py:188} INFO - [2025-01-14T00:31:11.350+0000] {dag.py:3823} INFO - Setting next_dagrun for example_bash_operator to 2025-01-13 00:00:00+00:00, run_after=2025-01-14 00:00:00+00:00
[2025-01-14T00:31:11.363+0000] {processor.py:183} INFO - Processing /home/airflow/.local/lib/python3.8/site-packages/airflow/example_dags/example_bash_operator.py took 0.058 seconds
[2025-01-14T00:31:42.065+0000] {processor.py:161} INFO - Started process (PID=2974) to work on /home/airflow/.local/lib/python3.8/site-packages/airflow/example_dags/example_bash_operator.py
[2025-01-14T00:31:42.066+0000] {processor.py:830} INFO - Processing file /home/airflow/.local/lib/python3.8/site-packages/airflow/example_dags/example_bash_operator.py for tasks to queue
[2025-01-14T00:31:42.067+0000] {logging_mixin.py:188} INFO - [2025-01-14T00:31:42.067+0000] {dagbag.py:538} INFO - Filling up the DagBag from /home/airflow/.local/lib/python3.8/site-packages/airflow/example_dags/example_bash_operator.py
[2025-01-14T00:31:42.074+0000] {processor.py:840} INFO - DAG(s) 'example_bash_operator' retrieved from /home/airflow/.local/lib/python3.8/site-packages/airflow/example_dags/example_bash_operator.py
[2025-01-14T00:31:42.094+0000] {logging_mixin.py:188} INFO - [2025-01-14T00:31:42.094+0000] {dag.py:3036} INFO - Sync 1 DAGs
[2025-01-14T00:31:42.110+0000] {logging_mixin.py:188} INFO - [2025-01-14T00:31:42.109+0000] {dag.py:3823} INFO - Setting next_dagrun for example_bash_operator to 2025-01-13 00:00:00+00:00, run_after=2025-01-14 00:00:00+00:00
[2025-01-14T00:31:42.122+0000] {processor.py:183} INFO - Processing /home/airflow/.local/lib/python3.8/site-packages/airflow/example_dags/example_bash_operator.py took 0.059 seconds
[2025-01-14T00:32:12.172+0000] {processor.py:161} INFO - Started process (PID=3033) to work on /home/airflow/.local/lib/python3.8/site-packages/airflow/example_dags/example_bash_operator.py
[2025-01-14T00:32:12.173+0000] {processor.py:830} INFO - Processing file /home/airflow/.local/lib/python3.8/site-packages/airflow/example_dags/example_bash_operator.py for tasks to queue
[2025-01-14T00:32:12.174+0000] {logging_mixin.py:188} INFO - [2025-01-14T00:32:12.174+0000] {dagbag.py:538} INFO - Filling up the DagBag from /home/airflow/.local/lib/python3.8/site-packages/airflow/example_dags/example_bash_operator.py
[2025-01-14T00:32:12.181+0000] {processor.py:840} INFO - DAG(s) 'example_bash_operator' retrieved from /home/airflow/.local/lib/python3.8/site-packages/airflow/example_dags/example_bash_operator.py
[2025-01-14T00:32:12.202+0000] {logging_mixin.py:188} INFO - [2025-01-14T00:32:12.202+0000] {dag.py:3036} INFO - Sync 1 DAGs
[2025-01-14T00:32:12.217+0000] {logging_mixin.py:188} INFO - [2025-01-14T00:32:12.217+0000] {dag.py:3823} INFO - Setting next_dagrun for example_bash_operator to 2025-01-13 00:00:00+00:00, run_after=2025-01-14 00:00:00+00:00
[2025-01-14T00:32:12.230+0000] {processor.py:183} INFO - Processing /home/airflow/.local/lib/python3.8/site-packages/airflow/example_dags/example_bash_operator.py took 0.060 seconds
[2025-01-14T00:32:42.285+0000] {processor.py:161} INFO - Started process (PID=3092) to work on /home/airflow/.local/lib/python3.8/site-packages/airflow/example_dags/example_bash_operator.py
[2025-01-14T00:32:42.285+0000] {processor.py:830} INFO - Processing file /home/airflow/.local/lib/python3.8/site-packages/airflow/example_dags/example_bash_operator.py for tasks to queue
[2025-01-14T00:32:42.286+0000] {logging_mixin.py:188} INFO - [2025-01-14T00:32:42.286+0000] {dagbag.py:538} INFO - Filling up the DagBag from /home/airflow/.local/lib/python3.8/site-packages/airflow/example_dags/example_bash_operator.py
[2025-01-14T00:32:42.294+0000] {processor.py:840} INFO - DAG(s) 'example_bash_operator' retrieved from /home/airflow/.local/lib/python3.8/site-packages/airflow/example_dags/example_bash_operator.py
[2025-01-14T00:32:42.312+0000] {logging_mixin.py:188} INFO - [2025-01-14T00:32:42.312+0000] {dag.py:3036} INFO - Sync 1 DAGs
[2025-01-14T00:32:42.327+0000] {logging_mixin.py:188} INFO - [2025-01-14T00:32:42.326+0000] {dag.py:3823} INFO - Setting next_dagrun for example_bash_operator to 2025-01-13 00:00:00+00:00, run_after=2025-01-14 00:00:00+00:00
[2025-01-14T00:32:42.339+0000] {processor.py:183} INFO - Processing /home/airflow/.local/lib/python3.8/site-packages/airflow/example_dags/example_bash_operator.py took 0.057 seconds
