[2025-01-14T00:00:07.548+0000] {processor.py:161} INFO - Started process (PID=10551) to work on /home/airflow/.local/lib/python3.8/site-packages/airflow/example_dags/example_short_circuit_decorator.py
[2025-01-14T00:00:07.549+0000] {processor.py:830} INFO - Processing file /home/airflow/.local/lib/python3.8/site-packages/airflow/example_dags/example_short_circuit_decorator.py for tasks to queue
[2025-01-14T00:00:07.549+0000] {logging_mixin.py:188} INFO - [2025-01-14T00:00:07.549+0000] {dagbag.py:538} INFO - Filling up the DagBag from /home/airflow/.local/lib/python3.8/site-packages/airflow/example_dags/example_short_circuit_decorator.py
[2025-01-14T00:00:07.556+0000] {processor.py:840} INFO - DAG(s) 'example_short_circuit_decorator' retrieved from /home/airflow/.local/lib/python3.8/site-packages/airflow/example_dags/example_short_circuit_decorator.py
[2025-01-14T00:00:07.571+0000] {logging_mixin.py:188} INFO - [2025-01-14T00:00:07.571+0000] {dag.py:3036} INFO - Sync 1 DAGs
[2025-01-14T00:00:07.584+0000] {logging_mixin.py:188} INFO - [2025-01-14T00:00:07.584+0000] {dag.py:3823} INFO - Setting next_dagrun for example_short_circuit_decorator to 2025-01-13 00:00:00+00:00, run_after=2025-01-14 00:00:00+00:00
[2025-01-14T00:00:07.598+0000] {processor.py:183} INFO - Processing /home/airflow/.local/lib/python3.8/site-packages/airflow/example_dags/example_short_circuit_decorator.py took 0.052 seconds
[2025-01-14T00:00:37.649+0000] {processor.py:161} INFO - Started process (PID=10612) to work on /home/airflow/.local/lib/python3.8/site-packages/airflow/example_dags/example_short_circuit_decorator.py
[2025-01-14T00:00:37.649+0000] {processor.py:830} INFO - Processing file /home/airflow/.local/lib/python3.8/site-packages/airflow/example_dags/example_short_circuit_decorator.py for tasks to queue
[2025-01-14T00:00:37.650+0000] {logging_mixin.py:188} INFO - [2025-01-14T00:00:37.650+0000] {dagbag.py:538} INFO - Filling up the DagBag from /home/airflow/.local/lib/python3.8/site-packages/airflow/example_dags/example_short_circuit_decorator.py
[2025-01-14T00:00:37.656+0000] {processor.py:840} INFO - DAG(s) 'example_short_circuit_decorator' retrieved from /home/airflow/.local/lib/python3.8/site-packages/airflow/example_dags/example_short_circuit_decorator.py
[2025-01-14T00:00:37.670+0000] {logging_mixin.py:188} INFO - [2025-01-14T00:00:37.670+0000] {dag.py:3036} INFO - Sync 1 DAGs
[2025-01-14T00:00:37.684+0000] {logging_mixin.py:188} INFO - [2025-01-14T00:00:37.684+0000] {dag.py:3823} INFO - Setting next_dagrun for example_short_circuit_decorator to 2025-01-13 00:00:00+00:00, run_after=2025-01-14 00:00:00+00:00
[2025-01-14T00:00:37.697+0000] {processor.py:183} INFO - Processing /home/airflow/.local/lib/python3.8/site-packages/airflow/example_dags/example_short_circuit_decorator.py took 0.050 seconds
[2025-01-14T00:01:07.823+0000] {processor.py:161} INFO - Started process (PID=10671) to work on /home/airflow/.local/lib/python3.8/site-packages/airflow/example_dags/example_short_circuit_decorator.py
[2025-01-14T00:01:07.824+0000] {processor.py:830} INFO - Processing file /home/airflow/.local/lib/python3.8/site-packages/airflow/example_dags/example_short_circuit_decorator.py for tasks to queue
[2025-01-14T00:01:07.824+0000] {logging_mixin.py:188} INFO - [2025-01-14T00:01:07.824+0000] {dagbag.py:538} INFO - Filling up the DagBag from /home/airflow/.local/lib/python3.8/site-packages/airflow/example_dags/example_short_circuit_decorator.py
[2025-01-14T00:01:07.831+0000] {processor.py:840} INFO - DAG(s) 'example_short_circuit_decorator' retrieved from /home/airflow/.local/lib/python3.8/site-packages/airflow/example_dags/example_short_circuit_decorator.py
[2025-01-14T00:01:07.845+0000] {logging_mixin.py:188} INFO - [2025-01-14T00:01:07.845+0000] {dag.py:3036} INFO - Sync 1 DAGs
[2025-01-14T00:01:07.858+0000] {logging_mixin.py:188} INFO - [2025-01-14T00:01:07.858+0000] {dag.py:3823} INFO - Setting next_dagrun for example_short_circuit_decorator to 2025-01-13 00:00:00+00:00, run_after=2025-01-14 00:00:00+00:00
[2025-01-14T00:01:07.870+0000] {processor.py:183} INFO - Processing /home/airflow/.local/lib/python3.8/site-packages/airflow/example_dags/example_short_circuit_decorator.py took 0.049 seconds
[2025-01-14T00:01:37.908+0000] {processor.py:161} INFO - Started process (PID=10730) to work on /home/airflow/.local/lib/python3.8/site-packages/airflow/example_dags/example_short_circuit_decorator.py
[2025-01-14T00:01:37.908+0000] {processor.py:830} INFO - Processing file /home/airflow/.local/lib/python3.8/site-packages/airflow/example_dags/example_short_circuit_decorator.py for tasks to queue
[2025-01-14T00:01:37.909+0000] {logging_mixin.py:188} INFO - [2025-01-14T00:01:37.909+0000] {dagbag.py:538} INFO - Filling up the DagBag from /home/airflow/.local/lib/python3.8/site-packages/airflow/example_dags/example_short_circuit_decorator.py
[2025-01-14T00:01:37.915+0000] {processor.py:840} INFO - DAG(s) 'example_short_circuit_decorator' retrieved from /home/airflow/.local/lib/python3.8/site-packages/airflow/example_dags/example_short_circuit_decorator.py
[2025-01-14T00:01:37.930+0000] {logging_mixin.py:188} INFO - [2025-01-14T00:01:37.930+0000] {dag.py:3036} INFO - Sync 1 DAGs
[2025-01-14T00:01:37.943+0000] {logging_mixin.py:188} INFO - [2025-01-14T00:01:37.943+0000] {dag.py:3823} INFO - Setting next_dagrun for example_short_circuit_decorator to 2025-01-13 00:00:00+00:00, run_after=2025-01-14 00:00:00+00:00
[2025-01-14T00:01:37.956+0000] {processor.py:183} INFO - Processing /home/airflow/.local/lib/python3.8/site-packages/airflow/example_dags/example_short_circuit_decorator.py took 0.050 seconds
[2025-01-14T00:02:08.843+0000] {processor.py:161} INFO - Started process (PID=10789) to work on /home/airflow/.local/lib/python3.8/site-packages/airflow/example_dags/example_short_circuit_decorator.py
[2025-01-14T00:02:08.844+0000] {processor.py:830} INFO - Processing file /home/airflow/.local/lib/python3.8/site-packages/airflow/example_dags/example_short_circuit_decorator.py for tasks to queue
[2025-01-14T00:02:08.844+0000] {logging_mixin.py:188} INFO - [2025-01-14T00:02:08.844+0000] {dagbag.py:538} INFO - Filling up the DagBag from /home/airflow/.local/lib/python3.8/site-packages/airflow/example_dags/example_short_circuit_decorator.py
[2025-01-14T00:02:08.850+0000] {processor.py:840} INFO - DAG(s) 'example_short_circuit_decorator' retrieved from /home/airflow/.local/lib/python3.8/site-packages/airflow/example_dags/example_short_circuit_decorator.py
[2025-01-14T00:02:08.864+0000] {logging_mixin.py:188} INFO - [2025-01-14T00:02:08.864+0000] {dag.py:3036} INFO - Sync 1 DAGs
[2025-01-14T00:02:08.877+0000] {logging_mixin.py:188} INFO - [2025-01-14T00:02:08.877+0000] {dag.py:3823} INFO - Setting next_dagrun for example_short_circuit_decorator to 2025-01-13 00:00:00+00:00, run_after=2025-01-14 00:00:00+00:00
[2025-01-14T00:02:08.889+0000] {processor.py:183} INFO - Processing /home/airflow/.local/lib/python3.8/site-packages/airflow/example_dags/example_short_circuit_decorator.py took 0.048 seconds
[2025-01-14T00:02:39.705+0000] {processor.py:161} INFO - Started process (PID=10848) to work on /home/airflow/.local/lib/python3.8/site-packages/airflow/example_dags/example_short_circuit_decorator.py
[2025-01-14T00:02:39.705+0000] {processor.py:830} INFO - Processing file /home/airflow/.local/lib/python3.8/site-packages/airflow/example_dags/example_short_circuit_decorator.py for tasks to queue
[2025-01-14T00:02:39.706+0000] {logging_mixin.py:188} INFO - [2025-01-14T00:02:39.706+0000] {dagbag.py:538} INFO - Filling up the DagBag from /home/airflow/.local/lib/python3.8/site-packages/airflow/example_dags/example_short_circuit_decorator.py
[2025-01-14T00:02:39.714+0000] {processor.py:840} INFO - DAG(s) 'example_short_circuit_decorator' retrieved from /home/airflow/.local/lib/python3.8/site-packages/airflow/example_dags/example_short_circuit_decorator.py
[2025-01-14T00:02:39.730+0000] {logging_mixin.py:188} INFO - [2025-01-14T00:02:39.729+0000] {dag.py:3036} INFO - Sync 1 DAGs
[2025-01-14T00:02:39.744+0000] {logging_mixin.py:188} INFO - [2025-01-14T00:02:39.744+0000] {dag.py:3823} INFO - Setting next_dagrun for example_short_circuit_decorator to 2025-01-13 00:00:00+00:00, run_after=2025-01-14 00:00:00+00:00
[2025-01-14T00:02:39.756+0000] {processor.py:183} INFO - Processing /home/airflow/.local/lib/python3.8/site-packages/airflow/example_dags/example_short_circuit_decorator.py took 0.053 seconds
[2025-01-14T00:03:09.950+0000] {processor.py:161} INFO - Started process (PID=10907) to work on /home/airflow/.local/lib/python3.8/site-packages/airflow/example_dags/example_short_circuit_decorator.py
[2025-01-14T00:03:09.951+0000] {processor.py:830} INFO - Processing file /home/airflow/.local/lib/python3.8/site-packages/airflow/example_dags/example_short_circuit_decorator.py for tasks to queue
[2025-01-14T00:03:09.952+0000] {logging_mixin.py:188} INFO - [2025-01-14T00:03:09.951+0000] {dagbag.py:538} INFO - Filling up the DagBag from /home/airflow/.local/lib/python3.8/site-packages/airflow/example_dags/example_short_circuit_decorator.py
[2025-01-14T00:03:09.957+0000] {processor.py:840} INFO - DAG(s) 'example_short_circuit_decorator' retrieved from /home/airflow/.local/lib/python3.8/site-packages/airflow/example_dags/example_short_circuit_decorator.py
[2025-01-14T00:03:09.972+0000] {logging_mixin.py:188} INFO - [2025-01-14T00:03:09.972+0000] {dag.py:3036} INFO - Sync 1 DAGs
[2025-01-14T00:03:09.985+0000] {logging_mixin.py:188} INFO - [2025-01-14T00:03:09.985+0000] {dag.py:3823} INFO - Setting next_dagrun for example_short_circuit_decorator to 2025-01-13 00:00:00+00:00, run_after=2025-01-14 00:00:00+00:00
[2025-01-14T00:03:09.997+0000] {processor.py:183} INFO - Processing /home/airflow/.local/lib/python3.8/site-packages/airflow/example_dags/example_short_circuit_decorator.py took 0.049 seconds
[2025-01-14T00:03:40.091+0000] {processor.py:161} INFO - Started process (PID=10966) to work on /home/airflow/.local/lib/python3.8/site-packages/airflow/example_dags/example_short_circuit_decorator.py
[2025-01-14T00:03:40.092+0000] {processor.py:830} INFO - Processing file /home/airflow/.local/lib/python3.8/site-packages/airflow/example_dags/example_short_circuit_decorator.py for tasks to queue
[2025-01-14T00:03:40.093+0000] {logging_mixin.py:188} INFO - [2025-01-14T00:03:40.093+0000] {dagbag.py:538} INFO - Filling up the DagBag from /home/airflow/.local/lib/python3.8/site-packages/airflow/example_dags/example_short_circuit_decorator.py
[2025-01-14T00:03:40.101+0000] {processor.py:840} INFO - DAG(s) 'example_short_circuit_decorator' retrieved from /home/airflow/.local/lib/python3.8/site-packages/airflow/example_dags/example_short_circuit_decorator.py
[2025-01-14T00:03:40.120+0000] {logging_mixin.py:188} INFO - [2025-01-14T00:03:40.120+0000] {dag.py:3036} INFO - Sync 1 DAGs
[2025-01-14T00:03:40.138+0000] {logging_mixin.py:188} INFO - [2025-01-14T00:03:40.138+0000] {dag.py:3823} INFO - Setting next_dagrun for example_short_circuit_decorator to 2025-01-13 00:00:00+00:00, run_after=2025-01-14 00:00:00+00:00
[2025-01-14T00:03:40.153+0000] {processor.py:183} INFO - Processing /home/airflow/.local/lib/python3.8/site-packages/airflow/example_dags/example_short_circuit_decorator.py took 0.065 seconds
[2025-01-14T00:04:11.082+0000] {processor.py:161} INFO - Started process (PID=11025) to work on /home/airflow/.local/lib/python3.8/site-packages/airflow/example_dags/example_short_circuit_decorator.py
[2025-01-14T00:04:11.083+0000] {processor.py:830} INFO - Processing file /home/airflow/.local/lib/python3.8/site-packages/airflow/example_dags/example_short_circuit_decorator.py for tasks to queue
[2025-01-14T00:04:11.083+0000] {logging_mixin.py:188} INFO - [2025-01-14T00:04:11.083+0000] {dagbag.py:538} INFO - Filling up the DagBag from /home/airflow/.local/lib/python3.8/site-packages/airflow/example_dags/example_short_circuit_decorator.py
[2025-01-14T00:04:11.090+0000] {processor.py:840} INFO - DAG(s) 'example_short_circuit_decorator' retrieved from /home/airflow/.local/lib/python3.8/site-packages/airflow/example_dags/example_short_circuit_decorator.py
[2025-01-14T00:04:11.105+0000] {logging_mixin.py:188} INFO - [2025-01-14T00:04:11.105+0000] {dag.py:3036} INFO - Sync 1 DAGs
[2025-01-14T00:04:11.118+0000] {logging_mixin.py:188} INFO - [2025-01-14T00:04:11.118+0000] {dag.py:3823} INFO - Setting next_dagrun for example_short_circuit_decorator to 2025-01-13 00:00:00+00:00, run_after=2025-01-14 00:00:00+00:00
[2025-01-14T00:04:11.130+0000] {processor.py:183} INFO - Processing /home/airflow/.local/lib/python3.8/site-packages/airflow/example_dags/example_short_circuit_decorator.py took 0.050 seconds
[2025-01-14T00:04:41.231+0000] {processor.py:161} INFO - Started process (PID=11084) to work on /home/airflow/.local/lib/python3.8/site-packages/airflow/example_dags/example_short_circuit_decorator.py
[2025-01-14T00:04:41.231+0000] {processor.py:830} INFO - Processing file /home/airflow/.local/lib/python3.8/site-packages/airflow/example_dags/example_short_circuit_decorator.py for tasks to queue
[2025-01-14T00:04:41.232+0000] {logging_mixin.py:188} INFO - [2025-01-14T00:04:41.231+0000] {dagbag.py:538} INFO - Filling up the DagBag from /home/airflow/.local/lib/python3.8/site-packages/airflow/example_dags/example_short_circuit_decorator.py
[2025-01-14T00:04:41.237+0000] {processor.py:840} INFO - DAG(s) 'example_short_circuit_decorator' retrieved from /home/airflow/.local/lib/python3.8/site-packages/airflow/example_dags/example_short_circuit_decorator.py
[2025-01-14T00:04:41.251+0000] {logging_mixin.py:188} INFO - [2025-01-14T00:04:41.251+0000] {dag.py:3036} INFO - Sync 1 DAGs
[2025-01-14T00:04:41.266+0000] {logging_mixin.py:188} INFO - [2025-01-14T00:04:41.265+0000] {dag.py:3823} INFO - Setting next_dagrun for example_short_circuit_decorator to 2025-01-13 00:00:00+00:00, run_after=2025-01-14 00:00:00+00:00
[2025-01-14T00:04:41.279+0000] {processor.py:183} INFO - Processing /home/airflow/.local/lib/python3.8/site-packages/airflow/example_dags/example_short_circuit_decorator.py took 0.050 seconds
[2025-01-14T00:05:11.428+0000] {processor.py:161} INFO - Started process (PID=11143) to work on /home/airflow/.local/lib/python3.8/site-packages/airflow/example_dags/example_short_circuit_decorator.py
[2025-01-14T00:05:11.429+0000] {processor.py:830} INFO - Processing file /home/airflow/.local/lib/python3.8/site-packages/airflow/example_dags/example_short_circuit_decorator.py for tasks to queue
[2025-01-14T00:05:11.430+0000] {logging_mixin.py:188} INFO - [2025-01-14T00:05:11.430+0000] {dagbag.py:538} INFO - Filling up the DagBag from /home/airflow/.local/lib/python3.8/site-packages/airflow/example_dags/example_short_circuit_decorator.py
[2025-01-14T00:05:11.437+0000] {processor.py:840} INFO - DAG(s) 'example_short_circuit_decorator' retrieved from /home/airflow/.local/lib/python3.8/site-packages/airflow/example_dags/example_short_circuit_decorator.py
[2025-01-14T00:05:11.452+0000] {logging_mixin.py:188} INFO - [2025-01-14T00:05:11.452+0000] {dag.py:3036} INFO - Sync 1 DAGs
[2025-01-14T00:05:11.468+0000] {logging_mixin.py:188} INFO - [2025-01-14T00:05:11.468+0000] {dag.py:3823} INFO - Setting next_dagrun for example_short_circuit_decorator to 2025-01-13 00:00:00+00:00, run_after=2025-01-14 00:00:00+00:00
[2025-01-14T00:05:11.482+0000] {processor.py:183} INFO - Processing /home/airflow/.local/lib/python3.8/site-packages/airflow/example_dags/example_short_circuit_decorator.py took 0.056 seconds
[2025-01-14T00:06:25.011+0000] {processor.py:161} INFO - Started process (PID=77) to work on /home/airflow/.local/lib/python3.8/site-packages/airflow/example_dags/example_short_circuit_decorator.py
[2025-01-14T00:06:25.012+0000] {processor.py:830} INFO - Processing file /home/airflow/.local/lib/python3.8/site-packages/airflow/example_dags/example_short_circuit_decorator.py for tasks to queue
[2025-01-14T00:06:25.013+0000] {logging_mixin.py:188} INFO - [2025-01-14T00:06:25.012+0000] {dagbag.py:538} INFO - Filling up the DagBag from /home/airflow/.local/lib/python3.8/site-packages/airflow/example_dags/example_short_circuit_decorator.py
[2025-01-14T00:06:25.019+0000] {processor.py:840} INFO - DAG(s) 'example_short_circuit_decorator' retrieved from /home/airflow/.local/lib/python3.8/site-packages/airflow/example_dags/example_short_circuit_decorator.py
[2025-01-14T00:06:25.027+0000] {logging_mixin.py:188} INFO - [2025-01-14T00:06:25.027+0000] {dag.py:3036} INFO - Sync 1 DAGs
[2025-01-14T00:06:25.041+0000] {logging_mixin.py:188} INFO - [2025-01-14T00:06:25.041+0000] {dag.py:3823} INFO - Setting next_dagrun for example_short_circuit_decorator to 2025-01-13 00:00:00+00:00, run_after=2025-01-14 00:00:00+00:00
[2025-01-14T00:06:25.054+0000] {processor.py:183} INFO - Processing /home/airflow/.local/lib/python3.8/site-packages/airflow/example_dags/example_short_circuit_decorator.py took 0.045 seconds
[2025-01-14T00:06:55.920+0000] {processor.py:161} INFO - Started process (PID=136) to work on /home/airflow/.local/lib/python3.8/site-packages/airflow/example_dags/example_short_circuit_decorator.py
[2025-01-14T00:06:55.921+0000] {processor.py:830} INFO - Processing file /home/airflow/.local/lib/python3.8/site-packages/airflow/example_dags/example_short_circuit_decorator.py for tasks to queue
[2025-01-14T00:06:55.922+0000] {logging_mixin.py:188} INFO - [2025-01-14T00:06:55.922+0000] {dagbag.py:538} INFO - Filling up the DagBag from /home/airflow/.local/lib/python3.8/site-packages/airflow/example_dags/example_short_circuit_decorator.py
[2025-01-14T00:06:55.931+0000] {processor.py:840} INFO - DAG(s) 'example_short_circuit_decorator' retrieved from /home/airflow/.local/lib/python3.8/site-packages/airflow/example_dags/example_short_circuit_decorator.py
[2025-01-14T00:06:56.003+0000] {logging_mixin.py:188} INFO - [2025-01-14T00:06:56.003+0000] {dag.py:3036} INFO - Sync 1 DAGs
[2025-01-14T00:06:56.016+0000] {logging_mixin.py:188} INFO - [2025-01-14T00:06:56.016+0000] {dag.py:3823} INFO - Setting next_dagrun for example_short_circuit_decorator to 2025-01-13 00:00:00+00:00, run_after=2025-01-14 00:00:00+00:00
[2025-01-14T00:06:56.029+0000] {processor.py:183} INFO - Processing /home/airflow/.local/lib/python3.8/site-packages/airflow/example_dags/example_short_circuit_decorator.py took 0.111 seconds
[2025-01-14T00:07:26.468+0000] {processor.py:161} INFO - Started process (PID=195) to work on /home/airflow/.local/lib/python3.8/site-packages/airflow/example_dags/example_short_circuit_decorator.py
[2025-01-14T00:07:26.469+0000] {processor.py:830} INFO - Processing file /home/airflow/.local/lib/python3.8/site-packages/airflow/example_dags/example_short_circuit_decorator.py for tasks to queue
[2025-01-14T00:07:26.470+0000] {logging_mixin.py:188} INFO - [2025-01-14T00:07:26.470+0000] {dagbag.py:538} INFO - Filling up the DagBag from /home/airflow/.local/lib/python3.8/site-packages/airflow/example_dags/example_short_circuit_decorator.py
[2025-01-14T00:07:26.475+0000] {processor.py:840} INFO - DAG(s) 'example_short_circuit_decorator' retrieved from /home/airflow/.local/lib/python3.8/site-packages/airflow/example_dags/example_short_circuit_decorator.py
[2025-01-14T00:07:26.489+0000] {logging_mixin.py:188} INFO - [2025-01-14T00:07:26.489+0000] {dag.py:3036} INFO - Sync 1 DAGs
[2025-01-14T00:07:26.502+0000] {logging_mixin.py:188} INFO - [2025-01-14T00:07:26.502+0000] {dag.py:3823} INFO - Setting next_dagrun for example_short_circuit_decorator to 2025-01-13 00:00:00+00:00, run_after=2025-01-14 00:00:00+00:00
[2025-01-14T00:07:26.515+0000] {processor.py:183} INFO - Processing /home/airflow/.local/lib/python3.8/site-packages/airflow/example_dags/example_short_circuit_decorator.py took 0.048 seconds
[2025-01-14T00:07:56.725+0000] {processor.py:161} INFO - Started process (PID=254) to work on /home/airflow/.local/lib/python3.8/site-packages/airflow/example_dags/example_short_circuit_decorator.py
[2025-01-14T00:07:56.726+0000] {processor.py:830} INFO - Processing file /home/airflow/.local/lib/python3.8/site-packages/airflow/example_dags/example_short_circuit_decorator.py for tasks to queue
[2025-01-14T00:07:56.727+0000] {logging_mixin.py:188} INFO - [2025-01-14T00:07:56.726+0000] {dagbag.py:538} INFO - Filling up the DagBag from /home/airflow/.local/lib/python3.8/site-packages/airflow/example_dags/example_short_circuit_decorator.py
[2025-01-14T00:07:56.732+0000] {processor.py:840} INFO - DAG(s) 'example_short_circuit_decorator' retrieved from /home/airflow/.local/lib/python3.8/site-packages/airflow/example_dags/example_short_circuit_decorator.py
[2025-01-14T00:07:56.746+0000] {logging_mixin.py:188} INFO - [2025-01-14T00:07:56.746+0000] {dag.py:3036} INFO - Sync 1 DAGs
[2025-01-14T00:07:56.759+0000] {logging_mixin.py:188} INFO - [2025-01-14T00:07:56.759+0000] {dag.py:3823} INFO - Setting next_dagrun for example_short_circuit_decorator to 2025-01-13 00:00:00+00:00, run_after=2025-01-14 00:00:00+00:00
[2025-01-14T00:07:56.772+0000] {processor.py:183} INFO - Processing /home/airflow/.local/lib/python3.8/site-packages/airflow/example_dags/example_short_circuit_decorator.py took 0.049 seconds
[2025-01-14T00:08:27.067+0000] {processor.py:161} INFO - Started process (PID=313) to work on /home/airflow/.local/lib/python3.8/site-packages/airflow/example_dags/example_short_circuit_decorator.py
[2025-01-14T00:08:27.068+0000] {processor.py:830} INFO - Processing file /home/airflow/.local/lib/python3.8/site-packages/airflow/example_dags/example_short_circuit_decorator.py for tasks to queue
[2025-01-14T00:08:27.069+0000] {logging_mixin.py:188} INFO - [2025-01-14T00:08:27.069+0000] {dagbag.py:538} INFO - Filling up the DagBag from /home/airflow/.local/lib/python3.8/site-packages/airflow/example_dags/example_short_circuit_decorator.py
[2025-01-14T00:08:27.077+0000] {processor.py:840} INFO - DAG(s) 'example_short_circuit_decorator' retrieved from /home/airflow/.local/lib/python3.8/site-packages/airflow/example_dags/example_short_circuit_decorator.py
[2025-01-14T00:08:27.093+0000] {logging_mixin.py:188} INFO - [2025-01-14T00:08:27.093+0000] {dag.py:3036} INFO - Sync 1 DAGs
[2025-01-14T00:08:27.108+0000] {logging_mixin.py:188} INFO - [2025-01-14T00:08:27.108+0000] {dag.py:3823} INFO - Setting next_dagrun for example_short_circuit_decorator to 2025-01-13 00:00:00+00:00, run_after=2025-01-14 00:00:00+00:00
[2025-01-14T00:08:27.122+0000] {processor.py:183} INFO - Processing /home/airflow/.local/lib/python3.8/site-packages/airflow/example_dags/example_short_circuit_decorator.py took 0.057 seconds
[2025-01-14T00:08:57.267+0000] {processor.py:161} INFO - Started process (PID=372) to work on /home/airflow/.local/lib/python3.8/site-packages/airflow/example_dags/example_short_circuit_decorator.py
[2025-01-14T00:08:57.268+0000] {processor.py:830} INFO - Processing file /home/airflow/.local/lib/python3.8/site-packages/airflow/example_dags/example_short_circuit_decorator.py for tasks to queue
[2025-01-14T00:08:57.269+0000] {logging_mixin.py:188} INFO - [2025-01-14T00:08:57.269+0000] {dagbag.py:538} INFO - Filling up the DagBag from /home/airflow/.local/lib/python3.8/site-packages/airflow/example_dags/example_short_circuit_decorator.py
[2025-01-14T00:08:57.276+0000] {processor.py:840} INFO - DAG(s) 'example_short_circuit_decorator' retrieved from /home/airflow/.local/lib/python3.8/site-packages/airflow/example_dags/example_short_circuit_decorator.py
[2025-01-14T00:08:57.293+0000] {logging_mixin.py:188} INFO - [2025-01-14T00:08:57.293+0000] {dag.py:3036} INFO - Sync 1 DAGs
[2025-01-14T00:08:57.310+0000] {logging_mixin.py:188} INFO - [2025-01-14T00:08:57.310+0000] {dag.py:3823} INFO - Setting next_dagrun for example_short_circuit_decorator to 2025-01-13 00:00:00+00:00, run_after=2025-01-14 00:00:00+00:00
[2025-01-14T00:08:57.331+0000] {processor.py:183} INFO - Processing /home/airflow/.local/lib/python3.8/site-packages/airflow/example_dags/example_short_circuit_decorator.py took 0.066 seconds
[2025-01-14T00:09:27.623+0000] {processor.py:161} INFO - Started process (PID=431) to work on /home/airflow/.local/lib/python3.8/site-packages/airflow/example_dags/example_short_circuit_decorator.py
[2025-01-14T00:09:27.623+0000] {processor.py:830} INFO - Processing file /home/airflow/.local/lib/python3.8/site-packages/airflow/example_dags/example_short_circuit_decorator.py for tasks to queue
[2025-01-14T00:09:27.625+0000] {logging_mixin.py:188} INFO - [2025-01-14T00:09:27.624+0000] {dagbag.py:538} INFO - Filling up the DagBag from /home/airflow/.local/lib/python3.8/site-packages/airflow/example_dags/example_short_circuit_decorator.py
[2025-01-14T00:09:27.630+0000] {processor.py:840} INFO - DAG(s) 'example_short_circuit_decorator' retrieved from /home/airflow/.local/lib/python3.8/site-packages/airflow/example_dags/example_short_circuit_decorator.py
[2025-01-14T00:09:27.645+0000] {logging_mixin.py:188} INFO - [2025-01-14T00:09:27.645+0000] {dag.py:3036} INFO - Sync 1 DAGs
[2025-01-14T00:09:27.658+0000] {logging_mixin.py:188} INFO - [2025-01-14T00:09:27.658+0000] {dag.py:3823} INFO - Setting next_dagrun for example_short_circuit_decorator to 2025-01-13 00:00:00+00:00, run_after=2025-01-14 00:00:00+00:00
[2025-01-14T00:09:27.672+0000] {processor.py:183} INFO - Processing /home/airflow/.local/lib/python3.8/site-packages/airflow/example_dags/example_short_circuit_decorator.py took 0.051 seconds
[2025-01-14T00:09:58.658+0000] {processor.py:161} INFO - Started process (PID=490) to work on /home/airflow/.local/lib/python3.8/site-packages/airflow/example_dags/example_short_circuit_decorator.py
[2025-01-14T00:09:58.659+0000] {processor.py:830} INFO - Processing file /home/airflow/.local/lib/python3.8/site-packages/airflow/example_dags/example_short_circuit_decorator.py for tasks to queue
[2025-01-14T00:09:58.660+0000] {logging_mixin.py:188} INFO - [2025-01-14T00:09:58.660+0000] {dagbag.py:538} INFO - Filling up the DagBag from /home/airflow/.local/lib/python3.8/site-packages/airflow/example_dags/example_short_circuit_decorator.py
[2025-01-14T00:09:58.665+0000] {processor.py:840} INFO - DAG(s) 'example_short_circuit_decorator' retrieved from /home/airflow/.local/lib/python3.8/site-packages/airflow/example_dags/example_short_circuit_decorator.py
[2025-01-14T00:09:58.679+0000] {logging_mixin.py:188} INFO - [2025-01-14T00:09:58.679+0000] {dag.py:3036} INFO - Sync 1 DAGs
[2025-01-14T00:09:58.693+0000] {logging_mixin.py:188} INFO - [2025-01-14T00:09:58.693+0000] {dag.py:3823} INFO - Setting next_dagrun for example_short_circuit_decorator to 2025-01-13 00:00:00+00:00, run_after=2025-01-14 00:00:00+00:00
[2025-01-14T00:09:58.705+0000] {processor.py:183} INFO - Processing /home/airflow/.local/lib/python3.8/site-packages/airflow/example_dags/example_short_circuit_decorator.py took 0.049 seconds
[2025-01-14T00:10:30.051+0000] {processor.py:161} INFO - Started process (PID=549) to work on /home/airflow/.local/lib/python3.8/site-packages/airflow/example_dags/example_short_circuit_decorator.py
[2025-01-14T00:10:30.051+0000] {processor.py:830} INFO - Processing file /home/airflow/.local/lib/python3.8/site-packages/airflow/example_dags/example_short_circuit_decorator.py for tasks to queue
[2025-01-14T00:10:30.052+0000] {logging_mixin.py:188} INFO - [2025-01-14T00:10:30.052+0000] {dagbag.py:538} INFO - Filling up the DagBag from /home/airflow/.local/lib/python3.8/site-packages/airflow/example_dags/example_short_circuit_decorator.py
[2025-01-14T00:10:30.058+0000] {processor.py:840} INFO - DAG(s) 'example_short_circuit_decorator' retrieved from /home/airflow/.local/lib/python3.8/site-packages/airflow/example_dags/example_short_circuit_decorator.py
[2025-01-14T00:10:30.072+0000] {logging_mixin.py:188} INFO - [2025-01-14T00:10:30.072+0000] {dag.py:3036} INFO - Sync 1 DAGs
[2025-01-14T00:10:30.085+0000] {logging_mixin.py:188} INFO - [2025-01-14T00:10:30.085+0000] {dag.py:3823} INFO - Setting next_dagrun for example_short_circuit_decorator to 2025-01-13 00:00:00+00:00, run_after=2025-01-14 00:00:00+00:00
[2025-01-14T00:10:30.097+0000] {processor.py:183} INFO - Processing /home/airflow/.local/lib/python3.8/site-packages/airflow/example_dags/example_short_circuit_decorator.py took 0.048 seconds
[2025-01-14T00:11:01.152+0000] {processor.py:161} INFO - Started process (PID=608) to work on /home/airflow/.local/lib/python3.8/site-packages/airflow/example_dags/example_short_circuit_decorator.py
[2025-01-14T00:11:01.153+0000] {processor.py:830} INFO - Processing file /home/airflow/.local/lib/python3.8/site-packages/airflow/example_dags/example_short_circuit_decorator.py for tasks to queue
[2025-01-14T00:11:01.154+0000] {logging_mixin.py:188} INFO - [2025-01-14T00:11:01.154+0000] {dagbag.py:538} INFO - Filling up the DagBag from /home/airflow/.local/lib/python3.8/site-packages/airflow/example_dags/example_short_circuit_decorator.py
[2025-01-14T00:11:01.159+0000] {processor.py:840} INFO - DAG(s) 'example_short_circuit_decorator' retrieved from /home/airflow/.local/lib/python3.8/site-packages/airflow/example_dags/example_short_circuit_decorator.py
[2025-01-14T00:11:01.174+0000] {logging_mixin.py:188} INFO - [2025-01-14T00:11:01.174+0000] {dag.py:3036} INFO - Sync 1 DAGs
[2025-01-14T00:11:01.188+0000] {logging_mixin.py:188} INFO - [2025-01-14T00:11:01.188+0000] {dag.py:3823} INFO - Setting next_dagrun for example_short_circuit_decorator to 2025-01-13 00:00:00+00:00, run_after=2025-01-14 00:00:00+00:00
[2025-01-14T00:11:01.203+0000] {processor.py:183} INFO - Processing /home/airflow/.local/lib/python3.8/site-packages/airflow/example_dags/example_short_circuit_decorator.py took 0.053 seconds
[2025-01-14T00:11:32.368+0000] {processor.py:161} INFO - Started process (PID=667) to work on /home/airflow/.local/lib/python3.8/site-packages/airflow/example_dags/example_short_circuit_decorator.py
[2025-01-14T00:11:32.368+0000] {processor.py:830} INFO - Processing file /home/airflow/.local/lib/python3.8/site-packages/airflow/example_dags/example_short_circuit_decorator.py for tasks to queue
[2025-01-14T00:11:32.369+0000] {logging_mixin.py:188} INFO - [2025-01-14T00:11:32.369+0000] {dagbag.py:538} INFO - Filling up the DagBag from /home/airflow/.local/lib/python3.8/site-packages/airflow/example_dags/example_short_circuit_decorator.py
[2025-01-14T00:11:32.375+0000] {processor.py:840} INFO - DAG(s) 'example_short_circuit_decorator' retrieved from /home/airflow/.local/lib/python3.8/site-packages/airflow/example_dags/example_short_circuit_decorator.py
[2025-01-14T00:11:32.389+0000] {logging_mixin.py:188} INFO - [2025-01-14T00:11:32.389+0000] {dag.py:3036} INFO - Sync 1 DAGs
[2025-01-14T00:11:32.403+0000] {logging_mixin.py:188} INFO - [2025-01-14T00:11:32.402+0000] {dag.py:3823} INFO - Setting next_dagrun for example_short_circuit_decorator to 2025-01-13 00:00:00+00:00, run_after=2025-01-14 00:00:00+00:00
[2025-01-14T00:11:32.414+0000] {processor.py:183} INFO - Processing /home/airflow/.local/lib/python3.8/site-packages/airflow/example_dags/example_short_circuit_decorator.py took 0.049 seconds
[2025-01-14T00:12:03.700+0000] {processor.py:161} INFO - Started process (PID=726) to work on /home/airflow/.local/lib/python3.8/site-packages/airflow/example_dags/example_short_circuit_decorator.py
[2025-01-14T00:12:03.700+0000] {processor.py:830} INFO - Processing file /home/airflow/.local/lib/python3.8/site-packages/airflow/example_dags/example_short_circuit_decorator.py for tasks to queue
[2025-01-14T00:12:03.702+0000] {logging_mixin.py:188} INFO - [2025-01-14T00:12:03.701+0000] {dagbag.py:538} INFO - Filling up the DagBag from /home/airflow/.local/lib/python3.8/site-packages/airflow/example_dags/example_short_circuit_decorator.py
[2025-01-14T00:12:03.707+0000] {processor.py:840} INFO - DAG(s) 'example_short_circuit_decorator' retrieved from /home/airflow/.local/lib/python3.8/site-packages/airflow/example_dags/example_short_circuit_decorator.py
[2025-01-14T00:12:03.723+0000] {logging_mixin.py:188} INFO - [2025-01-14T00:12:03.723+0000] {dag.py:3036} INFO - Sync 1 DAGs
[2025-01-14T00:12:03.738+0000] {logging_mixin.py:188} INFO - [2025-01-14T00:12:03.738+0000] {dag.py:3823} INFO - Setting next_dagrun for example_short_circuit_decorator to 2025-01-13 00:00:00+00:00, run_after=2025-01-14 00:00:00+00:00
[2025-01-14T00:12:03.751+0000] {processor.py:183} INFO - Processing /home/airflow/.local/lib/python3.8/site-packages/airflow/example_dags/example_short_circuit_decorator.py took 0.053 seconds
[2025-01-14T00:12:34.820+0000] {processor.py:161} INFO - Started process (PID=785) to work on /home/airflow/.local/lib/python3.8/site-packages/airflow/example_dags/example_short_circuit_decorator.py
[2025-01-14T00:12:34.821+0000] {processor.py:830} INFO - Processing file /home/airflow/.local/lib/python3.8/site-packages/airflow/example_dags/example_short_circuit_decorator.py for tasks to queue
[2025-01-14T00:12:34.822+0000] {logging_mixin.py:188} INFO - [2025-01-14T00:12:34.822+0000] {dagbag.py:538} INFO - Filling up the DagBag from /home/airflow/.local/lib/python3.8/site-packages/airflow/example_dags/example_short_circuit_decorator.py
[2025-01-14T00:12:34.827+0000] {processor.py:840} INFO - DAG(s) 'example_short_circuit_decorator' retrieved from /home/airflow/.local/lib/python3.8/site-packages/airflow/example_dags/example_short_circuit_decorator.py
[2025-01-14T00:12:34.841+0000] {logging_mixin.py:188} INFO - [2025-01-14T00:12:34.841+0000] {dag.py:3036} INFO - Sync 1 DAGs
[2025-01-14T00:12:34.854+0000] {logging_mixin.py:188} INFO - [2025-01-14T00:12:34.854+0000] {dag.py:3823} INFO - Setting next_dagrun for example_short_circuit_decorator to 2025-01-13 00:00:00+00:00, run_after=2025-01-14 00:00:00+00:00
[2025-01-14T00:12:34.866+0000] {processor.py:183} INFO - Processing /home/airflow/.local/lib/python3.8/site-packages/airflow/example_dags/example_short_circuit_decorator.py took 0.048 seconds
[2025-01-14T00:13:05.928+0000] {processor.py:161} INFO - Started process (PID=844) to work on /home/airflow/.local/lib/python3.8/site-packages/airflow/example_dags/example_short_circuit_decorator.py
[2025-01-14T00:13:05.929+0000] {processor.py:830} INFO - Processing file /home/airflow/.local/lib/python3.8/site-packages/airflow/example_dags/example_short_circuit_decorator.py for tasks to queue
[2025-01-14T00:13:05.930+0000] {logging_mixin.py:188} INFO - [2025-01-14T00:13:05.930+0000] {dagbag.py:538} INFO - Filling up the DagBag from /home/airflow/.local/lib/python3.8/site-packages/airflow/example_dags/example_short_circuit_decorator.py
[2025-01-14T00:13:05.936+0000] {processor.py:840} INFO - DAG(s) 'example_short_circuit_decorator' retrieved from /home/airflow/.local/lib/python3.8/site-packages/airflow/example_dags/example_short_circuit_decorator.py
[2025-01-14T00:13:05.951+0000] {logging_mixin.py:188} INFO - [2025-01-14T00:13:05.951+0000] {dag.py:3036} INFO - Sync 1 DAGs
[2025-01-14T00:13:05.964+0000] {logging_mixin.py:188} INFO - [2025-01-14T00:13:05.964+0000] {dag.py:3823} INFO - Setting next_dagrun for example_short_circuit_decorator to 2025-01-13 00:00:00+00:00, run_after=2025-01-14 00:00:00+00:00
[2025-01-14T00:13:05.977+0000] {processor.py:183} INFO - Processing /home/airflow/.local/lib/python3.8/site-packages/airflow/example_dags/example_short_circuit_decorator.py took 0.051 seconds
[2025-01-14T00:13:37.091+0000] {processor.py:161} INFO - Started process (PID=903) to work on /home/airflow/.local/lib/python3.8/site-packages/airflow/example_dags/example_short_circuit_decorator.py
[2025-01-14T00:13:37.092+0000] {processor.py:830} INFO - Processing file /home/airflow/.local/lib/python3.8/site-packages/airflow/example_dags/example_short_circuit_decorator.py for tasks to queue
[2025-01-14T00:13:37.094+0000] {logging_mixin.py:188} INFO - [2025-01-14T00:13:37.093+0000] {dagbag.py:538} INFO - Filling up the DagBag from /home/airflow/.local/lib/python3.8/site-packages/airflow/example_dags/example_short_circuit_decorator.py
[2025-01-14T00:13:37.099+0000] {processor.py:840} INFO - DAG(s) 'example_short_circuit_decorator' retrieved from /home/airflow/.local/lib/python3.8/site-packages/airflow/example_dags/example_short_circuit_decorator.py
[2025-01-14T00:13:37.114+0000] {logging_mixin.py:188} INFO - [2025-01-14T00:13:37.114+0000] {dag.py:3036} INFO - Sync 1 DAGs
[2025-01-14T00:13:37.128+0000] {logging_mixin.py:188} INFO - [2025-01-14T00:13:37.127+0000] {dag.py:3823} INFO - Setting next_dagrun for example_short_circuit_decorator to 2025-01-13 00:00:00+00:00, run_after=2025-01-14 00:00:00+00:00
[2025-01-14T00:13:37.140+0000] {processor.py:183} INFO - Processing /home/airflow/.local/lib/python3.8/site-packages/airflow/example_dags/example_short_circuit_decorator.py took 0.051 seconds
[2025-01-14T00:14:07.505+0000] {processor.py:161} INFO - Started process (PID=962) to work on /home/airflow/.local/lib/python3.8/site-packages/airflow/example_dags/example_short_circuit_decorator.py
[2025-01-14T00:14:07.505+0000] {processor.py:830} INFO - Processing file /home/airflow/.local/lib/python3.8/site-packages/airflow/example_dags/example_short_circuit_decorator.py for tasks to queue
[2025-01-14T00:14:07.506+0000] {logging_mixin.py:188} INFO - [2025-01-14T00:14:07.506+0000] {dagbag.py:538} INFO - Filling up the DagBag from /home/airflow/.local/lib/python3.8/site-packages/airflow/example_dags/example_short_circuit_decorator.py
[2025-01-14T00:14:07.512+0000] {processor.py:840} INFO - DAG(s) 'example_short_circuit_decorator' retrieved from /home/airflow/.local/lib/python3.8/site-packages/airflow/example_dags/example_short_circuit_decorator.py
[2025-01-14T00:14:07.526+0000] {logging_mixin.py:188} INFO - [2025-01-14T00:14:07.526+0000] {dag.py:3036} INFO - Sync 1 DAGs
[2025-01-14T00:14:07.540+0000] {logging_mixin.py:188} INFO - [2025-01-14T00:14:07.539+0000] {dag.py:3823} INFO - Setting next_dagrun for example_short_circuit_decorator to 2025-01-13 00:00:00+00:00, run_after=2025-01-14 00:00:00+00:00
[2025-01-14T00:14:07.552+0000] {processor.py:183} INFO - Processing /home/airflow/.local/lib/python3.8/site-packages/airflow/example_dags/example_short_circuit_decorator.py took 0.049 seconds
[2025-01-14T00:14:38.758+0000] {processor.py:161} INFO - Started process (PID=1021) to work on /home/airflow/.local/lib/python3.8/site-packages/airflow/example_dags/example_short_circuit_decorator.py
[2025-01-14T00:14:38.759+0000] {processor.py:830} INFO - Processing file /home/airflow/.local/lib/python3.8/site-packages/airflow/example_dags/example_short_circuit_decorator.py for tasks to queue
[2025-01-14T00:14:38.760+0000] {logging_mixin.py:188} INFO - [2025-01-14T00:14:38.760+0000] {dagbag.py:538} INFO - Filling up the DagBag from /home/airflow/.local/lib/python3.8/site-packages/airflow/example_dags/example_short_circuit_decorator.py
[2025-01-14T00:14:38.766+0000] {processor.py:840} INFO - DAG(s) 'example_short_circuit_decorator' retrieved from /home/airflow/.local/lib/python3.8/site-packages/airflow/example_dags/example_short_circuit_decorator.py
[2025-01-14T00:14:38.780+0000] {logging_mixin.py:188} INFO - [2025-01-14T00:14:38.780+0000] {dag.py:3036} INFO - Sync 1 DAGs
[2025-01-14T00:14:38.794+0000] {logging_mixin.py:188} INFO - [2025-01-14T00:14:38.794+0000] {dag.py:3823} INFO - Setting next_dagrun for example_short_circuit_decorator to 2025-01-13 00:00:00+00:00, run_after=2025-01-14 00:00:00+00:00
[2025-01-14T00:14:38.806+0000] {processor.py:183} INFO - Processing /home/airflow/.local/lib/python3.8/site-packages/airflow/example_dags/example_short_circuit_decorator.py took 0.050 seconds
[2025-01-14T00:15:09.809+0000] {processor.py:161} INFO - Started process (PID=1080) to work on /home/airflow/.local/lib/python3.8/site-packages/airflow/example_dags/example_short_circuit_decorator.py
[2025-01-14T00:15:09.810+0000] {processor.py:830} INFO - Processing file /home/airflow/.local/lib/python3.8/site-packages/airflow/example_dags/example_short_circuit_decorator.py for tasks to queue
[2025-01-14T00:15:09.811+0000] {logging_mixin.py:188} INFO - [2025-01-14T00:15:09.811+0000] {dagbag.py:538} INFO - Filling up the DagBag from /home/airflow/.local/lib/python3.8/site-packages/airflow/example_dags/example_short_circuit_decorator.py
[2025-01-14T00:15:09.817+0000] {processor.py:840} INFO - DAG(s) 'example_short_circuit_decorator' retrieved from /home/airflow/.local/lib/python3.8/site-packages/airflow/example_dags/example_short_circuit_decorator.py
[2025-01-14T00:15:09.833+0000] {logging_mixin.py:188} INFO - [2025-01-14T00:15:09.832+0000] {dag.py:3036} INFO - Sync 1 DAGs
[2025-01-14T00:15:09.849+0000] {logging_mixin.py:188} INFO - [2025-01-14T00:15:09.848+0000] {dag.py:3823} INFO - Setting next_dagrun for example_short_circuit_decorator to 2025-01-13 00:00:00+00:00, run_after=2025-01-14 00:00:00+00:00
[2025-01-14T00:15:09.861+0000] {processor.py:183} INFO - Processing /home/airflow/.local/lib/python3.8/site-packages/airflow/example_dags/example_short_circuit_decorator.py took 0.054 seconds
[2025-01-14T00:15:41.061+0000] {processor.py:161} INFO - Started process (PID=1139) to work on /home/airflow/.local/lib/python3.8/site-packages/airflow/example_dags/example_short_circuit_decorator.py
[2025-01-14T00:15:41.061+0000] {processor.py:830} INFO - Processing file /home/airflow/.local/lib/python3.8/site-packages/airflow/example_dags/example_short_circuit_decorator.py for tasks to queue
[2025-01-14T00:15:41.062+0000] {logging_mixin.py:188} INFO - [2025-01-14T00:15:41.062+0000] {dagbag.py:538} INFO - Filling up the DagBag from /home/airflow/.local/lib/python3.8/site-packages/airflow/example_dags/example_short_circuit_decorator.py
[2025-01-14T00:15:41.068+0000] {processor.py:840} INFO - DAG(s) 'example_short_circuit_decorator' retrieved from /home/airflow/.local/lib/python3.8/site-packages/airflow/example_dags/example_short_circuit_decorator.py
[2025-01-14T00:15:41.082+0000] {logging_mixin.py:188} INFO - [2025-01-14T00:15:41.082+0000] {dag.py:3036} INFO - Sync 1 DAGs
[2025-01-14T00:15:41.095+0000] {logging_mixin.py:188} INFO - [2025-01-14T00:15:41.095+0000] {dag.py:3823} INFO - Setting next_dagrun for example_short_circuit_decorator to 2025-01-13 00:00:00+00:00, run_after=2025-01-14 00:00:00+00:00
[2025-01-14T00:15:41.107+0000] {processor.py:183} INFO - Processing /home/airflow/.local/lib/python3.8/site-packages/airflow/example_dags/example_short_circuit_decorator.py took 0.049 seconds
[2025-01-14T00:16:12.430+0000] {processor.py:161} INFO - Started process (PID=1198) to work on /home/airflow/.local/lib/python3.8/site-packages/airflow/example_dags/example_short_circuit_decorator.py
[2025-01-14T00:16:12.431+0000] {processor.py:830} INFO - Processing file /home/airflow/.local/lib/python3.8/site-packages/airflow/example_dags/example_short_circuit_decorator.py for tasks to queue
[2025-01-14T00:16:12.432+0000] {logging_mixin.py:188} INFO - [2025-01-14T00:16:12.431+0000] {dagbag.py:538} INFO - Filling up the DagBag from /home/airflow/.local/lib/python3.8/site-packages/airflow/example_dags/example_short_circuit_decorator.py
[2025-01-14T00:16:12.437+0000] {processor.py:840} INFO - DAG(s) 'example_short_circuit_decorator' retrieved from /home/airflow/.local/lib/python3.8/site-packages/airflow/example_dags/example_short_circuit_decorator.py
[2025-01-14T00:16:12.451+0000] {logging_mixin.py:188} INFO - [2025-01-14T00:16:12.451+0000] {dag.py:3036} INFO - Sync 1 DAGs
[2025-01-14T00:16:12.464+0000] {logging_mixin.py:188} INFO - [2025-01-14T00:16:12.464+0000] {dag.py:3823} INFO - Setting next_dagrun for example_short_circuit_decorator to 2025-01-13 00:00:00+00:00, run_after=2025-01-14 00:00:00+00:00
[2025-01-14T00:16:12.476+0000] {processor.py:183} INFO - Processing /home/airflow/.local/lib/python3.8/site-packages/airflow/example_dags/example_short_circuit_decorator.py took 0.048 seconds
[2025-01-14T00:16:43.627+0000] {processor.py:161} INFO - Started process (PID=1263) to work on /home/airflow/.local/lib/python3.8/site-packages/airflow/example_dags/example_short_circuit_decorator.py
[2025-01-14T00:16:43.627+0000] {processor.py:830} INFO - Processing file /home/airflow/.local/lib/python3.8/site-packages/airflow/example_dags/example_short_circuit_decorator.py for tasks to queue
[2025-01-14T00:16:43.628+0000] {logging_mixin.py:188} INFO - [2025-01-14T00:16:43.628+0000] {dagbag.py:538} INFO - Filling up the DagBag from /home/airflow/.local/lib/python3.8/site-packages/airflow/example_dags/example_short_circuit_decorator.py
[2025-01-14T00:16:43.634+0000] {processor.py:840} INFO - DAG(s) 'example_short_circuit_decorator' retrieved from /home/airflow/.local/lib/python3.8/site-packages/airflow/example_dags/example_short_circuit_decorator.py
[2025-01-14T00:16:43.648+0000] {logging_mixin.py:188} INFO - [2025-01-14T00:16:43.648+0000] {dag.py:3036} INFO - Sync 1 DAGs
[2025-01-14T00:16:43.660+0000] {logging_mixin.py:188} INFO - [2025-01-14T00:16:43.660+0000] {dag.py:3823} INFO - Setting next_dagrun for example_short_circuit_decorator to 2025-01-13 00:00:00+00:00, run_after=2025-01-14 00:00:00+00:00
[2025-01-14T00:16:43.672+0000] {processor.py:183} INFO - Processing /home/airflow/.local/lib/python3.8/site-packages/airflow/example_dags/example_short_circuit_decorator.py took 0.047 seconds
[2025-01-14T00:17:14.759+0000] {processor.py:161} INFO - Started process (PID=1322) to work on /home/airflow/.local/lib/python3.8/site-packages/airflow/example_dags/example_short_circuit_decorator.py
[2025-01-14T00:17:14.760+0000] {processor.py:830} INFO - Processing file /home/airflow/.local/lib/python3.8/site-packages/airflow/example_dags/example_short_circuit_decorator.py for tasks to queue
[2025-01-14T00:17:14.761+0000] {logging_mixin.py:188} INFO - [2025-01-14T00:17:14.761+0000] {dagbag.py:538} INFO - Filling up the DagBag from /home/airflow/.local/lib/python3.8/site-packages/airflow/example_dags/example_short_circuit_decorator.py
[2025-01-14T00:17:14.768+0000] {processor.py:840} INFO - DAG(s) 'example_short_circuit_decorator' retrieved from /home/airflow/.local/lib/python3.8/site-packages/airflow/example_dags/example_short_circuit_decorator.py
[2025-01-14T00:17:14.784+0000] {logging_mixin.py:188} INFO - [2025-01-14T00:17:14.783+0000] {dag.py:3036} INFO - Sync 1 DAGs
[2025-01-14T00:17:14.796+0000] {logging_mixin.py:188} INFO - [2025-01-14T00:17:14.796+0000] {dag.py:3823} INFO - Setting next_dagrun for example_short_circuit_decorator to 2025-01-13 00:00:00+00:00, run_after=2025-01-14 00:00:00+00:00
[2025-01-14T00:17:14.808+0000] {processor.py:183} INFO - Processing /home/airflow/.local/lib/python3.8/site-packages/airflow/example_dags/example_short_circuit_decorator.py took 0.051 seconds
[2025-01-14T00:17:45.874+0000] {processor.py:161} INFO - Started process (PID=1381) to work on /home/airflow/.local/lib/python3.8/site-packages/airflow/example_dags/example_short_circuit_decorator.py
[2025-01-14T00:17:45.875+0000] {processor.py:830} INFO - Processing file /home/airflow/.local/lib/python3.8/site-packages/airflow/example_dags/example_short_circuit_decorator.py for tasks to queue
[2025-01-14T00:17:45.876+0000] {logging_mixin.py:188} INFO - [2025-01-14T00:17:45.876+0000] {dagbag.py:538} INFO - Filling up the DagBag from /home/airflow/.local/lib/python3.8/site-packages/airflow/example_dags/example_short_circuit_decorator.py
[2025-01-14T00:17:45.882+0000] {processor.py:840} INFO - DAG(s) 'example_short_circuit_decorator' retrieved from /home/airflow/.local/lib/python3.8/site-packages/airflow/example_dags/example_short_circuit_decorator.py
[2025-01-14T00:17:45.896+0000] {logging_mixin.py:188} INFO - [2025-01-14T00:17:45.896+0000] {dag.py:3036} INFO - Sync 1 DAGs
[2025-01-14T00:17:45.909+0000] {logging_mixin.py:188} INFO - [2025-01-14T00:17:45.909+0000] {dag.py:3823} INFO - Setting next_dagrun for example_short_circuit_decorator to 2025-01-13 00:00:00+00:00, run_after=2025-01-14 00:00:00+00:00
[2025-01-14T00:17:45.922+0000] {processor.py:183} INFO - Processing /home/airflow/.local/lib/python3.8/site-packages/airflow/example_dags/example_short_circuit_decorator.py took 0.049 seconds
[2025-01-14T00:18:16.310+0000] {processor.py:161} INFO - Started process (PID=1440) to work on /home/airflow/.local/lib/python3.8/site-packages/airflow/example_dags/example_short_circuit_decorator.py
[2025-01-14T00:18:16.310+0000] {processor.py:830} INFO - Processing file /home/airflow/.local/lib/python3.8/site-packages/airflow/example_dags/example_short_circuit_decorator.py for tasks to queue
[2025-01-14T00:18:16.311+0000] {logging_mixin.py:188} INFO - [2025-01-14T00:18:16.311+0000] {dagbag.py:538} INFO - Filling up the DagBag from /home/airflow/.local/lib/python3.8/site-packages/airflow/example_dags/example_short_circuit_decorator.py
[2025-01-14T00:18:16.317+0000] {processor.py:840} INFO - DAG(s) 'example_short_circuit_decorator' retrieved from /home/airflow/.local/lib/python3.8/site-packages/airflow/example_dags/example_short_circuit_decorator.py
[2025-01-14T00:18:16.331+0000] {logging_mixin.py:188} INFO - [2025-01-14T00:18:16.331+0000] {dag.py:3036} INFO - Sync 1 DAGs
[2025-01-14T00:18:16.344+0000] {logging_mixin.py:188} INFO - [2025-01-14T00:18:16.344+0000] {dag.py:3823} INFO - Setting next_dagrun for example_short_circuit_decorator to 2025-01-13 00:00:00+00:00, run_after=2025-01-14 00:00:00+00:00
[2025-01-14T00:18:16.356+0000] {processor.py:183} INFO - Processing /home/airflow/.local/lib/python3.8/site-packages/airflow/example_dags/example_short_circuit_decorator.py took 0.049 seconds
[2025-01-14T00:18:47.506+0000] {processor.py:161} INFO - Started process (PID=1499) to work on /home/airflow/.local/lib/python3.8/site-packages/airflow/example_dags/example_short_circuit_decorator.py
[2025-01-14T00:18:47.507+0000] {processor.py:830} INFO - Processing file /home/airflow/.local/lib/python3.8/site-packages/airflow/example_dags/example_short_circuit_decorator.py for tasks to queue
[2025-01-14T00:18:47.508+0000] {logging_mixin.py:188} INFO - [2025-01-14T00:18:47.507+0000] {dagbag.py:538} INFO - Filling up the DagBag from /home/airflow/.local/lib/python3.8/site-packages/airflow/example_dags/example_short_circuit_decorator.py
[2025-01-14T00:18:47.513+0000] {processor.py:840} INFO - DAG(s) 'example_short_circuit_decorator' retrieved from /home/airflow/.local/lib/python3.8/site-packages/airflow/example_dags/example_short_circuit_decorator.py
[2025-01-14T00:18:47.528+0000] {logging_mixin.py:188} INFO - [2025-01-14T00:18:47.528+0000] {dag.py:3036} INFO - Sync 1 DAGs
[2025-01-14T00:18:47.542+0000] {logging_mixin.py:188} INFO - [2025-01-14T00:18:47.542+0000] {dag.py:3823} INFO - Setting next_dagrun for example_short_circuit_decorator to 2025-01-13 00:00:00+00:00, run_after=2025-01-14 00:00:00+00:00
[2025-01-14T00:18:47.554+0000] {processor.py:183} INFO - Processing /home/airflow/.local/lib/python3.8/site-packages/airflow/example_dags/example_short_circuit_decorator.py took 0.051 seconds
[2025-01-14T00:19:18.608+0000] {processor.py:161} INFO - Started process (PID=1558) to work on /home/airflow/.local/lib/python3.8/site-packages/airflow/example_dags/example_short_circuit_decorator.py
[2025-01-14T00:19:18.609+0000] {processor.py:830} INFO - Processing file /home/airflow/.local/lib/python3.8/site-packages/airflow/example_dags/example_short_circuit_decorator.py for tasks to queue
[2025-01-14T00:19:18.610+0000] {logging_mixin.py:188} INFO - [2025-01-14T00:19:18.610+0000] {dagbag.py:538} INFO - Filling up the DagBag from /home/airflow/.local/lib/python3.8/site-packages/airflow/example_dags/example_short_circuit_decorator.py
[2025-01-14T00:19:18.616+0000] {processor.py:840} INFO - DAG(s) 'example_short_circuit_decorator' retrieved from /home/airflow/.local/lib/python3.8/site-packages/airflow/example_dags/example_short_circuit_decorator.py
[2025-01-14T00:19:18.631+0000] {logging_mixin.py:188} INFO - [2025-01-14T00:19:18.631+0000] {dag.py:3036} INFO - Sync 1 DAGs
[2025-01-14T00:19:18.645+0000] {logging_mixin.py:188} INFO - [2025-01-14T00:19:18.645+0000] {dag.py:3823} INFO - Setting next_dagrun for example_short_circuit_decorator to 2025-01-13 00:00:00+00:00, run_after=2025-01-14 00:00:00+00:00
[2025-01-14T00:19:18.659+0000] {processor.py:183} INFO - Processing /home/airflow/.local/lib/python3.8/site-packages/airflow/example_dags/example_short_circuit_decorator.py took 0.052 seconds
[2025-01-14T00:19:50.064+0000] {processor.py:161} INFO - Started process (PID=1617) to work on /home/airflow/.local/lib/python3.8/site-packages/airflow/example_dags/example_short_circuit_decorator.py
[2025-01-14T00:19:50.065+0000] {processor.py:830} INFO - Processing file /home/airflow/.local/lib/python3.8/site-packages/airflow/example_dags/example_short_circuit_decorator.py for tasks to queue
[2025-01-14T00:19:50.066+0000] {logging_mixin.py:188} INFO - [2025-01-14T00:19:50.066+0000] {dagbag.py:538} INFO - Filling up the DagBag from /home/airflow/.local/lib/python3.8/site-packages/airflow/example_dags/example_short_circuit_decorator.py
[2025-01-14T00:19:50.072+0000] {processor.py:840} INFO - DAG(s) 'example_short_circuit_decorator' retrieved from /home/airflow/.local/lib/python3.8/site-packages/airflow/example_dags/example_short_circuit_decorator.py
[2025-01-14T00:19:50.086+0000] {logging_mixin.py:188} INFO - [2025-01-14T00:19:50.086+0000] {dag.py:3036} INFO - Sync 1 DAGs
[2025-01-14T00:19:50.100+0000] {logging_mixin.py:188} INFO - [2025-01-14T00:19:50.099+0000] {dag.py:3823} INFO - Setting next_dagrun for example_short_circuit_decorator to 2025-01-13 00:00:00+00:00, run_after=2025-01-14 00:00:00+00:00
[2025-01-14T00:19:50.113+0000] {processor.py:183} INFO - Processing /home/airflow/.local/lib/python3.8/site-packages/airflow/example_dags/example_short_circuit_decorator.py took 0.051 seconds
[2025-01-14T00:20:21.699+0000] {processor.py:161} INFO - Started process (PID=1676) to work on /home/airflow/.local/lib/python3.8/site-packages/airflow/example_dags/example_short_circuit_decorator.py
[2025-01-14T00:20:21.700+0000] {processor.py:830} INFO - Processing file /home/airflow/.local/lib/python3.8/site-packages/airflow/example_dags/example_short_circuit_decorator.py for tasks to queue
[2025-01-14T00:20:21.701+0000] {logging_mixin.py:188} INFO - [2025-01-14T00:20:21.701+0000] {dagbag.py:538} INFO - Filling up the DagBag from /home/airflow/.local/lib/python3.8/site-packages/airflow/example_dags/example_short_circuit_decorator.py
[2025-01-14T00:20:21.707+0000] {processor.py:840} INFO - DAG(s) 'example_short_circuit_decorator' retrieved from /home/airflow/.local/lib/python3.8/site-packages/airflow/example_dags/example_short_circuit_decorator.py
[2025-01-14T00:20:21.724+0000] {logging_mixin.py:188} INFO - [2025-01-14T00:20:21.724+0000] {dag.py:3036} INFO - Sync 1 DAGs
[2025-01-14T00:20:21.739+0000] {logging_mixin.py:188} INFO - [2025-01-14T00:20:21.739+0000] {dag.py:3823} INFO - Setting next_dagrun for example_short_circuit_decorator to 2025-01-13 00:00:00+00:00, run_after=2025-01-14 00:00:00+00:00
[2025-01-14T00:20:21.754+0000] {processor.py:183} INFO - Processing /home/airflow/.local/lib/python3.8/site-packages/airflow/example_dags/example_short_circuit_decorator.py took 0.057 seconds
[2025-01-14T00:20:51.817+0000] {processor.py:161} INFO - Started process (PID=1735) to work on /home/airflow/.local/lib/python3.8/site-packages/airflow/example_dags/example_short_circuit_decorator.py
[2025-01-14T00:20:51.817+0000] {processor.py:830} INFO - Processing file /home/airflow/.local/lib/python3.8/site-packages/airflow/example_dags/example_short_circuit_decorator.py for tasks to queue
[2025-01-14T00:20:51.819+0000] {logging_mixin.py:188} INFO - [2025-01-14T00:20:51.819+0000] {dagbag.py:538} INFO - Filling up the DagBag from /home/airflow/.local/lib/python3.8/site-packages/airflow/example_dags/example_short_circuit_decorator.py
[2025-01-14T00:20:51.825+0000] {processor.py:840} INFO - DAG(s) 'example_short_circuit_decorator' retrieved from /home/airflow/.local/lib/python3.8/site-packages/airflow/example_dags/example_short_circuit_decorator.py
[2025-01-14T00:20:51.840+0000] {logging_mixin.py:188} INFO - [2025-01-14T00:20:51.840+0000] {dag.py:3036} INFO - Sync 1 DAGs
[2025-01-14T00:20:51.853+0000] {logging_mixin.py:188} INFO - [2025-01-14T00:20:51.853+0000] {dag.py:3823} INFO - Setting next_dagrun for example_short_circuit_decorator to 2025-01-13 00:00:00+00:00, run_after=2025-01-14 00:00:00+00:00
[2025-01-14T00:20:51.866+0000] {processor.py:183} INFO - Processing /home/airflow/.local/lib/python3.8/site-packages/airflow/example_dags/example_short_circuit_decorator.py took 0.051 seconds
[2025-01-14T00:21:22.795+0000] {processor.py:161} INFO - Started process (PID=1794) to work on /home/airflow/.local/lib/python3.8/site-packages/airflow/example_dags/example_short_circuit_decorator.py
[2025-01-14T00:21:22.796+0000] {processor.py:830} INFO - Processing file /home/airflow/.local/lib/python3.8/site-packages/airflow/example_dags/example_short_circuit_decorator.py for tasks to queue
[2025-01-14T00:21:22.797+0000] {logging_mixin.py:188} INFO - [2025-01-14T00:21:22.796+0000] {dagbag.py:538} INFO - Filling up the DagBag from /home/airflow/.local/lib/python3.8/site-packages/airflow/example_dags/example_short_circuit_decorator.py
[2025-01-14T00:21:22.802+0000] {processor.py:840} INFO - DAG(s) 'example_short_circuit_decorator' retrieved from /home/airflow/.local/lib/python3.8/site-packages/airflow/example_dags/example_short_circuit_decorator.py
[2025-01-14T00:21:22.816+0000] {logging_mixin.py:188} INFO - [2025-01-14T00:21:22.816+0000] {dag.py:3036} INFO - Sync 1 DAGs
[2025-01-14T00:21:22.829+0000] {logging_mixin.py:188} INFO - [2025-01-14T00:21:22.829+0000] {dag.py:3823} INFO - Setting next_dagrun for example_short_circuit_decorator to 2025-01-13 00:00:00+00:00, run_after=2025-01-14 00:00:00+00:00
[2025-01-14T00:21:22.841+0000] {processor.py:183} INFO - Processing /home/airflow/.local/lib/python3.8/site-packages/airflow/example_dags/example_short_circuit_decorator.py took 0.048 seconds
[2025-01-14T00:21:54.265+0000] {processor.py:161} INFO - Started process (PID=1853) to work on /home/airflow/.local/lib/python3.8/site-packages/airflow/example_dags/example_short_circuit_decorator.py
[2025-01-14T00:21:54.266+0000] {processor.py:830} INFO - Processing file /home/airflow/.local/lib/python3.8/site-packages/airflow/example_dags/example_short_circuit_decorator.py for tasks to queue
[2025-01-14T00:21:54.267+0000] {logging_mixin.py:188} INFO - [2025-01-14T00:21:54.267+0000] {dagbag.py:538} INFO - Filling up the DagBag from /home/airflow/.local/lib/python3.8/site-packages/airflow/example_dags/example_short_circuit_decorator.py
[2025-01-14T00:21:54.273+0000] {processor.py:840} INFO - DAG(s) 'example_short_circuit_decorator' retrieved from /home/airflow/.local/lib/python3.8/site-packages/airflow/example_dags/example_short_circuit_decorator.py
[2025-01-14T00:21:54.290+0000] {logging_mixin.py:188} INFO - [2025-01-14T00:21:54.290+0000] {dag.py:3036} INFO - Sync 1 DAGs
[2025-01-14T00:21:54.305+0000] {logging_mixin.py:188} INFO - [2025-01-14T00:21:54.305+0000] {dag.py:3823} INFO - Setting next_dagrun for example_short_circuit_decorator to 2025-01-13 00:00:00+00:00, run_after=2025-01-14 00:00:00+00:00
[2025-01-14T00:21:54.317+0000] {processor.py:183} INFO - Processing /home/airflow/.local/lib/python3.8/site-packages/airflow/example_dags/example_short_circuit_decorator.py took 0.055 seconds
[2025-01-14T00:22:25.409+0000] {processor.py:161} INFO - Started process (PID=1912) to work on /home/airflow/.local/lib/python3.8/site-packages/airflow/example_dags/example_short_circuit_decorator.py
[2025-01-14T00:22:25.410+0000] {processor.py:830} INFO - Processing file /home/airflow/.local/lib/python3.8/site-packages/airflow/example_dags/example_short_circuit_decorator.py for tasks to queue
[2025-01-14T00:22:25.411+0000] {logging_mixin.py:188} INFO - [2025-01-14T00:22:25.411+0000] {dagbag.py:538} INFO - Filling up the DagBag from /home/airflow/.local/lib/python3.8/site-packages/airflow/example_dags/example_short_circuit_decorator.py
[2025-01-14T00:22:25.417+0000] {processor.py:840} INFO - DAG(s) 'example_short_circuit_decorator' retrieved from /home/airflow/.local/lib/python3.8/site-packages/airflow/example_dags/example_short_circuit_decorator.py
[2025-01-14T00:22:25.432+0000] {logging_mixin.py:188} INFO - [2025-01-14T00:22:25.432+0000] {dag.py:3036} INFO - Sync 1 DAGs
[2025-01-14T00:22:25.446+0000] {logging_mixin.py:188} INFO - [2025-01-14T00:22:25.445+0000] {dag.py:3823} INFO - Setting next_dagrun for example_short_circuit_decorator to 2025-01-13 00:00:00+00:00, run_after=2025-01-14 00:00:00+00:00
[2025-01-14T00:22:25.457+0000] {processor.py:183} INFO - Processing /home/airflow/.local/lib/python3.8/site-packages/airflow/example_dags/example_short_circuit_decorator.py took 0.050 seconds
[2025-01-14T00:22:56.518+0000] {processor.py:161} INFO - Started process (PID=1971) to work on /home/airflow/.local/lib/python3.8/site-packages/airflow/example_dags/example_short_circuit_decorator.py
[2025-01-14T00:22:56.519+0000] {processor.py:830} INFO - Processing file /home/airflow/.local/lib/python3.8/site-packages/airflow/example_dags/example_short_circuit_decorator.py for tasks to queue
[2025-01-14T00:22:56.520+0000] {logging_mixin.py:188} INFO - [2025-01-14T00:22:56.520+0000] {dagbag.py:538} INFO - Filling up the DagBag from /home/airflow/.local/lib/python3.8/site-packages/airflow/example_dags/example_short_circuit_decorator.py
[2025-01-14T00:22:56.526+0000] {processor.py:840} INFO - DAG(s) 'example_short_circuit_decorator' retrieved from /home/airflow/.local/lib/python3.8/site-packages/airflow/example_dags/example_short_circuit_decorator.py
[2025-01-14T00:22:56.540+0000] {logging_mixin.py:188} INFO - [2025-01-14T00:22:56.539+0000] {dag.py:3036} INFO - Sync 1 DAGs
[2025-01-14T00:22:56.553+0000] {logging_mixin.py:188} INFO - [2025-01-14T00:22:56.552+0000] {dag.py:3823} INFO - Setting next_dagrun for example_short_circuit_decorator to 2025-01-13 00:00:00+00:00, run_after=2025-01-14 00:00:00+00:00
[2025-01-14T00:22:56.565+0000] {processor.py:183} INFO - Processing /home/airflow/.local/lib/python3.8/site-packages/airflow/example_dags/example_short_circuit_decorator.py took 0.049 seconds
[2025-01-14T00:23:27.710+0000] {processor.py:161} INFO - Started process (PID=2030) to work on /home/airflow/.local/lib/python3.8/site-packages/airflow/example_dags/example_short_circuit_decorator.py
[2025-01-14T00:23:27.711+0000] {processor.py:830} INFO - Processing file /home/airflow/.local/lib/python3.8/site-packages/airflow/example_dags/example_short_circuit_decorator.py for tasks to queue
[2025-01-14T00:23:27.712+0000] {logging_mixin.py:188} INFO - [2025-01-14T00:23:27.712+0000] {dagbag.py:538} INFO - Filling up the DagBag from /home/airflow/.local/lib/python3.8/site-packages/airflow/example_dags/example_short_circuit_decorator.py
[2025-01-14T00:23:27.717+0000] {processor.py:840} INFO - DAG(s) 'example_short_circuit_decorator' retrieved from /home/airflow/.local/lib/python3.8/site-packages/airflow/example_dags/example_short_circuit_decorator.py
[2025-01-14T00:23:27.730+0000] {logging_mixin.py:188} INFO - [2025-01-14T00:23:27.730+0000] {dag.py:3036} INFO - Sync 1 DAGs
[2025-01-14T00:23:27.743+0000] {logging_mixin.py:188} INFO - [2025-01-14T00:23:27.743+0000] {dag.py:3823} INFO - Setting next_dagrun for example_short_circuit_decorator to 2025-01-13 00:00:00+00:00, run_after=2025-01-14 00:00:00+00:00
[2025-01-14T00:23:27.754+0000] {processor.py:183} INFO - Processing /home/airflow/.local/lib/python3.8/site-packages/airflow/example_dags/example_short_circuit_decorator.py took 0.046 seconds
[2025-01-14T00:23:58.794+0000] {processor.py:161} INFO - Started process (PID=2089) to work on /home/airflow/.local/lib/python3.8/site-packages/airflow/example_dags/example_short_circuit_decorator.py
[2025-01-14T00:23:58.795+0000] {processor.py:830} INFO - Processing file /home/airflow/.local/lib/python3.8/site-packages/airflow/example_dags/example_short_circuit_decorator.py for tasks to queue
[2025-01-14T00:23:58.796+0000] {logging_mixin.py:188} INFO - [2025-01-14T00:23:58.796+0000] {dagbag.py:538} INFO - Filling up the DagBag from /home/airflow/.local/lib/python3.8/site-packages/airflow/example_dags/example_short_circuit_decorator.py
[2025-01-14T00:23:58.801+0000] {processor.py:840} INFO - DAG(s) 'example_short_circuit_decorator' retrieved from /home/airflow/.local/lib/python3.8/site-packages/airflow/example_dags/example_short_circuit_decorator.py
[2025-01-14T00:23:58.815+0000] {logging_mixin.py:188} INFO - [2025-01-14T00:23:58.815+0000] {dag.py:3036} INFO - Sync 1 DAGs
[2025-01-14T00:23:58.828+0000] {logging_mixin.py:188} INFO - [2025-01-14T00:23:58.828+0000] {dag.py:3823} INFO - Setting next_dagrun for example_short_circuit_decorator to 2025-01-13 00:00:00+00:00, run_after=2025-01-14 00:00:00+00:00
[2025-01-14T00:23:58.840+0000] {processor.py:183} INFO - Processing /home/airflow/.local/lib/python3.8/site-packages/airflow/example_dags/example_short_circuit_decorator.py took 0.048 seconds
[2025-01-14T00:24:29.930+0000] {processor.py:161} INFO - Started process (PID=2148) to work on /home/airflow/.local/lib/python3.8/site-packages/airflow/example_dags/example_short_circuit_decorator.py
[2025-01-14T00:24:29.931+0000] {processor.py:830} INFO - Processing file /home/airflow/.local/lib/python3.8/site-packages/airflow/example_dags/example_short_circuit_decorator.py for tasks to queue
[2025-01-14T00:24:29.932+0000] {logging_mixin.py:188} INFO - [2025-01-14T00:24:29.932+0000] {dagbag.py:538} INFO - Filling up the DagBag from /home/airflow/.local/lib/python3.8/site-packages/airflow/example_dags/example_short_circuit_decorator.py
[2025-01-14T00:24:29.937+0000] {processor.py:840} INFO - DAG(s) 'example_short_circuit_decorator' retrieved from /home/airflow/.local/lib/python3.8/site-packages/airflow/example_dags/example_short_circuit_decorator.py
[2025-01-14T00:24:29.951+0000] {logging_mixin.py:188} INFO - [2025-01-14T00:24:29.951+0000] {dag.py:3036} INFO - Sync 1 DAGs
[2025-01-14T00:24:29.964+0000] {logging_mixin.py:188} INFO - [2025-01-14T00:24:29.964+0000] {dag.py:3823} INFO - Setting next_dagrun for example_short_circuit_decorator to 2025-01-13 00:00:00+00:00, run_after=2025-01-14 00:00:00+00:00
[2025-01-14T00:24:29.977+0000] {processor.py:183} INFO - Processing /home/airflow/.local/lib/python3.8/site-packages/airflow/example_dags/example_short_circuit_decorator.py took 0.048 seconds
[2025-01-14T00:25:00.298+0000] {processor.py:161} INFO - Started process (PID=2207) to work on /home/airflow/.local/lib/python3.8/site-packages/airflow/example_dags/example_short_circuit_decorator.py
[2025-01-14T00:25:00.299+0000] {processor.py:830} INFO - Processing file /home/airflow/.local/lib/python3.8/site-packages/airflow/example_dags/example_short_circuit_decorator.py for tasks to queue
[2025-01-14T00:25:00.300+0000] {logging_mixin.py:188} INFO - [2025-01-14T00:25:00.299+0000] {dagbag.py:538} INFO - Filling up the DagBag from /home/airflow/.local/lib/python3.8/site-packages/airflow/example_dags/example_short_circuit_decorator.py
[2025-01-14T00:25:00.305+0000] {processor.py:840} INFO - DAG(s) 'example_short_circuit_decorator' retrieved from /home/airflow/.local/lib/python3.8/site-packages/airflow/example_dags/example_short_circuit_decorator.py
[2025-01-14T00:25:00.319+0000] {logging_mixin.py:188} INFO - [2025-01-14T00:25:00.319+0000] {dag.py:3036} INFO - Sync 1 DAGs
[2025-01-14T00:25:00.333+0000] {logging_mixin.py:188} INFO - [2025-01-14T00:25:00.332+0000] {dag.py:3823} INFO - Setting next_dagrun for example_short_circuit_decorator to 2025-01-13 00:00:00+00:00, run_after=2025-01-14 00:00:00+00:00
[2025-01-14T00:25:00.345+0000] {processor.py:183} INFO - Processing /home/airflow/.local/lib/python3.8/site-packages/airflow/example_dags/example_short_circuit_decorator.py took 0.049 seconds
[2025-01-14T00:25:31.309+0000] {processor.py:161} INFO - Started process (PID=2266) to work on /home/airflow/.local/lib/python3.8/site-packages/airflow/example_dags/example_short_circuit_decorator.py
[2025-01-14T00:25:31.310+0000] {processor.py:830} INFO - Processing file /home/airflow/.local/lib/python3.8/site-packages/airflow/example_dags/example_short_circuit_decorator.py for tasks to queue
[2025-01-14T00:25:31.311+0000] {logging_mixin.py:188} INFO - [2025-01-14T00:25:31.311+0000] {dagbag.py:538} INFO - Filling up the DagBag from /home/airflow/.local/lib/python3.8/site-packages/airflow/example_dags/example_short_circuit_decorator.py
[2025-01-14T00:25:31.316+0000] {processor.py:840} INFO - DAG(s) 'example_short_circuit_decorator' retrieved from /home/airflow/.local/lib/python3.8/site-packages/airflow/example_dags/example_short_circuit_decorator.py
[2025-01-14T00:25:31.330+0000] {logging_mixin.py:188} INFO - [2025-01-14T00:25:31.330+0000] {dag.py:3036} INFO - Sync 1 DAGs
[2025-01-14T00:25:31.344+0000] {logging_mixin.py:188} INFO - [2025-01-14T00:25:31.344+0000] {dag.py:3823} INFO - Setting next_dagrun for example_short_circuit_decorator to 2025-01-13 00:00:00+00:00, run_after=2025-01-14 00:00:00+00:00
[2025-01-14T00:25:31.357+0000] {processor.py:183} INFO - Processing /home/airflow/.local/lib/python3.8/site-packages/airflow/example_dags/example_short_circuit_decorator.py took 0.049 seconds
[2025-01-14T00:26:02.883+0000] {processor.py:161} INFO - Started process (PID=2327) to work on /home/airflow/.local/lib/python3.8/site-packages/airflow/example_dags/example_short_circuit_decorator.py
[2025-01-14T00:26:02.884+0000] {processor.py:830} INFO - Processing file /home/airflow/.local/lib/python3.8/site-packages/airflow/example_dags/example_short_circuit_decorator.py for tasks to queue
[2025-01-14T00:26:02.885+0000] {logging_mixin.py:188} INFO - [2025-01-14T00:26:02.885+0000] {dagbag.py:538} INFO - Filling up the DagBag from /home/airflow/.local/lib/python3.8/site-packages/airflow/example_dags/example_short_circuit_decorator.py
[2025-01-14T00:26:02.890+0000] {processor.py:840} INFO - DAG(s) 'example_short_circuit_decorator' retrieved from /home/airflow/.local/lib/python3.8/site-packages/airflow/example_dags/example_short_circuit_decorator.py
[2025-01-14T00:26:02.905+0000] {logging_mixin.py:188} INFO - [2025-01-14T00:26:02.905+0000] {dag.py:3036} INFO - Sync 1 DAGs
[2025-01-14T00:26:02.919+0000] {logging_mixin.py:188} INFO - [2025-01-14T00:26:02.918+0000] {dag.py:3823} INFO - Setting next_dagrun for example_short_circuit_decorator to 2025-01-13 00:00:00+00:00, run_after=2025-01-14 00:00:00+00:00
[2025-01-14T00:26:03.031+0000] {processor.py:183} INFO - Processing /home/airflow/.local/lib/python3.8/site-packages/airflow/example_dags/example_short_circuit_decorator.py took 0.150 seconds
[2025-01-14T00:26:33.491+0000] {processor.py:161} INFO - Started process (PID=2386) to work on /home/airflow/.local/lib/python3.8/site-packages/airflow/example_dags/example_short_circuit_decorator.py
[2025-01-14T00:26:33.491+0000] {processor.py:830} INFO - Processing file /home/airflow/.local/lib/python3.8/site-packages/airflow/example_dags/example_short_circuit_decorator.py for tasks to queue
[2025-01-14T00:26:33.492+0000] {logging_mixin.py:188} INFO - [2025-01-14T00:26:33.492+0000] {dagbag.py:538} INFO - Filling up the DagBag from /home/airflow/.local/lib/python3.8/site-packages/airflow/example_dags/example_short_circuit_decorator.py
[2025-01-14T00:26:33.498+0000] {processor.py:840} INFO - DAG(s) 'example_short_circuit_decorator' retrieved from /home/airflow/.local/lib/python3.8/site-packages/airflow/example_dags/example_short_circuit_decorator.py
[2025-01-14T00:26:33.513+0000] {logging_mixin.py:188} INFO - [2025-01-14T00:26:33.513+0000] {dag.py:3036} INFO - Sync 1 DAGs
[2025-01-14T00:26:33.527+0000] {logging_mixin.py:188} INFO - [2025-01-14T00:26:33.526+0000] {dag.py:3823} INFO - Setting next_dagrun for example_short_circuit_decorator to 2025-01-13 00:00:00+00:00, run_after=2025-01-14 00:00:00+00:00
[2025-01-14T00:26:33.639+0000] {processor.py:183} INFO - Processing /home/airflow/.local/lib/python3.8/site-packages/airflow/example_dags/example_short_circuit_decorator.py took 0.150 seconds
[2025-01-14T00:27:04.269+0000] {processor.py:161} INFO - Started process (PID=2446) to work on /home/airflow/.local/lib/python3.8/site-packages/airflow/example_dags/example_short_circuit_decorator.py
[2025-01-14T00:27:04.269+0000] {processor.py:830} INFO - Processing file /home/airflow/.local/lib/python3.8/site-packages/airflow/example_dags/example_short_circuit_decorator.py for tasks to queue
[2025-01-14T00:27:04.270+0000] {logging_mixin.py:188} INFO - [2025-01-14T00:27:04.270+0000] {dagbag.py:538} INFO - Filling up the DagBag from /home/airflow/.local/lib/python3.8/site-packages/airflow/example_dags/example_short_circuit_decorator.py
[2025-01-14T00:27:04.276+0000] {processor.py:840} INFO - DAG(s) 'example_short_circuit_decorator' retrieved from /home/airflow/.local/lib/python3.8/site-packages/airflow/example_dags/example_short_circuit_decorator.py
[2025-01-14T00:27:04.290+0000] {logging_mixin.py:188} INFO - [2025-01-14T00:27:04.290+0000] {dag.py:3036} INFO - Sync 1 DAGs
[2025-01-14T00:27:04.303+0000] {logging_mixin.py:188} INFO - [2025-01-14T00:27:04.303+0000] {dag.py:3823} INFO - Setting next_dagrun for example_short_circuit_decorator to 2025-01-13 00:00:00+00:00, run_after=2025-01-14 00:00:00+00:00
[2025-01-14T00:27:04.316+0000] {processor.py:183} INFO - Processing /home/airflow/.local/lib/python3.8/site-packages/airflow/example_dags/example_short_circuit_decorator.py took 0.049 seconds
[2025-01-14T00:27:35.125+0000] {processor.py:161} INFO - Started process (PID=2504) to work on /home/airflow/.local/lib/python3.8/site-packages/airflow/example_dags/example_short_circuit_decorator.py
[2025-01-14T00:27:35.126+0000] {processor.py:830} INFO - Processing file /home/airflow/.local/lib/python3.8/site-packages/airflow/example_dags/example_short_circuit_decorator.py for tasks to queue
[2025-01-14T00:27:35.127+0000] {logging_mixin.py:188} INFO - [2025-01-14T00:27:35.127+0000] {dagbag.py:538} INFO - Filling up the DagBag from /home/airflow/.local/lib/python3.8/site-packages/airflow/example_dags/example_short_circuit_decorator.py
[2025-01-14T00:27:35.133+0000] {processor.py:840} INFO - DAG(s) 'example_short_circuit_decorator' retrieved from /home/airflow/.local/lib/python3.8/site-packages/airflow/example_dags/example_short_circuit_decorator.py
[2025-01-14T00:27:35.149+0000] {logging_mixin.py:188} INFO - [2025-01-14T00:27:35.149+0000] {dag.py:3036} INFO - Sync 1 DAGs
[2025-01-14T00:27:35.163+0000] {logging_mixin.py:188} INFO - [2025-01-14T00:27:35.163+0000] {dag.py:3823} INFO - Setting next_dagrun for example_short_circuit_decorator to 2025-01-13 00:00:00+00:00, run_after=2025-01-14 00:00:00+00:00
[2025-01-14T00:27:35.179+0000] {processor.py:183} INFO - Processing /home/airflow/.local/lib/python3.8/site-packages/airflow/example_dags/example_short_circuit_decorator.py took 0.056 seconds
