[2025-01-14T00:00:07.765+0000] {processor.py:161} INFO - Started process (PID=10558) to work on /home/airflow/.local/lib/python3.8/site-packages/airflow/example_dags/example_xcomargs.py
[2025-01-14T00:00:07.766+0000] {processor.py:830} INFO - Processing file /home/airflow/.local/lib/python3.8/site-packages/airflow/example_dags/example_xcomargs.py for tasks to queue
[2025-01-14T00:00:07.767+0000] {logging_mixin.py:188} INFO - [2025-01-14T00:00:07.766+0000] {dagbag.py:538} INFO - Filling up the DagBag from /home/airflow/.local/lib/python3.8/site-packages/airflow/example_dags/example_xcomargs.py
[2025-01-14T00:00:07.772+0000] {processor.py:840} INFO - DAG(s) 'example_xcom_args', 'example_xcom_args_with_operators' retrieved from /home/airflow/.local/lib/python3.8/site-packages/airflow/example_dags/example_xcomargs.py
[2025-01-14T00:00:07.789+0000] {logging_mixin.py:188} INFO - [2025-01-14T00:00:07.789+0000] {dag.py:3036} INFO - Sync 2 DAGs
[2025-01-14T00:00:07.797+0000] {logging_mixin.py:188} INFO - [2025-01-14T00:00:07.797+0000] {dag.py:3823} INFO - Setting next_dagrun for example_xcom_args to None, run_after=None
[2025-01-14T00:00:07.800+0000] {logging_mixin.py:188} INFO - [2025-01-14T00:00:07.800+0000] {dag.py:3823} INFO - Setting next_dagrun for example_xcom_args_with_operators to None, run_after=None
[2025-01-14T00:00:07.812+0000] {processor.py:183} INFO - Processing /home/airflow/.local/lib/python3.8/site-packages/airflow/example_dags/example_xcomargs.py took 0.049 seconds
[2025-01-14T00:00:37.962+0000] {processor.py:161} INFO - Started process (PID=10619) to work on /home/airflow/.local/lib/python3.8/site-packages/airflow/example_dags/example_xcomargs.py
[2025-01-14T00:00:37.962+0000] {processor.py:830} INFO - Processing file /home/airflow/.local/lib/python3.8/site-packages/airflow/example_dags/example_xcomargs.py for tasks to queue
[2025-01-14T00:00:37.963+0000] {logging_mixin.py:188} INFO - [2025-01-14T00:00:37.963+0000] {dagbag.py:538} INFO - Filling up the DagBag from /home/airflow/.local/lib/python3.8/site-packages/airflow/example_dags/example_xcomargs.py
[2025-01-14T00:00:37.968+0000] {processor.py:840} INFO - DAG(s) 'example_xcom_args_with_operators', 'example_xcom_args' retrieved from /home/airflow/.local/lib/python3.8/site-packages/airflow/example_dags/example_xcomargs.py
[2025-01-14T00:00:37.984+0000] {logging_mixin.py:188} INFO - [2025-01-14T00:00:37.983+0000] {dag.py:3036} INFO - Sync 2 DAGs
[2025-01-14T00:00:37.992+0000] {logging_mixin.py:188} INFO - [2025-01-14T00:00:37.992+0000] {dag.py:3823} INFO - Setting next_dagrun for example_xcom_args to None, run_after=None
[2025-01-14T00:00:37.994+0000] {logging_mixin.py:188} INFO - [2025-01-14T00:00:37.994+0000] {dag.py:3823} INFO - Setting next_dagrun for example_xcom_args_with_operators to None, run_after=None
[2025-01-14T00:00:38.005+0000] {processor.py:183} INFO - Processing /home/airflow/.local/lib/python3.8/site-packages/airflow/example_dags/example_xcomargs.py took 0.046 seconds
[2025-01-14T00:01:08.061+0000] {processor.py:161} INFO - Started process (PID=10678) to work on /home/airflow/.local/lib/python3.8/site-packages/airflow/example_dags/example_xcomargs.py
[2025-01-14T00:01:08.061+0000] {processor.py:830} INFO - Processing file /home/airflow/.local/lib/python3.8/site-packages/airflow/example_dags/example_xcomargs.py for tasks to queue
[2025-01-14T00:01:08.062+0000] {logging_mixin.py:188} INFO - [2025-01-14T00:01:08.062+0000] {dagbag.py:538} INFO - Filling up the DagBag from /home/airflow/.local/lib/python3.8/site-packages/airflow/example_dags/example_xcomargs.py
[2025-01-14T00:01:08.067+0000] {processor.py:840} INFO - DAG(s) 'example_xcom_args_with_operators', 'example_xcom_args' retrieved from /home/airflow/.local/lib/python3.8/site-packages/airflow/example_dags/example_xcomargs.py
[2025-01-14T00:01:08.082+0000] {logging_mixin.py:188} INFO - [2025-01-14T00:01:08.082+0000] {dag.py:3036} INFO - Sync 2 DAGs
[2025-01-14T00:01:08.090+0000] {logging_mixin.py:188} INFO - [2025-01-14T00:01:08.090+0000] {dag.py:3823} INFO - Setting next_dagrun for example_xcom_args to None, run_after=None
[2025-01-14T00:01:08.092+0000] {logging_mixin.py:188} INFO - [2025-01-14T00:01:08.092+0000] {dag.py:3823} INFO - Setting next_dagrun for example_xcom_args_with_operators to None, run_after=None
[2025-01-14T00:01:08.103+0000] {processor.py:183} INFO - Processing /home/airflow/.local/lib/python3.8/site-packages/airflow/example_dags/example_xcomargs.py took 0.044 seconds
[2025-01-14T00:01:38.148+0000] {processor.py:161} INFO - Started process (PID=10737) to work on /home/airflow/.local/lib/python3.8/site-packages/airflow/example_dags/example_xcomargs.py
[2025-01-14T00:01:38.149+0000] {processor.py:830} INFO - Processing file /home/airflow/.local/lib/python3.8/site-packages/airflow/example_dags/example_xcomargs.py for tasks to queue
[2025-01-14T00:01:38.150+0000] {logging_mixin.py:188} INFO - [2025-01-14T00:01:38.149+0000] {dagbag.py:538} INFO - Filling up the DagBag from /home/airflow/.local/lib/python3.8/site-packages/airflow/example_dags/example_xcomargs.py
[2025-01-14T00:01:38.155+0000] {processor.py:840} INFO - DAG(s) 'example_xcom_args', 'example_xcom_args_with_operators' retrieved from /home/airflow/.local/lib/python3.8/site-packages/airflow/example_dags/example_xcomargs.py
[2025-01-14T00:01:38.169+0000] {logging_mixin.py:188} INFO - [2025-01-14T00:01:38.169+0000] {dag.py:3036} INFO - Sync 2 DAGs
[2025-01-14T00:01:38.177+0000] {logging_mixin.py:188} INFO - [2025-01-14T00:01:38.176+0000] {dag.py:3823} INFO - Setting next_dagrun for example_xcom_args to None, run_after=None
[2025-01-14T00:01:38.179+0000] {logging_mixin.py:188} INFO - [2025-01-14T00:01:38.178+0000] {dag.py:3823} INFO - Setting next_dagrun for example_xcom_args_with_operators to None, run_after=None
[2025-01-14T00:01:38.189+0000] {processor.py:183} INFO - Processing /home/airflow/.local/lib/python3.8/site-packages/airflow/example_dags/example_xcomargs.py took 0.043 seconds
[2025-01-14T00:02:09.056+0000] {processor.py:161} INFO - Started process (PID=10796) to work on /home/airflow/.local/lib/python3.8/site-packages/airflow/example_dags/example_xcomargs.py
[2025-01-14T00:02:09.057+0000] {processor.py:830} INFO - Processing file /home/airflow/.local/lib/python3.8/site-packages/airflow/example_dags/example_xcomargs.py for tasks to queue
[2025-01-14T00:02:09.057+0000] {logging_mixin.py:188} INFO - [2025-01-14T00:02:09.057+0000] {dagbag.py:538} INFO - Filling up the DagBag from /home/airflow/.local/lib/python3.8/site-packages/airflow/example_dags/example_xcomargs.py
[2025-01-14T00:02:09.063+0000] {processor.py:840} INFO - DAG(s) 'example_xcom_args', 'example_xcom_args_with_operators' retrieved from /home/airflow/.local/lib/python3.8/site-packages/airflow/example_dags/example_xcomargs.py
[2025-01-14T00:02:09.078+0000] {logging_mixin.py:188} INFO - [2025-01-14T00:02:09.078+0000] {dag.py:3036} INFO - Sync 2 DAGs
[2025-01-14T00:02:09.086+0000] {logging_mixin.py:188} INFO - [2025-01-14T00:02:09.086+0000] {dag.py:3823} INFO - Setting next_dagrun for example_xcom_args to None, run_after=None
[2025-01-14T00:02:09.089+0000] {logging_mixin.py:188} INFO - [2025-01-14T00:02:09.088+0000] {dag.py:3823} INFO - Setting next_dagrun for example_xcom_args_with_operators to None, run_after=None
[2025-01-14T00:02:09.100+0000] {processor.py:183} INFO - Processing /home/airflow/.local/lib/python3.8/site-packages/airflow/example_dags/example_xcomargs.py took 0.046 seconds
[2025-01-14T00:02:39.961+0000] {processor.py:161} INFO - Started process (PID=10855) to work on /home/airflow/.local/lib/python3.8/site-packages/airflow/example_dags/example_xcomargs.py
[2025-01-14T00:02:39.962+0000] {processor.py:830} INFO - Processing file /home/airflow/.local/lib/python3.8/site-packages/airflow/example_dags/example_xcomargs.py for tasks to queue
[2025-01-14T00:02:39.962+0000] {logging_mixin.py:188} INFO - [2025-01-14T00:02:39.962+0000] {dagbag.py:538} INFO - Filling up the DagBag from /home/airflow/.local/lib/python3.8/site-packages/airflow/example_dags/example_xcomargs.py
[2025-01-14T00:02:39.967+0000] {processor.py:840} INFO - DAG(s) 'example_xcom_args_with_operators', 'example_xcom_args' retrieved from /home/airflow/.local/lib/python3.8/site-packages/airflow/example_dags/example_xcomargs.py
[2025-01-14T00:02:39.983+0000] {logging_mixin.py:188} INFO - [2025-01-14T00:02:39.983+0000] {dag.py:3036} INFO - Sync 2 DAGs
[2025-01-14T00:02:39.990+0000] {logging_mixin.py:188} INFO - [2025-01-14T00:02:39.990+0000] {dag.py:3823} INFO - Setting next_dagrun for example_xcom_args to None, run_after=None
[2025-01-14T00:02:39.992+0000] {logging_mixin.py:188} INFO - [2025-01-14T00:02:39.992+0000] {dag.py:3823} INFO - Setting next_dagrun for example_xcom_args_with_operators to None, run_after=None
[2025-01-14T00:02:40.003+0000] {processor.py:183} INFO - Processing /home/airflow/.local/lib/python3.8/site-packages/airflow/example_dags/example_xcomargs.py took 0.044 seconds
[2025-01-14T00:03:10.193+0000] {processor.py:161} INFO - Started process (PID=10914) to work on /home/airflow/.local/lib/python3.8/site-packages/airflow/example_dags/example_xcomargs.py
[2025-01-14T00:03:10.193+0000] {processor.py:830} INFO - Processing file /home/airflow/.local/lib/python3.8/site-packages/airflow/example_dags/example_xcomargs.py for tasks to queue
[2025-01-14T00:03:10.194+0000] {logging_mixin.py:188} INFO - [2025-01-14T00:03:10.194+0000] {dagbag.py:538} INFO - Filling up the DagBag from /home/airflow/.local/lib/python3.8/site-packages/airflow/example_dags/example_xcomargs.py
[2025-01-14T00:03:10.199+0000] {processor.py:840} INFO - DAG(s) 'example_xcom_args', 'example_xcom_args_with_operators' retrieved from /home/airflow/.local/lib/python3.8/site-packages/airflow/example_dags/example_xcomargs.py
[2025-01-14T00:03:10.214+0000] {logging_mixin.py:188} INFO - [2025-01-14T00:03:10.214+0000] {dag.py:3036} INFO - Sync 2 DAGs
[2025-01-14T00:03:10.222+0000] {logging_mixin.py:188} INFO - [2025-01-14T00:03:10.221+0000] {dag.py:3823} INFO - Setting next_dagrun for example_xcom_args to None, run_after=None
[2025-01-14T00:03:10.224+0000] {logging_mixin.py:188} INFO - [2025-01-14T00:03:10.223+0000] {dag.py:3823} INFO - Setting next_dagrun for example_xcom_args_with_operators to None, run_after=None
[2025-01-14T00:03:10.235+0000] {processor.py:183} INFO - Processing /home/airflow/.local/lib/python3.8/site-packages/airflow/example_dags/example_xcomargs.py took 0.044 seconds
[2025-01-14T00:03:40.346+0000] {processor.py:161} INFO - Started process (PID=10973) to work on /home/airflow/.local/lib/python3.8/site-packages/airflow/example_dags/example_xcomargs.py
[2025-01-14T00:03:40.347+0000] {processor.py:830} INFO - Processing file /home/airflow/.local/lib/python3.8/site-packages/airflow/example_dags/example_xcomargs.py for tasks to queue
[2025-01-14T00:03:40.347+0000] {logging_mixin.py:188} INFO - [2025-01-14T00:03:40.347+0000] {dagbag.py:538} INFO - Filling up the DagBag from /home/airflow/.local/lib/python3.8/site-packages/airflow/example_dags/example_xcomargs.py
[2025-01-14T00:03:40.352+0000] {processor.py:840} INFO - DAG(s) 'example_xcom_args', 'example_xcom_args_with_operators' retrieved from /home/airflow/.local/lib/python3.8/site-packages/airflow/example_dags/example_xcomargs.py
[2025-01-14T00:03:40.367+0000] {logging_mixin.py:188} INFO - [2025-01-14T00:03:40.367+0000] {dag.py:3036} INFO - Sync 2 DAGs
[2025-01-14T00:03:40.375+0000] {logging_mixin.py:188} INFO - [2025-01-14T00:03:40.375+0000] {dag.py:3823} INFO - Setting next_dagrun for example_xcom_args to None, run_after=None
[2025-01-14T00:03:40.377+0000] {logging_mixin.py:188} INFO - [2025-01-14T00:03:40.377+0000] {dag.py:3823} INFO - Setting next_dagrun for example_xcom_args_with_operators to None, run_after=None
[2025-01-14T00:03:40.388+0000] {processor.py:183} INFO - Processing /home/airflow/.local/lib/python3.8/site-packages/airflow/example_dags/example_xcomargs.py took 0.044 seconds
[2025-01-14T00:04:11.299+0000] {processor.py:161} INFO - Started process (PID=11032) to work on /home/airflow/.local/lib/python3.8/site-packages/airflow/example_dags/example_xcomargs.py
[2025-01-14T00:04:11.300+0000] {processor.py:830} INFO - Processing file /home/airflow/.local/lib/python3.8/site-packages/airflow/example_dags/example_xcomargs.py for tasks to queue
[2025-01-14T00:04:11.300+0000] {logging_mixin.py:188} INFO - [2025-01-14T00:04:11.300+0000] {dagbag.py:538} INFO - Filling up the DagBag from /home/airflow/.local/lib/python3.8/site-packages/airflow/example_dags/example_xcomargs.py
[2025-01-14T00:04:11.306+0000] {processor.py:840} INFO - DAG(s) 'example_xcom_args_with_operators', 'example_xcom_args' retrieved from /home/airflow/.local/lib/python3.8/site-packages/airflow/example_dags/example_xcomargs.py
[2025-01-14T00:04:11.322+0000] {logging_mixin.py:188} INFO - [2025-01-14T00:04:11.322+0000] {dag.py:3036} INFO - Sync 2 DAGs
[2025-01-14T00:04:11.330+0000] {logging_mixin.py:188} INFO - [2025-01-14T00:04:11.330+0000] {dag.py:3823} INFO - Setting next_dagrun for example_xcom_args to None, run_after=None
[2025-01-14T00:04:11.332+0000] {logging_mixin.py:188} INFO - [2025-01-14T00:04:11.332+0000] {dag.py:3823} INFO - Setting next_dagrun for example_xcom_args_with_operators to None, run_after=None
[2025-01-14T00:04:11.344+0000] {processor.py:183} INFO - Processing /home/airflow/.local/lib/python3.8/site-packages/airflow/example_dags/example_xcomargs.py took 0.047 seconds
[2025-01-14T00:04:41.647+0000] {processor.py:161} INFO - Started process (PID=11091) to work on /home/airflow/.local/lib/python3.8/site-packages/airflow/example_dags/example_xcomargs.py
[2025-01-14T00:04:41.648+0000] {processor.py:830} INFO - Processing file /home/airflow/.local/lib/python3.8/site-packages/airflow/example_dags/example_xcomargs.py for tasks to queue
[2025-01-14T00:04:41.648+0000] {logging_mixin.py:188} INFO - [2025-01-14T00:04:41.648+0000] {dagbag.py:538} INFO - Filling up the DagBag from /home/airflow/.local/lib/python3.8/site-packages/airflow/example_dags/example_xcomargs.py
[2025-01-14T00:04:41.654+0000] {processor.py:840} INFO - DAG(s) 'example_xcom_args', 'example_xcom_args_with_operators' retrieved from /home/airflow/.local/lib/python3.8/site-packages/airflow/example_dags/example_xcomargs.py
[2025-01-14T00:04:41.672+0000] {logging_mixin.py:188} INFO - [2025-01-14T00:04:41.672+0000] {dag.py:3036} INFO - Sync 2 DAGs
[2025-01-14T00:04:41.682+0000] {logging_mixin.py:188} INFO - [2025-01-14T00:04:41.681+0000] {dag.py:3823} INFO - Setting next_dagrun for example_xcom_args to None, run_after=None
[2025-01-14T00:04:41.684+0000] {logging_mixin.py:188} INFO - [2025-01-14T00:04:41.684+0000] {dag.py:3823} INFO - Setting next_dagrun for example_xcom_args_with_operators to None, run_after=None
[2025-01-14T00:04:41.696+0000] {processor.py:183} INFO - Processing /home/airflow/.local/lib/python3.8/site-packages/airflow/example_dags/example_xcomargs.py took 0.052 seconds
[2025-01-14T00:05:12.670+0000] {processor.py:161} INFO - Started process (PID=11150) to work on /home/airflow/.local/lib/python3.8/site-packages/airflow/example_dags/example_xcomargs.py
[2025-01-14T00:05:12.671+0000] {processor.py:830} INFO - Processing file /home/airflow/.local/lib/python3.8/site-packages/airflow/example_dags/example_xcomargs.py for tasks to queue
[2025-01-14T00:05:12.671+0000] {logging_mixin.py:188} INFO - [2025-01-14T00:05:12.671+0000] {dagbag.py:538} INFO - Filling up the DagBag from /home/airflow/.local/lib/python3.8/site-packages/airflow/example_dags/example_xcomargs.py
[2025-01-14T00:05:12.677+0000] {processor.py:840} INFO - DAG(s) 'example_xcom_args', 'example_xcom_args_with_operators' retrieved from /home/airflow/.local/lib/python3.8/site-packages/airflow/example_dags/example_xcomargs.py
[2025-01-14T00:05:12.692+0000] {logging_mixin.py:188} INFO - [2025-01-14T00:05:12.692+0000] {dag.py:3036} INFO - Sync 2 DAGs
[2025-01-14T00:05:12.700+0000] {logging_mixin.py:188} INFO - [2025-01-14T00:05:12.700+0000] {dag.py:3823} INFO - Setting next_dagrun for example_xcom_args to None, run_after=None
[2025-01-14T00:05:12.702+0000] {logging_mixin.py:188} INFO - [2025-01-14T00:05:12.701+0000] {dag.py:3823} INFO - Setting next_dagrun for example_xcom_args_with_operators to None, run_after=None
[2025-01-14T00:05:12.713+0000] {processor.py:183} INFO - Processing /home/airflow/.local/lib/python3.8/site-packages/airflow/example_dags/example_xcomargs.py took 0.045 seconds
[2025-01-14T00:06:25.253+0000] {processor.py:161} INFO - Started process (PID=84) to work on /home/airflow/.local/lib/python3.8/site-packages/airflow/example_dags/example_xcomargs.py
[2025-01-14T00:06:25.253+0000] {processor.py:830} INFO - Processing file /home/airflow/.local/lib/python3.8/site-packages/airflow/example_dags/example_xcomargs.py for tasks to queue
[2025-01-14T00:06:25.254+0000] {logging_mixin.py:188} INFO - [2025-01-14T00:06:25.254+0000] {dagbag.py:538} INFO - Filling up the DagBag from /home/airflow/.local/lib/python3.8/site-packages/airflow/example_dags/example_xcomargs.py
[2025-01-14T00:06:25.260+0000] {processor.py:840} INFO - DAG(s) 'example_xcom_args', 'example_xcom_args_with_operators' retrieved from /home/airflow/.local/lib/python3.8/site-packages/airflow/example_dags/example_xcomargs.py
[2025-01-14T00:06:25.268+0000] {logging_mixin.py:188} INFO - [2025-01-14T00:06:25.268+0000] {dag.py:3036} INFO - Sync 2 DAGs
[2025-01-14T00:06:25.277+0000] {logging_mixin.py:188} INFO - [2025-01-14T00:06:25.276+0000] {dag.py:3823} INFO - Setting next_dagrun for example_xcom_args to None, run_after=None
[2025-01-14T00:06:25.279+0000] {logging_mixin.py:188} INFO - [2025-01-14T00:06:25.279+0000] {dag.py:3823} INFO - Setting next_dagrun for example_xcom_args_with_operators to None, run_after=None
[2025-01-14T00:06:25.292+0000] {processor.py:183} INFO - Processing /home/airflow/.local/lib/python3.8/site-packages/airflow/example_dags/example_xcomargs.py took 0.042 seconds
[2025-01-14T00:06:56.327+0000] {processor.py:161} INFO - Started process (PID=143) to work on /home/airflow/.local/lib/python3.8/site-packages/airflow/example_dags/example_xcomargs.py
[2025-01-14T00:06:56.328+0000] {processor.py:830} INFO - Processing file /home/airflow/.local/lib/python3.8/site-packages/airflow/example_dags/example_xcomargs.py for tasks to queue
[2025-01-14T00:06:56.329+0000] {logging_mixin.py:188} INFO - [2025-01-14T00:06:56.329+0000] {dagbag.py:538} INFO - Filling up the DagBag from /home/airflow/.local/lib/python3.8/site-packages/airflow/example_dags/example_xcomargs.py
[2025-01-14T00:06:56.334+0000] {processor.py:840} INFO - DAG(s) 'example_xcom_args_with_operators', 'example_xcom_args' retrieved from /home/airflow/.local/lib/python3.8/site-packages/airflow/example_dags/example_xcomargs.py
[2025-01-14T00:06:56.402+0000] {logging_mixin.py:188} INFO - [2025-01-14T00:06:56.402+0000] {dag.py:3036} INFO - Sync 2 DAGs
[2025-01-14T00:06:56.409+0000] {logging_mixin.py:188} INFO - [2025-01-14T00:06:56.408+0000] {dag.py:3823} INFO - Setting next_dagrun for example_xcom_args to None, run_after=None
[2025-01-14T00:06:56.410+0000] {logging_mixin.py:188} INFO - [2025-01-14T00:06:56.410+0000] {dag.py:3823} INFO - Setting next_dagrun for example_xcom_args_with_operators to None, run_after=None
[2025-01-14T00:06:56.422+0000] {processor.py:183} INFO - Processing /home/airflow/.local/lib/python3.8/site-packages/airflow/example_dags/example_xcomargs.py took 0.097 seconds
[2025-01-14T00:07:26.767+0000] {processor.py:161} INFO - Started process (PID=202) to work on /home/airflow/.local/lib/python3.8/site-packages/airflow/example_dags/example_xcomargs.py
[2025-01-14T00:07:26.768+0000] {processor.py:830} INFO - Processing file /home/airflow/.local/lib/python3.8/site-packages/airflow/example_dags/example_xcomargs.py for tasks to queue
[2025-01-14T00:07:26.769+0000] {logging_mixin.py:188} INFO - [2025-01-14T00:07:26.769+0000] {dagbag.py:538} INFO - Filling up the DagBag from /home/airflow/.local/lib/python3.8/site-packages/airflow/example_dags/example_xcomargs.py
[2025-01-14T00:07:26.774+0000] {processor.py:840} INFO - DAG(s) 'example_xcom_args', 'example_xcom_args_with_operators' retrieved from /home/airflow/.local/lib/python3.8/site-packages/airflow/example_dags/example_xcomargs.py
[2025-01-14T00:07:26.788+0000] {logging_mixin.py:188} INFO - [2025-01-14T00:07:26.788+0000] {dag.py:3036} INFO - Sync 2 DAGs
[2025-01-14T00:07:26.795+0000] {logging_mixin.py:188} INFO - [2025-01-14T00:07:26.795+0000] {dag.py:3823} INFO - Setting next_dagrun for example_xcom_args to None, run_after=None
[2025-01-14T00:07:26.797+0000] {logging_mixin.py:188} INFO - [2025-01-14T00:07:26.797+0000] {dag.py:3823} INFO - Setting next_dagrun for example_xcom_args_with_operators to None, run_after=None
[2025-01-14T00:07:26.808+0000] {processor.py:183} INFO - Processing /home/airflow/.local/lib/python3.8/site-packages/airflow/example_dags/example_xcomargs.py took 0.043 seconds
[2025-01-14T00:07:57.042+0000] {processor.py:161} INFO - Started process (PID=261) to work on /home/airflow/.local/lib/python3.8/site-packages/airflow/example_dags/example_xcomargs.py
[2025-01-14T00:07:57.043+0000] {processor.py:830} INFO - Processing file /home/airflow/.local/lib/python3.8/site-packages/airflow/example_dags/example_xcomargs.py for tasks to queue
[2025-01-14T00:07:57.044+0000] {logging_mixin.py:188} INFO - [2025-01-14T00:07:57.044+0000] {dagbag.py:538} INFO - Filling up the DagBag from /home/airflow/.local/lib/python3.8/site-packages/airflow/example_dags/example_xcomargs.py
[2025-01-14T00:07:57.049+0000] {processor.py:840} INFO - DAG(s) 'example_xcom_args_with_operators', 'example_xcom_args' retrieved from /home/airflow/.local/lib/python3.8/site-packages/airflow/example_dags/example_xcomargs.py
[2025-01-14T00:07:57.064+0000] {logging_mixin.py:188} INFO - [2025-01-14T00:07:57.064+0000] {dag.py:3036} INFO - Sync 2 DAGs
[2025-01-14T00:07:57.072+0000] {logging_mixin.py:188} INFO - [2025-01-14T00:07:57.072+0000] {dag.py:3823} INFO - Setting next_dagrun for example_xcom_args to None, run_after=None
[2025-01-14T00:07:57.074+0000] {logging_mixin.py:188} INFO - [2025-01-14T00:07:57.074+0000] {dag.py:3823} INFO - Setting next_dagrun for example_xcom_args_with_operators to None, run_after=None
[2025-01-14T00:07:57.085+0000] {processor.py:183} INFO - Processing /home/airflow/.local/lib/python3.8/site-packages/airflow/example_dags/example_xcomargs.py took 0.046 seconds
[2025-01-14T00:08:27.316+0000] {processor.py:161} INFO - Started process (PID=320) to work on /home/airflow/.local/lib/python3.8/site-packages/airflow/example_dags/example_xcomargs.py
[2025-01-14T00:08:27.317+0000] {processor.py:830} INFO - Processing file /home/airflow/.local/lib/python3.8/site-packages/airflow/example_dags/example_xcomargs.py for tasks to queue
[2025-01-14T00:08:27.318+0000] {logging_mixin.py:188} INFO - [2025-01-14T00:08:27.317+0000] {dagbag.py:538} INFO - Filling up the DagBag from /home/airflow/.local/lib/python3.8/site-packages/airflow/example_dags/example_xcomargs.py
[2025-01-14T00:08:27.322+0000] {processor.py:840} INFO - DAG(s) 'example_xcom_args_with_operators', 'example_xcom_args' retrieved from /home/airflow/.local/lib/python3.8/site-packages/airflow/example_dags/example_xcomargs.py
[2025-01-14T00:08:27.337+0000] {logging_mixin.py:188} INFO - [2025-01-14T00:08:27.337+0000] {dag.py:3036} INFO - Sync 2 DAGs
[2025-01-14T00:08:27.345+0000] {logging_mixin.py:188} INFO - [2025-01-14T00:08:27.345+0000] {dag.py:3823} INFO - Setting next_dagrun for example_xcom_args to None, run_after=None
[2025-01-14T00:08:27.347+0000] {logging_mixin.py:188} INFO - [2025-01-14T00:08:27.347+0000] {dag.py:3823} INFO - Setting next_dagrun for example_xcom_args_with_operators to None, run_after=None
[2025-01-14T00:08:27.358+0000] {processor.py:183} INFO - Processing /home/airflow/.local/lib/python3.8/site-packages/airflow/example_dags/example_xcomargs.py took 0.044 seconds
[2025-01-14T00:08:57.567+0000] {processor.py:161} INFO - Started process (PID=379) to work on /home/airflow/.local/lib/python3.8/site-packages/airflow/example_dags/example_xcomargs.py
[2025-01-14T00:08:57.568+0000] {processor.py:830} INFO - Processing file /home/airflow/.local/lib/python3.8/site-packages/airflow/example_dags/example_xcomargs.py for tasks to queue
[2025-01-14T00:08:57.569+0000] {logging_mixin.py:188} INFO - [2025-01-14T00:08:57.569+0000] {dagbag.py:538} INFO - Filling up the DagBag from /home/airflow/.local/lib/python3.8/site-packages/airflow/example_dags/example_xcomargs.py
[2025-01-14T00:08:57.577+0000] {processor.py:840} INFO - DAG(s) 'example_xcom_args', 'example_xcom_args_with_operators' retrieved from /home/airflow/.local/lib/python3.8/site-packages/airflow/example_dags/example_xcomargs.py
[2025-01-14T00:08:57.596+0000] {logging_mixin.py:188} INFO - [2025-01-14T00:08:57.595+0000] {dag.py:3036} INFO - Sync 2 DAGs
[2025-01-14T00:08:57.606+0000] {logging_mixin.py:188} INFO - [2025-01-14T00:08:57.606+0000] {dag.py:3823} INFO - Setting next_dagrun for example_xcom_args to None, run_after=None
[2025-01-14T00:08:57.609+0000] {logging_mixin.py:188} INFO - [2025-01-14T00:08:57.609+0000] {dag.py:3823} INFO - Setting next_dagrun for example_xcom_args_with_operators to None, run_after=None
[2025-01-14T00:08:57.622+0000] {processor.py:183} INFO - Processing /home/airflow/.local/lib/python3.8/site-packages/airflow/example_dags/example_xcomargs.py took 0.058 seconds
[2025-01-14T00:09:27.865+0000] {processor.py:161} INFO - Started process (PID=438) to work on /home/airflow/.local/lib/python3.8/site-packages/airflow/example_dags/example_xcomargs.py
[2025-01-14T00:09:27.865+0000] {processor.py:830} INFO - Processing file /home/airflow/.local/lib/python3.8/site-packages/airflow/example_dags/example_xcomargs.py for tasks to queue
[2025-01-14T00:09:27.867+0000] {logging_mixin.py:188} INFO - [2025-01-14T00:09:27.866+0000] {dagbag.py:538} INFO - Filling up the DagBag from /home/airflow/.local/lib/python3.8/site-packages/airflow/example_dags/example_xcomargs.py
[2025-01-14T00:09:27.872+0000] {processor.py:840} INFO - DAG(s) 'example_xcom_args', 'example_xcom_args_with_operators' retrieved from /home/airflow/.local/lib/python3.8/site-packages/airflow/example_dags/example_xcomargs.py
[2025-01-14T00:09:27.887+0000] {logging_mixin.py:188} INFO - [2025-01-14T00:09:27.887+0000] {dag.py:3036} INFO - Sync 2 DAGs
[2025-01-14T00:09:27.897+0000] {logging_mixin.py:188} INFO - [2025-01-14T00:09:27.897+0000] {dag.py:3823} INFO - Setting next_dagrun for example_xcom_args to None, run_after=None
[2025-01-14T00:09:27.900+0000] {logging_mixin.py:188} INFO - [2025-01-14T00:09:27.900+0000] {dag.py:3823} INFO - Setting next_dagrun for example_xcom_args_with_operators to None, run_after=None
[2025-01-14T00:09:27.912+0000] {processor.py:183} INFO - Processing /home/airflow/.local/lib/python3.8/site-packages/airflow/example_dags/example_xcomargs.py took 0.049 seconds
[2025-01-14T00:09:58.893+0000] {processor.py:161} INFO - Started process (PID=497) to work on /home/airflow/.local/lib/python3.8/site-packages/airflow/example_dags/example_xcomargs.py
[2025-01-14T00:09:58.894+0000] {processor.py:830} INFO - Processing file /home/airflow/.local/lib/python3.8/site-packages/airflow/example_dags/example_xcomargs.py for tasks to queue
[2025-01-14T00:09:58.896+0000] {logging_mixin.py:188} INFO - [2025-01-14T00:09:58.896+0000] {dagbag.py:538} INFO - Filling up the DagBag from /home/airflow/.local/lib/python3.8/site-packages/airflow/example_dags/example_xcomargs.py
[2025-01-14T00:09:58.902+0000] {processor.py:840} INFO - DAG(s) 'example_xcom_args_with_operators', 'example_xcom_args' retrieved from /home/airflow/.local/lib/python3.8/site-packages/airflow/example_dags/example_xcomargs.py
[2025-01-14T00:09:58.918+0000] {logging_mixin.py:188} INFO - [2025-01-14T00:09:58.918+0000] {dag.py:3036} INFO - Sync 2 DAGs
[2025-01-14T00:09:58.927+0000] {logging_mixin.py:188} INFO - [2025-01-14T00:09:58.926+0000] {dag.py:3823} INFO - Setting next_dagrun for example_xcom_args to None, run_after=None
[2025-01-14T00:09:58.929+0000] {logging_mixin.py:188} INFO - [2025-01-14T00:09:58.929+0000] {dag.py:3823} INFO - Setting next_dagrun for example_xcom_args_with_operators to None, run_after=None
[2025-01-14T00:09:58.942+0000] {processor.py:183} INFO - Processing /home/airflow/.local/lib/python3.8/site-packages/airflow/example_dags/example_xcomargs.py took 0.051 seconds
[2025-01-14T00:10:30.296+0000] {processor.py:161} INFO - Started process (PID=556) to work on /home/airflow/.local/lib/python3.8/site-packages/airflow/example_dags/example_xcomargs.py
[2025-01-14T00:10:30.296+0000] {processor.py:830} INFO - Processing file /home/airflow/.local/lib/python3.8/site-packages/airflow/example_dags/example_xcomargs.py for tasks to queue
[2025-01-14T00:10:30.298+0000] {logging_mixin.py:188} INFO - [2025-01-14T00:10:30.298+0000] {dagbag.py:538} INFO - Filling up the DagBag from /home/airflow/.local/lib/python3.8/site-packages/airflow/example_dags/example_xcomargs.py
[2025-01-14T00:10:30.303+0000] {processor.py:840} INFO - DAG(s) 'example_xcom_args_with_operators', 'example_xcom_args' retrieved from /home/airflow/.local/lib/python3.8/site-packages/airflow/example_dags/example_xcomargs.py
[2025-01-14T00:10:30.317+0000] {logging_mixin.py:188} INFO - [2025-01-14T00:10:30.317+0000] {dag.py:3036} INFO - Sync 2 DAGs
[2025-01-14T00:10:30.324+0000] {logging_mixin.py:188} INFO - [2025-01-14T00:10:30.324+0000] {dag.py:3823} INFO - Setting next_dagrun for example_xcom_args to None, run_after=None
[2025-01-14T00:10:30.326+0000] {logging_mixin.py:188} INFO - [2025-01-14T00:10:30.326+0000] {dag.py:3823} INFO - Setting next_dagrun for example_xcom_args_with_operators to None, run_after=None
[2025-01-14T00:10:30.338+0000] {processor.py:183} INFO - Processing /home/airflow/.local/lib/python3.8/site-packages/airflow/example_dags/example_xcomargs.py took 0.044 seconds
[2025-01-14T00:11:01.500+0000] {processor.py:161} INFO - Started process (PID=615) to work on /home/airflow/.local/lib/python3.8/site-packages/airflow/example_dags/example_xcomargs.py
[2025-01-14T00:11:01.501+0000] {processor.py:830} INFO - Processing file /home/airflow/.local/lib/python3.8/site-packages/airflow/example_dags/example_xcomargs.py for tasks to queue
[2025-01-14T00:11:01.502+0000] {logging_mixin.py:188} INFO - [2025-01-14T00:11:01.502+0000] {dagbag.py:538} INFO - Filling up the DagBag from /home/airflow/.local/lib/python3.8/site-packages/airflow/example_dags/example_xcomargs.py
[2025-01-14T00:11:01.508+0000] {processor.py:840} INFO - DAG(s) 'example_xcom_args', 'example_xcom_args_with_operators' retrieved from /home/airflow/.local/lib/python3.8/site-packages/airflow/example_dags/example_xcomargs.py
[2025-01-14T00:11:01.524+0000] {logging_mixin.py:188} INFO - [2025-01-14T00:11:01.524+0000] {dag.py:3036} INFO - Sync 2 DAGs
[2025-01-14T00:11:01.532+0000] {logging_mixin.py:188} INFO - [2025-01-14T00:11:01.531+0000] {dag.py:3823} INFO - Setting next_dagrun for example_xcom_args to None, run_after=None
[2025-01-14T00:11:01.533+0000] {logging_mixin.py:188} INFO - [2025-01-14T00:11:01.533+0000] {dag.py:3823} INFO - Setting next_dagrun for example_xcom_args_with_operators to None, run_after=None
[2025-01-14T00:11:01.546+0000] {processor.py:183} INFO - Processing /home/airflow/.local/lib/python3.8/site-packages/airflow/example_dags/example_xcomargs.py took 0.048 seconds
[2025-01-14T00:11:32.588+0000] {processor.py:161} INFO - Started process (PID=674) to work on /home/airflow/.local/lib/python3.8/site-packages/airflow/example_dags/example_xcomargs.py
[2025-01-14T00:11:32.589+0000] {processor.py:830} INFO - Processing file /home/airflow/.local/lib/python3.8/site-packages/airflow/example_dags/example_xcomargs.py for tasks to queue
[2025-01-14T00:11:32.590+0000] {logging_mixin.py:188} INFO - [2025-01-14T00:11:32.589+0000] {dagbag.py:538} INFO - Filling up the DagBag from /home/airflow/.local/lib/python3.8/site-packages/airflow/example_dags/example_xcomargs.py
[2025-01-14T00:11:32.595+0000] {processor.py:840} INFO - DAG(s) 'example_xcom_args', 'example_xcom_args_with_operators' retrieved from /home/airflow/.local/lib/python3.8/site-packages/airflow/example_dags/example_xcomargs.py
[2025-01-14T00:11:32.609+0000] {logging_mixin.py:188} INFO - [2025-01-14T00:11:32.609+0000] {dag.py:3036} INFO - Sync 2 DAGs
[2025-01-14T00:11:32.617+0000] {logging_mixin.py:188} INFO - [2025-01-14T00:11:32.617+0000] {dag.py:3823} INFO - Setting next_dagrun for example_xcom_args to None, run_after=None
[2025-01-14T00:11:32.619+0000] {logging_mixin.py:188} INFO - [2025-01-14T00:11:32.619+0000] {dag.py:3823} INFO - Setting next_dagrun for example_xcom_args_with_operators to None, run_after=None
[2025-01-14T00:11:32.630+0000] {processor.py:183} INFO - Processing /home/airflow/.local/lib/python3.8/site-packages/airflow/example_dags/example_xcomargs.py took 0.044 seconds
[2025-01-14T00:12:04.016+0000] {processor.py:161} INFO - Started process (PID=733) to work on /home/airflow/.local/lib/python3.8/site-packages/airflow/example_dags/example_xcomargs.py
[2025-01-14T00:12:04.017+0000] {processor.py:830} INFO - Processing file /home/airflow/.local/lib/python3.8/site-packages/airflow/example_dags/example_xcomargs.py for tasks to queue
[2025-01-14T00:12:04.018+0000] {logging_mixin.py:188} INFO - [2025-01-14T00:12:04.017+0000] {dagbag.py:538} INFO - Filling up the DagBag from /home/airflow/.local/lib/python3.8/site-packages/airflow/example_dags/example_xcomargs.py
[2025-01-14T00:12:04.023+0000] {processor.py:840} INFO - DAG(s) 'example_xcom_args', 'example_xcom_args_with_operators' retrieved from /home/airflow/.local/lib/python3.8/site-packages/airflow/example_dags/example_xcomargs.py
[2025-01-14T00:12:04.037+0000] {logging_mixin.py:188} INFO - [2025-01-14T00:12:04.037+0000] {dag.py:3036} INFO - Sync 2 DAGs
[2025-01-14T00:12:04.045+0000] {logging_mixin.py:188} INFO - [2025-01-14T00:12:04.045+0000] {dag.py:3823} INFO - Setting next_dagrun for example_xcom_args to None, run_after=None
[2025-01-14T00:12:04.047+0000] {logging_mixin.py:188} INFO - [2025-01-14T00:12:04.047+0000] {dag.py:3823} INFO - Setting next_dagrun for example_xcom_args_with_operators to None, run_after=None
[2025-01-14T00:12:04.059+0000] {processor.py:183} INFO - Processing /home/airflow/.local/lib/python3.8/site-packages/airflow/example_dags/example_xcomargs.py took 0.044 seconds
[2025-01-14T00:12:35.070+0000] {processor.py:161} INFO - Started process (PID=792) to work on /home/airflow/.local/lib/python3.8/site-packages/airflow/example_dags/example_xcomargs.py
[2025-01-14T00:12:35.071+0000] {processor.py:830} INFO - Processing file /home/airflow/.local/lib/python3.8/site-packages/airflow/example_dags/example_xcomargs.py for tasks to queue
[2025-01-14T00:12:35.072+0000] {logging_mixin.py:188} INFO - [2025-01-14T00:12:35.072+0000] {dagbag.py:538} INFO - Filling up the DagBag from /home/airflow/.local/lib/python3.8/site-packages/airflow/example_dags/example_xcomargs.py
[2025-01-14T00:12:35.078+0000] {processor.py:840} INFO - DAG(s) 'example_xcom_args', 'example_xcom_args_with_operators' retrieved from /home/airflow/.local/lib/python3.8/site-packages/airflow/example_dags/example_xcomargs.py
[2025-01-14T00:12:35.094+0000] {logging_mixin.py:188} INFO - [2025-01-14T00:12:35.094+0000] {dag.py:3036} INFO - Sync 2 DAGs
[2025-01-14T00:12:35.102+0000] {logging_mixin.py:188} INFO - [2025-01-14T00:12:35.102+0000] {dag.py:3823} INFO - Setting next_dagrun for example_xcom_args to None, run_after=None
[2025-01-14T00:12:35.105+0000] {logging_mixin.py:188} INFO - [2025-01-14T00:12:35.105+0000] {dag.py:3823} INFO - Setting next_dagrun for example_xcom_args_with_operators to None, run_after=None
[2025-01-14T00:12:35.117+0000] {processor.py:183} INFO - Processing /home/airflow/.local/lib/python3.8/site-packages/airflow/example_dags/example_xcomargs.py took 0.049 seconds
[2025-01-14T00:13:06.166+0000] {processor.py:161} INFO - Started process (PID=851) to work on /home/airflow/.local/lib/python3.8/site-packages/airflow/example_dags/example_xcomargs.py
[2025-01-14T00:13:06.167+0000] {processor.py:830} INFO - Processing file /home/airflow/.local/lib/python3.8/site-packages/airflow/example_dags/example_xcomargs.py for tasks to queue
[2025-01-14T00:13:06.168+0000] {logging_mixin.py:188} INFO - [2025-01-14T00:13:06.168+0000] {dagbag.py:538} INFO - Filling up the DagBag from /home/airflow/.local/lib/python3.8/site-packages/airflow/example_dags/example_xcomargs.py
[2025-01-14T00:13:06.174+0000] {processor.py:840} INFO - DAG(s) 'example_xcom_args', 'example_xcom_args_with_operators' retrieved from /home/airflow/.local/lib/python3.8/site-packages/airflow/example_dags/example_xcomargs.py
[2025-01-14T00:13:06.190+0000] {logging_mixin.py:188} INFO - [2025-01-14T00:13:06.190+0000] {dag.py:3036} INFO - Sync 2 DAGs
[2025-01-14T00:13:06.198+0000] {logging_mixin.py:188} INFO - [2025-01-14T00:13:06.198+0000] {dag.py:3823} INFO - Setting next_dagrun for example_xcom_args to None, run_after=None
[2025-01-14T00:13:06.200+0000] {logging_mixin.py:188} INFO - [2025-01-14T00:13:06.200+0000] {dag.py:3823} INFO - Setting next_dagrun for example_xcom_args_with_operators to None, run_after=None
[2025-01-14T00:13:06.211+0000] {processor.py:183} INFO - Processing /home/airflow/.local/lib/python3.8/site-packages/airflow/example_dags/example_xcomargs.py took 0.047 seconds
[2025-01-14T00:13:37.495+0000] {processor.py:161} INFO - Started process (PID=910) to work on /home/airflow/.local/lib/python3.8/site-packages/airflow/example_dags/example_xcomargs.py
[2025-01-14T00:13:37.495+0000] {processor.py:830} INFO - Processing file /home/airflow/.local/lib/python3.8/site-packages/airflow/example_dags/example_xcomargs.py for tasks to queue
[2025-01-14T00:13:37.497+0000] {logging_mixin.py:188} INFO - [2025-01-14T00:13:37.496+0000] {dagbag.py:538} INFO - Filling up the DagBag from /home/airflow/.local/lib/python3.8/site-packages/airflow/example_dags/example_xcomargs.py
[2025-01-14T00:13:37.502+0000] {processor.py:840} INFO - DAG(s) 'example_xcom_args_with_operators', 'example_xcom_args' retrieved from /home/airflow/.local/lib/python3.8/site-packages/airflow/example_dags/example_xcomargs.py
[2025-01-14T00:13:37.519+0000] {logging_mixin.py:188} INFO - [2025-01-14T00:13:37.519+0000] {dag.py:3036} INFO - Sync 2 DAGs
[2025-01-14T00:13:37.527+0000] {logging_mixin.py:188} INFO - [2025-01-14T00:13:37.527+0000] {dag.py:3823} INFO - Setting next_dagrun for example_xcom_args to None, run_after=None
[2025-01-14T00:13:37.530+0000] {logging_mixin.py:188} INFO - [2025-01-14T00:13:37.530+0000] {dag.py:3823} INFO - Setting next_dagrun for example_xcom_args_with_operators to None, run_after=None
[2025-01-14T00:13:37.545+0000] {processor.py:183} INFO - Processing /home/airflow/.local/lib/python3.8/site-packages/airflow/example_dags/example_xcomargs.py took 0.053 seconds
[2025-01-14T00:14:07.814+0000] {processor.py:161} INFO - Started process (PID=969) to work on /home/airflow/.local/lib/python3.8/site-packages/airflow/example_dags/example_xcomargs.py
[2025-01-14T00:14:07.814+0000] {processor.py:830} INFO - Processing file /home/airflow/.local/lib/python3.8/site-packages/airflow/example_dags/example_xcomargs.py for tasks to queue
[2025-01-14T00:14:07.815+0000] {logging_mixin.py:188} INFO - [2025-01-14T00:14:07.815+0000] {dagbag.py:538} INFO - Filling up the DagBag from /home/airflow/.local/lib/python3.8/site-packages/airflow/example_dags/example_xcomargs.py
[2025-01-14T00:14:07.820+0000] {processor.py:840} INFO - DAG(s) 'example_xcom_args_with_operators', 'example_xcom_args' retrieved from /home/airflow/.local/lib/python3.8/site-packages/airflow/example_dags/example_xcomargs.py
[2025-01-14T00:14:07.835+0000] {logging_mixin.py:188} INFO - [2025-01-14T00:14:07.834+0000] {dag.py:3036} INFO - Sync 2 DAGs
[2025-01-14T00:14:07.842+0000] {logging_mixin.py:188} INFO - [2025-01-14T00:14:07.842+0000] {dag.py:3823} INFO - Setting next_dagrun for example_xcom_args to None, run_after=None
[2025-01-14T00:14:07.844+0000] {logging_mixin.py:188} INFO - [2025-01-14T00:14:07.844+0000] {dag.py:3823} INFO - Setting next_dagrun for example_xcom_args_with_operators to None, run_after=None
[2025-01-14T00:14:07.856+0000] {processor.py:183} INFO - Processing /home/airflow/.local/lib/python3.8/site-packages/airflow/example_dags/example_xcomargs.py took 0.044 seconds
[2025-01-14T00:14:39.011+0000] {processor.py:161} INFO - Started process (PID=1028) to work on /home/airflow/.local/lib/python3.8/site-packages/airflow/example_dags/example_xcomargs.py
[2025-01-14T00:14:39.012+0000] {processor.py:830} INFO - Processing file /home/airflow/.local/lib/python3.8/site-packages/airflow/example_dags/example_xcomargs.py for tasks to queue
[2025-01-14T00:14:39.013+0000] {logging_mixin.py:188} INFO - [2025-01-14T00:14:39.013+0000] {dagbag.py:538} INFO - Filling up the DagBag from /home/airflow/.local/lib/python3.8/site-packages/airflow/example_dags/example_xcomargs.py
[2025-01-14T00:14:39.019+0000] {processor.py:840} INFO - DAG(s) 'example_xcom_args_with_operators', 'example_xcom_args' retrieved from /home/airflow/.local/lib/python3.8/site-packages/airflow/example_dags/example_xcomargs.py
[2025-01-14T00:14:39.037+0000] {logging_mixin.py:188} INFO - [2025-01-14T00:14:39.037+0000] {dag.py:3036} INFO - Sync 2 DAGs
[2025-01-14T00:14:39.046+0000] {logging_mixin.py:188} INFO - [2025-01-14T00:14:39.046+0000] {dag.py:3823} INFO - Setting next_dagrun for example_xcom_args to None, run_after=None
[2025-01-14T00:14:39.048+0000] {logging_mixin.py:188} INFO - [2025-01-14T00:14:39.048+0000] {dag.py:3823} INFO - Setting next_dagrun for example_xcom_args_with_operators to None, run_after=None
[2025-01-14T00:14:39.059+0000] {processor.py:183} INFO - Processing /home/airflow/.local/lib/python3.8/site-packages/airflow/example_dags/example_xcomargs.py took 0.051 seconds
[2025-01-14T00:15:10.038+0000] {processor.py:161} INFO - Started process (PID=1087) to work on /home/airflow/.local/lib/python3.8/site-packages/airflow/example_dags/example_xcomargs.py
[2025-01-14T00:15:10.038+0000] {processor.py:830} INFO - Processing file /home/airflow/.local/lib/python3.8/site-packages/airflow/example_dags/example_xcomargs.py for tasks to queue
[2025-01-14T00:15:10.040+0000] {logging_mixin.py:188} INFO - [2025-01-14T00:15:10.039+0000] {dagbag.py:538} INFO - Filling up the DagBag from /home/airflow/.local/lib/python3.8/site-packages/airflow/example_dags/example_xcomargs.py
[2025-01-14T00:15:10.045+0000] {processor.py:840} INFO - DAG(s) 'example_xcom_args', 'example_xcom_args_with_operators' retrieved from /home/airflow/.local/lib/python3.8/site-packages/airflow/example_dags/example_xcomargs.py
[2025-01-14T00:15:10.060+0000] {logging_mixin.py:188} INFO - [2025-01-14T00:15:10.060+0000] {dag.py:3036} INFO - Sync 2 DAGs
[2025-01-14T00:15:10.069+0000] {logging_mixin.py:188} INFO - [2025-01-14T00:15:10.069+0000] {dag.py:3823} INFO - Setting next_dagrun for example_xcom_args to None, run_after=None
[2025-01-14T00:15:10.071+0000] {logging_mixin.py:188} INFO - [2025-01-14T00:15:10.071+0000] {dag.py:3823} INFO - Setting next_dagrun for example_xcom_args_with_operators to None, run_after=None
[2025-01-14T00:15:10.082+0000] {processor.py:183} INFO - Processing /home/airflow/.local/lib/python3.8/site-packages/airflow/example_dags/example_xcomargs.py took 0.046 seconds
[2025-01-14T00:15:41.282+0000] {processor.py:161} INFO - Started process (PID=1146) to work on /home/airflow/.local/lib/python3.8/site-packages/airflow/example_dags/example_xcomargs.py
[2025-01-14T00:15:41.283+0000] {processor.py:830} INFO - Processing file /home/airflow/.local/lib/python3.8/site-packages/airflow/example_dags/example_xcomargs.py for tasks to queue
[2025-01-14T00:15:41.284+0000] {logging_mixin.py:188} INFO - [2025-01-14T00:15:41.284+0000] {dagbag.py:538} INFO - Filling up the DagBag from /home/airflow/.local/lib/python3.8/site-packages/airflow/example_dags/example_xcomargs.py
[2025-01-14T00:15:41.289+0000] {processor.py:840} INFO - DAG(s) 'example_xcom_args_with_operators', 'example_xcom_args' retrieved from /home/airflow/.local/lib/python3.8/site-packages/airflow/example_dags/example_xcomargs.py
[2025-01-14T00:15:41.311+0000] {logging_mixin.py:188} INFO - [2025-01-14T00:15:41.311+0000] {dag.py:3036} INFO - Sync 2 DAGs
[2025-01-14T00:15:41.320+0000] {logging_mixin.py:188} INFO - [2025-01-14T00:15:41.320+0000] {dag.py:3823} INFO - Setting next_dagrun for example_xcom_args to None, run_after=None
[2025-01-14T00:15:41.323+0000] {logging_mixin.py:188} INFO - [2025-01-14T00:15:41.323+0000] {dag.py:3823} INFO - Setting next_dagrun for example_xcom_args_with_operators to None, run_after=None
[2025-01-14T00:15:41.337+0000] {processor.py:183} INFO - Processing /home/airflow/.local/lib/python3.8/site-packages/airflow/example_dags/example_xcomargs.py took 0.057 seconds
[2025-01-14T00:16:12.731+0000] {processor.py:161} INFO - Started process (PID=1205) to work on /home/airflow/.local/lib/python3.8/site-packages/airflow/example_dags/example_xcomargs.py
[2025-01-14T00:16:12.732+0000] {processor.py:830} INFO - Processing file /home/airflow/.local/lib/python3.8/site-packages/airflow/example_dags/example_xcomargs.py for tasks to queue
[2025-01-14T00:16:12.733+0000] {logging_mixin.py:188} INFO - [2025-01-14T00:16:12.733+0000] {dagbag.py:538} INFO - Filling up the DagBag from /home/airflow/.local/lib/python3.8/site-packages/airflow/example_dags/example_xcomargs.py
[2025-01-14T00:16:12.738+0000] {processor.py:840} INFO - DAG(s) 'example_xcom_args', 'example_xcom_args_with_operators' retrieved from /home/airflow/.local/lib/python3.8/site-packages/airflow/example_dags/example_xcomargs.py
[2025-01-14T00:16:12.752+0000] {logging_mixin.py:188} INFO - [2025-01-14T00:16:12.752+0000] {dag.py:3036} INFO - Sync 2 DAGs
[2025-01-14T00:16:12.759+0000] {logging_mixin.py:188} INFO - [2025-01-14T00:16:12.759+0000] {dag.py:3823} INFO - Setting next_dagrun for example_xcom_args to None, run_after=None
[2025-01-14T00:16:12.761+0000] {logging_mixin.py:188} INFO - [2025-01-14T00:16:12.761+0000] {dag.py:3823} INFO - Setting next_dagrun for example_xcom_args_with_operators to None, run_after=None
[2025-01-14T00:16:12.772+0000] {processor.py:183} INFO - Processing /home/airflow/.local/lib/python3.8/site-packages/airflow/example_dags/example_xcomargs.py took 0.042 seconds
[2025-01-14T00:16:43.925+0000] {processor.py:161} INFO - Started process (PID=1270) to work on /home/airflow/.local/lib/python3.8/site-packages/airflow/example_dags/example_xcomargs.py
[2025-01-14T00:16:43.926+0000] {processor.py:830} INFO - Processing file /home/airflow/.local/lib/python3.8/site-packages/airflow/example_dags/example_xcomargs.py for tasks to queue
[2025-01-14T00:16:43.927+0000] {logging_mixin.py:188} INFO - [2025-01-14T00:16:43.927+0000] {dagbag.py:538} INFO - Filling up the DagBag from /home/airflow/.local/lib/python3.8/site-packages/airflow/example_dags/example_xcomargs.py
[2025-01-14T00:16:43.932+0000] {processor.py:840} INFO - DAG(s) 'example_xcom_args_with_operators', 'example_xcom_args' retrieved from /home/airflow/.local/lib/python3.8/site-packages/airflow/example_dags/example_xcomargs.py
[2025-01-14T00:16:43.947+0000] {logging_mixin.py:188} INFO - [2025-01-14T00:16:43.947+0000] {dag.py:3036} INFO - Sync 2 DAGs
[2025-01-14T00:16:43.955+0000] {logging_mixin.py:188} INFO - [2025-01-14T00:16:43.955+0000] {dag.py:3823} INFO - Setting next_dagrun for example_xcom_args to None, run_after=None
[2025-01-14T00:16:43.957+0000] {logging_mixin.py:188} INFO - [2025-01-14T00:16:43.957+0000] {dag.py:3823} INFO - Setting next_dagrun for example_xcom_args_with_operators to None, run_after=None
[2025-01-14T00:16:43.968+0000] {processor.py:183} INFO - Processing /home/airflow/.local/lib/python3.8/site-packages/airflow/example_dags/example_xcomargs.py took 0.045 seconds
[2025-01-14T00:17:15.061+0000] {processor.py:161} INFO - Started process (PID=1329) to work on /home/airflow/.local/lib/python3.8/site-packages/airflow/example_dags/example_xcomargs.py
[2025-01-14T00:17:15.061+0000] {processor.py:830} INFO - Processing file /home/airflow/.local/lib/python3.8/site-packages/airflow/example_dags/example_xcomargs.py for tasks to queue
[2025-01-14T00:17:15.063+0000] {logging_mixin.py:188} INFO - [2025-01-14T00:17:15.062+0000] {dagbag.py:538} INFO - Filling up the DagBag from /home/airflow/.local/lib/python3.8/site-packages/airflow/example_dags/example_xcomargs.py
[2025-01-14T00:17:15.067+0000] {processor.py:840} INFO - DAG(s) 'example_xcom_args', 'example_xcom_args_with_operators' retrieved from /home/airflow/.local/lib/python3.8/site-packages/airflow/example_dags/example_xcomargs.py
[2025-01-14T00:17:15.082+0000] {logging_mixin.py:188} INFO - [2025-01-14T00:17:15.082+0000] {dag.py:3036} INFO - Sync 2 DAGs
[2025-01-14T00:17:15.089+0000] {logging_mixin.py:188} INFO - [2025-01-14T00:17:15.089+0000] {dag.py:3823} INFO - Setting next_dagrun for example_xcom_args to None, run_after=None
[2025-01-14T00:17:15.091+0000] {logging_mixin.py:188} INFO - [2025-01-14T00:17:15.091+0000] {dag.py:3823} INFO - Setting next_dagrun for example_xcom_args_with_operators to None, run_after=None
[2025-01-14T00:17:15.102+0000] {processor.py:183} INFO - Processing /home/airflow/.local/lib/python3.8/site-packages/airflow/example_dags/example_xcomargs.py took 0.043 seconds
[2025-01-14T00:17:46.112+0000] {processor.py:161} INFO - Started process (PID=1388) to work on /home/airflow/.local/lib/python3.8/site-packages/airflow/example_dags/example_xcomargs.py
[2025-01-14T00:17:46.112+0000] {processor.py:830} INFO - Processing file /home/airflow/.local/lib/python3.8/site-packages/airflow/example_dags/example_xcomargs.py for tasks to queue
[2025-01-14T00:17:46.114+0000] {logging_mixin.py:188} INFO - [2025-01-14T00:17:46.113+0000] {dagbag.py:538} INFO - Filling up the DagBag from /home/airflow/.local/lib/python3.8/site-packages/airflow/example_dags/example_xcomargs.py
[2025-01-14T00:17:46.118+0000] {processor.py:840} INFO - DAG(s) 'example_xcom_args_with_operators', 'example_xcom_args' retrieved from /home/airflow/.local/lib/python3.8/site-packages/airflow/example_dags/example_xcomargs.py
[2025-01-14T00:17:46.131+0000] {logging_mixin.py:188} INFO - [2025-01-14T00:17:46.131+0000] {dag.py:3036} INFO - Sync 2 DAGs
[2025-01-14T00:17:46.139+0000] {logging_mixin.py:188} INFO - [2025-01-14T00:17:46.138+0000] {dag.py:3823} INFO - Setting next_dagrun for example_xcom_args to None, run_after=None
[2025-01-14T00:17:46.141+0000] {logging_mixin.py:188} INFO - [2025-01-14T00:17:46.141+0000] {dag.py:3823} INFO - Setting next_dagrun for example_xcom_args_with_operators to None, run_after=None
[2025-01-14T00:17:46.152+0000] {processor.py:183} INFO - Processing /home/airflow/.local/lib/python3.8/site-packages/airflow/example_dags/example_xcomargs.py took 0.042 seconds
[2025-01-14T00:18:16.611+0000] {processor.py:161} INFO - Started process (PID=1447) to work on /home/airflow/.local/lib/python3.8/site-packages/airflow/example_dags/example_xcomargs.py
[2025-01-14T00:18:16.611+0000] {processor.py:830} INFO - Processing file /home/airflow/.local/lib/python3.8/site-packages/airflow/example_dags/example_xcomargs.py for tasks to queue
[2025-01-14T00:18:16.613+0000] {logging_mixin.py:188} INFO - [2025-01-14T00:18:16.612+0000] {dagbag.py:538} INFO - Filling up the DagBag from /home/airflow/.local/lib/python3.8/site-packages/airflow/example_dags/example_xcomargs.py
[2025-01-14T00:18:16.618+0000] {processor.py:840} INFO - DAG(s) 'example_xcom_args', 'example_xcom_args_with_operators' retrieved from /home/airflow/.local/lib/python3.8/site-packages/airflow/example_dags/example_xcomargs.py
[2025-01-14T00:18:16.633+0000] {logging_mixin.py:188} INFO - [2025-01-14T00:18:16.633+0000] {dag.py:3036} INFO - Sync 2 DAGs
[2025-01-14T00:18:16.641+0000] {logging_mixin.py:188} INFO - [2025-01-14T00:18:16.641+0000] {dag.py:3823} INFO - Setting next_dagrun for example_xcom_args to None, run_after=None
[2025-01-14T00:18:16.643+0000] {logging_mixin.py:188} INFO - [2025-01-14T00:18:16.643+0000] {dag.py:3823} INFO - Setting next_dagrun for example_xcom_args_with_operators to None, run_after=None
[2025-01-14T00:18:16.654+0000] {processor.py:183} INFO - Processing /home/airflow/.local/lib/python3.8/site-packages/airflow/example_dags/example_xcomargs.py took 0.045 seconds
[2025-01-14T00:18:47.816+0000] {processor.py:161} INFO - Started process (PID=1506) to work on /home/airflow/.local/lib/python3.8/site-packages/airflow/example_dags/example_xcomargs.py
[2025-01-14T00:18:47.817+0000] {processor.py:830} INFO - Processing file /home/airflow/.local/lib/python3.8/site-packages/airflow/example_dags/example_xcomargs.py for tasks to queue
[2025-01-14T00:18:47.818+0000] {logging_mixin.py:188} INFO - [2025-01-14T00:18:47.818+0000] {dagbag.py:538} INFO - Filling up the DagBag from /home/airflow/.local/lib/python3.8/site-packages/airflow/example_dags/example_xcomargs.py
[2025-01-14T00:18:47.823+0000] {processor.py:840} INFO - DAG(s) 'example_xcom_args', 'example_xcom_args_with_operators' retrieved from /home/airflow/.local/lib/python3.8/site-packages/airflow/example_dags/example_xcomargs.py
[2025-01-14T00:18:47.838+0000] {logging_mixin.py:188} INFO - [2025-01-14T00:18:47.838+0000] {dag.py:3036} INFO - Sync 2 DAGs
[2025-01-14T00:18:47.846+0000] {logging_mixin.py:188} INFO - [2025-01-14T00:18:47.846+0000] {dag.py:3823} INFO - Setting next_dagrun for example_xcom_args to None, run_after=None
[2025-01-14T00:18:47.849+0000] {logging_mixin.py:188} INFO - [2025-01-14T00:18:47.848+0000] {dag.py:3823} INFO - Setting next_dagrun for example_xcom_args_with_operators to None, run_after=None
[2025-01-14T00:18:47.860+0000] {processor.py:183} INFO - Processing /home/airflow/.local/lib/python3.8/site-packages/airflow/example_dags/example_xcomargs.py took 0.046 seconds
[2025-01-14T00:19:18.992+0000] {processor.py:161} INFO - Started process (PID=1565) to work on /home/airflow/.local/lib/python3.8/site-packages/airflow/example_dags/example_xcomargs.py
[2025-01-14T00:19:18.993+0000] {processor.py:830} INFO - Processing file /home/airflow/.local/lib/python3.8/site-packages/airflow/example_dags/example_xcomargs.py for tasks to queue
[2025-01-14T00:19:18.994+0000] {logging_mixin.py:188} INFO - [2025-01-14T00:19:18.994+0000] {dagbag.py:538} INFO - Filling up the DagBag from /home/airflow/.local/lib/python3.8/site-packages/airflow/example_dags/example_xcomargs.py
[2025-01-14T00:19:19.000+0000] {processor.py:840} INFO - DAG(s) 'example_xcom_args', 'example_xcom_args_with_operators' retrieved from /home/airflow/.local/lib/python3.8/site-packages/airflow/example_dags/example_xcomargs.py
[2025-01-14T00:19:19.019+0000] {logging_mixin.py:188} INFO - [2025-01-14T00:19:19.018+0000] {dag.py:3036} INFO - Sync 2 DAGs
[2025-01-14T00:19:19.027+0000] {logging_mixin.py:188} INFO - [2025-01-14T00:19:19.027+0000] {dag.py:3823} INFO - Setting next_dagrun for example_xcom_args to None, run_after=None
[2025-01-14T00:19:19.030+0000] {logging_mixin.py:188} INFO - [2025-01-14T00:19:19.030+0000] {dag.py:3823} INFO - Setting next_dagrun for example_xcom_args_with_operators to None, run_after=None
[2025-01-14T00:19:19.042+0000] {processor.py:183} INFO - Processing /home/airflow/.local/lib/python3.8/site-packages/airflow/example_dags/example_xcomargs.py took 0.052 seconds
[2025-01-14T00:19:50.316+0000] {processor.py:161} INFO - Started process (PID=1624) to work on /home/airflow/.local/lib/python3.8/site-packages/airflow/example_dags/example_xcomargs.py
[2025-01-14T00:19:50.317+0000] {processor.py:830} INFO - Processing file /home/airflow/.local/lib/python3.8/site-packages/airflow/example_dags/example_xcomargs.py for tasks to queue
[2025-01-14T00:19:50.318+0000] {logging_mixin.py:188} INFO - [2025-01-14T00:19:50.318+0000] {dagbag.py:538} INFO - Filling up the DagBag from /home/airflow/.local/lib/python3.8/site-packages/airflow/example_dags/example_xcomargs.py
[2025-01-14T00:19:50.323+0000] {processor.py:840} INFO - DAG(s) 'example_xcom_args', 'example_xcom_args_with_operators' retrieved from /home/airflow/.local/lib/python3.8/site-packages/airflow/example_dags/example_xcomargs.py
[2025-01-14T00:19:50.336+0000] {logging_mixin.py:188} INFO - [2025-01-14T00:19:50.336+0000] {dag.py:3036} INFO - Sync 2 DAGs
[2025-01-14T00:19:50.343+0000] {logging_mixin.py:188} INFO - [2025-01-14T00:19:50.343+0000] {dag.py:3823} INFO - Setting next_dagrun for example_xcom_args to None, run_after=None
[2025-01-14T00:19:50.345+0000] {logging_mixin.py:188} INFO - [2025-01-14T00:19:50.345+0000] {dag.py:3823} INFO - Setting next_dagrun for example_xcom_args_with_operators to None, run_after=None
[2025-01-14T00:19:50.357+0000] {processor.py:183} INFO - Processing /home/airflow/.local/lib/python3.8/site-packages/airflow/example_dags/example_xcomargs.py took 0.043 seconds
[2025-01-14T00:20:22.013+0000] {processor.py:161} INFO - Started process (PID=1683) to work on /home/airflow/.local/lib/python3.8/site-packages/airflow/example_dags/example_xcomargs.py
[2025-01-14T00:20:22.014+0000] {processor.py:830} INFO - Processing file /home/airflow/.local/lib/python3.8/site-packages/airflow/example_dags/example_xcomargs.py for tasks to queue
[2025-01-14T00:20:22.016+0000] {logging_mixin.py:188} INFO - [2025-01-14T00:20:22.015+0000] {dagbag.py:538} INFO - Filling up the DagBag from /home/airflow/.local/lib/python3.8/site-packages/airflow/example_dags/example_xcomargs.py
[2025-01-14T00:20:22.021+0000] {processor.py:840} INFO - DAG(s) 'example_xcom_args_with_operators', 'example_xcom_args' retrieved from /home/airflow/.local/lib/python3.8/site-packages/airflow/example_dags/example_xcomargs.py
[2025-01-14T00:20:22.035+0000] {logging_mixin.py:188} INFO - [2025-01-14T00:20:22.035+0000] {dag.py:3036} INFO - Sync 2 DAGs
[2025-01-14T00:20:22.044+0000] {logging_mixin.py:188} INFO - [2025-01-14T00:20:22.044+0000] {dag.py:3823} INFO - Setting next_dagrun for example_xcom_args to None, run_after=None
[2025-01-14T00:20:22.046+0000] {logging_mixin.py:188} INFO - [2025-01-14T00:20:22.046+0000] {dag.py:3823} INFO - Setting next_dagrun for example_xcom_args_with_operators to None, run_after=None
[2025-01-14T00:20:22.059+0000] {processor.py:183} INFO - Processing /home/airflow/.local/lib/python3.8/site-packages/airflow/example_dags/example_xcomargs.py took 0.048 seconds
[2025-01-14T00:20:52.129+0000] {processor.py:161} INFO - Started process (PID=1742) to work on /home/airflow/.local/lib/python3.8/site-packages/airflow/example_dags/example_xcomargs.py
[2025-01-14T00:20:52.130+0000] {processor.py:830} INFO - Processing file /home/airflow/.local/lib/python3.8/site-packages/airflow/example_dags/example_xcomargs.py for tasks to queue
[2025-01-14T00:20:52.131+0000] {logging_mixin.py:188} INFO - [2025-01-14T00:20:52.130+0000] {dagbag.py:538} INFO - Filling up the DagBag from /home/airflow/.local/lib/python3.8/site-packages/airflow/example_dags/example_xcomargs.py
[2025-01-14T00:20:52.137+0000] {processor.py:840} INFO - DAG(s) 'example_xcom_args', 'example_xcom_args_with_operators' retrieved from /home/airflow/.local/lib/python3.8/site-packages/airflow/example_dags/example_xcomargs.py
[2025-01-14T00:20:52.152+0000] {logging_mixin.py:188} INFO - [2025-01-14T00:20:52.152+0000] {dag.py:3036} INFO - Sync 2 DAGs
[2025-01-14T00:20:52.160+0000] {logging_mixin.py:188} INFO - [2025-01-14T00:20:52.160+0000] {dag.py:3823} INFO - Setting next_dagrun for example_xcom_args to None, run_after=None
[2025-01-14T00:20:52.162+0000] {logging_mixin.py:188} INFO - [2025-01-14T00:20:52.162+0000] {dag.py:3823} INFO - Setting next_dagrun for example_xcom_args_with_operators to None, run_after=None
[2025-01-14T00:20:52.174+0000] {processor.py:183} INFO - Processing /home/airflow/.local/lib/python3.8/site-packages/airflow/example_dags/example_xcomargs.py took 0.047 seconds
[2025-01-14T00:21:23.027+0000] {processor.py:161} INFO - Started process (PID=1801) to work on /home/airflow/.local/lib/python3.8/site-packages/airflow/example_dags/example_xcomargs.py
[2025-01-14T00:21:23.028+0000] {processor.py:830} INFO - Processing file /home/airflow/.local/lib/python3.8/site-packages/airflow/example_dags/example_xcomargs.py for tasks to queue
[2025-01-14T00:21:23.029+0000] {logging_mixin.py:188} INFO - [2025-01-14T00:21:23.029+0000] {dagbag.py:538} INFO - Filling up the DagBag from /home/airflow/.local/lib/python3.8/site-packages/airflow/example_dags/example_xcomargs.py
[2025-01-14T00:21:23.034+0000] {processor.py:840} INFO - DAG(s) 'example_xcom_args_with_operators', 'example_xcom_args' retrieved from /home/airflow/.local/lib/python3.8/site-packages/airflow/example_dags/example_xcomargs.py
[2025-01-14T00:21:23.047+0000] {logging_mixin.py:188} INFO - [2025-01-14T00:21:23.047+0000] {dag.py:3036} INFO - Sync 2 DAGs
[2025-01-14T00:21:23.055+0000] {logging_mixin.py:188} INFO - [2025-01-14T00:21:23.054+0000] {dag.py:3823} INFO - Setting next_dagrun for example_xcom_args to None, run_after=None
[2025-01-14T00:21:23.057+0000] {logging_mixin.py:188} INFO - [2025-01-14T00:21:23.057+0000] {dag.py:3823} INFO - Setting next_dagrun for example_xcom_args_with_operators to None, run_after=None
[2025-01-14T00:21:23.069+0000] {processor.py:183} INFO - Processing /home/airflow/.local/lib/python3.8/site-packages/airflow/example_dags/example_xcomargs.py took 0.043 seconds
[2025-01-14T00:21:54.522+0000] {processor.py:161} INFO - Started process (PID=1860) to work on /home/airflow/.local/lib/python3.8/site-packages/airflow/example_dags/example_xcomargs.py
[2025-01-14T00:21:54.523+0000] {processor.py:830} INFO - Processing file /home/airflow/.local/lib/python3.8/site-packages/airflow/example_dags/example_xcomargs.py for tasks to queue
[2025-01-14T00:21:54.524+0000] {logging_mixin.py:188} INFO - [2025-01-14T00:21:54.524+0000] {dagbag.py:538} INFO - Filling up the DagBag from /home/airflow/.local/lib/python3.8/site-packages/airflow/example_dags/example_xcomargs.py
[2025-01-14T00:21:54.529+0000] {processor.py:840} INFO - DAG(s) 'example_xcom_args', 'example_xcom_args_with_operators' retrieved from /home/airflow/.local/lib/python3.8/site-packages/airflow/example_dags/example_xcomargs.py
[2025-01-14T00:21:54.544+0000] {logging_mixin.py:188} INFO - [2025-01-14T00:21:54.544+0000] {dag.py:3036} INFO - Sync 2 DAGs
[2025-01-14T00:21:54.553+0000] {logging_mixin.py:188} INFO - [2025-01-14T00:21:54.553+0000] {dag.py:3823} INFO - Setting next_dagrun for example_xcom_args to None, run_after=None
[2025-01-14T00:21:54.556+0000] {logging_mixin.py:188} INFO - [2025-01-14T00:21:54.556+0000] {dag.py:3823} INFO - Setting next_dagrun for example_xcom_args_with_operators to None, run_after=None
[2025-01-14T00:21:54.568+0000] {processor.py:183} INFO - Processing /home/airflow/.local/lib/python3.8/site-packages/airflow/example_dags/example_xcomargs.py took 0.048 seconds
[2025-01-14T00:22:25.714+0000] {processor.py:161} INFO - Started process (PID=1919) to work on /home/airflow/.local/lib/python3.8/site-packages/airflow/example_dags/example_xcomargs.py
[2025-01-14T00:22:25.714+0000] {processor.py:830} INFO - Processing file /home/airflow/.local/lib/python3.8/site-packages/airflow/example_dags/example_xcomargs.py for tasks to queue
[2025-01-14T00:22:25.715+0000] {logging_mixin.py:188} INFO - [2025-01-14T00:22:25.715+0000] {dagbag.py:538} INFO - Filling up the DagBag from /home/airflow/.local/lib/python3.8/site-packages/airflow/example_dags/example_xcomargs.py
[2025-01-14T00:22:25.720+0000] {processor.py:840} INFO - DAG(s) 'example_xcom_args', 'example_xcom_args_with_operators' retrieved from /home/airflow/.local/lib/python3.8/site-packages/airflow/example_dags/example_xcomargs.py
[2025-01-14T00:22:25.735+0000] {logging_mixin.py:188} INFO - [2025-01-14T00:22:25.735+0000] {dag.py:3036} INFO - Sync 2 DAGs
[2025-01-14T00:22:25.742+0000] {logging_mixin.py:188} INFO - [2025-01-14T00:22:25.742+0000] {dag.py:3823} INFO - Setting next_dagrun for example_xcom_args to None, run_after=None
[2025-01-14T00:22:25.744+0000] {logging_mixin.py:188} INFO - [2025-01-14T00:22:25.744+0000] {dag.py:3823} INFO - Setting next_dagrun for example_xcom_args_with_operators to None, run_after=None
[2025-01-14T00:22:25.755+0000] {processor.py:183} INFO - Processing /home/airflow/.local/lib/python3.8/site-packages/airflow/example_dags/example_xcomargs.py took 0.043 seconds
[2025-01-14T00:22:56.823+0000] {processor.py:161} INFO - Started process (PID=1978) to work on /home/airflow/.local/lib/python3.8/site-packages/airflow/example_dags/example_xcomargs.py
[2025-01-14T00:22:56.824+0000] {processor.py:830} INFO - Processing file /home/airflow/.local/lib/python3.8/site-packages/airflow/example_dags/example_xcomargs.py for tasks to queue
[2025-01-14T00:22:56.825+0000] {logging_mixin.py:188} INFO - [2025-01-14T00:22:56.825+0000] {dagbag.py:538} INFO - Filling up the DagBag from /home/airflow/.local/lib/python3.8/site-packages/airflow/example_dags/example_xcomargs.py
[2025-01-14T00:22:56.830+0000] {processor.py:840} INFO - DAG(s) 'example_xcom_args', 'example_xcom_args_with_operators' retrieved from /home/airflow/.local/lib/python3.8/site-packages/airflow/example_dags/example_xcomargs.py
[2025-01-14T00:22:56.845+0000] {logging_mixin.py:188} INFO - [2025-01-14T00:22:56.845+0000] {dag.py:3036} INFO - Sync 2 DAGs
[2025-01-14T00:22:56.852+0000] {logging_mixin.py:188} INFO - [2025-01-14T00:22:56.852+0000] {dag.py:3823} INFO - Setting next_dagrun for example_xcom_args to None, run_after=None
[2025-01-14T00:22:56.854+0000] {logging_mixin.py:188} INFO - [2025-01-14T00:22:56.854+0000] {dag.py:3823} INFO - Setting next_dagrun for example_xcom_args_with_operators to None, run_after=None
[2025-01-14T00:22:56.865+0000] {processor.py:183} INFO - Processing /home/airflow/.local/lib/python3.8/site-packages/airflow/example_dags/example_xcomargs.py took 0.044 seconds
[2025-01-14T00:23:28.007+0000] {processor.py:161} INFO - Started process (PID=2037) to work on /home/airflow/.local/lib/python3.8/site-packages/airflow/example_dags/example_xcomargs.py
[2025-01-14T00:23:28.007+0000] {processor.py:830} INFO - Processing file /home/airflow/.local/lib/python3.8/site-packages/airflow/example_dags/example_xcomargs.py for tasks to queue
[2025-01-14T00:23:28.008+0000] {logging_mixin.py:188} INFO - [2025-01-14T00:23:28.008+0000] {dagbag.py:538} INFO - Filling up the DagBag from /home/airflow/.local/lib/python3.8/site-packages/airflow/example_dags/example_xcomargs.py
[2025-01-14T00:23:28.013+0000] {processor.py:840} INFO - DAG(s) 'example_xcom_args_with_operators', 'example_xcom_args' retrieved from /home/airflow/.local/lib/python3.8/site-packages/airflow/example_dags/example_xcomargs.py
[2025-01-14T00:23:28.028+0000] {logging_mixin.py:188} INFO - [2025-01-14T00:23:28.028+0000] {dag.py:3036} INFO - Sync 2 DAGs
[2025-01-14T00:23:28.035+0000] {logging_mixin.py:188} INFO - [2025-01-14T00:23:28.035+0000] {dag.py:3823} INFO - Setting next_dagrun for example_xcom_args to None, run_after=None
[2025-01-14T00:23:28.037+0000] {logging_mixin.py:188} INFO - [2025-01-14T00:23:28.037+0000] {dag.py:3823} INFO - Setting next_dagrun for example_xcom_args_with_operators to None, run_after=None
[2025-01-14T00:23:28.048+0000] {processor.py:183} INFO - Processing /home/airflow/.local/lib/python3.8/site-packages/airflow/example_dags/example_xcomargs.py took 0.043 seconds
[2025-01-14T00:23:59.121+0000] {processor.py:161} INFO - Started process (PID=2096) to work on /home/airflow/.local/lib/python3.8/site-packages/airflow/example_dags/example_xcomargs.py
[2025-01-14T00:23:59.122+0000] {processor.py:830} INFO - Processing file /home/airflow/.local/lib/python3.8/site-packages/airflow/example_dags/example_xcomargs.py for tasks to queue
[2025-01-14T00:23:59.123+0000] {logging_mixin.py:188} INFO - [2025-01-14T00:23:59.123+0000] {dagbag.py:538} INFO - Filling up the DagBag from /home/airflow/.local/lib/python3.8/site-packages/airflow/example_dags/example_xcomargs.py
[2025-01-14T00:23:59.129+0000] {processor.py:840} INFO - DAG(s) 'example_xcom_args_with_operators', 'example_xcom_args' retrieved from /home/airflow/.local/lib/python3.8/site-packages/airflow/example_dags/example_xcomargs.py
[2025-01-14T00:23:59.146+0000] {logging_mixin.py:188} INFO - [2025-01-14T00:23:59.146+0000] {dag.py:3036} INFO - Sync 2 DAGs
[2025-01-14T00:23:59.153+0000] {logging_mixin.py:188} INFO - [2025-01-14T00:23:59.153+0000] {dag.py:3823} INFO - Setting next_dagrun for example_xcom_args to None, run_after=None
[2025-01-14T00:23:59.155+0000] {logging_mixin.py:188} INFO - [2025-01-14T00:23:59.155+0000] {dag.py:3823} INFO - Setting next_dagrun for example_xcom_args_with_operators to None, run_after=None
[2025-01-14T00:23:59.167+0000] {processor.py:183} INFO - Processing /home/airflow/.local/lib/python3.8/site-packages/airflow/example_dags/example_xcomargs.py took 0.048 seconds
[2025-01-14T00:24:30.169+0000] {processor.py:161} INFO - Started process (PID=2155) to work on /home/airflow/.local/lib/python3.8/site-packages/airflow/example_dags/example_xcomargs.py
[2025-01-14T00:24:30.169+0000] {processor.py:830} INFO - Processing file /home/airflow/.local/lib/python3.8/site-packages/airflow/example_dags/example_xcomargs.py for tasks to queue
[2025-01-14T00:24:30.170+0000] {logging_mixin.py:188} INFO - [2025-01-14T00:24:30.170+0000] {dagbag.py:538} INFO - Filling up the DagBag from /home/airflow/.local/lib/python3.8/site-packages/airflow/example_dags/example_xcomargs.py
[2025-01-14T00:24:30.175+0000] {processor.py:840} INFO - DAG(s) 'example_xcom_args_with_operators', 'example_xcom_args' retrieved from /home/airflow/.local/lib/python3.8/site-packages/airflow/example_dags/example_xcomargs.py
[2025-01-14T00:24:30.190+0000] {logging_mixin.py:188} INFO - [2025-01-14T00:24:30.189+0000] {dag.py:3036} INFO - Sync 2 DAGs
[2025-01-14T00:24:30.197+0000] {logging_mixin.py:188} INFO - [2025-01-14T00:24:30.197+0000] {dag.py:3823} INFO - Setting next_dagrun for example_xcom_args to None, run_after=None
[2025-01-14T00:24:30.199+0000] {logging_mixin.py:188} INFO - [2025-01-14T00:24:30.199+0000] {dag.py:3823} INFO - Setting next_dagrun for example_xcom_args_with_operators to None, run_after=None
[2025-01-14T00:24:30.210+0000] {processor.py:183} INFO - Processing /home/airflow/.local/lib/python3.8/site-packages/airflow/example_dags/example_xcomargs.py took 0.043 seconds
[2025-01-14T00:25:00.551+0000] {processor.py:161} INFO - Started process (PID=2214) to work on /home/airflow/.local/lib/python3.8/site-packages/airflow/example_dags/example_xcomargs.py
[2025-01-14T00:25:00.552+0000] {processor.py:830} INFO - Processing file /home/airflow/.local/lib/python3.8/site-packages/airflow/example_dags/example_xcomargs.py for tasks to queue
[2025-01-14T00:25:00.553+0000] {logging_mixin.py:188} INFO - [2025-01-14T00:25:00.553+0000] {dagbag.py:538} INFO - Filling up the DagBag from /home/airflow/.local/lib/python3.8/site-packages/airflow/example_dags/example_xcomargs.py
[2025-01-14T00:25:00.558+0000] {processor.py:840} INFO - DAG(s) 'example_xcom_args_with_operators', 'example_xcom_args' retrieved from /home/airflow/.local/lib/python3.8/site-packages/airflow/example_dags/example_xcomargs.py
[2025-01-14T00:25:00.574+0000] {logging_mixin.py:188} INFO - [2025-01-14T00:25:00.574+0000] {dag.py:3036} INFO - Sync 2 DAGs
[2025-01-14T00:25:00.582+0000] {logging_mixin.py:188} INFO - [2025-01-14T00:25:00.582+0000] {dag.py:3823} INFO - Setting next_dagrun for example_xcom_args to None, run_after=None
[2025-01-14T00:25:00.584+0000] {logging_mixin.py:188} INFO - [2025-01-14T00:25:00.584+0000] {dag.py:3823} INFO - Setting next_dagrun for example_xcom_args_with_operators to None, run_after=None
[2025-01-14T00:25:00.596+0000] {processor.py:183} INFO - Processing /home/airflow/.local/lib/python3.8/site-packages/airflow/example_dags/example_xcomargs.py took 0.047 seconds
[2025-01-14T00:25:31.536+0000] {processor.py:161} INFO - Started process (PID=2273) to work on /home/airflow/.local/lib/python3.8/site-packages/airflow/example_dags/example_xcomargs.py
[2025-01-14T00:25:31.537+0000] {processor.py:830} INFO - Processing file /home/airflow/.local/lib/python3.8/site-packages/airflow/example_dags/example_xcomargs.py for tasks to queue
[2025-01-14T00:25:31.538+0000] {logging_mixin.py:188} INFO - [2025-01-14T00:25:31.538+0000] {dagbag.py:538} INFO - Filling up the DagBag from /home/airflow/.local/lib/python3.8/site-packages/airflow/example_dags/example_xcomargs.py
[2025-01-14T00:25:31.543+0000] {processor.py:840} INFO - DAG(s) 'example_xcom_args', 'example_xcom_args_with_operators' retrieved from /home/airflow/.local/lib/python3.8/site-packages/airflow/example_dags/example_xcomargs.py
[2025-01-14T00:25:31.558+0000] {logging_mixin.py:188} INFO - [2025-01-14T00:25:31.558+0000] {dag.py:3036} INFO - Sync 2 DAGs
[2025-01-14T00:25:31.566+0000] {logging_mixin.py:188} INFO - [2025-01-14T00:25:31.566+0000] {dag.py:3823} INFO - Setting next_dagrun for example_xcom_args to None, run_after=None
[2025-01-14T00:25:31.569+0000] {logging_mixin.py:188} INFO - [2025-01-14T00:25:31.569+0000] {dag.py:3823} INFO - Setting next_dagrun for example_xcom_args_with_operators to None, run_after=None
[2025-01-14T00:25:31.580+0000] {processor.py:183} INFO - Processing /home/airflow/.local/lib/python3.8/site-packages/airflow/example_dags/example_xcomargs.py took 0.046 seconds
[2025-01-14T00:26:03.149+0000] {processor.py:161} INFO - Started process (PID=2334) to work on /home/airflow/.local/lib/python3.8/site-packages/airflow/example_dags/example_xcomargs.py
[2025-01-14T00:26:03.150+0000] {processor.py:830} INFO - Processing file /home/airflow/.local/lib/python3.8/site-packages/airflow/example_dags/example_xcomargs.py for tasks to queue
[2025-01-14T00:26:03.151+0000] {logging_mixin.py:188} INFO - [2025-01-14T00:26:03.151+0000] {dagbag.py:538} INFO - Filling up the DagBag from /home/airflow/.local/lib/python3.8/site-packages/airflow/example_dags/example_xcomargs.py
[2025-01-14T00:26:03.157+0000] {processor.py:840} INFO - DAG(s) 'example_xcom_args_with_operators', 'example_xcom_args' retrieved from /home/airflow/.local/lib/python3.8/site-packages/airflow/example_dags/example_xcomargs.py
[2025-01-14T00:26:03.172+0000] {logging_mixin.py:188} INFO - [2025-01-14T00:26:03.171+0000] {dag.py:3036} INFO - Sync 2 DAGs
[2025-01-14T00:26:03.180+0000] {logging_mixin.py:188} INFO - [2025-01-14T00:26:03.180+0000] {dag.py:3823} INFO - Setting next_dagrun for example_xcom_args to None, run_after=None
[2025-01-14T00:26:03.182+0000] {logging_mixin.py:188} INFO - [2025-01-14T00:26:03.182+0000] {dag.py:3823} INFO - Setting next_dagrun for example_xcom_args_with_operators to None, run_after=None
[2025-01-14T00:26:03.194+0000] {processor.py:183} INFO - Processing /home/airflow/.local/lib/python3.8/site-packages/airflow/example_dags/example_xcomargs.py took 0.047 seconds
[2025-01-14T00:26:34.017+0000] {processor.py:161} INFO - Started process (PID=2393) to work on /home/airflow/.local/lib/python3.8/site-packages/airflow/example_dags/example_xcomargs.py
[2025-01-14T00:26:34.018+0000] {processor.py:830} INFO - Processing file /home/airflow/.local/lib/python3.8/site-packages/airflow/example_dags/example_xcomargs.py for tasks to queue
[2025-01-14T00:26:34.019+0000] {logging_mixin.py:188} INFO - [2025-01-14T00:26:34.019+0000] {dagbag.py:538} INFO - Filling up the DagBag from /home/airflow/.local/lib/python3.8/site-packages/airflow/example_dags/example_xcomargs.py
[2025-01-14T00:26:34.025+0000] {processor.py:840} INFO - DAG(s) 'example_xcom_args_with_operators', 'example_xcom_args' retrieved from /home/airflow/.local/lib/python3.8/site-packages/airflow/example_dags/example_xcomargs.py
[2025-01-14T00:26:34.040+0000] {logging_mixin.py:188} INFO - [2025-01-14T00:26:34.040+0000] {dag.py:3036} INFO - Sync 2 DAGs
[2025-01-14T00:26:34.049+0000] {logging_mixin.py:188} INFO - [2025-01-14T00:26:34.048+0000] {dag.py:3823} INFO - Setting next_dagrun for example_xcom_args to None, run_after=None
[2025-01-14T00:26:34.051+0000] {logging_mixin.py:188} INFO - [2025-01-14T00:26:34.051+0000] {dag.py:3823} INFO - Setting next_dagrun for example_xcom_args_with_operators to None, run_after=None
[2025-01-14T00:26:34.169+0000] {processor.py:183} INFO - Processing /home/airflow/.local/lib/python3.8/site-packages/airflow/example_dags/example_xcomargs.py took 0.153 seconds
[2025-01-14T00:27:04.709+0000] {processor.py:161} INFO - Started process (PID=2452) to work on /home/airflow/.local/lib/python3.8/site-packages/airflow/example_dags/example_xcomargs.py
[2025-01-14T00:27:04.710+0000] {processor.py:830} INFO - Processing file /home/airflow/.local/lib/python3.8/site-packages/airflow/example_dags/example_xcomargs.py for tasks to queue
[2025-01-14T00:27:04.711+0000] {logging_mixin.py:188} INFO - [2025-01-14T00:27:04.711+0000] {dagbag.py:538} INFO - Filling up the DagBag from /home/airflow/.local/lib/python3.8/site-packages/airflow/example_dags/example_xcomargs.py
[2025-01-14T00:27:04.717+0000] {processor.py:840} INFO - DAG(s) 'example_xcom_args_with_operators', 'example_xcom_args' retrieved from /home/airflow/.local/lib/python3.8/site-packages/airflow/example_dags/example_xcomargs.py
[2025-01-14T00:27:04.733+0000] {logging_mixin.py:188} INFO - [2025-01-14T00:27:04.732+0000] {dag.py:3036} INFO - Sync 2 DAGs
[2025-01-14T00:27:04.740+0000] {logging_mixin.py:188} INFO - [2025-01-14T00:27:04.740+0000] {dag.py:3823} INFO - Setting next_dagrun for example_xcom_args to None, run_after=None
[2025-01-14T00:27:04.742+0000] {logging_mixin.py:188} INFO - [2025-01-14T00:27:04.742+0000] {dag.py:3823} INFO - Setting next_dagrun for example_xcom_args_with_operators to None, run_after=None
[2025-01-14T00:27:04.753+0000] {processor.py:183} INFO - Processing /home/airflow/.local/lib/python3.8/site-packages/airflow/example_dags/example_xcomargs.py took 0.046 seconds
[2025-01-14T00:27:35.457+0000] {processor.py:161} INFO - Started process (PID=2511) to work on /home/airflow/.local/lib/python3.8/site-packages/airflow/example_dags/example_xcomargs.py
[2025-01-14T00:27:35.457+0000] {processor.py:830} INFO - Processing file /home/airflow/.local/lib/python3.8/site-packages/airflow/example_dags/example_xcomargs.py for tasks to queue
[2025-01-14T00:27:35.459+0000] {logging_mixin.py:188} INFO - [2025-01-14T00:27:35.458+0000] {dagbag.py:538} INFO - Filling up the DagBag from /home/airflow/.local/lib/python3.8/site-packages/airflow/example_dags/example_xcomargs.py
[2025-01-14T00:27:35.465+0000] {processor.py:840} INFO - DAG(s) 'example_xcom_args_with_operators', 'example_xcom_args' retrieved from /home/airflow/.local/lib/python3.8/site-packages/airflow/example_dags/example_xcomargs.py
[2025-01-14T00:27:35.483+0000] {logging_mixin.py:188} INFO - [2025-01-14T00:27:35.483+0000] {dag.py:3036} INFO - Sync 2 DAGs
[2025-01-14T00:27:35.492+0000] {logging_mixin.py:188} INFO - [2025-01-14T00:27:35.492+0000] {dag.py:3823} INFO - Setting next_dagrun for example_xcom_args to None, run_after=None
[2025-01-14T00:27:35.495+0000] {logging_mixin.py:188} INFO - [2025-01-14T00:27:35.495+0000] {dag.py:3823} INFO - Setting next_dagrun for example_xcom_args_with_operators to None, run_after=None
[2025-01-14T00:27:35.508+0000] {processor.py:183} INFO - Processing /home/airflow/.local/lib/python3.8/site-packages/airflow/example_dags/example_xcomargs.py took 0.054 seconds
[2025-01-14T00:28:05.844+0000] {processor.py:161} INFO - Started process (PID=2570) to work on /home/airflow/.local/lib/python3.8/site-packages/airflow/example_dags/example_xcomargs.py
[2025-01-14T00:28:05.845+0000] {processor.py:830} INFO - Processing file /home/airflow/.local/lib/python3.8/site-packages/airflow/example_dags/example_xcomargs.py for tasks to queue
[2025-01-14T00:28:05.846+0000] {logging_mixin.py:188} INFO - [2025-01-14T00:28:05.846+0000] {dagbag.py:538} INFO - Filling up the DagBag from /home/airflow/.local/lib/python3.8/site-packages/airflow/example_dags/example_xcomargs.py
[2025-01-14T00:28:05.851+0000] {processor.py:840} INFO - DAG(s) 'example_xcom_args_with_operators', 'example_xcom_args' retrieved from /home/airflow/.local/lib/python3.8/site-packages/airflow/example_dags/example_xcomargs.py
[2025-01-14T00:28:05.866+0000] {logging_mixin.py:188} INFO - [2025-01-14T00:28:05.866+0000] {dag.py:3036} INFO - Sync 2 DAGs
[2025-01-14T00:28:05.874+0000] {logging_mixin.py:188} INFO - [2025-01-14T00:28:05.873+0000] {dag.py:3823} INFO - Setting next_dagrun for example_xcom_args to None, run_after=None
[2025-01-14T00:28:05.876+0000] {logging_mixin.py:188} INFO - [2025-01-14T00:28:05.876+0000] {dag.py:3823} INFO - Setting next_dagrun for example_xcom_args_with_operators to None, run_after=None
[2025-01-14T00:28:05.887+0000] {processor.py:183} INFO - Processing /home/airflow/.local/lib/python3.8/site-packages/airflow/example_dags/example_xcomargs.py took 0.046 seconds
[2025-01-14T00:28:37.093+0000] {processor.py:161} INFO - Started process (PID=2629) to work on /home/airflow/.local/lib/python3.8/site-packages/airflow/example_dags/example_xcomargs.py
[2025-01-14T00:28:37.093+0000] {processor.py:830} INFO - Processing file /home/airflow/.local/lib/python3.8/site-packages/airflow/example_dags/example_xcomargs.py for tasks to queue
[2025-01-14T00:28:37.094+0000] {logging_mixin.py:188} INFO - [2025-01-14T00:28:37.094+0000] {dagbag.py:538} INFO - Filling up the DagBag from /home/airflow/.local/lib/python3.8/site-packages/airflow/example_dags/example_xcomargs.py
[2025-01-14T00:28:37.100+0000] {processor.py:840} INFO - DAG(s) 'example_xcom_args_with_operators', 'example_xcom_args' retrieved from /home/airflow/.local/lib/python3.8/site-packages/airflow/example_dags/example_xcomargs.py
[2025-01-14T00:28:37.118+0000] {logging_mixin.py:188} INFO - [2025-01-14T00:28:37.118+0000] {dag.py:3036} INFO - Sync 2 DAGs
[2025-01-14T00:28:37.128+0000] {logging_mixin.py:188} INFO - [2025-01-14T00:28:37.128+0000] {dag.py:3823} INFO - Setting next_dagrun for example_xcom_args to None, run_after=None
[2025-01-14T00:28:37.131+0000] {logging_mixin.py:188} INFO - [2025-01-14T00:28:37.131+0000] {dag.py:3823} INFO - Setting next_dagrun for example_xcom_args_with_operators to None, run_after=None
[2025-01-14T00:28:37.145+0000] {processor.py:183} INFO - Processing /home/airflow/.local/lib/python3.8/site-packages/airflow/example_dags/example_xcomargs.py took 0.054 seconds
[2025-01-14T00:29:08.631+0000] {processor.py:161} INFO - Started process (PID=2688) to work on /home/airflow/.local/lib/python3.8/site-packages/airflow/example_dags/example_xcomargs.py
[2025-01-14T00:29:08.631+0000] {processor.py:830} INFO - Processing file /home/airflow/.local/lib/python3.8/site-packages/airflow/example_dags/example_xcomargs.py for tasks to queue
[2025-01-14T00:29:08.632+0000] {logging_mixin.py:188} INFO - [2025-01-14T00:29:08.632+0000] {dagbag.py:538} INFO - Filling up the DagBag from /home/airflow/.local/lib/python3.8/site-packages/airflow/example_dags/example_xcomargs.py
[2025-01-14T00:29:08.637+0000] {processor.py:840} INFO - DAG(s) 'example_xcom_args', 'example_xcom_args_with_operators' retrieved from /home/airflow/.local/lib/python3.8/site-packages/airflow/example_dags/example_xcomargs.py
[2025-01-14T00:29:08.652+0000] {logging_mixin.py:188} INFO - [2025-01-14T00:29:08.652+0000] {dag.py:3036} INFO - Sync 2 DAGs
[2025-01-14T00:29:08.660+0000] {logging_mixin.py:188} INFO - [2025-01-14T00:29:08.660+0000] {dag.py:3823} INFO - Setting next_dagrun for example_xcom_args to None, run_after=None
[2025-01-14T00:29:08.662+0000] {logging_mixin.py:188} INFO - [2025-01-14T00:29:08.662+0000] {dag.py:3823} INFO - Setting next_dagrun for example_xcom_args_with_operators to None, run_after=None
[2025-01-14T00:29:08.672+0000] {processor.py:183} INFO - Processing /home/airflow/.local/lib/python3.8/site-packages/airflow/example_dags/example_xcomargs.py took 0.043 seconds
[2025-01-14T00:29:39.225+0000] {processor.py:161} INFO - Started process (PID=2747) to work on /home/airflow/.local/lib/python3.8/site-packages/airflow/example_dags/example_xcomargs.py
[2025-01-14T00:29:39.225+0000] {processor.py:830} INFO - Processing file /home/airflow/.local/lib/python3.8/site-packages/airflow/example_dags/example_xcomargs.py for tasks to queue
[2025-01-14T00:29:39.226+0000] {logging_mixin.py:188} INFO - [2025-01-14T00:29:39.226+0000] {dagbag.py:538} INFO - Filling up the DagBag from /home/airflow/.local/lib/python3.8/site-packages/airflow/example_dags/example_xcomargs.py
[2025-01-14T00:29:39.232+0000] {processor.py:840} INFO - DAG(s) 'example_xcom_args', 'example_xcom_args_with_operators' retrieved from /home/airflow/.local/lib/python3.8/site-packages/airflow/example_dags/example_xcomargs.py
[2025-01-14T00:29:39.250+0000] {logging_mixin.py:188} INFO - [2025-01-14T00:29:39.250+0000] {dag.py:3036} INFO - Sync 2 DAGs
[2025-01-14T00:29:39.259+0000] {logging_mixin.py:188} INFO - [2025-01-14T00:29:39.259+0000] {dag.py:3823} INFO - Setting next_dagrun for example_xcom_args to None, run_after=None
[2025-01-14T00:29:39.263+0000] {logging_mixin.py:188} INFO - [2025-01-14T00:29:39.262+0000] {dag.py:3823} INFO - Setting next_dagrun for example_xcom_args_with_operators to None, run_after=None
[2025-01-14T00:29:39.278+0000] {processor.py:183} INFO - Processing /home/airflow/.local/lib/python3.8/site-packages/airflow/example_dags/example_xcomargs.py took 0.055 seconds
[2025-01-14T00:30:09.930+0000] {processor.py:161} INFO - Started process (PID=2806) to work on /home/airflow/.local/lib/python3.8/site-packages/airflow/example_dags/example_xcomargs.py
[2025-01-14T00:30:09.930+0000] {processor.py:830} INFO - Processing file /home/airflow/.local/lib/python3.8/site-packages/airflow/example_dags/example_xcomargs.py for tasks to queue
[2025-01-14T00:30:09.932+0000] {logging_mixin.py:188} INFO - [2025-01-14T00:30:09.931+0000] {dagbag.py:538} INFO - Filling up the DagBag from /home/airflow/.local/lib/python3.8/site-packages/airflow/example_dags/example_xcomargs.py
[2025-01-14T00:30:09.937+0000] {processor.py:840} INFO - DAG(s) 'example_xcom_args', 'example_xcom_args_with_operators' retrieved from /home/airflow/.local/lib/python3.8/site-packages/airflow/example_dags/example_xcomargs.py
[2025-01-14T00:30:09.953+0000] {logging_mixin.py:188} INFO - [2025-01-14T00:30:09.953+0000] {dag.py:3036} INFO - Sync 2 DAGs
[2025-01-14T00:30:09.961+0000] {logging_mixin.py:188} INFO - [2025-01-14T00:30:09.961+0000] {dag.py:3823} INFO - Setting next_dagrun for example_xcom_args to None, run_after=None
[2025-01-14T00:30:09.964+0000] {logging_mixin.py:188} INFO - [2025-01-14T00:30:09.963+0000] {dag.py:3823} INFO - Setting next_dagrun for example_xcom_args_with_operators to None, run_after=None
[2025-01-14T00:30:09.975+0000] {processor.py:183} INFO - Processing /home/airflow/.local/lib/python3.8/site-packages/airflow/example_dags/example_xcomargs.py took 0.047 seconds
[2025-01-14T00:30:40.757+0000] {processor.py:161} INFO - Started process (PID=2865) to work on /home/airflow/.local/lib/python3.8/site-packages/airflow/example_dags/example_xcomargs.py
[2025-01-14T00:30:40.757+0000] {processor.py:830} INFO - Processing file /home/airflow/.local/lib/python3.8/site-packages/airflow/example_dags/example_xcomargs.py for tasks to queue
[2025-01-14T00:30:40.758+0000] {logging_mixin.py:188} INFO - [2025-01-14T00:30:40.758+0000] {dagbag.py:538} INFO - Filling up the DagBag from /home/airflow/.local/lib/python3.8/site-packages/airflow/example_dags/example_xcomargs.py
[2025-01-14T00:30:40.763+0000] {processor.py:840} INFO - DAG(s) 'example_xcom_args', 'example_xcom_args_with_operators' retrieved from /home/airflow/.local/lib/python3.8/site-packages/airflow/example_dags/example_xcomargs.py
[2025-01-14T00:30:40.778+0000] {logging_mixin.py:188} INFO - [2025-01-14T00:30:40.778+0000] {dag.py:3036} INFO - Sync 2 DAGs
[2025-01-14T00:30:40.786+0000] {logging_mixin.py:188} INFO - [2025-01-14T00:30:40.786+0000] {dag.py:3823} INFO - Setting next_dagrun for example_xcom_args to None, run_after=None
[2025-01-14T00:30:40.788+0000] {logging_mixin.py:188} INFO - [2025-01-14T00:30:40.788+0000] {dag.py:3823} INFO - Setting next_dagrun for example_xcom_args_with_operators to None, run_after=None
[2025-01-14T00:30:40.800+0000] {processor.py:183} INFO - Processing /home/airflow/.local/lib/python3.8/site-packages/airflow/example_dags/example_xcomargs.py took 0.045 seconds
[2025-01-14T00:31:11.596+0000] {processor.py:161} INFO - Started process (PID=2924) to work on /home/airflow/.local/lib/python3.8/site-packages/airflow/example_dags/example_xcomargs.py
[2025-01-14T00:31:11.597+0000] {processor.py:830} INFO - Processing file /home/airflow/.local/lib/python3.8/site-packages/airflow/example_dags/example_xcomargs.py for tasks to queue
[2025-01-14T00:31:11.598+0000] {logging_mixin.py:188} INFO - [2025-01-14T00:31:11.598+0000] {dagbag.py:538} INFO - Filling up the DagBag from /home/airflow/.local/lib/python3.8/site-packages/airflow/example_dags/example_xcomargs.py
[2025-01-14T00:31:11.603+0000] {processor.py:840} INFO - DAG(s) 'example_xcom_args_with_operators', 'example_xcom_args' retrieved from /home/airflow/.local/lib/python3.8/site-packages/airflow/example_dags/example_xcomargs.py
[2025-01-14T00:31:11.618+0000] {logging_mixin.py:188} INFO - [2025-01-14T00:31:11.618+0000] {dag.py:3036} INFO - Sync 2 DAGs
[2025-01-14T00:31:11.625+0000] {logging_mixin.py:188} INFO - [2025-01-14T00:31:11.625+0000] {dag.py:3823} INFO - Setting next_dagrun for example_xcom_args to None, run_after=None
[2025-01-14T00:31:11.627+0000] {logging_mixin.py:188} INFO - [2025-01-14T00:31:11.627+0000] {dag.py:3823} INFO - Setting next_dagrun for example_xcom_args_with_operators to None, run_after=None
[2025-01-14T00:31:11.639+0000] {processor.py:183} INFO - Processing /home/airflow/.local/lib/python3.8/site-packages/airflow/example_dags/example_xcomargs.py took 0.044 seconds
[2025-01-14T00:31:42.362+0000] {processor.py:161} INFO - Started process (PID=2983) to work on /home/airflow/.local/lib/python3.8/site-packages/airflow/example_dags/example_xcomargs.py
[2025-01-14T00:31:42.362+0000] {processor.py:830} INFO - Processing file /home/airflow/.local/lib/python3.8/site-packages/airflow/example_dags/example_xcomargs.py for tasks to queue
[2025-01-14T00:31:42.363+0000] {logging_mixin.py:188} INFO - [2025-01-14T00:31:42.363+0000] {dagbag.py:538} INFO - Filling up the DagBag from /home/airflow/.local/lib/python3.8/site-packages/airflow/example_dags/example_xcomargs.py
[2025-01-14T00:31:42.369+0000] {processor.py:840} INFO - DAG(s) 'example_xcom_args', 'example_xcom_args_with_operators' retrieved from /home/airflow/.local/lib/python3.8/site-packages/airflow/example_dags/example_xcomargs.py
[2025-01-14T00:31:42.383+0000] {logging_mixin.py:188} INFO - [2025-01-14T00:31:42.383+0000] {dag.py:3036} INFO - Sync 2 DAGs
[2025-01-14T00:31:42.392+0000] {logging_mixin.py:188} INFO - [2025-01-14T00:31:42.392+0000] {dag.py:3823} INFO - Setting next_dagrun for example_xcom_args to None, run_after=None
[2025-01-14T00:31:42.395+0000] {logging_mixin.py:188} INFO - [2025-01-14T00:31:42.394+0000] {dag.py:3823} INFO - Setting next_dagrun for example_xcom_args_with_operators to None, run_after=None
[2025-01-14T00:31:42.407+0000] {processor.py:183} INFO - Processing /home/airflow/.local/lib/python3.8/site-packages/airflow/example_dags/example_xcomargs.py took 0.047 seconds
[2025-01-14T00:32:12.456+0000] {processor.py:161} INFO - Started process (PID=3042) to work on /home/airflow/.local/lib/python3.8/site-packages/airflow/example_dags/example_xcomargs.py
[2025-01-14T00:32:12.457+0000] {processor.py:830} INFO - Processing file /home/airflow/.local/lib/python3.8/site-packages/airflow/example_dags/example_xcomargs.py for tasks to queue
[2025-01-14T00:32:12.458+0000] {logging_mixin.py:188} INFO - [2025-01-14T00:32:12.458+0000] {dagbag.py:538} INFO - Filling up the DagBag from /home/airflow/.local/lib/python3.8/site-packages/airflow/example_dags/example_xcomargs.py
[2025-01-14T00:32:12.463+0000] {processor.py:840} INFO - DAG(s) 'example_xcom_args', 'example_xcom_args_with_operators' retrieved from /home/airflow/.local/lib/python3.8/site-packages/airflow/example_dags/example_xcomargs.py
[2025-01-14T00:32:12.478+0000] {logging_mixin.py:188} INFO - [2025-01-14T00:32:12.478+0000] {dag.py:3036} INFO - Sync 2 DAGs
[2025-01-14T00:32:12.485+0000] {logging_mixin.py:188} INFO - [2025-01-14T00:32:12.485+0000] {dag.py:3823} INFO - Setting next_dagrun for example_xcom_args to None, run_after=None
[2025-01-14T00:32:12.488+0000] {logging_mixin.py:188} INFO - [2025-01-14T00:32:12.487+0000] {dag.py:3823} INFO - Setting next_dagrun for example_xcom_args_with_operators to None, run_after=None
[2025-01-14T00:32:12.499+0000] {processor.py:183} INFO - Processing /home/airflow/.local/lib/python3.8/site-packages/airflow/example_dags/example_xcomargs.py took 0.045 seconds
[2025-01-14T00:32:42.572+0000] {processor.py:161} INFO - Started process (PID=3101) to work on /home/airflow/.local/lib/python3.8/site-packages/airflow/example_dags/example_xcomargs.py
[2025-01-14T00:32:42.573+0000] {processor.py:830} INFO - Processing file /home/airflow/.local/lib/python3.8/site-packages/airflow/example_dags/example_xcomargs.py for tasks to queue
[2025-01-14T00:32:42.574+0000] {logging_mixin.py:188} INFO - [2025-01-14T00:32:42.574+0000] {dagbag.py:538} INFO - Filling up the DagBag from /home/airflow/.local/lib/python3.8/site-packages/airflow/example_dags/example_xcomargs.py
[2025-01-14T00:32:42.579+0000] {processor.py:840} INFO - DAG(s) 'example_xcom_args', 'example_xcom_args_with_operators' retrieved from /home/airflow/.local/lib/python3.8/site-packages/airflow/example_dags/example_xcomargs.py
[2025-01-14T00:32:42.595+0000] {logging_mixin.py:188} INFO - [2025-01-14T00:32:42.595+0000] {dag.py:3036} INFO - Sync 2 DAGs
[2025-01-14T00:32:42.603+0000] {logging_mixin.py:188} INFO - [2025-01-14T00:32:42.603+0000] {dag.py:3823} INFO - Setting next_dagrun for example_xcom_args to None, run_after=None
[2025-01-14T00:32:42.605+0000] {logging_mixin.py:188} INFO - [2025-01-14T00:32:42.605+0000] {dag.py:3823} INFO - Setting next_dagrun for example_xcom_args_with_operators to None, run_after=None
[2025-01-14T00:32:42.618+0000] {processor.py:183} INFO - Processing /home/airflow/.local/lib/python3.8/site-packages/airflow/example_dags/example_xcomargs.py took 0.047 seconds
