[2025-01-14T00:00:09.483+0000] {processor.py:161} INFO - Started process (PID=10577) to work on /home/airflow/.local/lib/python3.8/site-packages/airflow/example_dags/example_dag_decorator.py
[2025-01-14T00:00:09.483+0000] {processor.py:830} INFO - Processing file /home/airflow/.local/lib/python3.8/site-packages/airflow/example_dags/example_dag_decorator.py for tasks to queue
[2025-01-14T00:00:09.484+0000] {logging_mixin.py:188} INFO - [2025-01-14T00:00:09.484+0000] {dagbag.py:538} INFO - Filling up the DagBag from /home/airflow/.local/lib/python3.8/site-packages/airflow/example_dags/example_dag_decorator.py
[2025-01-14T00:00:09.540+0000] {processor.py:840} INFO - DAG(s) 'example_dag_decorator' retrieved from /home/airflow/.local/lib/python3.8/site-packages/airflow/example_dags/example_dag_decorator.py
[2025-01-14T00:00:09.605+0000] {logging_mixin.py:188} INFO - [2025-01-14T00:00:09.605+0000] {dag.py:3036} INFO - Sync 1 DAGs
[2025-01-14T00:00:09.611+0000] {logging_mixin.py:188} INFO - [2025-01-14T00:00:09.611+0000] {dag.py:3823} INFO - Setting next_dagrun for example_dag_decorator to None, run_after=None
[2025-01-14T00:00:09.624+0000] {processor.py:183} INFO - Processing /home/airflow/.local/lib/python3.8/site-packages/airflow/example_dags/example_dag_decorator.py took 0.144 seconds
[2025-01-14T00:00:40.536+0000] {processor.py:161} INFO - Started process (PID=10636) to work on /home/airflow/.local/lib/python3.8/site-packages/airflow/example_dags/example_dag_decorator.py
[2025-01-14T00:00:40.537+0000] {processor.py:830} INFO - Processing file /home/airflow/.local/lib/python3.8/site-packages/airflow/example_dags/example_dag_decorator.py for tasks to queue
[2025-01-14T00:00:40.537+0000] {logging_mixin.py:188} INFO - [2025-01-14T00:00:40.537+0000] {dagbag.py:538} INFO - Filling up the DagBag from /home/airflow/.local/lib/python3.8/site-packages/airflow/example_dags/example_dag_decorator.py
[2025-01-14T00:00:40.591+0000] {processor.py:840} INFO - DAG(s) 'example_dag_decorator' retrieved from /home/airflow/.local/lib/python3.8/site-packages/airflow/example_dags/example_dag_decorator.py
[2025-01-14T00:00:40.658+0000] {logging_mixin.py:188} INFO - [2025-01-14T00:00:40.658+0000] {dag.py:3036} INFO - Sync 1 DAGs
[2025-01-14T00:00:40.665+0000] {logging_mixin.py:188} INFO - [2025-01-14T00:00:40.665+0000] {dag.py:3823} INFO - Setting next_dagrun for example_dag_decorator to None, run_after=None
[2025-01-14T00:00:40.678+0000] {processor.py:183} INFO - Processing /home/airflow/.local/lib/python3.8/site-packages/airflow/example_dags/example_dag_decorator.py took 0.144 seconds
[2025-01-14T00:01:10.749+0000] {processor.py:161} INFO - Started process (PID=10696) to work on /home/airflow/.local/lib/python3.8/site-packages/airflow/example_dags/example_dag_decorator.py
[2025-01-14T00:01:10.750+0000] {processor.py:830} INFO - Processing file /home/airflow/.local/lib/python3.8/site-packages/airflow/example_dags/example_dag_decorator.py for tasks to queue
[2025-01-14T00:01:10.751+0000] {logging_mixin.py:188} INFO - [2025-01-14T00:01:10.750+0000] {dagbag.py:538} INFO - Filling up the DagBag from /home/airflow/.local/lib/python3.8/site-packages/airflow/example_dags/example_dag_decorator.py
[2025-01-14T00:01:10.808+0000] {processor.py:840} INFO - DAG(s) 'example_dag_decorator' retrieved from /home/airflow/.local/lib/python3.8/site-packages/airflow/example_dags/example_dag_decorator.py
[2025-01-14T00:01:10.870+0000] {logging_mixin.py:188} INFO - [2025-01-14T00:01:10.870+0000] {dag.py:3036} INFO - Sync 1 DAGs
[2025-01-14T00:01:10.877+0000] {logging_mixin.py:188} INFO - [2025-01-14T00:01:10.877+0000] {dag.py:3823} INFO - Setting next_dagrun for example_dag_decorator to None, run_after=None
[2025-01-14T00:01:10.891+0000] {processor.py:183} INFO - Processing /home/airflow/.local/lib/python3.8/site-packages/airflow/example_dags/example_dag_decorator.py took 0.144 seconds
[2025-01-14T00:01:41.709+0000] {processor.py:161} INFO - Started process (PID=10754) to work on /home/airflow/.local/lib/python3.8/site-packages/airflow/example_dags/example_dag_decorator.py
[2025-01-14T00:01:41.710+0000] {processor.py:830} INFO - Processing file /home/airflow/.local/lib/python3.8/site-packages/airflow/example_dags/example_dag_decorator.py for tasks to queue
[2025-01-14T00:01:41.711+0000] {logging_mixin.py:188} INFO - [2025-01-14T00:01:41.711+0000] {dagbag.py:538} INFO - Filling up the DagBag from /home/airflow/.local/lib/python3.8/site-packages/airflow/example_dags/example_dag_decorator.py
[2025-01-14T00:01:41.767+0000] {processor.py:840} INFO - DAG(s) 'example_dag_decorator' retrieved from /home/airflow/.local/lib/python3.8/site-packages/airflow/example_dags/example_dag_decorator.py
[2025-01-14T00:01:41.782+0000] {logging_mixin.py:188} INFO - [2025-01-14T00:01:41.782+0000] {dag.py:3036} INFO - Sync 1 DAGs
[2025-01-14T00:01:41.790+0000] {logging_mixin.py:188} INFO - [2025-01-14T00:01:41.790+0000] {dag.py:3823} INFO - Setting next_dagrun for example_dag_decorator to None, run_after=None
[2025-01-14T00:01:41.803+0000] {processor.py:183} INFO - Processing /home/airflow/.local/lib/python3.8/site-packages/airflow/example_dags/example_dag_decorator.py took 0.096 seconds
[2025-01-14T00:02:12.565+0000] {processor.py:161} INFO - Started process (PID=10813) to work on /home/airflow/.local/lib/python3.8/site-packages/airflow/example_dags/example_dag_decorator.py
[2025-01-14T00:02:12.566+0000] {processor.py:830} INFO - Processing file /home/airflow/.local/lib/python3.8/site-packages/airflow/example_dags/example_dag_decorator.py for tasks to queue
[2025-01-14T00:02:12.566+0000] {logging_mixin.py:188} INFO - [2025-01-14T00:02:12.566+0000] {dagbag.py:538} INFO - Filling up the DagBag from /home/airflow/.local/lib/python3.8/site-packages/airflow/example_dags/example_dag_decorator.py
[2025-01-14T00:02:12.620+0000] {processor.py:840} INFO - DAG(s) 'example_dag_decorator' retrieved from /home/airflow/.local/lib/python3.8/site-packages/airflow/example_dags/example_dag_decorator.py
[2025-01-14T00:02:12.635+0000] {logging_mixin.py:188} INFO - [2025-01-14T00:02:12.635+0000] {dag.py:3036} INFO - Sync 1 DAGs
[2025-01-14T00:02:12.644+0000] {logging_mixin.py:188} INFO - [2025-01-14T00:02:12.644+0000] {dag.py:3823} INFO - Setting next_dagrun for example_dag_decorator to None, run_after=None
[2025-01-14T00:02:12.656+0000] {processor.py:183} INFO - Processing /home/airflow/.local/lib/python3.8/site-packages/airflow/example_dags/example_dag_decorator.py took 0.093 seconds
[2025-01-14T00:02:43.519+0000] {processor.py:161} INFO - Started process (PID=10872) to work on /home/airflow/.local/lib/python3.8/site-packages/airflow/example_dags/example_dag_decorator.py
[2025-01-14T00:02:43.520+0000] {processor.py:830} INFO - Processing file /home/airflow/.local/lib/python3.8/site-packages/airflow/example_dags/example_dag_decorator.py for tasks to queue
[2025-01-14T00:02:43.520+0000] {logging_mixin.py:188} INFO - [2025-01-14T00:02:43.520+0000] {dagbag.py:538} INFO - Filling up the DagBag from /home/airflow/.local/lib/python3.8/site-packages/airflow/example_dags/example_dag_decorator.py
[2025-01-14T00:02:43.588+0000] {processor.py:840} INFO - DAG(s) 'example_dag_decorator' retrieved from /home/airflow/.local/lib/python3.8/site-packages/airflow/example_dags/example_dag_decorator.py
[2025-01-14T00:02:43.660+0000] {logging_mixin.py:188} INFO - [2025-01-14T00:02:43.660+0000] {dag.py:3036} INFO - Sync 1 DAGs
[2025-01-14T00:02:43.670+0000] {logging_mixin.py:188} INFO - [2025-01-14T00:02:43.670+0000] {dag.py:3823} INFO - Setting next_dagrun for example_dag_decorator to None, run_after=None
[2025-01-14T00:02:43.686+0000] {processor.py:183} INFO - Processing /home/airflow/.local/lib/python3.8/site-packages/airflow/example_dags/example_dag_decorator.py took 0.171 seconds
[2025-01-14T00:03:13.726+0000] {processor.py:161} INFO - Started process (PID=10930) to work on /home/airflow/.local/lib/python3.8/site-packages/airflow/example_dags/example_dag_decorator.py
[2025-01-14T00:03:13.727+0000] {processor.py:830} INFO - Processing file /home/airflow/.local/lib/python3.8/site-packages/airflow/example_dags/example_dag_decorator.py for tasks to queue
[2025-01-14T00:03:13.727+0000] {logging_mixin.py:188} INFO - [2025-01-14T00:03:13.727+0000] {dagbag.py:538} INFO - Filling up the DagBag from /home/airflow/.local/lib/python3.8/site-packages/airflow/example_dags/example_dag_decorator.py
[2025-01-14T00:03:13.805+0000] {processor.py:840} INFO - DAG(s) 'example_dag_decorator' retrieved from /home/airflow/.local/lib/python3.8/site-packages/airflow/example_dags/example_dag_decorator.py
[2025-01-14T00:03:13.876+0000] {logging_mixin.py:188} INFO - [2025-01-14T00:03:13.876+0000] {dag.py:3036} INFO - Sync 1 DAGs
[2025-01-14T00:03:13.883+0000] {logging_mixin.py:188} INFO - [2025-01-14T00:03:13.883+0000] {dag.py:3823} INFO - Setting next_dagrun for example_dag_decorator to None, run_after=None
[2025-01-14T00:03:13.899+0000] {processor.py:183} INFO - Processing /home/airflow/.local/lib/python3.8/site-packages/airflow/example_dags/example_dag_decorator.py took 0.176 seconds
[2025-01-14T00:03:44.807+0000] {processor.py:161} INFO - Started process (PID=10989) to work on /home/airflow/.local/lib/python3.8/site-packages/airflow/example_dags/example_dag_decorator.py
[2025-01-14T00:03:44.808+0000] {processor.py:830} INFO - Processing file /home/airflow/.local/lib/python3.8/site-packages/airflow/example_dags/example_dag_decorator.py for tasks to queue
[2025-01-14T00:03:44.808+0000] {logging_mixin.py:188} INFO - [2025-01-14T00:03:44.808+0000] {dagbag.py:538} INFO - Filling up the DagBag from /home/airflow/.local/lib/python3.8/site-packages/airflow/example_dags/example_dag_decorator.py
[2025-01-14T00:03:44.864+0000] {processor.py:840} INFO - DAG(s) 'example_dag_decorator' retrieved from /home/airflow/.local/lib/python3.8/site-packages/airflow/example_dags/example_dag_decorator.py
[2025-01-14T00:03:44.927+0000] {logging_mixin.py:188} INFO - [2025-01-14T00:03:44.927+0000] {dag.py:3036} INFO - Sync 1 DAGs
[2025-01-14T00:03:44.933+0000] {logging_mixin.py:188} INFO - [2025-01-14T00:03:44.933+0000] {dag.py:3823} INFO - Setting next_dagrun for example_dag_decorator to None, run_after=None
[2025-01-14T00:03:44.948+0000] {processor.py:183} INFO - Processing /home/airflow/.local/lib/python3.8/site-packages/airflow/example_dags/example_dag_decorator.py took 0.143 seconds
[2025-01-14T00:04:15.775+0000] {processor.py:161} INFO - Started process (PID=11048) to work on /home/airflow/.local/lib/python3.8/site-packages/airflow/example_dags/example_dag_decorator.py
[2025-01-14T00:04:15.775+0000] {processor.py:830} INFO - Processing file /home/airflow/.local/lib/python3.8/site-packages/airflow/example_dags/example_dag_decorator.py for tasks to queue
[2025-01-14T00:04:15.776+0000] {logging_mixin.py:188} INFO - [2025-01-14T00:04:15.776+0000] {dagbag.py:538} INFO - Filling up the DagBag from /home/airflow/.local/lib/python3.8/site-packages/airflow/example_dags/example_dag_decorator.py
[2025-01-14T00:04:15.839+0000] {processor.py:840} INFO - DAG(s) 'example_dag_decorator' retrieved from /home/airflow/.local/lib/python3.8/site-packages/airflow/example_dags/example_dag_decorator.py
[2025-01-14T00:04:15.855+0000] {logging_mixin.py:188} INFO - [2025-01-14T00:04:15.855+0000] {dag.py:3036} INFO - Sync 1 DAGs
[2025-01-14T00:04:15.863+0000] {logging_mixin.py:188} INFO - [2025-01-14T00:04:15.863+0000] {dag.py:3823} INFO - Setting next_dagrun for example_dag_decorator to None, run_after=None
[2025-01-14T00:04:15.876+0000] {processor.py:183} INFO - Processing /home/airflow/.local/lib/python3.8/site-packages/airflow/example_dags/example_dag_decorator.py took 0.103 seconds
[2025-01-14T00:04:46.189+0000] {processor.py:161} INFO - Started process (PID=11107) to work on /home/airflow/.local/lib/python3.8/site-packages/airflow/example_dags/example_dag_decorator.py
[2025-01-14T00:04:46.189+0000] {processor.py:830} INFO - Processing file /home/airflow/.local/lib/python3.8/site-packages/airflow/example_dags/example_dag_decorator.py for tasks to queue
[2025-01-14T00:04:46.190+0000] {logging_mixin.py:188} INFO - [2025-01-14T00:04:46.190+0000] {dagbag.py:538} INFO - Filling up the DagBag from /home/airflow/.local/lib/python3.8/site-packages/airflow/example_dags/example_dag_decorator.py
[2025-01-14T00:04:46.244+0000] {processor.py:840} INFO - DAG(s) 'example_dag_decorator' retrieved from /home/airflow/.local/lib/python3.8/site-packages/airflow/example_dags/example_dag_decorator.py
[2025-01-14T00:04:46.315+0000] {logging_mixin.py:188} INFO - [2025-01-14T00:04:46.315+0000] {dag.py:3036} INFO - Sync 1 DAGs
[2025-01-14T00:04:46.321+0000] {logging_mixin.py:188} INFO - [2025-01-14T00:04:46.321+0000] {dag.py:3823} INFO - Setting next_dagrun for example_dag_decorator to None, run_after=None
[2025-01-14T00:04:46.334+0000] {processor.py:183} INFO - Processing /home/airflow/.local/lib/python3.8/site-packages/airflow/example_dags/example_dag_decorator.py took 0.148 seconds
[2025-01-14T00:05:17.146+0000] {processor.py:161} INFO - Started process (PID=11166) to work on /home/airflow/.local/lib/python3.8/site-packages/airflow/example_dags/example_dag_decorator.py
[2025-01-14T00:05:17.147+0000] {processor.py:830} INFO - Processing file /home/airflow/.local/lib/python3.8/site-packages/airflow/example_dags/example_dag_decorator.py for tasks to queue
[2025-01-14T00:05:17.147+0000] {logging_mixin.py:188} INFO - [2025-01-14T00:05:17.147+0000] {dagbag.py:538} INFO - Filling up the DagBag from /home/airflow/.local/lib/python3.8/site-packages/airflow/example_dags/example_dag_decorator.py
[2025-01-14T00:05:17.202+0000] {processor.py:840} INFO - DAG(s) 'example_dag_decorator' retrieved from /home/airflow/.local/lib/python3.8/site-packages/airflow/example_dags/example_dag_decorator.py
[2025-01-14T00:05:17.220+0000] {logging_mixin.py:188} INFO - [2025-01-14T00:05:17.220+0000] {dag.py:3036} INFO - Sync 1 DAGs
[2025-01-14T00:05:17.228+0000] {logging_mixin.py:188} INFO - [2025-01-14T00:05:17.228+0000] {dag.py:3823} INFO - Setting next_dagrun for example_dag_decorator to None, run_after=None
[2025-01-14T00:05:17.243+0000] {processor.py:183} INFO - Processing /home/airflow/.local/lib/python3.8/site-packages/airflow/example_dags/example_dag_decorator.py took 0.099 seconds
[2025-01-14T00:06:23.802+0000] {processor.py:161} INFO - Started process (PID=52) to work on /home/airflow/.local/lib/python3.8/site-packages/airflow/example_dags/example_dag_decorator.py
[2025-01-14T00:06:23.802+0000] {processor.py:830} INFO - Processing file /home/airflow/.local/lib/python3.8/site-packages/airflow/example_dags/example_dag_decorator.py for tasks to queue
[2025-01-14T00:06:23.803+0000] {logging_mixin.py:188} INFO - [2025-01-14T00:06:23.803+0000] {dagbag.py:538} INFO - Filling up the DagBag from /home/airflow/.local/lib/python3.8/site-packages/airflow/example_dags/example_dag_decorator.py
[2025-01-14T00:06:23.952+0000] {processor.py:840} INFO - DAG(s) 'example_dag_decorator' retrieved from /home/airflow/.local/lib/python3.8/site-packages/airflow/example_dags/example_dag_decorator.py
[2025-01-14T00:06:23.961+0000] {logging_mixin.py:188} INFO - [2025-01-14T00:06:23.960+0000] {dag.py:3036} INFO - Sync 1 DAGs
[2025-01-14T00:06:23.975+0000] {logging_mixin.py:188} INFO - [2025-01-14T00:06:23.975+0000] {dag.py:3823} INFO - Setting next_dagrun for example_dag_decorator to None, run_after=None
[2025-01-14T00:06:23.998+0000] {processor.py:183} INFO - Processing /home/airflow/.local/lib/python3.8/site-packages/airflow/example_dags/example_dag_decorator.py took 0.198 seconds
[2025-01-14T00:06:54.180+0000] {processor.py:161} INFO - Started process (PID=111) to work on /home/airflow/.local/lib/python3.8/site-packages/airflow/example_dags/example_dag_decorator.py
[2025-01-14T00:06:54.180+0000] {processor.py:830} INFO - Processing file /home/airflow/.local/lib/python3.8/site-packages/airflow/example_dags/example_dag_decorator.py for tasks to queue
[2025-01-14T00:06:54.181+0000] {logging_mixin.py:188} INFO - [2025-01-14T00:06:54.181+0000] {dagbag.py:538} INFO - Filling up the DagBag from /home/airflow/.local/lib/python3.8/site-packages/airflow/example_dags/example_dag_decorator.py
[2025-01-14T00:06:54.235+0000] {processor.py:840} INFO - DAG(s) 'example_dag_decorator' retrieved from /home/airflow/.local/lib/python3.8/site-packages/airflow/example_dags/example_dag_decorator.py
[2025-01-14T00:06:54.300+0000] {logging_mixin.py:188} INFO - [2025-01-14T00:06:54.300+0000] {dag.py:3036} INFO - Sync 1 DAGs
[2025-01-14T00:06:54.306+0000] {logging_mixin.py:188} INFO - [2025-01-14T00:06:54.306+0000] {dag.py:3823} INFO - Setting next_dagrun for example_dag_decorator to None, run_after=None
[2025-01-14T00:06:54.465+0000] {processor.py:183} INFO - Processing /home/airflow/.local/lib/python3.8/site-packages/airflow/example_dags/example_dag_decorator.py took 0.288 seconds
[2025-01-14T00:07:24.537+0000] {processor.py:161} INFO - Started process (PID=170) to work on /home/airflow/.local/lib/python3.8/site-packages/airflow/example_dags/example_dag_decorator.py
[2025-01-14T00:07:24.538+0000] {processor.py:830} INFO - Processing file /home/airflow/.local/lib/python3.8/site-packages/airflow/example_dags/example_dag_decorator.py for tasks to queue
[2025-01-14T00:07:24.539+0000] {logging_mixin.py:188} INFO - [2025-01-14T00:07:24.539+0000] {dagbag.py:538} INFO - Filling up the DagBag from /home/airflow/.local/lib/python3.8/site-packages/airflow/example_dags/example_dag_decorator.py
[2025-01-14T00:07:24.593+0000] {processor.py:840} INFO - DAG(s) 'example_dag_decorator' retrieved from /home/airflow/.local/lib/python3.8/site-packages/airflow/example_dags/example_dag_decorator.py
[2025-01-14T00:07:24.659+0000] {logging_mixin.py:188} INFO - [2025-01-14T00:07:24.659+0000] {dag.py:3036} INFO - Sync 1 DAGs
[2025-01-14T00:07:24.665+0000] {logging_mixin.py:188} INFO - [2025-01-14T00:07:24.665+0000] {dag.py:3823} INFO - Setting next_dagrun for example_dag_decorator to None, run_after=None
[2025-01-14T00:07:24.677+0000] {processor.py:183} INFO - Processing /home/airflow/.local/lib/python3.8/site-packages/airflow/example_dags/example_dag_decorator.py took 0.142 seconds
[2025-01-14T00:07:54.692+0000] {processor.py:161} INFO - Started process (PID=230) to work on /home/airflow/.local/lib/python3.8/site-packages/airflow/example_dags/example_dag_decorator.py
[2025-01-14T00:07:54.693+0000] {processor.py:830} INFO - Processing file /home/airflow/.local/lib/python3.8/site-packages/airflow/example_dags/example_dag_decorator.py for tasks to queue
[2025-01-14T00:07:54.694+0000] {logging_mixin.py:188} INFO - [2025-01-14T00:07:54.694+0000] {dagbag.py:538} INFO - Filling up the DagBag from /home/airflow/.local/lib/python3.8/site-packages/airflow/example_dags/example_dag_decorator.py
[2025-01-14T00:07:54.747+0000] {processor.py:840} INFO - DAG(s) 'example_dag_decorator' retrieved from /home/airflow/.local/lib/python3.8/site-packages/airflow/example_dags/example_dag_decorator.py
[2025-01-14T00:07:54.817+0000] {logging_mixin.py:188} INFO - [2025-01-14T00:07:54.817+0000] {dag.py:3036} INFO - Sync 1 DAGs
[2025-01-14T00:07:54.823+0000] {logging_mixin.py:188} INFO - [2025-01-14T00:07:54.823+0000] {dag.py:3823} INFO - Setting next_dagrun for example_dag_decorator to None, run_after=None
[2025-01-14T00:07:54.836+0000] {processor.py:183} INFO - Processing /home/airflow/.local/lib/python3.8/site-packages/airflow/example_dags/example_dag_decorator.py took 0.145 seconds
[2025-01-14T00:08:24.961+0000] {processor.py:161} INFO - Started process (PID=288) to work on /home/airflow/.local/lib/python3.8/site-packages/airflow/example_dags/example_dag_decorator.py
[2025-01-14T00:08:24.962+0000] {processor.py:830} INFO - Processing file /home/airflow/.local/lib/python3.8/site-packages/airflow/example_dags/example_dag_decorator.py for tasks to queue
[2025-01-14T00:08:24.963+0000] {logging_mixin.py:188} INFO - [2025-01-14T00:08:24.963+0000] {dagbag.py:538} INFO - Filling up the DagBag from /home/airflow/.local/lib/python3.8/site-packages/airflow/example_dags/example_dag_decorator.py
[2025-01-14T00:08:25.025+0000] {processor.py:840} INFO - DAG(s) 'example_dag_decorator' retrieved from /home/airflow/.local/lib/python3.8/site-packages/airflow/example_dags/example_dag_decorator.py
[2025-01-14T00:08:25.090+0000] {logging_mixin.py:188} INFO - [2025-01-14T00:08:25.090+0000] {dag.py:3036} INFO - Sync 1 DAGs
[2025-01-14T00:08:25.098+0000] {logging_mixin.py:188} INFO - [2025-01-14T00:08:25.098+0000] {dag.py:3823} INFO - Setting next_dagrun for example_dag_decorator to None, run_after=None
[2025-01-14T00:08:25.113+0000] {processor.py:183} INFO - Processing /home/airflow/.local/lib/python3.8/site-packages/airflow/example_dags/example_dag_decorator.py took 0.154 seconds
[2025-01-14T00:08:56.261+0000] {processor.py:161} INFO - Started process (PID=347) to work on /home/airflow/.local/lib/python3.8/site-packages/airflow/example_dags/example_dag_decorator.py
[2025-01-14T00:08:56.261+0000] {processor.py:830} INFO - Processing file /home/airflow/.local/lib/python3.8/site-packages/airflow/example_dags/example_dag_decorator.py for tasks to queue
[2025-01-14T00:08:56.262+0000] {logging_mixin.py:188} INFO - [2025-01-14T00:08:56.262+0000] {dagbag.py:538} INFO - Filling up the DagBag from /home/airflow/.local/lib/python3.8/site-packages/airflow/example_dags/example_dag_decorator.py
[2025-01-14T00:08:56.320+0000] {processor.py:840} INFO - DAG(s) 'example_dag_decorator' retrieved from /home/airflow/.local/lib/python3.8/site-packages/airflow/example_dags/example_dag_decorator.py
[2025-01-14T00:08:56.390+0000] {logging_mixin.py:188} INFO - [2025-01-14T00:08:56.390+0000] {dag.py:3036} INFO - Sync 1 DAGs
[2025-01-14T00:08:56.397+0000] {logging_mixin.py:188} INFO - [2025-01-14T00:08:56.397+0000] {dag.py:3823} INFO - Setting next_dagrun for example_dag_decorator to None, run_after=None
[2025-01-14T00:08:56.413+0000] {processor.py:183} INFO - Processing /home/airflow/.local/lib/python3.8/site-packages/airflow/example_dags/example_dag_decorator.py took 0.154 seconds
[2025-01-14T00:09:26.679+0000] {processor.py:161} INFO - Started process (PID=406) to work on /home/airflow/.local/lib/python3.8/site-packages/airflow/example_dags/example_dag_decorator.py
[2025-01-14T00:09:26.680+0000] {processor.py:830} INFO - Processing file /home/airflow/.local/lib/python3.8/site-packages/airflow/example_dags/example_dag_decorator.py for tasks to queue
[2025-01-14T00:09:26.681+0000] {logging_mixin.py:188} INFO - [2025-01-14T00:09:26.681+0000] {dagbag.py:538} INFO - Filling up the DagBag from /home/airflow/.local/lib/python3.8/site-packages/airflow/example_dags/example_dag_decorator.py
[2025-01-14T00:09:26.743+0000] {processor.py:840} INFO - DAG(s) 'example_dag_decorator' retrieved from /home/airflow/.local/lib/python3.8/site-packages/airflow/example_dags/example_dag_decorator.py
[2025-01-14T00:09:26.811+0000] {logging_mixin.py:188} INFO - [2025-01-14T00:09:26.810+0000] {dag.py:3036} INFO - Sync 1 DAGs
[2025-01-14T00:09:26.818+0000] {logging_mixin.py:188} INFO - [2025-01-14T00:09:26.818+0000] {dag.py:3823} INFO - Setting next_dagrun for example_dag_decorator to None, run_after=None
[2025-01-14T00:09:26.832+0000] {processor.py:183} INFO - Processing /home/airflow/.local/lib/python3.8/site-packages/airflow/example_dags/example_dag_decorator.py took 0.155 seconds
[2025-01-14T00:09:57.802+0000] {processor.py:161} INFO - Started process (PID=465) to work on /home/airflow/.local/lib/python3.8/site-packages/airflow/example_dags/example_dag_decorator.py
[2025-01-14T00:09:57.803+0000] {processor.py:830} INFO - Processing file /home/airflow/.local/lib/python3.8/site-packages/airflow/example_dags/example_dag_decorator.py for tasks to queue
[2025-01-14T00:09:57.804+0000] {logging_mixin.py:188} INFO - [2025-01-14T00:09:57.803+0000] {dagbag.py:538} INFO - Filling up the DagBag from /home/airflow/.local/lib/python3.8/site-packages/airflow/example_dags/example_dag_decorator.py
[2025-01-14T00:09:57.856+0000] {processor.py:840} INFO - DAG(s) 'example_dag_decorator' retrieved from /home/airflow/.local/lib/python3.8/site-packages/airflow/example_dags/example_dag_decorator.py
[2025-01-14T00:09:57.871+0000] {logging_mixin.py:188} INFO - [2025-01-14T00:09:57.871+0000] {dag.py:3036} INFO - Sync 1 DAGs
[2025-01-14T00:09:57.878+0000] {logging_mixin.py:188} INFO - [2025-01-14T00:09:57.878+0000] {dag.py:3823} INFO - Setting next_dagrun for example_dag_decorator to None, run_after=None
[2025-01-14T00:09:57.891+0000] {processor.py:183} INFO - Processing /home/airflow/.local/lib/python3.8/site-packages/airflow/example_dags/example_dag_decorator.py took 0.091 seconds
[2025-01-14T00:10:29.081+0000] {processor.py:161} INFO - Started process (PID=524) to work on /home/airflow/.local/lib/python3.8/site-packages/airflow/example_dags/example_dag_decorator.py
[2025-01-14T00:10:29.082+0000] {processor.py:830} INFO - Processing file /home/airflow/.local/lib/python3.8/site-packages/airflow/example_dags/example_dag_decorator.py for tasks to queue
[2025-01-14T00:10:29.083+0000] {logging_mixin.py:188} INFO - [2025-01-14T00:10:29.083+0000] {dagbag.py:538} INFO - Filling up the DagBag from /home/airflow/.local/lib/python3.8/site-packages/airflow/example_dags/example_dag_decorator.py
[2025-01-14T00:10:29.141+0000] {processor.py:840} INFO - DAG(s) 'example_dag_decorator' retrieved from /home/airflow/.local/lib/python3.8/site-packages/airflow/example_dags/example_dag_decorator.py
[2025-01-14T00:10:29.206+0000] {logging_mixin.py:188} INFO - [2025-01-14T00:10:29.206+0000] {dag.py:3036} INFO - Sync 1 DAGs
[2025-01-14T00:10:29.213+0000] {logging_mixin.py:188} INFO - [2025-01-14T00:10:29.213+0000] {dag.py:3823} INFO - Setting next_dagrun for example_dag_decorator to None, run_after=None
[2025-01-14T00:10:29.225+0000] {processor.py:183} INFO - Processing /home/airflow/.local/lib/python3.8/site-packages/airflow/example_dags/example_dag_decorator.py took 0.146 seconds
[2025-01-14T00:11:00.158+0000] {processor.py:161} INFO - Started process (PID=583) to work on /home/airflow/.local/lib/python3.8/site-packages/airflow/example_dags/example_dag_decorator.py
[2025-01-14T00:11:00.159+0000] {processor.py:830} INFO - Processing file /home/airflow/.local/lib/python3.8/site-packages/airflow/example_dags/example_dag_decorator.py for tasks to queue
[2025-01-14T00:11:00.160+0000] {logging_mixin.py:188} INFO - [2025-01-14T00:11:00.160+0000] {dagbag.py:538} INFO - Filling up the DagBag from /home/airflow/.local/lib/python3.8/site-packages/airflow/example_dags/example_dag_decorator.py
[2025-01-14T00:11:00.216+0000] {processor.py:840} INFO - DAG(s) 'example_dag_decorator' retrieved from /home/airflow/.local/lib/python3.8/site-packages/airflow/example_dags/example_dag_decorator.py
[2025-01-14T00:11:00.282+0000] {logging_mixin.py:188} INFO - [2025-01-14T00:11:00.282+0000] {dag.py:3036} INFO - Sync 1 DAGs
[2025-01-14T00:11:00.288+0000] {logging_mixin.py:188} INFO - [2025-01-14T00:11:00.288+0000] {dag.py:3823} INFO - Setting next_dagrun for example_dag_decorator to None, run_after=None
[2025-01-14T00:11:00.303+0000] {processor.py:183} INFO - Processing /home/airflow/.local/lib/python3.8/site-packages/airflow/example_dags/example_dag_decorator.py took 0.147 seconds
[2025-01-14T00:11:31.413+0000] {processor.py:161} INFO - Started process (PID=642) to work on /home/airflow/.local/lib/python3.8/site-packages/airflow/example_dags/example_dag_decorator.py
[2025-01-14T00:11:31.413+0000] {processor.py:830} INFO - Processing file /home/airflow/.local/lib/python3.8/site-packages/airflow/example_dags/example_dag_decorator.py for tasks to queue
[2025-01-14T00:11:31.414+0000] {logging_mixin.py:188} INFO - [2025-01-14T00:11:31.414+0000] {dagbag.py:538} INFO - Filling up the DagBag from /home/airflow/.local/lib/python3.8/site-packages/airflow/example_dags/example_dag_decorator.py
[2025-01-14T00:11:31.468+0000] {processor.py:840} INFO - DAG(s) 'example_dag_decorator' retrieved from /home/airflow/.local/lib/python3.8/site-packages/airflow/example_dags/example_dag_decorator.py
[2025-01-14T00:11:31.533+0000] {logging_mixin.py:188} INFO - [2025-01-14T00:11:31.533+0000] {dag.py:3036} INFO - Sync 1 DAGs
[2025-01-14T00:11:31.539+0000] {logging_mixin.py:188} INFO - [2025-01-14T00:11:31.539+0000] {dag.py:3823} INFO - Setting next_dagrun for example_dag_decorator to None, run_after=None
[2025-01-14T00:11:31.552+0000] {processor.py:183} INFO - Processing /home/airflow/.local/lib/python3.8/site-packages/airflow/example_dags/example_dag_decorator.py took 0.142 seconds
[2025-01-14T00:12:02.658+0000] {processor.py:161} INFO - Started process (PID=701) to work on /home/airflow/.local/lib/python3.8/site-packages/airflow/example_dags/example_dag_decorator.py
[2025-01-14T00:12:02.658+0000] {processor.py:830} INFO - Processing file /home/airflow/.local/lib/python3.8/site-packages/airflow/example_dags/example_dag_decorator.py for tasks to queue
[2025-01-14T00:12:02.660+0000] {logging_mixin.py:188} INFO - [2025-01-14T00:12:02.659+0000] {dagbag.py:538} INFO - Filling up the DagBag from /home/airflow/.local/lib/python3.8/site-packages/airflow/example_dags/example_dag_decorator.py
[2025-01-14T00:12:02.716+0000] {processor.py:840} INFO - DAG(s) 'example_dag_decorator' retrieved from /home/airflow/.local/lib/python3.8/site-packages/airflow/example_dags/example_dag_decorator.py
[2025-01-14T00:12:02.785+0000] {logging_mixin.py:188} INFO - [2025-01-14T00:12:02.785+0000] {dag.py:3036} INFO - Sync 1 DAGs
[2025-01-14T00:12:02.793+0000] {logging_mixin.py:188} INFO - [2025-01-14T00:12:02.792+0000] {dag.py:3823} INFO - Setting next_dagrun for example_dag_decorator to None, run_after=None
[2025-01-14T00:12:02.806+0000] {processor.py:183} INFO - Processing /home/airflow/.local/lib/python3.8/site-packages/airflow/example_dags/example_dag_decorator.py took 0.151 seconds
[2025-01-14T00:12:33.882+0000] {processor.py:161} INFO - Started process (PID=760) to work on /home/airflow/.local/lib/python3.8/site-packages/airflow/example_dags/example_dag_decorator.py
[2025-01-14T00:12:33.883+0000] {processor.py:830} INFO - Processing file /home/airflow/.local/lib/python3.8/site-packages/airflow/example_dags/example_dag_decorator.py for tasks to queue
[2025-01-14T00:12:33.884+0000] {logging_mixin.py:188} INFO - [2025-01-14T00:12:33.884+0000] {dagbag.py:538} INFO - Filling up the DagBag from /home/airflow/.local/lib/python3.8/site-packages/airflow/example_dags/example_dag_decorator.py
[2025-01-14T00:12:33.942+0000] {processor.py:840} INFO - DAG(s) 'example_dag_decorator' retrieved from /home/airflow/.local/lib/python3.8/site-packages/airflow/example_dags/example_dag_decorator.py
[2025-01-14T00:12:34.006+0000] {logging_mixin.py:188} INFO - [2025-01-14T00:12:34.006+0000] {dag.py:3036} INFO - Sync 1 DAGs
[2025-01-14T00:12:34.013+0000] {logging_mixin.py:188} INFO - [2025-01-14T00:12:34.013+0000] {dag.py:3823} INFO - Setting next_dagrun for example_dag_decorator to None, run_after=None
[2025-01-14T00:12:34.026+0000] {processor.py:183} INFO - Processing /home/airflow/.local/lib/python3.8/site-packages/airflow/example_dags/example_dag_decorator.py took 0.146 seconds
[2025-01-14T00:13:04.991+0000] {processor.py:161} INFO - Started process (PID=819) to work on /home/airflow/.local/lib/python3.8/site-packages/airflow/example_dags/example_dag_decorator.py
[2025-01-14T00:13:04.992+0000] {processor.py:830} INFO - Processing file /home/airflow/.local/lib/python3.8/site-packages/airflow/example_dags/example_dag_decorator.py for tasks to queue
[2025-01-14T00:13:04.993+0000] {logging_mixin.py:188} INFO - [2025-01-14T00:13:04.992+0000] {dagbag.py:538} INFO - Filling up the DagBag from /home/airflow/.local/lib/python3.8/site-packages/airflow/example_dags/example_dag_decorator.py
[2025-01-14T00:13:05.048+0000] {processor.py:840} INFO - DAG(s) 'example_dag_decorator' retrieved from /home/airflow/.local/lib/python3.8/site-packages/airflow/example_dags/example_dag_decorator.py
[2025-01-14T00:13:05.112+0000] {logging_mixin.py:188} INFO - [2025-01-14T00:13:05.111+0000] {dag.py:3036} INFO - Sync 1 DAGs
[2025-01-14T00:13:05.118+0000] {logging_mixin.py:188} INFO - [2025-01-14T00:13:05.118+0000] {dag.py:3823} INFO - Setting next_dagrun for example_dag_decorator to None, run_after=None
[2025-01-14T00:13:05.132+0000] {processor.py:183} INFO - Processing /home/airflow/.local/lib/python3.8/site-packages/airflow/example_dags/example_dag_decorator.py took 0.143 seconds
[2025-01-14T00:13:36.073+0000] {processor.py:161} INFO - Started process (PID=878) to work on /home/airflow/.local/lib/python3.8/site-packages/airflow/example_dags/example_dag_decorator.py
[2025-01-14T00:13:36.074+0000] {processor.py:830} INFO - Processing file /home/airflow/.local/lib/python3.8/site-packages/airflow/example_dags/example_dag_decorator.py for tasks to queue
[2025-01-14T00:13:36.075+0000] {logging_mixin.py:188} INFO - [2025-01-14T00:13:36.075+0000] {dagbag.py:538} INFO - Filling up the DagBag from /home/airflow/.local/lib/python3.8/site-packages/airflow/example_dags/example_dag_decorator.py
[2025-01-14T00:13:36.132+0000] {processor.py:840} INFO - DAG(s) 'example_dag_decorator' retrieved from /home/airflow/.local/lib/python3.8/site-packages/airflow/example_dags/example_dag_decorator.py
[2025-01-14T00:13:36.202+0000] {logging_mixin.py:188} INFO - [2025-01-14T00:13:36.202+0000] {dag.py:3036} INFO - Sync 1 DAGs
[2025-01-14T00:13:36.210+0000] {logging_mixin.py:188} INFO - [2025-01-14T00:13:36.210+0000] {dag.py:3823} INFO - Setting next_dagrun for example_dag_decorator to None, run_after=None
[2025-01-14T00:13:36.224+0000] {processor.py:183} INFO - Processing /home/airflow/.local/lib/python3.8/site-packages/airflow/example_dags/example_dag_decorator.py took 0.153 seconds
[2025-01-14T00:14:06.407+0000] {processor.py:161} INFO - Started process (PID=937) to work on /home/airflow/.local/lib/python3.8/site-packages/airflow/example_dags/example_dag_decorator.py
[2025-01-14T00:14:06.408+0000] {processor.py:830} INFO - Processing file /home/airflow/.local/lib/python3.8/site-packages/airflow/example_dags/example_dag_decorator.py for tasks to queue
[2025-01-14T00:14:06.409+0000] {logging_mixin.py:188} INFO - [2025-01-14T00:14:06.408+0000] {dagbag.py:538} INFO - Filling up the DagBag from /home/airflow/.local/lib/python3.8/site-packages/airflow/example_dags/example_dag_decorator.py
[2025-01-14T00:14:06.461+0000] {processor.py:840} INFO - DAG(s) 'example_dag_decorator' retrieved from /home/airflow/.local/lib/python3.8/site-packages/airflow/example_dags/example_dag_decorator.py
[2025-01-14T00:14:06.528+0000] {logging_mixin.py:188} INFO - [2025-01-14T00:14:06.528+0000] {dag.py:3036} INFO - Sync 1 DAGs
[2025-01-14T00:14:06.537+0000] {logging_mixin.py:188} INFO - [2025-01-14T00:14:06.537+0000] {dag.py:3823} INFO - Setting next_dagrun for example_dag_decorator to None, run_after=None
[2025-01-14T00:14:06.550+0000] {processor.py:183} INFO - Processing /home/airflow/.local/lib/python3.8/site-packages/airflow/example_dags/example_dag_decorator.py took 0.145 seconds
[2025-01-14T00:14:37.696+0000] {processor.py:161} INFO - Started process (PID=996) to work on /home/airflow/.local/lib/python3.8/site-packages/airflow/example_dags/example_dag_decorator.py
[2025-01-14T00:14:37.697+0000] {processor.py:830} INFO - Processing file /home/airflow/.local/lib/python3.8/site-packages/airflow/example_dags/example_dag_decorator.py for tasks to queue
[2025-01-14T00:14:37.698+0000] {logging_mixin.py:188} INFO - [2025-01-14T00:14:37.698+0000] {dagbag.py:538} INFO - Filling up the DagBag from /home/airflow/.local/lib/python3.8/site-packages/airflow/example_dags/example_dag_decorator.py
[2025-01-14T00:14:37.751+0000] {processor.py:840} INFO - DAG(s) 'example_dag_decorator' retrieved from /home/airflow/.local/lib/python3.8/site-packages/airflow/example_dags/example_dag_decorator.py
[2025-01-14T00:14:37.817+0000] {logging_mixin.py:188} INFO - [2025-01-14T00:14:37.817+0000] {dag.py:3036} INFO - Sync 1 DAGs
[2025-01-14T00:14:37.823+0000] {logging_mixin.py:188} INFO - [2025-01-14T00:14:37.823+0000] {dag.py:3823} INFO - Setting next_dagrun for example_dag_decorator to None, run_after=None
[2025-01-14T00:14:37.837+0000] {processor.py:183} INFO - Processing /home/airflow/.local/lib/python3.8/site-packages/airflow/example_dags/example_dag_decorator.py took 0.142 seconds
[2025-01-14T00:15:08.933+0000] {processor.py:161} INFO - Started process (PID=1055) to work on /home/airflow/.local/lib/python3.8/site-packages/airflow/example_dags/example_dag_decorator.py
[2025-01-14T00:15:08.934+0000] {processor.py:830} INFO - Processing file /home/airflow/.local/lib/python3.8/site-packages/airflow/example_dags/example_dag_decorator.py for tasks to queue
[2025-01-14T00:15:08.935+0000] {logging_mixin.py:188} INFO - [2025-01-14T00:15:08.935+0000] {dagbag.py:538} INFO - Filling up the DagBag from /home/airflow/.local/lib/python3.8/site-packages/airflow/example_dags/example_dag_decorator.py
[2025-01-14T00:15:08.989+0000] {processor.py:840} INFO - DAG(s) 'example_dag_decorator' retrieved from /home/airflow/.local/lib/python3.8/site-packages/airflow/example_dags/example_dag_decorator.py
[2025-01-14T00:15:09.052+0000] {logging_mixin.py:188} INFO - [2025-01-14T00:15:09.052+0000] {dag.py:3036} INFO - Sync 1 DAGs
[2025-01-14T00:15:09.059+0000] {logging_mixin.py:188} INFO - [2025-01-14T00:15:09.059+0000] {dag.py:3823} INFO - Setting next_dagrun for example_dag_decorator to None, run_after=None
[2025-01-14T00:15:09.075+0000] {processor.py:183} INFO - Processing /home/airflow/.local/lib/python3.8/site-packages/airflow/example_dags/example_dag_decorator.py took 0.143 seconds
[2025-01-14T00:15:40.144+0000] {processor.py:161} INFO - Started process (PID=1114) to work on /home/airflow/.local/lib/python3.8/site-packages/airflow/example_dags/example_dag_decorator.py
[2025-01-14T00:15:40.145+0000] {processor.py:830} INFO - Processing file /home/airflow/.local/lib/python3.8/site-packages/airflow/example_dags/example_dag_decorator.py for tasks to queue
[2025-01-14T00:15:40.146+0000] {logging_mixin.py:188} INFO - [2025-01-14T00:15:40.146+0000] {dagbag.py:538} INFO - Filling up the DagBag from /home/airflow/.local/lib/python3.8/site-packages/airflow/example_dags/example_dag_decorator.py
[2025-01-14T00:15:40.199+0000] {processor.py:840} INFO - DAG(s) 'example_dag_decorator' retrieved from /home/airflow/.local/lib/python3.8/site-packages/airflow/example_dags/example_dag_decorator.py
[2025-01-14T00:15:40.263+0000] {logging_mixin.py:188} INFO - [2025-01-14T00:15:40.263+0000] {dag.py:3036} INFO - Sync 1 DAGs
[2025-01-14T00:15:40.270+0000] {logging_mixin.py:188} INFO - [2025-01-14T00:15:40.270+0000] {dag.py:3823} INFO - Setting next_dagrun for example_dag_decorator to None, run_after=None
[2025-01-14T00:15:40.387+0000] {processor.py:183} INFO - Processing /home/airflow/.local/lib/python3.8/site-packages/airflow/example_dags/example_dag_decorator.py took 0.245 seconds
[2025-01-14T00:16:11.470+0000] {processor.py:161} INFO - Started process (PID=1173) to work on /home/airflow/.local/lib/python3.8/site-packages/airflow/example_dags/example_dag_decorator.py
[2025-01-14T00:16:11.471+0000] {processor.py:830} INFO - Processing file /home/airflow/.local/lib/python3.8/site-packages/airflow/example_dags/example_dag_decorator.py for tasks to queue
[2025-01-14T00:16:11.472+0000] {logging_mixin.py:188} INFO - [2025-01-14T00:16:11.472+0000] {dagbag.py:538} INFO - Filling up the DagBag from /home/airflow/.local/lib/python3.8/site-packages/airflow/example_dags/example_dag_decorator.py
[2025-01-14T00:16:11.529+0000] {processor.py:840} INFO - DAG(s) 'example_dag_decorator' retrieved from /home/airflow/.local/lib/python3.8/site-packages/airflow/example_dags/example_dag_decorator.py
[2025-01-14T00:16:11.592+0000] {logging_mixin.py:188} INFO - [2025-01-14T00:16:11.592+0000] {dag.py:3036} INFO - Sync 1 DAGs
[2025-01-14T00:16:11.599+0000] {logging_mixin.py:188} INFO - [2025-01-14T00:16:11.598+0000] {dag.py:3823} INFO - Setting next_dagrun for example_dag_decorator to None, run_after=None
[2025-01-14T00:16:11.713+0000] {processor.py:183} INFO - Processing /home/airflow/.local/lib/python3.8/site-packages/airflow/example_dags/example_dag_decorator.py took 0.245 seconds
[2025-01-14T00:16:42.598+0000] {processor.py:161} INFO - Started process (PID=1232) to work on /home/airflow/.local/lib/python3.8/site-packages/airflow/example_dags/example_dag_decorator.py
[2025-01-14T00:16:42.599+0000] {processor.py:830} INFO - Processing file /home/airflow/.local/lib/python3.8/site-packages/airflow/example_dags/example_dag_decorator.py for tasks to queue
[2025-01-14T00:16:42.600+0000] {logging_mixin.py:188} INFO - [2025-01-14T00:16:42.600+0000] {dagbag.py:538} INFO - Filling up the DagBag from /home/airflow/.local/lib/python3.8/site-packages/airflow/example_dags/example_dag_decorator.py
[2025-01-14T00:16:42.653+0000] {processor.py:840} INFO - DAG(s) 'example_dag_decorator' retrieved from /home/airflow/.local/lib/python3.8/site-packages/airflow/example_dags/example_dag_decorator.py
[2025-01-14T00:16:42.714+0000] {logging_mixin.py:188} INFO - [2025-01-14T00:16:42.714+0000] {dag.py:3036} INFO - Sync 1 DAGs
[2025-01-14T00:16:42.720+0000] {logging_mixin.py:188} INFO - [2025-01-14T00:16:42.720+0000] {dag.py:3823} INFO - Setting next_dagrun for example_dag_decorator to None, run_after=None
[2025-01-14T00:16:42.829+0000] {processor.py:183} INFO - Processing /home/airflow/.local/lib/python3.8/site-packages/airflow/example_dags/example_dag_decorator.py took 0.233 seconds
[2025-01-14T00:17:13.794+0000] {processor.py:161} INFO - Started process (PID=1297) to work on /home/airflow/.local/lib/python3.8/site-packages/airflow/example_dags/example_dag_decorator.py
[2025-01-14T00:17:13.795+0000] {processor.py:830} INFO - Processing file /home/airflow/.local/lib/python3.8/site-packages/airflow/example_dags/example_dag_decorator.py for tasks to queue
[2025-01-14T00:17:13.796+0000] {logging_mixin.py:188} INFO - [2025-01-14T00:17:13.796+0000] {dagbag.py:538} INFO - Filling up the DagBag from /home/airflow/.local/lib/python3.8/site-packages/airflow/example_dags/example_dag_decorator.py
[2025-01-14T00:17:13.858+0000] {processor.py:840} INFO - DAG(s) 'example_dag_decorator' retrieved from /home/airflow/.local/lib/python3.8/site-packages/airflow/example_dags/example_dag_decorator.py
[2025-01-14T00:17:13.927+0000] {logging_mixin.py:188} INFO - [2025-01-14T00:17:13.927+0000] {dag.py:3036} INFO - Sync 1 DAGs
[2025-01-14T00:17:13.934+0000] {logging_mixin.py:188} INFO - [2025-01-14T00:17:13.933+0000] {dag.py:3823} INFO - Setting next_dagrun for example_dag_decorator to None, run_after=None
[2025-01-14T00:17:13.947+0000] {processor.py:183} INFO - Processing /home/airflow/.local/lib/python3.8/site-packages/airflow/example_dags/example_dag_decorator.py took 0.155 seconds
[2025-01-14T00:17:44.923+0000] {processor.py:161} INFO - Started process (PID=1356) to work on /home/airflow/.local/lib/python3.8/site-packages/airflow/example_dags/example_dag_decorator.py
[2025-01-14T00:17:44.924+0000] {processor.py:830} INFO - Processing file /home/airflow/.local/lib/python3.8/site-packages/airflow/example_dags/example_dag_decorator.py for tasks to queue
[2025-01-14T00:17:44.925+0000] {logging_mixin.py:188} INFO - [2025-01-14T00:17:44.925+0000] {dagbag.py:538} INFO - Filling up the DagBag from /home/airflow/.local/lib/python3.8/site-packages/airflow/example_dags/example_dag_decorator.py
[2025-01-14T00:17:44.978+0000] {processor.py:840} INFO - DAG(s) 'example_dag_decorator' retrieved from /home/airflow/.local/lib/python3.8/site-packages/airflow/example_dags/example_dag_decorator.py
[2025-01-14T00:17:45.041+0000] {logging_mixin.py:188} INFO - [2025-01-14T00:17:45.040+0000] {dag.py:3036} INFO - Sync 1 DAGs
[2025-01-14T00:17:45.047+0000] {logging_mixin.py:188} INFO - [2025-01-14T00:17:45.046+0000] {dag.py:3823} INFO - Setting next_dagrun for example_dag_decorator to None, run_after=None
[2025-01-14T00:17:45.059+0000] {processor.py:183} INFO - Processing /home/airflow/.local/lib/python3.8/site-packages/airflow/example_dags/example_dag_decorator.py took 0.138 seconds
[2025-01-14T00:18:15.353+0000] {processor.py:161} INFO - Started process (PID=1415) to work on /home/airflow/.local/lib/python3.8/site-packages/airflow/example_dags/example_dag_decorator.py
[2025-01-14T00:18:15.354+0000] {processor.py:830} INFO - Processing file /home/airflow/.local/lib/python3.8/site-packages/airflow/example_dags/example_dag_decorator.py for tasks to queue
[2025-01-14T00:18:15.356+0000] {logging_mixin.py:188} INFO - [2025-01-14T00:18:15.355+0000] {dagbag.py:538} INFO - Filling up the DagBag from /home/airflow/.local/lib/python3.8/site-packages/airflow/example_dags/example_dag_decorator.py
[2025-01-14T00:18:15.421+0000] {processor.py:840} INFO - DAG(s) 'example_dag_decorator' retrieved from /home/airflow/.local/lib/python3.8/site-packages/airflow/example_dags/example_dag_decorator.py
[2025-01-14T00:18:15.486+0000] {logging_mixin.py:188} INFO - [2025-01-14T00:18:15.485+0000] {dag.py:3036} INFO - Sync 1 DAGs
[2025-01-14T00:18:15.492+0000] {logging_mixin.py:188} INFO - [2025-01-14T00:18:15.492+0000] {dag.py:3823} INFO - Setting next_dagrun for example_dag_decorator to None, run_after=None
[2025-01-14T00:18:15.505+0000] {processor.py:183} INFO - Processing /home/airflow/.local/lib/python3.8/site-packages/airflow/example_dags/example_dag_decorator.py took 0.155 seconds
[2025-01-14T00:18:46.505+0000] {processor.py:161} INFO - Started process (PID=1474) to work on /home/airflow/.local/lib/python3.8/site-packages/airflow/example_dags/example_dag_decorator.py
[2025-01-14T00:18:46.506+0000] {processor.py:830} INFO - Processing file /home/airflow/.local/lib/python3.8/site-packages/airflow/example_dags/example_dag_decorator.py for tasks to queue
[2025-01-14T00:18:46.507+0000] {logging_mixin.py:188} INFO - [2025-01-14T00:18:46.507+0000] {dagbag.py:538} INFO - Filling up the DagBag from /home/airflow/.local/lib/python3.8/site-packages/airflow/example_dags/example_dag_decorator.py
[2025-01-14T00:18:46.562+0000] {processor.py:840} INFO - DAG(s) 'example_dag_decorator' retrieved from /home/airflow/.local/lib/python3.8/site-packages/airflow/example_dags/example_dag_decorator.py
[2025-01-14T00:18:46.632+0000] {logging_mixin.py:188} INFO - [2025-01-14T00:18:46.632+0000] {dag.py:3036} INFO - Sync 1 DAGs
[2025-01-14T00:18:46.639+0000] {logging_mixin.py:188} INFO - [2025-01-14T00:18:46.639+0000] {dag.py:3823} INFO - Setting next_dagrun for example_dag_decorator to None, run_after=None
[2025-01-14T00:18:46.652+0000] {processor.py:183} INFO - Processing /home/airflow/.local/lib/python3.8/site-packages/airflow/example_dags/example_dag_decorator.py took 0.149 seconds
[2025-01-14T00:19:17.696+0000] {processor.py:161} INFO - Started process (PID=1533) to work on /home/airflow/.local/lib/python3.8/site-packages/airflow/example_dags/example_dag_decorator.py
[2025-01-14T00:19:17.696+0000] {processor.py:830} INFO - Processing file /home/airflow/.local/lib/python3.8/site-packages/airflow/example_dags/example_dag_decorator.py for tasks to queue
[2025-01-14T00:19:17.698+0000] {logging_mixin.py:188} INFO - [2025-01-14T00:19:17.697+0000] {dagbag.py:538} INFO - Filling up the DagBag from /home/airflow/.local/lib/python3.8/site-packages/airflow/example_dags/example_dag_decorator.py
[2025-01-14T00:19:17.751+0000] {processor.py:840} INFO - DAG(s) 'example_dag_decorator' retrieved from /home/airflow/.local/lib/python3.8/site-packages/airflow/example_dags/example_dag_decorator.py
[2025-01-14T00:19:17.767+0000] {logging_mixin.py:188} INFO - [2025-01-14T00:19:17.767+0000] {dag.py:3036} INFO - Sync 1 DAGs
[2025-01-14T00:19:17.775+0000] {logging_mixin.py:188} INFO - [2025-01-14T00:19:17.774+0000] {dag.py:3823} INFO - Setting next_dagrun for example_dag_decorator to None, run_after=None
[2025-01-14T00:19:17.787+0000] {processor.py:183} INFO - Processing /home/airflow/.local/lib/python3.8/site-packages/airflow/example_dags/example_dag_decorator.py took 0.093 seconds
[2025-01-14T00:19:48.988+0000] {processor.py:161} INFO - Started process (PID=1592) to work on /home/airflow/.local/lib/python3.8/site-packages/airflow/example_dags/example_dag_decorator.py
[2025-01-14T00:19:48.989+0000] {processor.py:830} INFO - Processing file /home/airflow/.local/lib/python3.8/site-packages/airflow/example_dags/example_dag_decorator.py for tasks to queue
[2025-01-14T00:19:48.990+0000] {logging_mixin.py:188} INFO - [2025-01-14T00:19:48.990+0000] {dagbag.py:538} INFO - Filling up the DagBag from /home/airflow/.local/lib/python3.8/site-packages/airflow/example_dags/example_dag_decorator.py
[2025-01-14T00:19:49.045+0000] {processor.py:840} INFO - DAG(s) 'example_dag_decorator' retrieved from /home/airflow/.local/lib/python3.8/site-packages/airflow/example_dags/example_dag_decorator.py
[2025-01-14T00:19:49.215+0000] {logging_mixin.py:188} INFO - [2025-01-14T00:19:49.215+0000] {dag.py:3036} INFO - Sync 1 DAGs
[2025-01-14T00:19:49.221+0000] {logging_mixin.py:188} INFO - [2025-01-14T00:19:49.221+0000] {dag.py:3823} INFO - Setting next_dagrun for example_dag_decorator to None, run_after=None
[2025-01-14T00:19:49.238+0000] {processor.py:183} INFO - Processing /home/airflow/.local/lib/python3.8/site-packages/airflow/example_dags/example_dag_decorator.py took 0.252 seconds
[2025-01-14T00:20:20.416+0000] {processor.py:161} INFO - Started process (PID=1651) to work on /home/airflow/.local/lib/python3.8/site-packages/airflow/example_dags/example_dag_decorator.py
[2025-01-14T00:20:20.417+0000] {processor.py:830} INFO - Processing file /home/airflow/.local/lib/python3.8/site-packages/airflow/example_dags/example_dag_decorator.py for tasks to queue
[2025-01-14T00:20:20.419+0000] {logging_mixin.py:188} INFO - [2025-01-14T00:20:20.419+0000] {dagbag.py:538} INFO - Filling up the DagBag from /home/airflow/.local/lib/python3.8/site-packages/airflow/example_dags/example_dag_decorator.py
[2025-01-14T00:20:20.498+0000] {processor.py:840} INFO - DAG(s) 'example_dag_decorator' retrieved from /home/airflow/.local/lib/python3.8/site-packages/airflow/example_dags/example_dag_decorator.py
[2025-01-14T00:20:20.722+0000] {logging_mixin.py:188} INFO - [2025-01-14T00:20:20.722+0000] {dag.py:3036} INFO - Sync 1 DAGs
[2025-01-14T00:20:20.729+0000] {logging_mixin.py:188} INFO - [2025-01-14T00:20:20.729+0000] {dag.py:3823} INFO - Setting next_dagrun for example_dag_decorator to None, run_after=None
[2025-01-14T00:20:20.746+0000] {processor.py:183} INFO - Processing /home/airflow/.local/lib/python3.8/site-packages/airflow/example_dags/example_dag_decorator.py took 0.333 seconds
[2025-01-14T00:20:50.915+0000] {processor.py:161} INFO - Started process (PID=1710) to work on /home/airflow/.local/lib/python3.8/site-packages/airflow/example_dags/example_dag_decorator.py
[2025-01-14T00:20:50.916+0000] {processor.py:830} INFO - Processing file /home/airflow/.local/lib/python3.8/site-packages/airflow/example_dags/example_dag_decorator.py for tasks to queue
[2025-01-14T00:20:50.917+0000] {logging_mixin.py:188} INFO - [2025-01-14T00:20:50.916+0000] {dagbag.py:538} INFO - Filling up the DagBag from /home/airflow/.local/lib/python3.8/site-packages/airflow/example_dags/example_dag_decorator.py
[2025-01-14T00:20:50.980+0000] {processor.py:840} INFO - DAG(s) 'example_dag_decorator' retrieved from /home/airflow/.local/lib/python3.8/site-packages/airflow/example_dags/example_dag_decorator.py
[2025-01-14T00:20:50.995+0000] {logging_mixin.py:188} INFO - [2025-01-14T00:20:50.994+0000] {dag.py:3036} INFO - Sync 1 DAGs
[2025-01-14T00:20:51.003+0000] {logging_mixin.py:188} INFO - [2025-01-14T00:20:51.003+0000] {dag.py:3823} INFO - Setting next_dagrun for example_dag_decorator to None, run_after=None
[2025-01-14T00:20:51.017+0000] {processor.py:183} INFO - Processing /home/airflow/.local/lib/python3.8/site-packages/airflow/example_dags/example_dag_decorator.py took 0.104 seconds
[2025-01-14T00:21:22.011+0000] {processor.py:161} INFO - Started process (PID=1769) to work on /home/airflow/.local/lib/python3.8/site-packages/airflow/example_dags/example_dag_decorator.py
[2025-01-14T00:21:22.011+0000] {processor.py:830} INFO - Processing file /home/airflow/.local/lib/python3.8/site-packages/airflow/example_dags/example_dag_decorator.py for tasks to queue
[2025-01-14T00:21:22.012+0000] {logging_mixin.py:188} INFO - [2025-01-14T00:21:22.012+0000] {dagbag.py:538} INFO - Filling up the DagBag from /home/airflow/.local/lib/python3.8/site-packages/airflow/example_dags/example_dag_decorator.py
[2025-01-14T00:21:22.065+0000] {processor.py:840} INFO - DAG(s) 'example_dag_decorator' retrieved from /home/airflow/.local/lib/python3.8/site-packages/airflow/example_dags/example_dag_decorator.py
[2025-01-14T00:21:22.080+0000] {logging_mixin.py:188} INFO - [2025-01-14T00:21:22.080+0000] {dag.py:3036} INFO - Sync 1 DAGs
[2025-01-14T00:21:22.089+0000] {logging_mixin.py:188} INFO - [2025-01-14T00:21:22.089+0000] {dag.py:3823} INFO - Setting next_dagrun for example_dag_decorator to None, run_after=None
[2025-01-14T00:21:22.102+0000] {processor.py:183} INFO - Processing /home/airflow/.local/lib/python3.8/site-packages/airflow/example_dags/example_dag_decorator.py took 0.093 seconds
[2025-01-14T00:21:53.269+0000] {processor.py:161} INFO - Started process (PID=1828) to work on /home/airflow/.local/lib/python3.8/site-packages/airflow/example_dags/example_dag_decorator.py
[2025-01-14T00:21:53.270+0000] {processor.py:830} INFO - Processing file /home/airflow/.local/lib/python3.8/site-packages/airflow/example_dags/example_dag_decorator.py for tasks to queue
[2025-01-14T00:21:53.271+0000] {logging_mixin.py:188} INFO - [2025-01-14T00:21:53.271+0000] {dagbag.py:538} INFO - Filling up the DagBag from /home/airflow/.local/lib/python3.8/site-packages/airflow/example_dags/example_dag_decorator.py
[2025-01-14T00:21:53.329+0000] {processor.py:840} INFO - DAG(s) 'example_dag_decorator' retrieved from /home/airflow/.local/lib/python3.8/site-packages/airflow/example_dags/example_dag_decorator.py
[2025-01-14T00:21:53.344+0000] {logging_mixin.py:188} INFO - [2025-01-14T00:21:53.344+0000] {dag.py:3036} INFO - Sync 1 DAGs
[2025-01-14T00:21:53.460+0000] {logging_mixin.py:188} INFO - [2025-01-14T00:21:53.460+0000] {dag.py:3823} INFO - Setting next_dagrun for example_dag_decorator to None, run_after=None
[2025-01-14T00:21:53.472+0000] {processor.py:183} INFO - Processing /home/airflow/.local/lib/python3.8/site-packages/airflow/example_dags/example_dag_decorator.py took 0.205 seconds
[2025-01-14T00:22:24.459+0000] {processor.py:161} INFO - Started process (PID=1887) to work on /home/airflow/.local/lib/python3.8/site-packages/airflow/example_dags/example_dag_decorator.py
[2025-01-14T00:22:24.459+0000] {processor.py:830} INFO - Processing file /home/airflow/.local/lib/python3.8/site-packages/airflow/example_dags/example_dag_decorator.py for tasks to queue
[2025-01-14T00:22:24.460+0000] {logging_mixin.py:188} INFO - [2025-01-14T00:22:24.460+0000] {dagbag.py:538} INFO - Filling up the DagBag from /home/airflow/.local/lib/python3.8/site-packages/airflow/example_dags/example_dag_decorator.py
[2025-01-14T00:22:24.516+0000] {processor.py:840} INFO - DAG(s) 'example_dag_decorator' retrieved from /home/airflow/.local/lib/python3.8/site-packages/airflow/example_dags/example_dag_decorator.py
[2025-01-14T00:22:24.530+0000] {logging_mixin.py:188} INFO - [2025-01-14T00:22:24.530+0000] {dag.py:3036} INFO - Sync 1 DAGs
[2025-01-14T00:22:24.636+0000] {logging_mixin.py:188} INFO - [2025-01-14T00:22:24.636+0000] {dag.py:3823} INFO - Setting next_dagrun for example_dag_decorator to None, run_after=None
[2025-01-14T00:22:24.648+0000] {processor.py:183} INFO - Processing /home/airflow/.local/lib/python3.8/site-packages/airflow/example_dags/example_dag_decorator.py took 0.191 seconds
[2025-01-14T00:22:55.573+0000] {processor.py:161} INFO - Started process (PID=1946) to work on /home/airflow/.local/lib/python3.8/site-packages/airflow/example_dags/example_dag_decorator.py
[2025-01-14T00:22:55.573+0000] {processor.py:830} INFO - Processing file /home/airflow/.local/lib/python3.8/site-packages/airflow/example_dags/example_dag_decorator.py for tasks to queue
[2025-01-14T00:22:55.574+0000] {logging_mixin.py:188} INFO - [2025-01-14T00:22:55.574+0000] {dagbag.py:538} INFO - Filling up the DagBag from /home/airflow/.local/lib/python3.8/site-packages/airflow/example_dags/example_dag_decorator.py
[2025-01-14T00:22:55.627+0000] {processor.py:840} INFO - DAG(s) 'example_dag_decorator' retrieved from /home/airflow/.local/lib/python3.8/site-packages/airflow/example_dags/example_dag_decorator.py
[2025-01-14T00:22:55.642+0000] {logging_mixin.py:188} INFO - [2025-01-14T00:22:55.642+0000] {dag.py:3036} INFO - Sync 1 DAGs
[2025-01-14T00:22:55.650+0000] {logging_mixin.py:188} INFO - [2025-01-14T00:22:55.649+0000] {dag.py:3823} INFO - Setting next_dagrun for example_dag_decorator to None, run_after=None
[2025-01-14T00:22:55.766+0000] {processor.py:183} INFO - Processing /home/airflow/.local/lib/python3.8/site-packages/airflow/example_dags/example_dag_decorator.py took 0.195 seconds
[2025-01-14T00:23:26.723+0000] {processor.py:161} INFO - Started process (PID=2005) to work on /home/airflow/.local/lib/python3.8/site-packages/airflow/example_dags/example_dag_decorator.py
[2025-01-14T00:23:26.723+0000] {processor.py:830} INFO - Processing file /home/airflow/.local/lib/python3.8/site-packages/airflow/example_dags/example_dag_decorator.py for tasks to queue
[2025-01-14T00:23:26.724+0000] {logging_mixin.py:188} INFO - [2025-01-14T00:23:26.724+0000] {dagbag.py:538} INFO - Filling up the DagBag from /home/airflow/.local/lib/python3.8/site-packages/airflow/example_dags/example_dag_decorator.py
[2025-01-14T00:23:26.776+0000] {processor.py:840} INFO - DAG(s) 'example_dag_decorator' retrieved from /home/airflow/.local/lib/python3.8/site-packages/airflow/example_dags/example_dag_decorator.py
[2025-01-14T00:23:26.936+0000] {logging_mixin.py:188} INFO - [2025-01-14T00:23:26.936+0000] {dag.py:3036} INFO - Sync 1 DAGs
[2025-01-14T00:23:26.941+0000] {logging_mixin.py:188} INFO - [2025-01-14T00:23:26.941+0000] {dag.py:3823} INFO - Setting next_dagrun for example_dag_decorator to None, run_after=None
[2025-01-14T00:23:26.954+0000] {processor.py:183} INFO - Processing /home/airflow/.local/lib/python3.8/site-packages/airflow/example_dags/example_dag_decorator.py took 0.233 seconds
[2025-01-14T00:23:57.946+0000] {processor.py:161} INFO - Started process (PID=2064) to work on /home/airflow/.local/lib/python3.8/site-packages/airflow/example_dags/example_dag_decorator.py
[2025-01-14T00:23:57.946+0000] {processor.py:830} INFO - Processing file /home/airflow/.local/lib/python3.8/site-packages/airflow/example_dags/example_dag_decorator.py for tasks to queue
[2025-01-14T00:23:57.947+0000] {logging_mixin.py:188} INFO - [2025-01-14T00:23:57.947+0000] {dagbag.py:538} INFO - Filling up the DagBag from /home/airflow/.local/lib/python3.8/site-packages/airflow/example_dags/example_dag_decorator.py
[2025-01-14T00:23:58.000+0000] {processor.py:840} INFO - DAG(s) 'example_dag_decorator' retrieved from /home/airflow/.local/lib/python3.8/site-packages/airflow/example_dags/example_dag_decorator.py
[2025-01-14T00:23:58.014+0000] {logging_mixin.py:188} INFO - [2025-01-14T00:23:58.014+0000] {dag.py:3036} INFO - Sync 1 DAGs
[2025-01-14T00:23:58.022+0000] {logging_mixin.py:188} INFO - [2025-01-14T00:23:58.021+0000] {dag.py:3823} INFO - Setting next_dagrun for example_dag_decorator to None, run_after=None
[2025-01-14T00:23:58.034+0000] {processor.py:183} INFO - Processing /home/airflow/.local/lib/python3.8/site-packages/airflow/example_dags/example_dag_decorator.py took 0.090 seconds
[2025-01-14T00:24:29.002+0000] {processor.py:161} INFO - Started process (PID=2123) to work on /home/airflow/.local/lib/python3.8/site-packages/airflow/example_dags/example_dag_decorator.py
[2025-01-14T00:24:29.002+0000] {processor.py:830} INFO - Processing file /home/airflow/.local/lib/python3.8/site-packages/airflow/example_dags/example_dag_decorator.py for tasks to queue
[2025-01-14T00:24:29.003+0000] {logging_mixin.py:188} INFO - [2025-01-14T00:24:29.003+0000] {dagbag.py:538} INFO - Filling up the DagBag from /home/airflow/.local/lib/python3.8/site-packages/airflow/example_dags/example_dag_decorator.py
[2025-01-14T00:24:29.066+0000] {processor.py:840} INFO - DAG(s) 'example_dag_decorator' retrieved from /home/airflow/.local/lib/python3.8/site-packages/airflow/example_dags/example_dag_decorator.py
[2025-01-14T00:24:29.239+0000] {logging_mixin.py:188} INFO - [2025-01-14T00:24:29.239+0000] {dag.py:3036} INFO - Sync 1 DAGs
[2025-01-14T00:24:29.245+0000] {logging_mixin.py:188} INFO - [2025-01-14T00:24:29.244+0000] {dag.py:3823} INFO - Setting next_dagrun for example_dag_decorator to None, run_after=None
[2025-01-14T00:24:29.257+0000] {processor.py:183} INFO - Processing /home/airflow/.local/lib/python3.8/site-packages/airflow/example_dags/example_dag_decorator.py took 0.258 seconds
[2025-01-14T00:24:59.446+0000] {processor.py:161} INFO - Started process (PID=2185) to work on /home/airflow/.local/lib/python3.8/site-packages/airflow/example_dags/example_dag_decorator.py
[2025-01-14T00:24:59.447+0000] {processor.py:830} INFO - Processing file /home/airflow/.local/lib/python3.8/site-packages/airflow/example_dags/example_dag_decorator.py for tasks to queue
[2025-01-14T00:24:59.448+0000] {logging_mixin.py:188} INFO - [2025-01-14T00:24:59.448+0000] {dagbag.py:538} INFO - Filling up the DagBag from /home/airflow/.local/lib/python3.8/site-packages/airflow/example_dags/example_dag_decorator.py
[2025-01-14T00:24:59.501+0000] {processor.py:840} INFO - DAG(s) 'example_dag_decorator' retrieved from /home/airflow/.local/lib/python3.8/site-packages/airflow/example_dags/example_dag_decorator.py
[2025-01-14T00:24:59.674+0000] {logging_mixin.py:188} INFO - [2025-01-14T00:24:59.674+0000] {dag.py:3036} INFO - Sync 1 DAGs
[2025-01-14T00:24:59.680+0000] {logging_mixin.py:188} INFO - [2025-01-14T00:24:59.680+0000] {dag.py:3823} INFO - Setting next_dagrun for example_dag_decorator to None, run_after=None
[2025-01-14T00:24:59.692+0000] {processor.py:183} INFO - Processing /home/airflow/.local/lib/python3.8/site-packages/airflow/example_dags/example_dag_decorator.py took 0.248 seconds
[2025-01-14T00:25:30.419+0000] {processor.py:161} INFO - Started process (PID=2241) to work on /home/airflow/.local/lib/python3.8/site-packages/airflow/example_dags/example_dag_decorator.py
[2025-01-14T00:25:30.419+0000] {processor.py:830} INFO - Processing file /home/airflow/.local/lib/python3.8/site-packages/airflow/example_dags/example_dag_decorator.py for tasks to queue
[2025-01-14T00:25:30.421+0000] {logging_mixin.py:188} INFO - [2025-01-14T00:25:30.420+0000] {dagbag.py:538} INFO - Filling up the DagBag from /home/airflow/.local/lib/python3.8/site-packages/airflow/example_dags/example_dag_decorator.py
[2025-01-14T00:25:30.583+0000] {processor.py:840} INFO - DAG(s) 'example_dag_decorator' retrieved from /home/airflow/.local/lib/python3.8/site-packages/airflow/example_dags/example_dag_decorator.py
[2025-01-14T00:25:30.646+0000] {logging_mixin.py:188} INFO - [2025-01-14T00:25:30.646+0000] {dag.py:3036} INFO - Sync 1 DAGs
[2025-01-14T00:25:30.652+0000] {logging_mixin.py:188} INFO - [2025-01-14T00:25:30.651+0000] {dag.py:3823} INFO - Setting next_dagrun for example_dag_decorator to None, run_after=None
[2025-01-14T00:25:30.664+0000] {processor.py:183} INFO - Processing /home/airflow/.local/lib/python3.8/site-packages/airflow/example_dags/example_dag_decorator.py took 0.248 seconds
[2025-01-14T00:26:01.668+0000] {processor.py:161} INFO - Started process (PID=2300) to work on /home/airflow/.local/lib/python3.8/site-packages/airflow/example_dags/example_dag_decorator.py
[2025-01-14T00:26:01.669+0000] {processor.py:830} INFO - Processing file /home/airflow/.local/lib/python3.8/site-packages/airflow/example_dags/example_dag_decorator.py for tasks to queue
[2025-01-14T00:26:01.670+0000] {logging_mixin.py:188} INFO - [2025-01-14T00:26:01.670+0000] {dagbag.py:538} INFO - Filling up the DagBag from /home/airflow/.local/lib/python3.8/site-packages/airflow/example_dags/example_dag_decorator.py
[2025-01-14T00:26:01.831+0000] {processor.py:840} INFO - DAG(s) 'example_dag_decorator' retrieved from /home/airflow/.local/lib/python3.8/site-packages/airflow/example_dags/example_dag_decorator.py
[2025-01-14T00:26:01.894+0000] {logging_mixin.py:188} INFO - [2025-01-14T00:26:01.893+0000] {dag.py:3036} INFO - Sync 1 DAGs
[2025-01-14T00:26:01.900+0000] {logging_mixin.py:188} INFO - [2025-01-14T00:26:01.899+0000] {dag.py:3823} INFO - Setting next_dagrun for example_dag_decorator to None, run_after=None
[2025-01-14T00:26:01.912+0000] {processor.py:183} INFO - Processing /home/airflow/.local/lib/python3.8/site-packages/airflow/example_dags/example_dag_decorator.py took 0.246 seconds
[2025-01-14T00:26:32.237+0000] {processor.py:161} INFO - Started process (PID=2360) to work on /home/airflow/.local/lib/python3.8/site-packages/airflow/example_dags/example_dag_decorator.py
[2025-01-14T00:26:32.237+0000] {processor.py:830} INFO - Processing file /home/airflow/.local/lib/python3.8/site-packages/airflow/example_dags/example_dag_decorator.py for tasks to queue
[2025-01-14T00:26:32.238+0000] {logging_mixin.py:188} INFO - [2025-01-14T00:26:32.238+0000] {dagbag.py:538} INFO - Filling up the DagBag from /home/airflow/.local/lib/python3.8/site-packages/airflow/example_dags/example_dag_decorator.py
[2025-01-14T00:26:32.411+0000] {processor.py:840} INFO - DAG(s) 'example_dag_decorator' retrieved from /home/airflow/.local/lib/python3.8/site-packages/airflow/example_dags/example_dag_decorator.py
[2025-01-14T00:26:32.425+0000] {logging_mixin.py:188} INFO - [2025-01-14T00:26:32.425+0000] {dag.py:3036} INFO - Sync 1 DAGs
[2025-01-14T00:26:32.432+0000] {logging_mixin.py:188} INFO - [2025-01-14T00:26:32.432+0000] {dag.py:3823} INFO - Setting next_dagrun for example_dag_decorator to None, run_after=None
[2025-01-14T00:26:32.445+0000] {processor.py:183} INFO - Processing /home/airflow/.local/lib/python3.8/site-packages/airflow/example_dags/example_dag_decorator.py took 0.210 seconds
[2025-01-14T00:27:03.141+0000] {processor.py:161} INFO - Started process (PID=2418) to work on /home/airflow/.local/lib/python3.8/site-packages/airflow/example_dags/example_dag_decorator.py
[2025-01-14T00:27:03.142+0000] {processor.py:830} INFO - Processing file /home/airflow/.local/lib/python3.8/site-packages/airflow/example_dags/example_dag_decorator.py for tasks to queue
[2025-01-14T00:27:03.143+0000] {logging_mixin.py:188} INFO - [2025-01-14T00:27:03.143+0000] {dagbag.py:538} INFO - Filling up the DagBag from /home/airflow/.local/lib/python3.8/site-packages/airflow/example_dags/example_dag_decorator.py
[2025-01-14T00:27:03.209+0000] {processor.py:840} INFO - DAG(s) 'example_dag_decorator' retrieved from /home/airflow/.local/lib/python3.8/site-packages/airflow/example_dags/example_dag_decorator.py
[2025-01-14T00:27:03.389+0000] {logging_mixin.py:188} INFO - [2025-01-14T00:27:03.388+0000] {dag.py:3036} INFO - Sync 1 DAGs
[2025-01-14T00:27:03.395+0000] {logging_mixin.py:188} INFO - [2025-01-14T00:27:03.395+0000] {dag.py:3823} INFO - Setting next_dagrun for example_dag_decorator to None, run_after=None
[2025-01-14T00:27:03.409+0000] {processor.py:183} INFO - Processing /home/airflow/.local/lib/python3.8/site-packages/airflow/example_dags/example_dag_decorator.py took 0.271 seconds
[2025-01-14T00:27:33.918+0000] {processor.py:161} INFO - Started process (PID=2477) to work on /home/airflow/.local/lib/python3.8/site-packages/airflow/example_dags/example_dag_decorator.py
[2025-01-14T00:27:33.918+0000] {processor.py:830} INFO - Processing file /home/airflow/.local/lib/python3.8/site-packages/airflow/example_dags/example_dag_decorator.py for tasks to queue
[2025-01-14T00:27:33.920+0000] {logging_mixin.py:188} INFO - [2025-01-14T00:27:33.919+0000] {dagbag.py:538} INFO - Filling up the DagBag from /home/airflow/.local/lib/python3.8/site-packages/airflow/example_dags/example_dag_decorator.py
[2025-01-14T00:27:33.982+0000] {processor.py:840} INFO - DAG(s) 'example_dag_decorator' retrieved from /home/airflow/.local/lib/python3.8/site-packages/airflow/example_dags/example_dag_decorator.py
[2025-01-14T00:27:34.157+0000] {logging_mixin.py:188} INFO - [2025-01-14T00:27:34.157+0000] {dag.py:3036} INFO - Sync 1 DAGs
[2025-01-14T00:27:34.164+0000] {logging_mixin.py:188} INFO - [2025-01-14T00:27:34.163+0000] {dag.py:3823} INFO - Setting next_dagrun for example_dag_decorator to None, run_after=None
[2025-01-14T00:27:34.177+0000] {processor.py:183} INFO - Processing /home/airflow/.local/lib/python3.8/site-packages/airflow/example_dags/example_dag_decorator.py took 0.262 seconds
