[2025-01-14T00:00:06.274+0000] {processor.py:161} INFO - Started process (PID=10543) to work on /home/airflow/.local/lib/python3.8/site-packages/airflow/example_dags/example_nested_branch_dag.py
[2025-01-14T00:00:06.275+0000] {processor.py:830} INFO - Processing file /home/airflow/.local/lib/python3.8/site-packages/airflow/example_dags/example_nested_branch_dag.py for tasks to queue
[2025-01-14T00:00:06.276+0000] {logging_mixin.py:188} INFO - [2025-01-14T00:00:06.275+0000] {dagbag.py:538} INFO - Filling up the DagBag from /home/airflow/.local/lib/python3.8/site-packages/airflow/example_dags/example_nested_branch_dag.py
[2025-01-14T00:00:06.282+0000] {processor.py:840} INFO - DAG(s) 'example_nested_branch_dag' retrieved from /home/airflow/.local/lib/python3.8/site-packages/airflow/example_dags/example_nested_branch_dag.py
[2025-01-14T00:00:06.297+0000] {logging_mixin.py:188} INFO - [2025-01-14T00:00:06.297+0000] {dag.py:3036} INFO - Sync 1 DAGs
[2025-01-14T00:00:06.312+0000] {logging_mixin.py:188} INFO - [2025-01-14T00:00:06.311+0000] {dag.py:3823} INFO - Setting next_dagrun for example_nested_branch_dag to 2025-01-13 00:00:00+00:00, run_after=2025-01-14 00:00:00+00:00
[2025-01-14T00:00:06.324+0000] {processor.py:183} INFO - Processing /home/airflow/.local/lib/python3.8/site-packages/airflow/example_dags/example_nested_branch_dag.py took 0.052 seconds
[2025-01-14T00:00:36.343+0000] {processor.py:161} INFO - Started process (PID=10604) to work on /home/airflow/.local/lib/python3.8/site-packages/airflow/example_dags/example_nested_branch_dag.py
[2025-01-14T00:00:36.344+0000] {processor.py:830} INFO - Processing file /home/airflow/.local/lib/python3.8/site-packages/airflow/example_dags/example_nested_branch_dag.py for tasks to queue
[2025-01-14T00:00:36.345+0000] {logging_mixin.py:188} INFO - [2025-01-14T00:00:36.345+0000] {dagbag.py:538} INFO - Filling up the DagBag from /home/airflow/.local/lib/python3.8/site-packages/airflow/example_dags/example_nested_branch_dag.py
[2025-01-14T00:00:36.351+0000] {processor.py:840} INFO - DAG(s) 'example_nested_branch_dag' retrieved from /home/airflow/.local/lib/python3.8/site-packages/airflow/example_dags/example_nested_branch_dag.py
[2025-01-14T00:00:36.364+0000] {logging_mixin.py:188} INFO - [2025-01-14T00:00:36.364+0000] {dag.py:3036} INFO - Sync 1 DAGs
[2025-01-14T00:00:36.378+0000] {logging_mixin.py:188} INFO - [2025-01-14T00:00:36.378+0000] {dag.py:3823} INFO - Setting next_dagrun for example_nested_branch_dag to 2025-01-13 00:00:00+00:00, run_after=2025-01-14 00:00:00+00:00
[2025-01-14T00:00:36.390+0000] {processor.py:183} INFO - Processing /home/airflow/.local/lib/python3.8/site-packages/airflow/example_dags/example_nested_branch_dag.py took 0.048 seconds
[2025-01-14T00:01:06.430+0000] {processor.py:161} INFO - Started process (PID=10663) to work on /home/airflow/.local/lib/python3.8/site-packages/airflow/example_dags/example_nested_branch_dag.py
[2025-01-14T00:01:06.430+0000] {processor.py:830} INFO - Processing file /home/airflow/.local/lib/python3.8/site-packages/airflow/example_dags/example_nested_branch_dag.py for tasks to queue
[2025-01-14T00:01:06.431+0000] {logging_mixin.py:188} INFO - [2025-01-14T00:01:06.431+0000] {dagbag.py:538} INFO - Filling up the DagBag from /home/airflow/.local/lib/python3.8/site-packages/airflow/example_dags/example_nested_branch_dag.py
[2025-01-14T00:01:06.440+0000] {processor.py:840} INFO - DAG(s) 'example_nested_branch_dag' retrieved from /home/airflow/.local/lib/python3.8/site-packages/airflow/example_dags/example_nested_branch_dag.py
[2025-01-14T00:01:06.454+0000] {logging_mixin.py:188} INFO - [2025-01-14T00:01:06.453+0000] {dag.py:3036} INFO - Sync 1 DAGs
[2025-01-14T00:01:06.468+0000] {logging_mixin.py:188} INFO - [2025-01-14T00:01:06.467+0000] {dag.py:3823} INFO - Setting next_dagrun for example_nested_branch_dag to 2025-01-13 00:00:00+00:00, run_after=2025-01-14 00:00:00+00:00
[2025-01-14T00:01:06.480+0000] {processor.py:183} INFO - Processing /home/airflow/.local/lib/python3.8/site-packages/airflow/example_dags/example_nested_branch_dag.py took 0.052 seconds
[2025-01-14T00:01:36.557+0000] {processor.py:161} INFO - Started process (PID=10722) to work on /home/airflow/.local/lib/python3.8/site-packages/airflow/example_dags/example_nested_branch_dag.py
[2025-01-14T00:01:36.557+0000] {processor.py:830} INFO - Processing file /home/airflow/.local/lib/python3.8/site-packages/airflow/example_dags/example_nested_branch_dag.py for tasks to queue
[2025-01-14T00:01:36.558+0000] {logging_mixin.py:188} INFO - [2025-01-14T00:01:36.558+0000] {dagbag.py:538} INFO - Filling up the DagBag from /home/airflow/.local/lib/python3.8/site-packages/airflow/example_dags/example_nested_branch_dag.py
[2025-01-14T00:01:36.564+0000] {processor.py:840} INFO - DAG(s) 'example_nested_branch_dag' retrieved from /home/airflow/.local/lib/python3.8/site-packages/airflow/example_dags/example_nested_branch_dag.py
[2025-01-14T00:01:36.578+0000] {logging_mixin.py:188} INFO - [2025-01-14T00:01:36.578+0000] {dag.py:3036} INFO - Sync 1 DAGs
[2025-01-14T00:01:36.592+0000] {logging_mixin.py:188} INFO - [2025-01-14T00:01:36.592+0000] {dag.py:3823} INFO - Setting next_dagrun for example_nested_branch_dag to 2025-01-13 00:00:00+00:00, run_after=2025-01-14 00:00:00+00:00
[2025-01-14T00:01:36.604+0000] {processor.py:183} INFO - Processing /home/airflow/.local/lib/python3.8/site-packages/airflow/example_dags/example_nested_branch_dag.py took 0.049 seconds
[2025-01-14T00:02:07.592+0000] {processor.py:161} INFO - Started process (PID=10781) to work on /home/airflow/.local/lib/python3.8/site-packages/airflow/example_dags/example_nested_branch_dag.py
[2025-01-14T00:02:07.592+0000] {processor.py:830} INFO - Processing file /home/airflow/.local/lib/python3.8/site-packages/airflow/example_dags/example_nested_branch_dag.py for tasks to queue
[2025-01-14T00:02:07.593+0000] {logging_mixin.py:188} INFO - [2025-01-14T00:02:07.593+0000] {dagbag.py:538} INFO - Filling up the DagBag from /home/airflow/.local/lib/python3.8/site-packages/airflow/example_dags/example_nested_branch_dag.py
[2025-01-14T00:02:07.599+0000] {processor.py:840} INFO - DAG(s) 'example_nested_branch_dag' retrieved from /home/airflow/.local/lib/python3.8/site-packages/airflow/example_dags/example_nested_branch_dag.py
[2025-01-14T00:02:07.613+0000] {logging_mixin.py:188} INFO - [2025-01-14T00:02:07.613+0000] {dag.py:3036} INFO - Sync 1 DAGs
[2025-01-14T00:02:07.625+0000] {logging_mixin.py:188} INFO - [2025-01-14T00:02:07.625+0000] {dag.py:3823} INFO - Setting next_dagrun for example_nested_branch_dag to 2025-01-13 00:00:00+00:00, run_after=2025-01-14 00:00:00+00:00
[2025-01-14T00:02:07.638+0000] {processor.py:183} INFO - Processing /home/airflow/.local/lib/python3.8/site-packages/airflow/example_dags/example_nested_branch_dag.py took 0.048 seconds
[2025-01-14T00:02:38.437+0000] {processor.py:161} INFO - Started process (PID=10840) to work on /home/airflow/.local/lib/python3.8/site-packages/airflow/example_dags/example_nested_branch_dag.py
[2025-01-14T00:02:38.438+0000] {processor.py:830} INFO - Processing file /home/airflow/.local/lib/python3.8/site-packages/airflow/example_dags/example_nested_branch_dag.py for tasks to queue
[2025-01-14T00:02:38.439+0000] {logging_mixin.py:188} INFO - [2025-01-14T00:02:38.438+0000] {dagbag.py:538} INFO - Filling up the DagBag from /home/airflow/.local/lib/python3.8/site-packages/airflow/example_dags/example_nested_branch_dag.py
[2025-01-14T00:02:38.445+0000] {processor.py:840} INFO - DAG(s) 'example_nested_branch_dag' retrieved from /home/airflow/.local/lib/python3.8/site-packages/airflow/example_dags/example_nested_branch_dag.py
[2025-01-14T00:02:38.460+0000] {logging_mixin.py:188} INFO - [2025-01-14T00:02:38.460+0000] {dag.py:3036} INFO - Sync 1 DAGs
[2025-01-14T00:02:38.474+0000] {logging_mixin.py:188} INFO - [2025-01-14T00:02:38.474+0000] {dag.py:3823} INFO - Setting next_dagrun for example_nested_branch_dag to 2025-01-13 00:00:00+00:00, run_after=2025-01-14 00:00:00+00:00
[2025-01-14T00:02:38.487+0000] {processor.py:183} INFO - Processing /home/airflow/.local/lib/python3.8/site-packages/airflow/example_dags/example_nested_branch_dag.py took 0.052 seconds
[2025-01-14T00:03:08.684+0000] {processor.py:161} INFO - Started process (PID=10899) to work on /home/airflow/.local/lib/python3.8/site-packages/airflow/example_dags/example_nested_branch_dag.py
[2025-01-14T00:03:08.685+0000] {processor.py:830} INFO - Processing file /home/airflow/.local/lib/python3.8/site-packages/airflow/example_dags/example_nested_branch_dag.py for tasks to queue
[2025-01-14T00:03:08.685+0000] {logging_mixin.py:188} INFO - [2025-01-14T00:03:08.685+0000] {dagbag.py:538} INFO - Filling up the DagBag from /home/airflow/.local/lib/python3.8/site-packages/airflow/example_dags/example_nested_branch_dag.py
[2025-01-14T00:03:08.692+0000] {processor.py:840} INFO - DAG(s) 'example_nested_branch_dag' retrieved from /home/airflow/.local/lib/python3.8/site-packages/airflow/example_dags/example_nested_branch_dag.py
[2025-01-14T00:03:08.707+0000] {logging_mixin.py:188} INFO - [2025-01-14T00:03:08.707+0000] {dag.py:3036} INFO - Sync 1 DAGs
[2025-01-14T00:03:08.720+0000] {logging_mixin.py:188} INFO - [2025-01-14T00:03:08.720+0000] {dag.py:3823} INFO - Setting next_dagrun for example_nested_branch_dag to 2025-01-13 00:00:00+00:00, run_after=2025-01-14 00:00:00+00:00
[2025-01-14T00:03:08.733+0000] {processor.py:183} INFO - Processing /home/airflow/.local/lib/python3.8/site-packages/airflow/example_dags/example_nested_branch_dag.py took 0.051 seconds
[2025-01-14T00:03:38.822+0000] {processor.py:161} INFO - Started process (PID=10958) to work on /home/airflow/.local/lib/python3.8/site-packages/airflow/example_dags/example_nested_branch_dag.py
[2025-01-14T00:03:38.823+0000] {processor.py:830} INFO - Processing file /home/airflow/.local/lib/python3.8/site-packages/airflow/example_dags/example_nested_branch_dag.py for tasks to queue
[2025-01-14T00:03:38.823+0000] {logging_mixin.py:188} INFO - [2025-01-14T00:03:38.823+0000] {dagbag.py:538} INFO - Filling up the DagBag from /home/airflow/.local/lib/python3.8/site-packages/airflow/example_dags/example_nested_branch_dag.py
[2025-01-14T00:03:38.829+0000] {processor.py:840} INFO - DAG(s) 'example_nested_branch_dag' retrieved from /home/airflow/.local/lib/python3.8/site-packages/airflow/example_dags/example_nested_branch_dag.py
[2025-01-14T00:03:38.843+0000] {logging_mixin.py:188} INFO - [2025-01-14T00:03:38.843+0000] {dag.py:3036} INFO - Sync 1 DAGs
[2025-01-14T00:03:38.856+0000] {logging_mixin.py:188} INFO - [2025-01-14T00:03:38.856+0000] {dag.py:3823} INFO - Setting next_dagrun for example_nested_branch_dag to 2025-01-13 00:00:00+00:00, run_after=2025-01-14 00:00:00+00:00
[2025-01-14T00:03:38.869+0000] {processor.py:183} INFO - Processing /home/airflow/.local/lib/python3.8/site-packages/airflow/example_dags/example_nested_branch_dag.py took 0.049 seconds
[2025-01-14T00:04:09.808+0000] {processor.py:161} INFO - Started process (PID=11017) to work on /home/airflow/.local/lib/python3.8/site-packages/airflow/example_dags/example_nested_branch_dag.py
[2025-01-14T00:04:09.809+0000] {processor.py:830} INFO - Processing file /home/airflow/.local/lib/python3.8/site-packages/airflow/example_dags/example_nested_branch_dag.py for tasks to queue
[2025-01-14T00:04:09.809+0000] {logging_mixin.py:188} INFO - [2025-01-14T00:04:09.809+0000] {dagbag.py:538} INFO - Filling up the DagBag from /home/airflow/.local/lib/python3.8/site-packages/airflow/example_dags/example_nested_branch_dag.py
[2025-01-14T00:04:09.816+0000] {processor.py:840} INFO - DAG(s) 'example_nested_branch_dag' retrieved from /home/airflow/.local/lib/python3.8/site-packages/airflow/example_dags/example_nested_branch_dag.py
[2025-01-14T00:04:09.830+0000] {logging_mixin.py:188} INFO - [2025-01-14T00:04:09.830+0000] {dag.py:3036} INFO - Sync 1 DAGs
[2025-01-14T00:04:09.843+0000] {logging_mixin.py:188} INFO - [2025-01-14T00:04:09.843+0000] {dag.py:3823} INFO - Setting next_dagrun for example_nested_branch_dag to 2025-01-13 00:00:00+00:00, run_after=2025-01-14 00:00:00+00:00
[2025-01-14T00:04:09.856+0000] {processor.py:183} INFO - Processing /home/airflow/.local/lib/python3.8/site-packages/airflow/example_dags/example_nested_branch_dag.py took 0.050 seconds
[2025-01-14T00:04:40.879+0000] {processor.py:161} INFO - Started process (PID=11076) to work on /home/airflow/.local/lib/python3.8/site-packages/airflow/example_dags/example_nested_branch_dag.py
[2025-01-14T00:04:40.880+0000] {processor.py:830} INFO - Processing file /home/airflow/.local/lib/python3.8/site-packages/airflow/example_dags/example_nested_branch_dag.py for tasks to queue
[2025-01-14T00:04:40.881+0000] {logging_mixin.py:188} INFO - [2025-01-14T00:04:40.880+0000] {dagbag.py:538} INFO - Filling up the DagBag from /home/airflow/.local/lib/python3.8/site-packages/airflow/example_dags/example_nested_branch_dag.py
[2025-01-14T00:04:40.888+0000] {processor.py:840} INFO - DAG(s) 'example_nested_branch_dag' retrieved from /home/airflow/.local/lib/python3.8/site-packages/airflow/example_dags/example_nested_branch_dag.py
[2025-01-14T00:04:40.905+0000] {logging_mixin.py:188} INFO - [2025-01-14T00:04:40.904+0000] {dag.py:3036} INFO - Sync 1 DAGs
[2025-01-14T00:04:40.923+0000] {logging_mixin.py:188} INFO - [2025-01-14T00:04:40.923+0000] {dag.py:3823} INFO - Setting next_dagrun for example_nested_branch_dag to 2025-01-13 00:00:00+00:00, run_after=2025-01-14 00:00:00+00:00
[2025-01-14T00:04:40.939+0000] {processor.py:183} INFO - Processing /home/airflow/.local/lib/python3.8/site-packages/airflow/example_dags/example_nested_branch_dag.py took 0.062 seconds
[2025-01-14T00:05:11.142+0000] {processor.py:161} INFO - Started process (PID=11135) to work on /home/airflow/.local/lib/python3.8/site-packages/airflow/example_dags/example_nested_branch_dag.py
[2025-01-14T00:05:11.143+0000] {processor.py:830} INFO - Processing file /home/airflow/.local/lib/python3.8/site-packages/airflow/example_dags/example_nested_branch_dag.py for tasks to queue
[2025-01-14T00:05:11.143+0000] {logging_mixin.py:188} INFO - [2025-01-14T00:05:11.143+0000] {dagbag.py:538} INFO - Filling up the DagBag from /home/airflow/.local/lib/python3.8/site-packages/airflow/example_dags/example_nested_branch_dag.py
[2025-01-14T00:05:11.149+0000] {processor.py:840} INFO - DAG(s) 'example_nested_branch_dag' retrieved from /home/airflow/.local/lib/python3.8/site-packages/airflow/example_dags/example_nested_branch_dag.py
[2025-01-14T00:05:11.163+0000] {logging_mixin.py:188} INFO - [2025-01-14T00:05:11.163+0000] {dag.py:3036} INFO - Sync 1 DAGs
[2025-01-14T00:05:11.177+0000] {logging_mixin.py:188} INFO - [2025-01-14T00:05:11.177+0000] {dag.py:3823} INFO - Setting next_dagrun for example_nested_branch_dag to 2025-01-13 00:00:00+00:00, run_after=2025-01-14 00:00:00+00:00
[2025-01-14T00:05:11.189+0000] {processor.py:183} INFO - Processing /home/airflow/.local/lib/python3.8/site-packages/airflow/example_dags/example_nested_branch_dag.py took 0.050 seconds
[2025-01-14T00:06:24.729+0000] {processor.py:161} INFO - Started process (PID=69) to work on /home/airflow/.local/lib/python3.8/site-packages/airflow/example_dags/example_nested_branch_dag.py
[2025-01-14T00:06:24.730+0000] {processor.py:830} INFO - Processing file /home/airflow/.local/lib/python3.8/site-packages/airflow/example_dags/example_nested_branch_dag.py for tasks to queue
[2025-01-14T00:06:24.731+0000] {logging_mixin.py:188} INFO - [2025-01-14T00:06:24.731+0000] {dagbag.py:538} INFO - Filling up the DagBag from /home/airflow/.local/lib/python3.8/site-packages/airflow/example_dags/example_nested_branch_dag.py
[2025-01-14T00:06:24.739+0000] {processor.py:840} INFO - DAG(s) 'example_nested_branch_dag' retrieved from /home/airflow/.local/lib/python3.8/site-packages/airflow/example_dags/example_nested_branch_dag.py
[2025-01-14T00:06:24.750+0000] {logging_mixin.py:188} INFO - [2025-01-14T00:06:24.750+0000] {dag.py:3036} INFO - Sync 1 DAGs
[2025-01-14T00:06:24.775+0000] {logging_mixin.py:188} INFO - [2025-01-14T00:06:24.775+0000] {dag.py:3823} INFO - Setting next_dagrun for example_nested_branch_dag to 2025-01-13 00:00:00+00:00, run_after=2025-01-14 00:00:00+00:00
[2025-01-14T00:06:24.791+0000] {processor.py:183} INFO - Processing /home/airflow/.local/lib/python3.8/site-packages/airflow/example_dags/example_nested_branch_dag.py took 0.064 seconds
[2025-01-14T00:06:55.475+0000] {processor.py:161} INFO - Started process (PID=128) to work on /home/airflow/.local/lib/python3.8/site-packages/airflow/example_dags/example_nested_branch_dag.py
[2025-01-14T00:06:55.475+0000] {processor.py:830} INFO - Processing file /home/airflow/.local/lib/python3.8/site-packages/airflow/example_dags/example_nested_branch_dag.py for tasks to queue
[2025-01-14T00:06:55.476+0000] {logging_mixin.py:188} INFO - [2025-01-14T00:06:55.476+0000] {dagbag.py:538} INFO - Filling up the DagBag from /home/airflow/.local/lib/python3.8/site-packages/airflow/example_dags/example_nested_branch_dag.py
[2025-01-14T00:06:55.482+0000] {processor.py:840} INFO - DAG(s) 'example_nested_branch_dag' retrieved from /home/airflow/.local/lib/python3.8/site-packages/airflow/example_dags/example_nested_branch_dag.py
[2025-01-14T00:06:55.546+0000] {logging_mixin.py:188} INFO - [2025-01-14T00:06:55.545+0000] {dag.py:3036} INFO - Sync 1 DAGs
[2025-01-14T00:06:55.558+0000] {logging_mixin.py:188} INFO - [2025-01-14T00:06:55.558+0000] {dag.py:3823} INFO - Setting next_dagrun for example_nested_branch_dag to 2025-01-13 00:00:00+00:00, run_after=2025-01-14 00:00:00+00:00
[2025-01-14T00:06:55.571+0000] {processor.py:183} INFO - Processing /home/airflow/.local/lib/python3.8/site-packages/airflow/example_dags/example_nested_branch_dag.py took 0.098 seconds
[2025-01-14T00:07:26.172+0000] {processor.py:161} INFO - Started process (PID=187) to work on /home/airflow/.local/lib/python3.8/site-packages/airflow/example_dags/example_nested_branch_dag.py
[2025-01-14T00:07:26.173+0000] {processor.py:830} INFO - Processing file /home/airflow/.local/lib/python3.8/site-packages/airflow/example_dags/example_nested_branch_dag.py for tasks to queue
[2025-01-14T00:07:26.174+0000] {logging_mixin.py:188} INFO - [2025-01-14T00:07:26.174+0000] {dagbag.py:538} INFO - Filling up the DagBag from /home/airflow/.local/lib/python3.8/site-packages/airflow/example_dags/example_nested_branch_dag.py
[2025-01-14T00:07:26.180+0000] {processor.py:840} INFO - DAG(s) 'example_nested_branch_dag' retrieved from /home/airflow/.local/lib/python3.8/site-packages/airflow/example_dags/example_nested_branch_dag.py
[2025-01-14T00:07:26.194+0000] {logging_mixin.py:188} INFO - [2025-01-14T00:07:26.193+0000] {dag.py:3036} INFO - Sync 1 DAGs
[2025-01-14T00:07:26.213+0000] {logging_mixin.py:188} INFO - [2025-01-14T00:07:26.213+0000] {dag.py:3823} INFO - Setting next_dagrun for example_nested_branch_dag to 2025-01-13 00:00:00+00:00, run_after=2025-01-14 00:00:00+00:00
[2025-01-14T00:07:26.227+0000] {processor.py:183} INFO - Processing /home/airflow/.local/lib/python3.8/site-packages/airflow/example_dags/example_nested_branch_dag.py took 0.056 seconds
[2025-01-14T00:07:56.433+0000] {processor.py:161} INFO - Started process (PID=246) to work on /home/airflow/.local/lib/python3.8/site-packages/airflow/example_dags/example_nested_branch_dag.py
[2025-01-14T00:07:56.434+0000] {processor.py:830} INFO - Processing file /home/airflow/.local/lib/python3.8/site-packages/airflow/example_dags/example_nested_branch_dag.py for tasks to queue
[2025-01-14T00:07:56.435+0000] {logging_mixin.py:188} INFO - [2025-01-14T00:07:56.434+0000] {dagbag.py:538} INFO - Filling up the DagBag from /home/airflow/.local/lib/python3.8/site-packages/airflow/example_dags/example_nested_branch_dag.py
[2025-01-14T00:07:56.440+0000] {processor.py:840} INFO - DAG(s) 'example_nested_branch_dag' retrieved from /home/airflow/.local/lib/python3.8/site-packages/airflow/example_dags/example_nested_branch_dag.py
[2025-01-14T00:07:56.454+0000] {logging_mixin.py:188} INFO - [2025-01-14T00:07:56.454+0000] {dag.py:3036} INFO - Sync 1 DAGs
[2025-01-14T00:07:56.468+0000] {logging_mixin.py:188} INFO - [2025-01-14T00:07:56.468+0000] {dag.py:3823} INFO - Setting next_dagrun for example_nested_branch_dag to 2025-01-13 00:00:00+00:00, run_after=2025-01-14 00:00:00+00:00
[2025-01-14T00:07:56.480+0000] {processor.py:183} INFO - Processing /home/airflow/.local/lib/python3.8/site-packages/airflow/example_dags/example_nested_branch_dag.py took 0.049 seconds
[2025-01-14T00:08:26.754+0000] {processor.py:161} INFO - Started process (PID=305) to work on /home/airflow/.local/lib/python3.8/site-packages/airflow/example_dags/example_nested_branch_dag.py
[2025-01-14T00:08:26.754+0000] {processor.py:830} INFO - Processing file /home/airflow/.local/lib/python3.8/site-packages/airflow/example_dags/example_nested_branch_dag.py for tasks to queue
[2025-01-14T00:08:26.755+0000] {logging_mixin.py:188} INFO - [2025-01-14T00:08:26.755+0000] {dagbag.py:538} INFO - Filling up the DagBag from /home/airflow/.local/lib/python3.8/site-packages/airflow/example_dags/example_nested_branch_dag.py
[2025-01-14T00:08:26.762+0000] {processor.py:840} INFO - DAG(s) 'example_nested_branch_dag' retrieved from /home/airflow/.local/lib/python3.8/site-packages/airflow/example_dags/example_nested_branch_dag.py
[2025-01-14T00:08:26.779+0000] {logging_mixin.py:188} INFO - [2025-01-14T00:08:26.779+0000] {dag.py:3036} INFO - Sync 1 DAGs
[2025-01-14T00:08:26.796+0000] {logging_mixin.py:188} INFO - [2025-01-14T00:08:26.796+0000] {dag.py:3823} INFO - Setting next_dagrun for example_nested_branch_dag to 2025-01-13 00:00:00+00:00, run_after=2025-01-14 00:00:00+00:00
[2025-01-14T00:08:26.812+0000] {processor.py:183} INFO - Processing /home/airflow/.local/lib/python3.8/site-packages/airflow/example_dags/example_nested_branch_dag.py took 0.061 seconds
[2025-01-14T00:08:56.956+0000] {processor.py:161} INFO - Started process (PID=364) to work on /home/airflow/.local/lib/python3.8/site-packages/airflow/example_dags/example_nested_branch_dag.py
[2025-01-14T00:08:56.957+0000] {processor.py:830} INFO - Processing file /home/airflow/.local/lib/python3.8/site-packages/airflow/example_dags/example_nested_branch_dag.py for tasks to queue
[2025-01-14T00:08:56.958+0000] {logging_mixin.py:188} INFO - [2025-01-14T00:08:56.958+0000] {dagbag.py:538} INFO - Filling up the DagBag from /home/airflow/.local/lib/python3.8/site-packages/airflow/example_dags/example_nested_branch_dag.py
[2025-01-14T00:08:56.968+0000] {processor.py:840} INFO - DAG(s) 'example_nested_branch_dag' retrieved from /home/airflow/.local/lib/python3.8/site-packages/airflow/example_dags/example_nested_branch_dag.py
[2025-01-14T00:08:56.984+0000] {logging_mixin.py:188} INFO - [2025-01-14T00:08:56.984+0000] {dag.py:3036} INFO - Sync 1 DAGs
[2025-01-14T00:08:57.000+0000] {logging_mixin.py:188} INFO - [2025-01-14T00:08:56.999+0000] {dag.py:3823} INFO - Setting next_dagrun for example_nested_branch_dag to 2025-01-13 00:00:00+00:00, run_after=2025-01-14 00:00:00+00:00
[2025-01-14T00:08:57.014+0000] {processor.py:183} INFO - Processing /home/airflow/.local/lib/python3.8/site-packages/airflow/example_dags/example_nested_branch_dag.py took 0.061 seconds
[2025-01-14T00:09:27.361+0000] {processor.py:161} INFO - Started process (PID=423) to work on /home/airflow/.local/lib/python3.8/site-packages/airflow/example_dags/example_nested_branch_dag.py
[2025-01-14T00:09:27.362+0000] {processor.py:830} INFO - Processing file /home/airflow/.local/lib/python3.8/site-packages/airflow/example_dags/example_nested_branch_dag.py for tasks to queue
[2025-01-14T00:09:27.363+0000] {logging_mixin.py:188} INFO - [2025-01-14T00:09:27.363+0000] {dagbag.py:538} INFO - Filling up the DagBag from /home/airflow/.local/lib/python3.8/site-packages/airflow/example_dags/example_nested_branch_dag.py
[2025-01-14T00:09:27.369+0000] {processor.py:840} INFO - DAG(s) 'example_nested_branch_dag' retrieved from /home/airflow/.local/lib/python3.8/site-packages/airflow/example_dags/example_nested_branch_dag.py
[2025-01-14T00:09:27.383+0000] {logging_mixin.py:188} INFO - [2025-01-14T00:09:27.383+0000] {dag.py:3036} INFO - Sync 1 DAGs
[2025-01-14T00:09:27.396+0000] {logging_mixin.py:188} INFO - [2025-01-14T00:09:27.396+0000] {dag.py:3823} INFO - Setting next_dagrun for example_nested_branch_dag to 2025-01-13 00:00:00+00:00, run_after=2025-01-14 00:00:00+00:00
[2025-01-14T00:09:27.409+0000] {processor.py:183} INFO - Processing /home/airflow/.local/lib/python3.8/site-packages/airflow/example_dags/example_nested_branch_dag.py took 0.049 seconds
[2025-01-14T00:09:58.392+0000] {processor.py:161} INFO - Started process (PID=482) to work on /home/airflow/.local/lib/python3.8/site-packages/airflow/example_dags/example_nested_branch_dag.py
[2025-01-14T00:09:58.393+0000] {processor.py:830} INFO - Processing file /home/airflow/.local/lib/python3.8/site-packages/airflow/example_dags/example_nested_branch_dag.py for tasks to queue
[2025-01-14T00:09:58.395+0000] {logging_mixin.py:188} INFO - [2025-01-14T00:09:58.394+0000] {dagbag.py:538} INFO - Filling up the DagBag from /home/airflow/.local/lib/python3.8/site-packages/airflow/example_dags/example_nested_branch_dag.py
[2025-01-14T00:09:58.401+0000] {processor.py:840} INFO - DAG(s) 'example_nested_branch_dag' retrieved from /home/airflow/.local/lib/python3.8/site-packages/airflow/example_dags/example_nested_branch_dag.py
[2025-01-14T00:09:58.416+0000] {logging_mixin.py:188} INFO - [2025-01-14T00:09:58.416+0000] {dag.py:3036} INFO - Sync 1 DAGs
[2025-01-14T00:09:58.434+0000] {logging_mixin.py:188} INFO - [2025-01-14T00:09:58.434+0000] {dag.py:3823} INFO - Setting next_dagrun for example_nested_branch_dag to 2025-01-13 00:00:00+00:00, run_after=2025-01-14 00:00:00+00:00
[2025-01-14T00:09:58.448+0000] {processor.py:183} INFO - Processing /home/airflow/.local/lib/python3.8/site-packages/airflow/example_dags/example_nested_branch_dag.py took 0.058 seconds
[2025-01-14T00:10:29.747+0000] {processor.py:161} INFO - Started process (PID=541) to work on /home/airflow/.local/lib/python3.8/site-packages/airflow/example_dags/example_nested_branch_dag.py
[2025-01-14T00:10:29.747+0000] {processor.py:830} INFO - Processing file /home/airflow/.local/lib/python3.8/site-packages/airflow/example_dags/example_nested_branch_dag.py for tasks to queue
[2025-01-14T00:10:29.748+0000] {logging_mixin.py:188} INFO - [2025-01-14T00:10:29.748+0000] {dagbag.py:538} INFO - Filling up the DagBag from /home/airflow/.local/lib/python3.8/site-packages/airflow/example_dags/example_nested_branch_dag.py
[2025-01-14T00:10:29.754+0000] {processor.py:840} INFO - DAG(s) 'example_nested_branch_dag' retrieved from /home/airflow/.local/lib/python3.8/site-packages/airflow/example_dags/example_nested_branch_dag.py
[2025-01-14T00:10:29.767+0000] {logging_mixin.py:188} INFO - [2025-01-14T00:10:29.767+0000] {dag.py:3036} INFO - Sync 1 DAGs
[2025-01-14T00:10:29.781+0000] {logging_mixin.py:188} INFO - [2025-01-14T00:10:29.781+0000] {dag.py:3823} INFO - Setting next_dagrun for example_nested_branch_dag to 2025-01-13 00:00:00+00:00, run_after=2025-01-14 00:00:00+00:00
[2025-01-14T00:10:29.795+0000] {processor.py:183} INFO - Processing /home/airflow/.local/lib/python3.8/site-packages/airflow/example_dags/example_nested_branch_dag.py took 0.050 seconds
[2025-01-14T00:11:00.819+0000] {processor.py:161} INFO - Started process (PID=600) to work on /home/airflow/.local/lib/python3.8/site-packages/airflow/example_dags/example_nested_branch_dag.py
[2025-01-14T00:11:00.820+0000] {processor.py:830} INFO - Processing file /home/airflow/.local/lib/python3.8/site-packages/airflow/example_dags/example_nested_branch_dag.py for tasks to queue
[2025-01-14T00:11:00.822+0000] {logging_mixin.py:188} INFO - [2025-01-14T00:11:00.821+0000] {dagbag.py:538} INFO - Filling up the DagBag from /home/airflow/.local/lib/python3.8/site-packages/airflow/example_dags/example_nested_branch_dag.py
[2025-01-14T00:11:00.829+0000] {processor.py:840} INFO - DAG(s) 'example_nested_branch_dag' retrieved from /home/airflow/.local/lib/python3.8/site-packages/airflow/example_dags/example_nested_branch_dag.py
[2025-01-14T00:11:00.844+0000] {logging_mixin.py:188} INFO - [2025-01-14T00:11:00.844+0000] {dag.py:3036} INFO - Sync 1 DAGs
[2025-01-14T00:11:00.862+0000] {logging_mixin.py:188} INFO - [2025-01-14T00:11:00.861+0000] {dag.py:3823} INFO - Setting next_dagrun for example_nested_branch_dag to 2025-01-13 00:00:00+00:00, run_after=2025-01-14 00:00:00+00:00
[2025-01-14T00:11:00.875+0000] {processor.py:183} INFO - Processing /home/airflow/.local/lib/python3.8/site-packages/airflow/example_dags/example_nested_branch_dag.py took 0.058 seconds
[2025-01-14T00:11:32.093+0000] {processor.py:161} INFO - Started process (PID=659) to work on /home/airflow/.local/lib/python3.8/site-packages/airflow/example_dags/example_nested_branch_dag.py
[2025-01-14T00:11:32.094+0000] {processor.py:830} INFO - Processing file /home/airflow/.local/lib/python3.8/site-packages/airflow/example_dags/example_nested_branch_dag.py for tasks to queue
[2025-01-14T00:11:32.095+0000] {logging_mixin.py:188} INFO - [2025-01-14T00:11:32.095+0000] {dagbag.py:538} INFO - Filling up the DagBag from /home/airflow/.local/lib/python3.8/site-packages/airflow/example_dags/example_nested_branch_dag.py
[2025-01-14T00:11:32.101+0000] {processor.py:840} INFO - DAG(s) 'example_nested_branch_dag' retrieved from /home/airflow/.local/lib/python3.8/site-packages/airflow/example_dags/example_nested_branch_dag.py
[2025-01-14T00:11:32.115+0000] {logging_mixin.py:188} INFO - [2025-01-14T00:11:32.115+0000] {dag.py:3036} INFO - Sync 1 DAGs
[2025-01-14T00:11:32.128+0000] {logging_mixin.py:188} INFO - [2025-01-14T00:11:32.128+0000] {dag.py:3823} INFO - Setting next_dagrun for example_nested_branch_dag to 2025-01-13 00:00:00+00:00, run_after=2025-01-14 00:00:00+00:00
[2025-01-14T00:11:32.141+0000] {processor.py:183} INFO - Processing /home/airflow/.local/lib/python3.8/site-packages/airflow/example_dags/example_nested_branch_dag.py took 0.049 seconds
[2025-01-14T00:12:03.389+0000] {processor.py:161} INFO - Started process (PID=718) to work on /home/airflow/.local/lib/python3.8/site-packages/airflow/example_dags/example_nested_branch_dag.py
[2025-01-14T00:12:03.389+0000] {processor.py:830} INFO - Processing file /home/airflow/.local/lib/python3.8/site-packages/airflow/example_dags/example_nested_branch_dag.py for tasks to queue
[2025-01-14T00:12:03.390+0000] {logging_mixin.py:188} INFO - [2025-01-14T00:12:03.390+0000] {dagbag.py:538} INFO - Filling up the DagBag from /home/airflow/.local/lib/python3.8/site-packages/airflow/example_dags/example_nested_branch_dag.py
[2025-01-14T00:12:03.396+0000] {processor.py:840} INFO - DAG(s) 'example_nested_branch_dag' retrieved from /home/airflow/.local/lib/python3.8/site-packages/airflow/example_dags/example_nested_branch_dag.py
[2025-01-14T00:12:03.410+0000] {logging_mixin.py:188} INFO - [2025-01-14T00:12:03.410+0000] {dag.py:3036} INFO - Sync 1 DAGs
[2025-01-14T00:12:03.425+0000] {logging_mixin.py:188} INFO - [2025-01-14T00:12:03.425+0000] {dag.py:3823} INFO - Setting next_dagrun for example_nested_branch_dag to 2025-01-13 00:00:00+00:00, run_after=2025-01-14 00:00:00+00:00
[2025-01-14T00:12:03.438+0000] {processor.py:183} INFO - Processing /home/airflow/.local/lib/python3.8/site-packages/airflow/example_dags/example_nested_branch_dag.py took 0.052 seconds
[2025-01-14T00:12:34.573+0000] {processor.py:161} INFO - Started process (PID=777) to work on /home/airflow/.local/lib/python3.8/site-packages/airflow/example_dags/example_nested_branch_dag.py
[2025-01-14T00:12:34.574+0000] {processor.py:830} INFO - Processing file /home/airflow/.local/lib/python3.8/site-packages/airflow/example_dags/example_nested_branch_dag.py for tasks to queue
[2025-01-14T00:12:34.575+0000] {logging_mixin.py:188} INFO - [2025-01-14T00:12:34.575+0000] {dagbag.py:538} INFO - Filling up the DagBag from /home/airflow/.local/lib/python3.8/site-packages/airflow/example_dags/example_nested_branch_dag.py
[2025-01-14T00:12:34.581+0000] {processor.py:840} INFO - DAG(s) 'example_nested_branch_dag' retrieved from /home/airflow/.local/lib/python3.8/site-packages/airflow/example_dags/example_nested_branch_dag.py
[2025-01-14T00:12:34.595+0000] {logging_mixin.py:188} INFO - [2025-01-14T00:12:34.594+0000] {dag.py:3036} INFO - Sync 1 DAGs
[2025-01-14T00:12:34.609+0000] {logging_mixin.py:188} INFO - [2025-01-14T00:12:34.609+0000] {dag.py:3823} INFO - Setting next_dagrun for example_nested_branch_dag to 2025-01-13 00:00:00+00:00, run_after=2025-01-14 00:00:00+00:00
[2025-01-14T00:12:34.621+0000] {processor.py:183} INFO - Processing /home/airflow/.local/lib/python3.8/site-packages/airflow/example_dags/example_nested_branch_dag.py took 0.050 seconds
[2025-01-14T00:13:05.662+0000] {processor.py:161} INFO - Started process (PID=836) to work on /home/airflow/.local/lib/python3.8/site-packages/airflow/example_dags/example_nested_branch_dag.py
[2025-01-14T00:13:05.662+0000] {processor.py:830} INFO - Processing file /home/airflow/.local/lib/python3.8/site-packages/airflow/example_dags/example_nested_branch_dag.py for tasks to queue
[2025-01-14T00:13:05.663+0000] {logging_mixin.py:188} INFO - [2025-01-14T00:13:05.663+0000] {dagbag.py:538} INFO - Filling up the DagBag from /home/airflow/.local/lib/python3.8/site-packages/airflow/example_dags/example_nested_branch_dag.py
[2025-01-14T00:13:05.669+0000] {processor.py:840} INFO - DAG(s) 'example_nested_branch_dag' retrieved from /home/airflow/.local/lib/python3.8/site-packages/airflow/example_dags/example_nested_branch_dag.py
[2025-01-14T00:13:05.684+0000] {logging_mixin.py:188} INFO - [2025-01-14T00:13:05.683+0000] {dag.py:3036} INFO - Sync 1 DAGs
[2025-01-14T00:13:05.700+0000] {logging_mixin.py:188} INFO - [2025-01-14T00:13:05.699+0000] {dag.py:3823} INFO - Setting next_dagrun for example_nested_branch_dag to 2025-01-13 00:00:00+00:00, run_after=2025-01-14 00:00:00+00:00
[2025-01-14T00:13:05.714+0000] {processor.py:183} INFO - Processing /home/airflow/.local/lib/python3.8/site-packages/airflow/example_dags/example_nested_branch_dag.py took 0.055 seconds
[2025-01-14T00:13:36.772+0000] {processor.py:161} INFO - Started process (PID=895) to work on /home/airflow/.local/lib/python3.8/site-packages/airflow/example_dags/example_nested_branch_dag.py
[2025-01-14T00:13:36.773+0000] {processor.py:830} INFO - Processing file /home/airflow/.local/lib/python3.8/site-packages/airflow/example_dags/example_nested_branch_dag.py for tasks to queue
[2025-01-14T00:13:36.774+0000] {logging_mixin.py:188} INFO - [2025-01-14T00:13:36.774+0000] {dagbag.py:538} INFO - Filling up the DagBag from /home/airflow/.local/lib/python3.8/site-packages/airflow/example_dags/example_nested_branch_dag.py
[2025-01-14T00:13:36.780+0000] {processor.py:840} INFO - DAG(s) 'example_nested_branch_dag' retrieved from /home/airflow/.local/lib/python3.8/site-packages/airflow/example_dags/example_nested_branch_dag.py
[2025-01-14T00:13:36.795+0000] {logging_mixin.py:188} INFO - [2025-01-14T00:13:36.795+0000] {dag.py:3036} INFO - Sync 1 DAGs
[2025-01-14T00:13:36.812+0000] {logging_mixin.py:188} INFO - [2025-01-14T00:13:36.812+0000] {dag.py:3823} INFO - Setting next_dagrun for example_nested_branch_dag to 2025-01-13 00:00:00+00:00, run_after=2025-01-14 00:00:00+00:00
[2025-01-14T00:13:36.826+0000] {processor.py:183} INFO - Processing /home/airflow/.local/lib/python3.8/site-packages/airflow/example_dags/example_nested_branch_dag.py took 0.056 seconds
[2025-01-14T00:14:07.089+0000] {processor.py:161} INFO - Started process (PID=954) to work on /home/airflow/.local/lib/python3.8/site-packages/airflow/example_dags/example_nested_branch_dag.py
[2025-01-14T00:14:07.089+0000] {processor.py:830} INFO - Processing file /home/airflow/.local/lib/python3.8/site-packages/airflow/example_dags/example_nested_branch_dag.py for tasks to queue
[2025-01-14T00:14:07.090+0000] {logging_mixin.py:188} INFO - [2025-01-14T00:14:07.090+0000] {dagbag.py:538} INFO - Filling up the DagBag from /home/airflow/.local/lib/python3.8/site-packages/airflow/example_dags/example_nested_branch_dag.py
[2025-01-14T00:14:07.097+0000] {processor.py:840} INFO - DAG(s) 'example_nested_branch_dag' retrieved from /home/airflow/.local/lib/python3.8/site-packages/airflow/example_dags/example_nested_branch_dag.py
[2025-01-14T00:14:07.111+0000] {logging_mixin.py:188} INFO - [2025-01-14T00:14:07.111+0000] {dag.py:3036} INFO - Sync 1 DAGs
[2025-01-14T00:14:07.126+0000] {logging_mixin.py:188} INFO - [2025-01-14T00:14:07.126+0000] {dag.py:3823} INFO - Setting next_dagrun for example_nested_branch_dag to 2025-01-13 00:00:00+00:00, run_after=2025-01-14 00:00:00+00:00
[2025-01-14T00:14:07.141+0000] {processor.py:183} INFO - Processing /home/airflow/.local/lib/python3.8/site-packages/airflow/example_dags/example_nested_branch_dag.py took 0.054 seconds
[2025-01-14T00:14:38.405+0000] {processor.py:161} INFO - Started process (PID=1013) to work on /home/airflow/.local/lib/python3.8/site-packages/airflow/example_dags/example_nested_branch_dag.py
[2025-01-14T00:14:38.406+0000] {processor.py:830} INFO - Processing file /home/airflow/.local/lib/python3.8/site-packages/airflow/example_dags/example_nested_branch_dag.py for tasks to queue
[2025-01-14T00:14:38.407+0000] {logging_mixin.py:188} INFO - [2025-01-14T00:14:38.407+0000] {dagbag.py:538} INFO - Filling up the DagBag from /home/airflow/.local/lib/python3.8/site-packages/airflow/example_dags/example_nested_branch_dag.py
[2025-01-14T00:14:38.415+0000] {processor.py:840} INFO - DAG(s) 'example_nested_branch_dag' retrieved from /home/airflow/.local/lib/python3.8/site-packages/airflow/example_dags/example_nested_branch_dag.py
[2025-01-14T00:14:38.428+0000] {logging_mixin.py:188} INFO - [2025-01-14T00:14:38.428+0000] {dag.py:3036} INFO - Sync 1 DAGs
[2025-01-14T00:14:38.441+0000] {logging_mixin.py:188} INFO - [2025-01-14T00:14:38.441+0000] {dag.py:3823} INFO - Setting next_dagrun for example_nested_branch_dag to 2025-01-13 00:00:00+00:00, run_after=2025-01-14 00:00:00+00:00
[2025-01-14T00:14:38.454+0000] {processor.py:183} INFO - Processing /home/airflow/.local/lib/python3.8/site-packages/airflow/example_dags/example_nested_branch_dag.py took 0.051 seconds
[2025-01-14T00:15:09.520+0000] {processor.py:161} INFO - Started process (PID=1072) to work on /home/airflow/.local/lib/python3.8/site-packages/airflow/example_dags/example_nested_branch_dag.py
[2025-01-14T00:15:09.521+0000] {processor.py:830} INFO - Processing file /home/airflow/.local/lib/python3.8/site-packages/airflow/example_dags/example_nested_branch_dag.py for tasks to queue
[2025-01-14T00:15:09.522+0000] {logging_mixin.py:188} INFO - [2025-01-14T00:15:09.522+0000] {dagbag.py:538} INFO - Filling up the DagBag from /home/airflow/.local/lib/python3.8/site-packages/airflow/example_dags/example_nested_branch_dag.py
[2025-01-14T00:15:09.529+0000] {processor.py:840} INFO - DAG(s) 'example_nested_branch_dag' retrieved from /home/airflow/.local/lib/python3.8/site-packages/airflow/example_dags/example_nested_branch_dag.py
[2025-01-14T00:15:09.545+0000] {logging_mixin.py:188} INFO - [2025-01-14T00:15:09.545+0000] {dag.py:3036} INFO - Sync 1 DAGs
[2025-01-14T00:15:09.564+0000] {logging_mixin.py:188} INFO - [2025-01-14T00:15:09.564+0000] {dag.py:3823} INFO - Setting next_dagrun for example_nested_branch_dag to 2025-01-13 00:00:00+00:00, run_after=2025-01-14 00:00:00+00:00
[2025-01-14T00:15:09.577+0000] {processor.py:183} INFO - Processing /home/airflow/.local/lib/python3.8/site-packages/airflow/example_dags/example_nested_branch_dag.py took 0.060 seconds
[2025-01-14T00:15:40.785+0000] {processor.py:161} INFO - Started process (PID=1131) to work on /home/airflow/.local/lib/python3.8/site-packages/airflow/example_dags/example_nested_branch_dag.py
[2025-01-14T00:15:40.786+0000] {processor.py:830} INFO - Processing file /home/airflow/.local/lib/python3.8/site-packages/airflow/example_dags/example_nested_branch_dag.py for tasks to queue
[2025-01-14T00:15:40.787+0000] {logging_mixin.py:188} INFO - [2025-01-14T00:15:40.787+0000] {dagbag.py:538} INFO - Filling up the DagBag from /home/airflow/.local/lib/python3.8/site-packages/airflow/example_dags/example_nested_branch_dag.py
[2025-01-14T00:15:40.793+0000] {processor.py:840} INFO - DAG(s) 'example_nested_branch_dag' retrieved from /home/airflow/.local/lib/python3.8/site-packages/airflow/example_dags/example_nested_branch_dag.py
[2025-01-14T00:15:40.808+0000] {logging_mixin.py:188} INFO - [2025-01-14T00:15:40.807+0000] {dag.py:3036} INFO - Sync 1 DAGs
[2025-01-14T00:15:40.823+0000] {logging_mixin.py:188} INFO - [2025-01-14T00:15:40.823+0000] {dag.py:3823} INFO - Setting next_dagrun for example_nested_branch_dag to 2025-01-13 00:00:00+00:00, run_after=2025-01-14 00:00:00+00:00
[2025-01-14T00:15:40.836+0000] {processor.py:183} INFO - Processing /home/airflow/.local/lib/python3.8/site-packages/airflow/example_dags/example_nested_branch_dag.py took 0.053 seconds
[2025-01-14T00:16:12.136+0000] {processor.py:161} INFO - Started process (PID=1190) to work on /home/airflow/.local/lib/python3.8/site-packages/airflow/example_dags/example_nested_branch_dag.py
[2025-01-14T00:16:12.136+0000] {processor.py:830} INFO - Processing file /home/airflow/.local/lib/python3.8/site-packages/airflow/example_dags/example_nested_branch_dag.py for tasks to queue
[2025-01-14T00:16:12.138+0000] {logging_mixin.py:188} INFO - [2025-01-14T00:16:12.137+0000] {dagbag.py:538} INFO - Filling up the DagBag from /home/airflow/.local/lib/python3.8/site-packages/airflow/example_dags/example_nested_branch_dag.py
[2025-01-14T00:16:12.144+0000] {processor.py:840} INFO - DAG(s) 'example_nested_branch_dag' retrieved from /home/airflow/.local/lib/python3.8/site-packages/airflow/example_dags/example_nested_branch_dag.py
[2025-01-14T00:16:12.158+0000] {logging_mixin.py:188} INFO - [2025-01-14T00:16:12.158+0000] {dag.py:3036} INFO - Sync 1 DAGs
[2025-01-14T00:16:12.172+0000] {logging_mixin.py:188} INFO - [2025-01-14T00:16:12.171+0000] {dag.py:3823} INFO - Setting next_dagrun for example_nested_branch_dag to 2025-01-13 00:00:00+00:00, run_after=2025-01-14 00:00:00+00:00
[2025-01-14T00:16:12.184+0000] {processor.py:183} INFO - Processing /home/airflow/.local/lib/python3.8/site-packages/airflow/example_dags/example_nested_branch_dag.py took 0.050 seconds
[2025-01-14T00:16:43.321+0000] {processor.py:161} INFO - Started process (PID=1255) to work on /home/airflow/.local/lib/python3.8/site-packages/airflow/example_dags/example_nested_branch_dag.py
[2025-01-14T00:16:43.322+0000] {processor.py:830} INFO - Processing file /home/airflow/.local/lib/python3.8/site-packages/airflow/example_dags/example_nested_branch_dag.py for tasks to queue
[2025-01-14T00:16:43.323+0000] {logging_mixin.py:188} INFO - [2025-01-14T00:16:43.323+0000] {dagbag.py:538} INFO - Filling up the DagBag from /home/airflow/.local/lib/python3.8/site-packages/airflow/example_dags/example_nested_branch_dag.py
[2025-01-14T00:16:43.329+0000] {processor.py:840} INFO - DAG(s) 'example_nested_branch_dag' retrieved from /home/airflow/.local/lib/python3.8/site-packages/airflow/example_dags/example_nested_branch_dag.py
[2025-01-14T00:16:43.343+0000] {logging_mixin.py:188} INFO - [2025-01-14T00:16:43.342+0000] {dag.py:3036} INFO - Sync 1 DAGs
[2025-01-14T00:16:43.356+0000] {logging_mixin.py:188} INFO - [2025-01-14T00:16:43.356+0000] {dag.py:3823} INFO - Setting next_dagrun for example_nested_branch_dag to 2025-01-13 00:00:00+00:00, run_after=2025-01-14 00:00:00+00:00
[2025-01-14T00:16:43.370+0000] {processor.py:183} INFO - Processing /home/airflow/.local/lib/python3.8/site-packages/airflow/example_dags/example_nested_branch_dag.py took 0.050 seconds
[2025-01-14T00:17:14.466+0000] {processor.py:161} INFO - Started process (PID=1314) to work on /home/airflow/.local/lib/python3.8/site-packages/airflow/example_dags/example_nested_branch_dag.py
[2025-01-14T00:17:14.467+0000] {processor.py:830} INFO - Processing file /home/airflow/.local/lib/python3.8/site-packages/airflow/example_dags/example_nested_branch_dag.py for tasks to queue
[2025-01-14T00:17:14.468+0000] {logging_mixin.py:188} INFO - [2025-01-14T00:17:14.467+0000] {dagbag.py:538} INFO - Filling up the DagBag from /home/airflow/.local/lib/python3.8/site-packages/airflow/example_dags/example_nested_branch_dag.py
[2025-01-14T00:17:14.474+0000] {processor.py:840} INFO - DAG(s) 'example_nested_branch_dag' retrieved from /home/airflow/.local/lib/python3.8/site-packages/airflow/example_dags/example_nested_branch_dag.py
[2025-01-14T00:17:14.487+0000] {logging_mixin.py:188} INFO - [2025-01-14T00:17:14.487+0000] {dag.py:3036} INFO - Sync 1 DAGs
[2025-01-14T00:17:14.500+0000] {logging_mixin.py:188} INFO - [2025-01-14T00:17:14.500+0000] {dag.py:3823} INFO - Setting next_dagrun for example_nested_branch_dag to 2025-01-13 00:00:00+00:00, run_after=2025-01-14 00:00:00+00:00
[2025-01-14T00:17:14.513+0000] {processor.py:183} INFO - Processing /home/airflow/.local/lib/python3.8/site-packages/airflow/example_dags/example_nested_branch_dag.py took 0.049 seconds
[2025-01-14T00:17:45.581+0000] {processor.py:161} INFO - Started process (PID=1373) to work on /home/airflow/.local/lib/python3.8/site-packages/airflow/example_dags/example_nested_branch_dag.py
[2025-01-14T00:17:45.582+0000] {processor.py:830} INFO - Processing file /home/airflow/.local/lib/python3.8/site-packages/airflow/example_dags/example_nested_branch_dag.py for tasks to queue
[2025-01-14T00:17:45.583+0000] {logging_mixin.py:188} INFO - [2025-01-14T00:17:45.582+0000] {dagbag.py:538} INFO - Filling up the DagBag from /home/airflow/.local/lib/python3.8/site-packages/airflow/example_dags/example_nested_branch_dag.py
[2025-01-14T00:17:45.589+0000] {processor.py:840} INFO - DAG(s) 'example_nested_branch_dag' retrieved from /home/airflow/.local/lib/python3.8/site-packages/airflow/example_dags/example_nested_branch_dag.py
[2025-01-14T00:17:45.602+0000] {logging_mixin.py:188} INFO - [2025-01-14T00:17:45.602+0000] {dag.py:3036} INFO - Sync 1 DAGs
[2025-01-14T00:17:45.615+0000] {logging_mixin.py:188} INFO - [2025-01-14T00:17:45.615+0000] {dag.py:3823} INFO - Setting next_dagrun for example_nested_branch_dag to 2025-01-13 00:00:00+00:00, run_after=2025-01-14 00:00:00+00:00
[2025-01-14T00:17:45.627+0000] {processor.py:183} INFO - Processing /home/airflow/.local/lib/python3.8/site-packages/airflow/example_dags/example_nested_branch_dag.py took 0.048 seconds
[2025-01-14T00:18:15.993+0000] {processor.py:161} INFO - Started process (PID=1432) to work on /home/airflow/.local/lib/python3.8/site-packages/airflow/example_dags/example_nested_branch_dag.py
[2025-01-14T00:18:15.995+0000] {processor.py:830} INFO - Processing file /home/airflow/.local/lib/python3.8/site-packages/airflow/example_dags/example_nested_branch_dag.py for tasks to queue
[2025-01-14T00:18:15.996+0000] {logging_mixin.py:188} INFO - [2025-01-14T00:18:15.996+0000] {dagbag.py:538} INFO - Filling up the DagBag from /home/airflow/.local/lib/python3.8/site-packages/airflow/example_dags/example_nested_branch_dag.py
[2025-01-14T00:18:16.004+0000] {processor.py:840} INFO - DAG(s) 'example_nested_branch_dag' retrieved from /home/airflow/.local/lib/python3.8/site-packages/airflow/example_dags/example_nested_branch_dag.py
[2025-01-14T00:18:16.021+0000] {logging_mixin.py:188} INFO - [2025-01-14T00:18:16.020+0000] {dag.py:3036} INFO - Sync 1 DAGs
[2025-01-14T00:18:16.037+0000] {logging_mixin.py:188} INFO - [2025-01-14T00:18:16.037+0000] {dag.py:3823} INFO - Setting next_dagrun for example_nested_branch_dag to 2025-01-13 00:00:00+00:00, run_after=2025-01-14 00:00:00+00:00
[2025-01-14T00:18:16.051+0000] {processor.py:183} INFO - Processing /home/airflow/.local/lib/python3.8/site-packages/airflow/example_dags/example_nested_branch_dag.py took 0.061 seconds
[2025-01-14T00:18:47.185+0000] {processor.py:161} INFO - Started process (PID=1491) to work on /home/airflow/.local/lib/python3.8/site-packages/airflow/example_dags/example_nested_branch_dag.py
[2025-01-14T00:18:47.186+0000] {processor.py:830} INFO - Processing file /home/airflow/.local/lib/python3.8/site-packages/airflow/example_dags/example_nested_branch_dag.py for tasks to queue
[2025-01-14T00:18:47.187+0000] {logging_mixin.py:188} INFO - [2025-01-14T00:18:47.187+0000] {dagbag.py:538} INFO - Filling up the DagBag from /home/airflow/.local/lib/python3.8/site-packages/airflow/example_dags/example_nested_branch_dag.py
[2025-01-14T00:18:47.193+0000] {processor.py:840} INFO - DAG(s) 'example_nested_branch_dag' retrieved from /home/airflow/.local/lib/python3.8/site-packages/airflow/example_dags/example_nested_branch_dag.py
[2025-01-14T00:18:47.207+0000] {logging_mixin.py:188} INFO - [2025-01-14T00:18:47.206+0000] {dag.py:3036} INFO - Sync 1 DAGs
[2025-01-14T00:18:47.220+0000] {logging_mixin.py:188} INFO - [2025-01-14T00:18:47.220+0000] {dag.py:3823} INFO - Setting next_dagrun for example_nested_branch_dag to 2025-01-13 00:00:00+00:00, run_after=2025-01-14 00:00:00+00:00
[2025-01-14T00:18:47.233+0000] {processor.py:183} INFO - Processing /home/airflow/.local/lib/python3.8/site-packages/airflow/example_dags/example_nested_branch_dag.py took 0.049 seconds
[2025-01-14T00:19:18.260+0000] {processor.py:161} INFO - Started process (PID=1550) to work on /home/airflow/.local/lib/python3.8/site-packages/airflow/example_dags/example_nested_branch_dag.py
[2025-01-14T00:19:18.261+0000] {processor.py:830} INFO - Processing file /home/airflow/.local/lib/python3.8/site-packages/airflow/example_dags/example_nested_branch_dag.py for tasks to queue
[2025-01-14T00:19:18.262+0000] {logging_mixin.py:188} INFO - [2025-01-14T00:19:18.262+0000] {dagbag.py:538} INFO - Filling up the DagBag from /home/airflow/.local/lib/python3.8/site-packages/airflow/example_dags/example_nested_branch_dag.py
[2025-01-14T00:19:18.268+0000] {processor.py:840} INFO - DAG(s) 'example_nested_branch_dag' retrieved from /home/airflow/.local/lib/python3.8/site-packages/airflow/example_dags/example_nested_branch_dag.py
[2025-01-14T00:19:18.281+0000] {logging_mixin.py:188} INFO - [2025-01-14T00:19:18.281+0000] {dag.py:3036} INFO - Sync 1 DAGs
[2025-01-14T00:19:18.296+0000] {logging_mixin.py:188} INFO - [2025-01-14T00:19:18.295+0000] {dag.py:3823} INFO - Setting next_dagrun for example_nested_branch_dag to 2025-01-13 00:00:00+00:00, run_after=2025-01-14 00:00:00+00:00
[2025-01-14T00:19:18.309+0000] {processor.py:183} INFO - Processing /home/airflow/.local/lib/python3.8/site-packages/airflow/example_dags/example_nested_branch_dag.py took 0.051 seconds
[2025-01-14T00:19:49.751+0000] {processor.py:161} INFO - Started process (PID=1609) to work on /home/airflow/.local/lib/python3.8/site-packages/airflow/example_dags/example_nested_branch_dag.py
[2025-01-14T00:19:49.752+0000] {processor.py:830} INFO - Processing file /home/airflow/.local/lib/python3.8/site-packages/airflow/example_dags/example_nested_branch_dag.py for tasks to queue
[2025-01-14T00:19:49.753+0000] {logging_mixin.py:188} INFO - [2025-01-14T00:19:49.753+0000] {dagbag.py:538} INFO - Filling up the DagBag from /home/airflow/.local/lib/python3.8/site-packages/airflow/example_dags/example_nested_branch_dag.py
[2025-01-14T00:19:49.759+0000] {processor.py:840} INFO - DAG(s) 'example_nested_branch_dag' retrieved from /home/airflow/.local/lib/python3.8/site-packages/airflow/example_dags/example_nested_branch_dag.py
[2025-01-14T00:19:49.773+0000] {logging_mixin.py:188} INFO - [2025-01-14T00:19:49.773+0000] {dag.py:3036} INFO - Sync 1 DAGs
[2025-01-14T00:19:49.787+0000] {logging_mixin.py:188} INFO - [2025-01-14T00:19:49.787+0000] {dag.py:3823} INFO - Setting next_dagrun for example_nested_branch_dag to 2025-01-13 00:00:00+00:00, run_after=2025-01-14 00:00:00+00:00
[2025-01-14T00:19:49.799+0000] {processor.py:183} INFO - Processing /home/airflow/.local/lib/python3.8/site-packages/airflow/example_dags/example_nested_branch_dag.py took 0.051 seconds
[2025-01-14T00:20:21.294+0000] {processor.py:161} INFO - Started process (PID=1668) to work on /home/airflow/.local/lib/python3.8/site-packages/airflow/example_dags/example_nested_branch_dag.py
[2025-01-14T00:20:21.295+0000] {processor.py:830} INFO - Processing file /home/airflow/.local/lib/python3.8/site-packages/airflow/example_dags/example_nested_branch_dag.py for tasks to queue
[2025-01-14T00:20:21.296+0000] {logging_mixin.py:188} INFO - [2025-01-14T00:20:21.295+0000] {dagbag.py:538} INFO - Filling up the DagBag from /home/airflow/.local/lib/python3.8/site-packages/airflow/example_dags/example_nested_branch_dag.py
[2025-01-14T00:20:21.306+0000] {processor.py:840} INFO - DAG(s) 'example_nested_branch_dag' retrieved from /home/airflow/.local/lib/python3.8/site-packages/airflow/example_dags/example_nested_branch_dag.py
[2025-01-14T00:20:21.322+0000] {logging_mixin.py:188} INFO - [2025-01-14T00:20:21.322+0000] {dag.py:3036} INFO - Sync 1 DAGs
[2025-01-14T00:20:21.337+0000] {logging_mixin.py:188} INFO - [2025-01-14T00:20:21.337+0000] {dag.py:3823} INFO - Setting next_dagrun for example_nested_branch_dag to 2025-01-13 00:00:00+00:00, run_after=2025-01-14 00:00:00+00:00
[2025-01-14T00:20:21.351+0000] {processor.py:183} INFO - Processing /home/airflow/.local/lib/python3.8/site-packages/airflow/example_dags/example_nested_branch_dag.py took 0.060 seconds
[2025-01-14T00:20:51.510+0000] {processor.py:161} INFO - Started process (PID=1727) to work on /home/airflow/.local/lib/python3.8/site-packages/airflow/example_dags/example_nested_branch_dag.py
[2025-01-14T00:20:51.511+0000] {processor.py:830} INFO - Processing file /home/airflow/.local/lib/python3.8/site-packages/airflow/example_dags/example_nested_branch_dag.py for tasks to queue
[2025-01-14T00:20:51.512+0000] {logging_mixin.py:188} INFO - [2025-01-14T00:20:51.512+0000] {dagbag.py:538} INFO - Filling up the DagBag from /home/airflow/.local/lib/python3.8/site-packages/airflow/example_dags/example_nested_branch_dag.py
[2025-01-14T00:20:51.520+0000] {processor.py:840} INFO - DAG(s) 'example_nested_branch_dag' retrieved from /home/airflow/.local/lib/python3.8/site-packages/airflow/example_dags/example_nested_branch_dag.py
[2025-01-14T00:20:51.536+0000] {logging_mixin.py:188} INFO - [2025-01-14T00:20:51.536+0000] {dag.py:3036} INFO - Sync 1 DAGs
[2025-01-14T00:20:51.552+0000] {logging_mixin.py:188} INFO - [2025-01-14T00:20:51.552+0000] {dag.py:3823} INFO - Setting next_dagrun for example_nested_branch_dag to 2025-01-13 00:00:00+00:00, run_after=2025-01-14 00:00:00+00:00
[2025-01-14T00:20:51.569+0000] {processor.py:183} INFO - Processing /home/airflow/.local/lib/python3.8/site-packages/airflow/example_dags/example_nested_branch_dag.py took 0.062 seconds
[2025-01-14T00:21:22.550+0000] {processor.py:161} INFO - Started process (PID=1786) to work on /home/airflow/.local/lib/python3.8/site-packages/airflow/example_dags/example_nested_branch_dag.py
[2025-01-14T00:21:22.551+0000] {processor.py:830} INFO - Processing file /home/airflow/.local/lib/python3.8/site-packages/airflow/example_dags/example_nested_branch_dag.py for tasks to queue
[2025-01-14T00:21:22.552+0000] {logging_mixin.py:188} INFO - [2025-01-14T00:21:22.552+0000] {dagbag.py:538} INFO - Filling up the DagBag from /home/airflow/.local/lib/python3.8/site-packages/airflow/example_dags/example_nested_branch_dag.py
[2025-01-14T00:21:22.558+0000] {processor.py:840} INFO - DAG(s) 'example_nested_branch_dag' retrieved from /home/airflow/.local/lib/python3.8/site-packages/airflow/example_dags/example_nested_branch_dag.py
[2025-01-14T00:21:22.572+0000] {logging_mixin.py:188} INFO - [2025-01-14T00:21:22.571+0000] {dag.py:3036} INFO - Sync 1 DAGs
[2025-01-14T00:21:22.585+0000] {logging_mixin.py:188} INFO - [2025-01-14T00:21:22.585+0000] {dag.py:3823} INFO - Setting next_dagrun for example_nested_branch_dag to 2025-01-13 00:00:00+00:00, run_after=2025-01-14 00:00:00+00:00
[2025-01-14T00:21:22.597+0000] {processor.py:183} INFO - Processing /home/airflow/.local/lib/python3.8/site-packages/airflow/example_dags/example_nested_branch_dag.py took 0.049 seconds
[2025-01-14T00:21:53.949+0000] {processor.py:161} INFO - Started process (PID=1845) to work on /home/airflow/.local/lib/python3.8/site-packages/airflow/example_dags/example_nested_branch_dag.py
[2025-01-14T00:21:53.950+0000] {processor.py:830} INFO - Processing file /home/airflow/.local/lib/python3.8/site-packages/airflow/example_dags/example_nested_branch_dag.py for tasks to queue
[2025-01-14T00:21:53.951+0000] {logging_mixin.py:188} INFO - [2025-01-14T00:21:53.951+0000] {dagbag.py:538} INFO - Filling up the DagBag from /home/airflow/.local/lib/python3.8/site-packages/airflow/example_dags/example_nested_branch_dag.py
[2025-01-14T00:21:53.958+0000] {processor.py:840} INFO - DAG(s) 'example_nested_branch_dag' retrieved from /home/airflow/.local/lib/python3.8/site-packages/airflow/example_dags/example_nested_branch_dag.py
[2025-01-14T00:21:53.973+0000] {logging_mixin.py:188} INFO - [2025-01-14T00:21:53.973+0000] {dag.py:3036} INFO - Sync 1 DAGs
[2025-01-14T00:21:53.987+0000] {logging_mixin.py:188} INFO - [2025-01-14T00:21:53.987+0000] {dag.py:3823} INFO - Setting next_dagrun for example_nested_branch_dag to 2025-01-13 00:00:00+00:00, run_after=2025-01-14 00:00:00+00:00
[2025-01-14T00:21:54.000+0000] {processor.py:183} INFO - Processing /home/airflow/.local/lib/python3.8/site-packages/airflow/example_dags/example_nested_branch_dag.py took 0.053 seconds
[2025-01-14T00:22:25.114+0000] {processor.py:161} INFO - Started process (PID=1904) to work on /home/airflow/.local/lib/python3.8/site-packages/airflow/example_dags/example_nested_branch_dag.py
[2025-01-14T00:22:25.115+0000] {processor.py:830} INFO - Processing file /home/airflow/.local/lib/python3.8/site-packages/airflow/example_dags/example_nested_branch_dag.py for tasks to queue
[2025-01-14T00:22:25.116+0000] {logging_mixin.py:188} INFO - [2025-01-14T00:22:25.116+0000] {dagbag.py:538} INFO - Filling up the DagBag from /home/airflow/.local/lib/python3.8/site-packages/airflow/example_dags/example_nested_branch_dag.py
[2025-01-14T00:22:25.122+0000] {processor.py:840} INFO - DAG(s) 'example_nested_branch_dag' retrieved from /home/airflow/.local/lib/python3.8/site-packages/airflow/example_dags/example_nested_branch_dag.py
[2025-01-14T00:22:25.136+0000] {logging_mixin.py:188} INFO - [2025-01-14T00:22:25.135+0000] {dag.py:3036} INFO - Sync 1 DAGs
[2025-01-14T00:22:25.149+0000] {logging_mixin.py:188} INFO - [2025-01-14T00:22:25.149+0000] {dag.py:3823} INFO - Setting next_dagrun for example_nested_branch_dag to 2025-01-13 00:00:00+00:00, run_after=2025-01-14 00:00:00+00:00
[2025-01-14T00:22:25.161+0000] {processor.py:183} INFO - Processing /home/airflow/.local/lib/python3.8/site-packages/airflow/example_dags/example_nested_branch_dag.py took 0.049 seconds
[2025-01-14T00:22:56.218+0000] {processor.py:161} INFO - Started process (PID=1963) to work on /home/airflow/.local/lib/python3.8/site-packages/airflow/example_dags/example_nested_branch_dag.py
[2025-01-14T00:22:56.218+0000] {processor.py:830} INFO - Processing file /home/airflow/.local/lib/python3.8/site-packages/airflow/example_dags/example_nested_branch_dag.py for tasks to queue
[2025-01-14T00:22:56.220+0000] {logging_mixin.py:188} INFO - [2025-01-14T00:22:56.219+0000] {dagbag.py:538} INFO - Filling up the DagBag from /home/airflow/.local/lib/python3.8/site-packages/airflow/example_dags/example_nested_branch_dag.py
[2025-01-14T00:22:56.225+0000] {processor.py:840} INFO - DAG(s) 'example_nested_branch_dag' retrieved from /home/airflow/.local/lib/python3.8/site-packages/airflow/example_dags/example_nested_branch_dag.py
[2025-01-14T00:22:56.238+0000] {logging_mixin.py:188} INFO - [2025-01-14T00:22:56.238+0000] {dag.py:3036} INFO - Sync 1 DAGs
[2025-01-14T00:22:56.252+0000] {logging_mixin.py:188} INFO - [2025-01-14T00:22:56.252+0000] {dag.py:3823} INFO - Setting next_dagrun for example_nested_branch_dag to 2025-01-13 00:00:00+00:00, run_after=2025-01-14 00:00:00+00:00
[2025-01-14T00:22:56.264+0000] {processor.py:183} INFO - Processing /home/airflow/.local/lib/python3.8/site-packages/airflow/example_dags/example_nested_branch_dag.py took 0.049 seconds
[2025-01-14T00:23:27.423+0000] {processor.py:161} INFO - Started process (PID=2022) to work on /home/airflow/.local/lib/python3.8/site-packages/airflow/example_dags/example_nested_branch_dag.py
[2025-01-14T00:23:27.424+0000] {processor.py:830} INFO - Processing file /home/airflow/.local/lib/python3.8/site-packages/airflow/example_dags/example_nested_branch_dag.py for tasks to queue
[2025-01-14T00:23:27.425+0000] {logging_mixin.py:188} INFO - [2025-01-14T00:23:27.425+0000] {dagbag.py:538} INFO - Filling up the DagBag from /home/airflow/.local/lib/python3.8/site-packages/airflow/example_dags/example_nested_branch_dag.py
[2025-01-14T00:23:27.431+0000] {processor.py:840} INFO - DAG(s) 'example_nested_branch_dag' retrieved from /home/airflow/.local/lib/python3.8/site-packages/airflow/example_dags/example_nested_branch_dag.py
[2025-01-14T00:23:27.444+0000] {logging_mixin.py:188} INFO - [2025-01-14T00:23:27.444+0000] {dag.py:3036} INFO - Sync 1 DAGs
[2025-01-14T00:23:27.458+0000] {logging_mixin.py:188} INFO - [2025-01-14T00:23:27.457+0000] {dag.py:3823} INFO - Setting next_dagrun for example_nested_branch_dag to 2025-01-13 00:00:00+00:00, run_after=2025-01-14 00:00:00+00:00
[2025-01-14T00:23:27.470+0000] {processor.py:183} INFO - Processing /home/airflow/.local/lib/python3.8/site-packages/airflow/example_dags/example_nested_branch_dag.py took 0.048 seconds
[2025-01-14T00:23:58.493+0000] {processor.py:161} INFO - Started process (PID=2081) to work on /home/airflow/.local/lib/python3.8/site-packages/airflow/example_dags/example_nested_branch_dag.py
[2025-01-14T00:23:58.494+0000] {processor.py:830} INFO - Processing file /home/airflow/.local/lib/python3.8/site-packages/airflow/example_dags/example_nested_branch_dag.py for tasks to queue
[2025-01-14T00:23:58.495+0000] {logging_mixin.py:188} INFO - [2025-01-14T00:23:58.495+0000] {dagbag.py:538} INFO - Filling up the DagBag from /home/airflow/.local/lib/python3.8/site-packages/airflow/example_dags/example_nested_branch_dag.py
[2025-01-14T00:23:58.501+0000] {processor.py:840} INFO - DAG(s) 'example_nested_branch_dag' retrieved from /home/airflow/.local/lib/python3.8/site-packages/airflow/example_dags/example_nested_branch_dag.py
[2025-01-14T00:23:58.514+0000] {logging_mixin.py:188} INFO - [2025-01-14T00:23:58.514+0000] {dag.py:3036} INFO - Sync 1 DAGs
[2025-01-14T00:23:58.528+0000] {logging_mixin.py:188} INFO - [2025-01-14T00:23:58.528+0000] {dag.py:3823} INFO - Setting next_dagrun for example_nested_branch_dag to 2025-01-13 00:00:00+00:00, run_after=2025-01-14 00:00:00+00:00
[2025-01-14T00:23:58.540+0000] {processor.py:183} INFO - Processing /home/airflow/.local/lib/python3.8/site-packages/airflow/example_dags/example_nested_branch_dag.py took 0.049 seconds
[2025-01-14T00:24:29.684+0000] {processor.py:161} INFO - Started process (PID=2140) to work on /home/airflow/.local/lib/python3.8/site-packages/airflow/example_dags/example_nested_branch_dag.py
[2025-01-14T00:24:29.684+0000] {processor.py:830} INFO - Processing file /home/airflow/.local/lib/python3.8/site-packages/airflow/example_dags/example_nested_branch_dag.py for tasks to queue
[2025-01-14T00:24:29.685+0000] {logging_mixin.py:188} INFO - [2025-01-14T00:24:29.685+0000] {dagbag.py:538} INFO - Filling up the DagBag from /home/airflow/.local/lib/python3.8/site-packages/airflow/example_dags/example_nested_branch_dag.py
[2025-01-14T00:24:29.691+0000] {processor.py:840} INFO - DAG(s) 'example_nested_branch_dag' retrieved from /home/airflow/.local/lib/python3.8/site-packages/airflow/example_dags/example_nested_branch_dag.py
[2025-01-14T00:24:29.705+0000] {logging_mixin.py:188} INFO - [2025-01-14T00:24:29.704+0000] {dag.py:3036} INFO - Sync 1 DAGs
[2025-01-14T00:24:29.719+0000] {logging_mixin.py:188} INFO - [2025-01-14T00:24:29.718+0000] {dag.py:3823} INFO - Setting next_dagrun for example_nested_branch_dag to 2025-01-13 00:00:00+00:00, run_after=2025-01-14 00:00:00+00:00
[2025-01-14T00:24:29.731+0000] {processor.py:183} INFO - Processing /home/airflow/.local/lib/python3.8/site-packages/airflow/example_dags/example_nested_branch_dag.py took 0.049 seconds
[2025-01-14T00:24:59.978+0000] {processor.py:161} INFO - Started process (PID=2199) to work on /home/airflow/.local/lib/python3.8/site-packages/airflow/example_dags/example_nested_branch_dag.py
[2025-01-14T00:24:59.979+0000] {processor.py:830} INFO - Processing file /home/airflow/.local/lib/python3.8/site-packages/airflow/example_dags/example_nested_branch_dag.py for tasks to queue
[2025-01-14T00:24:59.980+0000] {logging_mixin.py:188} INFO - [2025-01-14T00:24:59.980+0000] {dagbag.py:538} INFO - Filling up the DagBag from /home/airflow/.local/lib/python3.8/site-packages/airflow/example_dags/example_nested_branch_dag.py
[2025-01-14T00:24:59.986+0000] {processor.py:840} INFO - DAG(s) 'example_nested_branch_dag' retrieved from /home/airflow/.local/lib/python3.8/site-packages/airflow/example_dags/example_nested_branch_dag.py
[2025-01-14T00:25:00.000+0000] {logging_mixin.py:188} INFO - [2025-01-14T00:25:00.000+0000] {dag.py:3036} INFO - Sync 1 DAGs
[2025-01-14T00:25:00.016+0000] {logging_mixin.py:188} INFO - [2025-01-14T00:25:00.015+0000] {dag.py:3823} INFO - Setting next_dagrun for example_nested_branch_dag to 2025-01-13 00:00:00+00:00, run_after=2025-01-14 00:00:00+00:00
[2025-01-14T00:25:00.029+0000] {processor.py:183} INFO - Processing /home/airflow/.local/lib/python3.8/site-packages/airflow/example_dags/example_nested_branch_dag.py took 0.052 seconds
[2025-01-14T00:25:31.051+0000] {processor.py:161} INFO - Started process (PID=2258) to work on /home/airflow/.local/lib/python3.8/site-packages/airflow/example_dags/example_nested_branch_dag.py
[2025-01-14T00:25:31.052+0000] {processor.py:830} INFO - Processing file /home/airflow/.local/lib/python3.8/site-packages/airflow/example_dags/example_nested_branch_dag.py for tasks to queue
[2025-01-14T00:25:31.053+0000] {logging_mixin.py:188} INFO - [2025-01-14T00:25:31.053+0000] {dagbag.py:538} INFO - Filling up the DagBag from /home/airflow/.local/lib/python3.8/site-packages/airflow/example_dags/example_nested_branch_dag.py
[2025-01-14T00:25:31.059+0000] {processor.py:840} INFO - DAG(s) 'example_nested_branch_dag' retrieved from /home/airflow/.local/lib/python3.8/site-packages/airflow/example_dags/example_nested_branch_dag.py
[2025-01-14T00:25:31.072+0000] {logging_mixin.py:188} INFO - [2025-01-14T00:25:31.072+0000] {dag.py:3036} INFO - Sync 1 DAGs
[2025-01-14T00:25:31.086+0000] {logging_mixin.py:188} INFO - [2025-01-14T00:25:31.086+0000] {dag.py:3823} INFO - Setting next_dagrun for example_nested_branch_dag to 2025-01-13 00:00:00+00:00, run_after=2025-01-14 00:00:00+00:00
[2025-01-14T00:25:31.099+0000] {processor.py:183} INFO - Processing /home/airflow/.local/lib/python3.8/site-packages/airflow/example_dags/example_nested_branch_dag.py took 0.049 seconds
[2025-01-14T00:26:02.304+0000] {processor.py:161} INFO - Started process (PID=2317) to work on /home/airflow/.local/lib/python3.8/site-packages/airflow/example_dags/example_nested_branch_dag.py
[2025-01-14T00:26:02.304+0000] {processor.py:830} INFO - Processing file /home/airflow/.local/lib/python3.8/site-packages/airflow/example_dags/example_nested_branch_dag.py for tasks to queue
[2025-01-14T00:26:02.305+0000] {logging_mixin.py:188} INFO - [2025-01-14T00:26:02.305+0000] {dagbag.py:538} INFO - Filling up the DagBag from /home/airflow/.local/lib/python3.8/site-packages/airflow/example_dags/example_nested_branch_dag.py
[2025-01-14T00:26:02.311+0000] {processor.py:840} INFO - DAG(s) 'example_nested_branch_dag' retrieved from /home/airflow/.local/lib/python3.8/site-packages/airflow/example_dags/example_nested_branch_dag.py
[2025-01-14T00:26:02.324+0000] {logging_mixin.py:188} INFO - [2025-01-14T00:26:02.324+0000] {dag.py:3036} INFO - Sync 1 DAGs
[2025-01-14T00:26:02.338+0000] {logging_mixin.py:188} INFO - [2025-01-14T00:26:02.338+0000] {dag.py:3823} INFO - Setting next_dagrun for example_nested_branch_dag to 2025-01-13 00:00:00+00:00, run_after=2025-01-14 00:00:00+00:00
[2025-01-14T00:26:02.351+0000] {processor.py:183} INFO - Processing /home/airflow/.local/lib/python3.8/site-packages/airflow/example_dags/example_nested_branch_dag.py took 0.049 seconds
[2025-01-14T00:26:32.966+0000] {processor.py:161} INFO - Started process (PID=2378) to work on /home/airflow/.local/lib/python3.8/site-packages/airflow/example_dags/example_nested_branch_dag.py
[2025-01-14T00:26:32.967+0000] {processor.py:830} INFO - Processing file /home/airflow/.local/lib/python3.8/site-packages/airflow/example_dags/example_nested_branch_dag.py for tasks to queue
[2025-01-14T00:26:32.968+0000] {logging_mixin.py:188} INFO - [2025-01-14T00:26:32.967+0000] {dagbag.py:538} INFO - Filling up the DagBag from /home/airflow/.local/lib/python3.8/site-packages/airflow/example_dags/example_nested_branch_dag.py
[2025-01-14T00:26:32.974+0000] {processor.py:840} INFO - DAG(s) 'example_nested_branch_dag' retrieved from /home/airflow/.local/lib/python3.8/site-packages/airflow/example_dags/example_nested_branch_dag.py
[2025-01-14T00:26:32.986+0000] {logging_mixin.py:188} INFO - [2025-01-14T00:26:32.986+0000] {dag.py:3036} INFO - Sync 1 DAGs
[2025-01-14T00:26:32.999+0000] {logging_mixin.py:188} INFO - [2025-01-14T00:26:32.999+0000] {dag.py:3823} INFO - Setting next_dagrun for example_nested_branch_dag to 2025-01-13 00:00:00+00:00, run_after=2025-01-14 00:00:00+00:00
[2025-01-14T00:26:33.013+0000] {processor.py:183} INFO - Processing /home/airflow/.local/lib/python3.8/site-packages/airflow/example_dags/example_nested_branch_dag.py took 0.049 seconds
[2025-01-14T00:27:03.890+0000] {processor.py:161} INFO - Started process (PID=2437) to work on /home/airflow/.local/lib/python3.8/site-packages/airflow/example_dags/example_nested_branch_dag.py
[2025-01-14T00:27:03.891+0000] {processor.py:830} INFO - Processing file /home/airflow/.local/lib/python3.8/site-packages/airflow/example_dags/example_nested_branch_dag.py for tasks to queue
[2025-01-14T00:27:03.892+0000] {logging_mixin.py:188} INFO - [2025-01-14T00:27:03.892+0000] {dagbag.py:538} INFO - Filling up the DagBag from /home/airflow/.local/lib/python3.8/site-packages/airflow/example_dags/example_nested_branch_dag.py
[2025-01-14T00:27:03.899+0000] {processor.py:840} INFO - DAG(s) 'example_nested_branch_dag' retrieved from /home/airflow/.local/lib/python3.8/site-packages/airflow/example_dags/example_nested_branch_dag.py
[2025-01-14T00:27:03.914+0000] {logging_mixin.py:188} INFO - [2025-01-14T00:27:03.913+0000] {dag.py:3036} INFO - Sync 1 DAGs
[2025-01-14T00:27:03.928+0000] {logging_mixin.py:188} INFO - [2025-01-14T00:27:03.927+0000] {dag.py:3823} INFO - Setting next_dagrun for example_nested_branch_dag to 2025-01-13 00:00:00+00:00, run_after=2025-01-14 00:00:00+00:00
[2025-01-14T00:27:03.940+0000] {processor.py:183} INFO - Processing /home/airflow/.local/lib/python3.8/site-packages/airflow/example_dags/example_nested_branch_dag.py took 0.052 seconds
[2025-01-14T00:27:34.773+0000] {processor.py:161} INFO - Started process (PID=2496) to work on /home/airflow/.local/lib/python3.8/site-packages/airflow/example_dags/example_nested_branch_dag.py
[2025-01-14T00:27:34.774+0000] {processor.py:830} INFO - Processing file /home/airflow/.local/lib/python3.8/site-packages/airflow/example_dags/example_nested_branch_dag.py for tasks to queue
[2025-01-14T00:27:34.775+0000] {logging_mixin.py:188} INFO - [2025-01-14T00:27:34.775+0000] {dagbag.py:538} INFO - Filling up the DagBag from /home/airflow/.local/lib/python3.8/site-packages/airflow/example_dags/example_nested_branch_dag.py
[2025-01-14T00:27:34.783+0000] {processor.py:840} INFO - DAG(s) 'example_nested_branch_dag' retrieved from /home/airflow/.local/lib/python3.8/site-packages/airflow/example_dags/example_nested_branch_dag.py
[2025-01-14T00:27:34.798+0000] {logging_mixin.py:188} INFO - [2025-01-14T00:27:34.798+0000] {dag.py:3036} INFO - Sync 1 DAGs
[2025-01-14T00:27:34.815+0000] {logging_mixin.py:188} INFO - [2025-01-14T00:27:34.815+0000] {dag.py:3823} INFO - Setting next_dagrun for example_nested_branch_dag to 2025-01-13 00:00:00+00:00, run_after=2025-01-14 00:00:00+00:00
[2025-01-14T00:27:34.830+0000] {processor.py:183} INFO - Processing /home/airflow/.local/lib/python3.8/site-packages/airflow/example_dags/example_nested_branch_dag.py took 0.058 seconds
[2025-01-14T00:28:05.216+0000] {processor.py:161} INFO - Started process (PID=2555) to work on /home/airflow/.local/lib/python3.8/site-packages/airflow/example_dags/example_nested_branch_dag.py
[2025-01-14T00:28:05.217+0000] {processor.py:830} INFO - Processing file /home/airflow/.local/lib/python3.8/site-packages/airflow/example_dags/example_nested_branch_dag.py for tasks to queue
[2025-01-14T00:28:05.218+0000] {logging_mixin.py:188} INFO - [2025-01-14T00:28:05.217+0000] {dagbag.py:538} INFO - Filling up the DagBag from /home/airflow/.local/lib/python3.8/site-packages/airflow/example_dags/example_nested_branch_dag.py
[2025-01-14T00:28:05.224+0000] {processor.py:840} INFO - DAG(s) 'example_nested_branch_dag' retrieved from /home/airflow/.local/lib/python3.8/site-packages/airflow/example_dags/example_nested_branch_dag.py
[2025-01-14T00:28:05.240+0000] {logging_mixin.py:188} INFO - [2025-01-14T00:28:05.239+0000] {dag.py:3036} INFO - Sync 1 DAGs
[2025-01-14T00:28:05.255+0000] {logging_mixin.py:188} INFO - [2025-01-14T00:28:05.254+0000] {dag.py:3823} INFO - Setting next_dagrun for example_nested_branch_dag to 2025-01-13 00:00:00+00:00, run_after=2025-01-14 00:00:00+00:00
[2025-01-14T00:28:05.268+0000] {processor.py:183} INFO - Processing /home/airflow/.local/lib/python3.8/site-packages/airflow/example_dags/example_nested_branch_dag.py took 0.054 seconds
[2025-01-14T00:28:36.558+0000] {processor.py:161} INFO - Started process (PID=2614) to work on /home/airflow/.local/lib/python3.8/site-packages/airflow/example_dags/example_nested_branch_dag.py
[2025-01-14T00:28:36.559+0000] {processor.py:830} INFO - Processing file /home/airflow/.local/lib/python3.8/site-packages/airflow/example_dags/example_nested_branch_dag.py for tasks to queue
[2025-01-14T00:28:36.560+0000] {logging_mixin.py:188} INFO - [2025-01-14T00:28:36.559+0000] {dagbag.py:538} INFO - Filling up the DagBag from /home/airflow/.local/lib/python3.8/site-packages/airflow/example_dags/example_nested_branch_dag.py
[2025-01-14T00:28:36.566+0000] {processor.py:840} INFO - DAG(s) 'example_nested_branch_dag' retrieved from /home/airflow/.local/lib/python3.8/site-packages/airflow/example_dags/example_nested_branch_dag.py
[2025-01-14T00:28:36.580+0000] {logging_mixin.py:188} INFO - [2025-01-14T00:28:36.580+0000] {dag.py:3036} INFO - Sync 1 DAGs
[2025-01-14T00:28:36.596+0000] {logging_mixin.py:188} INFO - [2025-01-14T00:28:36.596+0000] {dag.py:3823} INFO - Setting next_dagrun for example_nested_branch_dag to 2025-01-13 00:00:00+00:00, run_after=2025-01-14 00:00:00+00:00
[2025-01-14T00:28:36.609+0000] {processor.py:183} INFO - Processing /home/airflow/.local/lib/python3.8/site-packages/airflow/example_dags/example_nested_branch_dag.py took 0.054 seconds
[2025-01-14T00:29:07.495+0000] {processor.py:161} INFO - Started process (PID=2673) to work on /home/airflow/.local/lib/python3.8/site-packages/airflow/example_dags/example_nested_branch_dag.py
[2025-01-14T00:29:07.495+0000] {processor.py:830} INFO - Processing file /home/airflow/.local/lib/python3.8/site-packages/airflow/example_dags/example_nested_branch_dag.py for tasks to queue
[2025-01-14T00:29:07.497+0000] {logging_mixin.py:188} INFO - [2025-01-14T00:29:07.496+0000] {dagbag.py:538} INFO - Filling up the DagBag from /home/airflow/.local/lib/python3.8/site-packages/airflow/example_dags/example_nested_branch_dag.py
[2025-01-14T00:29:07.503+0000] {processor.py:840} INFO - DAG(s) 'example_nested_branch_dag' retrieved from /home/airflow/.local/lib/python3.8/site-packages/airflow/example_dags/example_nested_branch_dag.py
[2025-01-14T00:29:07.624+0000] {logging_mixin.py:188} INFO - [2025-01-14T00:29:07.624+0000] {dag.py:3036} INFO - Sync 1 DAGs
[2025-01-14T00:29:07.637+0000] {logging_mixin.py:188} INFO - [2025-01-14T00:29:07.637+0000] {dag.py:3823} INFO - Setting next_dagrun for example_nested_branch_dag to 2025-01-13 00:00:00+00:00, run_after=2025-01-14 00:00:00+00:00
[2025-01-14T00:29:07.649+0000] {processor.py:183} INFO - Processing /home/airflow/.local/lib/python3.8/site-packages/airflow/example_dags/example_nested_branch_dag.py took 0.156 seconds
[2025-01-14T00:29:37.666+0000] {processor.py:161} INFO - Started process (PID=2732) to work on /home/airflow/.local/lib/python3.8/site-packages/airflow/example_dags/example_nested_branch_dag.py
[2025-01-14T00:29:37.667+0000] {processor.py:830} INFO - Processing file /home/airflow/.local/lib/python3.8/site-packages/airflow/example_dags/example_nested_branch_dag.py for tasks to queue
[2025-01-14T00:29:37.668+0000] {logging_mixin.py:188} INFO - [2025-01-14T00:29:37.667+0000] {dagbag.py:538} INFO - Filling up the DagBag from /home/airflow/.local/lib/python3.8/site-packages/airflow/example_dags/example_nested_branch_dag.py
[2025-01-14T00:29:37.674+0000] {processor.py:840} INFO - DAG(s) 'example_nested_branch_dag' retrieved from /home/airflow/.local/lib/python3.8/site-packages/airflow/example_dags/example_nested_branch_dag.py
[2025-01-14T00:29:37.690+0000] {logging_mixin.py:188} INFO - [2025-01-14T00:29:37.690+0000] {dag.py:3036} INFO - Sync 1 DAGs
[2025-01-14T00:29:37.706+0000] {logging_mixin.py:188} INFO - [2025-01-14T00:29:37.706+0000] {dag.py:3823} INFO - Setting next_dagrun for example_nested_branch_dag to 2025-01-13 00:00:00+00:00, run_after=2025-01-14 00:00:00+00:00
[2025-01-14T00:29:37.721+0000] {processor.py:183} INFO - Processing /home/airflow/.local/lib/python3.8/site-packages/airflow/example_dags/example_nested_branch_dag.py took 0.057 seconds
[2025-01-14T00:30:08.468+0000] {processor.py:161} INFO - Started process (PID=2791) to work on /home/airflow/.local/lib/python3.8/site-packages/airflow/example_dags/example_nested_branch_dag.py
[2025-01-14T00:30:08.468+0000] {processor.py:830} INFO - Processing file /home/airflow/.local/lib/python3.8/site-packages/airflow/example_dags/example_nested_branch_dag.py for tasks to queue
[2025-01-14T00:30:08.469+0000] {logging_mixin.py:188} INFO - [2025-01-14T00:30:08.469+0000] {dagbag.py:538} INFO - Filling up the DagBag from /home/airflow/.local/lib/python3.8/site-packages/airflow/example_dags/example_nested_branch_dag.py
[2025-01-14T00:30:08.476+0000] {processor.py:840} INFO - DAG(s) 'example_nested_branch_dag' retrieved from /home/airflow/.local/lib/python3.8/site-packages/airflow/example_dags/example_nested_branch_dag.py
[2025-01-14T00:30:08.489+0000] {logging_mixin.py:188} INFO - [2025-01-14T00:30:08.489+0000] {dag.py:3036} INFO - Sync 1 DAGs
[2025-01-14T00:30:08.503+0000] {logging_mixin.py:188} INFO - [2025-01-14T00:30:08.503+0000] {dag.py:3823} INFO - Setting next_dagrun for example_nested_branch_dag to 2025-01-13 00:00:00+00:00, run_after=2025-01-14 00:00:00+00:00
[2025-01-14T00:30:08.515+0000] {processor.py:183} INFO - Processing /home/airflow/.local/lib/python3.8/site-packages/airflow/example_dags/example_nested_branch_dag.py took 0.049 seconds
[2025-01-14T00:30:39.269+0000] {processor.py:161} INFO - Started process (PID=2850) to work on /home/airflow/.local/lib/python3.8/site-packages/airflow/example_dags/example_nested_branch_dag.py
[2025-01-14T00:30:39.269+0000] {processor.py:830} INFO - Processing file /home/airflow/.local/lib/python3.8/site-packages/airflow/example_dags/example_nested_branch_dag.py for tasks to queue
[2025-01-14T00:30:39.271+0000] {logging_mixin.py:188} INFO - [2025-01-14T00:30:39.270+0000] {dagbag.py:538} INFO - Filling up the DagBag from /home/airflow/.local/lib/python3.8/site-packages/airflow/example_dags/example_nested_branch_dag.py
[2025-01-14T00:30:39.278+0000] {processor.py:840} INFO - DAG(s) 'example_nested_branch_dag' retrieved from /home/airflow/.local/lib/python3.8/site-packages/airflow/example_dags/example_nested_branch_dag.py
[2025-01-14T00:30:39.294+0000] {logging_mixin.py:188} INFO - [2025-01-14T00:30:39.293+0000] {dag.py:3036} INFO - Sync 1 DAGs
[2025-01-14T00:30:39.310+0000] {logging_mixin.py:188} INFO - [2025-01-14T00:30:39.310+0000] {dag.py:3823} INFO - Setting next_dagrun for example_nested_branch_dag to 2025-01-13 00:00:00+00:00, run_after=2025-01-14 00:00:00+00:00
[2025-01-14T00:30:39.324+0000] {processor.py:183} INFO - Processing /home/airflow/.local/lib/python3.8/site-packages/airflow/example_dags/example_nested_branch_dag.py took 0.057 seconds
[2025-01-14T00:31:10.123+0000] {processor.py:161} INFO - Started process (PID=2909) to work on /home/airflow/.local/lib/python3.8/site-packages/airflow/example_dags/example_nested_branch_dag.py
[2025-01-14T00:31:10.124+0000] {processor.py:830} INFO - Processing file /home/airflow/.local/lib/python3.8/site-packages/airflow/example_dags/example_nested_branch_dag.py for tasks to queue
[2025-01-14T00:31:10.125+0000] {logging_mixin.py:188} INFO - [2025-01-14T00:31:10.125+0000] {dagbag.py:538} INFO - Filling up the DagBag from /home/airflow/.local/lib/python3.8/site-packages/airflow/example_dags/example_nested_branch_dag.py
[2025-01-14T00:31:10.131+0000] {processor.py:840} INFO - DAG(s) 'example_nested_branch_dag' retrieved from /home/airflow/.local/lib/python3.8/site-packages/airflow/example_dags/example_nested_branch_dag.py
[2025-01-14T00:31:10.145+0000] {logging_mixin.py:188} INFO - [2025-01-14T00:31:10.145+0000] {dag.py:3036} INFO - Sync 1 DAGs
[2025-01-14T00:31:10.159+0000] {logging_mixin.py:188} INFO - [2025-01-14T00:31:10.159+0000] {dag.py:3823} INFO - Setting next_dagrun for example_nested_branch_dag to 2025-01-13 00:00:00+00:00, run_after=2025-01-14 00:00:00+00:00
[2025-01-14T00:31:10.171+0000] {processor.py:183} INFO - Processing /home/airflow/.local/lib/python3.8/site-packages/airflow/example_dags/example_nested_branch_dag.py took 0.049 seconds
[2025-01-14T00:31:40.862+0000] {processor.py:161} INFO - Started process (PID=2968) to work on /home/airflow/.local/lib/python3.8/site-packages/airflow/example_dags/example_nested_branch_dag.py
[2025-01-14T00:31:40.863+0000] {processor.py:830} INFO - Processing file /home/airflow/.local/lib/python3.8/site-packages/airflow/example_dags/example_nested_branch_dag.py for tasks to queue
[2025-01-14T00:31:40.864+0000] {logging_mixin.py:188} INFO - [2025-01-14T00:31:40.864+0000] {dagbag.py:538} INFO - Filling up the DagBag from /home/airflow/.local/lib/python3.8/site-packages/airflow/example_dags/example_nested_branch_dag.py
[2025-01-14T00:31:40.870+0000] {processor.py:840} INFO - DAG(s) 'example_nested_branch_dag' retrieved from /home/airflow/.local/lib/python3.8/site-packages/airflow/example_dags/example_nested_branch_dag.py
[2025-01-14T00:31:40.885+0000] {logging_mixin.py:188} INFO - [2025-01-14T00:31:40.885+0000] {dag.py:3036} INFO - Sync 1 DAGs
[2025-01-14T00:31:40.900+0000] {logging_mixin.py:188} INFO - [2025-01-14T00:31:40.899+0000] {dag.py:3823} INFO - Setting next_dagrun for example_nested_branch_dag to 2025-01-13 00:00:00+00:00, run_after=2025-01-14 00:00:00+00:00
[2025-01-14T00:31:40.913+0000] {processor.py:183} INFO - Processing /home/airflow/.local/lib/python3.8/site-packages/airflow/example_dags/example_nested_branch_dag.py took 0.053 seconds
[2025-01-14T00:32:11.034+0000] {processor.py:161} INFO - Started process (PID=3027) to work on /home/airflow/.local/lib/python3.8/site-packages/airflow/example_dags/example_nested_branch_dag.py
[2025-01-14T00:32:11.035+0000] {processor.py:830} INFO - Processing file /home/airflow/.local/lib/python3.8/site-packages/airflow/example_dags/example_nested_branch_dag.py for tasks to queue
[2025-01-14T00:32:11.036+0000] {logging_mixin.py:188} INFO - [2025-01-14T00:32:11.036+0000] {dagbag.py:538} INFO - Filling up the DagBag from /home/airflow/.local/lib/python3.8/site-packages/airflow/example_dags/example_nested_branch_dag.py
[2025-01-14T00:32:11.042+0000] {processor.py:840} INFO - DAG(s) 'example_nested_branch_dag' retrieved from /home/airflow/.local/lib/python3.8/site-packages/airflow/example_dags/example_nested_branch_dag.py
[2025-01-14T00:32:11.058+0000] {logging_mixin.py:188} INFO - [2025-01-14T00:32:11.057+0000] {dag.py:3036} INFO - Sync 1 DAGs
[2025-01-14T00:32:11.073+0000] {logging_mixin.py:188} INFO - [2025-01-14T00:32:11.073+0000] {dag.py:3823} INFO - Setting next_dagrun for example_nested_branch_dag to 2025-01-13 00:00:00+00:00, run_after=2025-01-14 00:00:00+00:00
[2025-01-14T00:32:11.087+0000] {processor.py:183} INFO - Processing /home/airflow/.local/lib/python3.8/site-packages/airflow/example_dags/example_nested_branch_dag.py took 0.055 seconds
[2025-01-14T00:32:41.154+0000] {processor.py:161} INFO - Started process (PID=3086) to work on /home/airflow/.local/lib/python3.8/site-packages/airflow/example_dags/example_nested_branch_dag.py
[2025-01-14T00:32:41.155+0000] {processor.py:830} INFO - Processing file /home/airflow/.local/lib/python3.8/site-packages/airflow/example_dags/example_nested_branch_dag.py for tasks to queue
[2025-01-14T00:32:41.156+0000] {logging_mixin.py:188} INFO - [2025-01-14T00:32:41.156+0000] {dagbag.py:538} INFO - Filling up the DagBag from /home/airflow/.local/lib/python3.8/site-packages/airflow/example_dags/example_nested_branch_dag.py
[2025-01-14T00:32:41.163+0000] {processor.py:840} INFO - DAG(s) 'example_nested_branch_dag' retrieved from /home/airflow/.local/lib/python3.8/site-packages/airflow/example_dags/example_nested_branch_dag.py
[2025-01-14T00:32:41.175+0000] {logging_mixin.py:188} INFO - [2025-01-14T00:32:41.175+0000] {dag.py:3036} INFO - Sync 1 DAGs
[2025-01-14T00:32:41.190+0000] {logging_mixin.py:188} INFO - [2025-01-14T00:32:41.190+0000] {dag.py:3823} INFO - Setting next_dagrun for example_nested_branch_dag to 2025-01-13 00:00:00+00:00, run_after=2025-01-14 00:00:00+00:00
[2025-01-14T00:32:41.205+0000] {processor.py:183} INFO - Processing /home/airflow/.local/lib/python3.8/site-packages/airflow/example_dags/example_nested_branch_dag.py took 0.052 seconds
