[2025-01-14T00:00:07.829+0000] {processor.py:161} INFO - Started process (PID=10560) to work on /home/airflow/.local/lib/python3.8/site-packages/airflow/example_dags/tutorial_dag.py
[2025-01-14T00:00:07.830+0000] {processor.py:830} INFO - Processing file /home/airflow/.local/lib/python3.8/site-packages/airflow/example_dags/tutorial_dag.py for tasks to queue
[2025-01-14T00:00:07.830+0000] {logging_mixin.py:188} INFO - [2025-01-14T00:00:07.830+0000] {dagbag.py:538} INFO - Filling up the DagBag from /home/airflow/.local/lib/python3.8/site-packages/airflow/example_dags/tutorial_dag.py
[2025-01-14T00:00:07.834+0000] {processor.py:840} INFO - DAG(s) 'tutorial_dag' retrieved from /home/airflow/.local/lib/python3.8/site-packages/airflow/example_dags/tutorial_dag.py
[2025-01-14T00:00:07.848+0000] {logging_mixin.py:188} INFO - [2025-01-14T00:00:07.848+0000] {dag.py:3036} INFO - Sync 1 DAGs
[2025-01-14T00:00:07.856+0000] {logging_mixin.py:188} INFO - [2025-01-14T00:00:07.856+0000] {dag.py:3823} INFO - Setting next_dagrun for tutorial_dag to None, run_after=None
[2025-01-14T00:00:07.871+0000] {processor.py:183} INFO - Processing /home/airflow/.local/lib/python3.8/site-packages/airflow/example_dags/tutorial_dag.py took 0.044 seconds
[2025-01-14T00:00:38.024+0000] {processor.py:161} INFO - Started process (PID=10621) to work on /home/airflow/.local/lib/python3.8/site-packages/airflow/example_dags/tutorial_dag.py
[2025-01-14T00:00:38.025+0000] {processor.py:830} INFO - Processing file /home/airflow/.local/lib/python3.8/site-packages/airflow/example_dags/tutorial_dag.py for tasks to queue
[2025-01-14T00:00:38.025+0000] {logging_mixin.py:188} INFO - [2025-01-14T00:00:38.025+0000] {dagbag.py:538} INFO - Filling up the DagBag from /home/airflow/.local/lib/python3.8/site-packages/airflow/example_dags/tutorial_dag.py
[2025-01-14T00:00:38.028+0000] {processor.py:840} INFO - DAG(s) 'tutorial_dag' retrieved from /home/airflow/.local/lib/python3.8/site-packages/airflow/example_dags/tutorial_dag.py
[2025-01-14T00:00:38.041+0000] {logging_mixin.py:188} INFO - [2025-01-14T00:00:38.041+0000] {dag.py:3036} INFO - Sync 1 DAGs
[2025-01-14T00:00:38.048+0000] {logging_mixin.py:188} INFO - [2025-01-14T00:00:38.048+0000] {dag.py:3823} INFO - Setting next_dagrun for tutorial_dag to None, run_after=None
[2025-01-14T00:00:38.063+0000] {processor.py:183} INFO - Processing /home/airflow/.local/lib/python3.8/site-packages/airflow/example_dags/tutorial_dag.py took 0.041 seconds
[2025-01-14T00:01:08.120+0000] {processor.py:161} INFO - Started process (PID=10680) to work on /home/airflow/.local/lib/python3.8/site-packages/airflow/example_dags/tutorial_dag.py
[2025-01-14T00:01:08.121+0000] {processor.py:830} INFO - Processing file /home/airflow/.local/lib/python3.8/site-packages/airflow/example_dags/tutorial_dag.py for tasks to queue
[2025-01-14T00:01:08.122+0000] {logging_mixin.py:188} INFO - [2025-01-14T00:01:08.122+0000] {dagbag.py:538} INFO - Filling up the DagBag from /home/airflow/.local/lib/python3.8/site-packages/airflow/example_dags/tutorial_dag.py
[2025-01-14T00:01:08.125+0000] {processor.py:840} INFO - DAG(s) 'tutorial_dag' retrieved from /home/airflow/.local/lib/python3.8/site-packages/airflow/example_dags/tutorial_dag.py
[2025-01-14T00:01:08.138+0000] {logging_mixin.py:188} INFO - [2025-01-14T00:01:08.138+0000] {dag.py:3036} INFO - Sync 1 DAGs
[2025-01-14T00:01:08.145+0000] {logging_mixin.py:188} INFO - [2025-01-14T00:01:08.145+0000] {dag.py:3823} INFO - Setting next_dagrun for tutorial_dag to None, run_after=None
[2025-01-14T00:01:08.159+0000] {processor.py:183} INFO - Processing /home/airflow/.local/lib/python3.8/site-packages/airflow/example_dags/tutorial_dag.py took 0.040 seconds
[2025-01-14T00:01:38.207+0000] {processor.py:161} INFO - Started process (PID=10739) to work on /home/airflow/.local/lib/python3.8/site-packages/airflow/example_dags/tutorial_dag.py
[2025-01-14T00:01:38.208+0000] {processor.py:830} INFO - Processing file /home/airflow/.local/lib/python3.8/site-packages/airflow/example_dags/tutorial_dag.py for tasks to queue
[2025-01-14T00:01:38.208+0000] {logging_mixin.py:188} INFO - [2025-01-14T00:01:38.208+0000] {dagbag.py:538} INFO - Filling up the DagBag from /home/airflow/.local/lib/python3.8/site-packages/airflow/example_dags/tutorial_dag.py
[2025-01-14T00:01:38.212+0000] {processor.py:840} INFO - DAG(s) 'tutorial_dag' retrieved from /home/airflow/.local/lib/python3.8/site-packages/airflow/example_dags/tutorial_dag.py
[2025-01-14T00:01:38.226+0000] {logging_mixin.py:188} INFO - [2025-01-14T00:01:38.226+0000] {dag.py:3036} INFO - Sync 1 DAGs
[2025-01-14T00:01:38.233+0000] {logging_mixin.py:188} INFO - [2025-01-14T00:01:38.233+0000] {dag.py:3823} INFO - Setting next_dagrun for tutorial_dag to None, run_after=None
[2025-01-14T00:01:38.246+0000] {processor.py:183} INFO - Processing /home/airflow/.local/lib/python3.8/site-packages/airflow/example_dags/tutorial_dag.py took 0.041 seconds
[2025-01-14T00:02:09.115+0000] {processor.py:161} INFO - Started process (PID=10798) to work on /home/airflow/.local/lib/python3.8/site-packages/airflow/example_dags/tutorial_dag.py
[2025-01-14T00:02:09.115+0000] {processor.py:830} INFO - Processing file /home/airflow/.local/lib/python3.8/site-packages/airflow/example_dags/tutorial_dag.py for tasks to queue
[2025-01-14T00:02:09.116+0000] {logging_mixin.py:188} INFO - [2025-01-14T00:02:09.116+0000] {dagbag.py:538} INFO - Filling up the DagBag from /home/airflow/.local/lib/python3.8/site-packages/airflow/example_dags/tutorial_dag.py
[2025-01-14T00:02:09.119+0000] {processor.py:840} INFO - DAG(s) 'tutorial_dag' retrieved from /home/airflow/.local/lib/python3.8/site-packages/airflow/example_dags/tutorial_dag.py
[2025-01-14T00:02:09.133+0000] {logging_mixin.py:188} INFO - [2025-01-14T00:02:09.132+0000] {dag.py:3036} INFO - Sync 1 DAGs
[2025-01-14T00:02:09.140+0000] {logging_mixin.py:188} INFO - [2025-01-14T00:02:09.140+0000] {dag.py:3823} INFO - Setting next_dagrun for tutorial_dag to None, run_after=None
[2025-01-14T00:02:09.152+0000] {processor.py:183} INFO - Processing /home/airflow/.local/lib/python3.8/site-packages/airflow/example_dags/tutorial_dag.py took 0.040 seconds
[2025-01-14T00:02:40.020+0000] {processor.py:161} INFO - Started process (PID=10857) to work on /home/airflow/.local/lib/python3.8/site-packages/airflow/example_dags/tutorial_dag.py
[2025-01-14T00:02:40.020+0000] {processor.py:830} INFO - Processing file /home/airflow/.local/lib/python3.8/site-packages/airflow/example_dags/tutorial_dag.py for tasks to queue
[2025-01-14T00:02:40.021+0000] {logging_mixin.py:188} INFO - [2025-01-14T00:02:40.021+0000] {dagbag.py:538} INFO - Filling up the DagBag from /home/airflow/.local/lib/python3.8/site-packages/airflow/example_dags/tutorial_dag.py
[2025-01-14T00:02:40.024+0000] {processor.py:840} INFO - DAG(s) 'tutorial_dag' retrieved from /home/airflow/.local/lib/python3.8/site-packages/airflow/example_dags/tutorial_dag.py
[2025-01-14T00:02:40.037+0000] {logging_mixin.py:188} INFO - [2025-01-14T00:02:40.036+0000] {dag.py:3036} INFO - Sync 1 DAGs
[2025-01-14T00:02:40.044+0000] {logging_mixin.py:188} INFO - [2025-01-14T00:02:40.044+0000] {dag.py:3823} INFO - Setting next_dagrun for tutorial_dag to None, run_after=None
[2025-01-14T00:02:40.056+0000] {processor.py:183} INFO - Processing /home/airflow/.local/lib/python3.8/site-packages/airflow/example_dags/tutorial_dag.py took 0.038 seconds
[2025-01-14T00:03:10.251+0000] {processor.py:161} INFO - Started process (PID=10916) to work on /home/airflow/.local/lib/python3.8/site-packages/airflow/example_dags/tutorial_dag.py
[2025-01-14T00:03:10.252+0000] {processor.py:830} INFO - Processing file /home/airflow/.local/lib/python3.8/site-packages/airflow/example_dags/tutorial_dag.py for tasks to queue
[2025-01-14T00:03:10.252+0000] {logging_mixin.py:188} INFO - [2025-01-14T00:03:10.252+0000] {dagbag.py:538} INFO - Filling up the DagBag from /home/airflow/.local/lib/python3.8/site-packages/airflow/example_dags/tutorial_dag.py
[2025-01-14T00:03:10.256+0000] {processor.py:840} INFO - DAG(s) 'tutorial_dag' retrieved from /home/airflow/.local/lib/python3.8/site-packages/airflow/example_dags/tutorial_dag.py
[2025-01-14T00:03:10.268+0000] {logging_mixin.py:188} INFO - [2025-01-14T00:03:10.268+0000] {dag.py:3036} INFO - Sync 1 DAGs
[2025-01-14T00:03:10.275+0000] {logging_mixin.py:188} INFO - [2025-01-14T00:03:10.275+0000] {dag.py:3823} INFO - Setting next_dagrun for tutorial_dag to None, run_after=None
[2025-01-14T00:03:10.288+0000] {processor.py:183} INFO - Processing /home/airflow/.local/lib/python3.8/site-packages/airflow/example_dags/tutorial_dag.py took 0.039 seconds
[2025-01-14T00:03:40.404+0000] {processor.py:161} INFO - Started process (PID=10975) to work on /home/airflow/.local/lib/python3.8/site-packages/airflow/example_dags/tutorial_dag.py
[2025-01-14T00:03:40.405+0000] {processor.py:830} INFO - Processing file /home/airflow/.local/lib/python3.8/site-packages/airflow/example_dags/tutorial_dag.py for tasks to queue
[2025-01-14T00:03:40.406+0000] {logging_mixin.py:188} INFO - [2025-01-14T00:03:40.405+0000] {dagbag.py:538} INFO - Filling up the DagBag from /home/airflow/.local/lib/python3.8/site-packages/airflow/example_dags/tutorial_dag.py
[2025-01-14T00:03:40.409+0000] {processor.py:840} INFO - DAG(s) 'tutorial_dag' retrieved from /home/airflow/.local/lib/python3.8/site-packages/airflow/example_dags/tutorial_dag.py
[2025-01-14T00:03:40.421+0000] {logging_mixin.py:188} INFO - [2025-01-14T00:03:40.421+0000] {dag.py:3036} INFO - Sync 1 DAGs
[2025-01-14T00:03:40.427+0000] {logging_mixin.py:188} INFO - [2025-01-14T00:03:40.427+0000] {dag.py:3823} INFO - Setting next_dagrun for tutorial_dag to None, run_after=None
[2025-01-14T00:03:40.440+0000] {processor.py:183} INFO - Processing /home/airflow/.local/lib/python3.8/site-packages/airflow/example_dags/tutorial_dag.py took 0.038 seconds
[2025-01-14T00:04:11.359+0000] {processor.py:161} INFO - Started process (PID=11034) to work on /home/airflow/.local/lib/python3.8/site-packages/airflow/example_dags/tutorial_dag.py
[2025-01-14T00:04:11.360+0000] {processor.py:830} INFO - Processing file /home/airflow/.local/lib/python3.8/site-packages/airflow/example_dags/tutorial_dag.py for tasks to queue
[2025-01-14T00:04:11.361+0000] {logging_mixin.py:188} INFO - [2025-01-14T00:04:11.360+0000] {dagbag.py:538} INFO - Filling up the DagBag from /home/airflow/.local/lib/python3.8/site-packages/airflow/example_dags/tutorial_dag.py
[2025-01-14T00:04:11.364+0000] {processor.py:840} INFO - DAG(s) 'tutorial_dag' retrieved from /home/airflow/.local/lib/python3.8/site-packages/airflow/example_dags/tutorial_dag.py
[2025-01-14T00:04:11.378+0000] {logging_mixin.py:188} INFO - [2025-01-14T00:04:11.378+0000] {dag.py:3036} INFO - Sync 1 DAGs
[2025-01-14T00:04:11.386+0000] {logging_mixin.py:188} INFO - [2025-01-14T00:04:11.386+0000] {dag.py:3823} INFO - Setting next_dagrun for tutorial_dag to None, run_after=None
[2025-01-14T00:04:11.399+0000] {processor.py:183} INFO - Processing /home/airflow/.local/lib/python3.8/site-packages/airflow/example_dags/tutorial_dag.py took 0.041 seconds
[2025-01-14T00:04:41.710+0000] {processor.py:161} INFO - Started process (PID=11093) to work on /home/airflow/.local/lib/python3.8/site-packages/airflow/example_dags/tutorial_dag.py
[2025-01-14T00:04:41.711+0000] {processor.py:830} INFO - Processing file /home/airflow/.local/lib/python3.8/site-packages/airflow/example_dags/tutorial_dag.py for tasks to queue
[2025-01-14T00:04:41.711+0000] {logging_mixin.py:188} INFO - [2025-01-14T00:04:41.711+0000] {dagbag.py:538} INFO - Filling up the DagBag from /home/airflow/.local/lib/python3.8/site-packages/airflow/example_dags/tutorial_dag.py
[2025-01-14T00:04:41.715+0000] {processor.py:840} INFO - DAG(s) 'tutorial_dag' retrieved from /home/airflow/.local/lib/python3.8/site-packages/airflow/example_dags/tutorial_dag.py
[2025-01-14T00:04:41.730+0000] {logging_mixin.py:188} INFO - [2025-01-14T00:04:41.730+0000] {dag.py:3036} INFO - Sync 1 DAGs
[2025-01-14T00:04:41.739+0000] {logging_mixin.py:188} INFO - [2025-01-14T00:04:41.739+0000] {dag.py:3823} INFO - Setting next_dagrun for tutorial_dag to None, run_after=None
[2025-01-14T00:04:41.754+0000] {processor.py:183} INFO - Processing /home/airflow/.local/lib/python3.8/site-packages/airflow/example_dags/tutorial_dag.py took 0.047 seconds
[2025-01-14T00:05:12.730+0000] {processor.py:161} INFO - Started process (PID=11152) to work on /home/airflow/.local/lib/python3.8/site-packages/airflow/example_dags/tutorial_dag.py
[2025-01-14T00:05:12.731+0000] {processor.py:830} INFO - Processing file /home/airflow/.local/lib/python3.8/site-packages/airflow/example_dags/tutorial_dag.py for tasks to queue
[2025-01-14T00:05:12.731+0000] {logging_mixin.py:188} INFO - [2025-01-14T00:05:12.731+0000] {dagbag.py:538} INFO - Filling up the DagBag from /home/airflow/.local/lib/python3.8/site-packages/airflow/example_dags/tutorial_dag.py
[2025-01-14T00:05:12.735+0000] {processor.py:840} INFO - DAG(s) 'tutorial_dag' retrieved from /home/airflow/.local/lib/python3.8/site-packages/airflow/example_dags/tutorial_dag.py
[2025-01-14T00:05:12.748+0000] {logging_mixin.py:188} INFO - [2025-01-14T00:05:12.748+0000] {dag.py:3036} INFO - Sync 1 DAGs
[2025-01-14T00:05:12.755+0000] {logging_mixin.py:188} INFO - [2025-01-14T00:05:12.755+0000] {dag.py:3823} INFO - Setting next_dagrun for tutorial_dag to None, run_after=None
[2025-01-14T00:05:12.767+0000] {processor.py:183} INFO - Processing /home/airflow/.local/lib/python3.8/site-packages/airflow/example_dags/tutorial_dag.py took 0.038 seconds
[2025-01-14T00:06:25.309+0000] {processor.py:161} INFO - Started process (PID=86) to work on /home/airflow/.local/lib/python3.8/site-packages/airflow/example_dags/tutorial_dag.py
[2025-01-14T00:06:25.310+0000] {processor.py:830} INFO - Processing file /home/airflow/.local/lib/python3.8/site-packages/airflow/example_dags/tutorial_dag.py for tasks to queue
[2025-01-14T00:06:25.311+0000] {logging_mixin.py:188} INFO - [2025-01-14T00:06:25.311+0000] {dagbag.py:538} INFO - Filling up the DagBag from /home/airflow/.local/lib/python3.8/site-packages/airflow/example_dags/tutorial_dag.py
[2025-01-14T00:06:25.315+0000] {processor.py:840} INFO - DAG(s) 'tutorial_dag' retrieved from /home/airflow/.local/lib/python3.8/site-packages/airflow/example_dags/tutorial_dag.py
[2025-01-14T00:06:25.322+0000] {logging_mixin.py:188} INFO - [2025-01-14T00:06:25.322+0000] {dag.py:3036} INFO - Sync 1 DAGs
[2025-01-14T00:06:25.331+0000] {logging_mixin.py:188} INFO - [2025-01-14T00:06:25.331+0000] {dag.py:3823} INFO - Setting next_dagrun for tutorial_dag to None, run_after=None
[2025-01-14T00:06:25.344+0000] {processor.py:183} INFO - Processing /home/airflow/.local/lib/python3.8/site-packages/airflow/example_dags/tutorial_dag.py took 0.037 seconds
[2025-01-14T00:06:56.435+0000] {processor.py:161} INFO - Started process (PID=145) to work on /home/airflow/.local/lib/python3.8/site-packages/airflow/example_dags/tutorial_dag.py
[2025-01-14T00:06:56.436+0000] {processor.py:830} INFO - Processing file /home/airflow/.local/lib/python3.8/site-packages/airflow/example_dags/tutorial_dag.py for tasks to queue
[2025-01-14T00:06:56.437+0000] {logging_mixin.py:188} INFO - [2025-01-14T00:06:56.437+0000] {dagbag.py:538} INFO - Filling up the DagBag from /home/airflow/.local/lib/python3.8/site-packages/airflow/example_dags/tutorial_dag.py
[2025-01-14T00:06:56.440+0000] {processor.py:840} INFO - DAG(s) 'tutorial_dag' retrieved from /home/airflow/.local/lib/python3.8/site-packages/airflow/example_dags/tutorial_dag.py
[2025-01-14T00:06:56.500+0000] {logging_mixin.py:188} INFO - [2025-01-14T00:06:56.500+0000] {dag.py:3036} INFO - Sync 1 DAGs
[2025-01-14T00:06:56.506+0000] {logging_mixin.py:188} INFO - [2025-01-14T00:06:56.506+0000] {dag.py:3823} INFO - Setting next_dagrun for tutorial_dag to None, run_after=None
[2025-01-14T00:06:56.519+0000] {processor.py:183} INFO - Processing /home/airflow/.local/lib/python3.8/site-packages/airflow/example_dags/tutorial_dag.py took 0.085 seconds
[2025-01-14T00:07:26.819+0000] {processor.py:161} INFO - Started process (PID=204) to work on /home/airflow/.local/lib/python3.8/site-packages/airflow/example_dags/tutorial_dag.py
[2025-01-14T00:07:26.819+0000] {processor.py:830} INFO - Processing file /home/airflow/.local/lib/python3.8/site-packages/airflow/example_dags/tutorial_dag.py for tasks to queue
[2025-01-14T00:07:26.820+0000] {logging_mixin.py:188} INFO - [2025-01-14T00:07:26.820+0000] {dagbag.py:538} INFO - Filling up the DagBag from /home/airflow/.local/lib/python3.8/site-packages/airflow/example_dags/tutorial_dag.py
[2025-01-14T00:07:26.824+0000] {processor.py:840} INFO - DAG(s) 'tutorial_dag' retrieved from /home/airflow/.local/lib/python3.8/site-packages/airflow/example_dags/tutorial_dag.py
[2025-01-14T00:07:26.836+0000] {logging_mixin.py:188} INFO - [2025-01-14T00:07:26.836+0000] {dag.py:3036} INFO - Sync 1 DAGs
[2025-01-14T00:07:26.843+0000] {logging_mixin.py:188} INFO - [2025-01-14T00:07:26.843+0000] {dag.py:3823} INFO - Setting next_dagrun for tutorial_dag to None, run_after=None
[2025-01-14T00:07:26.854+0000] {processor.py:183} INFO - Processing /home/airflow/.local/lib/python3.8/site-packages/airflow/example_dags/tutorial_dag.py took 0.038 seconds
[2025-01-14T00:07:57.097+0000] {processor.py:161} INFO - Started process (PID=263) to work on /home/airflow/.local/lib/python3.8/site-packages/airflow/example_dags/tutorial_dag.py
[2025-01-14T00:07:57.098+0000] {processor.py:830} INFO - Processing file /home/airflow/.local/lib/python3.8/site-packages/airflow/example_dags/tutorial_dag.py for tasks to queue
[2025-01-14T00:07:57.099+0000] {logging_mixin.py:188} INFO - [2025-01-14T00:07:57.099+0000] {dagbag.py:538} INFO - Filling up the DagBag from /home/airflow/.local/lib/python3.8/site-packages/airflow/example_dags/tutorial_dag.py
[2025-01-14T00:07:57.103+0000] {processor.py:840} INFO - DAG(s) 'tutorial_dag' retrieved from /home/airflow/.local/lib/python3.8/site-packages/airflow/example_dags/tutorial_dag.py
[2025-01-14T00:07:57.116+0000] {logging_mixin.py:188} INFO - [2025-01-14T00:07:57.115+0000] {dag.py:3036} INFO - Sync 1 DAGs
[2025-01-14T00:07:57.123+0000] {logging_mixin.py:188} INFO - [2025-01-14T00:07:57.123+0000] {dag.py:3823} INFO - Setting next_dagrun for tutorial_dag to None, run_after=None
[2025-01-14T00:07:57.136+0000] {processor.py:183} INFO - Processing /home/airflow/.local/lib/python3.8/site-packages/airflow/example_dags/tutorial_dag.py took 0.041 seconds
[2025-01-14T00:08:27.372+0000] {processor.py:161} INFO - Started process (PID=322) to work on /home/airflow/.local/lib/python3.8/site-packages/airflow/example_dags/tutorial_dag.py
[2025-01-14T00:08:27.373+0000] {processor.py:830} INFO - Processing file /home/airflow/.local/lib/python3.8/site-packages/airflow/example_dags/tutorial_dag.py for tasks to queue
[2025-01-14T00:08:27.374+0000] {logging_mixin.py:188} INFO - [2025-01-14T00:08:27.374+0000] {dagbag.py:538} INFO - Filling up the DagBag from /home/airflow/.local/lib/python3.8/site-packages/airflow/example_dags/tutorial_dag.py
[2025-01-14T00:08:27.377+0000] {processor.py:840} INFO - DAG(s) 'tutorial_dag' retrieved from /home/airflow/.local/lib/python3.8/site-packages/airflow/example_dags/tutorial_dag.py
[2025-01-14T00:08:27.389+0000] {logging_mixin.py:188} INFO - [2025-01-14T00:08:27.389+0000] {dag.py:3036} INFO - Sync 1 DAGs
[2025-01-14T00:08:27.397+0000] {logging_mixin.py:188} INFO - [2025-01-14T00:08:27.397+0000] {dag.py:3823} INFO - Setting next_dagrun for tutorial_dag to None, run_after=None
[2025-01-14T00:08:27.410+0000] {processor.py:183} INFO - Processing /home/airflow/.local/lib/python3.8/site-packages/airflow/example_dags/tutorial_dag.py took 0.040 seconds
[2025-01-14T00:08:57.637+0000] {processor.py:161} INFO - Started process (PID=381) to work on /home/airflow/.local/lib/python3.8/site-packages/airflow/example_dags/tutorial_dag.py
[2025-01-14T00:08:57.638+0000] {processor.py:830} INFO - Processing file /home/airflow/.local/lib/python3.8/site-packages/airflow/example_dags/tutorial_dag.py for tasks to queue
[2025-01-14T00:08:57.639+0000] {logging_mixin.py:188} INFO - [2025-01-14T00:08:57.639+0000] {dagbag.py:538} INFO - Filling up the DagBag from /home/airflow/.local/lib/python3.8/site-packages/airflow/example_dags/tutorial_dag.py
[2025-01-14T00:08:57.644+0000] {processor.py:840} INFO - DAG(s) 'tutorial_dag' retrieved from /home/airflow/.local/lib/python3.8/site-packages/airflow/example_dags/tutorial_dag.py
[2025-01-14T00:08:57.664+0000] {logging_mixin.py:188} INFO - [2025-01-14T00:08:57.664+0000] {dag.py:3036} INFO - Sync 1 DAGs
[2025-01-14T00:08:57.677+0000] {logging_mixin.py:188} INFO - [2025-01-14T00:08:57.676+0000] {dag.py:3823} INFO - Setting next_dagrun for tutorial_dag to None, run_after=None
[2025-01-14T00:08:57.697+0000] {processor.py:183} INFO - Processing /home/airflow/.local/lib/python3.8/site-packages/airflow/example_dags/tutorial_dag.py took 0.062 seconds
[2025-01-14T00:09:27.925+0000] {processor.py:161} INFO - Started process (PID=440) to work on /home/airflow/.local/lib/python3.8/site-packages/airflow/example_dags/tutorial_dag.py
[2025-01-14T00:09:27.926+0000] {processor.py:830} INFO - Processing file /home/airflow/.local/lib/python3.8/site-packages/airflow/example_dags/tutorial_dag.py for tasks to queue
[2025-01-14T00:09:27.927+0000] {logging_mixin.py:188} INFO - [2025-01-14T00:09:27.927+0000] {dagbag.py:538} INFO - Filling up the DagBag from /home/airflow/.local/lib/python3.8/site-packages/airflow/example_dags/tutorial_dag.py
[2025-01-14T00:09:27.931+0000] {processor.py:840} INFO - DAG(s) 'tutorial_dag' retrieved from /home/airflow/.local/lib/python3.8/site-packages/airflow/example_dags/tutorial_dag.py
[2025-01-14T00:09:27.945+0000] {logging_mixin.py:188} INFO - [2025-01-14T00:09:27.944+0000] {dag.py:3036} INFO - Sync 1 DAGs
[2025-01-14T00:09:27.952+0000] {logging_mixin.py:188} INFO - [2025-01-14T00:09:27.952+0000] {dag.py:3823} INFO - Setting next_dagrun for tutorial_dag to None, run_after=None
[2025-01-14T00:09:27.965+0000] {processor.py:183} INFO - Processing /home/airflow/.local/lib/python3.8/site-packages/airflow/example_dags/tutorial_dag.py took 0.042 seconds
[2025-01-14T00:09:58.961+0000] {processor.py:161} INFO - Started process (PID=499) to work on /home/airflow/.local/lib/python3.8/site-packages/airflow/example_dags/tutorial_dag.py
[2025-01-14T00:09:58.962+0000] {processor.py:830} INFO - Processing file /home/airflow/.local/lib/python3.8/site-packages/airflow/example_dags/tutorial_dag.py for tasks to queue
[2025-01-14T00:09:58.964+0000] {logging_mixin.py:188} INFO - [2025-01-14T00:09:58.963+0000] {dagbag.py:538} INFO - Filling up the DagBag from /home/airflow/.local/lib/python3.8/site-packages/airflow/example_dags/tutorial_dag.py
[2025-01-14T00:09:58.969+0000] {processor.py:840} INFO - DAG(s) 'tutorial_dag' retrieved from /home/airflow/.local/lib/python3.8/site-packages/airflow/example_dags/tutorial_dag.py
[2025-01-14T00:09:58.986+0000] {logging_mixin.py:188} INFO - [2025-01-14T00:09:58.986+0000] {dag.py:3036} INFO - Sync 1 DAGs
[2025-01-14T00:09:58.994+0000] {logging_mixin.py:188} INFO - [2025-01-14T00:09:58.994+0000] {dag.py:3823} INFO - Setting next_dagrun for tutorial_dag to None, run_after=None
[2025-01-14T00:09:59.008+0000] {processor.py:183} INFO - Processing /home/airflow/.local/lib/python3.8/site-packages/airflow/example_dags/tutorial_dag.py took 0.051 seconds
[2025-01-14T00:10:30.353+0000] {processor.py:161} INFO - Started process (PID=558) to work on /home/airflow/.local/lib/python3.8/site-packages/airflow/example_dags/tutorial_dag.py
[2025-01-14T00:10:30.353+0000] {processor.py:830} INFO - Processing file /home/airflow/.local/lib/python3.8/site-packages/airflow/example_dags/tutorial_dag.py for tasks to queue
[2025-01-14T00:10:30.355+0000] {logging_mixin.py:188} INFO - [2025-01-14T00:10:30.354+0000] {dagbag.py:538} INFO - Filling up the DagBag from /home/airflow/.local/lib/python3.8/site-packages/airflow/example_dags/tutorial_dag.py
[2025-01-14T00:10:30.358+0000] {processor.py:840} INFO - DAG(s) 'tutorial_dag' retrieved from /home/airflow/.local/lib/python3.8/site-packages/airflow/example_dags/tutorial_dag.py
[2025-01-14T00:10:30.370+0000] {logging_mixin.py:188} INFO - [2025-01-14T00:10:30.370+0000] {dag.py:3036} INFO - Sync 1 DAGs
[2025-01-14T00:10:30.377+0000] {logging_mixin.py:188} INFO - [2025-01-14T00:10:30.377+0000] {dag.py:3823} INFO - Setting next_dagrun for tutorial_dag to None, run_after=None
[2025-01-14T00:10:30.390+0000] {processor.py:183} INFO - Processing /home/airflow/.local/lib/python3.8/site-packages/airflow/example_dags/tutorial_dag.py took 0.039 seconds
[2025-01-14T00:11:01.558+0000] {processor.py:161} INFO - Started process (PID=617) to work on /home/airflow/.local/lib/python3.8/site-packages/airflow/example_dags/tutorial_dag.py
[2025-01-14T00:11:01.559+0000] {processor.py:830} INFO - Processing file /home/airflow/.local/lib/python3.8/site-packages/airflow/example_dags/tutorial_dag.py for tasks to queue
[2025-01-14T00:11:01.560+0000] {logging_mixin.py:188} INFO - [2025-01-14T00:11:01.559+0000] {dagbag.py:538} INFO - Filling up the DagBag from /home/airflow/.local/lib/python3.8/site-packages/airflow/example_dags/tutorial_dag.py
[2025-01-14T00:11:01.563+0000] {processor.py:840} INFO - DAG(s) 'tutorial_dag' retrieved from /home/airflow/.local/lib/python3.8/site-packages/airflow/example_dags/tutorial_dag.py
[2025-01-14T00:11:01.577+0000] {logging_mixin.py:188} INFO - [2025-01-14T00:11:01.577+0000] {dag.py:3036} INFO - Sync 1 DAGs
[2025-01-14T00:11:01.585+0000] {logging_mixin.py:188} INFO - [2025-01-14T00:11:01.585+0000] {dag.py:3823} INFO - Setting next_dagrun for tutorial_dag to None, run_after=None
[2025-01-14T00:11:01.597+0000] {processor.py:183} INFO - Processing /home/airflow/.local/lib/python3.8/site-packages/airflow/example_dags/tutorial_dag.py took 0.041 seconds
[2025-01-14T00:11:32.644+0000] {processor.py:161} INFO - Started process (PID=676) to work on /home/airflow/.local/lib/python3.8/site-packages/airflow/example_dags/tutorial_dag.py
[2025-01-14T00:11:32.645+0000] {processor.py:830} INFO - Processing file /home/airflow/.local/lib/python3.8/site-packages/airflow/example_dags/tutorial_dag.py for tasks to queue
[2025-01-14T00:11:32.646+0000] {logging_mixin.py:188} INFO - [2025-01-14T00:11:32.645+0000] {dagbag.py:538} INFO - Filling up the DagBag from /home/airflow/.local/lib/python3.8/site-packages/airflow/example_dags/tutorial_dag.py
[2025-01-14T00:11:32.649+0000] {processor.py:840} INFO - DAG(s) 'tutorial_dag' retrieved from /home/airflow/.local/lib/python3.8/site-packages/airflow/example_dags/tutorial_dag.py
[2025-01-14T00:11:32.662+0000] {logging_mixin.py:188} INFO - [2025-01-14T00:11:32.662+0000] {dag.py:3036} INFO - Sync 1 DAGs
[2025-01-14T00:11:32.669+0000] {logging_mixin.py:188} INFO - [2025-01-14T00:11:32.669+0000] {dag.py:3823} INFO - Setting next_dagrun for tutorial_dag to None, run_after=None
[2025-01-14T00:11:32.681+0000] {processor.py:183} INFO - Processing /home/airflow/.local/lib/python3.8/site-packages/airflow/example_dags/tutorial_dag.py took 0.040 seconds
[2025-01-14T00:12:04.068+0000] {processor.py:161} INFO - Started process (PID=735) to work on /home/airflow/.local/lib/python3.8/site-packages/airflow/example_dags/tutorial_dag.py
[2025-01-14T00:12:04.068+0000] {processor.py:830} INFO - Processing file /home/airflow/.local/lib/python3.8/site-packages/airflow/example_dags/tutorial_dag.py for tasks to queue
[2025-01-14T00:12:04.069+0000] {logging_mixin.py:188} INFO - [2025-01-14T00:12:04.069+0000] {dagbag.py:538} INFO - Filling up the DagBag from /home/airflow/.local/lib/python3.8/site-packages/airflow/example_dags/tutorial_dag.py
[2025-01-14T00:12:04.073+0000] {processor.py:840} INFO - DAG(s) 'tutorial_dag' retrieved from /home/airflow/.local/lib/python3.8/site-packages/airflow/example_dags/tutorial_dag.py
[2025-01-14T00:12:04.085+0000] {logging_mixin.py:188} INFO - [2025-01-14T00:12:04.085+0000] {dag.py:3036} INFO - Sync 1 DAGs
[2025-01-14T00:12:04.092+0000] {logging_mixin.py:188} INFO - [2025-01-14T00:12:04.092+0000] {dag.py:3823} INFO - Setting next_dagrun for tutorial_dag to None, run_after=None
[2025-01-14T00:12:04.104+0000] {processor.py:183} INFO - Processing /home/airflow/.local/lib/python3.8/site-packages/airflow/example_dags/tutorial_dag.py took 0.038 seconds
[2025-01-14T00:12:35.186+0000] {processor.py:161} INFO - Started process (PID=794) to work on /home/airflow/.local/lib/python3.8/site-packages/airflow/example_dags/tutorial_dag.py
[2025-01-14T00:12:35.187+0000] {processor.py:830} INFO - Processing file /home/airflow/.local/lib/python3.8/site-packages/airflow/example_dags/tutorial_dag.py for tasks to queue
[2025-01-14T00:12:35.188+0000] {logging_mixin.py:188} INFO - [2025-01-14T00:12:35.187+0000] {dagbag.py:538} INFO - Filling up the DagBag from /home/airflow/.local/lib/python3.8/site-packages/airflow/example_dags/tutorial_dag.py
[2025-01-14T00:12:35.192+0000] {processor.py:840} INFO - DAG(s) 'tutorial_dag' retrieved from /home/airflow/.local/lib/python3.8/site-packages/airflow/example_dags/tutorial_dag.py
[2025-01-14T00:12:35.205+0000] {logging_mixin.py:188} INFO - [2025-01-14T00:12:35.205+0000] {dag.py:3036} INFO - Sync 1 DAGs
[2025-01-14T00:12:35.213+0000] {logging_mixin.py:188} INFO - [2025-01-14T00:12:35.213+0000] {dag.py:3823} INFO - Setting next_dagrun for tutorial_dag to None, run_after=None
[2025-01-14T00:12:35.226+0000] {processor.py:183} INFO - Processing /home/airflow/.local/lib/python3.8/site-packages/airflow/example_dags/tutorial_dag.py took 0.043 seconds
[2025-01-14T00:13:06.225+0000] {processor.py:161} INFO - Started process (PID=853) to work on /home/airflow/.local/lib/python3.8/site-packages/airflow/example_dags/tutorial_dag.py
[2025-01-14T00:13:06.226+0000] {processor.py:830} INFO - Processing file /home/airflow/.local/lib/python3.8/site-packages/airflow/example_dags/tutorial_dag.py for tasks to queue
[2025-01-14T00:13:06.227+0000] {logging_mixin.py:188} INFO - [2025-01-14T00:13:06.227+0000] {dagbag.py:538} INFO - Filling up the DagBag from /home/airflow/.local/lib/python3.8/site-packages/airflow/example_dags/tutorial_dag.py
[2025-01-14T00:13:06.230+0000] {processor.py:840} INFO - DAG(s) 'tutorial_dag' retrieved from /home/airflow/.local/lib/python3.8/site-packages/airflow/example_dags/tutorial_dag.py
[2025-01-14T00:13:06.243+0000] {logging_mixin.py:188} INFO - [2025-01-14T00:13:06.243+0000] {dag.py:3036} INFO - Sync 1 DAGs
[2025-01-14T00:13:06.250+0000] {logging_mixin.py:188} INFO - [2025-01-14T00:13:06.250+0000] {dag.py:3823} INFO - Setting next_dagrun for tutorial_dag to None, run_after=None
[2025-01-14T00:13:06.263+0000] {processor.py:183} INFO - Processing /home/airflow/.local/lib/python3.8/site-packages/airflow/example_dags/tutorial_dag.py took 0.040 seconds
[2025-01-14T00:13:37.614+0000] {processor.py:161} INFO - Started process (PID=912) to work on /home/airflow/.local/lib/python3.8/site-packages/airflow/example_dags/tutorial_dag.py
[2025-01-14T00:13:37.615+0000] {processor.py:830} INFO - Processing file /home/airflow/.local/lib/python3.8/site-packages/airflow/example_dags/tutorial_dag.py for tasks to queue
[2025-01-14T00:13:37.616+0000] {logging_mixin.py:188} INFO - [2025-01-14T00:13:37.616+0000] {dagbag.py:538} INFO - Filling up the DagBag from /home/airflow/.local/lib/python3.8/site-packages/airflow/example_dags/tutorial_dag.py
[2025-01-14T00:13:37.620+0000] {processor.py:840} INFO - DAG(s) 'tutorial_dag' retrieved from /home/airflow/.local/lib/python3.8/site-packages/airflow/example_dags/tutorial_dag.py
[2025-01-14T00:13:37.634+0000] {logging_mixin.py:188} INFO - [2025-01-14T00:13:37.634+0000] {dag.py:3036} INFO - Sync 1 DAGs
[2025-01-14T00:13:37.643+0000] {logging_mixin.py:188} INFO - [2025-01-14T00:13:37.643+0000] {dag.py:3823} INFO - Setting next_dagrun for tutorial_dag to None, run_after=None
[2025-01-14T00:13:37.658+0000] {processor.py:183} INFO - Processing /home/airflow/.local/lib/python3.8/site-packages/airflow/example_dags/tutorial_dag.py took 0.046 seconds
[2025-01-14T00:14:07.872+0000] {processor.py:161} INFO - Started process (PID=971) to work on /home/airflow/.local/lib/python3.8/site-packages/airflow/example_dags/tutorial_dag.py
[2025-01-14T00:14:07.873+0000] {processor.py:830} INFO - Processing file /home/airflow/.local/lib/python3.8/site-packages/airflow/example_dags/tutorial_dag.py for tasks to queue
[2025-01-14T00:14:07.874+0000] {logging_mixin.py:188} INFO - [2025-01-14T00:14:07.874+0000] {dagbag.py:538} INFO - Filling up the DagBag from /home/airflow/.local/lib/python3.8/site-packages/airflow/example_dags/tutorial_dag.py
[2025-01-14T00:14:07.878+0000] {processor.py:840} INFO - DAG(s) 'tutorial_dag' retrieved from /home/airflow/.local/lib/python3.8/site-packages/airflow/example_dags/tutorial_dag.py
[2025-01-14T00:14:07.890+0000] {logging_mixin.py:188} INFO - [2025-01-14T00:14:07.889+0000] {dag.py:3036} INFO - Sync 1 DAGs
[2025-01-14T00:14:07.897+0000] {logging_mixin.py:188} INFO - [2025-01-14T00:14:07.897+0000] {dag.py:3823} INFO - Setting next_dagrun for tutorial_dag to None, run_after=None
[2025-01-14T00:14:07.909+0000] {processor.py:183} INFO - Processing /home/airflow/.local/lib/python3.8/site-packages/airflow/example_dags/tutorial_dag.py took 0.039 seconds
[2025-01-14T00:14:39.073+0000] {processor.py:161} INFO - Started process (PID=1030) to work on /home/airflow/.local/lib/python3.8/site-packages/airflow/example_dags/tutorial_dag.py
[2025-01-14T00:14:39.074+0000] {processor.py:830} INFO - Processing file /home/airflow/.local/lib/python3.8/site-packages/airflow/example_dags/tutorial_dag.py for tasks to queue
[2025-01-14T00:14:39.075+0000] {logging_mixin.py:188} INFO - [2025-01-14T00:14:39.075+0000] {dagbag.py:538} INFO - Filling up the DagBag from /home/airflow/.local/lib/python3.8/site-packages/airflow/example_dags/tutorial_dag.py
[2025-01-14T00:14:39.079+0000] {processor.py:840} INFO - DAG(s) 'tutorial_dag' retrieved from /home/airflow/.local/lib/python3.8/site-packages/airflow/example_dags/tutorial_dag.py
[2025-01-14T00:14:39.091+0000] {logging_mixin.py:188} INFO - [2025-01-14T00:14:39.091+0000] {dag.py:3036} INFO - Sync 1 DAGs
[2025-01-14T00:14:39.098+0000] {logging_mixin.py:188} INFO - [2025-01-14T00:14:39.098+0000] {dag.py:3823} INFO - Setting next_dagrun for tutorial_dag to None, run_after=None
[2025-01-14T00:14:39.111+0000] {processor.py:183} INFO - Processing /home/airflow/.local/lib/python3.8/site-packages/airflow/example_dags/tutorial_dag.py took 0.040 seconds
[2025-01-14T00:15:10.097+0000] {processor.py:161} INFO - Started process (PID=1089) to work on /home/airflow/.local/lib/python3.8/site-packages/airflow/example_dags/tutorial_dag.py
[2025-01-14T00:15:10.097+0000] {processor.py:830} INFO - Processing file /home/airflow/.local/lib/python3.8/site-packages/airflow/example_dags/tutorial_dag.py for tasks to queue
[2025-01-14T00:15:10.098+0000] {logging_mixin.py:188} INFO - [2025-01-14T00:15:10.098+0000] {dagbag.py:538} INFO - Filling up the DagBag from /home/airflow/.local/lib/python3.8/site-packages/airflow/example_dags/tutorial_dag.py
[2025-01-14T00:15:10.102+0000] {processor.py:840} INFO - DAG(s) 'tutorial_dag' retrieved from /home/airflow/.local/lib/python3.8/site-packages/airflow/example_dags/tutorial_dag.py
[2025-01-14T00:15:10.114+0000] {logging_mixin.py:188} INFO - [2025-01-14T00:15:10.114+0000] {dag.py:3036} INFO - Sync 1 DAGs
[2025-01-14T00:15:10.121+0000] {logging_mixin.py:188} INFO - [2025-01-14T00:15:10.121+0000] {dag.py:3823} INFO - Setting next_dagrun for tutorial_dag to None, run_after=None
[2025-01-14T00:15:10.135+0000] {processor.py:183} INFO - Processing /home/airflow/.local/lib/python3.8/site-packages/airflow/example_dags/tutorial_dag.py took 0.040 seconds
[2025-01-14T00:15:41.356+0000] {processor.py:161} INFO - Started process (PID=1148) to work on /home/airflow/.local/lib/python3.8/site-packages/airflow/example_dags/tutorial_dag.py
[2025-01-14T00:15:41.358+0000] {processor.py:830} INFO - Processing file /home/airflow/.local/lib/python3.8/site-packages/airflow/example_dags/tutorial_dag.py for tasks to queue
[2025-01-14T00:15:41.359+0000] {logging_mixin.py:188} INFO - [2025-01-14T00:15:41.359+0000] {dagbag.py:538} INFO - Filling up the DagBag from /home/airflow/.local/lib/python3.8/site-packages/airflow/example_dags/tutorial_dag.py
[2025-01-14T00:15:41.363+0000] {processor.py:840} INFO - DAG(s) 'tutorial_dag' retrieved from /home/airflow/.local/lib/python3.8/site-packages/airflow/example_dags/tutorial_dag.py
[2025-01-14T00:15:41.377+0000] {logging_mixin.py:188} INFO - [2025-01-14T00:15:41.377+0000] {dag.py:3036} INFO - Sync 1 DAGs
[2025-01-14T00:15:41.385+0000] {logging_mixin.py:188} INFO - [2025-01-14T00:15:41.385+0000] {dag.py:3823} INFO - Setting next_dagrun for tutorial_dag to None, run_after=None
[2025-01-14T00:15:41.400+0000] {processor.py:183} INFO - Processing /home/airflow/.local/lib/python3.8/site-packages/airflow/example_dags/tutorial_dag.py took 0.045 seconds
[2025-01-14T00:16:12.782+0000] {processor.py:161} INFO - Started process (PID=1207) to work on /home/airflow/.local/lib/python3.8/site-packages/airflow/example_dags/tutorial_dag.py
[2025-01-14T00:16:12.783+0000] {processor.py:830} INFO - Processing file /home/airflow/.local/lib/python3.8/site-packages/airflow/example_dags/tutorial_dag.py for tasks to queue
[2025-01-14T00:16:12.784+0000] {logging_mixin.py:188} INFO - [2025-01-14T00:16:12.784+0000] {dagbag.py:538} INFO - Filling up the DagBag from /home/airflow/.local/lib/python3.8/site-packages/airflow/example_dags/tutorial_dag.py
[2025-01-14T00:16:12.788+0000] {processor.py:840} INFO - DAG(s) 'tutorial_dag' retrieved from /home/airflow/.local/lib/python3.8/site-packages/airflow/example_dags/tutorial_dag.py
[2025-01-14T00:16:12.800+0000] {logging_mixin.py:188} INFO - [2025-01-14T00:16:12.800+0000] {dag.py:3036} INFO - Sync 1 DAGs
[2025-01-14T00:16:12.807+0000] {logging_mixin.py:188} INFO - [2025-01-14T00:16:12.807+0000] {dag.py:3823} INFO - Setting next_dagrun for tutorial_dag to None, run_after=None
[2025-01-14T00:16:12.819+0000] {processor.py:183} INFO - Processing /home/airflow/.local/lib/python3.8/site-packages/airflow/example_dags/tutorial_dag.py took 0.038 seconds
[2025-01-14T00:16:43.978+0000] {processor.py:161} INFO - Started process (PID=1272) to work on /home/airflow/.local/lib/python3.8/site-packages/airflow/example_dags/tutorial_dag.py
[2025-01-14T00:16:43.979+0000] {processor.py:830} INFO - Processing file /home/airflow/.local/lib/python3.8/site-packages/airflow/example_dags/tutorial_dag.py for tasks to queue
[2025-01-14T00:16:43.980+0000] {logging_mixin.py:188} INFO - [2025-01-14T00:16:43.980+0000] {dagbag.py:538} INFO - Filling up the DagBag from /home/airflow/.local/lib/python3.8/site-packages/airflow/example_dags/tutorial_dag.py
[2025-01-14T00:16:43.983+0000] {processor.py:840} INFO - DAG(s) 'tutorial_dag' retrieved from /home/airflow/.local/lib/python3.8/site-packages/airflow/example_dags/tutorial_dag.py
[2025-01-14T00:16:43.995+0000] {logging_mixin.py:188} INFO - [2025-01-14T00:16:43.995+0000] {dag.py:3036} INFO - Sync 1 DAGs
[2025-01-14T00:16:44.002+0000] {logging_mixin.py:188} INFO - [2025-01-14T00:16:44.002+0000] {dag.py:3823} INFO - Setting next_dagrun for tutorial_dag to None, run_after=None
[2025-01-14T00:16:44.014+0000] {processor.py:183} INFO - Processing /home/airflow/.local/lib/python3.8/site-packages/airflow/example_dags/tutorial_dag.py took 0.038 seconds
[2025-01-14T00:17:15.112+0000] {processor.py:161} INFO - Started process (PID=1331) to work on /home/airflow/.local/lib/python3.8/site-packages/airflow/example_dags/tutorial_dag.py
[2025-01-14T00:17:15.113+0000] {processor.py:830} INFO - Processing file /home/airflow/.local/lib/python3.8/site-packages/airflow/example_dags/tutorial_dag.py for tasks to queue
[2025-01-14T00:17:15.114+0000] {logging_mixin.py:188} INFO - [2025-01-14T00:17:15.114+0000] {dagbag.py:538} INFO - Filling up the DagBag from /home/airflow/.local/lib/python3.8/site-packages/airflow/example_dags/tutorial_dag.py
[2025-01-14T00:17:15.117+0000] {processor.py:840} INFO - DAG(s) 'tutorial_dag' retrieved from /home/airflow/.local/lib/python3.8/site-packages/airflow/example_dags/tutorial_dag.py
[2025-01-14T00:17:15.129+0000] {logging_mixin.py:188} INFO - [2025-01-14T00:17:15.129+0000] {dag.py:3036} INFO - Sync 1 DAGs
[2025-01-14T00:17:15.136+0000] {logging_mixin.py:188} INFO - [2025-01-14T00:17:15.136+0000] {dag.py:3823} INFO - Setting next_dagrun for tutorial_dag to None, run_after=None
[2025-01-14T00:17:15.148+0000] {processor.py:183} INFO - Processing /home/airflow/.local/lib/python3.8/site-packages/airflow/example_dags/tutorial_dag.py took 0.038 seconds
[2025-01-14T00:17:46.213+0000] {processor.py:161} INFO - Started process (PID=1390) to work on /home/airflow/.local/lib/python3.8/site-packages/airflow/example_dags/tutorial_dag.py
[2025-01-14T00:17:46.214+0000] {processor.py:830} INFO - Processing file /home/airflow/.local/lib/python3.8/site-packages/airflow/example_dags/tutorial_dag.py for tasks to queue
[2025-01-14T00:17:46.215+0000] {logging_mixin.py:188} INFO - [2025-01-14T00:17:46.215+0000] {dagbag.py:538} INFO - Filling up the DagBag from /home/airflow/.local/lib/python3.8/site-packages/airflow/example_dags/tutorial_dag.py
[2025-01-14T00:17:46.218+0000] {processor.py:840} INFO - DAG(s) 'tutorial_dag' retrieved from /home/airflow/.local/lib/python3.8/site-packages/airflow/example_dags/tutorial_dag.py
[2025-01-14T00:17:46.231+0000] {logging_mixin.py:188} INFO - [2025-01-14T00:17:46.231+0000] {dag.py:3036} INFO - Sync 1 DAGs
[2025-01-14T00:17:46.238+0000] {logging_mixin.py:188} INFO - [2025-01-14T00:17:46.238+0000] {dag.py:3823} INFO - Setting next_dagrun for tutorial_dag to None, run_after=None
[2025-01-14T00:17:46.251+0000] {processor.py:183} INFO - Processing /home/airflow/.local/lib/python3.8/site-packages/airflow/example_dags/tutorial_dag.py took 0.039 seconds
[2025-01-14T00:18:16.664+0000] {processor.py:161} INFO - Started process (PID=1449) to work on /home/airflow/.local/lib/python3.8/site-packages/airflow/example_dags/tutorial_dag.py
[2025-01-14T00:18:16.665+0000] {processor.py:830} INFO - Processing file /home/airflow/.local/lib/python3.8/site-packages/airflow/example_dags/tutorial_dag.py for tasks to queue
[2025-01-14T00:18:16.666+0000] {logging_mixin.py:188} INFO - [2025-01-14T00:18:16.665+0000] {dagbag.py:538} INFO - Filling up the DagBag from /home/airflow/.local/lib/python3.8/site-packages/airflow/example_dags/tutorial_dag.py
[2025-01-14T00:18:16.669+0000] {processor.py:840} INFO - DAG(s) 'tutorial_dag' retrieved from /home/airflow/.local/lib/python3.8/site-packages/airflow/example_dags/tutorial_dag.py
[2025-01-14T00:18:16.681+0000] {logging_mixin.py:188} INFO - [2025-01-14T00:18:16.681+0000] {dag.py:3036} INFO - Sync 1 DAGs
[2025-01-14T00:18:16.689+0000] {logging_mixin.py:188} INFO - [2025-01-14T00:18:16.688+0000] {dag.py:3823} INFO - Setting next_dagrun for tutorial_dag to None, run_after=None
[2025-01-14T00:18:16.701+0000] {processor.py:183} INFO - Processing /home/airflow/.local/lib/python3.8/site-packages/airflow/example_dags/tutorial_dag.py took 0.039 seconds
[2025-01-14T00:18:47.871+0000] {processor.py:161} INFO - Started process (PID=1508) to work on /home/airflow/.local/lib/python3.8/site-packages/airflow/example_dags/tutorial_dag.py
[2025-01-14T00:18:47.871+0000] {processor.py:830} INFO - Processing file /home/airflow/.local/lib/python3.8/site-packages/airflow/example_dags/tutorial_dag.py for tasks to queue
[2025-01-14T00:18:47.872+0000] {logging_mixin.py:188} INFO - [2025-01-14T00:18:47.872+0000] {dagbag.py:538} INFO - Filling up the DagBag from /home/airflow/.local/lib/python3.8/site-packages/airflow/example_dags/tutorial_dag.py
[2025-01-14T00:18:47.876+0000] {processor.py:840} INFO - DAG(s) 'tutorial_dag' retrieved from /home/airflow/.local/lib/python3.8/site-packages/airflow/example_dags/tutorial_dag.py
[2025-01-14T00:18:47.888+0000] {logging_mixin.py:188} INFO - [2025-01-14T00:18:47.888+0000] {dag.py:3036} INFO - Sync 1 DAGs
[2025-01-14T00:18:47.896+0000] {logging_mixin.py:188} INFO - [2025-01-14T00:18:47.896+0000] {dag.py:3823} INFO - Setting next_dagrun for tutorial_dag to None, run_after=None
[2025-01-14T00:18:47.908+0000] {processor.py:183} INFO - Processing /home/airflow/.local/lib/python3.8/site-packages/airflow/example_dags/tutorial_dag.py took 0.039 seconds
[2025-01-14T00:19:19.051+0000] {processor.py:161} INFO - Started process (PID=1567) to work on /home/airflow/.local/lib/python3.8/site-packages/airflow/example_dags/tutorial_dag.py
[2025-01-14T00:19:19.052+0000] {processor.py:830} INFO - Processing file /home/airflow/.local/lib/python3.8/site-packages/airflow/example_dags/tutorial_dag.py for tasks to queue
[2025-01-14T00:19:19.053+0000] {logging_mixin.py:188} INFO - [2025-01-14T00:19:19.053+0000] {dagbag.py:538} INFO - Filling up the DagBag from /home/airflow/.local/lib/python3.8/site-packages/airflow/example_dags/tutorial_dag.py
[2025-01-14T00:19:19.056+0000] {processor.py:840} INFO - DAG(s) 'tutorial_dag' retrieved from /home/airflow/.local/lib/python3.8/site-packages/airflow/example_dags/tutorial_dag.py
[2025-01-14T00:19:19.072+0000] {logging_mixin.py:188} INFO - [2025-01-14T00:19:19.071+0000] {dag.py:3036} INFO - Sync 1 DAGs
[2025-01-14T00:19:19.081+0000] {logging_mixin.py:188} INFO - [2025-01-14T00:19:19.081+0000] {dag.py:3823} INFO - Setting next_dagrun for tutorial_dag to None, run_after=None
[2025-01-14T00:19:19.094+0000] {processor.py:183} INFO - Processing /home/airflow/.local/lib/python3.8/site-packages/airflow/example_dags/tutorial_dag.py took 0.046 seconds
[2025-01-14T00:19:50.422+0000] {processor.py:161} INFO - Started process (PID=1626) to work on /home/airflow/.local/lib/python3.8/site-packages/airflow/example_dags/tutorial_dag.py
[2025-01-14T00:19:50.423+0000] {processor.py:830} INFO - Processing file /home/airflow/.local/lib/python3.8/site-packages/airflow/example_dags/tutorial_dag.py for tasks to queue
[2025-01-14T00:19:50.424+0000] {logging_mixin.py:188} INFO - [2025-01-14T00:19:50.423+0000] {dagbag.py:538} INFO - Filling up the DagBag from /home/airflow/.local/lib/python3.8/site-packages/airflow/example_dags/tutorial_dag.py
[2025-01-14T00:19:50.427+0000] {processor.py:840} INFO - DAG(s) 'tutorial_dag' retrieved from /home/airflow/.local/lib/python3.8/site-packages/airflow/example_dags/tutorial_dag.py
[2025-01-14T00:19:50.440+0000] {logging_mixin.py:188} INFO - [2025-01-14T00:19:50.440+0000] {dag.py:3036} INFO - Sync 1 DAGs
[2025-01-14T00:19:50.447+0000] {logging_mixin.py:188} INFO - [2025-01-14T00:19:50.447+0000] {dag.py:3823} INFO - Setting next_dagrun for tutorial_dag to None, run_after=None
[2025-01-14T00:19:50.460+0000] {processor.py:183} INFO - Processing /home/airflow/.local/lib/python3.8/site-packages/airflow/example_dags/tutorial_dag.py took 0.040 seconds
[2025-01-14T00:20:22.129+0000] {processor.py:161} INFO - Started process (PID=1685) to work on /home/airflow/.local/lib/python3.8/site-packages/airflow/example_dags/tutorial_dag.py
[2025-01-14T00:20:22.130+0000] {processor.py:830} INFO - Processing file /home/airflow/.local/lib/python3.8/site-packages/airflow/example_dags/tutorial_dag.py for tasks to queue
[2025-01-14T00:20:22.131+0000] {logging_mixin.py:188} INFO - [2025-01-14T00:20:22.130+0000] {dagbag.py:538} INFO - Filling up the DagBag from /home/airflow/.local/lib/python3.8/site-packages/airflow/example_dags/tutorial_dag.py
[2025-01-14T00:20:22.134+0000] {processor.py:840} INFO - DAG(s) 'tutorial_dag' retrieved from /home/airflow/.local/lib/python3.8/site-packages/airflow/example_dags/tutorial_dag.py
[2025-01-14T00:20:22.147+0000] {logging_mixin.py:188} INFO - [2025-01-14T00:20:22.147+0000] {dag.py:3036} INFO - Sync 1 DAGs
[2025-01-14T00:20:22.155+0000] {logging_mixin.py:188} INFO - [2025-01-14T00:20:22.155+0000] {dag.py:3823} INFO - Setting next_dagrun for tutorial_dag to None, run_after=None
[2025-01-14T00:20:22.168+0000] {processor.py:183} INFO - Processing /home/airflow/.local/lib/python3.8/site-packages/airflow/example_dags/tutorial_dag.py took 0.042 seconds
[2025-01-14T00:20:52.189+0000] {processor.py:161} INFO - Started process (PID=1744) to work on /home/airflow/.local/lib/python3.8/site-packages/airflow/example_dags/tutorial_dag.py
[2025-01-14T00:20:52.189+0000] {processor.py:830} INFO - Processing file /home/airflow/.local/lib/python3.8/site-packages/airflow/example_dags/tutorial_dag.py for tasks to queue
[2025-01-14T00:20:52.190+0000] {logging_mixin.py:188} INFO - [2025-01-14T00:20:52.190+0000] {dagbag.py:538} INFO - Filling up the DagBag from /home/airflow/.local/lib/python3.8/site-packages/airflow/example_dags/tutorial_dag.py
[2025-01-14T00:20:52.194+0000] {processor.py:840} INFO - DAG(s) 'tutorial_dag' retrieved from /home/airflow/.local/lib/python3.8/site-packages/airflow/example_dags/tutorial_dag.py
[2025-01-14T00:20:52.206+0000] {logging_mixin.py:188} INFO - [2025-01-14T00:20:52.206+0000] {dag.py:3036} INFO - Sync 1 DAGs
[2025-01-14T00:20:52.214+0000] {logging_mixin.py:188} INFO - [2025-01-14T00:20:52.214+0000] {dag.py:3823} INFO - Setting next_dagrun for tutorial_dag to None, run_after=None
[2025-01-14T00:20:52.226+0000] {processor.py:183} INFO - Processing /home/airflow/.local/lib/python3.8/site-packages/airflow/example_dags/tutorial_dag.py took 0.040 seconds
[2025-01-14T00:21:23.156+0000] {processor.py:161} INFO - Started process (PID=1803) to work on /home/airflow/.local/lib/python3.8/site-packages/airflow/example_dags/tutorial_dag.py
[2025-01-14T00:21:23.157+0000] {processor.py:830} INFO - Processing file /home/airflow/.local/lib/python3.8/site-packages/airflow/example_dags/tutorial_dag.py for tasks to queue
[2025-01-14T00:21:23.158+0000] {logging_mixin.py:188} INFO - [2025-01-14T00:21:23.158+0000] {dagbag.py:538} INFO - Filling up the DagBag from /home/airflow/.local/lib/python3.8/site-packages/airflow/example_dags/tutorial_dag.py
[2025-01-14T00:21:23.162+0000] {processor.py:840} INFO - DAG(s) 'tutorial_dag' retrieved from /home/airflow/.local/lib/python3.8/site-packages/airflow/example_dags/tutorial_dag.py
[2025-01-14T00:21:23.175+0000] {logging_mixin.py:188} INFO - [2025-01-14T00:21:23.175+0000] {dag.py:3036} INFO - Sync 1 DAGs
[2025-01-14T00:21:23.182+0000] {logging_mixin.py:188} INFO - [2025-01-14T00:21:23.182+0000] {dag.py:3823} INFO - Setting next_dagrun for tutorial_dag to None, run_after=None
[2025-01-14T00:21:23.196+0000] {processor.py:183} INFO - Processing /home/airflow/.local/lib/python3.8/site-packages/airflow/example_dags/tutorial_dag.py took 0.042 seconds
[2025-01-14T00:21:54.582+0000] {processor.py:161} INFO - Started process (PID=1862) to work on /home/airflow/.local/lib/python3.8/site-packages/airflow/example_dags/tutorial_dag.py
[2025-01-14T00:21:54.583+0000] {processor.py:830} INFO - Processing file /home/airflow/.local/lib/python3.8/site-packages/airflow/example_dags/tutorial_dag.py for tasks to queue
[2025-01-14T00:21:54.584+0000] {logging_mixin.py:188} INFO - [2025-01-14T00:21:54.584+0000] {dagbag.py:538} INFO - Filling up the DagBag from /home/airflow/.local/lib/python3.8/site-packages/airflow/example_dags/tutorial_dag.py
[2025-01-14T00:21:54.587+0000] {processor.py:840} INFO - DAG(s) 'tutorial_dag' retrieved from /home/airflow/.local/lib/python3.8/site-packages/airflow/example_dags/tutorial_dag.py
[2025-01-14T00:21:54.599+0000] {logging_mixin.py:188} INFO - [2025-01-14T00:21:54.599+0000] {dag.py:3036} INFO - Sync 1 DAGs
[2025-01-14T00:21:54.606+0000] {logging_mixin.py:188} INFO - [2025-01-14T00:21:54.606+0000] {dag.py:3823} INFO - Setting next_dagrun for tutorial_dag to None, run_after=None
[2025-01-14T00:21:54.618+0000] {processor.py:183} INFO - Processing /home/airflow/.local/lib/python3.8/site-packages/airflow/example_dags/tutorial_dag.py took 0.038 seconds
[2025-01-14T00:22:25.766+0000] {processor.py:161} INFO - Started process (PID=1921) to work on /home/airflow/.local/lib/python3.8/site-packages/airflow/example_dags/tutorial_dag.py
[2025-01-14T00:22:25.767+0000] {processor.py:830} INFO - Processing file /home/airflow/.local/lib/python3.8/site-packages/airflow/example_dags/tutorial_dag.py for tasks to queue
[2025-01-14T00:22:25.768+0000] {logging_mixin.py:188} INFO - [2025-01-14T00:22:25.768+0000] {dagbag.py:538} INFO - Filling up the DagBag from /home/airflow/.local/lib/python3.8/site-packages/airflow/example_dags/tutorial_dag.py
[2025-01-14T00:22:25.771+0000] {processor.py:840} INFO - DAG(s) 'tutorial_dag' retrieved from /home/airflow/.local/lib/python3.8/site-packages/airflow/example_dags/tutorial_dag.py
[2025-01-14T00:22:25.784+0000] {logging_mixin.py:188} INFO - [2025-01-14T00:22:25.783+0000] {dag.py:3036} INFO - Sync 1 DAGs
[2025-01-14T00:22:25.791+0000] {logging_mixin.py:188} INFO - [2025-01-14T00:22:25.791+0000] {dag.py:3823} INFO - Setting next_dagrun for tutorial_dag to None, run_after=None
[2025-01-14T00:22:25.803+0000] {processor.py:183} INFO - Processing /home/airflow/.local/lib/python3.8/site-packages/airflow/example_dags/tutorial_dag.py took 0.039 seconds
[2025-01-14T00:22:56.875+0000] {processor.py:161} INFO - Started process (PID=1980) to work on /home/airflow/.local/lib/python3.8/site-packages/airflow/example_dags/tutorial_dag.py
[2025-01-14T00:22:56.875+0000] {processor.py:830} INFO - Processing file /home/airflow/.local/lib/python3.8/site-packages/airflow/example_dags/tutorial_dag.py for tasks to queue
[2025-01-14T00:22:56.876+0000] {logging_mixin.py:188} INFO - [2025-01-14T00:22:56.876+0000] {dagbag.py:538} INFO - Filling up the DagBag from /home/airflow/.local/lib/python3.8/site-packages/airflow/example_dags/tutorial_dag.py
[2025-01-14T00:22:56.880+0000] {processor.py:840} INFO - DAG(s) 'tutorial_dag' retrieved from /home/airflow/.local/lib/python3.8/site-packages/airflow/example_dags/tutorial_dag.py
[2025-01-14T00:22:56.892+0000] {logging_mixin.py:188} INFO - [2025-01-14T00:22:56.892+0000] {dag.py:3036} INFO - Sync 1 DAGs
[2025-01-14T00:22:56.899+0000] {logging_mixin.py:188} INFO - [2025-01-14T00:22:56.899+0000] {dag.py:3823} INFO - Setting next_dagrun for tutorial_dag to None, run_after=None
[2025-01-14T00:22:56.911+0000] {processor.py:183} INFO - Processing /home/airflow/.local/lib/python3.8/site-packages/airflow/example_dags/tutorial_dag.py took 0.038 seconds
[2025-01-14T00:23:28.060+0000] {processor.py:161} INFO - Started process (PID=2039) to work on /home/airflow/.local/lib/python3.8/site-packages/airflow/example_dags/tutorial_dag.py
[2025-01-14T00:23:28.060+0000] {processor.py:830} INFO - Processing file /home/airflow/.local/lib/python3.8/site-packages/airflow/example_dags/tutorial_dag.py for tasks to queue
[2025-01-14T00:23:28.061+0000] {logging_mixin.py:188} INFO - [2025-01-14T00:23:28.061+0000] {dagbag.py:538} INFO - Filling up the DagBag from /home/airflow/.local/lib/python3.8/site-packages/airflow/example_dags/tutorial_dag.py
[2025-01-14T00:23:28.064+0000] {processor.py:840} INFO - DAG(s) 'tutorial_dag' retrieved from /home/airflow/.local/lib/python3.8/site-packages/airflow/example_dags/tutorial_dag.py
[2025-01-14T00:23:28.077+0000] {logging_mixin.py:188} INFO - [2025-01-14T00:23:28.077+0000] {dag.py:3036} INFO - Sync 1 DAGs
[2025-01-14T00:23:28.085+0000] {logging_mixin.py:188} INFO - [2025-01-14T00:23:28.085+0000] {dag.py:3823} INFO - Setting next_dagrun for tutorial_dag to None, run_after=None
[2025-01-14T00:23:28.098+0000] {processor.py:183} INFO - Processing /home/airflow/.local/lib/python3.8/site-packages/airflow/example_dags/tutorial_dag.py took 0.041 seconds
[2025-01-14T00:23:59.177+0000] {processor.py:161} INFO - Started process (PID=2098) to work on /home/airflow/.local/lib/python3.8/site-packages/airflow/example_dags/tutorial_dag.py
[2025-01-14T00:23:59.178+0000] {processor.py:830} INFO - Processing file /home/airflow/.local/lib/python3.8/site-packages/airflow/example_dags/tutorial_dag.py for tasks to queue
[2025-01-14T00:23:59.179+0000] {logging_mixin.py:188} INFO - [2025-01-14T00:23:59.179+0000] {dagbag.py:538} INFO - Filling up the DagBag from /home/airflow/.local/lib/python3.8/site-packages/airflow/example_dags/tutorial_dag.py
[2025-01-14T00:23:59.182+0000] {processor.py:840} INFO - DAG(s) 'tutorial_dag' retrieved from /home/airflow/.local/lib/python3.8/site-packages/airflow/example_dags/tutorial_dag.py
[2025-01-14T00:23:59.195+0000] {logging_mixin.py:188} INFO - [2025-01-14T00:23:59.195+0000] {dag.py:3036} INFO - Sync 1 DAGs
[2025-01-14T00:23:59.202+0000] {logging_mixin.py:188} INFO - [2025-01-14T00:23:59.202+0000] {dag.py:3823} INFO - Setting next_dagrun for tutorial_dag to None, run_after=None
[2025-01-14T00:23:59.215+0000] {processor.py:183} INFO - Processing /home/airflow/.local/lib/python3.8/site-packages/airflow/example_dags/tutorial_dag.py took 0.039 seconds
[2025-01-14T00:24:30.226+0000] {processor.py:161} INFO - Started process (PID=2157) to work on /home/airflow/.local/lib/python3.8/site-packages/airflow/example_dags/tutorial_dag.py
[2025-01-14T00:24:30.227+0000] {processor.py:830} INFO - Processing file /home/airflow/.local/lib/python3.8/site-packages/airflow/example_dags/tutorial_dag.py for tasks to queue
[2025-01-14T00:24:30.228+0000] {logging_mixin.py:188} INFO - [2025-01-14T00:24:30.228+0000] {dagbag.py:538} INFO - Filling up the DagBag from /home/airflow/.local/lib/python3.8/site-packages/airflow/example_dags/tutorial_dag.py
[2025-01-14T00:24:30.231+0000] {processor.py:840} INFO - DAG(s) 'tutorial_dag' retrieved from /home/airflow/.local/lib/python3.8/site-packages/airflow/example_dags/tutorial_dag.py
[2025-01-14T00:24:30.243+0000] {logging_mixin.py:188} INFO - [2025-01-14T00:24:30.243+0000] {dag.py:3036} INFO - Sync 1 DAGs
[2025-01-14T00:24:30.250+0000] {logging_mixin.py:188} INFO - [2025-01-14T00:24:30.250+0000] {dag.py:3823} INFO - Setting next_dagrun for tutorial_dag to None, run_after=None
[2025-01-14T00:24:30.264+0000] {processor.py:183} INFO - Processing /home/airflow/.local/lib/python3.8/site-packages/airflow/example_dags/tutorial_dag.py took 0.040 seconds
[2025-01-14T00:25:00.611+0000] {processor.py:161} INFO - Started process (PID=2216) to work on /home/airflow/.local/lib/python3.8/site-packages/airflow/example_dags/tutorial_dag.py
[2025-01-14T00:25:00.612+0000] {processor.py:830} INFO - Processing file /home/airflow/.local/lib/python3.8/site-packages/airflow/example_dags/tutorial_dag.py for tasks to queue
[2025-01-14T00:25:00.613+0000] {logging_mixin.py:188} INFO - [2025-01-14T00:25:00.613+0000] {dagbag.py:538} INFO - Filling up the DagBag from /home/airflow/.local/lib/python3.8/site-packages/airflow/example_dags/tutorial_dag.py
[2025-01-14T00:25:00.617+0000] {processor.py:840} INFO - DAG(s) 'tutorial_dag' retrieved from /home/airflow/.local/lib/python3.8/site-packages/airflow/example_dags/tutorial_dag.py
[2025-01-14T00:25:00.630+0000] {logging_mixin.py:188} INFO - [2025-01-14T00:25:00.629+0000] {dag.py:3036} INFO - Sync 1 DAGs
[2025-01-14T00:25:00.637+0000] {logging_mixin.py:188} INFO - [2025-01-14T00:25:00.637+0000] {dag.py:3823} INFO - Setting next_dagrun for tutorial_dag to None, run_after=None
[2025-01-14T00:25:00.651+0000] {processor.py:183} INFO - Processing /home/airflow/.local/lib/python3.8/site-packages/airflow/example_dags/tutorial_dag.py took 0.041 seconds
[2025-01-14T00:25:31.595+0000] {processor.py:161} INFO - Started process (PID=2275) to work on /home/airflow/.local/lib/python3.8/site-packages/airflow/example_dags/tutorial_dag.py
[2025-01-14T00:25:31.596+0000] {processor.py:830} INFO - Processing file /home/airflow/.local/lib/python3.8/site-packages/airflow/example_dags/tutorial_dag.py for tasks to queue
[2025-01-14T00:25:31.597+0000] {logging_mixin.py:188} INFO - [2025-01-14T00:25:31.597+0000] {dagbag.py:538} INFO - Filling up the DagBag from /home/airflow/.local/lib/python3.8/site-packages/airflow/example_dags/tutorial_dag.py
[2025-01-14T00:25:31.600+0000] {processor.py:840} INFO - DAG(s) 'tutorial_dag' retrieved from /home/airflow/.local/lib/python3.8/site-packages/airflow/example_dags/tutorial_dag.py
[2025-01-14T00:25:31.612+0000] {logging_mixin.py:188} INFO - [2025-01-14T00:25:31.612+0000] {dag.py:3036} INFO - Sync 1 DAGs
[2025-01-14T00:25:31.620+0000] {logging_mixin.py:188} INFO - [2025-01-14T00:25:31.620+0000] {dag.py:3823} INFO - Setting next_dagrun for tutorial_dag to None, run_after=None
[2025-01-14T00:25:31.632+0000] {processor.py:183} INFO - Processing /home/airflow/.local/lib/python3.8/site-packages/airflow/example_dags/tutorial_dag.py took 0.039 seconds
[2025-01-14T00:26:03.208+0000] {processor.py:161} INFO - Started process (PID=2336) to work on /home/airflow/.local/lib/python3.8/site-packages/airflow/example_dags/tutorial_dag.py
[2025-01-14T00:26:03.209+0000] {processor.py:830} INFO - Processing file /home/airflow/.local/lib/python3.8/site-packages/airflow/example_dags/tutorial_dag.py for tasks to queue
[2025-01-14T00:26:03.210+0000] {logging_mixin.py:188} INFO - [2025-01-14T00:26:03.210+0000] {dagbag.py:538} INFO - Filling up the DagBag from /home/airflow/.local/lib/python3.8/site-packages/airflow/example_dags/tutorial_dag.py
[2025-01-14T00:26:03.214+0000] {processor.py:840} INFO - DAG(s) 'tutorial_dag' retrieved from /home/airflow/.local/lib/python3.8/site-packages/airflow/example_dags/tutorial_dag.py
[2025-01-14T00:26:03.227+0000] {logging_mixin.py:188} INFO - [2025-01-14T00:26:03.227+0000] {dag.py:3036} INFO - Sync 1 DAGs
[2025-01-14T00:26:03.235+0000] {logging_mixin.py:188} INFO - [2025-01-14T00:26:03.235+0000] {dag.py:3823} INFO - Setting next_dagrun for tutorial_dag to None, run_after=None
[2025-01-14T00:26:03.248+0000] {processor.py:183} INFO - Processing /home/airflow/.local/lib/python3.8/site-packages/airflow/example_dags/tutorial_dag.py took 0.041 seconds
[2025-01-14T00:26:34.124+0000] {processor.py:161} INFO - Started process (PID=2395) to work on /home/airflow/.local/lib/python3.8/site-packages/airflow/example_dags/tutorial_dag.py
[2025-01-14T00:26:34.125+0000] {processor.py:830} INFO - Processing file /home/airflow/.local/lib/python3.8/site-packages/airflow/example_dags/tutorial_dag.py for tasks to queue
[2025-01-14T00:26:34.126+0000] {logging_mixin.py:188} INFO - [2025-01-14T00:26:34.126+0000] {dagbag.py:538} INFO - Filling up the DagBag from /home/airflow/.local/lib/python3.8/site-packages/airflow/example_dags/tutorial_dag.py
[2025-01-14T00:26:34.130+0000] {processor.py:840} INFO - DAG(s) 'tutorial_dag' retrieved from /home/airflow/.local/lib/python3.8/site-packages/airflow/example_dags/tutorial_dag.py
[2025-01-14T00:26:34.144+0000] {logging_mixin.py:188} INFO - [2025-01-14T00:26:34.144+0000] {dag.py:3036} INFO - Sync 1 DAGs
[2025-01-14T00:26:34.153+0000] {logging_mixin.py:188} INFO - [2025-01-14T00:26:34.152+0000] {dag.py:3823} INFO - Setting next_dagrun for tutorial_dag to None, run_after=None
[2025-01-14T00:26:34.166+0000] {processor.py:183} INFO - Processing /home/airflow/.local/lib/python3.8/site-packages/airflow/example_dags/tutorial_dag.py took 0.045 seconds
[2025-01-14T00:27:04.764+0000] {processor.py:161} INFO - Started process (PID=2454) to work on /home/airflow/.local/lib/python3.8/site-packages/airflow/example_dags/tutorial_dag.py
[2025-01-14T00:27:04.764+0000] {processor.py:830} INFO - Processing file /home/airflow/.local/lib/python3.8/site-packages/airflow/example_dags/tutorial_dag.py for tasks to queue
[2025-01-14T00:27:04.765+0000] {logging_mixin.py:188} INFO - [2025-01-14T00:27:04.765+0000] {dagbag.py:538} INFO - Filling up the DagBag from /home/airflow/.local/lib/python3.8/site-packages/airflow/example_dags/tutorial_dag.py
[2025-01-14T00:27:04.769+0000] {processor.py:840} INFO - DAG(s) 'tutorial_dag' retrieved from /home/airflow/.local/lib/python3.8/site-packages/airflow/example_dags/tutorial_dag.py
[2025-01-14T00:27:04.783+0000] {logging_mixin.py:188} INFO - [2025-01-14T00:27:04.783+0000] {dag.py:3036} INFO - Sync 1 DAGs
[2025-01-14T00:27:04.791+0000] {logging_mixin.py:188} INFO - [2025-01-14T00:27:04.791+0000] {dag.py:3823} INFO - Setting next_dagrun for tutorial_dag to None, run_after=None
[2025-01-14T00:27:04.803+0000] {processor.py:183} INFO - Processing /home/airflow/.local/lib/python3.8/site-packages/airflow/example_dags/tutorial_dag.py took 0.042 seconds
[2025-01-14T00:27:35.516+0000] {processor.py:161} INFO - Started process (PID=2513) to work on /home/airflow/.local/lib/python3.8/site-packages/airflow/example_dags/tutorial_dag.py
[2025-01-14T00:27:35.517+0000] {processor.py:830} INFO - Processing file /home/airflow/.local/lib/python3.8/site-packages/airflow/example_dags/tutorial_dag.py for tasks to queue
[2025-01-14T00:27:35.518+0000] {logging_mixin.py:188} INFO - [2025-01-14T00:27:35.518+0000] {dagbag.py:538} INFO - Filling up the DagBag from /home/airflow/.local/lib/python3.8/site-packages/airflow/example_dags/tutorial_dag.py
[2025-01-14T00:27:35.522+0000] {processor.py:840} INFO - DAG(s) 'tutorial_dag' retrieved from /home/airflow/.local/lib/python3.8/site-packages/airflow/example_dags/tutorial_dag.py
[2025-01-14T00:27:35.537+0000] {logging_mixin.py:188} INFO - [2025-01-14T00:27:35.537+0000] {dag.py:3036} INFO - Sync 1 DAGs
[2025-01-14T00:27:35.547+0000] {logging_mixin.py:188} INFO - [2025-01-14T00:27:35.547+0000] {dag.py:3823} INFO - Setting next_dagrun for tutorial_dag to None, run_after=None
[2025-01-14T00:27:35.562+0000] {processor.py:183} INFO - Processing /home/airflow/.local/lib/python3.8/site-packages/airflow/example_dags/tutorial_dag.py took 0.048 seconds
