[2025-01-14T00:00:09.322+0000] {processor.py:161} INFO - Started process (PID=10573) to work on /home/airflow/.local/lib/python3.8/site-packages/airflow/example_dags/tutorial.py
[2025-01-14T00:00:09.322+0000] {processor.py:830} INFO - Processing file /home/airflow/.local/lib/python3.8/site-packages/airflow/example_dags/tutorial.py for tasks to queue
[2025-01-14T00:00:09.323+0000] {logging_mixin.py:188} INFO - [2025-01-14T00:00:09.323+0000] {dagbag.py:538} INFO - Filling up the DagBag from /home/airflow/.local/lib/python3.8/site-packages/airflow/example_dags/tutorial.py
[2025-01-14T00:00:09.329+0000] {processor.py:840} INFO - DAG(s) 'tutorial' retrieved from /home/airflow/.local/lib/python3.8/site-packages/airflow/example_dags/tutorial.py
[2025-01-14T00:00:09.345+0000] {logging_mixin.py:188} INFO - [2025-01-14T00:00:09.345+0000] {dag.py:3036} INFO - Sync 1 DAGs
[2025-01-14T00:00:09.361+0000] {logging_mixin.py:188} INFO - [2025-01-14T00:00:09.361+0000] {dag.py:3823} INFO - Setting next_dagrun for tutorial to 2025-01-13 00:00:00+00:00, run_after=2025-01-14 00:00:00+00:00
[2025-01-14T00:00:09.374+0000] {processor.py:183} INFO - Processing /home/airflow/.local/lib/python3.8/site-packages/airflow/example_dags/tutorial.py took 0.056 seconds
[2025-01-14T00:00:40.343+0000] {processor.py:161} INFO - Started process (PID=10632) to work on /home/airflow/.local/lib/python3.8/site-packages/airflow/example_dags/tutorial.py
[2025-01-14T00:00:40.344+0000] {processor.py:830} INFO - Processing file /home/airflow/.local/lib/python3.8/site-packages/airflow/example_dags/tutorial.py for tasks to queue
[2025-01-14T00:00:40.345+0000] {logging_mixin.py:188} INFO - [2025-01-14T00:00:40.344+0000] {dagbag.py:538} INFO - Filling up the DagBag from /home/airflow/.local/lib/python3.8/site-packages/airflow/example_dags/tutorial.py
[2025-01-14T00:00:40.349+0000] {processor.py:840} INFO - DAG(s) 'tutorial' retrieved from /home/airflow/.local/lib/python3.8/site-packages/airflow/example_dags/tutorial.py
[2025-01-14T00:00:40.361+0000] {logging_mixin.py:188} INFO - [2025-01-14T00:00:40.361+0000] {dag.py:3036} INFO - Sync 1 DAGs
[2025-01-14T00:00:40.374+0000] {logging_mixin.py:188} INFO - [2025-01-14T00:00:40.374+0000] {dag.py:3823} INFO - Setting next_dagrun for tutorial to 2025-01-13 00:00:00+00:00, run_after=2025-01-14 00:00:00+00:00
[2025-01-14T00:00:40.386+0000] {processor.py:183} INFO - Processing /home/airflow/.local/lib/python3.8/site-packages/airflow/example_dags/tutorial.py took 0.044 seconds
[2025-01-14T00:01:10.433+0000] {processor.py:161} INFO - Started process (PID=10689) to work on /home/airflow/.local/lib/python3.8/site-packages/airflow/example_dags/tutorial.py
[2025-01-14T00:01:10.434+0000] {processor.py:830} INFO - Processing file /home/airflow/.local/lib/python3.8/site-packages/airflow/example_dags/tutorial.py for tasks to queue
[2025-01-14T00:01:10.434+0000] {logging_mixin.py:188} INFO - [2025-01-14T00:01:10.434+0000] {dagbag.py:538} INFO - Filling up the DagBag from /home/airflow/.local/lib/python3.8/site-packages/airflow/example_dags/tutorial.py
[2025-01-14T00:01:10.438+0000] {processor.py:840} INFO - DAG(s) 'tutorial' retrieved from /home/airflow/.local/lib/python3.8/site-packages/airflow/example_dags/tutorial.py
[2025-01-14T00:01:10.451+0000] {logging_mixin.py:188} INFO - [2025-01-14T00:01:10.450+0000] {dag.py:3036} INFO - Sync 1 DAGs
[2025-01-14T00:01:10.465+0000] {logging_mixin.py:188} INFO - [2025-01-14T00:01:10.465+0000] {dag.py:3823} INFO - Setting next_dagrun for tutorial to 2025-01-13 00:00:00+00:00, run_after=2025-01-14 00:00:00+00:00
[2025-01-14T00:01:10.477+0000] {processor.py:183} INFO - Processing /home/airflow/.local/lib/python3.8/site-packages/airflow/example_dags/tutorial.py took 0.046 seconds
[2025-01-14T00:01:40.506+0000] {processor.py:161} INFO - Started process (PID=10748) to work on /home/airflow/.local/lib/python3.8/site-packages/airflow/example_dags/tutorial.py
[2025-01-14T00:01:40.507+0000] {processor.py:830} INFO - Processing file /home/airflow/.local/lib/python3.8/site-packages/airflow/example_dags/tutorial.py for tasks to queue
[2025-01-14T00:01:40.507+0000] {logging_mixin.py:188} INFO - [2025-01-14T00:01:40.507+0000] {dagbag.py:538} INFO - Filling up the DagBag from /home/airflow/.local/lib/python3.8/site-packages/airflow/example_dags/tutorial.py
[2025-01-14T00:01:40.511+0000] {processor.py:840} INFO - DAG(s) 'tutorial' retrieved from /home/airflow/.local/lib/python3.8/site-packages/airflow/example_dags/tutorial.py
[2025-01-14T00:01:40.524+0000] {logging_mixin.py:188} INFO - [2025-01-14T00:01:40.524+0000] {dag.py:3036} INFO - Sync 1 DAGs
[2025-01-14T00:01:40.536+0000] {logging_mixin.py:188} INFO - [2025-01-14T00:01:40.536+0000] {dag.py:3823} INFO - Setting next_dagrun for tutorial to 2025-01-13 00:00:00+00:00, run_after=2025-01-14 00:00:00+00:00
[2025-01-14T00:01:40.549+0000] {processor.py:183} INFO - Processing /home/airflow/.local/lib/python3.8/site-packages/airflow/example_dags/tutorial.py took 0.044 seconds
[2025-01-14T00:02:11.343+0000] {processor.py:161} INFO - Started process (PID=10807) to work on /home/airflow/.local/lib/python3.8/site-packages/airflow/example_dags/tutorial.py
[2025-01-14T00:02:11.344+0000] {processor.py:830} INFO - Processing file /home/airflow/.local/lib/python3.8/site-packages/airflow/example_dags/tutorial.py for tasks to queue
[2025-01-14T00:02:11.344+0000] {logging_mixin.py:188} INFO - [2025-01-14T00:02:11.344+0000] {dagbag.py:538} INFO - Filling up the DagBag from /home/airflow/.local/lib/python3.8/site-packages/airflow/example_dags/tutorial.py
[2025-01-14T00:02:11.350+0000] {processor.py:840} INFO - DAG(s) 'tutorial' retrieved from /home/airflow/.local/lib/python3.8/site-packages/airflow/example_dags/tutorial.py
[2025-01-14T00:02:11.367+0000] {logging_mixin.py:188} INFO - [2025-01-14T00:02:11.367+0000] {dag.py:3036} INFO - Sync 1 DAGs
[2025-01-14T00:02:11.388+0000] {logging_mixin.py:188} INFO - [2025-01-14T00:02:11.388+0000] {dag.py:3823} INFO - Setting next_dagrun for tutorial to 2025-01-13 00:00:00+00:00, run_after=2025-01-14 00:00:00+00:00
[2025-01-14T00:02:11.405+0000] {processor.py:183} INFO - Processing /home/airflow/.local/lib/python3.8/site-packages/airflow/example_dags/tutorial.py took 0.065 seconds
[2025-01-14T00:02:42.271+0000] {processor.py:161} INFO - Started process (PID=10866) to work on /home/airflow/.local/lib/python3.8/site-packages/airflow/example_dags/tutorial.py
[2025-01-14T00:02:42.271+0000] {processor.py:830} INFO - Processing file /home/airflow/.local/lib/python3.8/site-packages/airflow/example_dags/tutorial.py for tasks to queue
[2025-01-14T00:02:42.272+0000] {logging_mixin.py:188} INFO - [2025-01-14T00:02:42.272+0000] {dagbag.py:538} INFO - Filling up the DagBag from /home/airflow/.local/lib/python3.8/site-packages/airflow/example_dags/tutorial.py
[2025-01-14T00:02:42.276+0000] {processor.py:840} INFO - DAG(s) 'tutorial' retrieved from /home/airflow/.local/lib/python3.8/site-packages/airflow/example_dags/tutorial.py
[2025-01-14T00:02:42.289+0000] {logging_mixin.py:188} INFO - [2025-01-14T00:02:42.289+0000] {dag.py:3036} INFO - Sync 1 DAGs
[2025-01-14T00:02:42.302+0000] {logging_mixin.py:188} INFO - [2025-01-14T00:02:42.302+0000] {dag.py:3823} INFO - Setting next_dagrun for tutorial to 2025-01-13 00:00:00+00:00, run_after=2025-01-14 00:00:00+00:00
[2025-01-14T00:02:42.315+0000] {processor.py:183} INFO - Processing /home/airflow/.local/lib/python3.8/site-packages/airflow/example_dags/tutorial.py took 0.046 seconds
[2025-01-14T00:03:12.532+0000] {processor.py:161} INFO - Started process (PID=10925) to work on /home/airflow/.local/lib/python3.8/site-packages/airflow/example_dags/tutorial.py
[2025-01-14T00:03:12.533+0000] {processor.py:830} INFO - Processing file /home/airflow/.local/lib/python3.8/site-packages/airflow/example_dags/tutorial.py for tasks to queue
[2025-01-14T00:03:12.533+0000] {logging_mixin.py:188} INFO - [2025-01-14T00:03:12.533+0000] {dagbag.py:538} INFO - Filling up the DagBag from /home/airflow/.local/lib/python3.8/site-packages/airflow/example_dags/tutorial.py
[2025-01-14T00:03:12.538+0000] {processor.py:840} INFO - DAG(s) 'tutorial' retrieved from /home/airflow/.local/lib/python3.8/site-packages/airflow/example_dags/tutorial.py
[2025-01-14T00:03:12.551+0000] {logging_mixin.py:188} INFO - [2025-01-14T00:03:12.551+0000] {dag.py:3036} INFO - Sync 1 DAGs
[2025-01-14T00:03:12.564+0000] {logging_mixin.py:188} INFO - [2025-01-14T00:03:12.563+0000] {dag.py:3823} INFO - Setting next_dagrun for tutorial to 2025-01-13 00:00:00+00:00, run_after=2025-01-14 00:00:00+00:00
[2025-01-14T00:03:12.575+0000] {processor.py:183} INFO - Processing /home/airflow/.local/lib/python3.8/site-packages/airflow/example_dags/tutorial.py took 0.045 seconds
[2025-01-14T00:03:42.682+0000] {processor.py:161} INFO - Started process (PID=10984) to work on /home/airflow/.local/lib/python3.8/site-packages/airflow/example_dags/tutorial.py
[2025-01-14T00:03:42.682+0000] {processor.py:830} INFO - Processing file /home/airflow/.local/lib/python3.8/site-packages/airflow/example_dags/tutorial.py for tasks to queue
[2025-01-14T00:03:42.683+0000] {logging_mixin.py:188} INFO - [2025-01-14T00:03:42.683+0000] {dagbag.py:538} INFO - Filling up the DagBag from /home/airflow/.local/lib/python3.8/site-packages/airflow/example_dags/tutorial.py
[2025-01-14T00:03:42.687+0000] {processor.py:840} INFO - DAG(s) 'tutorial' retrieved from /home/airflow/.local/lib/python3.8/site-packages/airflow/example_dags/tutorial.py
[2025-01-14T00:03:42.699+0000] {logging_mixin.py:188} INFO - [2025-01-14T00:03:42.699+0000] {dag.py:3036} INFO - Sync 1 DAGs
[2025-01-14T00:03:42.711+0000] {logging_mixin.py:188} INFO - [2025-01-14T00:03:42.711+0000] {dag.py:3823} INFO - Setting next_dagrun for tutorial to 2025-01-13 00:00:00+00:00, run_after=2025-01-14 00:00:00+00:00
[2025-01-14T00:03:42.723+0000] {processor.py:183} INFO - Processing /home/airflow/.local/lib/python3.8/site-packages/airflow/example_dags/tutorial.py took 0.043 seconds
[2025-01-14T00:04:13.615+0000] {processor.py:161} INFO - Started process (PID=11043) to work on /home/airflow/.local/lib/python3.8/site-packages/airflow/example_dags/tutorial.py
[2025-01-14T00:04:13.616+0000] {processor.py:830} INFO - Processing file /home/airflow/.local/lib/python3.8/site-packages/airflow/example_dags/tutorial.py for tasks to queue
[2025-01-14T00:04:13.617+0000] {logging_mixin.py:188} INFO - [2025-01-14T00:04:13.617+0000] {dagbag.py:538} INFO - Filling up the DagBag from /home/airflow/.local/lib/python3.8/site-packages/airflow/example_dags/tutorial.py
[2025-01-14T00:04:13.623+0000] {processor.py:840} INFO - DAG(s) 'tutorial' retrieved from /home/airflow/.local/lib/python3.8/site-packages/airflow/example_dags/tutorial.py
[2025-01-14T00:04:13.644+0000] {logging_mixin.py:188} INFO - [2025-01-14T00:04:13.643+0000] {dag.py:3036} INFO - Sync 1 DAGs
[2025-01-14T00:04:13.663+0000] {logging_mixin.py:188} INFO - [2025-01-14T00:04:13.663+0000] {dag.py:3823} INFO - Setting next_dagrun for tutorial to 2025-01-13 00:00:00+00:00, run_after=2025-01-14 00:00:00+00:00
[2025-01-14T00:04:13.681+0000] {processor.py:183} INFO - Processing /home/airflow/.local/lib/python3.8/site-packages/airflow/example_dags/tutorial.py took 0.069 seconds
[2025-01-14T00:04:43.985+0000] {processor.py:161} INFO - Started process (PID=11102) to work on /home/airflow/.local/lib/python3.8/site-packages/airflow/example_dags/tutorial.py
[2025-01-14T00:04:43.986+0000] {processor.py:830} INFO - Processing file /home/airflow/.local/lib/python3.8/site-packages/airflow/example_dags/tutorial.py for tasks to queue
[2025-01-14T00:04:43.986+0000] {logging_mixin.py:188} INFO - [2025-01-14T00:04:43.986+0000] {dagbag.py:538} INFO - Filling up the DagBag from /home/airflow/.local/lib/python3.8/site-packages/airflow/example_dags/tutorial.py
[2025-01-14T00:04:43.990+0000] {processor.py:840} INFO - DAG(s) 'tutorial' retrieved from /home/airflow/.local/lib/python3.8/site-packages/airflow/example_dags/tutorial.py
[2025-01-14T00:04:44.001+0000] {logging_mixin.py:188} INFO - [2025-01-14T00:04:44.001+0000] {dag.py:3036} INFO - Sync 1 DAGs
[2025-01-14T00:04:44.014+0000] {logging_mixin.py:188} INFO - [2025-01-14T00:04:44.014+0000] {dag.py:3823} INFO - Setting next_dagrun for tutorial to 2025-01-13 00:00:00+00:00, run_after=2025-01-14 00:00:00+00:00
[2025-01-14T00:04:44.073+0000] {processor.py:183} INFO - Processing /home/airflow/.local/lib/python3.8/site-packages/airflow/example_dags/tutorial.py took 0.089 seconds
[2025-01-14T00:05:14.989+0000] {processor.py:161} INFO - Started process (PID=11161) to work on /home/airflow/.local/lib/python3.8/site-packages/airflow/example_dags/tutorial.py
[2025-01-14T00:05:14.990+0000] {processor.py:830} INFO - Processing file /home/airflow/.local/lib/python3.8/site-packages/airflow/example_dags/tutorial.py for tasks to queue
[2025-01-14T00:05:14.991+0000] {logging_mixin.py:188} INFO - [2025-01-14T00:05:14.991+0000] {dagbag.py:538} INFO - Filling up the DagBag from /home/airflow/.local/lib/python3.8/site-packages/airflow/example_dags/tutorial.py
[2025-01-14T00:05:14.996+0000] {processor.py:840} INFO - DAG(s) 'tutorial' retrieved from /home/airflow/.local/lib/python3.8/site-packages/airflow/example_dags/tutorial.py
[2025-01-14T00:05:15.014+0000] {logging_mixin.py:188} INFO - [2025-01-14T00:05:15.014+0000] {dag.py:3036} INFO - Sync 1 DAGs
[2025-01-14T00:05:15.033+0000] {logging_mixin.py:188} INFO - [2025-01-14T00:05:15.032+0000] {dag.py:3823} INFO - Setting next_dagrun for tutorial to 2025-01-13 00:00:00+00:00, run_after=2025-01-14 00:00:00+00:00
[2025-01-14T00:05:15.051+0000] {processor.py:183} INFO - Processing /home/airflow/.local/lib/python3.8/site-packages/airflow/example_dags/tutorial.py took 0.064 seconds
[2025-01-14T00:06:23.489+0000] {processor.py:161} INFO - Started process (PID=48) to work on /home/airflow/.local/lib/python3.8/site-packages/airflow/example_dags/tutorial.py
[2025-01-14T00:06:23.490+0000] {processor.py:830} INFO - Processing file /home/airflow/.local/lib/python3.8/site-packages/airflow/example_dags/tutorial.py for tasks to queue
[2025-01-14T00:06:23.492+0000] {logging_mixin.py:188} INFO - [2025-01-14T00:06:23.491+0000] {dagbag.py:538} INFO - Filling up the DagBag from /home/airflow/.local/lib/python3.8/site-packages/airflow/example_dags/tutorial.py
[2025-01-14T00:06:23.498+0000] {processor.py:840} INFO - DAG(s) 'tutorial' retrieved from /home/airflow/.local/lib/python3.8/site-packages/airflow/example_dags/tutorial.py
[2025-01-14T00:06:23.510+0000] {logging_mixin.py:188} INFO - [2025-01-14T00:06:23.509+0000] {dag.py:3036} INFO - Sync 1 DAGs
[2025-01-14T00:06:23.528+0000] {logging_mixin.py:188} INFO - [2025-01-14T00:06:23.528+0000] {dag.py:3823} INFO - Setting next_dagrun for tutorial to 2025-01-13 00:00:00+00:00, run_after=2025-01-14 00:00:00+00:00
[2025-01-14T00:06:23.546+0000] {processor.py:183} INFO - Processing /home/airflow/.local/lib/python3.8/site-packages/airflow/example_dags/tutorial.py took 0.060 seconds
[2025-01-14T00:06:53.725+0000] {processor.py:161} INFO - Started process (PID=105) to work on /home/airflow/.local/lib/python3.8/site-packages/airflow/example_dags/tutorial.py
[2025-01-14T00:06:53.726+0000] {processor.py:830} INFO - Processing file /home/airflow/.local/lib/python3.8/site-packages/airflow/example_dags/tutorial.py for tasks to queue
[2025-01-14T00:06:53.727+0000] {logging_mixin.py:188} INFO - [2025-01-14T00:06:53.727+0000] {dagbag.py:538} INFO - Filling up the DagBag from /home/airflow/.local/lib/python3.8/site-packages/airflow/example_dags/tutorial.py
[2025-01-14T00:06:53.730+0000] {processor.py:840} INFO - DAG(s) 'tutorial' retrieved from /home/airflow/.local/lib/python3.8/site-packages/airflow/example_dags/tutorial.py
[2025-01-14T00:06:53.792+0000] {logging_mixin.py:188} INFO - [2025-01-14T00:06:53.791+0000] {dag.py:3036} INFO - Sync 1 DAGs
[2025-01-14T00:06:53.803+0000] {logging_mixin.py:188} INFO - [2025-01-14T00:06:53.803+0000] {dag.py:3823} INFO - Setting next_dagrun for tutorial to 2025-01-13 00:00:00+00:00, run_after=2025-01-14 00:00:00+00:00
[2025-01-14T00:06:53.817+0000] {processor.py:183} INFO - Processing /home/airflow/.local/lib/python3.8/site-packages/airflow/example_dags/tutorial.py took 0.093 seconds
[2025-01-14T00:07:23.877+0000] {processor.py:161} INFO - Started process (PID=162) to work on /home/airflow/.local/lib/python3.8/site-packages/airflow/example_dags/tutorial.py
[2025-01-14T00:07:23.878+0000] {processor.py:830} INFO - Processing file /home/airflow/.local/lib/python3.8/site-packages/airflow/example_dags/tutorial.py for tasks to queue
[2025-01-14T00:07:23.879+0000] {logging_mixin.py:188} INFO - [2025-01-14T00:07:23.878+0000] {dagbag.py:538} INFO - Filling up the DagBag from /home/airflow/.local/lib/python3.8/site-packages/airflow/example_dags/tutorial.py
[2025-01-14T00:07:23.882+0000] {processor.py:840} INFO - DAG(s) 'tutorial' retrieved from /home/airflow/.local/lib/python3.8/site-packages/airflow/example_dags/tutorial.py
[2025-01-14T00:07:23.894+0000] {logging_mixin.py:188} INFO - [2025-01-14T00:07:23.893+0000] {dag.py:3036} INFO - Sync 1 DAGs
[2025-01-14T00:07:23.907+0000] {logging_mixin.py:188} INFO - [2025-01-14T00:07:23.907+0000] {dag.py:3823} INFO - Setting next_dagrun for tutorial to 2025-01-13 00:00:00+00:00, run_after=2025-01-14 00:00:00+00:00
[2025-01-14T00:07:23.921+0000] {processor.py:183} INFO - Processing /home/airflow/.local/lib/python3.8/site-packages/airflow/example_dags/tutorial.py took 0.046 seconds
[2025-01-14T00:07:54.181+0000] {processor.py:161} INFO - Started process (PID=221) to work on /home/airflow/.local/lib/python3.8/site-packages/airflow/example_dags/tutorial.py
[2025-01-14T00:07:54.182+0000] {processor.py:830} INFO - Processing file /home/airflow/.local/lib/python3.8/site-packages/airflow/example_dags/tutorial.py for tasks to queue
[2025-01-14T00:07:54.183+0000] {logging_mixin.py:188} INFO - [2025-01-14T00:07:54.182+0000] {dagbag.py:538} INFO - Filling up the DagBag from /home/airflow/.local/lib/python3.8/site-packages/airflow/example_dags/tutorial.py
[2025-01-14T00:07:54.186+0000] {processor.py:840} INFO - DAG(s) 'tutorial' retrieved from /home/airflow/.local/lib/python3.8/site-packages/airflow/example_dags/tutorial.py
[2025-01-14T00:07:54.197+0000] {logging_mixin.py:188} INFO - [2025-01-14T00:07:54.197+0000] {dag.py:3036} INFO - Sync 1 DAGs
[2025-01-14T00:07:54.210+0000] {logging_mixin.py:188} INFO - [2025-01-14T00:07:54.210+0000] {dag.py:3823} INFO - Setting next_dagrun for tutorial to 2025-01-13 00:00:00+00:00, run_after=2025-01-14 00:00:00+00:00
[2025-01-14T00:07:54.221+0000] {processor.py:183} INFO - Processing /home/airflow/.local/lib/python3.8/site-packages/airflow/example_dags/tutorial.py took 0.042 seconds
[2025-01-14T00:08:24.480+0000] {processor.py:161} INFO - Started process (PID=280) to work on /home/airflow/.local/lib/python3.8/site-packages/airflow/example_dags/tutorial.py
[2025-01-14T00:08:24.480+0000] {processor.py:830} INFO - Processing file /home/airflow/.local/lib/python3.8/site-packages/airflow/example_dags/tutorial.py for tasks to queue
[2025-01-14T00:08:24.482+0000] {logging_mixin.py:188} INFO - [2025-01-14T00:08:24.481+0000] {dagbag.py:538} INFO - Filling up the DagBag from /home/airflow/.local/lib/python3.8/site-packages/airflow/example_dags/tutorial.py
[2025-01-14T00:08:24.486+0000] {processor.py:840} INFO - DAG(s) 'tutorial' retrieved from /home/airflow/.local/lib/python3.8/site-packages/airflow/example_dags/tutorial.py
[2025-01-14T00:08:24.500+0000] {logging_mixin.py:188} INFO - [2025-01-14T00:08:24.500+0000] {dag.py:3036} INFO - Sync 1 DAGs
[2025-01-14T00:08:24.513+0000] {logging_mixin.py:188} INFO - [2025-01-14T00:08:24.513+0000] {dag.py:3823} INFO - Setting next_dagrun for tutorial to 2025-01-13 00:00:00+00:00, run_after=2025-01-14 00:00:00+00:00
[2025-01-14T00:08:24.526+0000] {processor.py:183} INFO - Processing /home/airflow/.local/lib/python3.8/site-packages/airflow/example_dags/tutorial.py took 0.049 seconds
[2025-01-14T00:08:54.763+0000] {processor.py:161} INFO - Started process (PID=339) to work on /home/airflow/.local/lib/python3.8/site-packages/airflow/example_dags/tutorial.py
[2025-01-14T00:08:54.764+0000] {processor.py:830} INFO - Processing file /home/airflow/.local/lib/python3.8/site-packages/airflow/example_dags/tutorial.py for tasks to queue
[2025-01-14T00:08:54.765+0000] {logging_mixin.py:188} INFO - [2025-01-14T00:08:54.765+0000] {dagbag.py:538} INFO - Filling up the DagBag from /home/airflow/.local/lib/python3.8/site-packages/airflow/example_dags/tutorial.py
[2025-01-14T00:08:54.769+0000] {processor.py:840} INFO - DAG(s) 'tutorial' retrieved from /home/airflow/.local/lib/python3.8/site-packages/airflow/example_dags/tutorial.py
[2025-01-14T00:08:54.782+0000] {logging_mixin.py:188} INFO - [2025-01-14T00:08:54.782+0000] {dag.py:3036} INFO - Sync 1 DAGs
[2025-01-14T00:08:54.796+0000] {logging_mixin.py:188} INFO - [2025-01-14T00:08:54.795+0000] {dag.py:3823} INFO - Setting next_dagrun for tutorial to 2025-01-13 00:00:00+00:00, run_after=2025-01-14 00:00:00+00:00
[2025-01-14T00:08:54.809+0000] {processor.py:183} INFO - Processing /home/airflow/.local/lib/python3.8/site-packages/airflow/example_dags/tutorial.py took 0.049 seconds
[2025-01-14T00:09:25.096+0000] {processor.py:161} INFO - Started process (PID=398) to work on /home/airflow/.local/lib/python3.8/site-packages/airflow/example_dags/tutorial.py
[2025-01-14T00:09:25.097+0000] {processor.py:830} INFO - Processing file /home/airflow/.local/lib/python3.8/site-packages/airflow/example_dags/tutorial.py for tasks to queue
[2025-01-14T00:09:25.098+0000] {logging_mixin.py:188} INFO - [2025-01-14T00:09:25.098+0000] {dagbag.py:538} INFO - Filling up the DagBag from /home/airflow/.local/lib/python3.8/site-packages/airflow/example_dags/tutorial.py
[2025-01-14T00:09:25.102+0000] {processor.py:840} INFO - DAG(s) 'tutorial' retrieved from /home/airflow/.local/lib/python3.8/site-packages/airflow/example_dags/tutorial.py
[2025-01-14T00:09:25.115+0000] {logging_mixin.py:188} INFO - [2025-01-14T00:09:25.115+0000] {dag.py:3036} INFO - Sync 1 DAGs
[2025-01-14T00:09:25.129+0000] {logging_mixin.py:188} INFO - [2025-01-14T00:09:25.129+0000] {dag.py:3823} INFO - Setting next_dagrun for tutorial to 2025-01-13 00:00:00+00:00, run_after=2025-01-14 00:00:00+00:00
[2025-01-14T00:09:25.143+0000] {processor.py:183} INFO - Processing /home/airflow/.local/lib/python3.8/site-packages/airflow/example_dags/tutorial.py took 0.048 seconds
[2025-01-14T00:09:55.356+0000] {processor.py:161} INFO - Started process (PID=457) to work on /home/airflow/.local/lib/python3.8/site-packages/airflow/example_dags/tutorial.py
[2025-01-14T00:09:55.357+0000] {processor.py:830} INFO - Processing file /home/airflow/.local/lib/python3.8/site-packages/airflow/example_dags/tutorial.py for tasks to queue
[2025-01-14T00:09:55.358+0000] {logging_mixin.py:188} INFO - [2025-01-14T00:09:55.358+0000] {dagbag.py:538} INFO - Filling up the DagBag from /home/airflow/.local/lib/python3.8/site-packages/airflow/example_dags/tutorial.py
[2025-01-14T00:09:55.361+0000] {processor.py:840} INFO - DAG(s) 'tutorial' retrieved from /home/airflow/.local/lib/python3.8/site-packages/airflow/example_dags/tutorial.py
[2025-01-14T00:09:55.374+0000] {logging_mixin.py:188} INFO - [2025-01-14T00:09:55.373+0000] {dag.py:3036} INFO - Sync 1 DAGs
[2025-01-14T00:09:55.387+0000] {logging_mixin.py:188} INFO - [2025-01-14T00:09:55.386+0000] {dag.py:3823} INFO - Setting next_dagrun for tutorial to 2025-01-13 00:00:00+00:00, run_after=2025-01-14 00:00:00+00:00
[2025-01-14T00:09:55.400+0000] {processor.py:183} INFO - Processing /home/airflow/.local/lib/python3.8/site-packages/airflow/example_dags/tutorial.py took 0.046 seconds
[2025-01-14T00:10:25.619+0000] {processor.py:161} INFO - Started process (PID=516) to work on /home/airflow/.local/lib/python3.8/site-packages/airflow/example_dags/tutorial.py
[2025-01-14T00:10:25.619+0000] {processor.py:830} INFO - Processing file /home/airflow/.local/lib/python3.8/site-packages/airflow/example_dags/tutorial.py for tasks to queue
[2025-01-14T00:10:25.620+0000] {logging_mixin.py:188} INFO - [2025-01-14T00:10:25.620+0000] {dagbag.py:538} INFO - Filling up the DagBag from /home/airflow/.local/lib/python3.8/site-packages/airflow/example_dags/tutorial.py
[2025-01-14T00:10:25.624+0000] {processor.py:840} INFO - DAG(s) 'tutorial' retrieved from /home/airflow/.local/lib/python3.8/site-packages/airflow/example_dags/tutorial.py
[2025-01-14T00:10:25.637+0000] {logging_mixin.py:188} INFO - [2025-01-14T00:10:25.637+0000] {dag.py:3036} INFO - Sync 1 DAGs
[2025-01-14T00:10:25.651+0000] {logging_mixin.py:188} INFO - [2025-01-14T00:10:25.651+0000] {dag.py:3823} INFO - Setting next_dagrun for tutorial to 2025-01-13 00:00:00+00:00, run_after=2025-01-14 00:00:00+00:00
[2025-01-14T00:10:25.665+0000] {processor.py:183} INFO - Processing /home/airflow/.local/lib/python3.8/site-packages/airflow/example_dags/tutorial.py took 0.048 seconds
[2025-01-14T00:10:55.685+0000] {processor.py:161} INFO - Started process (PID=575) to work on /home/airflow/.local/lib/python3.8/site-packages/airflow/example_dags/tutorial.py
[2025-01-14T00:10:55.686+0000] {processor.py:830} INFO - Processing file /home/airflow/.local/lib/python3.8/site-packages/airflow/example_dags/tutorial.py for tasks to queue
[2025-01-14T00:10:55.687+0000] {logging_mixin.py:188} INFO - [2025-01-14T00:10:55.687+0000] {dagbag.py:538} INFO - Filling up the DagBag from /home/airflow/.local/lib/python3.8/site-packages/airflow/example_dags/tutorial.py
[2025-01-14T00:10:55.690+0000] {processor.py:840} INFO - DAG(s) 'tutorial' retrieved from /home/airflow/.local/lib/python3.8/site-packages/airflow/example_dags/tutorial.py
[2025-01-14T00:10:55.704+0000] {logging_mixin.py:188} INFO - [2025-01-14T00:10:55.703+0000] {dag.py:3036} INFO - Sync 1 DAGs
[2025-01-14T00:10:55.717+0000] {logging_mixin.py:188} INFO - [2025-01-14T00:10:55.717+0000] {dag.py:3823} INFO - Setting next_dagrun for tutorial to 2025-01-13 00:00:00+00:00, run_after=2025-01-14 00:00:00+00:00
[2025-01-14T00:10:55.730+0000] {processor.py:183} INFO - Processing /home/airflow/.local/lib/python3.8/site-packages/airflow/example_dags/tutorial.py took 0.047 seconds
[2025-01-14T00:11:25.946+0000] {processor.py:161} INFO - Started process (PID=634) to work on /home/airflow/.local/lib/python3.8/site-packages/airflow/example_dags/tutorial.py
[2025-01-14T00:11:25.947+0000] {processor.py:830} INFO - Processing file /home/airflow/.local/lib/python3.8/site-packages/airflow/example_dags/tutorial.py for tasks to queue
[2025-01-14T00:11:25.948+0000] {logging_mixin.py:188} INFO - [2025-01-14T00:11:25.948+0000] {dagbag.py:538} INFO - Filling up the DagBag from /home/airflow/.local/lib/python3.8/site-packages/airflow/example_dags/tutorial.py
[2025-01-14T00:11:25.951+0000] {processor.py:840} INFO - DAG(s) 'tutorial' retrieved from /home/airflow/.local/lib/python3.8/site-packages/airflow/example_dags/tutorial.py
[2025-01-14T00:11:25.963+0000] {logging_mixin.py:188} INFO - [2025-01-14T00:11:25.963+0000] {dag.py:3036} INFO - Sync 1 DAGs
[2025-01-14T00:11:25.976+0000] {logging_mixin.py:188} INFO - [2025-01-14T00:11:25.976+0000] {dag.py:3823} INFO - Setting next_dagrun for tutorial to 2025-01-13 00:00:00+00:00, run_after=2025-01-14 00:00:00+00:00
[2025-01-14T00:11:25.987+0000] {processor.py:183} INFO - Processing /home/airflow/.local/lib/python3.8/site-packages/airflow/example_dags/tutorial.py took 0.043 seconds
[2025-01-14T00:11:56.189+0000] {processor.py:161} INFO - Started process (PID=693) to work on /home/airflow/.local/lib/python3.8/site-packages/airflow/example_dags/tutorial.py
[2025-01-14T00:11:56.189+0000] {processor.py:830} INFO - Processing file /home/airflow/.local/lib/python3.8/site-packages/airflow/example_dags/tutorial.py for tasks to queue
[2025-01-14T00:11:56.191+0000] {logging_mixin.py:188} INFO - [2025-01-14T00:11:56.191+0000] {dagbag.py:538} INFO - Filling up the DagBag from /home/airflow/.local/lib/python3.8/site-packages/airflow/example_dags/tutorial.py
[2025-01-14T00:11:56.194+0000] {processor.py:840} INFO - DAG(s) 'tutorial' retrieved from /home/airflow/.local/lib/python3.8/site-packages/airflow/example_dags/tutorial.py
[2025-01-14T00:11:56.207+0000] {logging_mixin.py:188} INFO - [2025-01-14T00:11:56.207+0000] {dag.py:3036} INFO - Sync 1 DAGs
[2025-01-14T00:11:56.220+0000] {logging_mixin.py:188} INFO - [2025-01-14T00:11:56.220+0000] {dag.py:3823} INFO - Setting next_dagrun for tutorial to 2025-01-13 00:00:00+00:00, run_after=2025-01-14 00:00:00+00:00
[2025-01-14T00:11:56.233+0000] {processor.py:183} INFO - Processing /home/airflow/.local/lib/python3.8/site-packages/airflow/example_dags/tutorial.py took 0.047 seconds
[2025-01-14T00:12:26.410+0000] {processor.py:161} INFO - Started process (PID=752) to work on /home/airflow/.local/lib/python3.8/site-packages/airflow/example_dags/tutorial.py
[2025-01-14T00:12:26.410+0000] {processor.py:830} INFO - Processing file /home/airflow/.local/lib/python3.8/site-packages/airflow/example_dags/tutorial.py for tasks to queue
[2025-01-14T00:12:26.412+0000] {logging_mixin.py:188} INFO - [2025-01-14T00:12:26.412+0000] {dagbag.py:538} INFO - Filling up the DagBag from /home/airflow/.local/lib/python3.8/site-packages/airflow/example_dags/tutorial.py
[2025-01-14T00:12:26.415+0000] {processor.py:840} INFO - DAG(s) 'tutorial' retrieved from /home/airflow/.local/lib/python3.8/site-packages/airflow/example_dags/tutorial.py
[2025-01-14T00:12:26.427+0000] {logging_mixin.py:188} INFO - [2025-01-14T00:12:26.427+0000] {dag.py:3036} INFO - Sync 1 DAGs
[2025-01-14T00:12:26.440+0000] {logging_mixin.py:188} INFO - [2025-01-14T00:12:26.440+0000] {dag.py:3823} INFO - Setting next_dagrun for tutorial to 2025-01-13 00:00:00+00:00, run_after=2025-01-14 00:00:00+00:00
[2025-01-14T00:12:26.452+0000] {processor.py:183} INFO - Processing /home/airflow/.local/lib/python3.8/site-packages/airflow/example_dags/tutorial.py took 0.044 seconds
[2025-01-14T00:12:56.507+0000] {processor.py:161} INFO - Started process (PID=811) to work on /home/airflow/.local/lib/python3.8/site-packages/airflow/example_dags/tutorial.py
[2025-01-14T00:12:56.507+0000] {processor.py:830} INFO - Processing file /home/airflow/.local/lib/python3.8/site-packages/airflow/example_dags/tutorial.py for tasks to queue
[2025-01-14T00:12:56.508+0000] {logging_mixin.py:188} INFO - [2025-01-14T00:12:56.508+0000] {dagbag.py:538} INFO - Filling up the DagBag from /home/airflow/.local/lib/python3.8/site-packages/airflow/example_dags/tutorial.py
[2025-01-14T00:12:56.512+0000] {processor.py:840} INFO - DAG(s) 'tutorial' retrieved from /home/airflow/.local/lib/python3.8/site-packages/airflow/example_dags/tutorial.py
[2025-01-14T00:12:56.525+0000] {logging_mixin.py:188} INFO - [2025-01-14T00:12:56.525+0000] {dag.py:3036} INFO - Sync 1 DAGs
[2025-01-14T00:12:56.537+0000] {logging_mixin.py:188} INFO - [2025-01-14T00:12:56.537+0000] {dag.py:3823} INFO - Setting next_dagrun for tutorial to 2025-01-13 00:00:00+00:00, run_after=2025-01-14 00:00:00+00:00
[2025-01-14T00:12:56.549+0000] {processor.py:183} INFO - Processing /home/airflow/.local/lib/python3.8/site-packages/airflow/example_dags/tutorial.py took 0.045 seconds
[2025-01-14T00:13:26.575+0000] {processor.py:161} INFO - Started process (PID=870) to work on /home/airflow/.local/lib/python3.8/site-packages/airflow/example_dags/tutorial.py
[2025-01-14T00:13:26.576+0000] {processor.py:830} INFO - Processing file /home/airflow/.local/lib/python3.8/site-packages/airflow/example_dags/tutorial.py for tasks to queue
[2025-01-14T00:13:26.577+0000] {logging_mixin.py:188} INFO - [2025-01-14T00:13:26.577+0000] {dagbag.py:538} INFO - Filling up the DagBag from /home/airflow/.local/lib/python3.8/site-packages/airflow/example_dags/tutorial.py
[2025-01-14T00:13:26.580+0000] {processor.py:840} INFO - DAG(s) 'tutorial' retrieved from /home/airflow/.local/lib/python3.8/site-packages/airflow/example_dags/tutorial.py
[2025-01-14T00:13:26.592+0000] {logging_mixin.py:188} INFO - [2025-01-14T00:13:26.592+0000] {dag.py:3036} INFO - Sync 1 DAGs
[2025-01-14T00:13:26.605+0000] {logging_mixin.py:188} INFO - [2025-01-14T00:13:26.604+0000] {dag.py:3823} INFO - Setting next_dagrun for tutorial to 2025-01-13 00:00:00+00:00, run_after=2025-01-14 00:00:00+00:00
[2025-01-14T00:13:26.616+0000] {processor.py:183} INFO - Processing /home/airflow/.local/lib/python3.8/site-packages/airflow/example_dags/tutorial.py took 0.043 seconds
[2025-01-14T00:13:56.918+0000] {processor.py:161} INFO - Started process (PID=929) to work on /home/airflow/.local/lib/python3.8/site-packages/airflow/example_dags/tutorial.py
[2025-01-14T00:13:56.919+0000] {processor.py:830} INFO - Processing file /home/airflow/.local/lib/python3.8/site-packages/airflow/example_dags/tutorial.py for tasks to queue
[2025-01-14T00:13:56.920+0000] {logging_mixin.py:188} INFO - [2025-01-14T00:13:56.920+0000] {dagbag.py:538} INFO - Filling up the DagBag from /home/airflow/.local/lib/python3.8/site-packages/airflow/example_dags/tutorial.py
[2025-01-14T00:13:56.923+0000] {processor.py:840} INFO - DAG(s) 'tutorial' retrieved from /home/airflow/.local/lib/python3.8/site-packages/airflow/example_dags/tutorial.py
[2025-01-14T00:13:56.936+0000] {logging_mixin.py:188} INFO - [2025-01-14T00:13:56.936+0000] {dag.py:3036} INFO - Sync 1 DAGs
[2025-01-14T00:13:56.948+0000] {logging_mixin.py:188} INFO - [2025-01-14T00:13:56.948+0000] {dag.py:3823} INFO - Setting next_dagrun for tutorial to 2025-01-13 00:00:00+00:00, run_after=2025-01-14 00:00:00+00:00
[2025-01-14T00:13:56.960+0000] {processor.py:183} INFO - Processing /home/airflow/.local/lib/python3.8/site-packages/airflow/example_dags/tutorial.py took 0.044 seconds
[2025-01-14T00:14:27.215+0000] {processor.py:161} INFO - Started process (PID=988) to work on /home/airflow/.local/lib/python3.8/site-packages/airflow/example_dags/tutorial.py
[2025-01-14T00:14:27.215+0000] {processor.py:830} INFO - Processing file /home/airflow/.local/lib/python3.8/site-packages/airflow/example_dags/tutorial.py for tasks to queue
[2025-01-14T00:14:27.217+0000] {logging_mixin.py:188} INFO - [2025-01-14T00:14:27.216+0000] {dagbag.py:538} INFO - Filling up the DagBag from /home/airflow/.local/lib/python3.8/site-packages/airflow/example_dags/tutorial.py
[2025-01-14T00:14:27.221+0000] {processor.py:840} INFO - DAG(s) 'tutorial' retrieved from /home/airflow/.local/lib/python3.8/site-packages/airflow/example_dags/tutorial.py
[2025-01-14T00:14:27.232+0000] {logging_mixin.py:188} INFO - [2025-01-14T00:14:27.232+0000] {dag.py:3036} INFO - Sync 1 DAGs
[2025-01-14T00:14:27.245+0000] {logging_mixin.py:188} INFO - [2025-01-14T00:14:27.245+0000] {dag.py:3823} INFO - Setting next_dagrun for tutorial to 2025-01-13 00:00:00+00:00, run_after=2025-01-14 00:00:00+00:00
[2025-01-14T00:14:27.257+0000] {processor.py:183} INFO - Processing /home/airflow/.local/lib/python3.8/site-packages/airflow/example_dags/tutorial.py took 0.044 seconds
[2025-01-14T00:14:57.403+0000] {processor.py:161} INFO - Started process (PID=1047) to work on /home/airflow/.local/lib/python3.8/site-packages/airflow/example_dags/tutorial.py
[2025-01-14T00:14:57.403+0000] {processor.py:830} INFO - Processing file /home/airflow/.local/lib/python3.8/site-packages/airflow/example_dags/tutorial.py for tasks to queue
[2025-01-14T00:14:57.404+0000] {logging_mixin.py:188} INFO - [2025-01-14T00:14:57.404+0000] {dagbag.py:538} INFO - Filling up the DagBag from /home/airflow/.local/lib/python3.8/site-packages/airflow/example_dags/tutorial.py
[2025-01-14T00:14:57.408+0000] {processor.py:840} INFO - DAG(s) 'tutorial' retrieved from /home/airflow/.local/lib/python3.8/site-packages/airflow/example_dags/tutorial.py
[2025-01-14T00:14:57.420+0000] {logging_mixin.py:188} INFO - [2025-01-14T00:14:57.420+0000] {dag.py:3036} INFO - Sync 1 DAGs
[2025-01-14T00:14:57.433+0000] {logging_mixin.py:188} INFO - [2025-01-14T00:14:57.433+0000] {dag.py:3823} INFO - Setting next_dagrun for tutorial to 2025-01-13 00:00:00+00:00, run_after=2025-01-14 00:00:00+00:00
[2025-01-14T00:14:57.445+0000] {processor.py:183} INFO - Processing /home/airflow/.local/lib/python3.8/site-packages/airflow/example_dags/tutorial.py took 0.044 seconds
[2025-01-14T00:15:27.663+0000] {processor.py:161} INFO - Started process (PID=1106) to work on /home/airflow/.local/lib/python3.8/site-packages/airflow/example_dags/tutorial.py
[2025-01-14T00:15:27.664+0000] {processor.py:830} INFO - Processing file /home/airflow/.local/lib/python3.8/site-packages/airflow/example_dags/tutorial.py for tasks to queue
[2025-01-14T00:15:27.665+0000] {logging_mixin.py:188} INFO - [2025-01-14T00:15:27.664+0000] {dagbag.py:538} INFO - Filling up the DagBag from /home/airflow/.local/lib/python3.8/site-packages/airflow/example_dags/tutorial.py
[2025-01-14T00:15:27.668+0000] {processor.py:840} INFO - DAG(s) 'tutorial' retrieved from /home/airflow/.local/lib/python3.8/site-packages/airflow/example_dags/tutorial.py
[2025-01-14T00:15:27.680+0000] {logging_mixin.py:188} INFO - [2025-01-14T00:15:27.680+0000] {dag.py:3036} INFO - Sync 1 DAGs
[2025-01-14T00:15:27.693+0000] {logging_mixin.py:188} INFO - [2025-01-14T00:15:27.693+0000] {dag.py:3823} INFO - Setting next_dagrun for tutorial to 2025-01-13 00:00:00+00:00, run_after=2025-01-14 00:00:00+00:00
[2025-01-14T00:15:27.706+0000] {processor.py:183} INFO - Processing /home/airflow/.local/lib/python3.8/site-packages/airflow/example_dags/tutorial.py took 0.045 seconds
[2025-01-14T00:15:57.908+0000] {processor.py:161} INFO - Started process (PID=1165) to work on /home/airflow/.local/lib/python3.8/site-packages/airflow/example_dags/tutorial.py
[2025-01-14T00:15:57.908+0000] {processor.py:830} INFO - Processing file /home/airflow/.local/lib/python3.8/site-packages/airflow/example_dags/tutorial.py for tasks to queue
[2025-01-14T00:15:57.909+0000] {logging_mixin.py:188} INFO - [2025-01-14T00:15:57.909+0000] {dagbag.py:538} INFO - Filling up the DagBag from /home/airflow/.local/lib/python3.8/site-packages/airflow/example_dags/tutorial.py
[2025-01-14T00:15:57.913+0000] {processor.py:840} INFO - DAG(s) 'tutorial' retrieved from /home/airflow/.local/lib/python3.8/site-packages/airflow/example_dags/tutorial.py
[2025-01-14T00:15:57.925+0000] {logging_mixin.py:188} INFO - [2025-01-14T00:15:57.925+0000] {dag.py:3036} INFO - Sync 1 DAGs
[2025-01-14T00:15:57.937+0000] {logging_mixin.py:188} INFO - [2025-01-14T00:15:57.937+0000] {dag.py:3823} INFO - Setting next_dagrun for tutorial to 2025-01-13 00:00:00+00:00, run_after=2025-01-14 00:00:00+00:00
[2025-01-14T00:15:57.950+0000] {processor.py:183} INFO - Processing /home/airflow/.local/lib/python3.8/site-packages/airflow/example_dags/tutorial.py took 0.044 seconds
[2025-01-14T00:16:28.117+0000] {processor.py:161} INFO - Started process (PID=1224) to work on /home/airflow/.local/lib/python3.8/site-packages/airflow/example_dags/tutorial.py
[2025-01-14T00:16:28.117+0000] {processor.py:830} INFO - Processing file /home/airflow/.local/lib/python3.8/site-packages/airflow/example_dags/tutorial.py for tasks to queue
[2025-01-14T00:16:28.119+0000] {logging_mixin.py:188} INFO - [2025-01-14T00:16:28.118+0000] {dagbag.py:538} INFO - Filling up the DagBag from /home/airflow/.local/lib/python3.8/site-packages/airflow/example_dags/tutorial.py
[2025-01-14T00:16:28.123+0000] {processor.py:840} INFO - DAG(s) 'tutorial' retrieved from /home/airflow/.local/lib/python3.8/site-packages/airflow/example_dags/tutorial.py
[2025-01-14T00:16:28.135+0000] {logging_mixin.py:188} INFO - [2025-01-14T00:16:28.135+0000] {dag.py:3036} INFO - Sync 1 DAGs
[2025-01-14T00:16:28.150+0000] {logging_mixin.py:188} INFO - [2025-01-14T00:16:28.149+0000] {dag.py:3823} INFO - Setting next_dagrun for tutorial to 2025-01-13 00:00:00+00:00, run_after=2025-01-14 00:00:00+00:00
[2025-01-14T00:16:28.162+0000] {processor.py:183} INFO - Processing /home/airflow/.local/lib/python3.8/site-packages/airflow/example_dags/tutorial.py took 0.048 seconds
[2025-01-14T00:16:58.288+0000] {processor.py:161} INFO - Started process (PID=1283) to work on /home/airflow/.local/lib/python3.8/site-packages/airflow/example_dags/tutorial.py
[2025-01-14T00:16:58.288+0000] {processor.py:830} INFO - Processing file /home/airflow/.local/lib/python3.8/site-packages/airflow/example_dags/tutorial.py for tasks to queue
[2025-01-14T00:16:58.289+0000] {logging_mixin.py:188} INFO - [2025-01-14T00:16:58.289+0000] {dagbag.py:538} INFO - Filling up the DagBag from /home/airflow/.local/lib/python3.8/site-packages/airflow/example_dags/tutorial.py
[2025-01-14T00:16:58.293+0000] {processor.py:840} INFO - DAG(s) 'tutorial' retrieved from /home/airflow/.local/lib/python3.8/site-packages/airflow/example_dags/tutorial.py
[2025-01-14T00:16:58.304+0000] {logging_mixin.py:188} INFO - [2025-01-14T00:16:58.304+0000] {dag.py:3036} INFO - Sync 1 DAGs
[2025-01-14T00:16:58.317+0000] {logging_mixin.py:188} INFO - [2025-01-14T00:16:58.317+0000] {dag.py:3823} INFO - Setting next_dagrun for tutorial to 2025-01-13 00:00:00+00:00, run_after=2025-01-14 00:00:00+00:00
[2025-01-14T00:16:58.329+0000] {processor.py:183} INFO - Processing /home/airflow/.local/lib/python3.8/site-packages/airflow/example_dags/tutorial.py took 0.043 seconds
[2025-01-14T00:17:28.417+0000] {processor.py:161} INFO - Started process (PID=1342) to work on /home/airflow/.local/lib/python3.8/site-packages/airflow/example_dags/tutorial.py
[2025-01-14T00:17:28.418+0000] {processor.py:830} INFO - Processing file /home/airflow/.local/lib/python3.8/site-packages/airflow/example_dags/tutorial.py for tasks to queue
[2025-01-14T00:17:28.419+0000] {logging_mixin.py:188} INFO - [2025-01-14T00:17:28.419+0000] {dagbag.py:538} INFO - Filling up the DagBag from /home/airflow/.local/lib/python3.8/site-packages/airflow/example_dags/tutorial.py
[2025-01-14T00:17:28.423+0000] {processor.py:840} INFO - DAG(s) 'tutorial' retrieved from /home/airflow/.local/lib/python3.8/site-packages/airflow/example_dags/tutorial.py
[2025-01-14T00:17:28.435+0000] {logging_mixin.py:188} INFO - [2025-01-14T00:17:28.435+0000] {dag.py:3036} INFO - Sync 1 DAGs
[2025-01-14T00:17:28.448+0000] {logging_mixin.py:188} INFO - [2025-01-14T00:17:28.448+0000] {dag.py:3823} INFO - Setting next_dagrun for tutorial to 2025-01-13 00:00:00+00:00, run_after=2025-01-14 00:00:00+00:00
[2025-01-14T00:17:28.460+0000] {processor.py:183} INFO - Processing /home/airflow/.local/lib/python3.8/site-packages/airflow/example_dags/tutorial.py took 0.045 seconds
[2025-01-14T00:17:58.714+0000] {processor.py:161} INFO - Started process (PID=1401) to work on /home/airflow/.local/lib/python3.8/site-packages/airflow/example_dags/tutorial.py
[2025-01-14T00:17:58.715+0000] {processor.py:830} INFO - Processing file /home/airflow/.local/lib/python3.8/site-packages/airflow/example_dags/tutorial.py for tasks to queue
[2025-01-14T00:17:58.716+0000] {logging_mixin.py:188} INFO - [2025-01-14T00:17:58.716+0000] {dagbag.py:538} INFO - Filling up the DagBag from /home/airflow/.local/lib/python3.8/site-packages/airflow/example_dags/tutorial.py
[2025-01-14T00:17:58.722+0000] {processor.py:840} INFO - DAG(s) 'tutorial' retrieved from /home/airflow/.local/lib/python3.8/site-packages/airflow/example_dags/tutorial.py
[2025-01-14T00:17:58.741+0000] {logging_mixin.py:188} INFO - [2025-01-14T00:17:58.740+0000] {dag.py:3036} INFO - Sync 1 DAGs
[2025-01-14T00:17:58.757+0000] {logging_mixin.py:188} INFO - [2025-01-14T00:17:58.757+0000] {dag.py:3823} INFO - Setting next_dagrun for tutorial to 2025-01-13 00:00:00+00:00, run_after=2025-01-14 00:00:00+00:00
[2025-01-14T00:17:58.774+0000] {processor.py:183} INFO - Processing /home/airflow/.local/lib/python3.8/site-packages/airflow/example_dags/tutorial.py took 0.062 seconds
[2025-01-14T00:18:28.985+0000] {processor.py:161} INFO - Started process (PID=1460) to work on /home/airflow/.local/lib/python3.8/site-packages/airflow/example_dags/tutorial.py
[2025-01-14T00:18:28.986+0000] {processor.py:830} INFO - Processing file /home/airflow/.local/lib/python3.8/site-packages/airflow/example_dags/tutorial.py for tasks to queue
[2025-01-14T00:18:28.987+0000] {logging_mixin.py:188} INFO - [2025-01-14T00:18:28.987+0000] {dagbag.py:538} INFO - Filling up the DagBag from /home/airflow/.local/lib/python3.8/site-packages/airflow/example_dags/tutorial.py
[2025-01-14T00:18:28.991+0000] {processor.py:840} INFO - DAG(s) 'tutorial' retrieved from /home/airflow/.local/lib/python3.8/site-packages/airflow/example_dags/tutorial.py
[2025-01-14T00:18:29.005+0000] {logging_mixin.py:188} INFO - [2025-01-14T00:18:29.005+0000] {dag.py:3036} INFO - Sync 1 DAGs
[2025-01-14T00:18:29.020+0000] {logging_mixin.py:188} INFO - [2025-01-14T00:18:29.019+0000] {dag.py:3823} INFO - Setting next_dagrun for tutorial to 2025-01-13 00:00:00+00:00, run_after=2025-01-14 00:00:00+00:00
[2025-01-14T00:18:29.033+0000] {processor.py:183} INFO - Processing /home/airflow/.local/lib/python3.8/site-packages/airflow/example_dags/tutorial.py took 0.050 seconds
[2025-01-14T00:18:59.186+0000] {processor.py:161} INFO - Started process (PID=1519) to work on /home/airflow/.local/lib/python3.8/site-packages/airflow/example_dags/tutorial.py
[2025-01-14T00:18:59.187+0000] {processor.py:830} INFO - Processing file /home/airflow/.local/lib/python3.8/site-packages/airflow/example_dags/tutorial.py for tasks to queue
[2025-01-14T00:18:59.188+0000] {logging_mixin.py:188} INFO - [2025-01-14T00:18:59.188+0000] {dagbag.py:538} INFO - Filling up the DagBag from /home/airflow/.local/lib/python3.8/site-packages/airflow/example_dags/tutorial.py
[2025-01-14T00:18:59.192+0000] {processor.py:840} INFO - DAG(s) 'tutorial' retrieved from /home/airflow/.local/lib/python3.8/site-packages/airflow/example_dags/tutorial.py
[2025-01-14T00:18:59.206+0000] {logging_mixin.py:188} INFO - [2025-01-14T00:18:59.205+0000] {dag.py:3036} INFO - Sync 1 DAGs
[2025-01-14T00:18:59.219+0000] {logging_mixin.py:188} INFO - [2025-01-14T00:18:59.219+0000] {dag.py:3823} INFO - Setting next_dagrun for tutorial to 2025-01-13 00:00:00+00:00, run_after=2025-01-14 00:00:00+00:00
[2025-01-14T00:18:59.233+0000] {processor.py:183} INFO - Processing /home/airflow/.local/lib/python3.8/site-packages/airflow/example_dags/tutorial.py took 0.049 seconds
[2025-01-14T00:19:29.383+0000] {processor.py:161} INFO - Started process (PID=1578) to work on /home/airflow/.local/lib/python3.8/site-packages/airflow/example_dags/tutorial.py
[2025-01-14T00:19:29.383+0000] {processor.py:830} INFO - Processing file /home/airflow/.local/lib/python3.8/site-packages/airflow/example_dags/tutorial.py for tasks to queue
[2025-01-14T00:19:29.385+0000] {logging_mixin.py:188} INFO - [2025-01-14T00:19:29.384+0000] {dagbag.py:538} INFO - Filling up the DagBag from /home/airflow/.local/lib/python3.8/site-packages/airflow/example_dags/tutorial.py
[2025-01-14T00:19:29.389+0000] {processor.py:840} INFO - DAG(s) 'tutorial' retrieved from /home/airflow/.local/lib/python3.8/site-packages/airflow/example_dags/tutorial.py
[2025-01-14T00:19:29.402+0000] {logging_mixin.py:188} INFO - [2025-01-14T00:19:29.402+0000] {dag.py:3036} INFO - Sync 1 DAGs
[2025-01-14T00:19:29.415+0000] {logging_mixin.py:188} INFO - [2025-01-14T00:19:29.414+0000] {dag.py:3823} INFO - Setting next_dagrun for tutorial to 2025-01-13 00:00:00+00:00, run_after=2025-01-14 00:00:00+00:00
[2025-01-14T00:19:29.428+0000] {processor.py:183} INFO - Processing /home/airflow/.local/lib/python3.8/site-packages/airflow/example_dags/tutorial.py took 0.047 seconds
[2025-01-14T00:19:59.676+0000] {processor.py:161} INFO - Started process (PID=1637) to work on /home/airflow/.local/lib/python3.8/site-packages/airflow/example_dags/tutorial.py
[2025-01-14T00:19:59.677+0000] {processor.py:830} INFO - Processing file /home/airflow/.local/lib/python3.8/site-packages/airflow/example_dags/tutorial.py for tasks to queue
[2025-01-14T00:19:59.678+0000] {logging_mixin.py:188} INFO - [2025-01-14T00:19:59.678+0000] {dagbag.py:538} INFO - Filling up the DagBag from /home/airflow/.local/lib/python3.8/site-packages/airflow/example_dags/tutorial.py
[2025-01-14T00:19:59.681+0000] {processor.py:840} INFO - DAG(s) 'tutorial' retrieved from /home/airflow/.local/lib/python3.8/site-packages/airflow/example_dags/tutorial.py
[2025-01-14T00:19:59.693+0000] {logging_mixin.py:188} INFO - [2025-01-14T00:19:59.693+0000] {dag.py:3036} INFO - Sync 1 DAGs
[2025-01-14T00:19:59.707+0000] {logging_mixin.py:188} INFO - [2025-01-14T00:19:59.706+0000] {dag.py:3823} INFO - Setting next_dagrun for tutorial to 2025-01-13 00:00:00+00:00, run_after=2025-01-14 00:00:00+00:00
[2025-01-14T00:19:59.718+0000] {processor.py:183} INFO - Processing /home/airflow/.local/lib/python3.8/site-packages/airflow/example_dags/tutorial.py took 0.044 seconds
[2025-01-14T00:20:30.384+0000] {processor.py:161} INFO - Started process (PID=1696) to work on /home/airflow/.local/lib/python3.8/site-packages/airflow/example_dags/tutorial.py
[2025-01-14T00:20:30.384+0000] {processor.py:830} INFO - Processing file /home/airflow/.local/lib/python3.8/site-packages/airflow/example_dags/tutorial.py for tasks to queue
[2025-01-14T00:20:30.386+0000] {logging_mixin.py:188} INFO - [2025-01-14T00:20:30.386+0000] {dagbag.py:538} INFO - Filling up the DagBag from /home/airflow/.local/lib/python3.8/site-packages/airflow/example_dags/tutorial.py
[2025-01-14T00:20:30.389+0000] {processor.py:840} INFO - DAG(s) 'tutorial' retrieved from /home/airflow/.local/lib/python3.8/site-packages/airflow/example_dags/tutorial.py
[2025-01-14T00:20:30.402+0000] {logging_mixin.py:188} INFO - [2025-01-14T00:20:30.402+0000] {dag.py:3036} INFO - Sync 1 DAGs
[2025-01-14T00:20:30.417+0000] {logging_mixin.py:188} INFO - [2025-01-14T00:20:30.417+0000] {dag.py:3823} INFO - Setting next_dagrun for tutorial to 2025-01-13 00:00:00+00:00, run_after=2025-01-14 00:00:00+00:00
[2025-01-14T00:20:30.432+0000] {processor.py:183} INFO - Processing /home/airflow/.local/lib/python3.8/site-packages/airflow/example_dags/tutorial.py took 0.051 seconds
[2025-01-14T00:21:00.487+0000] {processor.py:161} INFO - Started process (PID=1755) to work on /home/airflow/.local/lib/python3.8/site-packages/airflow/example_dags/tutorial.py
[2025-01-14T00:21:00.488+0000] {processor.py:830} INFO - Processing file /home/airflow/.local/lib/python3.8/site-packages/airflow/example_dags/tutorial.py for tasks to queue
[2025-01-14T00:21:00.490+0000] {logging_mixin.py:188} INFO - [2025-01-14T00:21:00.489+0000] {dagbag.py:538} INFO - Filling up the DagBag from /home/airflow/.local/lib/python3.8/site-packages/airflow/example_dags/tutorial.py
[2025-01-14T00:21:00.493+0000] {processor.py:840} INFO - DAG(s) 'tutorial' retrieved from /home/airflow/.local/lib/python3.8/site-packages/airflow/example_dags/tutorial.py
[2025-01-14T00:21:00.507+0000] {logging_mixin.py:188} INFO - [2025-01-14T00:21:00.507+0000] {dag.py:3036} INFO - Sync 1 DAGs
[2025-01-14T00:21:00.521+0000] {logging_mixin.py:188} INFO - [2025-01-14T00:21:00.520+0000] {dag.py:3823} INFO - Setting next_dagrun for tutorial to 2025-01-13 00:00:00+00:00, run_after=2025-01-14 00:00:00+00:00
[2025-01-14T00:21:00.534+0000] {processor.py:183} INFO - Processing /home/airflow/.local/lib/python3.8/site-packages/airflow/example_dags/tutorial.py took 0.049 seconds
[2025-01-14T00:21:30.685+0000] {processor.py:161} INFO - Started process (PID=1814) to work on /home/airflow/.local/lib/python3.8/site-packages/airflow/example_dags/tutorial.py
[2025-01-14T00:21:30.685+0000] {processor.py:830} INFO - Processing file /home/airflow/.local/lib/python3.8/site-packages/airflow/example_dags/tutorial.py for tasks to queue
[2025-01-14T00:21:30.687+0000] {logging_mixin.py:188} INFO - [2025-01-14T00:21:30.687+0000] {dagbag.py:538} INFO - Filling up the DagBag from /home/airflow/.local/lib/python3.8/site-packages/airflow/example_dags/tutorial.py
[2025-01-14T00:21:30.690+0000] {processor.py:840} INFO - DAG(s) 'tutorial' retrieved from /home/airflow/.local/lib/python3.8/site-packages/airflow/example_dags/tutorial.py
[2025-01-14T00:21:30.702+0000] {logging_mixin.py:188} INFO - [2025-01-14T00:21:30.702+0000] {dag.py:3036} INFO - Sync 1 DAGs
[2025-01-14T00:21:30.714+0000] {logging_mixin.py:188} INFO - [2025-01-14T00:21:30.714+0000] {dag.py:3823} INFO - Setting next_dagrun for tutorial to 2025-01-13 00:00:00+00:00, run_after=2025-01-14 00:00:00+00:00
[2025-01-14T00:21:30.727+0000] {processor.py:183} INFO - Processing /home/airflow/.local/lib/python3.8/site-packages/airflow/example_dags/tutorial.py took 0.044 seconds
[2025-01-14T00:22:00.850+0000] {processor.py:161} INFO - Started process (PID=1873) to work on /home/airflow/.local/lib/python3.8/site-packages/airflow/example_dags/tutorial.py
[2025-01-14T00:22:00.851+0000] {processor.py:830} INFO - Processing file /home/airflow/.local/lib/python3.8/site-packages/airflow/example_dags/tutorial.py for tasks to queue
[2025-01-14T00:22:00.852+0000] {logging_mixin.py:188} INFO - [2025-01-14T00:22:00.852+0000] {dagbag.py:538} INFO - Filling up the DagBag from /home/airflow/.local/lib/python3.8/site-packages/airflow/example_dags/tutorial.py
[2025-01-14T00:22:00.855+0000] {processor.py:840} INFO - DAG(s) 'tutorial' retrieved from /home/airflow/.local/lib/python3.8/site-packages/airflow/example_dags/tutorial.py
[2025-01-14T00:22:00.868+0000] {logging_mixin.py:188} INFO - [2025-01-14T00:22:00.868+0000] {dag.py:3036} INFO - Sync 1 DAGs
[2025-01-14T00:22:00.881+0000] {logging_mixin.py:188} INFO - [2025-01-14T00:22:00.881+0000] {dag.py:3823} INFO - Setting next_dagrun for tutorial to 2025-01-13 00:00:00+00:00, run_after=2025-01-14 00:00:00+00:00
[2025-01-14T00:22:00.896+0000] {processor.py:183} INFO - Processing /home/airflow/.local/lib/python3.8/site-packages/airflow/example_dags/tutorial.py took 0.048 seconds
[2025-01-14T00:22:31.045+0000] {processor.py:161} INFO - Started process (PID=1932) to work on /home/airflow/.local/lib/python3.8/site-packages/airflow/example_dags/tutorial.py
[2025-01-14T00:22:31.046+0000] {processor.py:830} INFO - Processing file /home/airflow/.local/lib/python3.8/site-packages/airflow/example_dags/tutorial.py for tasks to queue
[2025-01-14T00:22:31.047+0000] {logging_mixin.py:188} INFO - [2025-01-14T00:22:31.047+0000] {dagbag.py:538} INFO - Filling up the DagBag from /home/airflow/.local/lib/python3.8/site-packages/airflow/example_dags/tutorial.py
[2025-01-14T00:22:31.051+0000] {processor.py:840} INFO - DAG(s) 'tutorial' retrieved from /home/airflow/.local/lib/python3.8/site-packages/airflow/example_dags/tutorial.py
[2025-01-14T00:22:31.063+0000] {logging_mixin.py:188} INFO - [2025-01-14T00:22:31.063+0000] {dag.py:3036} INFO - Sync 1 DAGs
[2025-01-14T00:22:31.075+0000] {logging_mixin.py:188} INFO - [2025-01-14T00:22:31.075+0000] {dag.py:3823} INFO - Setting next_dagrun for tutorial to 2025-01-13 00:00:00+00:00, run_after=2025-01-14 00:00:00+00:00
[2025-01-14T00:22:31.087+0000] {processor.py:183} INFO - Processing /home/airflow/.local/lib/python3.8/site-packages/airflow/example_dags/tutorial.py took 0.044 seconds
[2025-01-14T00:23:01.155+0000] {processor.py:161} INFO - Started process (PID=1991) to work on /home/airflow/.local/lib/python3.8/site-packages/airflow/example_dags/tutorial.py
[2025-01-14T00:23:01.156+0000] {processor.py:830} INFO - Processing file /home/airflow/.local/lib/python3.8/site-packages/airflow/example_dags/tutorial.py for tasks to queue
[2025-01-14T00:23:01.157+0000] {logging_mixin.py:188} INFO - [2025-01-14T00:23:01.157+0000] {dagbag.py:538} INFO - Filling up the DagBag from /home/airflow/.local/lib/python3.8/site-packages/airflow/example_dags/tutorial.py
[2025-01-14T00:23:01.160+0000] {processor.py:840} INFO - DAG(s) 'tutorial' retrieved from /home/airflow/.local/lib/python3.8/site-packages/airflow/example_dags/tutorial.py
[2025-01-14T00:23:01.172+0000] {logging_mixin.py:188} INFO - [2025-01-14T00:23:01.172+0000] {dag.py:3036} INFO - Sync 1 DAGs
[2025-01-14T00:23:01.185+0000] {logging_mixin.py:188} INFO - [2025-01-14T00:23:01.185+0000] {dag.py:3823} INFO - Setting next_dagrun for tutorial to 2025-01-13 00:00:00+00:00, run_after=2025-01-14 00:00:00+00:00
[2025-01-14T00:23:01.198+0000] {processor.py:183} INFO - Processing /home/airflow/.local/lib/python3.8/site-packages/airflow/example_dags/tutorial.py took 0.045 seconds
[2025-01-14T00:23:31.347+0000] {processor.py:161} INFO - Started process (PID=2050) to work on /home/airflow/.local/lib/python3.8/site-packages/airflow/example_dags/tutorial.py
[2025-01-14T00:23:31.361+0000] {processor.py:830} INFO - Processing file /home/airflow/.local/lib/python3.8/site-packages/airflow/example_dags/tutorial.py for tasks to queue
[2025-01-14T00:23:31.364+0000] {logging_mixin.py:188} INFO - [2025-01-14T00:23:31.363+0000] {dagbag.py:538} INFO - Filling up the DagBag from /home/airflow/.local/lib/python3.8/site-packages/airflow/example_dags/tutorial.py
[2025-01-14T00:23:31.369+0000] {processor.py:840} INFO - DAG(s) 'tutorial' retrieved from /home/airflow/.local/lib/python3.8/site-packages/airflow/example_dags/tutorial.py
[2025-01-14T00:23:31.384+0000] {logging_mixin.py:188} INFO - [2025-01-14T00:23:31.384+0000] {dag.py:3036} INFO - Sync 1 DAGs
[2025-01-14T00:23:31.401+0000] {logging_mixin.py:188} INFO - [2025-01-14T00:23:31.401+0000] {dag.py:3823} INFO - Setting next_dagrun for tutorial to 2025-01-13 00:00:00+00:00, run_after=2025-01-14 00:00:00+00:00
[2025-01-14T00:23:31.415+0000] {processor.py:183} INFO - Processing /home/airflow/.local/lib/python3.8/site-packages/airflow/example_dags/tutorial.py took 0.072 seconds
[2025-01-14T00:24:01.447+0000] {processor.py:161} INFO - Started process (PID=2109) to work on /home/airflow/.local/lib/python3.8/site-packages/airflow/example_dags/tutorial.py
[2025-01-14T00:24:01.448+0000] {processor.py:830} INFO - Processing file /home/airflow/.local/lib/python3.8/site-packages/airflow/example_dags/tutorial.py for tasks to queue
[2025-01-14T00:24:01.449+0000] {logging_mixin.py:188} INFO - [2025-01-14T00:24:01.449+0000] {dagbag.py:538} INFO - Filling up the DagBag from /home/airflow/.local/lib/python3.8/site-packages/airflow/example_dags/tutorial.py
[2025-01-14T00:24:01.453+0000] {processor.py:840} INFO - DAG(s) 'tutorial' retrieved from /home/airflow/.local/lib/python3.8/site-packages/airflow/example_dags/tutorial.py
[2025-01-14T00:24:01.466+0000] {logging_mixin.py:188} INFO - [2025-01-14T00:24:01.466+0000] {dag.py:3036} INFO - Sync 1 DAGs
[2025-01-14T00:24:01.479+0000] {logging_mixin.py:188} INFO - [2025-01-14T00:24:01.479+0000] {dag.py:3823} INFO - Setting next_dagrun for tutorial to 2025-01-13 00:00:00+00:00, run_after=2025-01-14 00:00:00+00:00
[2025-01-14T00:24:01.492+0000] {processor.py:183} INFO - Processing /home/airflow/.local/lib/python3.8/site-packages/airflow/example_dags/tutorial.py took 0.047 seconds
[2025-01-14T00:24:31.769+0000] {processor.py:161} INFO - Started process (PID=2168) to work on /home/airflow/.local/lib/python3.8/site-packages/airflow/example_dags/tutorial.py
[2025-01-14T00:24:31.770+0000] {processor.py:830} INFO - Processing file /home/airflow/.local/lib/python3.8/site-packages/airflow/example_dags/tutorial.py for tasks to queue
[2025-01-14T00:24:31.771+0000] {logging_mixin.py:188} INFO - [2025-01-14T00:24:31.771+0000] {dagbag.py:538} INFO - Filling up the DagBag from /home/airflow/.local/lib/python3.8/site-packages/airflow/example_dags/tutorial.py
[2025-01-14T00:24:31.774+0000] {processor.py:840} INFO - DAG(s) 'tutorial' retrieved from /home/airflow/.local/lib/python3.8/site-packages/airflow/example_dags/tutorial.py
[2025-01-14T00:24:31.786+0000] {logging_mixin.py:188} INFO - [2025-01-14T00:24:31.786+0000] {dag.py:3036} INFO - Sync 1 DAGs
[2025-01-14T00:24:31.799+0000] {logging_mixin.py:188} INFO - [2025-01-14T00:24:31.799+0000] {dag.py:3823} INFO - Setting next_dagrun for tutorial to 2025-01-13 00:00:00+00:00, run_after=2025-01-14 00:00:00+00:00
[2025-01-14T00:24:31.812+0000] {processor.py:183} INFO - Processing /home/airflow/.local/lib/python3.8/site-packages/airflow/example_dags/tutorial.py took 0.044 seconds
[2025-01-14T00:25:01.857+0000] {processor.py:161} INFO - Started process (PID=2227) to work on /home/airflow/.local/lib/python3.8/site-packages/airflow/example_dags/tutorial.py
[2025-01-14T00:25:01.858+0000] {processor.py:830} INFO - Processing file /home/airflow/.local/lib/python3.8/site-packages/airflow/example_dags/tutorial.py for tasks to queue
[2025-01-14T00:25:01.859+0000] {logging_mixin.py:188} INFO - [2025-01-14T00:25:01.859+0000] {dagbag.py:538} INFO - Filling up the DagBag from /home/airflow/.local/lib/python3.8/site-packages/airflow/example_dags/tutorial.py
[2025-01-14T00:25:01.863+0000] {processor.py:840} INFO - DAG(s) 'tutorial' retrieved from /home/airflow/.local/lib/python3.8/site-packages/airflow/example_dags/tutorial.py
[2025-01-14T00:25:01.877+0000] {logging_mixin.py:188} INFO - [2025-01-14T00:25:01.877+0000] {dag.py:3036} INFO - Sync 1 DAGs
[2025-01-14T00:25:01.892+0000] {logging_mixin.py:188} INFO - [2025-01-14T00:25:01.892+0000] {dag.py:3823} INFO - Setting next_dagrun for tutorial to 2025-01-13 00:00:00+00:00, run_after=2025-01-14 00:00:00+00:00
[2025-01-14T00:25:01.907+0000] {processor.py:183} INFO - Processing /home/airflow/.local/lib/python3.8/site-packages/airflow/example_dags/tutorial.py took 0.053 seconds
[2025-01-14T00:25:32.122+0000] {processor.py:161} INFO - Started process (PID=2286) to work on /home/airflow/.local/lib/python3.8/site-packages/airflow/example_dags/tutorial.py
[2025-01-14T00:25:32.122+0000] {processor.py:830} INFO - Processing file /home/airflow/.local/lib/python3.8/site-packages/airflow/example_dags/tutorial.py for tasks to queue
[2025-01-14T00:25:32.123+0000] {logging_mixin.py:188} INFO - [2025-01-14T00:25:32.123+0000] {dagbag.py:538} INFO - Filling up the DagBag from /home/airflow/.local/lib/python3.8/site-packages/airflow/example_dags/tutorial.py
[2025-01-14T00:25:32.127+0000] {processor.py:840} INFO - DAG(s) 'tutorial' retrieved from /home/airflow/.local/lib/python3.8/site-packages/airflow/example_dags/tutorial.py
[2025-01-14T00:25:32.138+0000] {logging_mixin.py:188} INFO - [2025-01-14T00:25:32.138+0000] {dag.py:3036} INFO - Sync 1 DAGs
[2025-01-14T00:25:32.152+0000] {logging_mixin.py:188} INFO - [2025-01-14T00:25:32.151+0000] {dag.py:3823} INFO - Setting next_dagrun for tutorial to 2025-01-13 00:00:00+00:00, run_after=2025-01-14 00:00:00+00:00
[2025-01-14T00:25:32.165+0000] {processor.py:183} INFO - Processing /home/airflow/.local/lib/python3.8/site-packages/airflow/example_dags/tutorial.py took 0.045 seconds
[2025-01-14T00:26:02.534+0000] {processor.py:161} INFO - Started process (PID=2323) to work on /home/airflow/.local/lib/python3.8/site-packages/airflow/example_dags/tutorial.py
[2025-01-14T00:26:02.535+0000] {processor.py:830} INFO - Processing file /home/airflow/.local/lib/python3.8/site-packages/airflow/example_dags/tutorial.py for tasks to queue
[2025-01-14T00:26:02.536+0000] {logging_mixin.py:188} INFO - [2025-01-14T00:26:02.536+0000] {dagbag.py:538} INFO - Filling up the DagBag from /home/airflow/.local/lib/python3.8/site-packages/airflow/example_dags/tutorial.py
[2025-01-14T00:26:02.540+0000] {processor.py:840} INFO - DAG(s) 'tutorial' retrieved from /home/airflow/.local/lib/python3.8/site-packages/airflow/example_dags/tutorial.py
[2025-01-14T00:26:02.554+0000] {logging_mixin.py:188} INFO - [2025-01-14T00:26:02.554+0000] {dag.py:3036} INFO - Sync 1 DAGs
[2025-01-14T00:26:02.568+0000] {logging_mixin.py:188} INFO - [2025-01-14T00:26:02.568+0000] {dag.py:3823} INFO - Setting next_dagrun for tutorial to 2025-01-13 00:00:00+00:00, run_after=2025-01-14 00:00:00+00:00
[2025-01-14T00:26:02.688+0000] {processor.py:183} INFO - Processing /home/airflow/.local/lib/python3.8/site-packages/airflow/example_dags/tutorial.py took 0.155 seconds
[2025-01-14T00:26:32.771+0000] {processor.py:161} INFO - Started process (PID=2373) to work on /home/airflow/.local/lib/python3.8/site-packages/airflow/example_dags/tutorial.py
[2025-01-14T00:26:32.772+0000] {processor.py:830} INFO - Processing file /home/airflow/.local/lib/python3.8/site-packages/airflow/example_dags/tutorial.py for tasks to queue
[2025-01-14T00:26:32.773+0000] {logging_mixin.py:188} INFO - [2025-01-14T00:26:32.773+0000] {dagbag.py:538} INFO - Filling up the DagBag from /home/airflow/.local/lib/python3.8/site-packages/airflow/example_dags/tutorial.py
[2025-01-14T00:26:32.777+0000] {processor.py:840} INFO - DAG(s) 'tutorial' retrieved from /home/airflow/.local/lib/python3.8/site-packages/airflow/example_dags/tutorial.py
[2025-01-14T00:26:32.790+0000] {logging_mixin.py:188} INFO - [2025-01-14T00:26:32.790+0000] {dag.py:3036} INFO - Sync 1 DAGs
[2025-01-14T00:26:32.805+0000] {logging_mixin.py:188} INFO - [2025-01-14T00:26:32.805+0000] {dag.py:3823} INFO - Setting next_dagrun for tutorial to 2025-01-13 00:00:00+00:00, run_after=2025-01-14 00:00:00+00:00
[2025-01-14T00:26:32.820+0000] {processor.py:183} INFO - Processing /home/airflow/.local/lib/python3.8/site-packages/airflow/example_dags/tutorial.py took 0.050 seconds
[2025-01-14T00:27:03.625+0000] {processor.py:161} INFO - Started process (PID=2429) to work on /home/airflow/.local/lib/python3.8/site-packages/airflow/example_dags/tutorial.py
[2025-01-14T00:27:03.625+0000] {processor.py:830} INFO - Processing file /home/airflow/.local/lib/python3.8/site-packages/airflow/example_dags/tutorial.py for tasks to queue
[2025-01-14T00:27:03.627+0000] {logging_mixin.py:188} INFO - [2025-01-14T00:27:03.626+0000] {dagbag.py:538} INFO - Filling up the DagBag from /home/airflow/.local/lib/python3.8/site-packages/airflow/example_dags/tutorial.py
[2025-01-14T00:27:03.630+0000] {processor.py:840} INFO - DAG(s) 'tutorial' retrieved from /home/airflow/.local/lib/python3.8/site-packages/airflow/example_dags/tutorial.py
[2025-01-14T00:27:03.644+0000] {logging_mixin.py:188} INFO - [2025-01-14T00:27:03.644+0000] {dag.py:3036} INFO - Sync 1 DAGs
[2025-01-14T00:27:03.658+0000] {logging_mixin.py:188} INFO - [2025-01-14T00:27:03.658+0000] {dag.py:3823} INFO - Setting next_dagrun for tutorial to 2025-01-13 00:00:00+00:00, run_after=2025-01-14 00:00:00+00:00
[2025-01-14T00:27:03.671+0000] {processor.py:183} INFO - Processing /home/airflow/.local/lib/python3.8/site-packages/airflow/example_dags/tutorial.py took 0.048 seconds
[2025-01-14T00:27:34.252+0000] {processor.py:161} INFO - Started process (PID=2483) to work on /home/airflow/.local/lib/python3.8/site-packages/airflow/example_dags/tutorial.py
[2025-01-14T00:27:34.252+0000] {processor.py:830} INFO - Processing file /home/airflow/.local/lib/python3.8/site-packages/airflow/example_dags/tutorial.py for tasks to queue
[2025-01-14T00:27:34.254+0000] {logging_mixin.py:188} INFO - [2025-01-14T00:27:34.254+0000] {dagbag.py:538} INFO - Filling up the DagBag from /home/airflow/.local/lib/python3.8/site-packages/airflow/example_dags/tutorial.py
[2025-01-14T00:27:34.259+0000] {processor.py:840} INFO - DAG(s) 'tutorial' retrieved from /home/airflow/.local/lib/python3.8/site-packages/airflow/example_dags/tutorial.py
[2025-01-14T00:27:34.273+0000] {logging_mixin.py:188} INFO - [2025-01-14T00:27:34.273+0000] {dag.py:3036} INFO - Sync 1 DAGs
[2025-01-14T00:27:34.288+0000] {logging_mixin.py:188} INFO - [2025-01-14T00:27:34.287+0000] {dag.py:3823} INFO - Setting next_dagrun for tutorial to 2025-01-13 00:00:00+00:00, run_after=2025-01-14 00:00:00+00:00
[2025-01-14T00:27:34.302+0000] {processor.py:183} INFO - Processing /home/airflow/.local/lib/python3.8/site-packages/airflow/example_dags/tutorial.py took 0.052 seconds
