[2025-01-14T00:00:09.651+0000] {processor.py:161} INFO - Started process (PID=10581) to work on /home/airflow/.local/lib/python3.8/site-packages/airflow/example_dags/tutorial_taskflow_api.py
[2025-01-14T00:00:09.652+0000] {processor.py:830} INFO - Processing file /home/airflow/.local/lib/python3.8/site-packages/airflow/example_dags/tutorial_taskflow_api.py for tasks to queue
[2025-01-14T00:00:09.652+0000] {logging_mixin.py:188} INFO - [2025-01-14T00:00:09.652+0000] {dagbag.py:538} INFO - Filling up the DagBag from /home/airflow/.local/lib/python3.8/site-packages/airflow/example_dags/tutorial_taskflow_api.py
[2025-01-14T00:00:09.656+0000] {processor.py:840} INFO - DAG(s) 'tutorial_taskflow_api' retrieved from /home/airflow/.local/lib/python3.8/site-packages/airflow/example_dags/tutorial_taskflow_api.py
[2025-01-14T00:00:09.669+0000] {logging_mixin.py:188} INFO - [2025-01-14T00:00:09.669+0000] {dag.py:3036} INFO - Sync 1 DAGs
[2025-01-14T00:00:09.677+0000] {logging_mixin.py:188} INFO - [2025-01-14T00:00:09.676+0000] {dag.py:3823} INFO - Setting next_dagrun for tutorial_taskflow_api to None, run_after=None
[2025-01-14T00:00:09.688+0000] {processor.py:183} INFO - Processing /home/airflow/.local/lib/python3.8/site-packages/airflow/example_dags/tutorial_taskflow_api.py took 0.039 seconds
[2025-01-14T00:00:40.746+0000] {processor.py:161} INFO - Started process (PID=10640) to work on /home/airflow/.local/lib/python3.8/site-packages/airflow/example_dags/tutorial_taskflow_api.py
[2025-01-14T00:00:40.747+0000] {processor.py:830} INFO - Processing file /home/airflow/.local/lib/python3.8/site-packages/airflow/example_dags/tutorial_taskflow_api.py for tasks to queue
[2025-01-14T00:00:40.747+0000] {logging_mixin.py:188} INFO - [2025-01-14T00:00:40.747+0000] {dagbag.py:538} INFO - Filling up the DagBag from /home/airflow/.local/lib/python3.8/site-packages/airflow/example_dags/tutorial_taskflow_api.py
[2025-01-14T00:00:40.751+0000] {processor.py:840} INFO - DAG(s) 'tutorial_taskflow_api' retrieved from /home/airflow/.local/lib/python3.8/site-packages/airflow/example_dags/tutorial_taskflow_api.py
[2025-01-14T00:00:40.765+0000] {logging_mixin.py:188} INFO - [2025-01-14T00:00:40.764+0000] {dag.py:3036} INFO - Sync 1 DAGs
[2025-01-14T00:00:40.772+0000] {logging_mixin.py:188} INFO - [2025-01-14T00:00:40.772+0000] {dag.py:3823} INFO - Setting next_dagrun for tutorial_taskflow_api to None, run_after=None
[2025-01-14T00:00:40.784+0000] {processor.py:183} INFO - Processing /home/airflow/.local/lib/python3.8/site-packages/airflow/example_dags/tutorial_taskflow_api.py took 0.040 seconds
[2025-01-14T00:01:10.904+0000] {processor.py:161} INFO - Started process (PID=10699) to work on /home/airflow/.local/lib/python3.8/site-packages/airflow/example_dags/tutorial_taskflow_api.py
[2025-01-14T00:01:10.905+0000] {processor.py:830} INFO - Processing file /home/airflow/.local/lib/python3.8/site-packages/airflow/example_dags/tutorial_taskflow_api.py for tasks to queue
[2025-01-14T00:01:10.905+0000] {logging_mixin.py:188} INFO - [2025-01-14T00:01:10.905+0000] {dagbag.py:538} INFO - Filling up the DagBag from /home/airflow/.local/lib/python3.8/site-packages/airflow/example_dags/tutorial_taskflow_api.py
[2025-01-14T00:01:10.909+0000] {processor.py:840} INFO - DAG(s) 'tutorial_taskflow_api' retrieved from /home/airflow/.local/lib/python3.8/site-packages/airflow/example_dags/tutorial_taskflow_api.py
[2025-01-14T00:01:10.921+0000] {logging_mixin.py:188} INFO - [2025-01-14T00:01:10.921+0000] {dag.py:3036} INFO - Sync 1 DAGs
[2025-01-14T00:01:10.929+0000] {logging_mixin.py:188} INFO - [2025-01-14T00:01:10.929+0000] {dag.py:3823} INFO - Setting next_dagrun for tutorial_taskflow_api to None, run_after=None
[2025-01-14T00:01:10.941+0000] {processor.py:183} INFO - Processing /home/airflow/.local/lib/python3.8/site-packages/airflow/example_dags/tutorial_taskflow_api.py took 0.039 seconds
[2025-01-14T00:01:41.880+0000] {processor.py:161} INFO - Started process (PID=10758) to work on /home/airflow/.local/lib/python3.8/site-packages/airflow/example_dags/tutorial_taskflow_api.py
[2025-01-14T00:01:41.881+0000] {processor.py:830} INFO - Processing file /home/airflow/.local/lib/python3.8/site-packages/airflow/example_dags/tutorial_taskflow_api.py for tasks to queue
[2025-01-14T00:01:41.881+0000] {logging_mixin.py:188} INFO - [2025-01-14T00:01:41.881+0000] {dagbag.py:538} INFO - Filling up the DagBag from /home/airflow/.local/lib/python3.8/site-packages/airflow/example_dags/tutorial_taskflow_api.py
[2025-01-14T00:01:41.885+0000] {processor.py:840} INFO - DAG(s) 'tutorial_taskflow_api' retrieved from /home/airflow/.local/lib/python3.8/site-packages/airflow/example_dags/tutorial_taskflow_api.py
[2025-01-14T00:01:41.898+0000] {logging_mixin.py:188} INFO - [2025-01-14T00:01:41.898+0000] {dag.py:3036} INFO - Sync 1 DAGs
[2025-01-14T00:01:41.905+0000] {logging_mixin.py:188} INFO - [2025-01-14T00:01:41.905+0000] {dag.py:3823} INFO - Setting next_dagrun for tutorial_taskflow_api to None, run_after=None
[2025-01-14T00:01:41.917+0000] {processor.py:183} INFO - Processing /home/airflow/.local/lib/python3.8/site-packages/airflow/example_dags/tutorial_taskflow_api.py took 0.040 seconds
[2025-01-14T00:02:12.735+0000] {processor.py:161} INFO - Started process (PID=10817) to work on /home/airflow/.local/lib/python3.8/site-packages/airflow/example_dags/tutorial_taskflow_api.py
[2025-01-14T00:02:12.735+0000] {processor.py:830} INFO - Processing file /home/airflow/.local/lib/python3.8/site-packages/airflow/example_dags/tutorial_taskflow_api.py for tasks to queue
[2025-01-14T00:02:12.736+0000] {logging_mixin.py:188} INFO - [2025-01-14T00:02:12.736+0000] {dagbag.py:538} INFO - Filling up the DagBag from /home/airflow/.local/lib/python3.8/site-packages/airflow/example_dags/tutorial_taskflow_api.py
[2025-01-14T00:02:12.740+0000] {processor.py:840} INFO - DAG(s) 'tutorial_taskflow_api' retrieved from /home/airflow/.local/lib/python3.8/site-packages/airflow/example_dags/tutorial_taskflow_api.py
[2025-01-14T00:02:12.753+0000] {logging_mixin.py:188} INFO - [2025-01-14T00:02:12.752+0000] {dag.py:3036} INFO - Sync 1 DAGs
[2025-01-14T00:02:12.760+0000] {logging_mixin.py:188} INFO - [2025-01-14T00:02:12.760+0000] {dag.py:3823} INFO - Setting next_dagrun for tutorial_taskflow_api to None, run_after=None
[2025-01-14T00:02:12.773+0000] {processor.py:183} INFO - Processing /home/airflow/.local/lib/python3.8/site-packages/airflow/example_dags/tutorial_taskflow_api.py took 0.040 seconds
[2025-01-14T00:02:43.785+0000] {processor.py:161} INFO - Started process (PID=10876) to work on /home/airflow/.local/lib/python3.8/site-packages/airflow/example_dags/tutorial_taskflow_api.py
[2025-01-14T00:02:43.786+0000] {processor.py:830} INFO - Processing file /home/airflow/.local/lib/python3.8/site-packages/airflow/example_dags/tutorial_taskflow_api.py for tasks to queue
[2025-01-14T00:02:43.787+0000] {logging_mixin.py:188} INFO - [2025-01-14T00:02:43.786+0000] {dagbag.py:538} INFO - Filling up the DagBag from /home/airflow/.local/lib/python3.8/site-packages/airflow/example_dags/tutorial_taskflow_api.py
[2025-01-14T00:02:43.792+0000] {processor.py:840} INFO - DAG(s) 'tutorial_taskflow_api' retrieved from /home/airflow/.local/lib/python3.8/site-packages/airflow/example_dags/tutorial_taskflow_api.py
[2025-01-14T00:02:43.807+0000] {logging_mixin.py:188} INFO - [2025-01-14T00:02:43.807+0000] {dag.py:3036} INFO - Sync 1 DAGs
[2025-01-14T00:02:43.816+0000] {logging_mixin.py:188} INFO - [2025-01-14T00:02:43.815+0000] {dag.py:3823} INFO - Setting next_dagrun for tutorial_taskflow_api to None, run_after=None
[2025-01-14T00:02:43.832+0000] {processor.py:183} INFO - Processing /home/airflow/.local/lib/python3.8/site-packages/airflow/example_dags/tutorial_taskflow_api.py took 0.049 seconds
[2025-01-14T00:03:14.079+0000] {processor.py:161} INFO - Started process (PID=10935) to work on /home/airflow/.local/lib/python3.8/site-packages/airflow/example_dags/tutorial_taskflow_api.py
[2025-01-14T00:03:14.080+0000] {processor.py:830} INFO - Processing file /home/airflow/.local/lib/python3.8/site-packages/airflow/example_dags/tutorial_taskflow_api.py for tasks to queue
[2025-01-14T00:03:14.081+0000] {logging_mixin.py:188} INFO - [2025-01-14T00:03:14.081+0000] {dagbag.py:538} INFO - Filling up the DagBag from /home/airflow/.local/lib/python3.8/site-packages/airflow/example_dags/tutorial_taskflow_api.py
[2025-01-14T00:03:14.086+0000] {processor.py:840} INFO - DAG(s) 'tutorial_taskflow_api' retrieved from /home/airflow/.local/lib/python3.8/site-packages/airflow/example_dags/tutorial_taskflow_api.py
[2025-01-14T00:03:14.106+0000] {logging_mixin.py:188} INFO - [2025-01-14T00:03:14.106+0000] {dag.py:3036} INFO - Sync 1 DAGs
[2025-01-14T00:03:14.114+0000] {logging_mixin.py:188} INFO - [2025-01-14T00:03:14.114+0000] {dag.py:3823} INFO - Setting next_dagrun for tutorial_taskflow_api to None, run_after=None
[2025-01-14T00:03:14.130+0000] {processor.py:183} INFO - Processing /home/airflow/.local/lib/python3.8/site-packages/airflow/example_dags/tutorial_taskflow_api.py took 0.053 seconds
[2025-01-14T00:03:45.084+0000] {processor.py:161} INFO - Started process (PID=10994) to work on /home/airflow/.local/lib/python3.8/site-packages/airflow/example_dags/tutorial_taskflow_api.py
[2025-01-14T00:03:45.084+0000] {processor.py:830} INFO - Processing file /home/airflow/.local/lib/python3.8/site-packages/airflow/example_dags/tutorial_taskflow_api.py for tasks to queue
[2025-01-14T00:03:45.085+0000] {logging_mixin.py:188} INFO - [2025-01-14T00:03:45.085+0000] {dagbag.py:538} INFO - Filling up the DagBag from /home/airflow/.local/lib/python3.8/site-packages/airflow/example_dags/tutorial_taskflow_api.py
[2025-01-14T00:03:45.089+0000] {processor.py:840} INFO - DAG(s) 'tutorial_taskflow_api' retrieved from /home/airflow/.local/lib/python3.8/site-packages/airflow/example_dags/tutorial_taskflow_api.py
[2025-01-14T00:03:45.101+0000] {logging_mixin.py:188} INFO - [2025-01-14T00:03:45.101+0000] {dag.py:3036} INFO - Sync 1 DAGs
[2025-01-14T00:03:45.108+0000] {logging_mixin.py:188} INFO - [2025-01-14T00:03:45.108+0000] {dag.py:3823} INFO - Setting next_dagrun for tutorial_taskflow_api to None, run_after=None
[2025-01-14T00:03:45.120+0000] {processor.py:183} INFO - Processing /home/airflow/.local/lib/python3.8/site-packages/airflow/example_dags/tutorial_taskflow_api.py took 0.038 seconds
[2025-01-14T00:04:16.014+0000] {processor.py:161} INFO - Started process (PID=11053) to work on /home/airflow/.local/lib/python3.8/site-packages/airflow/example_dags/tutorial_taskflow_api.py
[2025-01-14T00:04:16.015+0000] {processor.py:830} INFO - Processing file /home/airflow/.local/lib/python3.8/site-packages/airflow/example_dags/tutorial_taskflow_api.py for tasks to queue
[2025-01-14T00:04:16.016+0000] {logging_mixin.py:188} INFO - [2025-01-14T00:04:16.015+0000] {dagbag.py:538} INFO - Filling up the DagBag from /home/airflow/.local/lib/python3.8/site-packages/airflow/example_dags/tutorial_taskflow_api.py
[2025-01-14T00:04:16.020+0000] {processor.py:840} INFO - DAG(s) 'tutorial_taskflow_api' retrieved from /home/airflow/.local/lib/python3.8/site-packages/airflow/example_dags/tutorial_taskflow_api.py
[2025-01-14T00:04:16.033+0000] {logging_mixin.py:188} INFO - [2025-01-14T00:04:16.032+0000] {dag.py:3036} INFO - Sync 1 DAGs
[2025-01-14T00:04:16.040+0000] {logging_mixin.py:188} INFO - [2025-01-14T00:04:16.039+0000] {dag.py:3823} INFO - Setting next_dagrun for tutorial_taskflow_api to None, run_after=None
[2025-01-14T00:04:16.051+0000] {processor.py:183} INFO - Processing /home/airflow/.local/lib/python3.8/site-packages/airflow/example_dags/tutorial_taskflow_api.py took 0.039 seconds
[2025-01-14T00:04:46.472+0000] {processor.py:161} INFO - Started process (PID=11112) to work on /home/airflow/.local/lib/python3.8/site-packages/airflow/example_dags/tutorial_taskflow_api.py
[2025-01-14T00:04:46.472+0000] {processor.py:830} INFO - Processing file /home/airflow/.local/lib/python3.8/site-packages/airflow/example_dags/tutorial_taskflow_api.py for tasks to queue
[2025-01-14T00:04:46.473+0000] {logging_mixin.py:188} INFO - [2025-01-14T00:04:46.473+0000] {dagbag.py:538} INFO - Filling up the DagBag from /home/airflow/.local/lib/python3.8/site-packages/airflow/example_dags/tutorial_taskflow_api.py
[2025-01-14T00:04:46.477+0000] {processor.py:840} INFO - DAG(s) 'tutorial_taskflow_api' retrieved from /home/airflow/.local/lib/python3.8/site-packages/airflow/example_dags/tutorial_taskflow_api.py
[2025-01-14T00:04:46.489+0000] {logging_mixin.py:188} INFO - [2025-01-14T00:04:46.489+0000] {dag.py:3036} INFO - Sync 1 DAGs
[2025-01-14T00:04:46.497+0000] {logging_mixin.py:188} INFO - [2025-01-14T00:04:46.497+0000] {dag.py:3823} INFO - Setting next_dagrun for tutorial_taskflow_api to None, run_after=None
[2025-01-14T00:04:46.509+0000] {processor.py:183} INFO - Processing /home/airflow/.local/lib/python3.8/site-packages/airflow/example_dags/tutorial_taskflow_api.py took 0.039 seconds
[2025-01-14T00:05:17.397+0000] {processor.py:161} INFO - Started process (PID=11171) to work on /home/airflow/.local/lib/python3.8/site-packages/airflow/example_dags/tutorial_taskflow_api.py
[2025-01-14T00:05:17.398+0000] {processor.py:830} INFO - Processing file /home/airflow/.local/lib/python3.8/site-packages/airflow/example_dags/tutorial_taskflow_api.py for tasks to queue
[2025-01-14T00:05:17.398+0000] {logging_mixin.py:188} INFO - [2025-01-14T00:05:17.398+0000] {dagbag.py:538} INFO - Filling up the DagBag from /home/airflow/.local/lib/python3.8/site-packages/airflow/example_dags/tutorial_taskflow_api.py
[2025-01-14T00:05:17.402+0000] {processor.py:840} INFO - DAG(s) 'tutorial_taskflow_api' retrieved from /home/airflow/.local/lib/python3.8/site-packages/airflow/example_dags/tutorial_taskflow_api.py
[2025-01-14T00:05:17.415+0000] {logging_mixin.py:188} INFO - [2025-01-14T00:05:17.415+0000] {dag.py:3036} INFO - Sync 1 DAGs
[2025-01-14T00:05:17.422+0000] {logging_mixin.py:188} INFO - [2025-01-14T00:05:17.422+0000] {dag.py:3823} INFO - Setting next_dagrun for tutorial_taskflow_api to None, run_after=None
[2025-01-14T00:05:17.434+0000] {processor.py:183} INFO - Processing /home/airflow/.local/lib/python3.8/site-packages/airflow/example_dags/tutorial_taskflow_api.py took 0.040 seconds
[2025-01-14T00:06:24.022+0000] {processor.py:161} INFO - Started process (PID=56) to work on /home/airflow/.local/lib/python3.8/site-packages/airflow/example_dags/tutorial_taskflow_api.py
[2025-01-14T00:06:24.023+0000] {processor.py:830} INFO - Processing file /home/airflow/.local/lib/python3.8/site-packages/airflow/example_dags/tutorial_taskflow_api.py for tasks to queue
[2025-01-14T00:06:24.024+0000] {logging_mixin.py:188} INFO - [2025-01-14T00:06:24.024+0000] {dagbag.py:538} INFO - Filling up the DagBag from /home/airflow/.local/lib/python3.8/site-packages/airflow/example_dags/tutorial_taskflow_api.py
[2025-01-14T00:06:24.029+0000] {processor.py:840} INFO - DAG(s) 'tutorial_taskflow_api' retrieved from /home/airflow/.local/lib/python3.8/site-packages/airflow/example_dags/tutorial_taskflow_api.py
[2025-01-14T00:06:24.041+0000] {logging_mixin.py:188} INFO - [2025-01-14T00:06:24.040+0000] {dag.py:3036} INFO - Sync 1 DAGs
[2025-01-14T00:06:24.055+0000] {logging_mixin.py:188} INFO - [2025-01-14T00:06:24.055+0000] {dag.py:3823} INFO - Setting next_dagrun for tutorial_taskflow_api to None, run_after=None
[2025-01-14T00:06:24.075+0000] {processor.py:183} INFO - Processing /home/airflow/.local/lib/python3.8/site-packages/airflow/example_dags/tutorial_taskflow_api.py took 0.057 seconds
[2025-01-14T00:06:54.594+0000] {processor.py:161} INFO - Started process (PID=115) to work on /home/airflow/.local/lib/python3.8/site-packages/airflow/example_dags/tutorial_taskflow_api.py
[2025-01-14T00:06:54.594+0000] {processor.py:830} INFO - Processing file /home/airflow/.local/lib/python3.8/site-packages/airflow/example_dags/tutorial_taskflow_api.py for tasks to queue
[2025-01-14T00:06:54.595+0000] {logging_mixin.py:188} INFO - [2025-01-14T00:06:54.595+0000] {dagbag.py:538} INFO - Filling up the DagBag from /home/airflow/.local/lib/python3.8/site-packages/airflow/example_dags/tutorial_taskflow_api.py
[2025-01-14T00:06:54.599+0000] {processor.py:840} INFO - DAG(s) 'tutorial_taskflow_api' retrieved from /home/airflow/.local/lib/python3.8/site-packages/airflow/example_dags/tutorial_taskflow_api.py
[2025-01-14T00:06:54.670+0000] {logging_mixin.py:188} INFO - [2025-01-14T00:06:54.669+0000] {dag.py:3036} INFO - Sync 1 DAGs
[2025-01-14T00:06:54.676+0000] {logging_mixin.py:188} INFO - [2025-01-14T00:06:54.676+0000] {dag.py:3823} INFO - Setting next_dagrun for tutorial_taskflow_api to None, run_after=None
[2025-01-14T00:06:54.689+0000] {processor.py:183} INFO - Processing /home/airflow/.local/lib/python3.8/site-packages/airflow/example_dags/tutorial_taskflow_api.py took 0.098 seconds
[2025-01-14T00:07:25.668+0000] {processor.py:161} INFO - Started process (PID=174) to work on /home/airflow/.local/lib/python3.8/site-packages/airflow/example_dags/tutorial_taskflow_api.py
[2025-01-14T00:07:25.670+0000] {processor.py:830} INFO - Processing file /home/airflow/.local/lib/python3.8/site-packages/airflow/example_dags/tutorial_taskflow_api.py for tasks to queue
[2025-01-14T00:07:25.671+0000] {logging_mixin.py:188} INFO - [2025-01-14T00:07:25.670+0000] {dagbag.py:538} INFO - Filling up the DagBag from /home/airflow/.local/lib/python3.8/site-packages/airflow/example_dags/tutorial_taskflow_api.py
[2025-01-14T00:07:25.674+0000] {processor.py:840} INFO - DAG(s) 'tutorial_taskflow_api' retrieved from /home/airflow/.local/lib/python3.8/site-packages/airflow/example_dags/tutorial_taskflow_api.py
[2025-01-14T00:07:25.686+0000] {logging_mixin.py:188} INFO - [2025-01-14T00:07:25.686+0000] {dag.py:3036} INFO - Sync 1 DAGs
[2025-01-14T00:07:25.693+0000] {logging_mixin.py:188} INFO - [2025-01-14T00:07:25.693+0000] {dag.py:3823} INFO - Setting next_dagrun for tutorial_taskflow_api to None, run_after=None
[2025-01-14T00:07:25.704+0000] {processor.py:183} INFO - Processing /home/airflow/.local/lib/python3.8/site-packages/airflow/example_dags/tutorial_taskflow_api.py took 0.039 seconds
[2025-01-14T00:07:55.922+0000] {processor.py:161} INFO - Started process (PID=233) to work on /home/airflow/.local/lib/python3.8/site-packages/airflow/example_dags/tutorial_taskflow_api.py
[2025-01-14T00:07:55.923+0000] {processor.py:830} INFO - Processing file /home/airflow/.local/lib/python3.8/site-packages/airflow/example_dags/tutorial_taskflow_api.py for tasks to queue
[2025-01-14T00:07:55.924+0000] {logging_mixin.py:188} INFO - [2025-01-14T00:07:55.924+0000] {dagbag.py:538} INFO - Filling up the DagBag from /home/airflow/.local/lib/python3.8/site-packages/airflow/example_dags/tutorial_taskflow_api.py
[2025-01-14T00:07:55.928+0000] {processor.py:840} INFO - DAG(s) 'tutorial_taskflow_api' retrieved from /home/airflow/.local/lib/python3.8/site-packages/airflow/example_dags/tutorial_taskflow_api.py
[2025-01-14T00:07:55.939+0000] {logging_mixin.py:188} INFO - [2025-01-14T00:07:55.939+0000] {dag.py:3036} INFO - Sync 1 DAGs
[2025-01-14T00:07:55.946+0000] {logging_mixin.py:188} INFO - [2025-01-14T00:07:55.946+0000] {dag.py:3823} INFO - Setting next_dagrun for tutorial_taskflow_api to None, run_after=None
[2025-01-14T00:07:55.960+0000] {processor.py:183} INFO - Processing /home/airflow/.local/lib/python3.8/site-packages/airflow/example_dags/tutorial_taskflow_api.py took 0.039 seconds
[2025-01-14T00:08:26.206+0000] {processor.py:161} INFO - Started process (PID=292) to work on /home/airflow/.local/lib/python3.8/site-packages/airflow/example_dags/tutorial_taskflow_api.py
[2025-01-14T00:08:26.207+0000] {processor.py:830} INFO - Processing file /home/airflow/.local/lib/python3.8/site-packages/airflow/example_dags/tutorial_taskflow_api.py for tasks to queue
[2025-01-14T00:08:26.208+0000] {logging_mixin.py:188} INFO - [2025-01-14T00:08:26.208+0000] {dagbag.py:538} INFO - Filling up the DagBag from /home/airflow/.local/lib/python3.8/site-packages/airflow/example_dags/tutorial_taskflow_api.py
[2025-01-14T00:08:26.212+0000] {processor.py:840} INFO - DAG(s) 'tutorial_taskflow_api' retrieved from /home/airflow/.local/lib/python3.8/site-packages/airflow/example_dags/tutorial_taskflow_api.py
[2025-01-14T00:08:26.224+0000] {logging_mixin.py:188} INFO - [2025-01-14T00:08:26.224+0000] {dag.py:3036} INFO - Sync 1 DAGs
[2025-01-14T00:08:26.231+0000] {logging_mixin.py:188} INFO - [2025-01-14T00:08:26.231+0000] {dag.py:3823} INFO - Setting next_dagrun for tutorial_taskflow_api to None, run_after=None
[2025-01-14T00:08:26.244+0000] {processor.py:183} INFO - Processing /home/airflow/.local/lib/python3.8/site-packages/airflow/example_dags/tutorial_taskflow_api.py took 0.040 seconds
[2025-01-14T00:08:56.484+0000] {processor.py:161} INFO - Started process (PID=351) to work on /home/airflow/.local/lib/python3.8/site-packages/airflow/example_dags/tutorial_taskflow_api.py
[2025-01-14T00:08:56.485+0000] {processor.py:830} INFO - Processing file /home/airflow/.local/lib/python3.8/site-packages/airflow/example_dags/tutorial_taskflow_api.py for tasks to queue
[2025-01-14T00:08:56.486+0000] {logging_mixin.py:188} INFO - [2025-01-14T00:08:56.486+0000] {dagbag.py:538} INFO - Filling up the DagBag from /home/airflow/.local/lib/python3.8/site-packages/airflow/example_dags/tutorial_taskflow_api.py
[2025-01-14T00:08:56.490+0000] {processor.py:840} INFO - DAG(s) 'tutorial_taskflow_api' retrieved from /home/airflow/.local/lib/python3.8/site-packages/airflow/example_dags/tutorial_taskflow_api.py
[2025-01-14T00:08:56.503+0000] {logging_mixin.py:188} INFO - [2025-01-14T00:08:56.503+0000] {dag.py:3036} INFO - Sync 1 DAGs
[2025-01-14T00:08:56.511+0000] {logging_mixin.py:188} INFO - [2025-01-14T00:08:56.511+0000] {dag.py:3823} INFO - Setting next_dagrun for tutorial_taskflow_api to None, run_after=None
[2025-01-14T00:08:56.524+0000] {processor.py:183} INFO - Processing /home/airflow/.local/lib/python3.8/site-packages/airflow/example_dags/tutorial_taskflow_api.py took 0.042 seconds
[2025-01-14T00:09:26.913+0000] {processor.py:161} INFO - Started process (PID=410) to work on /home/airflow/.local/lib/python3.8/site-packages/airflow/example_dags/tutorial_taskflow_api.py
[2025-01-14T00:09:26.913+0000] {processor.py:830} INFO - Processing file /home/airflow/.local/lib/python3.8/site-packages/airflow/example_dags/tutorial_taskflow_api.py for tasks to queue
[2025-01-14T00:09:26.915+0000] {logging_mixin.py:188} INFO - [2025-01-14T00:09:26.914+0000] {dagbag.py:538} INFO - Filling up the DagBag from /home/airflow/.local/lib/python3.8/site-packages/airflow/example_dags/tutorial_taskflow_api.py
[2025-01-14T00:09:26.918+0000] {processor.py:840} INFO - DAG(s) 'tutorial_taskflow_api' retrieved from /home/airflow/.local/lib/python3.8/site-packages/airflow/example_dags/tutorial_taskflow_api.py
[2025-01-14T00:09:26.931+0000] {logging_mixin.py:188} INFO - [2025-01-14T00:09:26.931+0000] {dag.py:3036} INFO - Sync 1 DAGs
[2025-01-14T00:09:26.939+0000] {logging_mixin.py:188} INFO - [2025-01-14T00:09:26.939+0000] {dag.py:3823} INFO - Setting next_dagrun for tutorial_taskflow_api to None, run_after=None
[2025-01-14T00:09:26.952+0000] {processor.py:183} INFO - Processing /home/airflow/.local/lib/python3.8/site-packages/airflow/example_dags/tutorial_taskflow_api.py took 0.041 seconds
[2025-01-14T00:09:57.946+0000] {processor.py:161} INFO - Started process (PID=469) to work on /home/airflow/.local/lib/python3.8/site-packages/airflow/example_dags/tutorial_taskflow_api.py
[2025-01-14T00:09:57.947+0000] {processor.py:830} INFO - Processing file /home/airflow/.local/lib/python3.8/site-packages/airflow/example_dags/tutorial_taskflow_api.py for tasks to queue
[2025-01-14T00:09:57.948+0000] {logging_mixin.py:188} INFO - [2025-01-14T00:09:57.948+0000] {dagbag.py:538} INFO - Filling up the DagBag from /home/airflow/.local/lib/python3.8/site-packages/airflow/example_dags/tutorial_taskflow_api.py
[2025-01-14T00:09:57.952+0000] {processor.py:840} INFO - DAG(s) 'tutorial_taskflow_api' retrieved from /home/airflow/.local/lib/python3.8/site-packages/airflow/example_dags/tutorial_taskflow_api.py
[2025-01-14T00:09:57.964+0000] {logging_mixin.py:188} INFO - [2025-01-14T00:09:57.964+0000] {dag.py:3036} INFO - Sync 1 DAGs
[2025-01-14T00:09:57.972+0000] {logging_mixin.py:188} INFO - [2025-01-14T00:09:57.972+0000] {dag.py:3823} INFO - Setting next_dagrun for tutorial_taskflow_api to None, run_after=None
[2025-01-14T00:09:57.984+0000] {processor.py:183} INFO - Processing /home/airflow/.local/lib/python3.8/site-packages/airflow/example_dags/tutorial_taskflow_api.py took 0.041 seconds
[2025-01-14T00:10:29.240+0000] {processor.py:161} INFO - Started process (PID=528) to work on /home/airflow/.local/lib/python3.8/site-packages/airflow/example_dags/tutorial_taskflow_api.py
[2025-01-14T00:10:29.241+0000] {processor.py:830} INFO - Processing file /home/airflow/.local/lib/python3.8/site-packages/airflow/example_dags/tutorial_taskflow_api.py for tasks to queue
[2025-01-14T00:10:29.242+0000] {logging_mixin.py:188} INFO - [2025-01-14T00:10:29.242+0000] {dagbag.py:538} INFO - Filling up the DagBag from /home/airflow/.local/lib/python3.8/site-packages/airflow/example_dags/tutorial_taskflow_api.py
[2025-01-14T00:10:29.246+0000] {processor.py:840} INFO - DAG(s) 'tutorial_taskflow_api' retrieved from /home/airflow/.local/lib/python3.8/site-packages/airflow/example_dags/tutorial_taskflow_api.py
[2025-01-14T00:10:29.258+0000] {logging_mixin.py:188} INFO - [2025-01-14T00:10:29.258+0000] {dag.py:3036} INFO - Sync 1 DAGs
[2025-01-14T00:10:29.265+0000] {logging_mixin.py:188} INFO - [2025-01-14T00:10:29.265+0000] {dag.py:3823} INFO - Setting next_dagrun for tutorial_taskflow_api to None, run_after=None
[2025-01-14T00:10:29.277+0000] {processor.py:183} INFO - Processing /home/airflow/.local/lib/python3.8/site-packages/airflow/example_dags/tutorial_taskflow_api.py took 0.038 seconds
[2025-01-14T00:11:00.320+0000] {processor.py:161} INFO - Started process (PID=587) to work on /home/airflow/.local/lib/python3.8/site-packages/airflow/example_dags/tutorial_taskflow_api.py
[2025-01-14T00:11:00.321+0000] {processor.py:830} INFO - Processing file /home/airflow/.local/lib/python3.8/site-packages/airflow/example_dags/tutorial_taskflow_api.py for tasks to queue
[2025-01-14T00:11:00.322+0000] {logging_mixin.py:188} INFO - [2025-01-14T00:11:00.322+0000] {dagbag.py:538} INFO - Filling up the DagBag from /home/airflow/.local/lib/python3.8/site-packages/airflow/example_dags/tutorial_taskflow_api.py
[2025-01-14T00:11:00.326+0000] {processor.py:840} INFO - DAG(s) 'tutorial_taskflow_api' retrieved from /home/airflow/.local/lib/python3.8/site-packages/airflow/example_dags/tutorial_taskflow_api.py
[2025-01-14T00:11:00.339+0000] {logging_mixin.py:188} INFO - [2025-01-14T00:11:00.339+0000] {dag.py:3036} INFO - Sync 1 DAGs
[2025-01-14T00:11:00.346+0000] {logging_mixin.py:188} INFO - [2025-01-14T00:11:00.346+0000] {dag.py:3823} INFO - Setting next_dagrun for tutorial_taskflow_api to None, run_after=None
[2025-01-14T00:11:00.359+0000] {processor.py:183} INFO - Processing /home/airflow/.local/lib/python3.8/site-packages/airflow/example_dags/tutorial_taskflow_api.py took 0.041 seconds
[2025-01-14T00:11:31.619+0000] {processor.py:161} INFO - Started process (PID=646) to work on /home/airflow/.local/lib/python3.8/site-packages/airflow/example_dags/tutorial_taskflow_api.py
[2025-01-14T00:11:31.620+0000] {processor.py:830} INFO - Processing file /home/airflow/.local/lib/python3.8/site-packages/airflow/example_dags/tutorial_taskflow_api.py for tasks to queue
[2025-01-14T00:11:31.621+0000] {logging_mixin.py:188} INFO - [2025-01-14T00:11:31.621+0000] {dagbag.py:538} INFO - Filling up the DagBag from /home/airflow/.local/lib/python3.8/site-packages/airflow/example_dags/tutorial_taskflow_api.py
[2025-01-14T00:11:31.624+0000] {processor.py:840} INFO - DAG(s) 'tutorial_taskflow_api' retrieved from /home/airflow/.local/lib/python3.8/site-packages/airflow/example_dags/tutorial_taskflow_api.py
[2025-01-14T00:11:31.637+0000] {logging_mixin.py:188} INFO - [2025-01-14T00:11:31.637+0000] {dag.py:3036} INFO - Sync 1 DAGs
[2025-01-14T00:11:31.647+0000] {logging_mixin.py:188} INFO - [2025-01-14T00:11:31.647+0000] {dag.py:3823} INFO - Setting next_dagrun for tutorial_taskflow_api to None, run_after=None
[2025-01-14T00:11:31.659+0000] {processor.py:183} INFO - Processing /home/airflow/.local/lib/python3.8/site-packages/airflow/example_dags/tutorial_taskflow_api.py took 0.042 seconds
[2025-01-14T00:12:02.822+0000] {processor.py:161} INFO - Started process (PID=705) to work on /home/airflow/.local/lib/python3.8/site-packages/airflow/example_dags/tutorial_taskflow_api.py
[2025-01-14T00:12:02.823+0000] {processor.py:830} INFO - Processing file /home/airflow/.local/lib/python3.8/site-packages/airflow/example_dags/tutorial_taskflow_api.py for tasks to queue
[2025-01-14T00:12:02.824+0000] {logging_mixin.py:188} INFO - [2025-01-14T00:12:02.824+0000] {dagbag.py:538} INFO - Filling up the DagBag from /home/airflow/.local/lib/python3.8/site-packages/airflow/example_dags/tutorial_taskflow_api.py
[2025-01-14T00:12:02.828+0000] {processor.py:840} INFO - DAG(s) 'tutorial_taskflow_api' retrieved from /home/airflow/.local/lib/python3.8/site-packages/airflow/example_dags/tutorial_taskflow_api.py
[2025-01-14T00:12:02.841+0000] {logging_mixin.py:188} INFO - [2025-01-14T00:12:02.841+0000] {dag.py:3036} INFO - Sync 1 DAGs
[2025-01-14T00:12:02.848+0000] {logging_mixin.py:188} INFO - [2025-01-14T00:12:02.848+0000] {dag.py:3823} INFO - Setting next_dagrun for tutorial_taskflow_api to None, run_after=None
[2025-01-14T00:12:02.861+0000] {processor.py:183} INFO - Processing /home/airflow/.local/lib/python3.8/site-packages/airflow/example_dags/tutorial_taskflow_api.py took 0.040 seconds
[2025-01-14T00:12:34.041+0000] {processor.py:161} INFO - Started process (PID=764) to work on /home/airflow/.local/lib/python3.8/site-packages/airflow/example_dags/tutorial_taskflow_api.py
[2025-01-14T00:12:34.042+0000] {processor.py:830} INFO - Processing file /home/airflow/.local/lib/python3.8/site-packages/airflow/example_dags/tutorial_taskflow_api.py for tasks to queue
[2025-01-14T00:12:34.043+0000] {logging_mixin.py:188} INFO - [2025-01-14T00:12:34.043+0000] {dagbag.py:538} INFO - Filling up the DagBag from /home/airflow/.local/lib/python3.8/site-packages/airflow/example_dags/tutorial_taskflow_api.py
[2025-01-14T00:12:34.047+0000] {processor.py:840} INFO - DAG(s) 'tutorial_taskflow_api' retrieved from /home/airflow/.local/lib/python3.8/site-packages/airflow/example_dags/tutorial_taskflow_api.py
[2025-01-14T00:12:34.061+0000] {logging_mixin.py:188} INFO - [2025-01-14T00:12:34.060+0000] {dag.py:3036} INFO - Sync 1 DAGs
[2025-01-14T00:12:34.069+0000] {logging_mixin.py:188} INFO - [2025-01-14T00:12:34.069+0000] {dag.py:3823} INFO - Setting next_dagrun for tutorial_taskflow_api to None, run_after=None
[2025-01-14T00:12:34.082+0000] {processor.py:183} INFO - Processing /home/airflow/.local/lib/python3.8/site-packages/airflow/example_dags/tutorial_taskflow_api.py took 0.043 seconds
[2025-01-14T00:13:05.147+0000] {processor.py:161} INFO - Started process (PID=823) to work on /home/airflow/.local/lib/python3.8/site-packages/airflow/example_dags/tutorial_taskflow_api.py
[2025-01-14T00:13:05.148+0000] {processor.py:830} INFO - Processing file /home/airflow/.local/lib/python3.8/site-packages/airflow/example_dags/tutorial_taskflow_api.py for tasks to queue
[2025-01-14T00:13:05.149+0000] {logging_mixin.py:188} INFO - [2025-01-14T00:13:05.149+0000] {dagbag.py:538} INFO - Filling up the DagBag from /home/airflow/.local/lib/python3.8/site-packages/airflow/example_dags/tutorial_taskflow_api.py
[2025-01-14T00:13:05.153+0000] {processor.py:840} INFO - DAG(s) 'tutorial_taskflow_api' retrieved from /home/airflow/.local/lib/python3.8/site-packages/airflow/example_dags/tutorial_taskflow_api.py
[2025-01-14T00:13:05.165+0000] {logging_mixin.py:188} INFO - [2025-01-14T00:13:05.165+0000] {dag.py:3036} INFO - Sync 1 DAGs
[2025-01-14T00:13:05.172+0000] {logging_mixin.py:188} INFO - [2025-01-14T00:13:05.172+0000] {dag.py:3823} INFO - Setting next_dagrun for tutorial_taskflow_api to None, run_after=None
[2025-01-14T00:13:05.186+0000] {processor.py:183} INFO - Processing /home/airflow/.local/lib/python3.8/site-packages/airflow/example_dags/tutorial_taskflow_api.py took 0.041 seconds
[2025-01-14T00:13:36.241+0000] {processor.py:161} INFO - Started process (PID=882) to work on /home/airflow/.local/lib/python3.8/site-packages/airflow/example_dags/tutorial_taskflow_api.py
[2025-01-14T00:13:36.242+0000] {processor.py:830} INFO - Processing file /home/airflow/.local/lib/python3.8/site-packages/airflow/example_dags/tutorial_taskflow_api.py for tasks to queue
[2025-01-14T00:13:36.243+0000] {logging_mixin.py:188} INFO - [2025-01-14T00:13:36.242+0000] {dagbag.py:538} INFO - Filling up the DagBag from /home/airflow/.local/lib/python3.8/site-packages/airflow/example_dags/tutorial_taskflow_api.py
[2025-01-14T00:13:36.247+0000] {processor.py:840} INFO - DAG(s) 'tutorial_taskflow_api' retrieved from /home/airflow/.local/lib/python3.8/site-packages/airflow/example_dags/tutorial_taskflow_api.py
[2025-01-14T00:13:36.261+0000] {logging_mixin.py:188} INFO - [2025-01-14T00:13:36.261+0000] {dag.py:3036} INFO - Sync 1 DAGs
[2025-01-14T00:13:36.270+0000] {logging_mixin.py:188} INFO - [2025-01-14T00:13:36.270+0000] {dag.py:3823} INFO - Setting next_dagrun for tutorial_taskflow_api to None, run_after=None
[2025-01-14T00:13:36.283+0000] {processor.py:183} INFO - Processing /home/airflow/.local/lib/python3.8/site-packages/airflow/example_dags/tutorial_taskflow_api.py took 0.045 seconds
[2025-01-14T00:14:06.625+0000] {processor.py:161} INFO - Started process (PID=941) to work on /home/airflow/.local/lib/python3.8/site-packages/airflow/example_dags/tutorial_taskflow_api.py
[2025-01-14T00:14:06.626+0000] {processor.py:830} INFO - Processing file /home/airflow/.local/lib/python3.8/site-packages/airflow/example_dags/tutorial_taskflow_api.py for tasks to queue
[2025-01-14T00:14:06.627+0000] {logging_mixin.py:188} INFO - [2025-01-14T00:14:06.627+0000] {dagbag.py:538} INFO - Filling up the DagBag from /home/airflow/.local/lib/python3.8/site-packages/airflow/example_dags/tutorial_taskflow_api.py
[2025-01-14T00:14:06.631+0000] {processor.py:840} INFO - DAG(s) 'tutorial_taskflow_api' retrieved from /home/airflow/.local/lib/python3.8/site-packages/airflow/example_dags/tutorial_taskflow_api.py
[2025-01-14T00:14:06.643+0000] {logging_mixin.py:188} INFO - [2025-01-14T00:14:06.643+0000] {dag.py:3036} INFO - Sync 1 DAGs
[2025-01-14T00:14:06.651+0000] {logging_mixin.py:188} INFO - [2025-01-14T00:14:06.650+0000] {dag.py:3823} INFO - Setting next_dagrun for tutorial_taskflow_api to None, run_after=None
[2025-01-14T00:14:06.663+0000] {processor.py:183} INFO - Processing /home/airflow/.local/lib/python3.8/site-packages/airflow/example_dags/tutorial_taskflow_api.py took 0.040 seconds
[2025-01-14T00:14:37.907+0000] {processor.py:161} INFO - Started process (PID=1000) to work on /home/airflow/.local/lib/python3.8/site-packages/airflow/example_dags/tutorial_taskflow_api.py
[2025-01-14T00:14:37.908+0000] {processor.py:830} INFO - Processing file /home/airflow/.local/lib/python3.8/site-packages/airflow/example_dags/tutorial_taskflow_api.py for tasks to queue
[2025-01-14T00:14:37.909+0000] {logging_mixin.py:188} INFO - [2025-01-14T00:14:37.909+0000] {dagbag.py:538} INFO - Filling up the DagBag from /home/airflow/.local/lib/python3.8/site-packages/airflow/example_dags/tutorial_taskflow_api.py
[2025-01-14T00:14:37.913+0000] {processor.py:840} INFO - DAG(s) 'tutorial_taskflow_api' retrieved from /home/airflow/.local/lib/python3.8/site-packages/airflow/example_dags/tutorial_taskflow_api.py
[2025-01-14T00:14:37.926+0000] {logging_mixin.py:188} INFO - [2025-01-14T00:14:37.926+0000] {dag.py:3036} INFO - Sync 1 DAGs
[2025-01-14T00:14:37.934+0000] {logging_mixin.py:188} INFO - [2025-01-14T00:14:37.934+0000] {dag.py:3823} INFO - Setting next_dagrun for tutorial_taskflow_api to None, run_after=None
[2025-01-14T00:14:37.947+0000] {processor.py:183} INFO - Processing /home/airflow/.local/lib/python3.8/site-packages/airflow/example_dags/tutorial_taskflow_api.py took 0.042 seconds
[2025-01-14T00:15:09.091+0000] {processor.py:161} INFO - Started process (PID=1059) to work on /home/airflow/.local/lib/python3.8/site-packages/airflow/example_dags/tutorial_taskflow_api.py
[2025-01-14T00:15:09.092+0000] {processor.py:830} INFO - Processing file /home/airflow/.local/lib/python3.8/site-packages/airflow/example_dags/tutorial_taskflow_api.py for tasks to queue
[2025-01-14T00:15:09.093+0000] {logging_mixin.py:188} INFO - [2025-01-14T00:15:09.093+0000] {dagbag.py:538} INFO - Filling up the DagBag from /home/airflow/.local/lib/python3.8/site-packages/airflow/example_dags/tutorial_taskflow_api.py
[2025-01-14T00:15:09.097+0000] {processor.py:840} INFO - DAG(s) 'tutorial_taskflow_api' retrieved from /home/airflow/.local/lib/python3.8/site-packages/airflow/example_dags/tutorial_taskflow_api.py
[2025-01-14T00:15:09.109+0000] {logging_mixin.py:188} INFO - [2025-01-14T00:15:09.108+0000] {dag.py:3036} INFO - Sync 1 DAGs
[2025-01-14T00:15:09.116+0000] {logging_mixin.py:188} INFO - [2025-01-14T00:15:09.116+0000] {dag.py:3823} INFO - Setting next_dagrun for tutorial_taskflow_api to None, run_after=None
[2025-01-14T00:15:09.128+0000] {processor.py:183} INFO - Processing /home/airflow/.local/lib/python3.8/site-packages/airflow/example_dags/tutorial_taskflow_api.py took 0.039 seconds
[2025-01-14T00:15:40.364+0000] {processor.py:161} INFO - Started process (PID=1118) to work on /home/airflow/.local/lib/python3.8/site-packages/airflow/example_dags/tutorial_taskflow_api.py
[2025-01-14T00:15:40.365+0000] {processor.py:830} INFO - Processing file /home/airflow/.local/lib/python3.8/site-packages/airflow/example_dags/tutorial_taskflow_api.py for tasks to queue
[2025-01-14T00:15:40.366+0000] {logging_mixin.py:188} INFO - [2025-01-14T00:15:40.366+0000] {dagbag.py:538} INFO - Filling up the DagBag from /home/airflow/.local/lib/python3.8/site-packages/airflow/example_dags/tutorial_taskflow_api.py
[2025-01-14T00:15:40.370+0000] {processor.py:840} INFO - DAG(s) 'tutorial_taskflow_api' retrieved from /home/airflow/.local/lib/python3.8/site-packages/airflow/example_dags/tutorial_taskflow_api.py
[2025-01-14T00:15:40.382+0000] {logging_mixin.py:188} INFO - [2025-01-14T00:15:40.382+0000] {dag.py:3036} INFO - Sync 1 DAGs
[2025-01-14T00:15:40.390+0000] {logging_mixin.py:188} INFO - [2025-01-14T00:15:40.390+0000] {dag.py:3823} INFO - Setting next_dagrun for tutorial_taskflow_api to None, run_after=None
[2025-01-14T00:15:40.403+0000] {processor.py:183} INFO - Processing /home/airflow/.local/lib/python3.8/site-packages/airflow/example_dags/tutorial_taskflow_api.py took 0.040 seconds
[2025-01-14T00:16:11.686+0000] {processor.py:161} INFO - Started process (PID=1177) to work on /home/airflow/.local/lib/python3.8/site-packages/airflow/example_dags/tutorial_taskflow_api.py
[2025-01-14T00:16:11.687+0000] {processor.py:830} INFO - Processing file /home/airflow/.local/lib/python3.8/site-packages/airflow/example_dags/tutorial_taskflow_api.py for tasks to queue
[2025-01-14T00:16:11.688+0000] {logging_mixin.py:188} INFO - [2025-01-14T00:16:11.688+0000] {dagbag.py:538} INFO - Filling up the DagBag from /home/airflow/.local/lib/python3.8/site-packages/airflow/example_dags/tutorial_taskflow_api.py
[2025-01-14T00:16:11.692+0000] {processor.py:840} INFO - DAG(s) 'tutorial_taskflow_api' retrieved from /home/airflow/.local/lib/python3.8/site-packages/airflow/example_dags/tutorial_taskflow_api.py
[2025-01-14T00:16:11.704+0000] {logging_mixin.py:188} INFO - [2025-01-14T00:16:11.704+0000] {dag.py:3036} INFO - Sync 1 DAGs
[2025-01-14T00:16:11.712+0000] {logging_mixin.py:188} INFO - [2025-01-14T00:16:11.712+0000] {dag.py:3823} INFO - Setting next_dagrun for tutorial_taskflow_api to None, run_after=None
[2025-01-14T00:16:11.725+0000] {processor.py:183} INFO - Processing /home/airflow/.local/lib/python3.8/site-packages/airflow/example_dags/tutorial_taskflow_api.py took 0.040 seconds
[2025-01-14T00:16:42.795+0000] {processor.py:161} INFO - Started process (PID=1236) to work on /home/airflow/.local/lib/python3.8/site-packages/airflow/example_dags/tutorial_taskflow_api.py
[2025-01-14T00:16:42.796+0000] {processor.py:830} INFO - Processing file /home/airflow/.local/lib/python3.8/site-packages/airflow/example_dags/tutorial_taskflow_api.py for tasks to queue
[2025-01-14T00:16:42.797+0000] {logging_mixin.py:188} INFO - [2025-01-14T00:16:42.797+0000] {dagbag.py:538} INFO - Filling up the DagBag from /home/airflow/.local/lib/python3.8/site-packages/airflow/example_dags/tutorial_taskflow_api.py
[2025-01-14T00:16:42.801+0000] {processor.py:840} INFO - DAG(s) 'tutorial_taskflow_api' retrieved from /home/airflow/.local/lib/python3.8/site-packages/airflow/example_dags/tutorial_taskflow_api.py
[2025-01-14T00:16:42.813+0000] {logging_mixin.py:188} INFO - [2025-01-14T00:16:42.813+0000] {dag.py:3036} INFO - Sync 1 DAGs
[2025-01-14T00:16:42.820+0000] {logging_mixin.py:188} INFO - [2025-01-14T00:16:42.820+0000] {dag.py:3823} INFO - Setting next_dagrun for tutorial_taskflow_api to None, run_after=None
[2025-01-14T00:16:42.832+0000] {processor.py:183} INFO - Processing /home/airflow/.local/lib/python3.8/site-packages/airflow/example_dags/tutorial_taskflow_api.py took 0.039 seconds
[2025-01-14T00:17:13.965+0000] {processor.py:161} INFO - Started process (PID=1301) to work on /home/airflow/.local/lib/python3.8/site-packages/airflow/example_dags/tutorial_taskflow_api.py
[2025-01-14T00:17:13.965+0000] {processor.py:830} INFO - Processing file /home/airflow/.local/lib/python3.8/site-packages/airflow/example_dags/tutorial_taskflow_api.py for tasks to queue
[2025-01-14T00:17:13.966+0000] {logging_mixin.py:188} INFO - [2025-01-14T00:17:13.966+0000] {dagbag.py:538} INFO - Filling up the DagBag from /home/airflow/.local/lib/python3.8/site-packages/airflow/example_dags/tutorial_taskflow_api.py
[2025-01-14T00:17:13.970+0000] {processor.py:840} INFO - DAG(s) 'tutorial_taskflow_api' retrieved from /home/airflow/.local/lib/python3.8/site-packages/airflow/example_dags/tutorial_taskflow_api.py
[2025-01-14T00:17:13.983+0000] {logging_mixin.py:188} INFO - [2025-01-14T00:17:13.983+0000] {dag.py:3036} INFO - Sync 1 DAGs
[2025-01-14T00:17:13.990+0000] {logging_mixin.py:188} INFO - [2025-01-14T00:17:13.989+0000] {dag.py:3823} INFO - Setting next_dagrun for tutorial_taskflow_api to None, run_after=None
[2025-01-14T00:17:14.001+0000] {processor.py:183} INFO - Processing /home/airflow/.local/lib/python3.8/site-packages/airflow/example_dags/tutorial_taskflow_api.py took 0.038 seconds
[2025-01-14T00:17:45.073+0000] {processor.py:161} INFO - Started process (PID=1360) to work on /home/airflow/.local/lib/python3.8/site-packages/airflow/example_dags/tutorial_taskflow_api.py
[2025-01-14T00:17:45.074+0000] {processor.py:830} INFO - Processing file /home/airflow/.local/lib/python3.8/site-packages/airflow/example_dags/tutorial_taskflow_api.py for tasks to queue
[2025-01-14T00:17:45.075+0000] {logging_mixin.py:188} INFO - [2025-01-14T00:17:45.075+0000] {dagbag.py:538} INFO - Filling up the DagBag from /home/airflow/.local/lib/python3.8/site-packages/airflow/example_dags/tutorial_taskflow_api.py
[2025-01-14T00:17:45.079+0000] {processor.py:840} INFO - DAG(s) 'tutorial_taskflow_api' retrieved from /home/airflow/.local/lib/python3.8/site-packages/airflow/example_dags/tutorial_taskflow_api.py
[2025-01-14T00:17:45.091+0000] {logging_mixin.py:188} INFO - [2025-01-14T00:17:45.091+0000] {dag.py:3036} INFO - Sync 1 DAGs
[2025-01-14T00:17:45.098+0000] {logging_mixin.py:188} INFO - [2025-01-14T00:17:45.098+0000] {dag.py:3823} INFO - Setting next_dagrun for tutorial_taskflow_api to None, run_after=None
[2025-01-14T00:17:45.109+0000] {processor.py:183} INFO - Processing /home/airflow/.local/lib/python3.8/site-packages/airflow/example_dags/tutorial_taskflow_api.py took 0.038 seconds
[2025-01-14T00:18:15.581+0000] {processor.py:161} INFO - Started process (PID=1419) to work on /home/airflow/.local/lib/python3.8/site-packages/airflow/example_dags/tutorial_taskflow_api.py
[2025-01-14T00:18:15.581+0000] {processor.py:830} INFO - Processing file /home/airflow/.local/lib/python3.8/site-packages/airflow/example_dags/tutorial_taskflow_api.py for tasks to queue
[2025-01-14T00:18:15.582+0000] {logging_mixin.py:188} INFO - [2025-01-14T00:18:15.582+0000] {dagbag.py:538} INFO - Filling up the DagBag from /home/airflow/.local/lib/python3.8/site-packages/airflow/example_dags/tutorial_taskflow_api.py
[2025-01-14T00:18:15.586+0000] {processor.py:840} INFO - DAG(s) 'tutorial_taskflow_api' retrieved from /home/airflow/.local/lib/python3.8/site-packages/airflow/example_dags/tutorial_taskflow_api.py
[2025-01-14T00:18:15.599+0000] {logging_mixin.py:188} INFO - [2025-01-14T00:18:15.599+0000] {dag.py:3036} INFO - Sync 1 DAGs
[2025-01-14T00:18:15.606+0000] {logging_mixin.py:188} INFO - [2025-01-14T00:18:15.606+0000] {dag.py:3823} INFO - Setting next_dagrun for tutorial_taskflow_api to None, run_after=None
[2025-01-14T00:18:15.620+0000] {processor.py:183} INFO - Processing /home/airflow/.local/lib/python3.8/site-packages/airflow/example_dags/tutorial_taskflow_api.py took 0.042 seconds
[2025-01-14T00:18:46.668+0000] {processor.py:161} INFO - Started process (PID=1478) to work on /home/airflow/.local/lib/python3.8/site-packages/airflow/example_dags/tutorial_taskflow_api.py
[2025-01-14T00:18:46.669+0000] {processor.py:830} INFO - Processing file /home/airflow/.local/lib/python3.8/site-packages/airflow/example_dags/tutorial_taskflow_api.py for tasks to queue
[2025-01-14T00:18:46.670+0000] {logging_mixin.py:188} INFO - [2025-01-14T00:18:46.670+0000] {dagbag.py:538} INFO - Filling up the DagBag from /home/airflow/.local/lib/python3.8/site-packages/airflow/example_dags/tutorial_taskflow_api.py
[2025-01-14T00:18:46.674+0000] {processor.py:840} INFO - DAG(s) 'tutorial_taskflow_api' retrieved from /home/airflow/.local/lib/python3.8/site-packages/airflow/example_dags/tutorial_taskflow_api.py
[2025-01-14T00:18:46.686+0000] {logging_mixin.py:188} INFO - [2025-01-14T00:18:46.686+0000] {dag.py:3036} INFO - Sync 1 DAGs
[2025-01-14T00:18:46.693+0000] {logging_mixin.py:188} INFO - [2025-01-14T00:18:46.693+0000] {dag.py:3823} INFO - Setting next_dagrun for tutorial_taskflow_api to None, run_after=None
[2025-01-14T00:18:46.705+0000] {processor.py:183} INFO - Processing /home/airflow/.local/lib/python3.8/site-packages/airflow/example_dags/tutorial_taskflow_api.py took 0.039 seconds
[2025-01-14T00:19:17.841+0000] {processor.py:161} INFO - Started process (PID=1537) to work on /home/airflow/.local/lib/python3.8/site-packages/airflow/example_dags/tutorial_taskflow_api.py
[2025-01-14T00:19:17.841+0000] {processor.py:830} INFO - Processing file /home/airflow/.local/lib/python3.8/site-packages/airflow/example_dags/tutorial_taskflow_api.py for tasks to queue
[2025-01-14T00:19:17.843+0000] {logging_mixin.py:188} INFO - [2025-01-14T00:19:17.842+0000] {dagbag.py:538} INFO - Filling up the DagBag from /home/airflow/.local/lib/python3.8/site-packages/airflow/example_dags/tutorial_taskflow_api.py
[2025-01-14T00:19:17.846+0000] {processor.py:840} INFO - DAG(s) 'tutorial_taskflow_api' retrieved from /home/airflow/.local/lib/python3.8/site-packages/airflow/example_dags/tutorial_taskflow_api.py
[2025-01-14T00:19:17.859+0000] {logging_mixin.py:188} INFO - [2025-01-14T00:19:17.859+0000] {dag.py:3036} INFO - Sync 1 DAGs
[2025-01-14T00:19:17.866+0000] {logging_mixin.py:188} INFO - [2025-01-14T00:19:17.866+0000] {dag.py:3823} INFO - Setting next_dagrun for tutorial_taskflow_api to None, run_after=None
[2025-01-14T00:19:17.879+0000] {processor.py:183} INFO - Processing /home/airflow/.local/lib/python3.8/site-packages/airflow/example_dags/tutorial_taskflow_api.py took 0.040 seconds
[2025-01-14T00:19:49.198+0000] {processor.py:161} INFO - Started process (PID=1596) to work on /home/airflow/.local/lib/python3.8/site-packages/airflow/example_dags/tutorial_taskflow_api.py
[2025-01-14T00:19:49.199+0000] {processor.py:830} INFO - Processing file /home/airflow/.local/lib/python3.8/site-packages/airflow/example_dags/tutorial_taskflow_api.py for tasks to queue
[2025-01-14T00:19:49.200+0000] {logging_mixin.py:188} INFO - [2025-01-14T00:19:49.200+0000] {dagbag.py:538} INFO - Filling up the DagBag from /home/airflow/.local/lib/python3.8/site-packages/airflow/example_dags/tutorial_taskflow_api.py
[2025-01-14T00:19:49.204+0000] {processor.py:840} INFO - DAG(s) 'tutorial_taskflow_api' retrieved from /home/airflow/.local/lib/python3.8/site-packages/airflow/example_dags/tutorial_taskflow_api.py
[2025-01-14T00:19:49.217+0000] {logging_mixin.py:188} INFO - [2025-01-14T00:19:49.217+0000] {dag.py:3036} INFO - Sync 1 DAGs
[2025-01-14T00:19:49.226+0000] {logging_mixin.py:188} INFO - [2025-01-14T00:19:49.225+0000] {dag.py:3823} INFO - Setting next_dagrun for tutorial_taskflow_api to None, run_after=None
[2025-01-14T00:19:49.242+0000] {processor.py:183} INFO - Processing /home/airflow/.local/lib/python3.8/site-packages/airflow/example_dags/tutorial_taskflow_api.py took 0.046 seconds
[2025-01-14T00:20:20.690+0000] {processor.py:161} INFO - Started process (PID=1655) to work on /home/airflow/.local/lib/python3.8/site-packages/airflow/example_dags/tutorial_taskflow_api.py
[2025-01-14T00:20:20.691+0000] {processor.py:830} INFO - Processing file /home/airflow/.local/lib/python3.8/site-packages/airflow/example_dags/tutorial_taskflow_api.py for tasks to queue
[2025-01-14T00:20:20.692+0000] {logging_mixin.py:188} INFO - [2025-01-14T00:20:20.692+0000] {dagbag.py:538} INFO - Filling up the DagBag from /home/airflow/.local/lib/python3.8/site-packages/airflow/example_dags/tutorial_taskflow_api.py
[2025-01-14T00:20:20.697+0000] {processor.py:840} INFO - DAG(s) 'tutorial_taskflow_api' retrieved from /home/airflow/.local/lib/python3.8/site-packages/airflow/example_dags/tutorial_taskflow_api.py
[2025-01-14T00:20:20.714+0000] {logging_mixin.py:188} INFO - [2025-01-14T00:20:20.714+0000] {dag.py:3036} INFO - Sync 1 DAGs
[2025-01-14T00:20:20.723+0000] {logging_mixin.py:188} INFO - [2025-01-14T00:20:20.723+0000] {dag.py:3823} INFO - Setting next_dagrun for tutorial_taskflow_api to None, run_after=None
[2025-01-14T00:20:20.739+0000] {processor.py:183} INFO - Processing /home/airflow/.local/lib/python3.8/site-packages/airflow/example_dags/tutorial_taskflow_api.py took 0.052 seconds
[2025-01-14T00:20:51.072+0000] {processor.py:161} INFO - Started process (PID=1714) to work on /home/airflow/.local/lib/python3.8/site-packages/airflow/example_dags/tutorial_taskflow_api.py
[2025-01-14T00:20:51.073+0000] {processor.py:830} INFO - Processing file /home/airflow/.local/lib/python3.8/site-packages/airflow/example_dags/tutorial_taskflow_api.py for tasks to queue
[2025-01-14T00:20:51.074+0000] {logging_mixin.py:188} INFO - [2025-01-14T00:20:51.074+0000] {dagbag.py:538} INFO - Filling up the DagBag from /home/airflow/.local/lib/python3.8/site-packages/airflow/example_dags/tutorial_taskflow_api.py
[2025-01-14T00:20:51.078+0000] {processor.py:840} INFO - DAG(s) 'tutorial_taskflow_api' retrieved from /home/airflow/.local/lib/python3.8/site-packages/airflow/example_dags/tutorial_taskflow_api.py
[2025-01-14T00:20:51.091+0000] {logging_mixin.py:188} INFO - [2025-01-14T00:20:51.091+0000] {dag.py:3036} INFO - Sync 1 DAGs
[2025-01-14T00:20:51.099+0000] {logging_mixin.py:188} INFO - [2025-01-14T00:20:51.099+0000] {dag.py:3823} INFO - Setting next_dagrun for tutorial_taskflow_api to None, run_after=None
[2025-01-14T00:20:51.113+0000] {processor.py:183} INFO - Processing /home/airflow/.local/lib/python3.8/site-packages/airflow/example_dags/tutorial_taskflow_api.py took 0.043 seconds
[2025-01-14T00:21:22.154+0000] {processor.py:161} INFO - Started process (PID=1773) to work on /home/airflow/.local/lib/python3.8/site-packages/airflow/example_dags/tutorial_taskflow_api.py
[2025-01-14T00:21:22.155+0000] {processor.py:830} INFO - Processing file /home/airflow/.local/lib/python3.8/site-packages/airflow/example_dags/tutorial_taskflow_api.py for tasks to queue
[2025-01-14T00:21:22.156+0000] {logging_mixin.py:188} INFO - [2025-01-14T00:21:22.156+0000] {dagbag.py:538} INFO - Filling up the DagBag from /home/airflow/.local/lib/python3.8/site-packages/airflow/example_dags/tutorial_taskflow_api.py
[2025-01-14T00:21:22.160+0000] {processor.py:840} INFO - DAG(s) 'tutorial_taskflow_api' retrieved from /home/airflow/.local/lib/python3.8/site-packages/airflow/example_dags/tutorial_taskflow_api.py
[2025-01-14T00:21:22.173+0000] {logging_mixin.py:188} INFO - [2025-01-14T00:21:22.173+0000] {dag.py:3036} INFO - Sync 1 DAGs
[2025-01-14T00:21:22.181+0000] {logging_mixin.py:188} INFO - [2025-01-14T00:21:22.181+0000] {dag.py:3823} INFO - Setting next_dagrun for tutorial_taskflow_api to None, run_after=None
[2025-01-14T00:21:22.194+0000] {processor.py:183} INFO - Processing /home/airflow/.local/lib/python3.8/site-packages/airflow/example_dags/tutorial_taskflow_api.py took 0.041 seconds
[2025-01-14T00:21:53.489+0000] {processor.py:161} INFO - Started process (PID=1832) to work on /home/airflow/.local/lib/python3.8/site-packages/airflow/example_dags/tutorial_taskflow_api.py
[2025-01-14T00:21:53.490+0000] {processor.py:830} INFO - Processing file /home/airflow/.local/lib/python3.8/site-packages/airflow/example_dags/tutorial_taskflow_api.py for tasks to queue
[2025-01-14T00:21:53.491+0000] {logging_mixin.py:188} INFO - [2025-01-14T00:21:53.491+0000] {dagbag.py:538} INFO - Filling up the DagBag from /home/airflow/.local/lib/python3.8/site-packages/airflow/example_dags/tutorial_taskflow_api.py
[2025-01-14T00:21:53.495+0000] {processor.py:840} INFO - DAG(s) 'tutorial_taskflow_api' retrieved from /home/airflow/.local/lib/python3.8/site-packages/airflow/example_dags/tutorial_taskflow_api.py
[2025-01-14T00:21:53.507+0000] {logging_mixin.py:188} INFO - [2025-01-14T00:21:53.507+0000] {dag.py:3036} INFO - Sync 1 DAGs
[2025-01-14T00:21:53.514+0000] {logging_mixin.py:188} INFO - [2025-01-14T00:21:53.514+0000] {dag.py:3823} INFO - Setting next_dagrun for tutorial_taskflow_api to None, run_after=None
[2025-01-14T00:21:53.526+0000] {processor.py:183} INFO - Processing /home/airflow/.local/lib/python3.8/site-packages/airflow/example_dags/tutorial_taskflow_api.py took 0.039 seconds
[2025-01-14T00:22:24.664+0000] {processor.py:161} INFO - Started process (PID=1891) to work on /home/airflow/.local/lib/python3.8/site-packages/airflow/example_dags/tutorial_taskflow_api.py
[2025-01-14T00:22:24.664+0000] {processor.py:830} INFO - Processing file /home/airflow/.local/lib/python3.8/site-packages/airflow/example_dags/tutorial_taskflow_api.py for tasks to queue
[2025-01-14T00:22:24.665+0000] {logging_mixin.py:188} INFO - [2025-01-14T00:22:24.665+0000] {dagbag.py:538} INFO - Filling up the DagBag from /home/airflow/.local/lib/python3.8/site-packages/airflow/example_dags/tutorial_taskflow_api.py
[2025-01-14T00:22:24.669+0000] {processor.py:840} INFO - DAG(s) 'tutorial_taskflow_api' retrieved from /home/airflow/.local/lib/python3.8/site-packages/airflow/example_dags/tutorial_taskflow_api.py
[2025-01-14T00:22:24.682+0000] {logging_mixin.py:188} INFO - [2025-01-14T00:22:24.681+0000] {dag.py:3036} INFO - Sync 1 DAGs
[2025-01-14T00:22:24.689+0000] {logging_mixin.py:188} INFO - [2025-01-14T00:22:24.689+0000] {dag.py:3823} INFO - Setting next_dagrun for tutorial_taskflow_api to None, run_after=None
[2025-01-14T00:22:24.701+0000] {processor.py:183} INFO - Processing /home/airflow/.local/lib/python3.8/site-packages/airflow/example_dags/tutorial_taskflow_api.py took 0.039 seconds
[2025-01-14T00:22:55.780+0000] {processor.py:161} INFO - Started process (PID=1950) to work on /home/airflow/.local/lib/python3.8/site-packages/airflow/example_dags/tutorial_taskflow_api.py
[2025-01-14T00:22:55.781+0000] {processor.py:830} INFO - Processing file /home/airflow/.local/lib/python3.8/site-packages/airflow/example_dags/tutorial_taskflow_api.py for tasks to queue
[2025-01-14T00:22:55.782+0000] {logging_mixin.py:188} INFO - [2025-01-14T00:22:55.782+0000] {dagbag.py:538} INFO - Filling up the DagBag from /home/airflow/.local/lib/python3.8/site-packages/airflow/example_dags/tutorial_taskflow_api.py
[2025-01-14T00:22:55.786+0000] {processor.py:840} INFO - DAG(s) 'tutorial_taskflow_api' retrieved from /home/airflow/.local/lib/python3.8/site-packages/airflow/example_dags/tutorial_taskflow_api.py
[2025-01-14T00:22:55.800+0000] {logging_mixin.py:188} INFO - [2025-01-14T00:22:55.800+0000] {dag.py:3036} INFO - Sync 1 DAGs
[2025-01-14T00:22:55.808+0000] {logging_mixin.py:188} INFO - [2025-01-14T00:22:55.808+0000] {dag.py:3823} INFO - Setting next_dagrun for tutorial_taskflow_api to None, run_after=None
[2025-01-14T00:22:55.820+0000] {processor.py:183} INFO - Processing /home/airflow/.local/lib/python3.8/site-packages/airflow/example_dags/tutorial_taskflow_api.py took 0.042 seconds
[2025-01-14T00:23:26.916+0000] {processor.py:161} INFO - Started process (PID=2009) to work on /home/airflow/.local/lib/python3.8/site-packages/airflow/example_dags/tutorial_taskflow_api.py
[2025-01-14T00:23:26.916+0000] {processor.py:830} INFO - Processing file /home/airflow/.local/lib/python3.8/site-packages/airflow/example_dags/tutorial_taskflow_api.py for tasks to queue
[2025-01-14T00:23:26.917+0000] {logging_mixin.py:188} INFO - [2025-01-14T00:23:26.917+0000] {dagbag.py:538} INFO - Filling up the DagBag from /home/airflow/.local/lib/python3.8/site-packages/airflow/example_dags/tutorial_taskflow_api.py
[2025-01-14T00:23:26.921+0000] {processor.py:840} INFO - DAG(s) 'tutorial_taskflow_api' retrieved from /home/airflow/.local/lib/python3.8/site-packages/airflow/example_dags/tutorial_taskflow_api.py
[2025-01-14T00:23:26.933+0000] {logging_mixin.py:188} INFO - [2025-01-14T00:23:26.933+0000] {dag.py:3036} INFO - Sync 1 DAGs
[2025-01-14T00:23:26.940+0000] {logging_mixin.py:188} INFO - [2025-01-14T00:23:26.940+0000] {dag.py:3823} INFO - Setting next_dagrun for tutorial_taskflow_api to None, run_after=None
[2025-01-14T00:23:26.952+0000] {processor.py:183} INFO - Processing /home/airflow/.local/lib/python3.8/site-packages/airflow/example_dags/tutorial_taskflow_api.py took 0.038 seconds
[2025-01-14T00:23:58.084+0000] {processor.py:161} INFO - Started process (PID=2068) to work on /home/airflow/.local/lib/python3.8/site-packages/airflow/example_dags/tutorial_taskflow_api.py
[2025-01-14T00:23:58.085+0000] {processor.py:830} INFO - Processing file /home/airflow/.local/lib/python3.8/site-packages/airflow/example_dags/tutorial_taskflow_api.py for tasks to queue
[2025-01-14T00:23:58.086+0000] {logging_mixin.py:188} INFO - [2025-01-14T00:23:58.085+0000] {dagbag.py:538} INFO - Filling up the DagBag from /home/airflow/.local/lib/python3.8/site-packages/airflow/example_dags/tutorial_taskflow_api.py
[2025-01-14T00:23:58.089+0000] {processor.py:840} INFO - DAG(s) 'tutorial_taskflow_api' retrieved from /home/airflow/.local/lib/python3.8/site-packages/airflow/example_dags/tutorial_taskflow_api.py
[2025-01-14T00:23:58.102+0000] {logging_mixin.py:188} INFO - [2025-01-14T00:23:58.102+0000] {dag.py:3036} INFO - Sync 1 DAGs
[2025-01-14T00:23:58.110+0000] {logging_mixin.py:188} INFO - [2025-01-14T00:23:58.110+0000] {dag.py:3823} INFO - Setting next_dagrun for tutorial_taskflow_api to None, run_after=None
[2025-01-14T00:23:58.124+0000] {processor.py:183} INFO - Processing /home/airflow/.local/lib/python3.8/site-packages/airflow/example_dags/tutorial_taskflow_api.py took 0.043 seconds
[2025-01-14T00:24:29.226+0000] {processor.py:161} INFO - Started process (PID=2127) to work on /home/airflow/.local/lib/python3.8/site-packages/airflow/example_dags/tutorial_taskflow_api.py
[2025-01-14T00:24:29.227+0000] {processor.py:830} INFO - Processing file /home/airflow/.local/lib/python3.8/site-packages/airflow/example_dags/tutorial_taskflow_api.py for tasks to queue
[2025-01-14T00:24:29.228+0000] {logging_mixin.py:188} INFO - [2025-01-14T00:24:29.228+0000] {dagbag.py:538} INFO - Filling up the DagBag from /home/airflow/.local/lib/python3.8/site-packages/airflow/example_dags/tutorial_taskflow_api.py
[2025-01-14T00:24:29.232+0000] {processor.py:840} INFO - DAG(s) 'tutorial_taskflow_api' retrieved from /home/airflow/.local/lib/python3.8/site-packages/airflow/example_dags/tutorial_taskflow_api.py
[2025-01-14T00:24:29.244+0000] {logging_mixin.py:188} INFO - [2025-01-14T00:24:29.244+0000] {dag.py:3036} INFO - Sync 1 DAGs
[2025-01-14T00:24:29.251+0000] {logging_mixin.py:188} INFO - [2025-01-14T00:24:29.251+0000] {dag.py:3823} INFO - Setting next_dagrun for tutorial_taskflow_api to None, run_after=None
[2025-01-14T00:24:29.263+0000] {processor.py:183} INFO - Processing /home/airflow/.local/lib/python3.8/site-packages/airflow/example_dags/tutorial_taskflow_api.py took 0.039 seconds
[2025-01-14T00:24:59.487+0000] {processor.py:161} INFO - Started process (PID=2186) to work on /home/airflow/.local/lib/python3.8/site-packages/airflow/example_dags/tutorial_taskflow_api.py
[2025-01-14T00:24:59.488+0000] {processor.py:830} INFO - Processing file /home/airflow/.local/lib/python3.8/site-packages/airflow/example_dags/tutorial_taskflow_api.py for tasks to queue
[2025-01-14T00:24:59.489+0000] {logging_mixin.py:188} INFO - [2025-01-14T00:24:59.489+0000] {dagbag.py:538} INFO - Filling up the DagBag from /home/airflow/.local/lib/python3.8/site-packages/airflow/example_dags/tutorial_taskflow_api.py
[2025-01-14T00:24:59.493+0000] {processor.py:840} INFO - DAG(s) 'tutorial_taskflow_api' retrieved from /home/airflow/.local/lib/python3.8/site-packages/airflow/example_dags/tutorial_taskflow_api.py
[2025-01-14T00:24:59.505+0000] {logging_mixin.py:188} INFO - [2025-01-14T00:24:59.505+0000] {dag.py:3036} INFO - Sync 1 DAGs
[2025-01-14T00:24:59.512+0000] {logging_mixin.py:188} INFO - [2025-01-14T00:24:59.512+0000] {dag.py:3823} INFO - Setting next_dagrun for tutorial_taskflow_api to None, run_after=None
[2025-01-14T00:24:59.525+0000] {processor.py:183} INFO - Processing /home/airflow/.local/lib/python3.8/site-packages/airflow/example_dags/tutorial_taskflow_api.py took 0.040 seconds
[2025-01-14T00:25:30.642+0000] {processor.py:161} INFO - Started process (PID=2245) to work on /home/airflow/.local/lib/python3.8/site-packages/airflow/example_dags/tutorial_taskflow_api.py
[2025-01-14T00:25:30.642+0000] {processor.py:830} INFO - Processing file /home/airflow/.local/lib/python3.8/site-packages/airflow/example_dags/tutorial_taskflow_api.py for tasks to queue
[2025-01-14T00:25:30.643+0000] {logging_mixin.py:188} INFO - [2025-01-14T00:25:30.643+0000] {dagbag.py:538} INFO - Filling up the DagBag from /home/airflow/.local/lib/python3.8/site-packages/airflow/example_dags/tutorial_taskflow_api.py
[2025-01-14T00:25:30.647+0000] {processor.py:840} INFO - DAG(s) 'tutorial_taskflow_api' retrieved from /home/airflow/.local/lib/python3.8/site-packages/airflow/example_dags/tutorial_taskflow_api.py
[2025-01-14T00:25:30.659+0000] {logging_mixin.py:188} INFO - [2025-01-14T00:25:30.659+0000] {dag.py:3036} INFO - Sync 1 DAGs
[2025-01-14T00:25:30.667+0000] {logging_mixin.py:188} INFO - [2025-01-14T00:25:30.667+0000] {dag.py:3823} INFO - Setting next_dagrun for tutorial_taskflow_api to None, run_after=None
[2025-01-14T00:25:30.679+0000] {processor.py:183} INFO - Processing /home/airflow/.local/lib/python3.8/site-packages/airflow/example_dags/tutorial_taskflow_api.py took 0.040 seconds
[2025-01-14T00:26:01.892+0000] {processor.py:161} INFO - Started process (PID=2304) to work on /home/airflow/.local/lib/python3.8/site-packages/airflow/example_dags/tutorial_taskflow_api.py
[2025-01-14T00:26:01.893+0000] {processor.py:830} INFO - Processing file /home/airflow/.local/lib/python3.8/site-packages/airflow/example_dags/tutorial_taskflow_api.py for tasks to queue
[2025-01-14T00:26:01.894+0000] {logging_mixin.py:188} INFO - [2025-01-14T00:26:01.894+0000] {dagbag.py:538} INFO - Filling up the DagBag from /home/airflow/.local/lib/python3.8/site-packages/airflow/example_dags/tutorial_taskflow_api.py
[2025-01-14T00:26:01.898+0000] {processor.py:840} INFO - DAG(s) 'tutorial_taskflow_api' retrieved from /home/airflow/.local/lib/python3.8/site-packages/airflow/example_dags/tutorial_taskflow_api.py
[2025-01-14T00:26:01.910+0000] {logging_mixin.py:188} INFO - [2025-01-14T00:26:01.910+0000] {dag.py:3036} INFO - Sync 1 DAGs
[2025-01-14T00:26:01.919+0000] {logging_mixin.py:188} INFO - [2025-01-14T00:26:01.919+0000] {dag.py:3823} INFO - Setting next_dagrun for tutorial_taskflow_api to None, run_after=None
[2025-01-14T00:26:01.931+0000] {processor.py:183} INFO - Processing /home/airflow/.local/lib/python3.8/site-packages/airflow/example_dags/tutorial_taskflow_api.py took 0.041 seconds
[2025-01-14T00:26:32.441+0000] {processor.py:161} INFO - Started process (PID=2363) to work on /home/airflow/.local/lib/python3.8/site-packages/airflow/example_dags/tutorial_taskflow_api.py
[2025-01-14T00:26:32.442+0000] {processor.py:830} INFO - Processing file /home/airflow/.local/lib/python3.8/site-packages/airflow/example_dags/tutorial_taskflow_api.py for tasks to queue
[2025-01-14T00:26:32.443+0000] {logging_mixin.py:188} INFO - [2025-01-14T00:26:32.443+0000] {dagbag.py:538} INFO - Filling up the DagBag from /home/airflow/.local/lib/python3.8/site-packages/airflow/example_dags/tutorial_taskflow_api.py
[2025-01-14T00:26:32.448+0000] {processor.py:840} INFO - DAG(s) 'tutorial_taskflow_api' retrieved from /home/airflow/.local/lib/python3.8/site-packages/airflow/example_dags/tutorial_taskflow_api.py
[2025-01-14T00:26:32.461+0000] {logging_mixin.py:188} INFO - [2025-01-14T00:26:32.461+0000] {dag.py:3036} INFO - Sync 1 DAGs
[2025-01-14T00:26:32.469+0000] {logging_mixin.py:188} INFO - [2025-01-14T00:26:32.468+0000] {dag.py:3823} INFO - Setting next_dagrun for tutorial_taskflow_api to None, run_after=None
[2025-01-14T00:26:32.481+0000] {processor.py:183} INFO - Processing /home/airflow/.local/lib/python3.8/site-packages/airflow/example_dags/tutorial_taskflow_api.py took 0.042 seconds
[2025-01-14T00:27:03.381+0000] {processor.py:161} INFO - Started process (PID=2422) to work on /home/airflow/.local/lib/python3.8/site-packages/airflow/example_dags/tutorial_taskflow_api.py
[2025-01-14T00:27:03.382+0000] {processor.py:830} INFO - Processing file /home/airflow/.local/lib/python3.8/site-packages/airflow/example_dags/tutorial_taskflow_api.py for tasks to queue
[2025-01-14T00:27:03.383+0000] {logging_mixin.py:188} INFO - [2025-01-14T00:27:03.383+0000] {dagbag.py:538} INFO - Filling up the DagBag from /home/airflow/.local/lib/python3.8/site-packages/airflow/example_dags/tutorial_taskflow_api.py
[2025-01-14T00:27:03.387+0000] {processor.py:840} INFO - DAG(s) 'tutorial_taskflow_api' retrieved from /home/airflow/.local/lib/python3.8/site-packages/airflow/example_dags/tutorial_taskflow_api.py
[2025-01-14T00:27:03.401+0000] {logging_mixin.py:188} INFO - [2025-01-14T00:27:03.400+0000] {dag.py:3036} INFO - Sync 1 DAGs
[2025-01-14T00:27:03.409+0000] {logging_mixin.py:188} INFO - [2025-01-14T00:27:03.408+0000] {dag.py:3823} INFO - Setting next_dagrun for tutorial_taskflow_api to None, run_after=None
[2025-01-14T00:27:03.424+0000] {processor.py:183} INFO - Processing /home/airflow/.local/lib/python3.8/site-packages/airflow/example_dags/tutorial_taskflow_api.py took 0.045 seconds
[2025-01-14T00:27:34.139+0000] {processor.py:161} INFO - Started process (PID=2481) to work on /home/airflow/.local/lib/python3.8/site-packages/airflow/example_dags/tutorial_taskflow_api.py
[2025-01-14T00:27:34.140+0000] {processor.py:830} INFO - Processing file /home/airflow/.local/lib/python3.8/site-packages/airflow/example_dags/tutorial_taskflow_api.py for tasks to queue
[2025-01-14T00:27:34.141+0000] {logging_mixin.py:188} INFO - [2025-01-14T00:27:34.141+0000] {dagbag.py:538} INFO - Filling up the DagBag from /home/airflow/.local/lib/python3.8/site-packages/airflow/example_dags/tutorial_taskflow_api.py
[2025-01-14T00:27:34.146+0000] {processor.py:840} INFO - DAG(s) 'tutorial_taskflow_api' retrieved from /home/airflow/.local/lib/python3.8/site-packages/airflow/example_dags/tutorial_taskflow_api.py
[2025-01-14T00:27:34.159+0000] {logging_mixin.py:188} INFO - [2025-01-14T00:27:34.159+0000] {dag.py:3036} INFO - Sync 1 DAGs
[2025-01-14T00:27:34.168+0000] {logging_mixin.py:188} INFO - [2025-01-14T00:27:34.168+0000] {dag.py:3823} INFO - Setting next_dagrun for tutorial_taskflow_api to None, run_after=None
[2025-01-14T00:27:34.181+0000] {processor.py:183} INFO - Processing /home/airflow/.local/lib/python3.8/site-packages/airflow/example_dags/tutorial_taskflow_api.py took 0.044 seconds
[2025-01-14T00:28:04.789+0000] {processor.py:161} INFO - Started process (PID=2542) to work on /home/airflow/.local/lib/python3.8/site-packages/airflow/example_dags/tutorial_taskflow_api.py
[2025-01-14T00:28:04.790+0000] {processor.py:830} INFO - Processing file /home/airflow/.local/lib/python3.8/site-packages/airflow/example_dags/tutorial_taskflow_api.py for tasks to queue
[2025-01-14T00:28:04.791+0000] {logging_mixin.py:188} INFO - [2025-01-14T00:28:04.791+0000] {dagbag.py:538} INFO - Filling up the DagBag from /home/airflow/.local/lib/python3.8/site-packages/airflow/example_dags/tutorial_taskflow_api.py
[2025-01-14T00:28:04.795+0000] {processor.py:840} INFO - DAG(s) 'tutorial_taskflow_api' retrieved from /home/airflow/.local/lib/python3.8/site-packages/airflow/example_dags/tutorial_taskflow_api.py
[2025-01-14T00:28:04.807+0000] {logging_mixin.py:188} INFO - [2025-01-14T00:28:04.807+0000] {dag.py:3036} INFO - Sync 1 DAGs
[2025-01-14T00:28:04.815+0000] {logging_mixin.py:188} INFO - [2025-01-14T00:28:04.814+0000] {dag.py:3823} INFO - Setting next_dagrun for tutorial_taskflow_api to None, run_after=None
[2025-01-14T00:28:04.827+0000] {processor.py:183} INFO - Processing /home/airflow/.local/lib/python3.8/site-packages/airflow/example_dags/tutorial_taskflow_api.py took 0.040 seconds
[2025-01-14T00:28:35.608+0000] {processor.py:161} INFO - Started process (PID=2601) to work on /home/airflow/.local/lib/python3.8/site-packages/airflow/example_dags/tutorial_taskflow_api.py
[2025-01-14T00:28:35.609+0000] {processor.py:830} INFO - Processing file /home/airflow/.local/lib/python3.8/site-packages/airflow/example_dags/tutorial_taskflow_api.py for tasks to queue
[2025-01-14T00:28:35.610+0000] {logging_mixin.py:188} INFO - [2025-01-14T00:28:35.610+0000] {dagbag.py:538} INFO - Filling up the DagBag from /home/airflow/.local/lib/python3.8/site-packages/airflow/example_dags/tutorial_taskflow_api.py
[2025-01-14T00:28:35.614+0000] {processor.py:840} INFO - DAG(s) 'tutorial_taskflow_api' retrieved from /home/airflow/.local/lib/python3.8/site-packages/airflow/example_dags/tutorial_taskflow_api.py
[2025-01-14T00:28:35.629+0000] {logging_mixin.py:188} INFO - [2025-01-14T00:28:35.629+0000] {dag.py:3036} INFO - Sync 1 DAGs
[2025-01-14T00:28:35.747+0000] {logging_mixin.py:188} INFO - [2025-01-14T00:28:35.746+0000] {dag.py:3823} INFO - Setting next_dagrun for tutorial_taskflow_api to None, run_after=None
[2025-01-14T00:28:35.762+0000] {processor.py:183} INFO - Processing /home/airflow/.local/lib/python3.8/site-packages/airflow/example_dags/tutorial_taskflow_api.py took 0.155 seconds
[2025-01-14T00:29:06.345+0000] {processor.py:161} INFO - Started process (PID=2660) to work on /home/airflow/.local/lib/python3.8/site-packages/airflow/example_dags/tutorial_taskflow_api.py
[2025-01-14T00:29:06.345+0000] {processor.py:830} INFO - Processing file /home/airflow/.local/lib/python3.8/site-packages/airflow/example_dags/tutorial_taskflow_api.py for tasks to queue
[2025-01-14T00:29:06.346+0000] {logging_mixin.py:188} INFO - [2025-01-14T00:29:06.346+0000] {dagbag.py:538} INFO - Filling up the DagBag from /home/airflow/.local/lib/python3.8/site-packages/airflow/example_dags/tutorial_taskflow_api.py
[2025-01-14T00:29:06.351+0000] {processor.py:840} INFO - DAG(s) 'tutorial_taskflow_api' retrieved from /home/airflow/.local/lib/python3.8/site-packages/airflow/example_dags/tutorial_taskflow_api.py
[2025-01-14T00:29:06.365+0000] {logging_mixin.py:188} INFO - [2025-01-14T00:29:06.365+0000] {dag.py:3036} INFO - Sync 1 DAGs
[2025-01-14T00:29:06.479+0000] {logging_mixin.py:188} INFO - [2025-01-14T00:29:06.479+0000] {dag.py:3823} INFO - Setting next_dagrun for tutorial_taskflow_api to None, run_after=None
[2025-01-14T00:29:06.494+0000] {processor.py:183} INFO - Processing /home/airflow/.local/lib/python3.8/site-packages/airflow/example_dags/tutorial_taskflow_api.py took 0.151 seconds
[2025-01-14T00:29:36.898+0000] {processor.py:161} INFO - Started process (PID=2719) to work on /home/airflow/.local/lib/python3.8/site-packages/airflow/example_dags/tutorial_taskflow_api.py
[2025-01-14T00:29:36.899+0000] {processor.py:830} INFO - Processing file /home/airflow/.local/lib/python3.8/site-packages/airflow/example_dags/tutorial_taskflow_api.py for tasks to queue
[2025-01-14T00:29:36.900+0000] {logging_mixin.py:188} INFO - [2025-01-14T00:29:36.900+0000] {dagbag.py:538} INFO - Filling up the DagBag from /home/airflow/.local/lib/python3.8/site-packages/airflow/example_dags/tutorial_taskflow_api.py
[2025-01-14T00:29:36.905+0000] {processor.py:840} INFO - DAG(s) 'tutorial_taskflow_api' retrieved from /home/airflow/.local/lib/python3.8/site-packages/airflow/example_dags/tutorial_taskflow_api.py
[2025-01-14T00:29:36.921+0000] {logging_mixin.py:188} INFO - [2025-01-14T00:29:36.920+0000] {dag.py:3036} INFO - Sync 1 DAGs
[2025-01-14T00:29:36.933+0000] {logging_mixin.py:188} INFO - [2025-01-14T00:29:36.933+0000] {dag.py:3823} INFO - Setting next_dagrun for tutorial_taskflow_api to None, run_after=None
[2025-01-14T00:29:36.950+0000] {processor.py:183} INFO - Processing /home/airflow/.local/lib/python3.8/site-packages/airflow/example_dags/tutorial_taskflow_api.py took 0.054 seconds
[2025-01-14T00:30:07.071+0000] {processor.py:161} INFO - Started process (PID=2778) to work on /home/airflow/.local/lib/python3.8/site-packages/airflow/example_dags/tutorial_taskflow_api.py
[2025-01-14T00:30:07.072+0000] {processor.py:830} INFO - Processing file /home/airflow/.local/lib/python3.8/site-packages/airflow/example_dags/tutorial_taskflow_api.py for tasks to queue
[2025-01-14T00:30:07.073+0000] {logging_mixin.py:188} INFO - [2025-01-14T00:30:07.073+0000] {dagbag.py:538} INFO - Filling up the DagBag from /home/airflow/.local/lib/python3.8/site-packages/airflow/example_dags/tutorial_taskflow_api.py
[2025-01-14T00:30:07.077+0000] {processor.py:840} INFO - DAG(s) 'tutorial_taskflow_api' retrieved from /home/airflow/.local/lib/python3.8/site-packages/airflow/example_dags/tutorial_taskflow_api.py
[2025-01-14T00:30:07.092+0000] {logging_mixin.py:188} INFO - [2025-01-14T00:30:07.091+0000] {dag.py:3036} INFO - Sync 1 DAGs
[2025-01-14T00:30:07.099+0000] {logging_mixin.py:188} INFO - [2025-01-14T00:30:07.099+0000] {dag.py:3823} INFO - Setting next_dagrun for tutorial_taskflow_api to None, run_after=None
[2025-01-14T00:30:07.112+0000] {processor.py:183} INFO - Processing /home/airflow/.local/lib/python3.8/site-packages/airflow/example_dags/tutorial_taskflow_api.py took 0.043 seconds
[2025-01-14T00:30:37.879+0000] {processor.py:161} INFO - Started process (PID=2837) to work on /home/airflow/.local/lib/python3.8/site-packages/airflow/example_dags/tutorial_taskflow_api.py
[2025-01-14T00:30:37.880+0000] {processor.py:830} INFO - Processing file /home/airflow/.local/lib/python3.8/site-packages/airflow/example_dags/tutorial_taskflow_api.py for tasks to queue
[2025-01-14T00:30:37.881+0000] {logging_mixin.py:188} INFO - [2025-01-14T00:30:37.881+0000] {dagbag.py:538} INFO - Filling up the DagBag from /home/airflow/.local/lib/python3.8/site-packages/airflow/example_dags/tutorial_taskflow_api.py
[2025-01-14T00:30:37.885+0000] {processor.py:840} INFO - DAG(s) 'tutorial_taskflow_api' retrieved from /home/airflow/.local/lib/python3.8/site-packages/airflow/example_dags/tutorial_taskflow_api.py
[2025-01-14T00:30:37.897+0000] {logging_mixin.py:188} INFO - [2025-01-14T00:30:37.897+0000] {dag.py:3036} INFO - Sync 1 DAGs
[2025-01-14T00:30:37.905+0000] {logging_mixin.py:188} INFO - [2025-01-14T00:30:37.905+0000] {dag.py:3823} INFO - Setting next_dagrun for tutorial_taskflow_api to None, run_after=None
[2025-01-14T00:30:37.918+0000] {processor.py:183} INFO - Processing /home/airflow/.local/lib/python3.8/site-packages/airflow/example_dags/tutorial_taskflow_api.py took 0.041 seconds
[2025-01-14T00:31:08.587+0000] {processor.py:161} INFO - Started process (PID=2896) to work on /home/airflow/.local/lib/python3.8/site-packages/airflow/example_dags/tutorial_taskflow_api.py
[2025-01-14T00:31:08.588+0000] {processor.py:830} INFO - Processing file /home/airflow/.local/lib/python3.8/site-packages/airflow/example_dags/tutorial_taskflow_api.py for tasks to queue
[2025-01-14T00:31:08.589+0000] {logging_mixin.py:188} INFO - [2025-01-14T00:31:08.589+0000] {dagbag.py:538} INFO - Filling up the DagBag from /home/airflow/.local/lib/python3.8/site-packages/airflow/example_dags/tutorial_taskflow_api.py
[2025-01-14T00:31:08.593+0000] {processor.py:840} INFO - DAG(s) 'tutorial_taskflow_api' retrieved from /home/airflow/.local/lib/python3.8/site-packages/airflow/example_dags/tutorial_taskflow_api.py
[2025-01-14T00:31:08.605+0000] {logging_mixin.py:188} INFO - [2025-01-14T00:31:08.604+0000] {dag.py:3036} INFO - Sync 1 DAGs
[2025-01-14T00:31:08.611+0000] {logging_mixin.py:188} INFO - [2025-01-14T00:31:08.611+0000] {dag.py:3823} INFO - Setting next_dagrun for tutorial_taskflow_api to None, run_after=None
[2025-01-14T00:31:08.625+0000] {processor.py:183} INFO - Processing /home/airflow/.local/lib/python3.8/site-packages/airflow/example_dags/tutorial_taskflow_api.py took 0.039 seconds
[2025-01-14T00:31:39.446+0000] {processor.py:161} INFO - Started process (PID=2955) to work on /home/airflow/.local/lib/python3.8/site-packages/airflow/example_dags/tutorial_taskflow_api.py
[2025-01-14T00:31:39.447+0000] {processor.py:830} INFO - Processing file /home/airflow/.local/lib/python3.8/site-packages/airflow/example_dags/tutorial_taskflow_api.py for tasks to queue
[2025-01-14T00:31:39.448+0000] {logging_mixin.py:188} INFO - [2025-01-14T00:31:39.448+0000] {dagbag.py:538} INFO - Filling up the DagBag from /home/airflow/.local/lib/python3.8/site-packages/airflow/example_dags/tutorial_taskflow_api.py
[2025-01-14T00:31:39.452+0000] {processor.py:840} INFO - DAG(s) 'tutorial_taskflow_api' retrieved from /home/airflow/.local/lib/python3.8/site-packages/airflow/example_dags/tutorial_taskflow_api.py
[2025-01-14T00:31:39.465+0000] {logging_mixin.py:188} INFO - [2025-01-14T00:31:39.465+0000] {dag.py:3036} INFO - Sync 1 DAGs
[2025-01-14T00:31:39.473+0000] {logging_mixin.py:188} INFO - [2025-01-14T00:31:39.473+0000] {dag.py:3823} INFO - Setting next_dagrun for tutorial_taskflow_api to None, run_after=None
[2025-01-14T00:31:39.487+0000] {processor.py:183} INFO - Processing /home/airflow/.local/lib/python3.8/site-packages/airflow/example_dags/tutorial_taskflow_api.py took 0.043 seconds
[2025-01-14T00:32:10.406+0000] {processor.py:161} INFO - Started process (PID=3014) to work on /home/airflow/.local/lib/python3.8/site-packages/airflow/example_dags/tutorial_taskflow_api.py
[2025-01-14T00:32:10.407+0000] {processor.py:830} INFO - Processing file /home/airflow/.local/lib/python3.8/site-packages/airflow/example_dags/tutorial_taskflow_api.py for tasks to queue
[2025-01-14T00:32:10.408+0000] {logging_mixin.py:188} INFO - [2025-01-14T00:32:10.408+0000] {dagbag.py:538} INFO - Filling up the DagBag from /home/airflow/.local/lib/python3.8/site-packages/airflow/example_dags/tutorial_taskflow_api.py
[2025-01-14T00:32:10.413+0000] {processor.py:840} INFO - DAG(s) 'tutorial_taskflow_api' retrieved from /home/airflow/.local/lib/python3.8/site-packages/airflow/example_dags/tutorial_taskflow_api.py
[2025-01-14T00:32:10.427+0000] {logging_mixin.py:188} INFO - [2025-01-14T00:32:10.426+0000] {dag.py:3036} INFO - Sync 1 DAGs
[2025-01-14T00:32:10.438+0000] {logging_mixin.py:188} INFO - [2025-01-14T00:32:10.438+0000] {dag.py:3823} INFO - Setting next_dagrun for tutorial_taskflow_api to None, run_after=None
[2025-01-14T00:32:10.454+0000] {processor.py:183} INFO - Processing /home/airflow/.local/lib/python3.8/site-packages/airflow/example_dags/tutorial_taskflow_api.py took 0.050 seconds
[2025-01-14T00:32:40.509+0000] {processor.py:161} INFO - Started process (PID=3073) to work on /home/airflow/.local/lib/python3.8/site-packages/airflow/example_dags/tutorial_taskflow_api.py
[2025-01-14T00:32:40.509+0000] {processor.py:830} INFO - Processing file /home/airflow/.local/lib/python3.8/site-packages/airflow/example_dags/tutorial_taskflow_api.py for tasks to queue
[2025-01-14T00:32:40.510+0000] {logging_mixin.py:188} INFO - [2025-01-14T00:32:40.510+0000] {dagbag.py:538} INFO - Filling up the DagBag from /home/airflow/.local/lib/python3.8/site-packages/airflow/example_dags/tutorial_taskflow_api.py
[2025-01-14T00:32:40.514+0000] {processor.py:840} INFO - DAG(s) 'tutorial_taskflow_api' retrieved from /home/airflow/.local/lib/python3.8/site-packages/airflow/example_dags/tutorial_taskflow_api.py
[2025-01-14T00:32:40.526+0000] {logging_mixin.py:188} INFO - [2025-01-14T00:32:40.526+0000] {dag.py:3036} INFO - Sync 1 DAGs
[2025-01-14T00:32:40.534+0000] {logging_mixin.py:188} INFO - [2025-01-14T00:32:40.534+0000] {dag.py:3823} INFO - Setting next_dagrun for tutorial_taskflow_api to None, run_after=None
[2025-01-14T00:32:40.546+0000] {processor.py:183} INFO - Processing /home/airflow/.local/lib/python3.8/site-packages/airflow/example_dags/tutorial_taskflow_api.py took 0.039 seconds
