[2025-01-14T00:00:09.080+0000] {processor.py:161} INFO - Started process (PID=10569) to work on /opt/airflow/dags/weather_pipeline_dag.py
[2025-01-14T00:00:09.080+0000] {processor.py:830} INFO - Processing file /opt/airflow/dags/weather_pipeline_dag.py for tasks to queue
[2025-01-14T00:00:09.081+0000] {logging_mixin.py:188} INFO - [2025-01-14T00:00:09.080+0000] {dagbag.py:538} INFO - Filling up the DagBag from /opt/airflow/dags/weather_pipeline_dag.py
[2025-01-14T00:00:09.264+0000] {processor.py:840} INFO - DAG(s) 'weather_pipeline' retrieved from /opt/airflow/dags/weather_pipeline_dag.py
[2025-01-14T00:00:09.277+0000] {logging_mixin.py:188} INFO - [2025-01-14T00:00:09.277+0000] {dag.py:3036} INFO - Sync 1 DAGs
[2025-01-14T00:00:09.292+0000] {logging_mixin.py:188} INFO - [2025-01-14T00:00:09.292+0000] {dag.py:3823} INFO - Setting next_dagrun for weather_pipeline to 2025-01-14 00:00:00+00:00, run_after=2025-01-15 00:00:00+00:00
[2025-01-14T00:00:09.304+0000] {processor.py:183} INFO - Processing /opt/airflow/dags/weather_pipeline_dag.py took 0.227 seconds
[2025-01-14T00:00:40.285+0000] {processor.py:161} INFO - Started process (PID=10629) to work on /opt/airflow/dags/weather_pipeline_dag.py
[2025-01-14T00:00:40.286+0000] {processor.py:830} INFO - Processing file /opt/airflow/dags/weather_pipeline_dag.py for tasks to queue
[2025-01-14T00:00:40.287+0000] {logging_mixin.py:188} INFO - [2025-01-14T00:00:40.287+0000] {dagbag.py:538} INFO - Filling up the DagBag from /opt/airflow/dags/weather_pipeline_dag.py
[2025-01-14T00:00:40.455+0000] {processor.py:840} INFO - DAG(s) 'weather_pipeline' retrieved from /opt/airflow/dags/weather_pipeline_dag.py
[2025-01-14T00:00:40.467+0000] {logging_mixin.py:188} INFO - [2025-01-14T00:00:40.467+0000] {dag.py:3036} INFO - Sync 1 DAGs
[2025-01-14T00:00:40.482+0000] {logging_mixin.py:188} INFO - [2025-01-14T00:00:40.482+0000] {dag.py:3823} INFO - Setting next_dagrun for weather_pipeline to 2025-01-14 00:00:00+00:00, run_after=2025-01-15 00:00:00+00:00
[2025-01-14T00:00:40.493+0000] {processor.py:183} INFO - Processing /opt/airflow/dags/weather_pipeline_dag.py took 0.210 seconds
[2025-01-14T00:01:10.557+0000] {processor.py:161} INFO - Started process (PID=10691) to work on /opt/airflow/dags/weather_pipeline_dag.py
[2025-01-14T00:01:10.558+0000] {processor.py:830} INFO - Processing file /opt/airflow/dags/weather_pipeline_dag.py for tasks to queue
[2025-01-14T00:01:10.559+0000] {logging_mixin.py:188} INFO - [2025-01-14T00:01:10.559+0000] {dagbag.py:538} INFO - Filling up the DagBag from /opt/airflow/dags/weather_pipeline_dag.py
[2025-01-14T00:01:10.722+0000] {processor.py:840} INFO - DAG(s) 'weather_pipeline' retrieved from /opt/airflow/dags/weather_pipeline_dag.py
[2025-01-14T00:01:10.733+0000] {logging_mixin.py:188} INFO - [2025-01-14T00:01:10.733+0000] {dag.py:3036} INFO - Sync 1 DAGs
[2025-01-14T00:01:10.748+0000] {logging_mixin.py:188} INFO - [2025-01-14T00:01:10.748+0000] {dag.py:3823} INFO - Setting next_dagrun for weather_pipeline to 2025-01-14 00:00:00+00:00, run_after=2025-01-15 00:00:00+00:00
[2025-01-14T00:01:10.763+0000] {processor.py:183} INFO - Processing /opt/airflow/dags/weather_pipeline_dag.py took 0.209 seconds
[2025-01-14T00:01:41.571+0000] {processor.py:161} INFO - Started process (PID=10750) to work on /opt/airflow/dags/weather_pipeline_dag.py
[2025-01-14T00:01:41.572+0000] {processor.py:830} INFO - Processing file /opt/airflow/dags/weather_pipeline_dag.py for tasks to queue
[2025-01-14T00:01:41.573+0000] {logging_mixin.py:188} INFO - [2025-01-14T00:01:41.572+0000] {dagbag.py:538} INFO - Filling up the DagBag from /opt/airflow/dags/weather_pipeline_dag.py
[2025-01-14T00:01:41.743+0000] {processor.py:840} INFO - DAG(s) 'weather_pipeline' retrieved from /opt/airflow/dags/weather_pipeline_dag.py
[2025-01-14T00:01:41.755+0000] {logging_mixin.py:188} INFO - [2025-01-14T00:01:41.754+0000] {dag.py:3036} INFO - Sync 1 DAGs
[2025-01-14T00:01:41.770+0000] {logging_mixin.py:188} INFO - [2025-01-14T00:01:41.770+0000] {dag.py:3823} INFO - Setting next_dagrun for weather_pipeline to 2025-01-14 00:00:00+00:00, run_after=2025-01-15 00:00:00+00:00
[2025-01-14T00:01:41.782+0000] {processor.py:183} INFO - Processing /opt/airflow/dags/weather_pipeline_dag.py took 0.214 seconds
[2025-01-14T00:02:12.427+0000] {processor.py:161} INFO - Started process (PID=10809) to work on /opt/airflow/dags/weather_pipeline_dag.py
[2025-01-14T00:02:12.428+0000] {processor.py:830} INFO - Processing file /opt/airflow/dags/weather_pipeline_dag.py for tasks to queue
[2025-01-14T00:02:12.429+0000] {logging_mixin.py:188} INFO - [2025-01-14T00:02:12.429+0000] {dagbag.py:538} INFO - Filling up the DagBag from /opt/airflow/dags/weather_pipeline_dag.py
[2025-01-14T00:02:12.597+0000] {processor.py:840} INFO - DAG(s) 'weather_pipeline' retrieved from /opt/airflow/dags/weather_pipeline_dag.py
[2025-01-14T00:02:12.609+0000] {logging_mixin.py:188} INFO - [2025-01-14T00:02:12.609+0000] {dag.py:3036} INFO - Sync 1 DAGs
[2025-01-14T00:02:12.623+0000] {logging_mixin.py:188} INFO - [2025-01-14T00:02:12.622+0000] {dag.py:3823} INFO - Setting next_dagrun for weather_pipeline to 2025-01-14 00:00:00+00:00, run_after=2025-01-15 00:00:00+00:00
[2025-01-14T00:02:12.635+0000] {processor.py:183} INFO - Processing /opt/airflow/dags/weather_pipeline_dag.py took 0.210 seconds
[2025-01-14T00:02:43.336+0000] {processor.py:161} INFO - Started process (PID=10868) to work on /opt/airflow/dags/weather_pipeline_dag.py
[2025-01-14T00:02:43.337+0000] {processor.py:830} INFO - Processing file /opt/airflow/dags/weather_pipeline_dag.py for tasks to queue
[2025-01-14T00:02:43.338+0000] {logging_mixin.py:188} INFO - [2025-01-14T00:02:43.338+0000] {dagbag.py:538} INFO - Filling up the DagBag from /opt/airflow/dags/weather_pipeline_dag.py
[2025-01-14T00:02:43.556+0000] {processor.py:840} INFO - DAG(s) 'weather_pipeline' retrieved from /opt/airflow/dags/weather_pipeline_dag.py
[2025-01-14T00:02:43.572+0000] {logging_mixin.py:188} INFO - [2025-01-14T00:02:43.572+0000] {dag.py:3036} INFO - Sync 1 DAGs
[2025-01-14T00:02:43.590+0000] {logging_mixin.py:188} INFO - [2025-01-14T00:02:43.589+0000] {dag.py:3823} INFO - Setting next_dagrun for weather_pipeline to 2025-01-14 00:00:00+00:00, run_after=2025-01-15 00:00:00+00:00
[2025-01-14T00:02:43.606+0000] {processor.py:183} INFO - Processing /opt/airflow/dags/weather_pipeline_dag.py took 0.272 seconds
[2025-01-14T00:03:13.693+0000] {processor.py:161} INFO - Started process (PID=10929) to work on /opt/airflow/dags/weather_pipeline_dag.py
[2025-01-14T00:03:13.694+0000] {processor.py:830} INFO - Processing file /opt/airflow/dags/weather_pipeline_dag.py for tasks to queue
[2025-01-14T00:03:13.695+0000] {logging_mixin.py:188} INFO - [2025-01-14T00:03:13.695+0000] {dagbag.py:538} INFO - Filling up the DagBag from /opt/airflow/dags/weather_pipeline_dag.py
[2025-01-14T00:03:13.915+0000] {processor.py:840} INFO - DAG(s) 'weather_pipeline' retrieved from /opt/airflow/dags/weather_pipeline_dag.py
[2025-01-14T00:03:13.933+0000] {logging_mixin.py:188} INFO - [2025-01-14T00:03:13.932+0000] {dag.py:3036} INFO - Sync 1 DAGs
[2025-01-14T00:03:13.951+0000] {logging_mixin.py:188} INFO - [2025-01-14T00:03:13.951+0000] {dag.py:3823} INFO - Setting next_dagrun for weather_pipeline to 2025-01-14 00:00:00+00:00, run_after=2025-01-15 00:00:00+00:00
[2025-01-14T00:03:13.965+0000] {processor.py:183} INFO - Processing /opt/airflow/dags/weather_pipeline_dag.py took 0.276 seconds
[2025-01-14T00:03:44.804+0000] {processor.py:161} INFO - Started process (PID=10988) to work on /opt/airflow/dags/weather_pipeline_dag.py
[2025-01-14T00:03:44.804+0000] {processor.py:830} INFO - Processing file /opt/airflow/dags/weather_pipeline_dag.py for tasks to queue
[2025-01-14T00:03:44.805+0000] {logging_mixin.py:188} INFO - [2025-01-14T00:03:44.805+0000] {dagbag.py:538} INFO - Filling up the DagBag from /opt/airflow/dags/weather_pipeline_dag.py
[2025-01-14T00:03:44.970+0000] {processor.py:840} INFO - DAG(s) 'weather_pipeline' retrieved from /opt/airflow/dags/weather_pipeline_dag.py
[2025-01-14T00:03:44.980+0000] {logging_mixin.py:188} INFO - [2025-01-14T00:03:44.980+0000] {dag.py:3036} INFO - Sync 1 DAGs
[2025-01-14T00:03:44.994+0000] {logging_mixin.py:188} INFO - [2025-01-14T00:03:44.994+0000] {dag.py:3823} INFO - Setting next_dagrun for weather_pipeline to 2025-01-14 00:00:00+00:00, run_after=2025-01-15 00:00:00+00:00
[2025-01-14T00:03:45.007+0000] {processor.py:183} INFO - Processing /opt/airflow/dags/weather_pipeline_dag.py took 0.206 seconds
[2025-01-14T00:04:15.771+0000] {processor.py:161} INFO - Started process (PID=11047) to work on /opt/airflow/dags/weather_pipeline_dag.py
[2025-01-14T00:04:15.772+0000] {processor.py:830} INFO - Processing file /opt/airflow/dags/weather_pipeline_dag.py for tasks to queue
[2025-01-14T00:04:15.772+0000] {logging_mixin.py:188} INFO - [2025-01-14T00:04:15.772+0000] {dagbag.py:538} INFO - Filling up the DagBag from /opt/airflow/dags/weather_pipeline_dag.py
[2025-01-14T00:04:15.944+0000] {processor.py:840} INFO - DAG(s) 'weather_pipeline' retrieved from /opt/airflow/dags/weather_pipeline_dag.py
[2025-01-14T00:04:15.958+0000] {logging_mixin.py:188} INFO - [2025-01-14T00:04:15.958+0000] {dag.py:3036} INFO - Sync 1 DAGs
[2025-01-14T00:04:15.973+0000] {logging_mixin.py:188} INFO - [2025-01-14T00:04:15.973+0000] {dag.py:3823} INFO - Setting next_dagrun for weather_pipeline to 2025-01-14 00:00:00+00:00, run_after=2025-01-15 00:00:00+00:00
[2025-01-14T00:04:15.985+0000] {processor.py:183} INFO - Processing /opt/airflow/dags/weather_pipeline_dag.py took 0.216 seconds
[2025-01-14T00:04:46.188+0000] {processor.py:161} INFO - Started process (PID=11106) to work on /opt/airflow/dags/weather_pipeline_dag.py
[2025-01-14T00:04:46.189+0000] {processor.py:830} INFO - Processing file /opt/airflow/dags/weather_pipeline_dag.py for tasks to queue
[2025-01-14T00:04:46.190+0000] {logging_mixin.py:188} INFO - [2025-01-14T00:04:46.189+0000] {dagbag.py:538} INFO - Filling up the DagBag from /opt/airflow/dags/weather_pipeline_dag.py
[2025-01-14T00:04:46.358+0000] {processor.py:840} INFO - DAG(s) 'weather_pipeline' retrieved from /opt/airflow/dags/weather_pipeline_dag.py
[2025-01-14T00:04:46.369+0000] {logging_mixin.py:188} INFO - [2025-01-14T00:04:46.369+0000] {dag.py:3036} INFO - Sync 1 DAGs
[2025-01-14T00:04:46.383+0000] {logging_mixin.py:188} INFO - [2025-01-14T00:04:46.383+0000] {dag.py:3823} INFO - Setting next_dagrun for weather_pipeline to 2025-01-14 00:00:00+00:00, run_after=2025-01-15 00:00:00+00:00
[2025-01-14T00:04:46.395+0000] {processor.py:183} INFO - Processing /opt/airflow/dags/weather_pipeline_dag.py took 0.225 seconds
[2025-01-14T00:05:17.142+0000] {processor.py:161} INFO - Started process (PID=11165) to work on /opt/airflow/dags/weather_pipeline_dag.py
[2025-01-14T00:05:17.143+0000] {processor.py:830} INFO - Processing file /opt/airflow/dags/weather_pipeline_dag.py for tasks to queue
[2025-01-14T00:05:17.143+0000] {logging_mixin.py:188} INFO - [2025-01-14T00:05:17.143+0000] {dagbag.py:538} INFO - Filling up the DagBag from /opt/airflow/dags/weather_pipeline_dag.py
[2025-01-14T00:05:17.325+0000] {processor.py:840} INFO - DAG(s) 'weather_pipeline' retrieved from /opt/airflow/dags/weather_pipeline_dag.py
[2025-01-14T00:05:17.338+0000] {logging_mixin.py:188} INFO - [2025-01-14T00:05:17.338+0000] {dag.py:3036} INFO - Sync 1 DAGs
[2025-01-14T00:05:17.354+0000] {logging_mixin.py:188} INFO - [2025-01-14T00:05:17.354+0000] {dag.py:3823} INFO - Setting next_dagrun for weather_pipeline to 2025-01-14 00:00:00+00:00, run_after=2025-01-15 00:00:00+00:00
[2025-01-14T00:05:17.366+0000] {processor.py:183} INFO - Processing /opt/airflow/dags/weather_pipeline_dag.py took 0.227 seconds
[2025-01-14T00:06:22.684+0000] {processor.py:161} INFO - Started process (PID=44) to work on /opt/airflow/dags/weather_pipeline_dag.py
[2025-01-14T00:06:22.684+0000] {processor.py:830} INFO - Processing file /opt/airflow/dags/weather_pipeline_dag.py for tasks to queue
[2025-01-14T00:06:22.686+0000] {logging_mixin.py:188} INFO - [2025-01-14T00:06:22.685+0000] {dagbag.py:538} INFO - Filling up the DagBag from /opt/airflow/dags/weather_pipeline_dag.py
[2025-01-14T00:06:23.395+0000] {processor.py:840} INFO - DAG(s) 'weather_pipeline' retrieved from /opt/airflow/dags/weather_pipeline_dag.py
[2025-01-14T00:06:23.691+0000] {logging_mixin.py:188} INFO - [2025-01-14T00:06:23.690+0000] {dag.py:3036} INFO - Sync 1 DAGs
[2025-01-14T00:06:23.707+0000] {logging_mixin.py:188} INFO - [2025-01-14T00:06:23.707+0000] {dag.py:3823} INFO - Setting next_dagrun for weather_pipeline to 2025-01-14 00:00:00+00:00, run_after=2025-01-15 00:00:00+00:00
[2025-01-14T00:06:23.722+0000] {processor.py:183} INFO - Processing /opt/airflow/dags/weather_pipeline_dag.py took 1.040 seconds
[2025-01-14T00:06:53.832+0000] {processor.py:161} INFO - Started process (PID=106) to work on /opt/airflow/dags/weather_pipeline_dag.py
[2025-01-14T00:06:53.832+0000] {processor.py:830} INFO - Processing file /opt/airflow/dags/weather_pipeline_dag.py for tasks to queue
[2025-01-14T00:06:53.833+0000] {logging_mixin.py:188} INFO - [2025-01-14T00:06:53.833+0000] {dagbag.py:538} INFO - Filling up the DagBag from /opt/airflow/dags/weather_pipeline_dag.py
[2025-01-14T00:06:54.109+0000] {processor.py:840} INFO - DAG(s) 'weather_pipeline' retrieved from /opt/airflow/dags/weather_pipeline_dag.py
[2025-01-14T00:06:54.120+0000] {logging_mixin.py:188} INFO - [2025-01-14T00:06:54.119+0000] {dag.py:3036} INFO - Sync 1 DAGs
[2025-01-14T00:06:54.133+0000] {logging_mixin.py:188} INFO - [2025-01-14T00:06:54.133+0000] {dag.py:3823} INFO - Setting next_dagrun for weather_pipeline to 2025-01-14 00:00:00+00:00, run_after=2025-01-15 00:00:00+00:00
[2025-01-14T00:06:54.144+0000] {processor.py:183} INFO - Processing /opt/airflow/dags/weather_pipeline_dag.py took 0.314 seconds
[2025-01-14T00:07:24.230+0000] {processor.py:161} INFO - Started process (PID=165) to work on /opt/airflow/dags/weather_pipeline_dag.py
[2025-01-14T00:07:24.231+0000] {processor.py:830} INFO - Processing file /opt/airflow/dags/weather_pipeline_dag.py for tasks to queue
[2025-01-14T00:07:24.232+0000] {logging_mixin.py:188} INFO - [2025-01-14T00:07:24.232+0000] {dagbag.py:538} INFO - Filling up the DagBag from /opt/airflow/dags/weather_pipeline_dag.py
[2025-01-14T00:07:24.486+0000] {processor.py:840} INFO - DAG(s) 'weather_pipeline' retrieved from /opt/airflow/dags/weather_pipeline_dag.py
[2025-01-14T00:07:24.496+0000] {logging_mixin.py:188} INFO - [2025-01-14T00:07:24.495+0000] {dag.py:3036} INFO - Sync 1 DAGs
[2025-01-14T00:07:24.508+0000] {logging_mixin.py:188} INFO - [2025-01-14T00:07:24.508+0000] {dag.py:3823} INFO - Setting next_dagrun for weather_pipeline to 2025-01-14 00:00:00+00:00, run_after=2025-01-15 00:00:00+00:00
[2025-01-14T00:07:24.520+0000] {processor.py:183} INFO - Processing /opt/airflow/dags/weather_pipeline_dag.py took 0.292 seconds
[2025-01-14T00:07:54.589+0000] {processor.py:161} INFO - Started process (PID=227) to work on /opt/airflow/dags/weather_pipeline_dag.py
[2025-01-14T00:07:54.590+0000] {processor.py:830} INFO - Processing file /opt/airflow/dags/weather_pipeline_dag.py for tasks to queue
[2025-01-14T00:07:54.590+0000] {logging_mixin.py:188} INFO - [2025-01-14T00:07:54.590+0000] {dagbag.py:538} INFO - Filling up the DagBag from /opt/airflow/dags/weather_pipeline_dag.py
[2025-01-14T00:07:54.871+0000] {processor.py:840} INFO - DAG(s) 'weather_pipeline' retrieved from /opt/airflow/dags/weather_pipeline_dag.py
[2025-01-14T00:07:54.881+0000] {logging_mixin.py:188} INFO - [2025-01-14T00:07:54.881+0000] {dag.py:3036} INFO - Sync 1 DAGs
[2025-01-14T00:07:54.895+0000] {logging_mixin.py:188} INFO - [2025-01-14T00:07:54.894+0000] {dag.py:3823} INFO - Setting next_dagrun for weather_pipeline to 2025-01-14 00:00:00+00:00, run_after=2025-01-15 00:00:00+00:00
[2025-01-14T00:07:54.906+0000] {processor.py:183} INFO - Processing /opt/airflow/dags/weather_pipeline_dag.py took 0.319 seconds
[2025-01-14T00:08:24.951+0000] {processor.py:161} INFO - Started process (PID=287) to work on /opt/airflow/dags/weather_pipeline_dag.py
[2025-01-14T00:08:24.951+0000] {processor.py:830} INFO - Processing file /opt/airflow/dags/weather_pipeline_dag.py for tasks to queue
[2025-01-14T00:08:24.952+0000] {logging_mixin.py:188} INFO - [2025-01-14T00:08:24.952+0000] {dagbag.py:538} INFO - Filling up the DagBag from /opt/airflow/dags/weather_pipeline_dag.py
[2025-01-14T00:08:25.228+0000] {processor.py:840} INFO - DAG(s) 'weather_pipeline' retrieved from /opt/airflow/dags/weather_pipeline_dag.py
[2025-01-14T00:08:25.239+0000] {logging_mixin.py:188} INFO - [2025-01-14T00:08:25.239+0000] {dag.py:3036} INFO - Sync 1 DAGs
[2025-01-14T00:08:25.253+0000] {logging_mixin.py:188} INFO - [2025-01-14T00:08:25.253+0000] {dag.py:3823} INFO - Setting next_dagrun for weather_pipeline to 2025-01-14 00:00:00+00:00, run_after=2025-01-15 00:00:00+00:00
[2025-01-14T00:08:25.265+0000] {processor.py:183} INFO - Processing /opt/airflow/dags/weather_pipeline_dag.py took 0.316 seconds
[2025-01-14T00:08:55.821+0000] {processor.py:161} INFO - Started process (PID=341) to work on /opt/airflow/dags/weather_pipeline_dag.py
[2025-01-14T00:08:55.822+0000] {processor.py:830} INFO - Processing file /opt/airflow/dags/weather_pipeline_dag.py for tasks to queue
[2025-01-14T00:08:55.823+0000] {logging_mixin.py:188} INFO - [2025-01-14T00:08:55.823+0000] {dagbag.py:538} INFO - Filling up the DagBag from /opt/airflow/dags/weather_pipeline_dag.py
[2025-01-14T00:08:56.121+0000] {processor.py:840} INFO - DAG(s) 'weather_pipeline' retrieved from /opt/airflow/dags/weather_pipeline_dag.py
[2025-01-14T00:08:56.133+0000] {logging_mixin.py:188} INFO - [2025-01-14T00:08:56.133+0000] {dag.py:3036} INFO - Sync 1 DAGs
[2025-01-14T00:08:56.148+0000] {logging_mixin.py:188} INFO - [2025-01-14T00:08:56.148+0000] {dag.py:3823} INFO - Setting next_dagrun for weather_pipeline to 2025-01-14 00:00:00+00:00, run_after=2025-01-15 00:00:00+00:00
[2025-01-14T00:08:56.164+0000] {processor.py:183} INFO - Processing /opt/airflow/dags/weather_pipeline_dag.py took 0.344 seconds
[2025-01-14T00:09:26.465+0000] {processor.py:161} INFO - Started process (PID=401) to work on /opt/airflow/dags/weather_pipeline_dag.py
[2025-01-14T00:09:26.466+0000] {processor.py:830} INFO - Processing file /opt/airflow/dags/weather_pipeline_dag.py for tasks to queue
[2025-01-14T00:09:26.467+0000] {logging_mixin.py:188} INFO - [2025-01-14T00:09:26.466+0000] {dagbag.py:538} INFO - Filling up the DagBag from /opt/airflow/dags/weather_pipeline_dag.py
[2025-01-14T00:09:26.756+0000] {processor.py:840} INFO - DAG(s) 'weather_pipeline' retrieved from /opt/airflow/dags/weather_pipeline_dag.py
[2025-01-14T00:09:26.768+0000] {logging_mixin.py:188} INFO - [2025-01-14T00:09:26.767+0000] {dag.py:3036} INFO - Sync 1 DAGs
[2025-01-14T00:09:26.782+0000] {logging_mixin.py:188} INFO - [2025-01-14T00:09:26.781+0000] {dag.py:3823} INFO - Setting next_dagrun for weather_pipeline to 2025-01-14 00:00:00+00:00, run_after=2025-01-15 00:00:00+00:00
[2025-01-14T00:09:26.795+0000] {processor.py:183} INFO - Processing /opt/airflow/dags/weather_pipeline_dag.py took 0.332 seconds
[2025-01-14T00:09:57.418+0000] {processor.py:161} INFO - Started process (PID=459) to work on /opt/airflow/dags/weather_pipeline_dag.py
[2025-01-14T00:09:57.418+0000] {processor.py:830} INFO - Processing file /opt/airflow/dags/weather_pipeline_dag.py for tasks to queue
[2025-01-14T00:09:57.419+0000] {logging_mixin.py:188} INFO - [2025-01-14T00:09:57.419+0000] {dagbag.py:538} INFO - Filling up the DagBag from /opt/airflow/dags/weather_pipeline_dag.py
[2025-01-14T00:09:57.678+0000] {processor.py:840} INFO - DAG(s) 'weather_pipeline' retrieved from /opt/airflow/dags/weather_pipeline_dag.py
[2025-01-14T00:09:57.688+0000] {logging_mixin.py:188} INFO - [2025-01-14T00:09:57.688+0000] {dag.py:3036} INFO - Sync 1 DAGs
[2025-01-14T00:09:57.701+0000] {logging_mixin.py:188} INFO - [2025-01-14T00:09:57.701+0000] {dag.py:3823} INFO - Setting next_dagrun for weather_pipeline to 2025-01-14 00:00:00+00:00, run_after=2025-01-15 00:00:00+00:00
[2025-01-14T00:09:57.712+0000] {processor.py:183} INFO - Processing /opt/airflow/dags/weather_pipeline_dag.py took 0.296 seconds
[2025-01-14T00:10:28.685+0000] {processor.py:161} INFO - Started process (PID=518) to work on /opt/airflow/dags/weather_pipeline_dag.py
[2025-01-14T00:10:28.686+0000] {processor.py:830} INFO - Processing file /opt/airflow/dags/weather_pipeline_dag.py for tasks to queue
[2025-01-14T00:10:28.687+0000] {logging_mixin.py:188} INFO - [2025-01-14T00:10:28.686+0000] {dagbag.py:538} INFO - Filling up the DagBag from /opt/airflow/dags/weather_pipeline_dag.py
[2025-01-14T00:10:28.950+0000] {processor.py:840} INFO - DAG(s) 'weather_pipeline' retrieved from /opt/airflow/dags/weather_pipeline_dag.py
[2025-01-14T00:10:28.960+0000] {logging_mixin.py:188} INFO - [2025-01-14T00:10:28.960+0000] {dag.py:3036} INFO - Sync 1 DAGs
[2025-01-14T00:10:28.974+0000] {logging_mixin.py:188} INFO - [2025-01-14T00:10:28.973+0000] {dag.py:3823} INFO - Setting next_dagrun for weather_pipeline to 2025-01-14 00:00:00+00:00, run_after=2025-01-15 00:00:00+00:00
[2025-01-14T00:10:28.986+0000] {processor.py:183} INFO - Processing /opt/airflow/dags/weather_pipeline_dag.py took 0.303 seconds
[2025-01-14T00:10:59.754+0000] {processor.py:161} INFO - Started process (PID=577) to work on /opt/airflow/dags/weather_pipeline_dag.py
[2025-01-14T00:10:59.755+0000] {processor.py:830} INFO - Processing file /opt/airflow/dags/weather_pipeline_dag.py for tasks to queue
[2025-01-14T00:10:59.756+0000] {logging_mixin.py:188} INFO - [2025-01-14T00:10:59.755+0000] {dagbag.py:538} INFO - Filling up the DagBag from /opt/airflow/dags/weather_pipeline_dag.py
[2025-01-14T00:11:00.027+0000] {processor.py:840} INFO - DAG(s) 'weather_pipeline' retrieved from /opt/airflow/dags/weather_pipeline_dag.py
[2025-01-14T00:11:00.039+0000] {logging_mixin.py:188} INFO - [2025-01-14T00:11:00.039+0000] {dag.py:3036} INFO - Sync 1 DAGs
[2025-01-14T00:11:00.053+0000] {logging_mixin.py:188} INFO - [2025-01-14T00:11:00.053+0000] {dag.py:3823} INFO - Setting next_dagrun for weather_pipeline to 2025-01-14 00:00:00+00:00, run_after=2025-01-15 00:00:00+00:00
[2025-01-14T00:11:00.065+0000] {processor.py:183} INFO - Processing /opt/airflow/dags/weather_pipeline_dag.py took 0.313 seconds
[2025-01-14T00:11:31.018+0000] {processor.py:161} INFO - Started process (PID=636) to work on /opt/airflow/dags/weather_pipeline_dag.py
[2025-01-14T00:11:31.019+0000] {processor.py:830} INFO - Processing file /opt/airflow/dags/weather_pipeline_dag.py for tasks to queue
[2025-01-14T00:11:31.020+0000] {logging_mixin.py:188} INFO - [2025-01-14T00:11:31.020+0000] {dagbag.py:538} INFO - Filling up the DagBag from /opt/airflow/dags/weather_pipeline_dag.py
[2025-01-14T00:11:31.288+0000] {processor.py:840} INFO - DAG(s) 'weather_pipeline' retrieved from /opt/airflow/dags/weather_pipeline_dag.py
[2025-01-14T00:11:31.298+0000] {logging_mixin.py:188} INFO - [2025-01-14T00:11:31.298+0000] {dag.py:3036} INFO - Sync 1 DAGs
[2025-01-14T00:11:31.311+0000] {logging_mixin.py:188} INFO - [2025-01-14T00:11:31.311+0000] {dag.py:3823} INFO - Setting next_dagrun for weather_pipeline to 2025-01-14 00:00:00+00:00, run_after=2025-01-15 00:00:00+00:00
[2025-01-14T00:11:31.322+0000] {processor.py:183} INFO - Processing /opt/airflow/dags/weather_pipeline_dag.py took 0.306 seconds
[2025-01-14T00:12:02.269+0000] {processor.py:161} INFO - Started process (PID=695) to work on /opt/airflow/dags/weather_pipeline_dag.py
[2025-01-14T00:12:02.270+0000] {processor.py:830} INFO - Processing file /opt/airflow/dags/weather_pipeline_dag.py for tasks to queue
[2025-01-14T00:12:02.271+0000] {logging_mixin.py:188} INFO - [2025-01-14T00:12:02.271+0000] {dagbag.py:538} INFO - Filling up the DagBag from /opt/airflow/dags/weather_pipeline_dag.py
[2025-01-14T00:12:02.528+0000] {processor.py:840} INFO - DAG(s) 'weather_pipeline' retrieved from /opt/airflow/dags/weather_pipeline_dag.py
[2025-01-14T00:12:02.539+0000] {logging_mixin.py:188} INFO - [2025-01-14T00:12:02.539+0000] {dag.py:3036} INFO - Sync 1 DAGs
[2025-01-14T00:12:02.552+0000] {logging_mixin.py:188} INFO - [2025-01-14T00:12:02.552+0000] {dag.py:3823} INFO - Setting next_dagrun for weather_pipeline to 2025-01-14 00:00:00+00:00, run_after=2025-01-15 00:00:00+00:00
[2025-01-14T00:12:02.564+0000] {processor.py:183} INFO - Processing /opt/airflow/dags/weather_pipeline_dag.py took 0.297 seconds
[2025-01-14T00:12:33.488+0000] {processor.py:161} INFO - Started process (PID=754) to work on /opt/airflow/dags/weather_pipeline_dag.py
[2025-01-14T00:12:33.489+0000] {processor.py:830} INFO - Processing file /opt/airflow/dags/weather_pipeline_dag.py for tasks to queue
[2025-01-14T00:12:33.490+0000] {logging_mixin.py:188} INFO - [2025-01-14T00:12:33.490+0000] {dagbag.py:538} INFO - Filling up the DagBag from /opt/airflow/dags/weather_pipeline_dag.py
[2025-01-14T00:12:33.755+0000] {processor.py:840} INFO - DAG(s) 'weather_pipeline' retrieved from /opt/airflow/dags/weather_pipeline_dag.py
[2025-01-14T00:12:33.765+0000] {logging_mixin.py:188} INFO - [2025-01-14T00:12:33.765+0000] {dag.py:3036} INFO - Sync 1 DAGs
[2025-01-14T00:12:33.778+0000] {logging_mixin.py:188} INFO - [2025-01-14T00:12:33.778+0000] {dag.py:3823} INFO - Setting next_dagrun for weather_pipeline to 2025-01-14 00:00:00+00:00, run_after=2025-01-15 00:00:00+00:00
[2025-01-14T00:12:33.790+0000] {processor.py:183} INFO - Processing /opt/airflow/dags/weather_pipeline_dag.py took 0.303 seconds
[2025-01-14T00:13:04.587+0000] {processor.py:161} INFO - Started process (PID=813) to work on /opt/airflow/dags/weather_pipeline_dag.py
[2025-01-14T00:13:04.588+0000] {processor.py:830} INFO - Processing file /opt/airflow/dags/weather_pipeline_dag.py for tasks to queue
[2025-01-14T00:13:04.589+0000] {logging_mixin.py:188} INFO - [2025-01-14T00:13:04.589+0000] {dagbag.py:538} INFO - Filling up the DagBag from /opt/airflow/dags/weather_pipeline_dag.py
[2025-01-14T00:13:04.860+0000] {processor.py:840} INFO - DAG(s) 'weather_pipeline' retrieved from /opt/airflow/dags/weather_pipeline_dag.py
[2025-01-14T00:13:04.872+0000] {logging_mixin.py:188} INFO - [2025-01-14T00:13:04.872+0000] {dag.py:3036} INFO - Sync 1 DAGs
[2025-01-14T00:13:04.886+0000] {logging_mixin.py:188} INFO - [2025-01-14T00:13:04.886+0000] {dag.py:3823} INFO - Setting next_dagrun for weather_pipeline to 2025-01-14 00:00:00+00:00, run_after=2025-01-15 00:00:00+00:00
[2025-01-14T00:13:04.898+0000] {processor.py:183} INFO - Processing /opt/airflow/dags/weather_pipeline_dag.py took 0.313 seconds
[2025-01-14T00:13:35.662+0000] {processor.py:161} INFO - Started process (PID=872) to work on /opt/airflow/dags/weather_pipeline_dag.py
[2025-01-14T00:13:35.662+0000] {processor.py:830} INFO - Processing file /opt/airflow/dags/weather_pipeline_dag.py for tasks to queue
[2025-01-14T00:13:35.663+0000] {logging_mixin.py:188} INFO - [2025-01-14T00:13:35.663+0000] {dagbag.py:538} INFO - Filling up the DagBag from /opt/airflow/dags/weather_pipeline_dag.py
[2025-01-14T00:13:35.936+0000] {processor.py:840} INFO - DAG(s) 'weather_pipeline' retrieved from /opt/airflow/dags/weather_pipeline_dag.py
[2025-01-14T00:13:35.947+0000] {logging_mixin.py:188} INFO - [2025-01-14T00:13:35.947+0000] {dag.py:3036} INFO - Sync 1 DAGs
[2025-01-14T00:13:35.961+0000] {logging_mixin.py:188} INFO - [2025-01-14T00:13:35.961+0000] {dag.py:3823} INFO - Setting next_dagrun for weather_pipeline to 2025-01-14 00:00:00+00:00, run_after=2025-01-15 00:00:00+00:00
[2025-01-14T00:13:35.974+0000] {processor.py:183} INFO - Processing /opt/airflow/dags/weather_pipeline_dag.py took 0.314 seconds
[2025-01-14T00:14:06.005+0000] {processor.py:161} INFO - Started process (PID=931) to work on /opt/airflow/dags/weather_pipeline_dag.py
[2025-01-14T00:14:06.006+0000] {processor.py:830} INFO - Processing file /opt/airflow/dags/weather_pipeline_dag.py for tasks to queue
[2025-01-14T00:14:06.007+0000] {logging_mixin.py:188} INFO - [2025-01-14T00:14:06.007+0000] {dagbag.py:538} INFO - Filling up the DagBag from /opt/airflow/dags/weather_pipeline_dag.py
[2025-01-14T00:14:06.280+0000] {processor.py:840} INFO - DAG(s) 'weather_pipeline' retrieved from /opt/airflow/dags/weather_pipeline_dag.py
[2025-01-14T00:14:06.291+0000] {logging_mixin.py:188} INFO - [2025-01-14T00:14:06.291+0000] {dag.py:3036} INFO - Sync 1 DAGs
[2025-01-14T00:14:06.305+0000] {logging_mixin.py:188} INFO - [2025-01-14T00:14:06.305+0000] {dag.py:3823} INFO - Setting next_dagrun for weather_pipeline to 2025-01-14 00:00:00+00:00, run_after=2025-01-15 00:00:00+00:00
[2025-01-14T00:14:06.318+0000] {processor.py:183} INFO - Processing /opt/airflow/dags/weather_pipeline_dag.py took 0.314 seconds
[2025-01-14T00:14:37.303+0000] {processor.py:161} INFO - Started process (PID=990) to work on /opt/airflow/dags/weather_pipeline_dag.py
[2025-01-14T00:14:37.303+0000] {processor.py:830} INFO - Processing file /opt/airflow/dags/weather_pipeline_dag.py for tasks to queue
[2025-01-14T00:14:37.304+0000] {logging_mixin.py:188} INFO - [2025-01-14T00:14:37.304+0000] {dagbag.py:538} INFO - Filling up the DagBag from /opt/airflow/dags/weather_pipeline_dag.py
[2025-01-14T00:14:37.570+0000] {processor.py:840} INFO - DAG(s) 'weather_pipeline' retrieved from /opt/airflow/dags/weather_pipeline_dag.py
[2025-01-14T00:14:37.582+0000] {logging_mixin.py:188} INFO - [2025-01-14T00:14:37.581+0000] {dag.py:3036} INFO - Sync 1 DAGs
[2025-01-14T00:14:37.595+0000] {logging_mixin.py:188} INFO - [2025-01-14T00:14:37.595+0000] {dag.py:3823} INFO - Setting next_dagrun for weather_pipeline to 2025-01-14 00:00:00+00:00, run_after=2025-01-15 00:00:00+00:00
[2025-01-14T00:14:37.606+0000] {processor.py:183} INFO - Processing /opt/airflow/dags/weather_pipeline_dag.py took 0.305 seconds
[2025-01-14T00:15:08.493+0000] {processor.py:161} INFO - Started process (PID=1049) to work on /opt/airflow/dags/weather_pipeline_dag.py
[2025-01-14T00:15:08.493+0000] {processor.py:830} INFO - Processing file /opt/airflow/dags/weather_pipeline_dag.py for tasks to queue
[2025-01-14T00:15:08.495+0000] {logging_mixin.py:188} INFO - [2025-01-14T00:15:08.494+0000] {dagbag.py:538} INFO - Filling up the DagBag from /opt/airflow/dags/weather_pipeline_dag.py
[2025-01-14T00:15:08.803+0000] {processor.py:840} INFO - DAG(s) 'weather_pipeline' retrieved from /opt/airflow/dags/weather_pipeline_dag.py
[2025-01-14T00:15:08.814+0000] {logging_mixin.py:188} INFO - [2025-01-14T00:15:08.814+0000] {dag.py:3036} INFO - Sync 1 DAGs
[2025-01-14T00:15:08.829+0000] {logging_mixin.py:188} INFO - [2025-01-14T00:15:08.828+0000] {dag.py:3823} INFO - Setting next_dagrun for weather_pipeline to 2025-01-14 00:00:00+00:00, run_after=2025-01-15 00:00:00+00:00
[2025-01-14T00:15:08.842+0000] {processor.py:183} INFO - Processing /opt/airflow/dags/weather_pipeline_dag.py took 0.351 seconds
[2025-01-14T00:15:39.759+0000] {processor.py:161} INFO - Started process (PID=1108) to work on /opt/airflow/dags/weather_pipeline_dag.py
[2025-01-14T00:15:39.760+0000] {processor.py:830} INFO - Processing file /opt/airflow/dags/weather_pipeline_dag.py for tasks to queue
[2025-01-14T00:15:39.761+0000] {logging_mixin.py:188} INFO - [2025-01-14T00:15:39.761+0000] {dagbag.py:538} INFO - Filling up the DagBag from /opt/airflow/dags/weather_pipeline_dag.py
[2025-01-14T00:15:40.019+0000] {processor.py:840} INFO - DAG(s) 'weather_pipeline' retrieved from /opt/airflow/dags/weather_pipeline_dag.py
[2025-01-14T00:15:40.029+0000] {logging_mixin.py:188} INFO - [2025-01-14T00:15:40.029+0000] {dag.py:3036} INFO - Sync 1 DAGs
[2025-01-14T00:15:40.041+0000] {logging_mixin.py:188} INFO - [2025-01-14T00:15:40.041+0000] {dag.py:3823} INFO - Setting next_dagrun for weather_pipeline to 2025-01-14 00:00:00+00:00, run_after=2025-01-15 00:00:00+00:00
[2025-01-14T00:15:40.052+0000] {processor.py:183} INFO - Processing /opt/airflow/dags/weather_pipeline_dag.py took 0.296 seconds
[2025-01-14T00:16:11.009+0000] {processor.py:161} INFO - Started process (PID=1167) to work on /opt/airflow/dags/weather_pipeline_dag.py
[2025-01-14T00:16:11.009+0000] {processor.py:830} INFO - Processing file /opt/airflow/dags/weather_pipeline_dag.py for tasks to queue
[2025-01-14T00:16:11.011+0000] {logging_mixin.py:188} INFO - [2025-01-14T00:16:11.010+0000] {dagbag.py:538} INFO - Filling up the DagBag from /opt/airflow/dags/weather_pipeline_dag.py
[2025-01-14T00:16:11.333+0000] {processor.py:840} INFO - DAG(s) 'weather_pipeline' retrieved from /opt/airflow/dags/weather_pipeline_dag.py
[2025-01-14T00:16:11.344+0000] {logging_mixin.py:188} INFO - [2025-01-14T00:16:11.344+0000] {dag.py:3036} INFO - Sync 1 DAGs
[2025-01-14T00:16:11.359+0000] {logging_mixin.py:188} INFO - [2025-01-14T00:16:11.358+0000] {dag.py:3823} INFO - Setting next_dagrun for weather_pipeline to 2025-01-14 00:00:00+00:00, run_after=2025-01-15 00:00:00+00:00
[2025-01-14T00:16:11.372+0000] {processor.py:183} INFO - Processing /opt/airflow/dags/weather_pipeline_dag.py took 0.366 seconds
[2025-01-14T00:16:42.222+0000] {processor.py:161} INFO - Started process (PID=1226) to work on /opt/airflow/dags/weather_pipeline_dag.py
[2025-01-14T00:16:42.222+0000] {processor.py:830} INFO - Processing file /opt/airflow/dags/weather_pipeline_dag.py for tasks to queue
[2025-01-14T00:16:42.223+0000] {logging_mixin.py:188} INFO - [2025-01-14T00:16:42.223+0000] {dagbag.py:538} INFO - Filling up the DagBag from /opt/airflow/dags/weather_pipeline_dag.py
[2025-01-14T00:16:42.477+0000] {processor.py:840} INFO - DAG(s) 'weather_pipeline' retrieved from /opt/airflow/dags/weather_pipeline_dag.py
[2025-01-14T00:16:42.487+0000] {logging_mixin.py:188} INFO - [2025-01-14T00:16:42.487+0000] {dag.py:3036} INFO - Sync 1 DAGs
[2025-01-14T00:16:42.499+0000] {logging_mixin.py:188} INFO - [2025-01-14T00:16:42.499+0000] {dag.py:3823} INFO - Setting next_dagrun for weather_pipeline to 2025-01-14 00:00:00+00:00, run_after=2025-01-15 00:00:00+00:00
[2025-01-14T00:16:42.510+0000] {processor.py:183} INFO - Processing /opt/airflow/dags/weather_pipeline_dag.py took 0.291 seconds
[2025-01-14T00:17:13.394+0000] {processor.py:161} INFO - Started process (PID=1291) to work on /opt/airflow/dags/weather_pipeline_dag.py
[2025-01-14T00:17:13.394+0000] {processor.py:830} INFO - Processing file /opt/airflow/dags/weather_pipeline_dag.py for tasks to queue
[2025-01-14T00:17:13.395+0000] {logging_mixin.py:188} INFO - [2025-01-14T00:17:13.395+0000] {dagbag.py:538} INFO - Filling up the DagBag from /opt/airflow/dags/weather_pipeline_dag.py
[2025-01-14T00:17:13.673+0000] {processor.py:840} INFO - DAG(s) 'weather_pipeline' retrieved from /opt/airflow/dags/weather_pipeline_dag.py
[2025-01-14T00:17:13.683+0000] {logging_mixin.py:188} INFO - [2025-01-14T00:17:13.682+0000] {dag.py:3036} INFO - Sync 1 DAGs
[2025-01-14T00:17:13.695+0000] {logging_mixin.py:188} INFO - [2025-01-14T00:17:13.695+0000] {dag.py:3823} INFO - Setting next_dagrun for weather_pipeline to 2025-01-14 00:00:00+00:00, run_after=2025-01-15 00:00:00+00:00
[2025-01-14T00:17:13.706+0000] {processor.py:183} INFO - Processing /opt/airflow/dags/weather_pipeline_dag.py took 0.315 seconds
[2025-01-14T00:17:44.525+0000] {processor.py:161} INFO - Started process (PID=1350) to work on /opt/airflow/dags/weather_pipeline_dag.py
[2025-01-14T00:17:44.525+0000] {processor.py:830} INFO - Processing file /opt/airflow/dags/weather_pipeline_dag.py for tasks to queue
[2025-01-14T00:17:44.526+0000] {logging_mixin.py:188} INFO - [2025-01-14T00:17:44.526+0000] {dagbag.py:538} INFO - Filling up the DagBag from /opt/airflow/dags/weather_pipeline_dag.py
[2025-01-14T00:17:44.800+0000] {processor.py:840} INFO - DAG(s) 'weather_pipeline' retrieved from /opt/airflow/dags/weather_pipeline_dag.py
[2025-01-14T00:17:44.810+0000] {logging_mixin.py:188} INFO - [2025-01-14T00:17:44.810+0000] {dag.py:3036} INFO - Sync 1 DAGs
[2025-01-14T00:17:44.823+0000] {logging_mixin.py:188} INFO - [2025-01-14T00:17:44.823+0000] {dag.py:3823} INFO - Setting next_dagrun for weather_pipeline to 2025-01-14 00:00:00+00:00, run_after=2025-01-15 00:00:00+00:00
[2025-01-14T00:17:44.834+0000] {processor.py:183} INFO - Processing /opt/airflow/dags/weather_pipeline_dag.py took 0.311 seconds
[2025-01-14T00:18:15.149+0000] {processor.py:161} INFO - Started process (PID=1410) to work on /opt/airflow/dags/weather_pipeline_dag.py
[2025-01-14T00:18:15.150+0000] {processor.py:830} INFO - Processing file /opt/airflow/dags/weather_pipeline_dag.py for tasks to queue
[2025-01-14T00:18:15.151+0000] {logging_mixin.py:188} INFO - [2025-01-14T00:18:15.151+0000] {dagbag.py:538} INFO - Filling up the DagBag from /opt/airflow/dags/weather_pipeline_dag.py
[2025-01-14T00:18:15.425+0000] {processor.py:840} INFO - DAG(s) 'weather_pipeline' retrieved from /opt/airflow/dags/weather_pipeline_dag.py
[2025-01-14T00:18:15.436+0000] {logging_mixin.py:188} INFO - [2025-01-14T00:18:15.436+0000] {dag.py:3036} INFO - Sync 1 DAGs
[2025-01-14T00:18:15.449+0000] {logging_mixin.py:188} INFO - [2025-01-14T00:18:15.449+0000] {dag.py:3823} INFO - Setting next_dagrun for weather_pipeline to 2025-01-14 00:00:00+00:00, run_after=2025-01-15 00:00:00+00:00
[2025-01-14T00:18:15.460+0000] {processor.py:183} INFO - Processing /opt/airflow/dags/weather_pipeline_dag.py took 0.313 seconds
[2025-01-14T00:18:46.104+0000] {processor.py:161} INFO - Started process (PID=1468) to work on /opt/airflow/dags/weather_pipeline_dag.py
[2025-01-14T00:18:46.104+0000] {processor.py:830} INFO - Processing file /opt/airflow/dags/weather_pipeline_dag.py for tasks to queue
[2025-01-14T00:18:46.105+0000] {logging_mixin.py:188} INFO - [2025-01-14T00:18:46.105+0000] {dagbag.py:538} INFO - Filling up the DagBag from /opt/airflow/dags/weather_pipeline_dag.py
[2025-01-14T00:18:46.376+0000] {processor.py:840} INFO - DAG(s) 'weather_pipeline' retrieved from /opt/airflow/dags/weather_pipeline_dag.py
[2025-01-14T00:18:46.386+0000] {logging_mixin.py:188} INFO - [2025-01-14T00:18:46.386+0000] {dag.py:3036} INFO - Sync 1 DAGs
[2025-01-14T00:18:46.399+0000] {logging_mixin.py:188} INFO - [2025-01-14T00:18:46.399+0000] {dag.py:3823} INFO - Setting next_dagrun for weather_pipeline to 2025-01-14 00:00:00+00:00, run_after=2025-01-15 00:00:00+00:00
[2025-01-14T00:18:46.410+0000] {processor.py:183} INFO - Processing /opt/airflow/dags/weather_pipeline_dag.py took 0.308 seconds
[2025-01-14T00:19:17.306+0000] {processor.py:161} INFO - Started process (PID=1527) to work on /opt/airflow/dags/weather_pipeline_dag.py
[2025-01-14T00:19:17.307+0000] {processor.py:830} INFO - Processing file /opt/airflow/dags/weather_pipeline_dag.py for tasks to queue
[2025-01-14T00:19:17.308+0000] {logging_mixin.py:188} INFO - [2025-01-14T00:19:17.308+0000] {dagbag.py:538} INFO - Filling up the DagBag from /opt/airflow/dags/weather_pipeline_dag.py
[2025-01-14T00:19:17.569+0000] {processor.py:840} INFO - DAG(s) 'weather_pipeline' retrieved from /opt/airflow/dags/weather_pipeline_dag.py
[2025-01-14T00:19:17.579+0000] {logging_mixin.py:188} INFO - [2025-01-14T00:19:17.579+0000] {dag.py:3036} INFO - Sync 1 DAGs
[2025-01-14T00:19:17.592+0000] {logging_mixin.py:188} INFO - [2025-01-14T00:19:17.592+0000] {dag.py:3823} INFO - Setting next_dagrun for weather_pipeline to 2025-01-14 00:00:00+00:00, run_after=2025-01-15 00:00:00+00:00
[2025-01-14T00:19:17.604+0000] {processor.py:183} INFO - Processing /opt/airflow/dags/weather_pipeline_dag.py took 0.300 seconds
[2025-01-14T00:19:48.511+0000] {processor.py:161} INFO - Started process (PID=1586) to work on /opt/airflow/dags/weather_pipeline_dag.py
[2025-01-14T00:19:48.511+0000] {processor.py:830} INFO - Processing file /opt/airflow/dags/weather_pipeline_dag.py for tasks to queue
[2025-01-14T00:19:48.513+0000] {logging_mixin.py:188} INFO - [2025-01-14T00:19:48.512+0000] {dagbag.py:538} INFO - Filling up the DagBag from /opt/airflow/dags/weather_pipeline_dag.py
[2025-01-14T00:19:48.824+0000] {processor.py:840} INFO - DAG(s) 'weather_pipeline' retrieved from /opt/airflow/dags/weather_pipeline_dag.py
[2025-01-14T00:19:48.838+0000] {logging_mixin.py:188} INFO - [2025-01-14T00:19:48.837+0000] {dag.py:3036} INFO - Sync 1 DAGs
[2025-01-14T00:19:48.858+0000] {logging_mixin.py:188} INFO - [2025-01-14T00:19:48.857+0000] {dag.py:3823} INFO - Setting next_dagrun for weather_pipeline to 2025-01-14 00:00:00+00:00, run_after=2025-01-15 00:00:00+00:00
[2025-01-14T00:19:48.872+0000] {processor.py:183} INFO - Processing /opt/airflow/dags/weather_pipeline_dag.py took 0.363 seconds
[2025-01-14T00:20:19.804+0000] {processor.py:161} INFO - Started process (PID=1645) to work on /opt/airflow/dags/weather_pipeline_dag.py
[2025-01-14T00:20:19.805+0000] {processor.py:830} INFO - Processing file /opt/airflow/dags/weather_pipeline_dag.py for tasks to queue
[2025-01-14T00:20:19.806+0000] {logging_mixin.py:188} INFO - [2025-01-14T00:20:19.806+0000] {dagbag.py:538} INFO - Filling up the DagBag from /opt/airflow/dags/weather_pipeline_dag.py
[2025-01-14T00:20:20.242+0000] {processor.py:840} INFO - DAG(s) 'weather_pipeline' retrieved from /opt/airflow/dags/weather_pipeline_dag.py
[2025-01-14T00:20:20.255+0000] {logging_mixin.py:188} INFO - [2025-01-14T00:20:20.255+0000] {dag.py:3036} INFO - Sync 1 DAGs
[2025-01-14T00:20:20.276+0000] {logging_mixin.py:188} INFO - [2025-01-14T00:20:20.276+0000] {dag.py:3823} INFO - Setting next_dagrun for weather_pipeline to 2025-01-14 00:00:00+00:00, run_after=2025-01-15 00:00:00+00:00
[2025-01-14T00:20:20.294+0000] {processor.py:183} INFO - Processing /opt/airflow/dags/weather_pipeline_dag.py took 0.492 seconds
[2025-01-14T00:20:50.512+0000] {processor.py:161} INFO - Started process (PID=1704) to work on /opt/airflow/dags/weather_pipeline_dag.py
[2025-01-14T00:20:50.513+0000] {processor.py:830} INFO - Processing file /opt/airflow/dags/weather_pipeline_dag.py for tasks to queue
[2025-01-14T00:20:50.514+0000] {logging_mixin.py:188} INFO - [2025-01-14T00:20:50.514+0000] {dagbag.py:538} INFO - Filling up the DagBag from /opt/airflow/dags/weather_pipeline_dag.py
[2025-01-14T00:20:50.785+0000] {processor.py:840} INFO - DAG(s) 'weather_pipeline' retrieved from /opt/airflow/dags/weather_pipeline_dag.py
[2025-01-14T00:20:50.796+0000] {logging_mixin.py:188} INFO - [2025-01-14T00:20:50.796+0000] {dag.py:3036} INFO - Sync 1 DAGs
[2025-01-14T00:20:50.811+0000] {logging_mixin.py:188} INFO - [2025-01-14T00:20:50.811+0000] {dag.py:3823} INFO - Setting next_dagrun for weather_pipeline to 2025-01-14 00:00:00+00:00, run_after=2025-01-15 00:00:00+00:00
[2025-01-14T00:20:50.823+0000] {processor.py:183} INFO - Processing /opt/airflow/dags/weather_pipeline_dag.py took 0.313 seconds
[2025-01-14T00:21:21.621+0000] {processor.py:161} INFO - Started process (PID=1763) to work on /opt/airflow/dags/weather_pipeline_dag.py
[2025-01-14T00:21:21.622+0000] {processor.py:830} INFO - Processing file /opt/airflow/dags/weather_pipeline_dag.py for tasks to queue
[2025-01-14T00:21:21.623+0000] {logging_mixin.py:188} INFO - [2025-01-14T00:21:21.622+0000] {dagbag.py:538} INFO - Filling up the DagBag from /opt/airflow/dags/weather_pipeline_dag.py
[2025-01-14T00:21:21.883+0000] {processor.py:840} INFO - DAG(s) 'weather_pipeline' retrieved from /opt/airflow/dags/weather_pipeline_dag.py
[2025-01-14T00:21:21.893+0000] {logging_mixin.py:188} INFO - [2025-01-14T00:21:21.893+0000] {dag.py:3036} INFO - Sync 1 DAGs
[2025-01-14T00:21:21.906+0000] {logging_mixin.py:188} INFO - [2025-01-14T00:21:21.906+0000] {dag.py:3823} INFO - Setting next_dagrun for weather_pipeline to 2025-01-14 00:00:00+00:00, run_after=2025-01-15 00:00:00+00:00
[2025-01-14T00:21:21.918+0000] {processor.py:183} INFO - Processing /opt/airflow/dags/weather_pipeline_dag.py took 0.299 seconds
[2025-01-14T00:21:52.821+0000] {processor.py:161} INFO - Started process (PID=1822) to work on /opt/airflow/dags/weather_pipeline_dag.py
[2025-01-14T00:21:52.822+0000] {processor.py:830} INFO - Processing file /opt/airflow/dags/weather_pipeline_dag.py for tasks to queue
[2025-01-14T00:21:52.823+0000] {logging_mixin.py:188} INFO - [2025-01-14T00:21:52.823+0000] {dagbag.py:538} INFO - Filling up the DagBag from /opt/airflow/dags/weather_pipeline_dag.py
[2025-01-14T00:21:53.112+0000] {processor.py:840} INFO - DAG(s) 'weather_pipeline' retrieved from /opt/airflow/dags/weather_pipeline_dag.py
[2025-01-14T00:21:53.123+0000] {logging_mixin.py:188} INFO - [2025-01-14T00:21:53.122+0000] {dag.py:3036} INFO - Sync 1 DAGs
[2025-01-14T00:21:53.138+0000] {logging_mixin.py:188} INFO - [2025-01-14T00:21:53.138+0000] {dag.py:3823} INFO - Setting next_dagrun for weather_pipeline to 2025-01-14 00:00:00+00:00, run_after=2025-01-15 00:00:00+00:00
[2025-01-14T00:21:53.156+0000] {processor.py:183} INFO - Processing /opt/airflow/dags/weather_pipeline_dag.py took 0.336 seconds
[2025-01-14T00:22:23.995+0000] {processor.py:161} INFO - Started process (PID=1881) to work on /opt/airflow/dags/weather_pipeline_dag.py
[2025-01-14T00:22:23.996+0000] {processor.py:830} INFO - Processing file /opt/airflow/dags/weather_pipeline_dag.py for tasks to queue
[2025-01-14T00:22:23.997+0000] {logging_mixin.py:188} INFO - [2025-01-14T00:22:23.997+0000] {dagbag.py:538} INFO - Filling up the DagBag from /opt/airflow/dags/weather_pipeline_dag.py
[2025-01-14T00:22:24.297+0000] {processor.py:840} INFO - DAG(s) 'weather_pipeline' retrieved from /opt/airflow/dags/weather_pipeline_dag.py
[2025-01-14T00:22:24.312+0000] {logging_mixin.py:188} INFO - [2025-01-14T00:22:24.312+0000] {dag.py:3036} INFO - Sync 1 DAGs
[2025-01-14T00:22:24.331+0000] {logging_mixin.py:188} INFO - [2025-01-14T00:22:24.331+0000] {dag.py:3823} INFO - Setting next_dagrun for weather_pipeline to 2025-01-14 00:00:00+00:00, run_after=2025-01-15 00:00:00+00:00
[2025-01-14T00:22:24.347+0000] {processor.py:183} INFO - Processing /opt/airflow/dags/weather_pipeline_dag.py took 0.355 seconds
[2025-01-14T00:22:55.182+0000] {processor.py:161} INFO - Started process (PID=1940) to work on /opt/airflow/dags/weather_pipeline_dag.py
[2025-01-14T00:22:55.182+0000] {processor.py:830} INFO - Processing file /opt/airflow/dags/weather_pipeline_dag.py for tasks to queue
[2025-01-14T00:22:55.183+0000] {logging_mixin.py:188} INFO - [2025-01-14T00:22:55.183+0000] {dagbag.py:538} INFO - Filling up the DagBag from /opt/airflow/dags/weather_pipeline_dag.py
[2025-01-14T00:22:55.450+0000] {processor.py:840} INFO - DAG(s) 'weather_pipeline' retrieved from /opt/airflow/dags/weather_pipeline_dag.py
[2025-01-14T00:22:55.459+0000] {logging_mixin.py:188} INFO - [2025-01-14T00:22:55.459+0000] {dag.py:3036} INFO - Sync 1 DAGs
[2025-01-14T00:22:55.471+0000] {logging_mixin.py:188} INFO - [2025-01-14T00:22:55.471+0000] {dag.py:3823} INFO - Setting next_dagrun for weather_pipeline to 2025-01-14 00:00:00+00:00, run_after=2025-01-15 00:00:00+00:00
[2025-01-14T00:22:55.482+0000] {processor.py:183} INFO - Processing /opt/airflow/dags/weather_pipeline_dag.py took 0.302 seconds
[2025-01-14T00:23:26.295+0000] {processor.py:161} INFO - Started process (PID=1999) to work on /opt/airflow/dags/weather_pipeline_dag.py
[2025-01-14T00:23:26.296+0000] {processor.py:830} INFO - Processing file /opt/airflow/dags/weather_pipeline_dag.py for tasks to queue
[2025-01-14T00:23:26.297+0000] {logging_mixin.py:188} INFO - [2025-01-14T00:23:26.297+0000] {dagbag.py:538} INFO - Filling up the DagBag from /opt/airflow/dags/weather_pipeline_dag.py
[2025-01-14T00:23:26.592+0000] {processor.py:840} INFO - DAG(s) 'weather_pipeline' retrieved from /opt/airflow/dags/weather_pipeline_dag.py
[2025-01-14T00:23:26.602+0000] {logging_mixin.py:188} INFO - [2025-01-14T00:23:26.601+0000] {dag.py:3036} INFO - Sync 1 DAGs
[2025-01-14T00:23:26.614+0000] {logging_mixin.py:188} INFO - [2025-01-14T00:23:26.614+0000] {dag.py:3823} INFO - Setting next_dagrun for weather_pipeline to 2025-01-14 00:00:00+00:00, run_after=2025-01-15 00:00:00+00:00
[2025-01-14T00:23:26.626+0000] {processor.py:183} INFO - Processing /opt/airflow/dags/weather_pipeline_dag.py took 0.332 seconds
[2025-01-14T00:23:57.523+0000] {processor.py:161} INFO - Started process (PID=2058) to work on /opt/airflow/dags/weather_pipeline_dag.py
[2025-01-14T00:23:57.524+0000] {processor.py:830} INFO - Processing file /opt/airflow/dags/weather_pipeline_dag.py for tasks to queue
[2025-01-14T00:23:57.525+0000] {logging_mixin.py:188} INFO - [2025-01-14T00:23:57.525+0000] {dagbag.py:538} INFO - Filling up the DagBag from /opt/airflow/dags/weather_pipeline_dag.py
[2025-01-14T00:23:57.821+0000] {processor.py:840} INFO - DAG(s) 'weather_pipeline' retrieved from /opt/airflow/dags/weather_pipeline_dag.py
[2025-01-14T00:23:57.831+0000] {logging_mixin.py:188} INFO - [2025-01-14T00:23:57.831+0000] {dag.py:3036} INFO - Sync 1 DAGs
[2025-01-14T00:23:57.844+0000] {logging_mixin.py:188} INFO - [2025-01-14T00:23:57.844+0000] {dag.py:3823} INFO - Setting next_dagrun for weather_pipeline to 2025-01-14 00:00:00+00:00, run_after=2025-01-15 00:00:00+00:00
[2025-01-14T00:23:57.856+0000] {processor.py:183} INFO - Processing /opt/airflow/dags/weather_pipeline_dag.py took 0.335 seconds
[2025-01-14T00:24:28.595+0000] {processor.py:161} INFO - Started process (PID=2117) to work on /opt/airflow/dags/weather_pipeline_dag.py
[2025-01-14T00:24:28.596+0000] {processor.py:830} INFO - Processing file /opt/airflow/dags/weather_pipeline_dag.py for tasks to queue
[2025-01-14T00:24:28.597+0000] {logging_mixin.py:188} INFO - [2025-01-14T00:24:28.597+0000] {dagbag.py:538} INFO - Filling up the DagBag from /opt/airflow/dags/weather_pipeline_dag.py
[2025-01-14T00:24:28.867+0000] {processor.py:840} INFO - DAG(s) 'weather_pipeline' retrieved from /opt/airflow/dags/weather_pipeline_dag.py
[2025-01-14T00:24:28.877+0000] {logging_mixin.py:188} INFO - [2025-01-14T00:24:28.877+0000] {dag.py:3036} INFO - Sync 1 DAGs
[2025-01-14T00:24:28.890+0000] {logging_mixin.py:188} INFO - [2025-01-14T00:24:28.890+0000] {dag.py:3823} INFO - Setting next_dagrun for weather_pipeline to 2025-01-14 00:00:00+00:00, run_after=2025-01-15 00:00:00+00:00
[2025-01-14T00:24:28.901+0000] {processor.py:183} INFO - Processing /opt/airflow/dags/weather_pipeline_dag.py took 0.308 seconds
[2025-01-14T00:24:58.919+0000] {processor.py:161} INFO - Started process (PID=2176) to work on /opt/airflow/dags/weather_pipeline_dag.py
[2025-01-14T00:24:58.920+0000] {processor.py:830} INFO - Processing file /opt/airflow/dags/weather_pipeline_dag.py for tasks to queue
[2025-01-14T00:24:58.921+0000] {logging_mixin.py:188} INFO - [2025-01-14T00:24:58.921+0000] {dagbag.py:538} INFO - Filling up the DagBag from /opt/airflow/dags/weather_pipeline_dag.py
[2025-01-14T00:24:59.236+0000] {processor.py:840} INFO - DAG(s) 'weather_pipeline' retrieved from /opt/airflow/dags/weather_pipeline_dag.py
[2025-01-14T00:24:59.247+0000] {logging_mixin.py:188} INFO - [2025-01-14T00:24:59.246+0000] {dag.py:3036} INFO - Sync 1 DAGs
[2025-01-14T00:24:59.260+0000] {logging_mixin.py:188} INFO - [2025-01-14T00:24:59.260+0000] {dag.py:3823} INFO - Setting next_dagrun for weather_pipeline to 2025-01-14 00:00:00+00:00, run_after=2025-01-15 00:00:00+00:00
[2025-01-14T00:24:59.272+0000] {processor.py:183} INFO - Processing /opt/airflow/dags/weather_pipeline_dag.py took 0.355 seconds
[2025-01-14T00:25:30.023+0000] {processor.py:161} INFO - Started process (PID=2235) to work on /opt/airflow/dags/weather_pipeline_dag.py
[2025-01-14T00:25:30.024+0000] {processor.py:830} INFO - Processing file /opt/airflow/dags/weather_pipeline_dag.py for tasks to queue
[2025-01-14T00:25:30.025+0000] {logging_mixin.py:188} INFO - [2025-01-14T00:25:30.025+0000] {dagbag.py:538} INFO - Filling up the DagBag from /opt/airflow/dags/weather_pipeline_dag.py
[2025-01-14T00:25:30.285+0000] {processor.py:840} INFO - DAG(s) 'weather_pipeline' retrieved from /opt/airflow/dags/weather_pipeline_dag.py
[2025-01-14T00:25:30.296+0000] {logging_mixin.py:188} INFO - [2025-01-14T00:25:30.296+0000] {dag.py:3036} INFO - Sync 1 DAGs
[2025-01-14T00:25:30.309+0000] {logging_mixin.py:188} INFO - [2025-01-14T00:25:30.309+0000] {dag.py:3823} INFO - Setting next_dagrun for weather_pipeline to 2025-01-14 00:00:00+00:00, run_after=2025-01-15 00:00:00+00:00
[2025-01-14T00:25:30.321+0000] {processor.py:183} INFO - Processing /opt/airflow/dags/weather_pipeline_dag.py took 0.300 seconds
[2025-01-14T00:26:01.277+0000] {processor.py:161} INFO - Started process (PID=2294) to work on /opt/airflow/dags/weather_pipeline_dag.py
[2025-01-14T00:26:01.277+0000] {processor.py:830} INFO - Processing file /opt/airflow/dags/weather_pipeline_dag.py for tasks to queue
[2025-01-14T00:26:01.278+0000] {logging_mixin.py:188} INFO - [2025-01-14T00:26:01.278+0000] {dagbag.py:538} INFO - Filling up the DagBag from /opt/airflow/dags/weather_pipeline_dag.py
[2025-01-14T00:26:01.542+0000] {processor.py:840} INFO - DAG(s) 'weather_pipeline' retrieved from /opt/airflow/dags/weather_pipeline_dag.py
[2025-01-14T00:26:01.553+0000] {logging_mixin.py:188} INFO - [2025-01-14T00:26:01.553+0000] {dag.py:3036} INFO - Sync 1 DAGs
[2025-01-14T00:26:01.566+0000] {logging_mixin.py:188} INFO - [2025-01-14T00:26:01.566+0000] {dag.py:3823} INFO - Setting next_dagrun for weather_pipeline to 2025-01-14 00:00:00+00:00, run_after=2025-01-15 00:00:00+00:00
[2025-01-14T00:26:01.577+0000] {processor.py:183} INFO - Processing /opt/airflow/dags/weather_pipeline_dag.py took 0.304 seconds
[2025-01-14T00:26:31.801+0000] {processor.py:161} INFO - Started process (PID=2353) to work on /opt/airflow/dags/weather_pipeline_dag.py
[2025-01-14T00:26:31.802+0000] {processor.py:830} INFO - Processing file /opt/airflow/dags/weather_pipeline_dag.py for tasks to queue
[2025-01-14T00:26:31.803+0000] {logging_mixin.py:188} INFO - [2025-01-14T00:26:31.803+0000] {dagbag.py:538} INFO - Filling up the DagBag from /opt/airflow/dags/weather_pipeline_dag.py
[2025-01-14T00:26:32.092+0000] {processor.py:840} INFO - DAG(s) 'weather_pipeline' retrieved from /opt/airflow/dags/weather_pipeline_dag.py
[2025-01-14T00:26:32.102+0000] {logging_mixin.py:188} INFO - [2025-01-14T00:26:32.102+0000] {dag.py:3036} INFO - Sync 1 DAGs
[2025-01-14T00:26:32.117+0000] {logging_mixin.py:188} INFO - [2025-01-14T00:26:32.117+0000] {dag.py:3823} INFO - Setting next_dagrun for weather_pipeline to 2025-01-14 00:00:00+00:00, run_after=2025-01-15 00:00:00+00:00
[2025-01-14T00:26:32.130+0000] {processor.py:183} INFO - Processing /opt/airflow/dags/weather_pipeline_dag.py took 0.331 seconds
[2025-01-14T00:27:02.672+0000] {processor.py:161} INFO - Started process (PID=2412) to work on /opt/airflow/dags/weather_pipeline_dag.py
[2025-01-14T00:27:02.673+0000] {processor.py:830} INFO - Processing file /opt/airflow/dags/weather_pipeline_dag.py for tasks to queue
[2025-01-14T00:27:02.674+0000] {logging_mixin.py:188} INFO - [2025-01-14T00:27:02.674+0000] {dagbag.py:538} INFO - Filling up the DagBag from /opt/airflow/dags/weather_pipeline_dag.py
[2025-01-14T00:27:02.958+0000] {processor.py:840} INFO - DAG(s) 'weather_pipeline' retrieved from /opt/airflow/dags/weather_pipeline_dag.py
[2025-01-14T00:27:02.969+0000] {logging_mixin.py:188} INFO - [2025-01-14T00:27:02.968+0000] {dag.py:3036} INFO - Sync 1 DAGs
[2025-01-14T00:27:02.984+0000] {logging_mixin.py:188} INFO - [2025-01-14T00:27:02.984+0000] {dag.py:3823} INFO - Setting next_dagrun for weather_pipeline to 2025-01-14 00:00:00+00:00, run_after=2025-01-15 00:00:00+00:00
[2025-01-14T00:27:03.008+0000] {processor.py:183} INFO - Processing /opt/airflow/dags/weather_pipeline_dag.py took 0.339 seconds
[2025-01-14T00:27:33.486+0000] {processor.py:161} INFO - Started process (PID=2471) to work on /opt/airflow/dags/weather_pipeline_dag.py
[2025-01-14T00:27:33.487+0000] {processor.py:830} INFO - Processing file /opt/airflow/dags/weather_pipeline_dag.py for tasks to queue
[2025-01-14T00:27:33.488+0000] {logging_mixin.py:188} INFO - [2025-01-14T00:27:33.488+0000] {dagbag.py:538} INFO - Filling up the DagBag from /opt/airflow/dags/weather_pipeline_dag.py
[2025-01-14T00:27:33.761+0000] {processor.py:840} INFO - DAG(s) 'weather_pipeline' retrieved from /opt/airflow/dags/weather_pipeline_dag.py
[2025-01-14T00:27:33.771+0000] {logging_mixin.py:188} INFO - [2025-01-14T00:27:33.771+0000] {dag.py:3036} INFO - Sync 1 DAGs
[2025-01-14T00:27:33.788+0000] {logging_mixin.py:188} INFO - [2025-01-14T00:27:33.788+0000] {dag.py:3823} INFO - Setting next_dagrun for weather_pipeline to 2025-01-14 00:00:00+00:00, run_after=2025-01-15 00:00:00+00:00
[2025-01-14T00:27:33.802+0000] {processor.py:183} INFO - Processing /opt/airflow/dags/weather_pipeline_dag.py took 0.319 seconds
[2025-01-14T00:28:03.980+0000] {processor.py:161} INFO - Started process (PID=2530) to work on /opt/airflow/dags/weather_pipeline_dag.py
[2025-01-14T00:28:03.980+0000] {processor.py:830} INFO - Processing file /opt/airflow/dags/weather_pipeline_dag.py for tasks to queue
[2025-01-14T00:28:03.982+0000] {logging_mixin.py:188} INFO - [2025-01-14T00:28:03.982+0000] {dagbag.py:538} INFO - Filling up the DagBag from /opt/airflow/dags/weather_pipeline_dag.py
[2025-01-14T00:28:04.281+0000] {processor.py:840} INFO - DAG(s) 'weather_pipeline' retrieved from /opt/airflow/dags/weather_pipeline_dag.py
[2025-01-14T00:28:04.294+0000] {logging_mixin.py:188} INFO - [2025-01-14T00:28:04.294+0000] {dag.py:3036} INFO - Sync 1 DAGs
[2025-01-14T00:28:04.308+0000] {logging_mixin.py:188} INFO - [2025-01-14T00:28:04.307+0000] {dag.py:3823} INFO - Setting next_dagrun for weather_pipeline to 2025-01-14 00:00:00+00:00, run_after=2025-01-15 00:00:00+00:00
[2025-01-14T00:28:04.320+0000] {processor.py:183} INFO - Processing /opt/airflow/dags/weather_pipeline_dag.py took 0.342 seconds
[2025-01-14T00:28:34.420+0000] {processor.py:161} INFO - Started process (PID=2589) to work on /opt/airflow/dags/weather_pipeline_dag.py
[2025-01-14T00:28:34.421+0000] {processor.py:830} INFO - Processing file /opt/airflow/dags/weather_pipeline_dag.py for tasks to queue
[2025-01-14T00:28:34.422+0000] {logging_mixin.py:188} INFO - [2025-01-14T00:28:34.422+0000] {dagbag.py:538} INFO - Filling up the DagBag from /opt/airflow/dags/weather_pipeline_dag.py
[2025-01-14T00:28:34.717+0000] {processor.py:840} INFO - DAG(s) 'weather_pipeline' retrieved from /opt/airflow/dags/weather_pipeline_dag.py
[2025-01-14T00:28:34.732+0000] {logging_mixin.py:188} INFO - [2025-01-14T00:28:34.731+0000] {dag.py:3036} INFO - Sync 1 DAGs
[2025-01-14T00:28:34.750+0000] {logging_mixin.py:188} INFO - [2025-01-14T00:28:34.750+0000] {dag.py:3823} INFO - Setting next_dagrun for weather_pipeline to 2025-01-14 00:00:00+00:00, run_after=2025-01-15 00:00:00+00:00
[2025-01-14T00:28:34.767+0000] {processor.py:183} INFO - Processing /opt/airflow/dags/weather_pipeline_dag.py took 0.350 seconds
[2025-01-14T00:29:05.139+0000] {processor.py:161} INFO - Started process (PID=2649) to work on /opt/airflow/dags/weather_pipeline_dag.py
[2025-01-14T00:29:05.140+0000] {processor.py:830} INFO - Processing file /opt/airflow/dags/weather_pipeline_dag.py for tasks to queue
[2025-01-14T00:29:05.141+0000] {logging_mixin.py:188} INFO - [2025-01-14T00:29:05.141+0000] {dagbag.py:538} INFO - Filling up the DagBag from /opt/airflow/dags/weather_pipeline_dag.py
[2025-01-14T00:29:05.462+0000] {processor.py:840} INFO - DAG(s) 'weather_pipeline' retrieved from /opt/airflow/dags/weather_pipeline_dag.py
[2025-01-14T00:29:05.472+0000] {logging_mixin.py:188} INFO - [2025-01-14T00:29:05.472+0000] {dag.py:3036} INFO - Sync 1 DAGs
[2025-01-14T00:29:05.489+0000] {logging_mixin.py:188} INFO - [2025-01-14T00:29:05.488+0000] {dag.py:3823} INFO - Setting next_dagrun for weather_pipeline to 2025-01-14 00:00:00+00:00, run_after=2025-01-15 00:00:00+00:00
[2025-01-14T00:29:05.504+0000] {processor.py:183} INFO - Processing /opt/airflow/dags/weather_pipeline_dag.py took 0.367 seconds
[2025-01-14T00:29:36.403+0000] {processor.py:161} INFO - Started process (PID=2709) to work on /opt/airflow/dags/weather_pipeline_dag.py
[2025-01-14T00:29:36.403+0000] {processor.py:830} INFO - Processing file /opt/airflow/dags/weather_pipeline_dag.py for tasks to queue
[2025-01-14T00:29:36.405+0000] {logging_mixin.py:188} INFO - [2025-01-14T00:29:36.404+0000] {dagbag.py:538} INFO - Filling up the DagBag from /opt/airflow/dags/weather_pipeline_dag.py
[2025-01-14T00:29:36.611+0000] {processor.py:840} INFO - DAG(s) 'weather_pipeline' retrieved from /opt/airflow/dags/weather_pipeline_dag.py
[2025-01-14T00:29:36.627+0000] {logging_mixin.py:188} INFO - [2025-01-14T00:29:36.627+0000] {dag.py:3036} INFO - Sync 1 DAGs
[2025-01-14T00:29:36.645+0000] {logging_mixin.py:188} INFO - [2025-01-14T00:29:36.644+0000] {dag.py:3823} INFO - Setting next_dagrun for weather_pipeline to 2025-01-14 00:00:00+00:00, run_after=2025-01-15 00:00:00+00:00
[2025-01-14T00:29:36.660+0000] {processor.py:183} INFO - Processing /opt/airflow/dags/weather_pipeline_dag.py took 0.259 seconds
[2025-01-14T00:30:06.699+0000] {processor.py:161} INFO - Started process (PID=2768) to work on /opt/airflow/dags/weather_pipeline_dag.py
[2025-01-14T00:30:06.700+0000] {processor.py:830} INFO - Processing file /opt/airflow/dags/weather_pipeline_dag.py for tasks to queue
[2025-01-14T00:30:06.701+0000] {logging_mixin.py:188} INFO - [2025-01-14T00:30:06.701+0000] {dagbag.py:538} INFO - Filling up the DagBag from /opt/airflow/dags/weather_pipeline_dag.py
[2025-01-14T00:30:06.867+0000] {processor.py:840} INFO - DAG(s) 'weather_pipeline' retrieved from /opt/airflow/dags/weather_pipeline_dag.py
[2025-01-14T00:30:06.878+0000] {logging_mixin.py:188} INFO - [2025-01-14T00:30:06.878+0000] {dag.py:3036} INFO - Sync 1 DAGs
[2025-01-14T00:30:06.892+0000] {logging_mixin.py:188} INFO - [2025-01-14T00:30:06.892+0000] {dag.py:3823} INFO - Setting next_dagrun for weather_pipeline to 2025-01-14 00:00:00+00:00, run_after=2025-01-15 00:00:00+00:00
[2025-01-14T00:30:06.904+0000] {processor.py:183} INFO - Processing /opt/airflow/dags/weather_pipeline_dag.py took 0.206 seconds
[2025-01-14T00:30:37.486+0000] {processor.py:161} INFO - Started process (PID=2827) to work on /opt/airflow/dags/weather_pipeline_dag.py
[2025-01-14T00:30:37.486+0000] {processor.py:830} INFO - Processing file /opt/airflow/dags/weather_pipeline_dag.py for tasks to queue
[2025-01-14T00:30:37.488+0000] {logging_mixin.py:188} INFO - [2025-01-14T00:30:37.487+0000] {dagbag.py:538} INFO - Filling up the DagBag from /opt/airflow/dags/weather_pipeline_dag.py
[2025-01-14T00:30:37.660+0000] {processor.py:840} INFO - DAG(s) 'weather_pipeline' retrieved from /opt/airflow/dags/weather_pipeline_dag.py
[2025-01-14T00:30:37.672+0000] {logging_mixin.py:188} INFO - [2025-01-14T00:30:37.671+0000] {dag.py:3036} INFO - Sync 1 DAGs
[2025-01-14T00:30:37.686+0000] {logging_mixin.py:188} INFO - [2025-01-14T00:30:37.686+0000] {dag.py:3823} INFO - Setting next_dagrun for weather_pipeline to 2025-01-14 00:00:00+00:00, run_after=2025-01-15 00:00:00+00:00
[2025-01-14T00:30:37.698+0000] {processor.py:183} INFO - Processing /opt/airflow/dags/weather_pipeline_dag.py took 0.215 seconds
[2025-01-14T00:31:08.189+0000] {processor.py:161} INFO - Started process (PID=2886) to work on /opt/airflow/dags/weather_pipeline_dag.py
[2025-01-14T00:31:08.190+0000] {processor.py:830} INFO - Processing file /opt/airflow/dags/weather_pipeline_dag.py for tasks to queue
[2025-01-14T00:31:08.191+0000] {logging_mixin.py:188} INFO - [2025-01-14T00:31:08.191+0000] {dagbag.py:538} INFO - Filling up the DagBag from /opt/airflow/dags/weather_pipeline_dag.py
[2025-01-14T00:31:08.365+0000] {processor.py:840} INFO - DAG(s) 'weather_pipeline' retrieved from /opt/airflow/dags/weather_pipeline_dag.py
[2025-01-14T00:31:08.377+0000] {logging_mixin.py:188} INFO - [2025-01-14T00:31:08.377+0000] {dag.py:3036} INFO - Sync 1 DAGs
[2025-01-14T00:31:08.393+0000] {logging_mixin.py:188} INFO - [2025-01-14T00:31:08.393+0000] {dag.py:3823} INFO - Setting next_dagrun for weather_pipeline to 2025-01-14 00:00:00+00:00, run_after=2025-01-15 00:00:00+00:00
[2025-01-14T00:31:08.405+0000] {processor.py:183} INFO - Processing /opt/airflow/dags/weather_pipeline_dag.py took 0.219 seconds
[2025-01-14T00:31:39.047+0000] {processor.py:161} INFO - Started process (PID=2945) to work on /opt/airflow/dags/weather_pipeline_dag.py
[2025-01-14T00:31:39.048+0000] {processor.py:830} INFO - Processing file /opt/airflow/dags/weather_pipeline_dag.py for tasks to queue
[2025-01-14T00:31:39.049+0000] {logging_mixin.py:188} INFO - [2025-01-14T00:31:39.049+0000] {dagbag.py:538} INFO - Filling up the DagBag from /opt/airflow/dags/weather_pipeline_dag.py
[2025-01-14T00:31:39.211+0000] {processor.py:840} INFO - DAG(s) 'weather_pipeline' retrieved from /opt/airflow/dags/weather_pipeline_dag.py
[2025-01-14T00:31:39.223+0000] {logging_mixin.py:188} INFO - [2025-01-14T00:31:39.222+0000] {dag.py:3036} INFO - Sync 1 DAGs
[2025-01-14T00:31:39.236+0000] {logging_mixin.py:188} INFO - [2025-01-14T00:31:39.236+0000] {dag.py:3823} INFO - Setting next_dagrun for weather_pipeline to 2025-01-14 00:00:00+00:00, run_after=2025-01-15 00:00:00+00:00
[2025-01-14T00:31:39.249+0000] {processor.py:183} INFO - Processing /opt/airflow/dags/weather_pipeline_dag.py took 0.203 seconds
[2025-01-14T00:32:09.933+0000] {processor.py:161} INFO - Started process (PID=3004) to work on /opt/airflow/dags/weather_pipeline_dag.py
[2025-01-14T00:32:09.934+0000] {processor.py:830} INFO - Processing file /opt/airflow/dags/weather_pipeline_dag.py for tasks to queue
[2025-01-14T00:32:09.935+0000] {logging_mixin.py:188} INFO - [2025-01-14T00:32:09.935+0000] {dagbag.py:538} INFO - Filling up the DagBag from /opt/airflow/dags/weather_pipeline_dag.py
[2025-01-14T00:32:10.104+0000] {processor.py:840} INFO - DAG(s) 'weather_pipeline' retrieved from /opt/airflow/dags/weather_pipeline_dag.py
[2025-01-14T00:32:10.116+0000] {logging_mixin.py:188} INFO - [2025-01-14T00:32:10.116+0000] {dag.py:3036} INFO - Sync 1 DAGs
[2025-01-14T00:32:10.130+0000] {logging_mixin.py:188} INFO - [2025-01-14T00:32:10.130+0000] {dag.py:3823} INFO - Setting next_dagrun for weather_pipeline to 2025-01-14 00:00:00+00:00, run_after=2025-01-15 00:00:00+00:00
[2025-01-14T00:32:10.142+0000] {processor.py:183} INFO - Processing /opt/airflow/dags/weather_pipeline_dag.py took 0.211 seconds
[2025-01-14T00:32:40.226+0000] {processor.py:161} INFO - Started process (PID=3066) to work on /opt/airflow/dags/weather_pipeline_dag.py
[2025-01-14T00:32:40.226+0000] {processor.py:830} INFO - Processing file /opt/airflow/dags/weather_pipeline_dag.py for tasks to queue
[2025-01-14T00:32:40.227+0000] {logging_mixin.py:188} INFO - [2025-01-14T00:32:40.227+0000] {dagbag.py:538} INFO - Filling up the DagBag from /opt/airflow/dags/weather_pipeline_dag.py
[2025-01-14T00:32:40.391+0000] {processor.py:840} INFO - DAG(s) 'weather_pipeline' retrieved from /opt/airflow/dags/weather_pipeline_dag.py
[2025-01-14T00:32:40.403+0000] {logging_mixin.py:188} INFO - [2025-01-14T00:32:40.402+0000] {dag.py:3036} INFO - Sync 1 DAGs
[2025-01-14T00:32:40.416+0000] {logging_mixin.py:188} INFO - [2025-01-14T00:32:40.416+0000] {dag.py:3823} INFO - Setting next_dagrun for weather_pipeline to 2025-01-14 00:00:00+00:00, run_after=2025-01-15 00:00:00+00:00
[2025-01-14T00:32:40.429+0000] {processor.py:183} INFO - Processing /opt/airflow/dags/weather_pipeline_dag.py took 0.205 seconds
